--------------------------------------------------
JOB FRONT-END 3110223 on wux25
SLURM ENVIRONMENT
--------------------------------------------------
SLURM_JOB_ID                   = 3110223             
SLURM_ARRAY_JOB_ID             = N/A                 
SLURM_ARRAY_TASK_ID            = N/A                 
SLURM_JOB_NAME                 = bagel               
SLURM_JOB_PARTITION            = batch               
SLURM_JOB_NUM_NODES            = 1                   
SLURM_JOB_CPUS_PER_NODE        = 20                  
SLURM_NTASKS                   = 20                  
SLURM_NTASKS_PER_NODE          = N/A                 
--------------------------------------------------
--------------------------------------------------
PBS ENVIRONMENT
--------------------------------------------------
PBS_JOBID                      = 3110223             
PBS_ARRAYID                    = N/A                 
PBS_JOBNAME                    = bagel               
PBS_QUEUE                      = batch               
PBS_NUM_NODES                  = 1                   
PBS_NUM_PPN                    = 1                   
PBS_NP                         = 20                  
PBS_NODEFILE                   = /tmp/3110223/nodes  
--------------------------------------------------
  * process grid (5, 4) will be used
    wux25                           
    wux25                           
    wux25                           
    wux25                           
    wux25                           
    wux25                           
    wux25                           
    wux25                           
    wux25                           
    wux25                           
    wux25                           
    wux25                           
    wux25                           
    wux25                           
    wux25                           
    wux25                           
    wux25                           
    wux25                           
    wux25                           
    wux25                           

  * using 20 threads per process

  ===============================================================
    BAGEL - Freshly leavened quantum chemistry                   
  ===============================================================

  *** Geometry ***

  { "atom" : "C", "xyz" : [      4.503520,     -1.104739,      1.161505 ] },
  { "atom" : "C", "xyz" : [      4.258925,      1.600962,      1.500219 ] },
  { "atom" : "C", "xyz" : [      1.962939,      2.792382,      1.315884 ] },
  { "atom" : "N", "xyz" : [     -0.306216,      1.443005,      0.934993 ] },
  { "atom" : "B", "xyz" : [     -0.194109,     -1.372616,      0.002569 ] },
  { "atom" : "C", "xyz" : [      2.467678,     -2.553096,      0.417486 ] },
  { "atom" : "C", "xyz" : [     -2.568962,     -2.750605,     -0.879692 ] },
  { "atom" : "C", "xyz" : [     -4.845389,     -1.278433,     -1.141085 ] },
  { "atom" : "C", "xyz" : [     -4.405502,      1.300213,     -1.147434 ] },
  { "atom" : "C", "xyz" : [     -1.691968,      1.962715,     -1.201354 ] },
  { "atom" : "H", "xyz" : [      6.342886,     -1.971217,      1.549595 ] },
  { "atom" : "H", "xyz" : [      5.916579,      2.753903,      1.937137 ] },
  { "atom" : "H", "xyz" : [      1.757995,      4.842309,      1.487059 ] },
  { "atom" : "H", "xyz" : [      2.724007,     -4.603232,      0.260548 ] },
  { "atom" : "H", "xyz" : [     -2.555782,     -4.778029,     -1.338195 ] },
  { "atom" : "H", "xyz" : [     -6.740684,     -2.109495,     -1.210044 ] },
  { "atom" : "H", "xyz" : [     -5.832694,      2.780334,     -0.909678 ] },
  { "atom" : "H", "xyz" : [     -0.793224,      3.045639,     -2.739516 ] },

  Number of auxiliary basis functions:      884

  Since a DF basis is specified, we compute 2- and 3-index integrals:
    o Being stored without compression. Storage requirement is 0.079 GB
       - 3-index ints prep                         0.00
       - 3-index ints                              0.04
       - 2-index ints                              0.03
       - computing inverse                         0.44
        elapsed time:        0.51 sec.


  Number of basis functions:      106
  Number of electrons      :       68


    * METHOD: MOLECULE                             0.56

       - Overlap matrix                            0.00
       - Hcore matrix                              0.01
       - Overlap orthog                            0.01

  *** RHF ***

  === Nuclear Repulsion ===
  
   451.1564792963

      * DIIS with orbital gradients will be used.

       - SCF startup                               0.45

  === RHF iteration (/home/miaoxin/software/bagel-1.2.2/obj/share/3-21g.json) ===
  
               o Fock build                                  0.21
      0       -384.21523870          0.01330533           0.21
               o DIIS                                        0.00
               o Diag                                        0.01
               o Post process                                0.00
               o Fock build                                  0.16
      1       -384.38899428          0.00590422           0.18
               o DIIS                                        0.00
               o Diag                                        0.06
               o Post process                                0.00
               o Fock build                                  0.19
      2       -384.42157711          0.00185589           0.26
               o DIIS                                        0.00
               o Diag                                        0.01
               o Post process                                0.00
               o Fock build                                  0.16
      3       -384.42626698          0.00056289           0.17
               o DIIS                                        0.00
               o Diag                                        0.01
               o Post process                                0.00
               o Fock build                                  0.15
      4       -384.42671588          0.00018807           0.17
               o DIIS                                        0.00
               o Diag                                        0.01
               o Post process                                0.00
               o Fock build                                  0.17
      5       -384.42686362          0.00009426           0.18
               o DIIS                                        0.00
               o Diag                                        0.01
               o Post process                                0.00
               o Fock build                                  0.25
      6       -384.42689321          0.00005173           0.27
               o DIIS                                        0.00
               o Diag                                        0.01
               o Post process                                0.03
               o Fock build                                  0.31
      7       -384.42690665          0.00002867           0.35
               o DIIS                                        0.00
               o Diag                                        0.01
               o Post process                                0.00
               o Fock build                                  0.17
      8       -384.42691300          0.00001810           0.18
               o DIIS                                        0.00
               o Diag                                        0.01
               o Post process                                0.00
               o Fock build                                  0.20
      9       -384.42691663          0.00001483           0.22
               o DIIS                                        0.00
               o Diag                                        0.05
               o Post process                                0.00
               o Fock build                                  0.16
     10       -384.42692020          0.00001012           0.22
               o DIIS                                        0.00
               o Diag                                        0.01
               o Post process                                0.00
               o Fock build                                  0.21
     11       -384.42692230          0.00000670           0.23
               o DIIS                                        0.00
               o Diag                                        0.01
               o Post process                                0.00
               o Fock build                                  0.18
     12       -384.42692332          0.00000370           0.20
               o DIIS                                        0.00
               o Diag                                        0.01
               o Post process                                0.00
               o Fock build                                  0.20
     13       -384.42692360          0.00000258           0.21
               o DIIS                                        0.00
               o Diag                                        0.01
               o Post process                                0.00
               o Fock build                                  0.20
     14       -384.42692371          0.00000116           0.22
               o DIIS                                        0.00
               o Diag                                        0.01
               o Post process                                0.00
               o Fock build                                  0.25
     15       -384.42692372          0.00000048           0.26
               o DIIS                                        0.00
               o Diag                                        0.01
               o Post process                                0.03
               o Fock build                                  0.18
     16       -384.42692372          0.00000024           0.22
               o DIIS                                        0.00
               o Diag                                        0.01
               o Post process                                0.00
               o Fock build                                  0.21
     17       -384.42692372          0.00000013           0.22
               o DIIS                                        0.00
               o Diag                                        0.01
               o Post process                                0.00
               o Fock build                                  0.20
     18       -384.42692372          0.00000006           0.21
               o DIIS                                        0.00
               o Diag                                        0.01
               o Post process                                0.00
               o Fock build                                  0.26
     19       -384.42692372          0.00000003           0.27
               o DIIS                                        0.00
               o Diag                                        0.01
               o Post process                                0.00
               o Fock build                                  0.22
     20       -384.42692372          0.00000002           0.23
               o DIIS                                        0.00
               o Diag                                        0.01
               o Post process                                0.00
               o Fock build                                  0.20
     21       -384.42692372          0.00000001           0.21
  
    * SCF iteration converged.

    * Permanent dipole moment:
           (   -0.738935,    -1.249999,     0.314185) a.u.

  ---------------------------
      CASSCF calculation     
  ---------------------------

 
    ==== Active orbitals : ===== 
         Orbital 32
         Orbital 33
         Orbital 34
         Orbital 35
         Orbital 36
         Orbital 37
    ============================ 

    * nstate   :      4
    * nclosed  :     31
    * nact     :      6
    * nvirt    :     69
  === CASSCF iteration (/home/miaoxin/software/bagel-1.2.2/obj/share/3-21g.json) ===

    * Using the second-order algorithm

      0  0      -384.44783952     7.58e-03      0.42
      0  1      -384.41978483     0.00e+00      0.42
      0  2      -384.33295469     0.00e+00      0.42
      0  3      -384.27890283     0.00e+00      0.42

         res : 9.37e-02   lamb: 1.00e+00   eps : -4.07e-02   step: 4.09e-01    0.18
         res : 3.34e-02   lamb: 1.00e+00   eps : -4.50e-02   step: 4.60e-01    0.24
         res : 1.27e-02   lamb: 1.00e+00   eps : -4.53e-02   step: 4.46e-01    0.32
         res : 3.65e-03   lamb: 1.00e+00   eps : -4.53e-02   step: 4.40e-01    0.20
         res : 1.31e-03   lamb: 1.00e+00   eps : -4.53e-02   step: 4.40e-01    0.20
         res : 3.16e-04   lamb: 1.00e+00   eps : -4.53e-02   step: 4.40e-01    0.21
         res : 1.31e-04   lamb: 1.00e+00   eps : -4.53e-02   step: 4.40e-01    0.24
         res : 7.66e-05   lamb: 1.00e+00   eps : -4.53e-02   step: 4.40e-01    0.23
         res : 3.05e-05   lamb: 1.00e+00   eps : -4.53e-02   step: 4.40e-01    0.20

      1  0      -384.47211201     2.50e-03      3.06
      1  1      -384.44287332     0.00e+00      3.06
      1  2      -384.37308829     0.00e+00      3.06
      1  3      -384.34691353     0.00e+00      3.06

         res : 8.04e-02   lamb: 1.00e+00   eps : -2.13e-02   step: 3.79e-01    0.17
         res : 2.69e-02   lamb: 1.00e+00   eps : -2.36e-02   step: 4.41e-01    0.22
         res : 8.45e-03   lamb: 1.00e+00   eps : -2.38e-02   step: 4.39e-01    0.25
         res : 3.18e-03   lamb: 1.00e+00   eps : -2.39e-02   step: 4.39e-01    0.24
         res : 9.05e-04   lamb: 1.00e+00   eps : -2.39e-02   step: 4.40e-01    0.20
         res : 6.62e-04   lamb: 1.00e+00   eps : -2.39e-02   step: 4.40e-01    0.20
         res : 8.23e-04   lamb: 1.00e+00   eps : -2.39e-02   step: 4.40e-01    0.23
         res : 7.35e-04   lamb: 1.00e+00   eps : -2.39e-02   step: 4.40e-01    0.28
         res : 3.41e-04   lamb: 1.00e+00   eps : -2.39e-02   step: 4.40e-01    0.19
         res : 8.72e-05   lamb: 1.00e+00   eps : -2.39e-02   step: 4.40e-01    0.19
         res : 3.14e-05   lamb: 1.00e+00   eps : -2.39e-02   step: 4.40e-01    0.21

      2  0      -384.49598939     6.69e-04      3.30
      2  1      -384.44126203     0.00e+00      3.30
      2  2      -384.39547333     0.00e+00      3.30
      2  3      -384.36998928     0.00e+00      3.30

         res : 2.72e-02   lamb: 1.00e+00   eps : -1.61e-03   step: 8.23e-02    0.19
         res : 8.35e-03   lamb: 1.00e+00   eps : -1.81e-03   step: 9.77e-02    0.28
         res : 3.36e-03   lamb: 1.00e+00   eps : -1.84e-03   step: 9.79e-02    0.20
         res : 3.41e-03   lamb: 1.00e+00   eps : -1.85e-03   step: 9.83e-02    0.19
         res : 2.40e-02   lamb: 1.00e+00   eps : -1.93e-03   step: 1.61e-01    0.24
         res : 3.99e-03   lamb: 1.00e+00   eps : -1.81e-03   step: 1.09e-01    0.26
         res : 1.22e-03   lamb: 1.00e+00   eps : -1.82e-03   step: 1.06e-01    0.25
         res : 4.04e-04   lamb: 1.00e+00   eps : -1.82e-03   step: 1.06e-01    0.20
         res : 1.48e-04   lamb: 1.00e+00   eps : -1.82e-03   step: 1.06e-01    0.20
         res : 5.78e-05   lamb: 1.00e+00   eps : -1.82e-03   step: 1.06e-01    0.30
         res : 2.12e-05   lamb: 1.00e+00   eps : -1.82e-03   step: 1.06e-01    0.24
         res : 6.09e-06   lamb: 1.00e+00   eps : -1.82e-03   step: 1.06e-01    0.19

      3  0      -384.49946091     2.73e-04      3.71
      3  1      -384.43908258     0.00e+00      3.71
      3  2      -384.39857636     0.00e+00      3.71
      3  3      -384.37021877     0.00e+00      3.71

         res : 8.73e-03   lamb: 1.00e+00   eps : -1.36e-04   step: 1.96e-02    0.17
         res : 2.39e-03   lamb: 1.00e+00   eps : -1.57e-04   step: 2.58e-02    0.31
         res : 1.15e-03   lamb: 1.00e+00   eps : -1.59e-04   step: 2.58e-02    0.27
         res : 2.99e-04   lamb: 1.00e+00   eps : -1.60e-04   step: 2.57e-02    0.19
         res : 7.48e-04   lamb: 1.00e+00   eps : -1.60e-04   step: 2.59e-02    0.20
         res : 1.50e-03   lamb: 1.00e+00   eps : -1.59e-04   step: 2.74e-02    0.23
         res : 2.79e-04   lamb: 1.00e+00   eps : -1.59e-04   step: 2.64e-02    0.27
         res : 9.71e-05   lamb: 1.00e+00   eps : -1.59e-04   step: 2.63e-02    0.25
         res : 3.18e-05   lamb: 1.00e+00   eps : -1.59e-04   step: 2.63e-02    0.21
         res : 1.25e-05   lamb: 1.00e+00   eps : -1.59e-04   step: 2.63e-02    0.20
         res : 4.17e-06   lamb: 1.00e+00   eps : -1.59e-04   step: 2.63e-02    0.25
         res : 1.27e-06   lamb: 1.00e+00   eps : -1.59e-04   step: 2.63e-02    0.29

      4  0      -384.50002322     1.15e-04      3.58
      4  1      -384.43869272     0.00e+00      3.58
      4  2      -384.39908839     0.00e+00      3.58
      4  3      -384.36996841     0.00e+00      3.58

         res : 3.16e-03   lamb: 1.00e+00   eps : -1.80e-05   step: 6.38e-03    0.19
         res : 9.15e-04   lamb: 1.00e+00   eps : -2.11e-05   step: 9.05e-03    0.20
         res : 4.88e-04   lamb: 1.00e+00   eps : -2.14e-05   step: 9.18e-03    0.30
         res : 3.54e-04   lamb: 1.00e+00   eps : -2.15e-05   step: 9.24e-03    0.25
         res : 6.11e-03   lamb: 1.00e+00   eps : -1.86e-05   step: 3.34e-02    0.20
         res : 4.01e-04   lamb: 1.00e+00   eps : -2.09e-05   step: 1.03e-02    0.21
         res : 1.00e-04   lamb: 1.00e+00   eps : -2.10e-05   step: 1.01e-02    0.25
         res : 3.72e-05   lamb: 1.00e+00   eps : -2.10e-05   step: 1.01e-02    0.32
         res : 1.35e-05   lamb: 1.00e+00   eps : -2.10e-05   step: 1.01e-02    0.21
         res : 5.88e-06   lamb: 1.00e+00   eps : -2.10e-05   step: 1.01e-02    0.19
         res : 1.54e-06   lamb: 1.00e+00   eps : -2.10e-05   step: 1.01e-02    0.20
         res : 4.53e-07   lamb: 1.00e+00   eps : -2.10e-05   step: 1.01e-02    0.30

      5  0      -384.50016948     4.53e-05      3.79
      5  1      -384.43858034     0.00e+00      3.79
      5  2      -384.39920686     0.00e+00      3.79
      5  3      -384.36987373     0.00e+00      3.79

         res : 1.15e-03   lamb: 1.00e+00   eps : -2.44e-06   step: 2.21e-03    0.34
         res : 3.40e-04   lamb: 1.00e+00   eps : -2.86e-06   step: 3.22e-03    0.21
         res : 1.52e-04   lamb: 1.00e+00   eps : -2.90e-06   step: 3.25e-03    0.21
         res : 3.11e-05   lamb: 1.00e+00   eps : -2.91e-06   step: 3.23e-03    0.29
         res : 1.58e-05   lamb: 1.00e+00   eps : -2.91e-06   step: 3.23e-03    0.26
         res : 3.53e-05   lamb: 1.00e+00   eps : -2.91e-06   step: 3.23e-03    0.20
         res : 6.39e-05   lamb: 1.00e+00   eps : -2.91e-06   step: 3.26e-03    0.20
         res : 1.44e-05   lamb: 1.00e+00   eps : -2.91e-06   step: 3.24e-03    0.26
         res : 5.15e-06   lamb: 1.00e+00   eps : -2.91e-06   step: 3.24e-03    0.24
         res : 2.15e-06   lamb: 1.00e+00   eps : -2.91e-06   step: 3.24e-03    0.27
         res : 5.38e-07   lamb: 1.00e+00   eps : -2.91e-06   step: 3.24e-03    0.19
         res : 1.57e-07   lamb: 1.00e+00   eps : -2.91e-06   step: 3.24e-03    0.21

      6  0      -384.50021100     1.72e-05      3.85
      6  1      -384.43855304     0.00e+00      3.85
      6  2      -384.39925002     0.00e+00      3.85
      6  3      -384.36982435     0.00e+00      3.85

         res : 4.31e-04   lamb: 1.00e+00   eps : -3.45e-07   step: 8.26e-04    0.19
         res : 1.29e-04   lamb: 1.00e+00   eps : -4.08e-07   step: 1.23e-03    0.24
         res : 6.37e-05   lamb: 1.00e+00   eps : -4.14e-07   step: 1.24e-03    0.25
         res : 3.72e-05   lamb: 1.00e+00   eps : -4.16e-07   step: 1.25e-03    0.19
         res : 1.69e-03   lamb: 1.00e+00   eps : -4.93e-07   step: 7.93e-03    0.19
         res : 5.94e-05   lamb: 1.00e+00   eps : -4.07e-07   step: 1.37e-03    0.32
         res : 1.45e-05   lamb: 1.00e+00   eps : -4.08e-07   step: 1.34e-03    0.26
         res : 5.24e-06   lamb: 1.00e+00   eps : -4.08e-07   step: 1.33e-03    0.20
         res : 1.97e-06   lamb: 1.00e+00   eps : -4.08e-07   step: 1.33e-03    0.20
         res : 7.89e-07   lamb: 1.00e+00   eps : -4.08e-07   step: 1.33e-03    0.27
         res : 1.91e-07   lamb: 1.00e+00   eps : -4.08e-07   step: 1.33e-03    0.28
         res : 5.94e-08   lamb: 1.00e+00   eps : -4.08e-07   step: 1.33e-03    0.20

      7  0      -384.50022626     6.55e-06      3.58
      7  1      -384.43854302     0.00e+00      3.58
      7  2      -384.39926400     0.00e+00      3.58
      7  3      -384.36980626     0.00e+00      3.58

         res : 1.61e-04   lamb: 1.00e+00   eps : -4.82e-08   step: 3.03e-04    0.17
         res : 4.78e-05   lamb: 1.00e+00   eps : -5.70e-08   step: 4.54e-04    0.19
         res : 2.10e-05   lamb: 1.00e+00   eps : -5.77e-08   step: 4.58e-04    0.24
         res : 4.50e-06   lamb: 1.00e+00   eps : -5.78e-08   step: 4.56e-04    0.31
         res : 2.88e-06   lamb: 1.00e+00   eps : -5.78e-08   step: 4.56e-04    0.20
         res : 8.83e-06   lamb: 1.00e+00   eps : -5.79e-08   step: 4.58e-04    0.20
         res : 7.04e-06   lamb: 1.00e+00   eps : -5.78e-08   step: 4.57e-04    0.27
         res : 1.99e-06   lamb: 1.00e+00   eps : -5.78e-08   step: 4.56e-04    0.24
         res : 7.30e-07   lamb: 1.00e+00   eps : -5.78e-08   step: 4.56e-04    0.20
         res : 2.83e-07   lamb: 1.00e+00   eps : -5.78e-08   step: 4.56e-04    0.19
         res : 6.78e-08   lamb: 1.00e+00   eps : -5.78e-08   step: 4.56e-04    0.26
         res : 2.13e-08   lamb: 1.00e+00   eps : -5.78e-08   step: 4.56e-04    0.26

      8  0      -384.50023137     2.47e-06      3.73
      8  1      -384.43854047     0.00e+00      3.73
      8  2      -384.39926967     0.00e+00      3.73
      8  3      -384.36979819     0.00e+00      3.73

         res : 6.13e-05   lamb: 1.00e+00   eps : -6.94e-09   step: 1.16e-04    0.24
         res : 1.83e-05   lamb: 1.00e+00   eps : -8.22e-09   step: 1.75e-04    0.21
         res : 8.77e-06   lamb: 1.00e+00   eps : -8.34e-09   step: 1.78e-04    0.20
         res : 4.72e-06   lamb: 1.00e+00   eps : -8.37e-09   step: 1.78e-04    0.23
         res : 8.88e-05   lamb: 1.00e+00   eps : -8.86e-09   step: 4.31e-04    0.24
         res : 8.67e-06   lamb: 1.00e+00   eps : -8.23e-09   step: 1.94e-04    0.19
         res : 2.06e-06   lamb: 1.00e+00   eps : -8.25e-09   step: 1.89e-04    0.20
         res : 7.51e-07   lamb: 1.00e+00   eps : -8.25e-09   step: 1.89e-04    0.28
         res : 2.82e-07   lamb: 1.00e+00   eps : -8.25e-09   step: 1.88e-04    0.32
         res : 1.05e-07   lamb: 1.00e+00   eps : -8.25e-09   step: 1.89e-04    0.19
         res : 2.45e-08   lamb: 1.00e+00   eps : -8.25e-09   step: 1.89e-04    0.19
         res : 7.64e-09   lamb: 1.00e+00   eps : -8.25e-09   step: 1.89e-04    0.24

      9  0      -384.50023334     9.37e-07      3.75
      9  1      -384.43853955     0.00e+00      3.75
      9  2      -384.39927167     0.00e+00      3.75
      9  3      -384.36979516     0.00e+00      3.75

         res : 2.32e-05   lamb: 1.00e+00   eps : -9.87e-10   step: 4.36e-05    0.35
         res : 6.86e-06   lamb: 1.00e+00   eps : -1.17e-09   step: 6.59e-05    0.24
         res : 3.02e-06   lamb: 1.00e+00   eps : -1.19e-09   step: 6.67e-05    0.20
         res : 7.76e-07   lamb: 1.00e+00   eps : -1.19e-09   step: 6.64e-05    0.25
         res : 1.77e-06   lamb: 1.00e+00   eps : -1.19e-09   step: 6.68e-05    0.26
         res : 7.74e-06   lamb: 1.00e+00   eps : -1.18e-09   step: 7.77e-05    0.24
         res : 8.06e-07   lamb: 1.00e+00   eps : -1.18e-09   step: 6.71e-05    0.20
         res : 2.85e-07   lamb: 1.00e+00   eps : -1.19e-09   step: 6.70e-05    0.20
         res : 1.06e-07   lamb: 1.00e+00   eps : -1.19e-09   step: 6.70e-05    0.20
         res : 3.87e-08   lamb: 1.00e+00   eps : -1.19e-09   step: 6.70e-05    0.27
         res : 8.90e-09   lamb: 1.00e+00   eps : -1.19e-09   step: 6.70e-05    0.20
         res : 2.75e-09   lamb: 1.00e+00   eps : -1.19e-09   step: 6.70e-05    0.20

     10  0      -384.50023403     3.54e-07      3.84
     10  1      -384.43853934     0.00e+00      3.84
     10  2      -384.39927247     0.00e+00      3.84
     10  3      -384.36979388     0.00e+00      3.84

         res : 8.90e-06   lamb: 1.00e+00   eps : -1.44e-10   step: 1.68e-05    0.17
         res : 2.64e-06   lamb: 1.00e+00   eps : -1.71e-10   step: 2.56e-05    0.24
         res : 1.25e-06   lamb: 1.00e+00   eps : -1.73e-10   step: 2.60e-05    0.24
         res : 6.60e-07   lamb: 1.00e+00   eps : -1.74e-10   step: 2.61e-05    0.19
         res : 9.91e-06   lamb: 1.00e+00   eps : -1.81e-10   step: 5.01e-05    0.19
         res : 1.28e-06   lamb: 1.00e+00   eps : -1.71e-10   step: 2.84e-05    0.24
         res : 2.99e-07   lamb: 1.00e+00   eps : -1.71e-10   step: 2.75e-05    0.25
         res : 1.11e-07   lamb: 1.00e+00   eps : -1.71e-10   step: 2.75e-05    0.26
         res : 4.17e-08   lamb: 1.00e+00   eps : -1.72e-10   step: 2.75e-05    0.22
         res : 1.46e-08   lamb: 1.00e+00   eps : -1.72e-10   step: 2.75e-05    0.26
         res : 3.29e-09   lamb: 1.00e+00   eps : -1.72e-10   step: 2.75e-05    0.27

     11  0      -384.50023430     1.34e-07      3.36
     11  1      -384.43853928     0.00e+00      3.36
     11  2      -384.39927276     0.00e+00      3.36
     11  3      -384.36979340     0.00e+00      3.36

         res : 3.40e-06   lamb: 1.00e+00   eps : -2.08e-11   step: 6.43e-06    0.20
         res : 1.00e-06   lamb: 1.00e+00   eps : -2.47e-11   step: 9.76e-06    0.20
         res : 4.45e-07   lamb: 1.00e+00   eps : -2.51e-11   step: 9.90e-06    0.25
         res : 1.46e-07   lamb: 1.00e+00   eps : -2.51e-11   step: 9.89e-06    0.24
         res : 6.14e-07   lamb: 1.00e+00   eps : -2.52e-11   step: 1.02e-05    0.26
         res : 6.24e-07   lamb: 1.00e+00   eps : -2.49e-11   step: 1.06e-05    0.21
         res : 1.16e-07   lamb: 1.00e+00   eps : -2.50e-11   step: 1.01e-05    0.24
         res : 4.28e-08   lamb: 1.00e+00   eps : -2.50e-11   step: 1.01e-05    0.28
         res : 1.60e-08   lamb: 1.00e+00   eps : -2.50e-11   step: 1.01e-05    0.23
         res : 5.52e-09   lamb: 1.00e+00   eps : -2.50e-11   step: 1.01e-05    0.20
         res : 1.23e-09   lamb: 1.00e+00   eps : -2.50e-11   step: 1.01e-05    0.20

     12  0      -384.50023439     5.10e-08      3.82
     12  1      -384.43853927     0.00e+00      3.82
     12  2      -384.39927287     0.00e+00      3.82
     12  3      -384.36979320     0.00e+00      3.82

         res : 1.31e-06   lamb: 1.00e+00   eps : -3.06e-12   step: 2.50e-06    0.19
         res : 3.87e-07   lamb: 1.00e+00   eps : -3.65e-12   step: 3.81e-06    0.27
         res : 1.82e-07   lamb: 1.00e+00   eps : -3.70e-12   step: 3.88e-06    0.21
         res : 9.86e-08   lamb: 1.00e+00   eps : -3.72e-12   step: 3.89e-06    0.19
         res : 1.41e-06   lamb: 1.00e+00   eps : -3.87e-12   step: 7.18e-06    0.24
         res : 1.90e-07   lamb: 1.00e+00   eps : -3.65e-12   step: 4.24e-06    0.24
         res : 4.43e-08   lamb: 1.00e+00   eps : -3.66e-12   step: 4.11e-06    0.30
         res : 1.68e-08   lamb: 1.00e+00   eps : -3.66e-12   step: 4.10e-06    0.20
         res : 6.31e-09   lamb: 1.00e+00   eps : -3.66e-12   step: 4.10e-06    0.25
         res : 2.12e-09   lamb: 1.00e+00   eps : -3.66e-12   step: 4.10e-06    0.24

     13  0      -384.50023443     1.94e-08      3.20
     13  1      -384.43853927     0.00e+00      3.20
     13  2      -384.39927291     0.00e+00      3.20
     13  3      -384.36979312     0.00e+00      3.20

         res : 5.06e-07   lamb: 1.00e+00   eps : -4.50e-13   step: 9.67e-07    0.26
         res : 1.48e-07   lamb: 1.00e+00   eps : -5.37e-13   step: 1.47e-06    0.20
         res : 6.69e-08   lamb: 1.00e+00   eps : -5.44e-13   step: 1.49e-06    0.51
         res : 2.73e-08   lamb: 1.00e+00   eps : -5.46e-13   step: 1.49e-06    0.25
         res : 1.69e-07   lamb: 1.00e+00   eps : -5.50e-13   step: 1.65e-06    0.20
         res : 8.15e-08   lamb: 1.00e+00   eps : -5.39e-13   step: 1.61e-06    0.19
         res : 1.72e-08   lamb: 1.00e+00   eps : -5.41e-13   step: 1.55e-06    0.32
         res : 6.56e-09   lamb: 1.00e+00   eps : -5.41e-13   step: 1.55e-06    0.29
         res : 2.46e-09   lamb: 1.00e+00   eps : -5.41e-13   step: 1.55e-06    0.21

     14  0      -384.50023444     7.42e-09      3.61
     14  1      -384.43853927     0.00e+00      3.61
     14  2      -384.39927293     0.00e+00      3.61
     14  3      -384.36979309     0.00e+00      3.61

    * Second-order optimization converged. *   

    * Integral transformation done. Elapsed time: 0.22

     guess   0:   closed 11....               open ..11..              
     guess   1:   closed 111...               open ......              
     guess   2:   closed 11....               open ..1.1.              
     guess   3:   closed 1.1...               open .1.1..              

  === FCI iteration ===

      0  0      -384.42220974     8.97e-03      0.00
      0  1      -384.39021582     7.75e-03      0.00
      0  2      -384.28274093     8.43e-03      0.00
      0  3      -384.22327508     9.21e-03      0.00

      1  0      -384.48614905     4.63e-03      0.00
      1  1      -384.42784917     3.17e-03      0.00
      1  2      -384.35657309     5.42e-03      0.00
      1  3      -384.30358101     5.76e-03      0.00

      2  0      -384.49837420     1.84e-03      0.00
      2  1      -384.43583106     1.72e-03      0.00
      2  2      -384.38725877     3.71e-03      0.00
      2  3      -384.34157289     5.25e-03      0.00

      3  0      -384.49997629     7.05e-04      0.00
      3  1      -384.43808605     8.55e-04      0.00
      3  2      -384.39711656     1.82e-03      0.00
      3  3      -384.36476925     2.80e-03      0.00

      4  0      -384.50021016     2.15e-04      0.00
      4  1      -384.43849296     2.63e-04      0.00
      4  2      -384.39897368     6.34e-04      0.00
      4  3      -384.36914502     9.04e-04      0.00

      5  0      -384.50023221     6.62e-05      0.00
      5  1      -384.43853192     9.56e-05      0.00
      5  2      -384.39921161     2.76e-04      0.00
      5  3      -384.36968370     3.41e-04      0.00

      6  0      -384.50023424     1.86e-05      0.00
      6  1      -384.43853747     4.40e-05      0.00
      6  2      -384.39926325     1.18e-04      0.00
      6  3      -384.36976681     1.61e-04      0.00

      7  0      -384.50023442     5.89e-06      0.00
      7  1      -384.43853888     2.26e-05      0.00
      7  2      -384.39927153     4.48e-05      0.00
      7  3      -384.36978588     8.68e-05      0.00

      8  0      -384.50023444     1.83e-06      0.01
      8  1      -384.43853922     9.20e-06      0.00
      8  2      -384.39927271     1.69e-05      0.00
      8  3      -384.36979160     4.46e-05      0.00

      9  0      -384.50023444     5.63e-07      0.01
      9  1      -384.43853926     2.93e-06      0.00
      9  2      -384.39927291     5.85e-06      0.00
      9  3      -384.36979284     1.92e-05      0.00

     10  0      -384.50023444     1.73e-07      0.01
     10  1      -384.43853927     8.38e-07      0.00
     10  2      -384.39927293     1.90e-06      0.00
     10  3      -384.36979306     6.82e-06      0.00

     11  0      -384.50023444     4.67e-08      0.01
     11  1      -384.43853927     2.52e-07      0.00
     11  2      -384.39927293     5.25e-07      0.00
     11  3      -384.36979308     2.33e-06      0.00

     12  0      -384.50023444     9.55e-09      0.01
     12  1      -384.43853927     6.80e-08      0.00
     12  2      -384.39927293     1.41e-07      0.00
     12  3      -384.36979309     6.79e-07      0.00

     13  0      -384.50023444     2.30e-09      0.01
     13  1      -384.43853927     1.61e-08      0.00
     13  2      -384.39927293     4.18e-08      0.00
     13  3      -384.36979309     1.96e-07      0.00

     14  0      -384.50023444     4.67e-10      0.01
     14  1      -384.43853927     3.86e-09      0.00
     14  2      -384.39927293     1.28e-08      0.00
     14  3      -384.36979309     5.23e-08      0.00

     15  0      -384.50023444     1.02e-10      0.01
     15  1      -384.43853927     9.50e-10      0.00
     15  2      -384.39927293     3.63e-09      0.00
     15  3      -384.36979309     1.53e-08      0.00

     16  0 *    -384.50023444     2.04e-11      0.01
     16  1      -384.43853927     2.18e-10      0.00
     16  2      -384.39927293     8.23e-10      0.00
     16  3      -384.36979309     3.73e-09      0.00

     17  0 *    -384.50023444     1.31e-11      0.01
     17  1 *    -384.43853927     4.86e-11      0.00
     17  2      -384.39927293     1.83e-10      0.00
     17  3      -384.36979309     8.66e-10      0.00

     18  0 *    -384.50023444     1.25e-11      0.01
     18  1 *    -384.43853927     2.49e-11      0.00
     18  2 *    -384.39927293     4.60e-11      0.00
     18  3      -384.36979309     2.13e-10      0.00

     19  0 *    -384.50023444     1.25e-11      0.01
     19  1 *    -384.43853927     2.18e-11      0.00
     19  2 *    -384.39927293     3.90e-11      0.00
     19  3 *    -384.36979309     4.93e-11      0.00

     * ci vector, state   0, <S^2> = -0.0000
       22ba..    -0.6348441460
       22ab..    -0.6348441460
       22.2..    -0.1740021632
       b2aa.b     0.0983164059
       a2bb.a     0.0983164059
       2ab2..    -0.0845597674
       2ba2..    -0.0845597674
       2baa.b     0.0752394024
       2abb.a     0.0752394024
       b22a..    -0.0738066974
       a22b..    -0.0738066974
       22b..a    -0.0619325802
       22a..b    -0.0619325802
       2.ba2.     0.0587376701
       2.ab2.     0.0587376701
       2.ba.2     0.0580923228
       2.ab.2     0.0580923228
       .2ba2.     0.0560489750
       .2ab2.     0.0560489750
       2abba.     0.0545486344
       2baab.     0.0545486344
       b2ba.a    -0.0510150797
       a2ab.b    -0.0510150797

     * ci vector, state   1, <S^2> = -0.0000
       222...     0.8600815432
       22a.b.    -0.1593899153
       22b.a.    -0.1593899153
       2a2b..     0.1419580759
       2b2a..     0.1419580759
       22...2    -0.1213505249
       a22b..     0.0873474215
       b22a..     0.0873474215
       22.b.a    -0.0822029394
       22.a.b    -0.0822029394
       2.2.2.    -0.0819576596
       2baab.     0.0814650464
       2abba.     0.0814650464
       22.2..     0.0803434395
       .222..    -0.0731025772
       2bbaa.    -0.0610020126
       2aabb.    -0.0610020126
       22..2.    -0.0563772010
       2ba.ab     0.0556830922
       2ab.ba     0.0556830922
       a2bba.    -0.0550601692
       b2aab.    -0.0550601692
       .22.2.    -0.0502295162

     * ci vector, state   2, <S^2> = -0.0000
       22a.b.    -0.3834943405
       22b.a.    -0.3834943405
       2a2b..    -0.2832981608
       2b2a..    -0.2832981608
       22.ba.     0.2079086946
       22.ab.     0.2079086946
       a2bba.    -0.1998099401
       b2aab.    -0.1998099401
       2baab.     0.1640248470
       2abba.     0.1640248470
       222...    -0.1192092260
       22.a.b     0.1081339620
       22.b.a     0.1081339620
       a2bab.    -0.1045151459
       b2aba.    -0.1045151459
       b2baa.     0.0952947941
       a2abb.     0.0952947941
       2abab.     0.0900390415
       2baba.     0.0900390415
       b2a2..    -0.0881691768
       a2b2..    -0.0881691768
       2ba2..     0.0812549538
       2ab2..     0.0812549538
       22..2.    -0.0787455797
       ab22..     0.0740495078
       ba22..     0.0740495078
       2bbaa.    -0.0739858055
       2aabb.    -0.0739858055
       22...2     0.0720659527
       2abb.a    -0.0698434571
       2baa.b    -0.0698434571
       .2a2b.    -0.0670320764
       .2b2a.    -0.0670320764
       2ba.ab     0.0641220228
       2ab.ba     0.0641220228
       2b.a.2    -0.0623045529
       2a.b.2    -0.0623045529
       22..ba     0.0579621125
       22..ab     0.0579621125
       a22.b.    -0.0505057839
       b22.a.    -0.0505057839
       2.a.b2     0.0501287524
       2.b.a2     0.0501287524

     * ci vector, state   3, <S^2> = -0.0000
       22.2..     0.4026173578
       222...    -0.3945231575
       22.b.a    -0.2766808357
       22.a.b    -0.2766808357
       2b2a..     0.2663304517
       2a2b..     0.2663304517
       a22b..     0.2106806093
       b22a..     0.2106806093
       2baab.     0.1441067765
       2abba.     0.1441067765
       22a.b.    -0.1064865237
       22b.a.    -0.1064865237
       .222..    -0.0961922459
       2a.b.2     0.0949156399
       2b.a.2     0.0949156399
       22ba..    -0.0808051831
       22ab..    -0.0808051831
       2abab.     0.0803308020
       2baba.     0.0803308020
       22...2    -0.0798912370
       a2bba.    -0.0794309676
       b2aab.    -0.0794309676
       2bbaa.    -0.0637759744
       2aabb.    -0.0637759744
       2b2..a     0.0635613293
       2a2..b     0.0635613293
       ba22..    -0.0627621985
       ab22..    -0.0627621985
       a2bab.    -0.0620417641
       b2aba.    -0.0620417641
       b2.2.a    -0.0618091020
       a2.2.b    -0.0618091020
       2.2b.a     0.0600985645
       2.2a.b     0.0600985645
       2.2..2     0.0588529006
       2ba2..     0.0562586353
       2ab2..     0.0562586353
       .22.2.     0.0559477272
       b22..a     0.0515320076
       a22..b     0.0515320076
       22a..b     0.0501163561
       22b..a     0.0501163561

    * METHOD: CASSCF                              56.64

  Number of auxiliary basis functions:      884

  Since a DF basis is specified, we compute 2- and 3-index integrals:
    o Being stored without compression. Storage requirement is 0.645 GB
       - 3-index ints prep                         0.00
       - 3-index ints                              0.23
       - 2-index ints                              0.05
       - computing inverse                         0.28
        elapsed time:        0.59 sec.


  Number of basis functions:      302
  Number of electrons      :       68


    * METHOD: MOLECULE                             0.86

  ---------------------------
      CASSCF calculation     
  ---------------------------

 
    ==== Active orbitals : ===== 
         Orbital 32
         Orbital 33
         Orbital 34
         Orbital 35
         Orbital 36
         Orbital 37
    ============================ 

    * nstate   :      4
    * nclosed  :     31
    * nact     :      6
    * nvirt    :    265
  === CASSCF iteration (/home/miaoxin/software/bagel-1.2.2/obj/share/aug-cc-pVDZ.json) ===

    * Using the second-order algorithm

      0  0      -386.45934697     2.43e-02      0.43
      0  1      -386.39649935     0.00e+00      0.43
      0  2      -386.35976967     0.00e+00      0.43
      0  3      -386.33004604     0.00e+00      0.43

         res : 7.38e-01   lamb: 1.00e+00   eps : -3.82e-01   step: 2.13e-01    0.32
         res : 2.83e-01   lamb: 1.00e+00   eps : -4.29e-01   step: 2.35e-01    0.26
         res : 1.55e-01   lamb: 1.00e+00   eps : -4.38e-01   step: 2.45e-01    0.32
         res : 7.24e-02   lamb: 1.00e+00   eps : -4.40e-01   step: 2.51e-01    0.24
         res : 4.12e-02   lamb: 1.00e+00   eps : -4.41e-01   step: 2.54e-01    0.31
         res : 2.55e-02   lamb: 1.00e+00   eps : -4.41e-01   step: 2.55e-01    0.25
         res : 1.24e-02   lamb: 1.00e+00   eps : -4.41e-01   step: 2.55e-01    0.31
         res : 6.55e-03   lamb: 1.00e+00   eps : -4.41e-01   step: 2.55e-01    0.36
         res : 3.69e-03   lamb: 1.00e+00   eps : -4.41e-01   step: 2.55e-01    0.25
         res : 1.74e-03   lamb: 1.00e+00   eps : -4.41e-01   step: 2.55e-01    0.25
         res : 9.41e-04   lamb: 1.00e+00   eps : -4.41e-01   step: 2.55e-01    0.38
         res : 5.36e-04   lamb: 1.00e+00   eps : -4.41e-01   step: 2.55e-01    0.25
         res : 2.55e-04   lamb: 1.00e+00   eps : -4.41e-01   step: 2.55e-01    0.25
         res : 1.38e-04   lamb: 1.00e+00   eps : -4.41e-01   step: 2.55e-01    0.37
         res : 7.58e-05   lamb: 1.00e+00   eps : -4.41e-01   step: 2.55e-01    0.30
         res : 3.66e-05   lamb: 1.00e+00   eps : -4.41e-01   step: 2.55e-01    0.26
         res : 2.10e-05   lamb: 1.00e+00   eps : -4.41e-01   step: 2.55e-01    0.42

      1  0      -386.69217839     1.18e-03      7.48
      1  1      -386.63746135     0.00e+00      7.48
      1  2      -386.59293944     0.00e+00      7.48
      1  3      -386.56362218     0.00e+00      7.48

         res : 7.17e-02   lamb: 1.00e+00   eps : -4.90e-03   step: 7.36e-02    0.24
         res : 4.42e-02   lamb: 1.00e+00   eps : -6.36e-03   step: 9.89e-02    0.37
         res : 2.68e-02   lamb: 1.00e+00   eps : -6.88e-03   step: 1.10e-01    0.36
         res : 1.93e-02   lamb: 1.00e+00   eps : -7.09e-03   step: 1.16e-01    0.27
         res : 1.26e-02   lamb: 1.00e+00   eps : -7.19e-03   step: 1.19e-01    0.34
         res : 7.93e-03   lamb: 1.00e+00   eps : -7.23e-03   step: 1.21e-01    0.36
         res : 5.19e-03   lamb: 1.00e+00   eps : -7.25e-03   step: 1.22e-01    0.26
         res : 3.26e-03   lamb: 1.00e+00   eps : -7.26e-03   step: 1.22e-01    0.25
         res : 2.19e-03   lamb: 1.00e+00   eps : -7.26e-03   step: 1.22e-01    0.46
         res : 1.43e-03   lamb: 1.00e+00   eps : -7.26e-03   step: 1.23e-01    0.25
         res : 1.11e-03   lamb: 1.00e+00   eps : -7.26e-03   step: 1.23e-01    0.31
         res : 1.05e-03   lamb: 1.00e+00   eps : -7.26e-03   step: 1.23e-01    0.36
         res : 1.47e-03   lamb: 1.00e+00   eps : -7.26e-03   step: 1.23e-01    0.25
         res : 2.81e-03   lamb: 1.00e+00   eps : -7.27e-03   step: 1.25e-01    0.25
         res : 2.97e-02   lamb: 1.00e+00   eps : -7.30e-03   step: 2.77e-01    0.32
         res : 3.55e-03   lamb: 1.00e+00   eps : -7.26e-03   step: 1.28e-01    0.34
         res : 1.54e-03   lamb: 1.00e+00   eps : -7.26e-03   step: 1.24e-01    0.26
         res : 8.89e-04   lamb: 1.00e+00   eps : -7.26e-03   step: 1.24e-01    0.30
         res : 5.57e-04   lamb: 1.00e+00   eps : -7.26e-03   step: 1.24e-01    0.29
         res : 3.50e-04   lamb: 1.00e+00   eps : -7.26e-03   step: 1.24e-01    0.26
         res : 2.37e-04   lamb: 1.00e+00   eps : -7.26e-03   step: 1.24e-01    0.38
         res : 1.66e-04   lamb: 1.00e+00   eps : -7.26e-03   step: 1.24e-01    0.36
         res : 1.15e-04   lamb: 1.00e+00   eps : -7.26e-03   step: 1.24e-01    0.26
         res : 7.49e-05   lamb: 1.00e+00   eps : -7.26e-03   step: 1.24e-01    0.26
         res : 4.96e-05   lamb: 1.00e+00   eps : -7.26e-03   step: 1.24e-01    0.28
         res : 3.16e-05   lamb: 1.00e+00   eps : -7.26e-03   step: 1.24e-01    0.31
         res : 2.07e-05   lamb: 1.00e+00   eps : -7.26e-03   step: 1.24e-01    0.26
         res : 1.36e-05   lamb: 1.00e+00   eps : -7.26e-03   step: 1.24e-01    0.42
         res : 8.72e-06   lamb: 1.00e+00   eps : -7.26e-03   step: 1.24e-01    0.33

      2  0      -386.69408928     5.08e-05     11.49
      2  1      -386.64236036     0.00e+00     11.49
      2  2      -386.59706293     0.00e+00     11.49
      2  3      -386.56751575     0.00e+00     11.49

         res : 2.66e-03   lamb: 1.00e+00   eps : -1.25e-05   step: 5.24e-03    0.34
         res : 1.59e-03   lamb: 1.00e+00   eps : -1.57e-05   step: 7.14e-03    0.25
         res : 1.41e-03   lamb: 1.00e+00   eps : -1.71e-05   step: 8.46e-03    0.24
         res : 1.83e-03   lamb: 1.00e+00   eps : -1.87e-05   step: 1.17e-02    0.44
         res : 4.05e-03   lamb: 1.00e+00   eps : -2.31e-05   step: 2.68e-02    0.26
         res : 7.93e-03   lamb: 4.70e+00   eps : -4.33e-04   step: 3.17e-01    0.26
         res : 3.08e-03   lamb: 1.00e+00   eps : -9.64e-06   step: 3.01e-02    0.35
         res : 1.61e-03   lamb: 1.00e+00   eps : -1.22e-05   step: 2.13e-02    0.31
         res : 9.62e-04   lamb: 1.00e+00   eps : -1.30e-05   step: 1.87e-02    0.26
         res : 6.19e-04   lamb: 1.00e+00   eps : -1.33e-05   step: 1.78e-02    0.43
         res : 3.82e-04   lamb: 1.00e+00   eps : -1.34e-05   step: 1.75e-02    0.31
         res : 2.48e-04   lamb: 1.00e+00   eps : -1.34e-05   step: 1.74e-02    0.26
         res : 1.56e-04   lamb: 1.00e+00   eps : -1.35e-05   step: 1.73e-02    0.31
         res : 9.63e-05   lamb: 1.00e+00   eps : -1.35e-05   step: 1.73e-02    0.36
         res : 6.30e-05   lamb: 1.00e+00   eps : -1.35e-05   step: 1.73e-02    0.25
         res : 4.12e-05   lamb: 1.00e+00   eps : -1.35e-05   step: 1.73e-02    0.35
         res : 2.78e-05   lamb: 1.00e+00   eps : -1.35e-05   step: 1.73e-02    0.35
         res : 1.82e-05   lamb: 1.00e+00   eps : -1.35e-05   step: 1.73e-02    0.27
         res : 1.21e-05   lamb: 1.00e+00   eps : -1.35e-05   step: 1.73e-02    0.48
         res : 7.72e-06   lamb: 1.00e+00   eps : -1.35e-05   step: 1.73e-02    0.32
         res : 5.38e-06   lamb: 1.00e+00   eps : -1.35e-05   step: 1.73e-02    0.28
         res : 3.82e-06   lamb: 1.00e+00   eps : -1.35e-05   step: 1.73e-02    0.41
         res : 2.68e-06   lamb: 1.00e+00   eps : -1.35e-05   step: 1.73e-02    0.34
         res : 1.74e-06   lamb: 1.00e+00   eps : -1.35e-05   step: 1.73e-02    0.25
         res : 1.15e-06   lamb: 1.00e+00   eps : -1.35e-05   step: 1.73e-02    0.24

      3  0      -386.69393146     1.16e-05     10.48
      3  1      -386.64270117     0.00e+00     10.48
      3  2      -386.59704746     0.00e+00     10.48
      3  3      -386.56738455     0.00e+00     10.48

         res : 6.94e-04   lamb: 1.00e+00   eps : -1.24e-06   step: 2.23e-03    0.25
         res : 6.03e-04   lamb: 1.00e+00   eps : -1.59e-06   step: 3.18e-03    0.24
         res : 1.10e-03   lamb: 1.00e+00   eps : -2.09e-06   step: 5.88e-03    0.43
         res : 7.86e-03   lamb: 5.57e+00   eps : -2.12e-04   step: 2.95e-01    0.26
         res : 1.22e-03   lamb: 1.00e+00   eps : 2.01e-07   step: 1.40e-02    0.26
         res : 5.99e-04   lamb: 1.00e+00   eps : -2.15e-07   step: 1.09e-02    0.24
         res : 3.32e-04   lamb: 1.00e+00   eps : -3.34e-07   step: 1.01e-02    0.30
         res : 2.13e-04   lamb: 1.00e+00   eps : -3.75e-07   step: 9.83e-03    0.25
         res : 1.41e-04   lamb: 1.00e+00   eps : -3.94e-07   step: 9.72e-03    0.27
         res : 1.01e-04   lamb: 1.00e+00   eps : -4.02e-07   step: 9.68e-03    0.35
         res : 6.88e-05   lamb: 1.00e+00   eps : -4.06e-07   step: 9.67e-03    0.25
         res : 5.18e-05   lamb: 1.00e+00   eps : -4.08e-07   step: 9.66e-03    0.32
         res : 3.67e-05   lamb: 1.00e+00   eps : -4.09e-07   step: 9.65e-03    0.46
         res : 2.70e-05   lamb: 1.00e+00   eps : -4.09e-07   step: 9.65e-03    0.27
         res : 1.76e-05   lamb: 1.00e+00   eps : -4.09e-07   step: 9.65e-03    0.31
         res : 1.17e-05   lamb: 1.00e+00   eps : -4.10e-07   step: 9.65e-03    0.38
         res : 7.63e-06   lamb: 1.00e+00   eps : -4.10e-07   step: 9.65e-03    0.26
         res : 5.31e-06   lamb: 1.00e+00   eps : -4.10e-07   step: 9.65e-03    0.26
         res : 3.42e-06   lamb: 1.00e+00   eps : -4.10e-07   step: 9.65e-03    0.28
         res : 2.21e-06   lamb: 1.00e+00   eps : -4.10e-07   step: 9.65e-03    0.31
         res : 1.45e-06   lamb: 1.00e+00   eps : -4.10e-07   step: 9.65e-03    0.26
         res : 9.32e-07   lamb: 1.00e+00   eps : -4.10e-07   step: 9.65e-03    0.37

      4  0      -386.69392639     4.58e-06      9.01
      4  1      -386.64274429     0.00e+00      9.01
      4  2      -386.59700355     0.00e+00      9.01
      4  3      -386.56739235     0.00e+00      9.01

         res : 2.48e-04   lamb: 1.00e+00   eps : -1.09e-07   step: 5.35e-04    0.25
         res : 1.72e-04   lamb: 1.00e+00   eps : -1.42e-07   step: 8.97e-04    0.29
         res : 4.23e-04   lamb: 1.00e+00   eps : -1.97e-07   step: 1.90e-03    0.32
         res : 1.56e-02   lamb: 1.00e+00   eps : 3.38e-06   step: 9.13e-02    0.25
         res : 4.17e-04   lamb: 1.00e+00   eps : 2.33e-08   step: 4.25e-03    0.36
         res : 1.97e-04   lamb: 1.00e+00   eps : -1.45e-08   step: 3.32e-03    0.35
         res : 1.09e-04   lamb: 1.00e+00   eps : -2.55e-08   step: 3.07e-03    0.27
         res : 7.09e-05   lamb: 1.00e+00   eps : -2.90e-08   step: 3.00e-03    0.32
         res : 4.47e-05   lamb: 1.00e+00   eps : -3.05e-08   step: 2.97e-03    0.36
         res : 3.08e-05   lamb: 1.00e+00   eps : -3.11e-08   step: 2.96e-03    0.27
         res : 2.22e-05   lamb: 1.00e+00   eps : -3.15e-08   step: 2.95e-03    0.32
         res : 1.61e-05   lamb: 1.00e+00   eps : -3.16e-08   step: 2.94e-03    0.29
         res : 1.04e-05   lamb: 1.00e+00   eps : -3.17e-08   step: 2.94e-03    0.30
         res : 6.58e-06   lamb: 1.00e+00   eps : -3.17e-08   step: 2.94e-03    0.26
         res : 4.51e-06   lamb: 1.00e+00   eps : -3.17e-08   step: 2.94e-03    0.40
         res : 3.12e-06   lamb: 1.00e+00   eps : -3.17e-08   step: 2.94e-03    0.32
         res : 2.12e-06   lamb: 1.00e+00   eps : -3.17e-08   step: 2.94e-03    0.26
         res : 1.42e-06   lamb: 1.00e+00   eps : -3.17e-08   step: 2.94e-03    0.41
         res : 9.30e-07   lamb: 1.00e+00   eps : -3.17e-08   step: 2.94e-03    0.31
         res : 6.23e-07   lamb: 1.00e+00   eps : -3.17e-08   step: 2.94e-03    0.26
         res : 4.11e-07   lamb: 1.00e+00   eps : -3.17e-08   step: 2.94e-03    0.30
         res : 2.72e-07   lamb: 1.00e+00   eps : -3.17e-08   step: 2.94e-03    0.30

      5  0      -386.69391468     1.44e-06      9.35
      5  1      -386.64277278     0.00e+00      9.35
      5  2      -386.59700951     0.00e+00      9.35
      5  3      -386.56736982     0.00e+00      9.35

         res : 9.11e-05   lamb: 1.00e+00   eps : -1.97e-08   step: 2.88e-04    0.35
         res : 8.31e-05   lamb: 1.00e+00   eps : -2.60e-08   step: 4.39e-04    0.29
         res : 1.75e-04   lamb: 1.00e+00   eps : -3.77e-08   step: 9.33e-04    0.26
         res : 9.29e-04   lamb: 1.00e+00   eps : 9.22e-08   step: 6.65e-03    0.33
         res : 1.40e-04   lamb: 1.00e+00   eps : 6.35e-09   step: 1.81e-03    0.36
         res : 7.13e-05   lamb: 1.00e+00   eps : 3.62e-10   step: 1.50e-03    0.27
         res : 4.10e-05   lamb: 1.00e+00   eps : -1.43e-09   step: 1.41e-03    0.45
         res : 2.66e-05   lamb: 1.00e+00   eps : -2.09e-09   step: 1.38e-03    0.30
         res : 1.81e-05   lamb: 1.00e+00   eps : -2.38e-09   step: 1.36e-03    0.25
         res : 1.26e-05   lamb: 1.00e+00   eps : -2.51e-09   step: 1.36e-03    0.25
         res : 8.71e-06   lamb: 1.00e+00   eps : -2.58e-09   step: 1.36e-03    0.40
         res : 6.43e-06   lamb: 1.00e+00   eps : -2.60e-09   step: 1.36e-03    0.26
         res : 4.65e-06   lamb: 1.00e+00   eps : -2.62e-09   step: 1.36e-03    0.25
         res : 3.30e-06   lamb: 1.00e+00   eps : -2.63e-09   step: 1.36e-03    0.24
         res : 2.15e-06   lamb: 1.00e+00   eps : -2.63e-09   step: 1.36e-03    0.34
         res : 1.40e-06   lamb: 1.00e+00   eps : -2.63e-09   step: 1.36e-03    0.26
         res : 9.35e-07   lamb: 1.00e+00   eps : -2.64e-09   step: 1.36e-03    0.42
         res : 6.61e-07   lamb: 1.00e+00   eps : -2.64e-09   step: 1.36e-03    0.30
         res : 4.35e-07   lamb: 1.00e+00   eps : -2.64e-09   step: 1.36e-03    0.26
         res : 2.87e-07   lamb: 1.00e+00   eps : -2.64e-09   step: 1.36e-03    0.39
         res : 1.91e-07   lamb: 1.00e+00   eps : -2.64e-09   step: 1.36e-03    0.35
         res : 1.22e-07   lamb: 1.00e+00   eps : -2.64e-09   step: 1.36e-03    0.26

      6  0      -386.69391422     5.89e-07      9.24
      6  1      -386.64277663     0.00e+00      9.24
      6  2      -386.59700445     0.00e+00      9.24
      6  3      -386.56737151     0.00e+00      9.24

         res : 3.34e-05   lamb: 1.00e+00   eps : -1.97e-09   step: 7.84e-05    0.26
         res : 2.53e-05   lamb: 1.00e+00   eps : -2.62e-09   step: 1.36e-04    0.24
         res : 7.14e-05   lamb: 1.00e+00   eps : -4.05e-09   step: 3.32e-04    0.44
         res : 4.24e-04   lamb: 1.00e+00   eps : 1.25e-08   step: 2.70e-03    0.25
         res : 5.21e-05   lamb: 1.00e+00   eps : 6.56e-10   step: 5.76e-04    0.31
         res : 2.49e-05   lamb: 1.00e+00   eps : 2.49e-11   step: 4.69e-04    0.37
         res : 1.41e-05   lamb: 1.00e+00   eps : -1.62e-10   step: 4.39e-04    0.26
         res : 9.23e-06   lamb: 1.00e+00   eps : -2.23e-10   step: 4.31e-04    0.25
         res : 5.96e-06   lamb: 1.00e+00   eps : -2.49e-10   step: 4.27e-04    0.33
         res : 4.02e-06   lamb: 1.00e+00   eps : -2.60e-10   step: 4.25e-04    0.31
         res : 2.87e-06   lamb: 1.00e+00   eps : -2.66e-10   step: 4.24e-04    0.26
         res : 2.08e-06   lamb: 1.00e+00   eps : -2.68e-10   step: 4.24e-04    0.43
         res : 1.34e-06   lamb: 1.00e+00   eps : -2.70e-10   step: 4.24e-04    0.31
         res : 8.36e-07   lamb: 1.00e+00   eps : -2.70e-10   step: 4.24e-04    0.26
         res : 5.63e-07   lamb: 1.00e+00   eps : -2.70e-10   step: 4.24e-04    0.41
         res : 3.88e-07   lamb: 1.00e+00   eps : -2.70e-10   step: 4.24e-04    0.36
         res : 2.63e-07   lamb: 1.00e+00   eps : -2.70e-10   step: 4.24e-04    0.25
         res : 1.77e-07   lamb: 1.00e+00   eps : -2.70e-10   step: 4.24e-04    0.30
         res : 1.15e-07   lamb: 1.00e+00   eps : -2.70e-10   step: 4.24e-04    0.33
         res : 7.60e-08   lamb: 1.00e+00   eps : -2.70e-10   step: 4.24e-04    0.27
         res : 5.28e-08   lamb: 1.00e+00   eps : -2.70e-10   step: 4.24e-04    0.35
         res : 3.61e-08   lamb: 1.00e+00   eps : -2.70e-10   step: 4.24e-04    0.32

      7  0      -386.69391250     1.95e-07      9.79
      7  1      -386.64278023     0.00e+00      9.79
      7  2      -386.59700554     0.00e+00      9.79
      7  3      -386.56736855     0.00e+00      9.79

         res : 1.27e-05   lamb: 1.00e+00   eps : -3.52e-10   step: 3.84e-05    0.28
         res : 1.13e-05   lamb: 1.00e+00   eps : -4.70e-10   step: 6.00e-05    0.31
         res : 2.49e-05   lamb: 1.00e+00   eps : -6.99e-10   step: 1.31e-04    0.26
         res : 1.15e-04   lamb: 1.00e+00   eps : 1.56e-09   step: 8.35e-04    0.42
         res : 1.87e-05   lamb: 1.00e+00   eps : 1.33e-10   step: 2.47e-04    0.31
         res : 9.41e-06   lamb: 1.00e+00   eps : 2.48e-11   step: 2.05e-04    0.25
         res : 5.49e-06   lamb: 1.00e+00   eps : -7.86e-12   step: 1.93e-04    0.50
         res : 3.58e-06   lamb: 1.00e+00   eps : -1.99e-11   step: 1.89e-04    0.25
         res : 2.45e-06   lamb: 1.00e+00   eps : -2.51e-11   step: 1.87e-04    0.27
         res : 1.68e-06   lamb: 1.00e+00   eps : -2.74e-11   step: 1.87e-04    0.49
         res : 1.17e-06   lamb: 1.00e+00   eps : -2.85e-11   step: 1.87e-04    0.27
         res : 8.48e-07   lamb: 1.00e+00   eps : -2.90e-11   step: 1.86e-04    0.26
         res : 6.17e-07   lamb: 1.00e+00   eps : -2.92e-11   step: 1.86e-04    0.28
         res : 4.30e-07   lamb: 1.00e+00   eps : -2.94e-11   step: 1.86e-04    0.35
         res : 2.83e-07   lamb: 1.00e+00   eps : -2.94e-11   step: 1.86e-04    0.25
         res : 1.85e-07   lamb: 1.00e+00   eps : -2.95e-11   step: 1.86e-04    0.34
         res : 1.26e-07   lamb: 1.00e+00   eps : -2.95e-11   step: 1.86e-04    0.37
         res : 9.17e-08   lamb: 1.00e+00   eps : -2.95e-11   step: 1.86e-04    0.26
         res : 6.22e-08   lamb: 1.00e+00   eps : -2.95e-11   step: 1.86e-04    0.25
         res : 4.06e-08   lamb: 1.00e+00   eps : -2.95e-11   step: 1.86e-04    0.35
         res : 2.70e-08   lamb: 1.00e+00   eps : -2.95e-11   step: 1.86e-04    0.26
         res : 1.71e-08   lamb: 1.00e+00   eps : -2.95e-11   step: 1.86e-04    0.25

      8  0      -386.69391241     7.92e-08      9.35
      8  1      -386.64278069     0.00e+00      9.35
      8  2      -386.59700488     0.00e+00      9.35
      8  3      -386.56736885     0.00e+00      9.35

         res : 4.63e-06   lamb: 1.00e+00   eps : -3.75e-11   step: 1.12e-05    0.25
         res : 3.57e-06   lamb: 1.00e+00   eps : -5.02e-11   step: 1.95e-05    0.26
         res : 1.06e-05   lamb: 1.00e+00   eps : -8.05e-11   step: 4.97e-05    0.34
         res : 5.00e-05   lamb: 1.00e+00   eps : 2.04e-10   step: 3.22e-04    0.29
         res : 7.22e-06   lamb: 1.00e+00   eps : 1.38e-11   step: 7.98e-05    0.25
         res : 3.41e-06   lamb: 1.00e+00   eps : 2.01e-12   step: 6.56e-05    0.35
         res : 1.94e-06   lamb: 1.00e+00   eps : -1.51e-12   step: 6.16e-05    0.33
         res : 1.27e-06   lamb: 1.00e+00   eps : -2.64e-12   step: 6.04e-05    0.24
         res : 8.21e-07   lamb: 1.00e+00   eps : -3.13e-12   step: 5.99e-05    0.30
         res : 5.49e-07   lamb: 1.00e+00   eps : -3.35e-12   step: 5.97e-05    0.24
         res : 3.84e-07   lamb: 1.00e+00   eps : -3.46e-12   step: 5.96e-05    0.29
         res : 2.76e-07   lamb: 1.00e+00   eps : -3.51e-12   step: 5.95e-05    0.24
         res : 1.79e-07   lamb: 1.00e+00   eps : -3.53e-12   step: 5.95e-05    0.28
         res : 1.13e-07   lamb: 1.00e+00   eps : -3.54e-12   step: 5.95e-05    0.36
         res : 7.53e-08   lamb: 1.00e+00   eps : -3.54e-12   step: 5.95e-05    0.24
         res : 5.22e-08   lamb: 1.00e+00   eps : -3.54e-12   step: 5.95e-05    0.38
         res : 3.54e-08   lamb: 1.00e+00   eps : -3.54e-12   step: 5.95e-05    0.33
         res : 2.39e-08   lamb: 1.00e+00   eps : -3.54e-12   step: 5.95e-05    0.24
         res : 1.56e-08   lamb: 1.00e+00   eps : -3.54e-12   step: 5.95e-05    0.30
         res : 1.02e-08   lamb: 1.00e+00   eps : -3.54e-12   step: 5.95e-05    0.39
         res : 6.97e-09   lamb: 1.00e+00   eps : -3.54e-12   step: 5.95e-05    0.25
         res : 4.79e-09   lamb: 1.00e+00   eps : -3.54e-12   step: 5.95e-05    0.24

      9  0      -386.69391216     2.72e-08      8.83
      9  1      -386.64278117     0.00e+00      8.83
      9  2      -386.59700504     0.00e+00      8.83
      9  3      -386.56736846     0.00e+00      8.83

         res : 1.78e-06   lamb: 1.00e+00   eps : -6.52e-12   step: 5.17e-06    0.32
         res : 1.54e-06   lamb: 1.00e+00   eps : -8.78e-12   step: 8.20e-06    0.22
         res : 3.50e-06   lamb: 1.00e+00   eps : -1.31e-11   step: 1.81e-05    0.24
         res : 1.58e-05   lamb: 1.00e+00   eps : 2.95e-11   step: 1.14e-04    0.37
         res : 2.59e-06   lamb: 1.00e+00   eps : 2.58e-12   step: 3.39e-05    0.28
         res : 1.29e-06   lamb: 1.00e+00   eps : 5.59e-13   step: 2.82e-05    0.23
         res : 7.54e-07   lamb: 1.00e+00   eps : -5.79e-14   step: 2.65e-05    0.28
         res : 4.88e-07   lamb: 1.00e+00   eps : -2.80e-13   step: 2.60e-05    0.27
         res : 3.36e-07   lamb: 1.00e+00   eps : -3.76e-13   step: 2.57e-05    0.33
         res : 2.28e-07   lamb: 1.00e+00   eps : -4.18e-13   step: 2.57e-05    0.24
         res : 1.60e-07   lamb: 1.00e+00   eps : -4.38e-13   step: 2.56e-05    0.33
         res : 1.16e-07   lamb: 1.00e+00   eps : -4.47e-13   step: 2.56e-05    0.29
         res : 8.40e-08   lamb: 1.00e+00   eps : -4.52e-13   step: 2.56e-05    0.25
         res : 5.83e-08   lamb: 1.00e+00   eps : -4.55e-13   step: 2.56e-05    0.31
         res : 3.84e-08   lamb: 1.00e+00   eps : -4.56e-13   step: 2.56e-05    0.30
         res : 2.51e-08   lamb: 1.00e+00   eps : -4.56e-13   step: 2.56e-05    0.23
         res : 1.73e-08   lamb: 1.00e+00   eps : -4.57e-13   step: 2.56e-05    0.24
         res : 1.25e-08   lamb: 1.00e+00   eps : -4.57e-13   step: 2.56e-05    0.34
         res : 8.53e-09   lamb: 1.00e+00   eps : -4.57e-13   step: 2.56e-05    0.29
         res : 5.56e-09   lamb: 1.00e+00   eps : -4.57e-13   step: 2.56e-05    0.23
         res : 3.72e-09   lamb: 1.00e+00   eps : -4.57e-13   step: 2.56e-05    0.29

     10  0      -386.69391215     1.10e-08      8.34
     10  1      -386.64278122     0.00e+00      8.34
     10  2      -386.59700494     0.00e+00      8.34
     10  3      -386.56736851     0.00e+00      8.34

         res : 6.49e-07   lamb: 1.00e+00   eps : -7.25e-13   step: 1.56e-06    0.22
         res : 4.98e-07   lamb: 1.00e+00   eps : -9.76e-13   step: 2.74e-06    0.26
         res : 1.51e-06   lamb: 1.00e+00   eps : -1.57e-12   step: 7.05e-06    0.38
         res : 7.41e-06   lamb: 1.00e+00   eps : 4.14e-12   step: 4.64e-05    0.24
         res : 1.07e-06   lamb: 1.00e+00   eps : 2.78e-13   step: 1.12e-05    0.23
         res : 4.85e-07   lamb: 1.00e+00   eps : 4.45e-14   step: 9.16e-06    0.24
         res : 2.75e-07   lamb: 1.00e+00   eps : -2.51e-14   step: 8.59e-06    0.29
         res : 1.79e-07   lamb: 1.00e+00   eps : -4.70e-14   step: 8.43e-06    0.26
         res : 1.16e-07   lamb: 1.00e+00   eps : -5.64e-14   step: 8.36e-06    0.24
         res : 7.71e-08   lamb: 1.00e+00   eps : -6.05e-14   step: 8.33e-06    0.27
         res : 5.21e-08   lamb: 1.00e+00   eps : -6.26e-14   step: 8.31e-06    0.36
         res : 3.69e-08   lamb: 1.00e+00   eps : -6.35e-14   step: 8.31e-06    0.24
         res : 2.43e-08   lamb: 1.00e+00   eps : -6.39e-14   step: 8.30e-06    0.37
         res : 1.53e-08   lamb: 1.00e+00   eps : -6.40e-14   step: 8.30e-06    0.30
         res : 9.98e-09   lamb: 1.00e+00   eps : -6.41e-14   step: 8.30e-06    0.23
         res : 7.04e-09   lamb: 1.00e+00   eps : -6.41e-14   step: 8.30e-06    0.23
         res : 4.85e-09   lamb: 1.00e+00   eps : -6.41e-14   step: 8.30e-06    0.45

     11  0      -386.69391211     3.86e-09      7.37
     11  1      -386.64278129     0.00e+00      7.37
     11  2      -386.59700497     0.00e+00      7.37
     11  3      -386.56736845     0.00e+00      7.37

    * Second-order optimization converged. *   

    * Integral transformation done. Elapsed time: 0.29

     guess   0:   closed 11....               open ..11..              
     guess   1:   closed 111...               open ......              
     guess   2:   closed 11....               open ..1.1.              
     guess   3:   closed 1.1...               open .1.1..              

  === FCI iteration ===

      0  0      -386.62086395     8.67e-03      0.01
      0  1      -386.59986345     7.29e-03      0.00
      0  2      -386.48919990     8.12e-03      0.00
      0  3      -386.42975875     8.90e-03      0.00

      1  0      -386.68083388     4.41e-03      0.01
      1  1      -386.63419821     2.89e-03      0.00
      1  2      -386.55716770     5.04e-03      0.00
      1  3      -386.50320081     5.32e-03      0.00

      2  0      -386.69216698     1.77e-03      0.00
      2  1      -386.64075611     1.48e-03      0.00
      2  2      -386.58530820     3.54e-03      0.00
      2  3      -386.53641774     5.01e-03      0.00

      3  0      -386.69367241     6.65e-04      0.00
      3  1      -386.64241641     7.59e-04      0.00
      3  2      -386.59489424     1.73e-03      0.00
      3  3      -386.56078754     3.11e-03      0.00

      4  0      -386.69389031     2.02e-04      0.00
      4  1      -386.64274808     2.22e-04      0.00
      4  2      -386.59671035     6.11e-04      0.00
      4  3      -386.56657464     9.91e-04      0.00

      5  0      -386.69390998     6.46e-05      0.00
      5  1      -386.64277663     7.80e-05      0.00
      5  2      -386.59694747     2.67e-04      0.00
      5  3      -386.56724313     3.66e-04      0.00

      6  0      -386.69391193     1.80e-05      0.00
      6  1      -386.64278027     3.31e-05      0.00
      6  2      -386.59699666     1.08e-04      0.00
      6  3      -386.56733986     1.71e-04      0.00

      7  0      -386.69391209     5.45e-06      0.00
      7  1      -386.64278107     1.68e-05      0.00
      7  2      -386.59700378     4.03e-05      0.00
      7  3      -386.56736046     9.06e-05      0.00

      8  0      -386.69391211     1.58e-06      0.00
      8  1      -386.64278126     7.25e-06      0.00
      8  2      -386.59700475     1.59e-05      0.00
      8  3      -386.56736659     4.77e-05      0.00

      9  0      -386.69391211     4.88e-07      0.01
      9  1      -386.64278129     2.34e-06      0.00
      9  2      -386.59700494     6.09e-06      0.00
      9  3      -386.56736809     2.17e-05      0.00

     10  0      -386.69391211     1.44e-07      0.01
     10  1      -386.64278129     7.33e-07      0.00
     10  2      -386.59700496     1.97e-06      0.00
     10  3      -386.56736841     8.48e-06      0.00

     11  0      -386.69391211     3.54e-08      0.01
     11  1      -386.64278129     2.21e-07      0.00
     11  2      -386.59700497     5.08e-07      0.00
     11  3      -386.56736845     2.82e-06      0.00

     12  0      -386.69391211     7.88e-09      0.01
     12  1      -386.64278129     5.83e-08      0.00
     12  2      -386.59700497     1.40e-07      0.00
     12  3      -386.56736845     8.34e-07      0.00

     13  0      -386.69391211     1.96e-09      0.05
     13  1      -386.64278129     1.27e-08      0.00
     13  2      -386.59700497     4.44e-08      0.00
     13  3      -386.56736845     2.33e-07      0.00

     14  0      -386.69391211     4.09e-10      0.01
     14  1      -386.64278129     3.16e-09      0.00
     14  2      -386.59700497     1.26e-08      0.00
     14  3      -386.56736845     6.33e-08      0.00

     15  0 *    -386.69391211     8.22e-11      0.01
     15  1      -386.64278129     7.07e-10      0.00
     15  2      -386.59700497     3.39e-09      0.00
     15  3      -386.56736845     1.74e-08      0.00

     16  0 *    -386.69391211     4.76e-11      0.01
     16  1      -386.64278129     1.52e-10      0.00
     16  2      -386.59700497     7.77e-10      0.00
     16  3      -386.56736845     4.20e-09      0.00

     17  0 *    -386.69391211     4.69e-11      0.01
     17  1 *    -386.64278129     2.91e-11      0.00
     17  2      -386.59700497     1.76e-10      0.00
     17  3      -386.56736845     9.74e-10      0.00

     18  0 *    -386.69391211     4.60e-11      0.01
     18  1 *    -386.64278129     1.48e-11      0.00
     18  2 *    -386.59700497     4.49e-11      0.00
     18  3      -386.56736845     2.44e-10      0.00

     19  0 *    -386.69391211     4.54e-11      0.01
     19  1 *    -386.64278129     1.38e-11      0.00
     19  2 *    -386.59700497     4.47e-11      0.00
     19  3 *    -386.56736845     6.27e-11      0.00

     * ci vector, state   0, <S^2> = 0.0000
       22ab..     0.6372988832
       22ba..     0.6372988832
       22.2..     0.1720608564
       a2bb.a     0.0981695459
       b2aa.b     0.0981695459
       2ba2..     0.0838923536
       2ab2..     0.0838923536
       a22b..    -0.0728818757
       b22a..    -0.0728818757
       2abb.a    -0.0682936102
       2baa.b    -0.0682936102
       22a..b     0.0639370636
       22b..a     0.0639370636
       2.ab2.    -0.0602818798
       2.ba2.    -0.0602818798
       222...     0.0599505986
       2.ab.2    -0.0531962122
       2.ba.2    -0.0531962122
       .2ab2.    -0.0527993554
       .2ba2.    -0.0527993554
       2abba.     0.0525792861
       2baab.     0.0525792861
       a2ab.b    -0.0514940562
       b2ba.a    -0.0514940562

     * ci vector, state   1, <S^2> = -0.0000
       222...     0.8838558576
       22a.b.     0.1433251289
       22b.a.     0.1433251289
       2b2a..     0.1276709057
       2a2b..     0.1276709057
       22...2    -0.1118797606
       2.2.2.    -0.0828001981
       2baab.    -0.0786806360
       2abba.    -0.0786806360
       a22b..    -0.0781732657
       b22a..    -0.0781732657
       .222..    -0.0659082077
       22.b.a    -0.0621621492
       22.a.b    -0.0621621492
       2bbaa.     0.0618311433
       2aabb.     0.0618311433
       22ba..    -0.0615635219
       22ab..    -0.0615635219
       22..2.    -0.0553787497
       2ba.ab    -0.0528921233
       2ab.ba    -0.0528921233
       22.2..     0.0526596032
       .22.2.    -0.0503042570

     * ci vector, state   2, <S^2> = 0.0000
       22b.a.    -0.3865783723
       22a.b.    -0.3865783723
       2b2a..     0.2907760440
       2a2b..     0.2907760440
       22.ab.     0.2059341217
       22.ba.     0.2059341217
       a2bba.     0.2010014447
       b2aab.     0.2010014447
       2abba.     0.1749394824
       2baab.     0.1749394824
       222...     0.1182513508
       a2bab.     0.1046383246
       b2aba.     0.1046383246
       b2baa.    -0.0963631201
       a2abb.    -0.0963631201
       2abab.     0.0959008930
       2baba.     0.0959008930
       22.a.b    -0.0907667910
       22.b.a    -0.0907667910
       22..2.     0.0805849310
       2aabb.    -0.0790385894
       2bbaa.    -0.0790385894
       2ab2..    -0.0787723498
       2ba2..    -0.0787723498
       a2b2..    -0.0773577106
       b2a2..    -0.0773577106
       ab22..     0.0746555387
       ba22..     0.0746555387
       2baa.b     0.0680312930
       2abb.a     0.0680312930
       22...2    -0.0672318406
       .2b2a.    -0.0641333285
       .2a2b.    -0.0641333285
       2ba.ab     0.0609523454
       2ab.ba     0.0609523454
       22..ab     0.0600329389
       22..ba     0.0600329389
       2b.a.2     0.0565536614
       2a.b.2     0.0565536614
       b22.a.     0.0515979756
       a22.b.     0.0515979756

     * ci vector, state   3, <S^2> = -0.0000
       22.2..     0.4334413345
       222...    -0.3388485434
       22.b.a    -0.2734177706
       22.a.b    -0.2734177706
       2b2a..     0.2708997565
       2a2b..     0.2708997565
       a22b..    -0.2291904105
       b22a..    -0.2291904105
       2baab.    -0.1479194249
       2abba.    -0.1479194249
       22a.b.     0.1067373866
       22b.a.     0.1067373866
       .222..    -0.1061719932
       2a.b.2     0.0920813727
       2b.a.2     0.0920813727
       22...2    -0.0887487674
       2abab.    -0.0824919505
       2baba.    -0.0824919505
       22ba..    -0.0744227447
       22ab..    -0.0744227447
       a2bba.    -0.0719113618
       b2aab.    -0.0719113618
       2b2..a     0.0658014836
       2a2..b     0.0658014836
       2bbaa.     0.0654274744
       2aabb.     0.0654274744
       ba22..     0.0624479245
       ab22..     0.0624479245
       b2.2.a     0.0600876558
       a2.2.b     0.0600876558
       a2bab.    -0.0590782088
       b2aba.    -0.0590782088
       2.2b.a     0.0588728238
       2.2a.b     0.0588728238
       b22..a    -0.0566876631
       a22..b    -0.0566876631
       2.2..2     0.0518846343
       22.ab.     0.0515753722
       22.ba.     0.0515753722

    * METHOD: CASSCF                             102.61

  === SMITH program ===

    * freezing 10 orbitals
    * SS-SR internal contraction is used

    * Approximate memory requirement for SMITH calulation per MPI process:
      o Storage requirement for T-amplitude, lambda, and residual is 0.14 GB
      o Storage requirement for MO integrals is 0.02 GB
       - MO integral evaluation                    4.07

  ++ State-averaged Fock matrix over basis states ++

                         0                   1                   2                   3
     0       -1.4550611997       -0.0112451871       -0.0092076757        0.0156534195
     1       -0.0112451871       -1.5458678157       -0.0375673930        0.1258595933
     2       -0.0092076757       -0.0375673930       -1.2535199971        0.0250467679
     3        0.0156534195        0.1258595933        0.0250467679       -1.2604279154


  ++ Extended multi-state CASPT2 (XMS-CASPT2) rotation matrix ++

                         0                   1                   2                   3
     0       -0.1168392298       -0.9914491178        0.0465784671        0.0347518011
     1       -0.9189310343        0.1287350435        0.2007098178        0.3141792669
     2       -0.1279636642       -0.0213388289       -0.9600843466        0.2478063808
     3        0.3543157478       -0.0007680137        0.1891667592        0.9157923881


  ++ Reference energies in XMS basis ++

                         0                   1                   2                   3
     0     -386.6332624218       -0.0058185269        0.0109566828        0.0232259647
     1       -0.0058185269     -386.6930205334        0.0032880974        0.0014665927
     2        0.0109566828        0.0032880974     -386.5979987696        0.0020906896
     3        0.0232259647        0.0014665927        0.0020906896     -386.5767850942

    * Calculating and saving rdm4f

    - linear dependency detected:    1 /   72    min eigenvalue:     1.8674e-17    max eigenvalue:     1.8674e-17
    - linear dependency detected:    1 /   72    min eigenvalue:    -5.3447e-16    max eigenvalue:    -5.3447e-16
    - linear dependency detected:    1 /   72    min eigenvalue:    -1.4398e-15    max eigenvalue:    -1.4398e-15
    - linear dependency detected:    1 /   72    min eigenvalue:    -4.5283e-16    max eigenvalue:    -4.5283e-16
    - linear dependency detected:    7 /  216    min eigenvalue:    -3.2957e-15    max eigenvalue:     3.6243e-10
    - linear dependency detected:    8 /  216    min eigenvalue:    -1.8885e-15    max eigenvalue:     5.5395e-10
    - linear dependency detected:    6 /  216    min eigenvalue:    -3.1388e-15    max eigenvalue:     2.0918e-15
    - linear dependency detected:    9 /  216    min eigenvalue:    -1.6433e-15    max eigenvalue:     9.2242e-10
    - linear dependency detected:   10 /  216    min eigenvalue:    -2.1814e-15    max eigenvalue:     7.0829e-10
    - linear dependency detected:    7 /  216    min eigenvalue:    -1.9631e-16    max eigenvalue:     3.2776e-11
    - linear dependency detected:    7 /  216    min eigenvalue:    -5.6071e-16    max eigenvalue:     4.0272e-11
    - linear dependency detected:    7 /  216    min eigenvalue:    -5.7558e-16    max eigenvalue:     8.9131e-11
       - RDM + denominator evaluation              2.03

    * Zeroth order energy : state  0       -1.6010571328
    * Zeroth order energy : state  1       -1.4537871145
    * Zeroth order energy : state  2       -1.2501546593
    * Zeroth order energy : state  3       -1.2098780214

    * CASPT2 iteration is performed using redundant basis

      ---- iteration ----

        0    -1.14842361     0.00098724      3.17
        1    -1.14892178     0.00005324      3.35
        2    -1.14892365     0.00000356      3.43
        3    -1.14892365     0.00000027      3.50

        0    -1.10448577     0.00079402      3.73
        1    -1.10485959     0.00004171      3.32
        2    -1.10486108     0.00000287      3.52
        3    -1.10486109     0.00000024      3.46

        0    -1.12056186     0.00075152      3.71
        1    -1.12094680     0.00004203      3.38
        2    -1.12094862     0.00000309      3.42
        3    -1.12094864     0.00000027      3.34

        0    -1.11313696     0.00074799      3.75
        1    -1.11351393     0.00004188      3.35
        2    -1.11351579     0.00000351      3.35
        3    -1.11351580     0.00000033      3.57

      -------------------

       - CASPT2 energy evaluation                 57.44

    * CASPT2 energy : state  0     -387.9650634109
        w/o shift correction       -387.7821860761
        reference weight              0.7321959223

    * CASPT2 energy : state  1     -387.9683018438
        w/o shift correction       -387.7978816211
        reference weight              0.7458008918

    * CASPT2 energy : state  2     -387.8973463631
        w/o shift correction       -387.7189474047
        reference weight              0.7370294335

    * CASPT2 energy : state  3     -387.8659890419
        w/o shift correction       -387.6903008962
        reference weight              0.7399863431


    * MS-CASPT2 Heff
           -387.9650634109       -0.0044753390        0.0089089115        0.0112823321
             -0.0044753390     -387.9683018438       -0.0003471698       -0.0009468390
              0.0089089115       -0.0003471698     -387.8973463631       -0.0013513532
              0.0112823321       -0.0009468390       -0.0013513532     -387.8659890419


    * MS-CASPT2 rotation matrix
             -0.6638656400       -0.7282758653       -0.1284243398       -0.1113726405
             -0.7410667066        0.6711684600        0.0126903194        0.0138560651
              0.0767544121        0.1032788725       -0.9916300276        0.0105888164
              0.0648945971        0.0920903732        0.0040041310       -0.9936256948


    * XMS-CASPT2 rotation matrix
              0.8181257895       -0.5723273084       -0.0436262608       -0.0347619617
              0.5504393855        0.8053001647       -0.0781250671       -0.2059237760
              0.0431547611        0.0025350526        0.9692035689       -0.2424369653
             -0.1606995399       -0.1546824820       -0.2294289984       -0.9474235179

    * MS-CASPT2 energy : state  0     -387.9721920905
    * MS-CASPT2 energy : state  1     -387.9636290507
    * MS-CASPT2 energy : state  2     -387.8961826854
    * MS-CASPT2 energy : state  3     -387.8646968332



    * METHOD: SMITH                               83.12


  
  ===============================================================

