--------------------------------------------------
JOB FRONT-END 3110240 on wux15
SLURM ENVIRONMENT
--------------------------------------------------
SLURM_JOB_ID                   = 3110240             
SLURM_ARRAY_JOB_ID             = N/A                 
SLURM_ARRAY_TASK_ID            = N/A                 
SLURM_JOB_NAME                 = bagel               
SLURM_JOB_PARTITION            = batch               
SLURM_JOB_NUM_NODES            = 1                   
SLURM_JOB_CPUS_PER_NODE        = 20                  
SLURM_NTASKS                   = 20                  
SLURM_NTASKS_PER_NODE          = N/A                 
--------------------------------------------------
--------------------------------------------------
PBS ENVIRONMENT
--------------------------------------------------
PBS_JOBID                      = 3110240             
PBS_ARRAYID                    = N/A                 
PBS_JOBNAME                    = bagel               
PBS_QUEUE                      = batch               
PBS_NUM_NODES                  = 1                   
PBS_NUM_PPN                    = 1                   
PBS_NP                         = 20                  
PBS_NODEFILE                   = /tmp/3110240/nodes  
--------------------------------------------------
  * process grid (5, 4) will be used
    wux15                           
    wux15                           
    wux15                           
    wux15                           
    wux15                           
    wux15                           
    wux15                           
    wux15                           
    wux15                           
    wux15                           
    wux15                           
    wux15                           
    wux15                           
    wux15                           
    wux15                           
    wux15                           
    wux15                           
    wux15                           
    wux15                           
    wux15                           

  * using 20 threads per process

  ===============================================================
    BAGEL - Freshly leavened quantum chemistry                   
  ===============================================================

  *** Geometry ***

  { "atom" : "C", "xyz" : [      4.537293,     -1.102536,      1.429141 ] },
  { "atom" : "C", "xyz" : [      4.177607,      1.581064,      1.735571 ] },
  { "atom" : "C", "xyz" : [      1.854433,      2.690825,      1.192664 ] },
  { "atom" : "N", "xyz" : [     -0.113239,      1.131025,      0.609664 ] },
  { "atom" : "B", "xyz" : [     -0.008521,     -1.607550,      0.565992 ] },
  { "atom" : "C", "xyz" : [      2.562076,     -2.800191,      0.962809 ] },
  { "atom" : "C", "xyz" : [     -2.399473,     -1.900129,     -1.293220 ] },
  { "atom" : "C", "xyz" : [     -5.116742,     -1.091013,     -0.774828 ] },
  { "atom" : "C", "xyz" : [     -4.699960,      1.451823,     -0.988558 ] },
  { "atom" : "C", "xyz" : [     -1.932926,      1.096731,     -1.568561 ] },
  { "atom" : "H", "xyz" : [      6.496343,     -1.785971,      1.460790 ] },
  { "atom" : "H", "xyz" : [      5.789474,      2.783091,      2.199169 ] },
  { "atom" : "H", "xyz" : [      1.571300,      4.742959,      1.165624 ] },
  { "atom" : "H", "xyz" : [      3.029891,     -4.781990,      0.590529 ] },
  { "atom" : "H", "xyz" : [     -2.054912,     -3.170008,     -2.893136 ] },
  { "atom" : "H", "xyz" : [     -6.831700,     -2.200653,     -0.415560 ] },
  { "atom" : "H", "xyz" : [     -5.823423,      3.161307,     -0.678516 ] },
  { "atom" : "H", "xyz" : [     -1.037522,      1.801215,     -3.299576 ] },

  Number of auxiliary basis functions:      884

  Since a DF basis is specified, we compute 2- and 3-index integrals:
    o Being stored without compression. Storage requirement is 0.079 GB
       - 3-index ints prep                         0.00
       - 3-index ints                              0.05
       - 2-index ints                              0.03
       - computing inverse                         0.35
        elapsed time:        0.42 sec.


  Number of basis functions:      106
  Number of electrons      :       68


    * METHOD: MOLECULE                             0.46

       - Overlap matrix                            0.01
       - Hcore matrix                              0.01
       - Overlap orthog                            0.01

  *** RHF ***

  === Nuclear Repulsion ===
  
   455.9792701180

      * DIIS with orbital gradients will be used.

       - SCF startup                               0.44

  === RHF iteration (/home/miaoxin/software/bagel-1.2.2/obj/share/3-21g.json) ===
  
               o Fock build                                  0.21
      0       -384.32335809          0.01187441           0.21
               o DIIS                                        0.00
               o Diag                                        0.01
               o Post process                                0.00
               o Fock build                                  0.21
      1       -384.46846925          0.00420825           0.23
               o DIIS                                        0.00
               o Diag                                        0.01
               o Post process                                0.00
               o Fock build                                  0.16
      2       -384.48431624          0.00163356           0.18
               o DIIS                                        0.00
               o Diag                                        0.01
               o Post process                                0.00
               o Fock build                                  0.24
      3       -384.48691497          0.00031568           0.25
               o DIIS                                        0.00
               o Diag                                        0.01
               o Post process                                0.00
               o Fock build                                  0.16
      4       -384.48703588          0.00009547           0.18
               o DIIS                                        0.00
               o Diag                                        0.01
               o Post process                                0.00
               o Fock build                                  0.16
      5       -384.48705452          0.00003511           0.18
               o DIIS                                        0.00
               o Diag                                        0.01
               o Post process                                0.00
               o Fock build                                  0.16
      6       -384.48705778          0.00002099           0.18
               o DIIS                                        0.00
               o Diag                                        0.01
               o Post process                                0.00
               o Fock build                                  0.16
      7       -384.48705931          0.00000781           0.17
               o DIIS                                        0.00
               o Diag                                        0.01
               o Post process                                0.00
               o Fock build                                  0.16
      8       -384.48705959          0.00000377           0.17
               o DIIS                                        0.00
               o Diag                                        0.01
               o Post process                                0.00
               o Fock build                                  0.17
      9       -384.48705963          0.00000170           0.18
               o DIIS                                        0.00
               o Diag                                        0.01
               o Post process                                0.00
               o Fock build                                  0.17
     10       -384.48705964          0.00000081           0.19
               o DIIS                                        0.00
               o Diag                                        0.01
               o Post process                                0.00
               o Fock build                                  0.16
     11       -384.48705964          0.00000036           0.18
               o DIIS                                        0.00
               o Diag                                        0.01
               o Post process                                0.00
               o Fock build                                  0.16
     12       -384.48705964          0.00000012           0.18
               o DIIS                                        0.00
               o Diag                                        0.01
               o Post process                                0.00
               o Fock build                                  0.17
     13       -384.48705964          0.00000006           0.18
               o DIIS                                        0.00
               o Diag                                        0.01
               o Post process                                0.00
               o Fock build                                  0.21
     14       -384.48705964          0.00000002           0.22
               o DIIS                                        0.00
               o Diag                                        0.01
               o Post process                                0.00
               o Fock build                                  0.22
     15       -384.48705964          0.00000001           0.23
               o DIIS                                        0.00
               o Diag                                        0.01
               o Post process                                0.00
               o Fock build                                  0.16
     16       -384.48705964          0.00000001           0.18
  
    * SCF iteration converged.

    * Permanent dipole moment:
           (   -0.066880,    -0.429511,     0.416002) a.u.

  ---------------------------
      CASSCF calculation     
  ---------------------------

 
    ==== Active orbitals : ===== 
         Orbital 32
         Orbital 33
         Orbital 34
         Orbital 35
         Orbital 36
         Orbital 37
    ============================ 

    * nstate   :      4
    * nclosed  :     31
    * nact     :      6
    * nvirt    :     69
  === CASSCF iteration (/home/miaoxin/software/bagel-1.2.2/obj/share/3-21g.json) ===

    * Using the second-order algorithm

      0  0      -384.52056118     3.71e-03      0.28
      0  1      -384.29196595     0.00e+00      0.28
      0  2      -384.25275116     0.00e+00      0.28
      0  3      -384.21956226     0.00e+00      0.28

         res : 7.59e-02   lamb: 1.00e+00   eps : -1.79e-02   step: 2.94e-01    0.21
         res : 2.74e-02   lamb: 1.00e+00   eps : -2.06e-02   step: 3.63e-01    0.21
         res : 1.03e-02   lamb: 1.00e+00   eps : -2.08e-02   step: 3.65e-01    0.22
         res : 2.69e-03   lamb: 1.00e+00   eps : -2.09e-02   step: 3.64e-01    0.22
         res : 8.80e-04   lamb: 1.00e+00   eps : -2.09e-02   step: 3.65e-01    0.21
         res : 2.53e-04   lamb: 1.00e+00   eps : -2.09e-02   step: 3.65e-01    0.20
         res : 8.15e-05   lamb: 1.00e+00   eps : -2.09e-02   step: 3.65e-01    0.20
         res : 2.95e-05   lamb: 1.00e+00   eps : -2.09e-02   step: 3.65e-01    0.21

      1  0      -384.53172985     1.03e-03      2.47
      1  1      -384.30654322     0.00e+00      2.47
      1  2      -384.27041216     0.00e+00      2.47
      1  3      -384.23378019     0.00e+00      2.47

         res : 3.79e-02   lamb: 1.00e+00   eps : -3.55e-03   step: 1.54e-01    0.20
         res : 1.15e-02   lamb: 1.00e+00   eps : -3.97e-03   step: 1.86e-01    0.22
         res : 5.48e-03   lamb: 1.00e+00   eps : -4.05e-03   step: 1.94e-01    0.20
         res : 2.27e-03   lamb: 1.00e+00   eps : -4.06e-03   step: 1.98e-01    0.20
         res : 8.07e-04   lamb: 1.00e+00   eps : -4.06e-03   step: 1.99e-01    0.20
         res : 2.41e-04   lamb: 1.00e+00   eps : -4.06e-03   step: 2.00e-01    0.20
         res : 8.44e-05   lamb: 1.00e+00   eps : -4.06e-03   step: 2.00e-01    0.20
         res : 2.30e-05   lamb: 1.00e+00   eps : -4.06e-03   step: 2.00e-01    0.20
         res : 1.06e-05   lamb: 1.00e+00   eps : -4.06e-03   step: 2.00e-01    0.20

      2  0      -384.53695164     2.98e-03      2.65
      2  1      -384.30934795     0.00e+00      2.65
      2  2      -384.27983247     0.00e+00      2.65
      2  3      -384.24137907     0.00e+00      2.65

         res : 8.35e-02   lamb: 1.00e+00   eps : -1.30e-02   step: 2.38e-01    0.19
         res : 2.32e-02   lamb: 1.00e+00   eps : -1.54e-02   step: 3.55e-01    0.21
         res : 1.37e-02   lamb: 1.00e+00   eps : -1.56e-02   step: 3.75e-01    0.20
         res : 2.88e-03   lamb: 1.00e+00   eps : -1.57e-02   step: 3.77e-01    0.20
         res : 1.03e-03   lamb: 1.00e+00   eps : -1.57e-02   step: 3.79e-01    0.20
         res : 3.33e-04   lamb: 1.00e+00   eps : -1.57e-02   step: 3.79e-01    0.20
         res : 8.63e-05   lamb: 1.00e+00   eps : -1.57e-02   step: 3.79e-01    0.20
         res : 2.84e-05   lamb: 1.00e+00   eps : -1.57e-02   step: 3.79e-01    0.22

      3  0      -384.54556663     1.15e-03      2.49
      3  1      -384.32369923     0.00e+00      2.49
      3  2      -384.29735262     0.00e+00      2.49
      3  3      -384.26649852     0.00e+00      2.49

         res : 6.03e-02   lamb: 1.00e+00   eps : -1.48e-02   step: 3.55e-01    0.19
         res : 2.08e-02   lamb: 1.00e+00   eps : -1.57e-02   step: 3.79e-01    0.20
         res : 7.98e-03   lamb: 1.00e+00   eps : -1.58e-02   step: 3.80e-01    0.20
         res : 2.58e-03   lamb: 1.00e+00   eps : -1.58e-02   step: 3.80e-01    0.20
         res : 7.18e-04   lamb: 1.00e+00   eps : -1.58e-02   step: 3.80e-01    0.20
         res : 2.29e-04   lamb: 1.00e+00   eps : -1.58e-02   step: 3.80e-01    0.22
         res : 7.90e-05   lamb: 1.00e+00   eps : -1.58e-02   step: 3.80e-01    0.22
         res : 2.62e-05   lamb: 1.00e+00   eps : -1.58e-02   step: 3.80e-01    0.20

      4  0      -384.55493594     6.69e-04      2.44
      4  1      -384.33691319     0.00e+00      2.44
      4  2      -384.30565795     0.00e+00      2.44
      4  3      -384.28495158     0.00e+00      2.44

         res : 3.10e-02   lamb: 1.00e+00   eps : -1.79e-03   step: 8.89e-02    0.19
         res : 6.93e-03   lamb: 1.00e+00   eps : -1.99e-03   step: 1.04e-01    0.20
         res : 3.50e-03   lamb: 1.00e+00   eps : -2.02e-03   step: 1.03e-01    0.22
         res : 1.07e-03   lamb: 1.00e+00   eps : -2.03e-03   step: 1.03e-01    0.22
         res : 3.29e-04   lamb: 1.00e+00   eps : -2.03e-03   step: 1.03e-01    0.21
         res : 9.91e-05   lamb: 1.00e+00   eps : -2.03e-03   step: 1.03e-01    0.20
         res : 3.05e-05   lamb: 1.00e+00   eps : -2.03e-03   step: 1.03e-01    0.20
         res : 1.28e-05   lamb: 1.00e+00   eps : -2.03e-03   step: 1.03e-01    0.20
         res : 4.37e-06   lamb: 1.00e+00   eps : -2.03e-03   step: 1.03e-01    0.20

      5  0      -384.55711779     2.56e-04      2.62
      5  1      -384.33605708     0.00e+00      2.62
      5  2      -384.30516677     0.00e+00      2.62
      5  3      -384.28913711     0.00e+00      2.62

         res : 9.16e-03   lamb: 1.00e+00   eps : -1.12e-04   step: 1.61e-02    0.21
         res : 2.06e-03   lamb: 1.00e+00   eps : -1.36e-04   step: 2.33e-02    0.21
         res : 7.62e-04   lamb: 1.00e+00   eps : -1.39e-04   step: 2.31e-02    0.21
         res : 2.37e-04   lamb: 1.00e+00   eps : -1.39e-04   step: 2.31e-02    0.20
         res : 7.78e-05   lamb: 1.00e+00   eps : -1.39e-04   step: 2.30e-02    0.22
         res : 2.82e-05   lamb: 1.00e+00   eps : -1.39e-04   step: 2.30e-02    0.21
         res : 8.90e-06   lamb: 1.00e+00   eps : -1.39e-04   step: 2.30e-02    0.20
         res : 3.91e-06   lamb: 1.00e+00   eps : -1.39e-04   step: 2.30e-02    0.20
         res : 9.79e-07   lamb: 1.00e+00   eps : -1.39e-04   step: 2.30e-02    0.20

      6  0      -384.55763818     1.04e-04      2.95
      6  1      -384.33590991     0.00e+00      2.95
      6  2      -384.30415985     0.00e+00      2.95
      6  3      -384.29013179     0.00e+00      2.95

         res : 2.65e-03   lamb: 1.00e+00   eps : -1.11e-05   step: 3.70e-03    0.19
         res : 7.32e-04   lamb: 1.00e+00   eps : -1.37e-05   step: 6.09e-03    0.20
         res : 3.02e-04   lamb: 1.00e+00   eps : -1.40e-05   step: 6.17e-03    0.20
         res : 8.11e-05   lamb: 1.00e+00   eps : -1.40e-05   step: 6.16e-03    0.20
         res : 2.51e-05   lamb: 1.00e+00   eps : -1.40e-05   step: 6.15e-03    0.21
         res : 9.93e-06   lamb: 1.00e+00   eps : -1.40e-05   step: 6.15e-03    0.23
         res : 3.89e-06   lamb: 1.00e+00   eps : -1.40e-05   step: 6.16e-03    0.21
         res : 1.26e-06   lamb: 1.00e+00   eps : -1.40e-05   step: 6.16e-03    0.20
         res : 2.83e-07   lamb: 1.00e+00   eps : -1.40e-05   step: 6.16e-03    0.20

      7  0      -384.55780898     3.97e-05      2.73
      7  1      -384.33595484     0.00e+00      2.73
      7  2      -384.30367732     0.00e+00      2.73
      7  3      -384.29043626     0.00e+00      2.73

         res : 8.64e-04   lamb: 1.00e+00   eps : -1.37e-06   step: 1.11e-03    0.19
         res : 2.67e-04   lamb: 1.00e+00   eps : -1.68e-06   step: 1.87e-03    0.22
         res : 1.12e-04   lamb: 1.00e+00   eps : -1.71e-06   step: 1.93e-03    0.24
         res : 2.93e-05   lamb: 1.00e+00   eps : -1.71e-06   step: 1.93e-03    0.19
         res : 8.61e-06   lamb: 1.00e+00   eps : -1.71e-06   step: 1.93e-03    0.20
         res : 3.37e-06   lamb: 1.00e+00   eps : -1.71e-06   step: 1.93e-03    0.20
         res : 1.39e-06   lamb: 1.00e+00   eps : -1.71e-06   step: 1.93e-03    0.20
         res : 4.44e-07   lamb: 1.00e+00   eps : -1.71e-06   step: 1.93e-03    0.20
         res : 9.71e-08   lamb: 1.00e+00   eps : -1.71e-06   step: 1.93e-03    0.20

      8  0      -384.55786990     1.49e-05      2.80
      8  1      -384.33599074     0.00e+00      2.80
      8  2      -384.30348272     0.00e+00      2.80
      8  3      -384.29053869     0.00e+00      2.80

         res : 3.02e-04   lamb: 1.00e+00   eps : -1.81e-07   step: 3.74e-04    0.19
         res : 9.81e-05   lamb: 1.00e+00   eps : -2.20e-07   step: 6.33e-04    0.20
         res : 4.12e-05   lamb: 1.00e+00   eps : -2.23e-07   step: 6.59e-04    0.20
         res : 1.09e-05   lamb: 1.00e+00   eps : -2.24e-07   step: 6.61e-04    0.20
         res : 3.14e-06   lamb: 1.00e+00   eps : -2.24e-07   step: 6.61e-04    0.21
         res : 1.18e-06   lamb: 1.00e+00   eps : -2.24e-07   step: 6.62e-04    0.21
         res : 5.05e-07   lamb: 1.00e+00   eps : -2.24e-07   step: 6.62e-04    0.20
         res : 1.65e-07   lamb: 1.00e+00   eps : -2.24e-07   step: 6.62e-04    0.22
         res : 3.60e-08   lamb: 1.00e+00   eps : -2.24e-07   step: 6.62e-04    0.21

      9  0      -384.55789213     5.54e-06      2.71
      9  1      -384.33600761     0.00e+00      2.71
      9  2      -384.30340832     0.00e+00      2.71
      9  3      -384.29057461     0.00e+00      2.71

         res : 1.08e-04   lamb: 1.00e+00   eps : -2.42e-08   step: 1.33e-04    0.19
         res : 3.60e-05   lamb: 1.00e+00   eps : -2.94e-08   step: 2.24e-04    0.21
         res : 1.52e-05   lamb: 1.00e+00   eps : -2.99e-08   step: 2.34e-04    0.21
         res : 4.06e-06   lamb: 1.00e+00   eps : -2.99e-08   step: 2.35e-04    0.20
         res : 1.17e-06   lamb: 1.00e+00   eps : -2.99e-08   step: 2.36e-04    0.21
         res : 4.23e-07   lamb: 1.00e+00   eps : -2.99e-08   step: 2.36e-04    0.23
         res : 1.85e-07   lamb: 1.00e+00   eps : -2.99e-08   step: 2.36e-04    0.20
         res : 6.19e-08   lamb: 1.00e+00   eps : -2.99e-08   step: 2.36e-04    0.20
         res : 1.36e-08   lamb: 1.00e+00   eps : -2.99e-08   step: 2.36e-04    0.20

     10  0      -384.55790029     2.05e-06      2.79
     10  1      -384.33601453     0.00e+00      2.79
     10  2      -384.30338046     0.00e+00      2.79
     10  3      -384.29058747     0.00e+00      2.79

         res : 3.94e-05   lamb: 1.00e+00   eps : -3.28e-09   step: 4.80e-05    0.21
         res : 1.33e-05   lamb: 1.00e+00   eps : -3.96e-09   step: 8.08e-05    0.22
         res : 5.60e-06   lamb: 1.00e+00   eps : -4.02e-09   step: 8.49e-05    0.20
         res : 1.51e-06   lamb: 1.00e+00   eps : -4.03e-09   step: 8.53e-05    0.21
         res : 4.34e-07   lamb: 1.00e+00   eps : -4.03e-09   step: 8.53e-05    0.21
         res : 1.54e-07   lamb: 1.00e+00   eps : -4.03e-09   step: 8.53e-05    0.20
         res : 6.79e-08   lamb: 1.00e+00   eps : -4.03e-09   step: 8.54e-05    0.21
         res : 2.31e-08   lamb: 1.00e+00   eps : -4.03e-09   step: 8.54e-05    0.20
         res : 5.09e-09   lamb: 1.00e+00   eps : -4.03e-09   step: 8.54e-05    0.20

     11  0      -384.55790329     7.58e-07      2.81
     11  1      -384.33601723     0.00e+00      2.81
     11  2      -384.30337012     0.00e+00      2.81
     11  3      -384.29059212     0.00e+00      2.81

         res : 1.44e-05   lamb: 1.00e+00   eps : -4.44e-10   step: 1.75e-05    0.18
         res : 4.88e-06   lamb: 1.00e+00   eps : -5.35e-10   step: 2.95e-05    0.21
         res : 2.06e-06   lamb: 1.00e+00   eps : -5.44e-10   step: 3.10e-05    0.20
         res : 5.59e-07   lamb: 1.00e+00   eps : -5.44e-10   step: 3.11e-05    0.21
         res : 1.61e-07   lamb: 1.00e+00   eps : -5.45e-10   step: 3.11e-05    0.19
         res : 5.62e-08   lamb: 1.00e+00   eps : -5.45e-10   step: 3.12e-05    0.21
         res : 2.50e-08   lamb: 1.00e+00   eps : -5.45e-10   step: 3.12e-05    0.21
         res : 8.58e-09   lamb: 1.00e+00   eps : -5.45e-10   step: 3.12e-05    0.20
         res : 1.90e-09   lamb: 1.00e+00   eps : -5.45e-10   step: 3.12e-05    0.20

     12  0      -384.55790440     2.80e-07      2.68
     12  1      -384.33601825     0.00e+00      2.68
     12  2      -384.30336630     0.00e+00      2.68
     12  3      -384.29059382     0.00e+00      2.68

         res : 5.28e-06   lamb: 1.00e+00   eps : -6.01e-11   step: 6.43e-06    0.18
         res : 1.79e-06   lamb: 1.00e+00   eps : -7.25e-11   step: 1.08e-05    0.20
         res : 7.61e-07   lamb: 1.00e+00   eps : -7.36e-11   step: 1.13e-05    0.22
         res : 2.07e-07   lamb: 1.00e+00   eps : -7.37e-11   step: 1.14e-05    0.20
         res : 5.97e-08   lamb: 1.00e+00   eps : -7.37e-11   step: 1.14e-05    0.22
         res : 2.06e-08   lamb: 1.00e+00   eps : -7.37e-11   step: 1.14e-05    0.21
         res : 9.21e-09   lamb: 1.00e+00   eps : -7.37e-11   step: 1.14e-05    0.21
         res : 3.18e-09   lamb: 1.00e+00   eps : -7.37e-11   step: 1.14e-05    0.20

     13  0      -384.55790480     1.03e-07      2.51
     13  1      -384.33601863     0.00e+00      2.51
     13  2      -384.30336489     0.00e+00      2.51
     13  3      -384.29059444     0.00e+00      2.51

         res : 1.94e-06   lamb: 1.00e+00   eps : -8.15e-12   step: 2.36e-06    0.22
         res : 6.61e-07   lamb: 1.00e+00   eps : -9.82e-12   step: 3.96e-06    0.21
         res : 2.80e-07   lamb: 1.00e+00   eps : -9.97e-12   step: 4.17e-06    0.20
         res : 7.65e-08   lamb: 1.00e+00   eps : -9.98e-12   step: 4.19e-06    0.20
         res : 2.21e-08   lamb: 1.00e+00   eps : -9.98e-12   step: 4.19e-06    0.20
         res : 7.58e-09   lamb: 1.00e+00   eps : -9.98e-12   step: 4.19e-06    0.20
         res : 3.40e-09   lamb: 1.00e+00   eps : -9.98e-12   step: 4.19e-06    0.20

     14  0      -384.55790495     3.80e-08      2.31
     14  1      -384.33601878     0.00e+00      2.31
     14  2      -384.30336437     0.00e+00      2.31
     14  3      -384.29059467     0.00e+00      2.31

         res : 7.12e-07   lamb: 1.00e+00   eps : -1.10e-12   step: 8.68e-07    0.20
         res : 2.43e-07   lamb: 1.00e+00   eps : -1.33e-12   step: 1.45e-06    0.20
         res : 1.03e-07   lamb: 1.00e+00   eps : -1.35e-12   step: 1.53e-06    0.22
         res : 2.82e-08   lamb: 1.00e+00   eps : -1.35e-12   step: 1.54e-06    0.19
         res : 8.13e-09   lamb: 1.00e+00   eps : -1.35e-12   step: 1.54e-06    0.21
         res : 2.78e-09   lamb: 1.00e+00   eps : -1.35e-12   step: 1.54e-06    0.20

     15  0      -384.55790501     1.40e-08      2.12
     15  1      -384.33601883     0.00e+00      2.12
     15  2      -384.30336418     0.00e+00      2.12
     15  3      -384.29059475     0.00e+00      2.12

         res : 2.62e-07   lamb: 1.00e+00   eps : -1.50e-13   step: 3.19e-07    0.19
         res : 8.95e-08   lamb: 1.00e+00   eps : -1.80e-13   step: 5.34e-07    0.20
         res : 3.82e-08   lamb: 1.00e+00   eps : -1.83e-13   step: 5.63e-07    0.20
         res : 1.04e-08   lamb: 1.00e+00   eps : -1.83e-13   step: 5.66e-07    0.20
         res : 3.03e-09   lamb: 1.00e+00   eps : -1.83e-13   step: 5.67e-07    0.20

     16  0      -384.55790503     5.15e-09      1.86
     16  1      -384.33601885     0.00e+00      1.86
     16  2      -384.30336410     0.00e+00      1.86
     16  3      -384.29059478     0.00e+00      1.86

    * Second-order optimization converged. *   

    * Integral transformation done. Elapsed time: 0.23

     guess   0:   closed 111...               open ......              
     guess   1:   closed 11....               open ..11..              
     guess   2:   closed 1.1...               open .1..1.              
     guess   3:   closed .11...               open 1..1..              

  === FCI iteration ===

      0  0      -384.48697769     1.00e-02      0.00
      0  1      -384.23520318     9.49e-03      0.00
      0  2      -384.14398139     1.15e-02      0.00
      0  3      -384.07843816     8.50e-03      0.00

      1  0      -384.55153488     3.93e-03      0.00
      1  1      -384.29303064     4.19e-03      0.00
      1  2      -384.26175994     7.91e-03      0.00
      1  3      -384.13633727     4.70e-03      0.00

      2  0      -384.55758758     9.98e-04      0.00
      2  1      -384.31107631     5.43e-03      0.00
      2  2      -384.30024225     3.21e-03      0.00
      2  3      -384.14840348     1.90e-03      0.00

      3  0      -384.55789696     1.67e-04      0.00
      3  1      -384.33317436     2.55e-03      0.00
      3  2      -384.30316254     6.26e-04      0.00
      3  3      -384.15009670     6.44e-04      0.00

      4  0      -384.55790473     2.98e-05      0.00
      4  1      -384.33592070     4.48e-04      0.00
      4  2      -384.30333276     1.96e-04      0.00
      4  3      -384.15046842     4.74e-04      0.00

      5  0      -384.55790501     5.94e-06      0.00
      5  1      -384.33601387     8.74e-05      0.00
      5  2      -384.30335309     5.38e-05      0.00
      5  3      -384.16138581     5.04e-03      0.00

      6  0      -384.55790503     1.08e-06      0.00
      6  1      -384.33601860     1.91e-05      0.00
      6  2      -384.30335583     3.53e-05      0.00
      6  3      -384.19480803     6.35e-03      0.00

      7  0      -384.55790503     1.60e-07      0.00
      7  1      -384.33601883     4.50e-06      0.00
      7  2      -384.30336133     5.70e-05      0.00
      7  3      -384.28403642     3.33e-03      0.00

      8  0      -384.55790503     3.62e-08      0.01
      8  1      -384.33601885     1.16e-06      0.00
      8  2      -384.30336391     1.70e-05      0.00
      8  3      -384.29026318     6.90e-04      0.00
    - linear dependency detected:    1 /   40    min eigenvalue:     9.5293e-09    max eigenvalue:     9.5293e-09
    * Using canonical orthogonalization due to linear dependency


      9  0      -384.55790503     1.10e-08      0.01
      9  1      -384.33601885     5.75e-07      0.00
      9  2      -384.30336408     5.19e-06      0.00
      9  3      -384.29055659     2.12e-04      0.00
    - linear dependency detected:    1 /   44    min eigenvalue:     2.0696e-09    max eigenvalue:     2.0696e-09
    * Using canonical orthogonalization due to linear dependency


     10  0      -384.55790503     2.63e-09      0.02
     10  1      -384.33601885     2.15e-07      0.00
     10  2      -384.30336410     1.79e-06      0.00
     10  3      -384.29059042     7.30e-05      0.00
    - linear dependency detected:    1 /   48    min eigenvalue:     3.1764e-11    max eigenvalue:     3.1764e-11
    * Using canonical orthogonalization due to linear dependency


     11  0      -384.55790503     4.44e-10      0.01
     11  1      -384.33601885     6.13e-08      0.00
     11  2      -384.30336410     5.71e-07      0.00
     11  3      -384.29059441     2.32e-05      0.00
    - linear dependency detected:    1 /   52    min eigenvalue:     6.8028e-12    max eigenvalue:     6.8028e-12
    * Using canonical orthogonalization due to linear dependency


     12  0      -384.55790503     1.36e-10      0.02
     12  1      -384.33601885     1.39e-08      0.00
     12  2      -384.30336410     1.37e-07      0.00
     12  3      -384.29059476     5.78e-06      0.00
    - linear dependency detected:    1 /   56    min eigenvalue:     1.2898e-13    max eigenvalue:     1.2898e-13
    * Using canonical orthogonalization due to linear dependency


     13  0 *    -384.55790503     3.42e-11      0.01
     13  1      -384.33601885     3.18e-09      0.00
     13  2      -384.30336410     3.42e-08      0.00
     13  3      -384.29059478     1.49e-06      0.00
    - linear dependency detected:    1 /   59    min eigenvalue:     4.2649e-14    max eigenvalue:     4.2649e-14
    * Using canonical orthogonalization due to linear dependency


     14  0 *    -384.55790503     4.57e-11      0.01
     14  1      -384.33601885     5.43e-10      0.00
     14  2      -384.30336410     6.24e-09      0.00
     14  3      -384.29059478     2.80e-07      0.00
    - linear dependency detected:    1 /   62    min eigenvalue:     1.2984e-14    max eigenvalue:     1.2984e-14
    * Using canonical orthogonalization due to linear dependency


     15  0 *    -384.55790503     5.12e-11      0.01
     15  1      -384.33601885     1.25e-10      0.00
     15  2      -384.30336410     1.24e-09      0.00
     15  3      -384.29059478     5.67e-08      0.00
    - linear dependency detected:    1 /   65    min eigenvalue:     2.7243e-15    max eigenvalue:     2.7243e-15
    * Using canonical orthogonalization due to linear dependency


     16  0 *    -384.55790503     3.98e-11      0.01
     16  1 *    -384.33601885     2.18e-11      0.00
     16  2      -384.30336410     2.96e-10      0.00
     16  3      -384.29059478     1.45e-08      0.00
    - linear dependency detected:    1 /   67    min eigenvalue:     5.4588e-16    max eigenvalue:     5.4588e-16
    * Using canonical orthogonalization due to linear dependency


     17  0 *    -384.55790503     3.69e-11      0.01
     17  1 *    -384.33601885     1.02e-11      0.00
     17  2 *    -384.30336410     5.07e-11      0.00
     17  3      -384.29059478     2.51e-09      0.00
    - linear dependency detected:    1 /   68    min eigenvalue:     7.9364e-16    max eigenvalue:     7.9364e-16
    * Using canonical orthogonalization due to linear dependency


     18  0 *    -384.55790503     3.77e-11      0.01
     18  1 *    -384.33601885     9.73e-12      0.00
     18  2 *    -384.30336410     2.57e-11      0.00
     18  3      -384.29059478     5.73e-10      0.00
    - linear dependency detected:    1 /   69    min eigenvalue:     1.0231e-16    max eigenvalue:     1.0231e-16
    * Using canonical orthogonalization due to linear dependency


     19  0 *    -384.55790503     3.25e-11      0.02
     19  1 *    -384.33601885     9.29e-12      0.00
     19  2 *    -384.30336410     2.16e-11      0.00
     19  3      -384.29059478     1.89e-10      0.00
    - linear dependency detected:    1 /   70    min eigenvalue:    -5.7822e-16    max eigenvalue:    -5.7822e-16
    * Using canonical orthogonalization due to linear dependency


     20  0 *    -384.55790503     1.87e-11      0.01
     20  1 *    -384.33601885     9.20e-12      0.00
     20  2 *    -384.30336410     1.26e-11      0.00
     20  3 *    -384.29059478     6.44e-11      0.00

     * ci vector, state   0, <S^2> = -0.0000
       222...    -0.8716597583
       22ba..    -0.2410766953
       22ab..    -0.2410766953
       2.2.2.     0.2068813498
       22.2..     0.1105655152
       a2bb.a     0.0987548927
       b2aa.b     0.0987548927
       .22..2     0.0820861899
       .222..     0.0674555233
       22...2     0.0627827839
       2.ba2.     0.0575174362
       2.ab2.     0.0575174362
       b2ba.a    -0.0523655218
       a2ab.b    -0.0523655218

     * ci vector, state   1, <S^2> = 0.0000
       22.2..     0.4095781343
       a22b..    -0.3963245844
       b22a..    -0.3963245844
       22b..a     0.3371643539
       22a..b     0.3371643539
       .222..    -0.2154578979
       22...2    -0.1886219178
       .22..2     0.1414541351
       a2ba.b    -0.1316656549
       b2ab.a    -0.1316656549
       b2a2..    -0.1011783128
       a2b2..    -0.1011783128
       2..22.    -0.0974738846
       a.2b2.    -0.0941462490
       b.2a2.    -0.0941462490
       222...    -0.0935815066
       a2bb.a    -0.0902660238
       b2aa.b    -0.0902660238
       b22..a     0.0850420429
       a22..b     0.0850420429
       2.b.2a     0.0801561930
       2.a.2b     0.0801561930
       22.b.a     0.0728073321
       22.a.b     0.0728073321
       a2.b.2    -0.0612966038
       b2.a.2    -0.0612966038
       .2a2.b     0.0571134119
       .2b2.a     0.0571134119
       ..222.     0.0512709364
       b2.2.a    -0.0508929104
       a2.2.b    -0.0508929104

     * ci vector, state   2, <S^2> = -0.0000
       22ab..     0.5998599920
       22ba..     0.5998599920
       222...    -0.3693412733
       2.ab2.    -0.1422706013
       2.ba2.    -0.1422706013
       b2aa.b    -0.0868756879
       a2bb.a    -0.0868756879
       2.2.2.     0.0842559761
       a2b2..    -0.0841392018
       b2a2..    -0.0841392018
       22.2..    -0.0780517968
       .222..     0.0697912198
       22.a.b     0.0673444755
       22.b.a     0.0673444755
       .2ab.2    -0.0646175155
       .2ba.2    -0.0646175155
       a2ab.b     0.0587757626
       b2ba.a     0.0587757626
       a22b..     0.0554614567
       b22a..     0.0554614567

     * ci vector, state   3, <S^2> = 0.0000
       2baab.     0.5407672144
       2abba.     0.5407672144
       2bbaa.    -0.2707855926
       2aabb.    -0.2707855926
       2abab.     0.2699816218
       2baba.     0.2699816218
       ab2.ba     0.1230229723
       ba2.ab     0.1230229723
       .baab2    -0.0726822924
       .abba2    -0.0726822924
       babaab     0.0630928820
       ababba     0.0630928820
       bb2.aa    -0.0615154977
       aa2.bb    -0.0615154977
       ba2.ba     0.0615074746
       ab2.ab     0.0615074746
       abbaba     0.0585253795
       baabab     0.0585253795

    * METHOD: CASSCF                              45.70

  Number of auxiliary basis functions:      884

  Since a DF basis is specified, we compute 2- and 3-index integrals:
    o Being stored without compression. Storage requirement is 0.645 GB
       - 3-index ints prep                         0.00
       - 3-index ints                              0.21
       - 2-index ints                              0.02
       - computing inverse                         0.28
        elapsed time:        0.51 sec.


  Number of basis functions:      302
  Number of electrons      :       68


    * METHOD: MOLECULE                             0.78

  ---------------------------
      CASSCF calculation     
  ---------------------------

 
    ==== Active orbitals : ===== 
         Orbital 32
         Orbital 33
         Orbital 34
         Orbital 35
         Orbital 36
         Orbital 37
    ============================ 

    * nstate   :      4
    * nclosed  :     31
    * nact     :      6
    * nvirt    :    265
  === CASSCF iteration (/home/miaoxin/software/bagel-1.2.2/obj/share/aug-cc-pVDZ.json) ===

    * Using the second-order algorithm

      0  0      -386.51514029     2.44e-02      0.44
      0  1      -386.29688808     0.00e+00      0.44
      0  2      -386.26234440     0.00e+00      0.44
      0  3      -386.25288285     0.00e+00      0.44

         res : 7.57e-01   lamb: 1.00e+00   eps : -3.85e-01   step: 2.11e-01    0.26
         res : 3.01e-01   lamb: 1.00e+00   eps : -4.33e-01   step: 2.32e-01    0.28
         res : 1.64e-01   lamb: 1.00e+00   eps : -4.42e-01   step: 2.41e-01    0.29
         res : 7.63e-02   lamb: 1.00e+00   eps : -4.44e-01   step: 2.47e-01    0.26
         res : 3.81e-02   lamb: 1.00e+00   eps : -4.44e-01   step: 2.50e-01    0.25
         res : 2.43e-02   lamb: 1.00e+00   eps : -4.45e-01   step: 2.51e-01    0.24
         res : 1.27e-02   lamb: 1.00e+00   eps : -4.45e-01   step: 2.52e-01    0.26
         res : 6.17e-03   lamb: 1.00e+00   eps : -4.45e-01   step: 2.52e-01    0.27
         res : 3.62e-03   lamb: 1.00e+00   eps : -4.45e-01   step: 2.52e-01    0.26
         res : 1.89e-03   lamb: 1.00e+00   eps : -4.45e-01   step: 2.52e-01    0.26
         res : 9.50e-04   lamb: 1.00e+00   eps : -4.45e-01   step: 2.52e-01    0.29
         res : 5.83e-04   lamb: 1.00e+00   eps : -4.45e-01   step: 2.52e-01    0.28
         res : 3.09e-04   lamb: 1.00e+00   eps : -4.45e-01   step: 2.52e-01    0.26
         res : 1.60e-04   lamb: 1.00e+00   eps : -4.45e-01   step: 2.52e-01    0.25
         res : 9.64e-05   lamb: 1.00e+00   eps : -4.45e-01   step: 2.52e-01    0.27
         res : 5.09e-05   lamb: 1.00e+00   eps : -4.45e-01   step: 2.52e-01    0.27
         res : 2.80e-05   lamb: 1.00e+00   eps : -4.45e-01   step: 2.52e-01    0.26
         res : 1.69e-05   lamb: 1.00e+00   eps : -4.45e-01   step: 2.52e-01    0.26

      1  0      -386.74883359     1.17e-03      6.89
      1  1      -386.53336572     0.00e+00      6.89
      1  2      -386.50501488     0.00e+00      6.89
      1  3      -386.48647323     0.00e+00      6.89

         res : 6.97e-02   lamb: 1.00e+00   eps : -4.36e-03   step: 6.54e-02    0.28
         res : 4.57e-02   lamb: 1.00e+00   eps : -5.73e-03   step: 8.90e-02    0.26
         res : 3.06e-02   lamb: 1.00e+00   eps : -6.31e-03   step: 1.02e-01    0.26
         res : 2.31e-02   lamb: 1.00e+00   eps : -6.60e-03   step: 1.09e-01    0.29
         res : 1.66e-02   lamb: 1.00e+00   eps : -6.76e-03   step: 1.15e-01    0.28
         res : 1.28e-02   lamb: 1.00e+00   eps : -6.85e-03   step: 1.19e-01    0.27
         res : 9.38e-03   lamb: 1.00e+00   eps : -6.89e-03   step: 1.21e-01    0.28
         res : 6.58e-03   lamb: 1.00e+00   eps : -6.91e-03   step: 1.22e-01    0.27
         res : 4.69e-03   lamb: 1.00e+00   eps : -6.92e-03   step: 1.23e-01    0.28
         res : 3.33e-03   lamb: 1.00e+00   eps : -6.93e-03   step: 1.23e-01    0.31
         res : 2.56e-03   lamb: 1.00e+00   eps : -6.93e-03   step: 1.23e-01    0.33
         res : 2.00e-03   lamb: 1.00e+00   eps : -6.94e-03   step: 1.23e-01    0.31
         res : 1.52e-03   lamb: 1.00e+00   eps : -6.94e-03   step: 1.24e-01    0.29
         res : 1.11e-03   lamb: 1.00e+00   eps : -6.94e-03   step: 1.24e-01    0.28
         res : 7.86e-04   lamb: 1.00e+00   eps : -6.94e-03   step: 1.24e-01    0.28
         res : 5.59e-04   lamb: 1.00e+00   eps : -6.94e-03   step: 1.24e-01    0.28
         res : 3.82e-04   lamb: 1.00e+00   eps : -6.94e-03   step: 1.24e-01    0.28
         res : 2.49e-04   lamb: 1.00e+00   eps : -6.94e-03   step: 1.24e-01    0.32
         res : 1.69e-04   lamb: 1.00e+00   eps : -6.94e-03   step: 1.24e-01    0.29
         res : 1.14e-04   lamb: 1.00e+00   eps : -6.94e-03   step: 1.24e-01    0.28
         res : 7.72e-05   lamb: 1.00e+00   eps : -6.94e-03   step: 1.24e-01    0.29
         res : 5.52e-05   lamb: 1.00e+00   eps : -6.94e-03   step: 1.24e-01    0.28
         res : 3.92e-05   lamb: 1.00e+00   eps : -6.94e-03   step: 1.24e-01    0.29
         res : 2.90e-05   lamb: 1.00e+00   eps : -6.94e-03   step: 1.24e-01    0.30
         res : 2.07e-05   lamb: 1.00e+00   eps : -6.94e-03   step: 1.24e-01    0.30
         res : 1.42e-05   lamb: 1.00e+00   eps : -6.94e-03   step: 1.24e-01    0.29
         res : 9.78e-06   lamb: 1.00e+00   eps : -6.94e-03   step: 1.24e-01    0.29

      2  0      -386.74898560     5.31e-05      9.99
      2  1      -386.53660093     0.00e+00      9.99
      2  2      -386.51272798     0.00e+00      9.99
      2  3      -386.48959545     0.00e+00      9.99

         res : 2.97e-03   lamb: 1.00e+00   eps : -1.29e-05   step: 4.67e-03    0.29
         res : 2.00e-03   lamb: 1.00e+00   eps : -1.68e-05   step: 6.85e-03    0.29
         res : 1.59e-03   lamb: 1.00e+00   eps : -1.83e-05   step: 7.75e-03    0.30
         res : 1.23e-03   lamb: 1.00e+00   eps : -1.93e-05   step: 8.34e-03    0.32
         res : 9.79e-04   lamb: 1.00e+00   eps : -1.99e-05   step: 8.77e-03    0.28
         res : 7.41e-04   lamb: 1.00e+00   eps : -2.03e-05   step: 9.13e-03    0.28
         res : 4.93e-04   lamb: 1.00e+00   eps : -2.04e-05   step: 9.30e-03    0.28
         res : 3.49e-04   lamb: 1.00e+00   eps : -2.05e-05   step: 9.37e-03    0.28
         res : 2.54e-04   lamb: 1.00e+00   eps : -2.06e-05   step: 9.39e-03    0.28
         res : 1.82e-04   lamb: 1.00e+00   eps : -2.06e-05   step: 9.40e-03    0.28
         res : 1.43e-04   lamb: 1.00e+00   eps : -2.06e-05   step: 9.41e-03    0.32
         res : 1.07e-04   lamb: 1.00e+00   eps : -2.06e-05   step: 9.40e-03    0.29
         res : 8.09e-05   lamb: 1.00e+00   eps : -2.06e-05   step: 9.40e-03    0.29
         res : 6.02e-05   lamb: 1.00e+00   eps : -2.06e-05   step: 9.41e-03    0.28
         res : 4.48e-05   lamb: 1.00e+00   eps : -2.06e-05   step: 9.41e-03    0.28
         res : 3.23e-05   lamb: 1.00e+00   eps : -2.06e-05   step: 9.41e-03    0.28
         res : 2.28e-05   lamb: 1.00e+00   eps : -2.06e-05   step: 9.42e-03    0.32
         res : 1.52e-05   lamb: 1.00e+00   eps : -2.06e-05   step: 9.42e-03    0.29
         res : 1.06e-05   lamb: 1.00e+00   eps : -2.06e-05   step: 9.42e-03    0.29
         res : 7.49e-06   lamb: 1.00e+00   eps : -2.06e-05   step: 9.42e-03    0.29
         res : 5.07e-06   lamb: 1.00e+00   eps : -2.06e-05   step: 9.42e-03    0.28
         res : 3.56e-06   lamb: 1.00e+00   eps : -2.06e-05   step: 9.42e-03    0.28
         res : 2.62e-06   lamb: 1.00e+00   eps : -2.06e-05   step: 9.42e-03    0.28
         res : 1.92e-06   lamb: 1.00e+00   eps : -2.06e-05   step: 9.42e-03    0.32
         res : 1.37e-06   lamb: 1.00e+00   eps : -2.06e-05   step: 9.42e-03    0.30
         res : 9.59e-07   lamb: 1.00e+00   eps : -2.06e-05   step: 9.42e-03    0.29
         res : 6.72e-07   lamb: 1.00e+00   eps : -2.06e-05   step: 9.42e-03    0.29

      3  0      -386.74879896     9.80e-06     10.24
      3  1      -386.53655583     0.00e+00     10.24
      3  2      -386.51316920     0.00e+00     10.24
      3  3      -386.48943263     0.00e+00     10.24

         res : 5.54e-04   lamb: 1.00e+00   eps : -5.12e-07   step: 9.79e-04    0.30
         res : 2.68e-04   lamb: 1.00e+00   eps : -6.26e-07   step: 1.38e-03    0.29
         res : 1.90e-04   lamb: 1.00e+00   eps : -6.52e-07   step: 1.45e-03    0.32
         res : 1.22e-04   lamb: 1.00e+00   eps : -6.64e-07   step: 1.48e-03    0.29
         res : 1.09e-04   lamb: 1.00e+00   eps : -6.70e-07   step: 1.50e-03    0.28
         res : 8.58e-05   lamb: 1.00e+00   eps : -6.75e-07   step: 1.53e-03    0.27
         res : 6.01e-05   lamb: 1.00e+00   eps : -6.77e-07   step: 1.55e-03    0.28
         res : 3.88e-05   lamb: 1.00e+00   eps : -6.78e-07   step: 1.56e-03    0.28
         res : 2.86e-05   lamb: 1.00e+00   eps : -6.79e-07   step: 1.56e-03    0.30
         res : 2.00e-05   lamb: 1.00e+00   eps : -6.79e-07   step: 1.56e-03    0.30
         res : 1.52e-05   lamb: 1.00e+00   eps : -6.79e-07   step: 1.56e-03    0.28
         res : 1.17e-05   lamb: 1.00e+00   eps : -6.79e-07   step: 1.56e-03    0.28
         res : 9.06e-06   lamb: 1.00e+00   eps : -6.79e-07   step: 1.56e-03    0.28
         res : 6.40e-06   lamb: 1.00e+00   eps : -6.79e-07   step: 1.56e-03    0.28
         res : 4.86e-06   lamb: 1.00e+00   eps : -6.79e-07   step: 1.56e-03    0.28
         res : 3.63e-06   lamb: 1.00e+00   eps : -6.79e-07   step: 1.56e-03    0.30
         res : 2.74e-06   lamb: 1.00e+00   eps : -6.79e-07   step: 1.56e-03    0.31
         res : 2.01e-06   lamb: 1.00e+00   eps : -6.79e-07   step: 1.56e-03    0.28
         res : 1.44e-06   lamb: 1.00e+00   eps : -6.79e-07   step: 1.56e-03    0.29
         res : 9.57e-07   lamb: 1.00e+00   eps : -6.79e-07   step: 1.56e-03    0.28
         res : 6.30e-07   lamb: 1.00e+00   eps : -6.79e-07   step: 1.56e-03    0.28
         res : 4.18e-07   lamb: 1.00e+00   eps : -6.79e-07   step: 1.56e-03    0.28
         res : 2.99e-07   lamb: 1.00e+00   eps : -6.79e-07   step: 1.56e-03    0.32
         res : 2.26e-07   lamb: 1.00e+00   eps : -6.79e-07   step: 1.56e-03    0.30
         res : 1.61e-07   lamb: 1.00e+00   eps : -6.79e-07   step: 1.56e-03    0.29
         res : 1.15e-07   lamb: 1.00e+00   eps : -6.79e-07   step: 1.56e-03    0.28

      4  0      -386.74877119     3.96e-06      9.92
      4  1      -386.53653467     0.00e+00      9.92
      4  2      -386.51326414     0.00e+00      9.92
      4  3      -386.48938838     0.00e+00      9.92

         res : 1.68e-04   lamb: 1.00e+00   eps : -5.44e-08   step: 2.54e-04    0.27
         res : 8.31e-05   lamb: 1.00e+00   eps : -6.50e-08   step: 3.78e-04    0.29
         res : 5.28e-05   lamb: 1.00e+00   eps : -6.70e-08   step: 4.01e-04    0.32
         res : 3.30e-05   lamb: 1.00e+00   eps : -6.77e-08   step: 4.07e-04    0.30
         res : 2.63e-05   lamb: 1.00e+00   eps : -6.81e-08   step: 4.11e-04    0.29
         res : 2.25e-05   lamb: 1.00e+00   eps : -6.83e-08   step: 4.16e-04    0.29
         res : 1.62e-05   lamb: 1.00e+00   eps : -6.85e-08   step: 4.20e-04    0.28
         res : 1.08e-05   lamb: 1.00e+00   eps : -6.85e-08   step: 4.22e-04    0.28
         res : 7.76e-06   lamb: 1.00e+00   eps : -6.86e-08   step: 4.23e-04    0.29
         res : 5.65e-06   lamb: 1.00e+00   eps : -6.86e-08   step: 4.23e-04    0.33
         res : 4.08e-06   lamb: 1.00e+00   eps : -6.86e-08   step: 4.24e-04    0.29
         res : 3.23e-06   lamb: 1.00e+00   eps : -6.86e-08   step: 4.24e-04    0.28
         res : 2.56e-06   lamb: 1.00e+00   eps : -6.86e-08   step: 4.24e-04    0.28
         res : 1.80e-06   lamb: 1.00e+00   eps : -6.86e-08   step: 4.24e-04    0.28
         res : 1.32e-06   lamb: 1.00e+00   eps : -6.86e-08   step: 4.24e-04    0.28
         res : 9.71e-07   lamb: 1.00e+00   eps : -6.86e-08   step: 4.24e-04    0.31
         res : 7.37e-07   lamb: 1.00e+00   eps : -6.86e-08   step: 4.24e-04    0.30
         res : 5.57e-07   lamb: 1.00e+00   eps : -6.86e-08   step: 4.24e-04    0.29
         res : 4.07e-07   lamb: 1.00e+00   eps : -6.86e-08   step: 4.24e-04    0.29
         res : 2.73e-07   lamb: 1.00e+00   eps : -6.86e-08   step: 4.24e-04    0.29
         res : 1.78e-07   lamb: 1.00e+00   eps : -6.86e-08   step: 4.24e-04    0.28
         res : 1.16e-07   lamb: 1.00e+00   eps : -6.86e-08   step: 4.24e-04    0.28
         res : 7.88e-08   lamb: 1.00e+00   eps : -6.86e-08   step: 4.24e-04    0.30
         res : 5.72e-08   lamb: 1.00e+00   eps : -6.86e-08   step: 4.24e-04    0.32
         res : 4.02e-08   lamb: 1.00e+00   eps : -6.86e-08   step: 4.24e-04    0.29

      5  0      -386.74876197     1.61e-06      9.64
      5  1      -386.53652555     0.00e+00      9.64
      5  2      -386.51329655     0.00e+00      9.64
      5  3      -386.48937451     0.00e+00      9.64

         res : 6.00e-05   lamb: 1.00e+00   eps : -7.63e-09   step: 8.39e-05    0.27
         res : 3.05e-05   lamb: 1.00e+00   eps : -8.94e-09   step: 1.24e-04    0.27
         res : 1.80e-05   lamb: 1.00e+00   eps : -9.18e-09   step: 1.33e-04    0.30
         res : 1.13e-05   lamb: 1.00e+00   eps : -9.26e-09   step: 1.35e-04    0.32
         res : 8.43e-06   lamb: 1.00e+00   eps : -9.30e-09   step: 1.36e-04    0.30
         res : 7.26e-06   lamb: 1.00e+00   eps : -9.32e-09   step: 1.37e-04    0.29
         res : 5.40e-06   lamb: 1.00e+00   eps : -9.34e-09   step: 1.38e-04    0.28
         res : 3.75e-06   lamb: 1.00e+00   eps : -9.35e-09   step: 1.39e-04    0.28
         res : 2.72e-06   lamb: 1.00e+00   eps : -9.35e-09   step: 1.39e-04    0.28
         res : 2.03e-06   lamb: 1.00e+00   eps : -9.35e-09   step: 1.39e-04    0.28
         res : 1.44e-06   lamb: 1.00e+00   eps : -9.35e-09   step: 1.39e-04    0.30
         res : 1.16e-06   lamb: 1.00e+00   eps : -9.35e-09   step: 1.40e-04    0.30
         res : 9.22e-07   lamb: 1.00e+00   eps : -9.35e-09   step: 1.40e-04    0.28
         res : 6.42e-07   lamb: 1.00e+00   eps : -9.35e-09   step: 1.40e-04    0.28
         res : 4.54e-07   lamb: 1.00e+00   eps : -9.36e-09   step: 1.40e-04    0.28
         res : 3.27e-07   lamb: 1.00e+00   eps : -9.36e-09   step: 1.40e-04    0.28
         res : 2.47e-07   lamb: 1.00e+00   eps : -9.36e-09   step: 1.40e-04    0.28
         res : 1.88e-07   lamb: 1.00e+00   eps : -9.36e-09   step: 1.40e-04    0.30
         res : 1.39e-07   lamb: 1.00e+00   eps : -9.36e-09   step: 1.40e-04    0.29
         res : 9.41e-08   lamb: 1.00e+00   eps : -9.36e-09   step: 1.40e-04    0.29
         res : 6.05e-08   lamb: 1.00e+00   eps : -9.36e-09   step: 1.40e-04    0.29
         res : 3.93e-08   lamb: 1.00e+00   eps : -9.36e-09   step: 1.40e-04    0.28
         res : 2.61e-08   lamb: 1.00e+00   eps : -9.36e-09   step: 1.40e-04    0.28
         res : 1.82e-08   lamb: 1.00e+00   eps : -9.36e-09   step: 1.40e-04    0.30
         res : 1.28e-08   lamb: 1.00e+00   eps : -9.36e-09   step: 1.40e-04    0.31

      6  0      -386.74875845     6.48e-07      9.62
      6  1      -386.53652200     0.00e+00      9.62
      6  2      -386.51330868     0.00e+00      9.62
      6  3      -386.48936948     0.00e+00      9.62

         res : 2.33e-05   lamb: 1.00e+00   eps : -1.19e-09   step: 3.15e-05    0.28
         res : 1.20e-05   lamb: 1.00e+00   eps : -1.38e-09   step: 4.63e-05    0.26
         res : 6.79e-06   lamb: 1.00e+00   eps : -1.41e-09   step: 4.95e-05    0.29
         res : 4.29e-06   lamb: 1.00e+00   eps : -1.43e-09   step: 5.06e-05    0.30
         res : 3.16e-06   lamb: 1.00e+00   eps : -1.43e-09   step: 5.10e-05    0.32
         res : 2.69e-06   lamb: 1.00e+00   eps : -1.43e-09   step: 5.13e-05    0.31
         res : 2.02e-06   lamb: 1.00e+00   eps : -1.44e-09   step: 5.16e-05    0.29
         res : 1.43e-06   lamb: 1.00e+00   eps : -1.44e-09   step: 5.17e-05    0.28
         res : 1.05e-06   lamb: 1.00e+00   eps : -1.44e-09   step: 5.18e-05    0.27
         res : 7.89e-07   lamb: 1.00e+00   eps : -1.44e-09   step: 5.19e-05    0.28
         res : 5.62e-07   lamb: 1.00e+00   eps : -1.44e-09   step: 5.19e-05    0.28
         res : 4.57e-07   lamb: 1.00e+00   eps : -1.44e-09   step: 5.20e-05    0.29
         res : 3.64e-07   lamb: 1.00e+00   eps : -1.44e-09   step: 5.20e-05    0.33
         res : 2.50e-07   lamb: 1.00e+00   eps : -1.44e-09   step: 5.20e-05    0.27
         res : 1.72e-07   lamb: 1.00e+00   eps : -1.44e-09   step: 5.20e-05    0.28
         res : 1.21e-07   lamb: 1.00e+00   eps : -1.44e-09   step: 5.20e-05    0.28
         res : 9.04e-08   lamb: 1.00e+00   eps : -1.44e-09   step: 5.20e-05    0.28
         res : 6.95e-08   lamb: 1.00e+00   eps : -1.44e-09   step: 5.20e-05    0.29
         res : 5.22e-08   lamb: 1.00e+00   eps : -1.44e-09   step: 5.20e-05    0.32
         res : 3.58e-08   lamb: 1.00e+00   eps : -1.44e-09   step: 5.20e-05    0.29
         res : 2.30e-08   lamb: 1.00e+00   eps : -1.44e-09   step: 5.20e-05    0.29
         res : 1.49e-08   lamb: 1.00e+00   eps : -1.44e-09   step: 5.20e-05    0.29
         res : 9.89e-09   lamb: 1.00e+00   eps : -1.44e-09   step: 5.20e-05    0.29
         res : 6.81e-09   lamb: 1.00e+00   eps : -1.44e-09   step: 5.20e-05    0.28
         res : 4.75e-09   lamb: 1.00e+00   eps : -1.44e-09   step: 5.20e-05    0.29

      7  0      -386.74875705     2.62e-07      9.63
      7  1      -386.53652065     0.00e+00      9.63
      7  2      -386.51331337     0.00e+00      9.63
      7  3      -386.48936753     0.00e+00      9.63

         res : 9.38e-06   lamb: 1.00e+00   eps : -1.92e-10   step: 1.25e-05    0.29
         res : 4.84e-06   lamb: 1.00e+00   eps : -2.24e-10   step: 1.83e-05    0.27
         res : 2.70e-06   lamb: 1.00e+00   eps : -2.29e-10   step: 1.96e-05    0.27
         res : 1.71e-06   lamb: 1.00e+00   eps : -2.31e-10   step: 2.01e-05    0.30
         res : 1.26e-06   lamb: 1.00e+00   eps : -2.32e-10   step: 2.02e-05    0.29
         res : 1.06e-06   lamb: 1.00e+00   eps : -2.32e-10   step: 2.03e-05    0.29
         res : 7.94e-07   lamb: 1.00e+00   eps : -2.32e-10   step: 2.04e-05    0.32
         res : 5.71e-07   lamb: 1.00e+00   eps : -2.33e-10   step: 2.05e-05    0.30
         res : 4.20e-07   lamb: 1.00e+00   eps : -2.33e-10   step: 2.05e-05    0.28
         res : 3.17e-07   lamb: 1.00e+00   eps : -2.33e-10   step: 2.05e-05    0.28
         res : 2.27e-07   lamb: 1.00e+00   eps : -2.33e-10   step: 2.05e-05    0.28
         res : 1.87e-07   lamb: 1.00e+00   eps : -2.33e-10   step: 2.06e-05    0.28
         res : 1.48e-07   lamb: 1.00e+00   eps : -2.33e-10   step: 2.06e-05    0.30
         res : 1.01e-07   lamb: 1.00e+00   eps : -2.33e-10   step: 2.06e-05    0.31
         res : 6.80e-08   lamb: 1.00e+00   eps : -2.33e-10   step: 2.06e-05    0.29
         res : 4.70e-08   lamb: 1.00e+00   eps : -2.33e-10   step: 2.06e-05    0.28
         res : 3.49e-08   lamb: 1.00e+00   eps : -2.33e-10   step: 2.06e-05    0.28
         res : 2.68e-08   lamb: 1.00e+00   eps : -2.33e-10   step: 2.06e-05    0.28
         res : 2.04e-08   lamb: 1.00e+00   eps : -2.33e-10   step: 2.06e-05    0.28
         res : 1.42e-08   lamb: 1.00e+00   eps : -2.33e-10   step: 2.06e-05    0.30
         res : 9.15e-09   lamb: 1.00e+00   eps : -2.33e-10   step: 2.06e-05    0.30
         res : 5.99e-09   lamb: 1.00e+00   eps : -2.33e-10   step: 2.06e-05    0.29
         res : 3.99e-09   lamb: 1.00e+00   eps : -2.33e-10   step: 2.06e-05    0.29

      8  0      -386.74875649     1.06e-07      9.01
      8  1      -386.53652014     0.00e+00      9.01
      8  2      -386.51331522     0.00e+00      9.01
      8  3      -386.48936675     0.00e+00      9.01

         res : 3.83e-06   lamb: 1.00e+00   eps : -3.18e-11   step: 5.07e-06    0.28
         res : 1.97e-06   lamb: 1.00e+00   eps : -3.70e-11   step: 7.43e-06    0.28
         res : 1.10e-06   lamb: 1.00e+00   eps : -3.78e-11   step: 7.96e-06    0.28
         res : 6.96e-07   lamb: 1.00e+00   eps : -3.82e-11   step: 8.14e-06    0.32
         res : 5.16e-07   lamb: 1.00e+00   eps : -3.83e-11   step: 8.21e-06    0.27
         res : 4.29e-07   lamb: 1.00e+00   eps : -3.84e-11   step: 8.26e-06    0.29
         res : 3.20e-07   lamb: 1.00e+00   eps : -3.84e-11   step: 8.30e-06    0.30
         res : 2.32e-07   lamb: 1.00e+00   eps : -3.85e-11   step: 8.31e-06    0.29
         res : 1.70e-07   lamb: 1.00e+00   eps : -3.85e-11   step: 8.32e-06    0.30
         res : 1.29e-07   lamb: 1.00e+00   eps : -3.85e-11   step: 8.33e-06    0.33
         res : 9.29e-08   lamb: 1.00e+00   eps : -3.85e-11   step: 8.34e-06    0.30
         res : 7.72e-08   lamb: 1.00e+00   eps : -3.85e-11   step: 8.35e-06    0.28
         res : 6.11e-08   lamb: 1.00e+00   eps : -3.85e-11   step: 8.35e-06    0.28
         res : 4.11e-08   lamb: 1.00e+00   eps : -3.85e-11   step: 8.36e-06    0.28
         res : 2.75e-08   lamb: 1.00e+00   eps : -3.85e-11   step: 8.36e-06    0.28
         res : 1.88e-08   lamb: 1.00e+00   eps : -3.85e-11   step: 8.36e-06    0.28
         res : 1.38e-08   lamb: 1.00e+00   eps : -3.85e-11   step: 8.36e-06    0.30
         res : 1.06e-08   lamb: 1.00e+00   eps : -3.85e-11   step: 8.36e-06    0.30
         res : 8.11e-09   lamb: 1.00e+00   eps : -3.85e-11   step: 8.36e-06    0.29
         res : 5.71e-09   lamb: 1.00e+00   eps : -3.85e-11   step: 8.36e-06    0.28
         res : 3.70e-09   lamb: 1.00e+00   eps : -3.85e-11   step: 8.36e-06    0.28

      9  0      -386.74875627     4.32e-08      8.55
      9  1      -386.53651995     0.00e+00      8.55
      9  2      -386.51331596     0.00e+00      8.55
      9  3      -386.48936643     0.00e+00      8.55

         res : 1.57e-06   lamb: 1.00e+00   eps : -5.29e-12   step: 2.07e-06    0.29
         res : 8.09e-07   lamb: 1.00e+00   eps : -6.16e-12   step: 3.05e-06    0.30
         res : 4.48e-07   lamb: 1.00e+00   eps : -6.31e-12   step: 3.26e-06    0.28
         res : 2.85e-07   lamb: 1.00e+00   eps : -6.36e-12   step: 3.34e-06    0.27
         res : 2.12e-07   lamb: 1.00e+00   eps : -6.39e-12   step: 3.37e-06    0.28
         res : 1.75e-07   lamb: 1.00e+00   eps : -6.40e-12   step: 3.39e-06    0.27
         res : 1.30e-07   lamb: 1.00e+00   eps : -6.41e-12   step: 3.40e-06    0.29
         res : 9.46e-08   lamb: 1.00e+00   eps : -6.41e-12   step: 3.41e-06    0.32
         res : 6.95e-08   lamb: 1.00e+00   eps : -6.42e-12   step: 3.41e-06    0.32
         res : 5.25e-08   lamb: 1.00e+00   eps : -6.42e-12   step: 3.41e-06    0.29
         res : 3.82e-08   lamb: 1.00e+00   eps : -6.42e-12   step: 3.42e-06    0.29
         res : 3.19e-08   lamb: 1.00e+00   eps : -6.42e-12   step: 3.42e-06    0.28
         res : 2.52e-08   lamb: 1.00e+00   eps : -6.42e-12   step: 3.42e-06    0.28
         res : 1.69e-08   lamb: 1.00e+00   eps : -6.42e-12   step: 3.42e-06    0.27
         res : 1.12e-08   lamb: 1.00e+00   eps : -6.42e-12   step: 3.42e-06    0.30
         res : 7.61e-09   lamb: 1.00e+00   eps : -6.42e-12   step: 3.42e-06    0.31
         res : 5.56e-09   lamb: 1.00e+00   eps : -6.42e-12   step: 3.43e-06    0.28
         res : 4.25e-09   lamb: 1.00e+00   eps : -6.42e-12   step: 3.43e-06    0.28

     10  0      -386.74875617     1.76e-08      7.43
     10  1      -386.53651987     0.00e+00      7.43
     10  2      -386.51331626     0.00e+00      7.43
     10  3      -386.48936630     0.00e+00      7.43

         res : 6.45e-07   lamb: 1.00e+00   eps : -8.85e-13   step: 8.51e-07    0.28
         res : 3.32e-07   lamb: 1.00e+00   eps : -1.03e-12   step: 1.25e-06    0.28
         res : 1.83e-07   lamb: 1.00e+00   eps : -1.06e-12   step: 1.34e-06    0.29
         res : 1.17e-07   lamb: 1.00e+00   eps : -1.07e-12   step: 1.37e-06    0.28
         res : 8.72e-08   lamb: 1.00e+00   eps : -1.07e-12   step: 1.38e-06    0.28
         res : 7.16e-08   lamb: 1.00e+00   eps : -1.07e-12   step: 1.39e-06    0.28
         res : 5.30e-08   lamb: 1.00e+00   eps : -1.07e-12   step: 1.40e-06    0.27
         res : 3.87e-08   lamb: 1.00e+00   eps : -1.07e-12   step: 1.40e-06    0.28
         res : 2.85e-08   lamb: 1.00e+00   eps : -1.08e-12   step: 1.40e-06    0.27
         res : 2.16e-08   lamb: 1.00e+00   eps : -1.08e-12   step: 1.40e-06    0.32
         res : 1.58e-08   lamb: 1.00e+00   eps : -1.08e-12   step: 1.40e-06    0.32
         res : 1.32e-08   lamb: 1.00e+00   eps : -1.08e-12   step: 1.41e-06    0.29
         res : 1.04e-08   lamb: 1.00e+00   eps : -1.08e-12   step: 1.41e-06    0.30
         res : 6.95e-09   lamb: 1.00e+00   eps : -1.08e-12   step: 1.41e-06    0.29
         res : 4.60e-09   lamb: 1.00e+00   eps : -1.08e-12   step: 1.41e-06    0.29

     11  0      -386.74875614     7.20e-09      6.68
     11  1      -386.53651984     0.00e+00      6.68
     11  2      -386.51331638     0.00e+00      6.68
     11  3      -386.48936625     0.00e+00      6.68

    * Second-order optimization converged. *   

    * Integral transformation done. Elapsed time: 0.34

     guess   0:   closed 111...               open ......              
     guess   1:   closed 11....               open ..11..              
     guess   2:   closed 1.1...               open .1..1.              
     guess   3:   closed .11...               open 1..1..              

  === FCI iteration ===

      0  0      -386.68425979     9.44e-03      0.00
      0  1      -386.45065420     9.07e-03      0.00
      0  2      -386.36178776     1.08e-02      0.00
      0  3      -386.29524141     7.93e-03      0.00

      1  0      -386.74319958     3.62e-03      0.00
      1  1      -386.50430035     3.94e-03      0.00
      1  2      -386.47097902     7.36e-03      0.00
      1  3      -386.34567387     4.22e-03      0.00

      2  0      -386.74849235     8.93e-04      0.00
      2  1      -386.51743459     3.95e-03      0.00
      2  2      -386.50848785     4.14e-03      0.00
      2  3      -386.35570160     1.70e-03      0.00

      3  0      -386.74874935     1.52e-04      0.00
      3  1      -386.53417744     2.26e-03      0.00
      3  2      -386.51311210     6.58e-04      0.00
      3  3      -386.35714882     5.86e-04      0.00

      4  0      -386.74875587     2.71e-05      0.00
      4  1      -386.53644504     3.86e-04      0.00
      4  2      -386.51329789     1.74e-04      0.00
      4  3      -386.35764852     8.72e-04      0.00

      5  0      -386.74875613     4.98e-06      0.00
      5  1      -386.53651634     7.19e-05      0.00
      5  2      -386.51331360     4.44e-05      0.00
      5  3      -386.37738605     2.86e-03      0.00

      6  0      -386.74875614     7.58e-07      0.00
      6  1      -386.53651969     1.61e-05      0.00
      6  2      -386.51331509     1.74e-05      0.00
      6  3      -386.38403384     2.29e-03      0.00

      7  0      -386.74875614     1.09e-07      0.00
      7  1      -386.53651983     3.81e-06      0.00
      7  2      -386.51331594     2.11e-05      0.00
      7  3      -386.47401094     4.67e-03      0.00

      8  0      -386.74875614     2.43e-08      0.01
      8  1      -386.53651984     9.49e-07      0.00
      8  2      -386.51331634     6.98e-06      0.00
      8  3      -386.48836716     1.13e-03      0.00

      9  0      -386.74875614     7.61e-09      0.01
      9  1      -386.53651984     2.81e-07      0.00
      9  2      -386.51331637     1.92e-06      0.00
      9  3      -386.48929489     3.15e-04      0.00

     10  0      -386.74875614     1.63e-09      0.01
     10  1      -386.53651984     7.65e-08      0.00
     10  2      -386.51331638     5.03e-07      0.00
     10  3      -386.48936045     8.31e-05      0.00

     11  0      -386.74875614     2.79e-10      0.01
     11  1      -386.53651984     2.35e-08      0.00
     11  2      -386.51331638     1.44e-07      0.00
     11  3      -386.48936587     2.43e-05      0.00

     12  0 *    -386.74875614     4.14e-11      0.01
     12  1      -386.53651984     6.67e-09      0.00
     12  2      -386.51331638     3.55e-08      0.00
     12  3      -386.48936622     5.98e-06      0.00

     13  0 *    -386.74875614     3.46e-11      0.01
     13  1      -386.53651984     1.64e-09      0.00
     13  2      -386.51331638     8.98e-09      0.00
     13  3      -386.48936625     1.69e-06      0.00

     14  0 *    -386.74875614     3.23e-11      0.01
     14  1      -386.53651984     3.26e-10      0.00
     14  2      -386.51331638     1.37e-09      0.00
     14  3      -386.48936625     2.51e-07      0.00

     15  0 *    -386.74875614     3.08e-11      0.01
     15  1 *    -386.53651984     6.61e-11      0.00
     15  2      -386.51331638     2.87e-10      0.00
     15  3      -386.48936625     5.28e-08      0.00

     16  0 *    -386.74875614     2.87e-11      0.01
     16  1 *    -386.53651984     2.74e-11      0.00
     16  2 *    -386.51331638     4.69e-11      0.00
     16  3      -386.48936625     9.08e-09      0.00

     17  0 *    -386.74875614     2.76e-11      0.01
     17  1 *    -386.53651984     2.52e-11      0.00
     17  2 *    -386.51331638     1.44e-11      0.00
     17  3      -386.48936625     1.83e-09      0.00

     18  0 *    -386.74875614     2.70e-11      0.01
     18  1 *    -386.53651984     2.62e-11      0.00
     18  2 *    -386.51331638     1.05e-11      0.00
     18  3      -386.48936625     3.05e-10      0.00
    - linear dependency detected:    1 /   66    min eigenvalue:     4.1537e-09    max eigenvalue:     4.1537e-09
    * Using canonical orthogonalization due to linear dependency


     19  0      -386.74875614     2.14e-09      0.02
     19  1      -386.53651984     6.64e-09      0.00
     19  2      -386.51331638     1.77e-08      0.00
     19  3      -386.48936625     1.09e-06      0.00
    - linear dependency detected:    1 /   70    min eigenvalue:     2.8245e-12    max eigenvalue:     2.8245e-12
    * Using canonical orthogonalization due to linear dependency


     20  0      -386.74875614     1.59e-10      0.02
     20  1      -386.53651984     5.14e-10      0.00
     20  2      -386.51331638     1.36e-09      0.00
     20  3      -386.48936625     8.52e-08      0.00
    - linear dependency detected:    1 /   74    min eigenvalue:     1.4013e-14    max eigenvalue:     1.4013e-14
    * Using canonical orthogonalization due to linear dependency


     21  0 *    -386.74875614     1.83e-11      0.02
     21  1 *    -386.53651984     7.06e-11      0.00
     21  2      -386.51331638     1.92e-10      0.00
     21  3      -386.48936625     1.24e-08      0.00
    - linear dependency detected:    1 /   76    min eigenvalue:    -3.1367e-17    max eigenvalue:    -3.1367e-17
    * Using canonical orthogonalization due to linear dependency


     22  0 *    -386.74875614     3.39e-12      0.02
     22  1 *    -386.53651984     1.29e-11      0.00
     22  2 *    -386.51331638     3.62e-11      0.00
     22  3      -386.48936625     2.40e-09      0.00
    - linear dependency detected:    1 /   77    min eigenvalue:     3.1896e-16    max eigenvalue:     3.1896e-16
    * Using canonical orthogonalization due to linear dependency


     23  0 *    -386.74875614     1.90e-12      0.02
     23  1 *    -386.53651984     2.31e-12      0.00
     23  2 *    -386.51331638     6.04e-12      0.00
     23  3      -386.48936625     4.09e-10      0.00
    - linear dependency detected:    1 /   78    min eigenvalue:    -2.0608e-16    max eigenvalue:    -2.0608e-16
    * Using canonical orthogonalization due to linear dependency


     24  0 *    -386.74875614     1.89e-12      0.02
     24  1 *    -386.53651984     9.63e-13      0.00
     24  2 *    -386.51331638     1.28e-12      0.00
     24  3 *    -386.48936625     7.82e-11      0.00

     * ci vector, state   0, <S^2> = 0.0000
       222...    -0.8852555140
       22ab..    -0.2240044916
       22ba..    -0.2240044916
       2.2.2.     0.2011681643
       22.2..     0.1143257607
       b2aa.b     0.0945319314
       a2bb.a     0.0945319314
       .22..2     0.0803502497
       .222..     0.0674544193
       22...2     0.0623021166
       a2ab.b    -0.0518161277
       b2ba.a    -0.0518161277
       2.ba2.     0.0512118069
       2.ab2.     0.0512118069

     * ci vector, state   1, <S^2> = 0.0000
       22.2..     0.4264552178
       b22a..     0.4067136382
       a22b..     0.4067136382
       22b..a    -0.3184323632
       22a..b    -0.3184323632
       .222..    -0.2171825322
       22...2    -0.1773213349
       .22..2     0.1343035299
       b2ab.a    -0.1292229964
       a2ba.b    -0.1292229964
       2..22.    -0.0972068321
       222...    -0.0971644493
       a2b2..     0.0958030674
       b2a2..     0.0958030674
       b.2a2.     0.0925001935
       a.2b2.     0.0925001935
       a2bb.a    -0.0877081140
       b2aa.b    -0.0877081140
       22ab..     0.0870544458
       22ba..     0.0870544458
       a22..b     0.0834050411
       b22..a     0.0834050411
       22.a.b    -0.0748261539
       22.b.a    -0.0748261539
       2.b.2a    -0.0724182065
       2.a.2b    -0.0724182065
       b2.a.2     0.0601187103
       a2.b.2     0.0601187103
       .2b2.a    -0.0502263740
       .2a2.b    -0.0502263740

     * ci vector, state   2, <S^2> = 0.0000
       22ba..    -0.6073588147
       22ab..    -0.6073588147
       222...     0.3384369154
       2.ba2.     0.1377281927
       2.ab2.     0.1377281927
       22.2..     0.0956113373
       b2a2..    -0.0908573207
       a2b2..    -0.0908573207
       b22a..     0.0810165822
       a22b..     0.0810165822
       .222..    -0.0773906845
       b2aa.b     0.0764286113
       a2bb.a     0.0764286113
       2.2.2.    -0.0741622260
       .2ba.2     0.0616759648
       .2ab.2     0.0616759648
       22b..a    -0.0599255231
       22a..b    -0.0599255231
       22.b.a     0.0578786395
       22.a.b     0.0578786395
       b2ba.a    -0.0578376059
       a2ab.b    -0.0578376059

     * ci vector, state   3, <S^2> = -0.0000
       2abba.     0.5454278975
       2baab.     0.5454278975
       2aabb.    -0.2730844488
       2bbaa.    -0.2730844488
       2abab.     0.2723434488
       2baba.     0.2723434488
       ba2.ab     0.1160473187
       ab2.ba     0.1160473187
       .baab2    -0.0694434231
       .abba2    -0.0694434231
       aa2.bb    -0.0580284533
       bb2.aa    -0.0580284533
       ba2.ba     0.0580188654
       ab2.ab     0.0580188654
       babaab     0.0555603684
       ababba     0.0555603684
       abbaba     0.0555509799
       baabab     0.0555509798

    * METHOD: CASSCF                             100.37

  === SMITH program ===

    * freezing 10 orbitals
    * SS-SR internal contraction is used

    * Approximate memory requirement for SMITH calulation per MPI process:
      o Storage requirement for T-amplitude, lambda, and residual is 0.14 GB
      o Storage requirement for MO integrals is 0.02 GB
       - MO integral evaluation                    4.79

  ++ State-averaged Fock matrix over basis states ++

                         0                   1                   2                   3
     0       -1.7040738387       -0.0301901304        0.0707232630       -0.0000855073
     1       -0.0301901304       -1.2740190746        0.0606025328       -0.0001789361
     2        0.0707232630        0.0606025328       -1.4832059542        0.0061488709
     3       -0.0000855073       -0.0001789361        0.0061488709       -1.0718582535


  ++ Extended multi-state CASPT2 (XMS-CASPT2) rotation matrix ++

                         0                   1                   2                   3
     0       -0.9491012248       -0.3139282561        0.0255696989        0.0014511107
     1       -0.1025265941        0.2311834748       -0.9674861576        0.0036101801
     2        0.2978028625       -0.9207629558       -0.2515189751        0.0157238492
     3       -0.0029356020        0.0141007186        0.0074115137        0.9998688021


  ++ Reference energies in XMS basis ++

                         0                   1                   2                   3
     0     -386.7256425972       -0.0696002164        0.0034115631        0.0002625493
     1       -0.0696002164     -386.5377545539        0.0070822348        0.0004255571
     2        0.0034115631        0.0070822348     -386.5351881197        0.0002497926
     3        0.0002625493        0.0004255571        0.0002497926     -386.4893733305

    * Calculating and saving rdm4f

    - linear dependency detected:    1 /   72    min eigenvalue:     2.2173e-15    max eigenvalue:     2.2173e-15
    - linear dependency detected:    1 /   72    min eigenvalue:    -1.5436e-15    max eigenvalue:    -1.5436e-15
    - linear dependency detected:    1 /   72    min eigenvalue:    -2.5835e-16    max eigenvalue:    -2.5835e-16
    - linear dependency detected:    1 /   72    min eigenvalue:    -8.5933e-16    max eigenvalue:    -8.5933e-16
    - linear dependency detected:   23 /  216    min eigenvalue:    -1.2092e-16    max eigenvalue:     9.9659e-10
    - linear dependency detected:   15 /  216    min eigenvalue:    -2.7979e-15    max eigenvalue:     6.4864e-10
    - linear dependency detected:   17 /  216    min eigenvalue:    -2.3208e-15    max eigenvalue:     9.3150e-10
    - linear dependency detected:   18 /  216    min eigenvalue:    -2.2678e-16    max eigenvalue:     5.5990e-10
    - linear dependency detected:   22 /  216    min eigenvalue:    -1.4112e-15    max eigenvalue:     9.0176e-10
    - linear dependency detected:   15 /  216    min eigenvalue:    -7.8511e-16    max eigenvalue:     9.0772e-10
    - linear dependency detected:   17 /  216    min eigenvalue:    -6.1465e-16    max eigenvalue:     7.5359e-10
    - linear dependency detected:   18 /  216    min eigenvalue:    -9.1362e-16    max eigenvalue:     9.7335e-10
       - RDM + denominator evaluation              1.87

    * Zeroth order energy : state  0       -1.7295264793
    * Zeroth order energy : state  1       -1.4744034466
    * Zeroth order energy : state  2       -1.2574648680
    * Zeroth order energy : state  3       -1.0717623270

    * CASPT2 iteration is performed using redundant basis

      ---- iteration ----

        0    -1.10821058     0.00103046      2.99
        1    -1.10876459     0.00006119      3.11
        2    -1.10876717     0.00000461      3.03
        3    -1.10876719     0.00000047      3.16

        0    -1.13167609     0.00099498      3.39
        1    -1.13231565     0.00006134      3.10
        2    -1.13231944     0.00000531      3.15
        3    -1.13231948     0.00000054      3.15

        0    -1.09534584     0.00088892      3.36
        1    -1.09584518     0.00005437      3.15
        2    -1.09584812     0.00000466      3.13
        3    -1.09584815     0.00000050      3.17

        0    -1.08518557     0.00086306      3.37
        1    -1.08566135     0.00006220      3.10
        2    -1.08566507     0.00000651      3.12
        3    -1.08566513     0.00000085      3.18

      -------------------

       - CASPT2 energy evaluation                 52.70

    * CASPT2 energy : state  0     -388.0026601573
        w/o shift correction       -387.8344097906
        reference weight              0.7482225598

    * CASPT2 energy : state  1     -387.8499426575
        w/o shift correction       -387.6700740315
        reference weight              0.7354362017

    * CASPT2 energy : state  2     -387.8006354248
        w/o shift correction       -387.6310362694
        reference weight              0.7467153982

    * CASPT2 energy : state  3     -387.7408549783
        w/o shift correction       -387.5750384619
        reference weight              0.7509576403


    * MS-CASPT2 Heff
           -388.0026601573       -0.0433723420       -0.0009519715        0.0001869994
             -0.0433723420     -387.8499426575        0.0116040306        0.0004437862
             -0.0009519715        0.0116040306     -387.8006354248        0.0002163118
              0.0001869994        0.0004437862        0.0002163118     -387.7408549783


    * MS-CASPT2 rotation matrix
             -0.9666243109       -0.2491025334        0.0598779253       -0.0000593783
             -0.2560157604        0.9304272339       -0.2621835227        0.0045709154
              0.0096035451       -0.2687819708       -0.9631426254        0.0045063464
              0.0010695750       -0.0030565338        0.0055423427        0.9999793978


    * XMS-CASPT2 rotation matrix
              0.9980420103       -0.0625409888        0.0008573795        0.0001877233
              0.0306306497        0.5006708368        0.8650955892        0.0003130859
             -0.0545323145       -0.8633306722        0.5015764859        0.0103636810
              0.0003682296        0.0088027444       -0.0054694830        0.9999462290

    * MS-CASPT2 energy : state  0     -388.0141383094
    * MS-CASPT2 energy : state  1     -387.8416842475
    * MS-CASPT2 energy : state  2     -387.7974186750
    * MS-CASPT2 energy : state  3     -387.7408519860



    * METHOD: SMITH                               77.69


  
  ===============================================================

