    * Using parallel algorithm in FCI.
    * Parallel algorithm will be used.
  ---------------------------
        FCI calculation      
  ---------------------------

 Constructing space of all determinants that can formed by removing 1 electron from 6 alpha and 6 beta electrons.

 Space is made up of 4 determinants.
  o forming links
    * Integral transformation done. Elapsed time: 0.09

       - jop, kop                                  0.00
       - denom                                     0.02
     guess   0:   closed 111111......         open ............        
     guess   1:   closed 11111.......         open .....11.....        

  === FCI iteration ===

      0  0      -386.60648153     3.72e-04      0.61
      0  1      -386.46930846     3.73e-04      0.00

      1  0      -386.71781662     1.87e-04      0.60
      1  1      -386.57970709     1.96e-04      0.00

      2  0      -386.74011648     9.19e-05      0.61
      2  1      -386.60603716     1.04e-04      0.00

      3  0      -386.74461783     4.05e-05      0.61
      3  1      -386.61272401     5.66e-05      0.00

      4  0      -386.74536889     1.67e-05      0.61
      4  1      -386.61468406     3.36e-05      0.00

      5  0      -386.74548931     7.22e-06      0.61
      5  1      -386.61538733     2.10e-05      0.00

      6  0      -386.74551215     3.55e-06      0.61
      6  1      -386.61563923     1.22e-05      0.00

      7  0      -386.74551795     1.84e-06      0.62
      7  1      -386.61571827     6.35e-06      0.00

      8  0      -386.74551959     9.29e-07      0.62
      8  1      -386.61574025     3.40e-06      0.00

      9  0      -386.74552001     4.71e-07      0.62
      9  1      -386.61574734     2.12e-06      0.00

     10  0      -386.74552012     2.44e-07      0.62
     10  1      -386.61575012     1.44e-06      0.00

     11  0      -386.74552014     1.17e-07      0.62
     11  1      -386.61575134     9.34e-07      0.00

     12  0      -386.74552015     5.23e-08      0.63
     12  1      -386.61575186     6.20e-07      0.00

     13  0      -386.74552015     2.43e-08      0.63
     13  1      -386.61575210     4.20e-07      0.00

     14  0      -386.74552015     1.18e-08      0.63
     14  1      -386.61575221     2.74e-07      0.00

     15  0      -386.74552015     5.47e-09      0.63
     15  1      -386.61575225     1.63e-07      0.00

     16  0      -386.74552015     2.33e-09      0.63
     16  1      -386.61575227     9.85e-08      0.00

     17  0      -386.74552015     1.03e-09      0.64
     17  1      -386.61575227     6.54e-08      0.00

     18  0      -386.74552015     5.10e-10      0.63
     18  1      -386.61575228     4.51e-08      0.00

     19  0      -386.74552015     2.82e-10      0.63
     19  1      -386.61575228     2.88e-08      0.00
    ** throwing out 2 trial vectors **

     20  0      -386.74552015     1.56e-10      0.65
     20  1      -386.61575228     1.66e-08      0.00
    ** throwing out 2 trial vectors **

     21  0 *    -386.74552015     7.67e-11      0.54
     21  1      -386.61575228     9.01e-09      0.00
    ** throwing out 1 trial vectors **

     22  0 *    -386.74552015     7.64e-11      0.34
     22  1      -386.61575228     4.75e-09      0.00
    ** throwing out 1 trial vectors **

     23  0 *    -386.74552015     7.58e-11      0.34
     23  1      -386.61575228     2.47e-09      0.00
    ** throwing out 1 trial vectors **

     24  0 *    -386.74552015     7.58e-11      0.34
     24  1      -386.61575228     1.31e-09      0.00
    ** throwing out 1 trial vectors **

     25  0 *    -386.74552015     7.55e-11      0.34
     25  1      -386.61575228     7.10e-10      0.00
    ** throwing out 1 trial vectors **

     26  0 *    -386.74552015     7.56e-11      0.34
     26  1      -386.61575228     3.90e-10      0.00
    ** throwing out 1 trial vectors **

     27  0 *    -386.74552015     7.53e-11      0.34
     27  1      -386.61575228     2.07e-10      0.00
    ** throwing out 1 trial vectors **

     28  0 *    -386.74552015     7.53e-11      0.34
     28  1      -386.61575228     1.08e-10      0.00
    ** throwing out 1 trial vectors **

     29  0 *    -386.74552015     7.53e-11      0.24
     29  1 *    -386.61575228     5.67e-11      0.00

     * ci vector   0, <S^2> = -0.0000, E =     -386.74552015
       222222......    -0.8322255226
       22222ba.....    -0.2389257171
       22222ab.....    -0.2389257171
       22222..2....     0.0702680875
       222.22..2...     0.0664932112
       2222.2.2....     0.0646033646
       2222.2..2...     0.0519346159

     * ci vector   1, <S^2> = -0.0000, E =     -386.61575228
       22222ba.....    -0.5722623173
       22222ab.....    -0.5722623173
       222222......     0.3250240368
       22222..2....    -0.0666108543
       22222.ab....     0.0655920871
       22222.ba....     0.0655920871
       2a222b2.....     0.0582104318
       2b222a2.....     0.0582104318
       2222baab....     0.0574362589
       2222abba....     0.0574362589
       222b2aa.b...    -0.0572980744
       222a2bb.a...    -0.0572980744
       2222.ba2....     0.0510777416
       2222.ab2....     0.0510777416
       222.2ba.2...     0.0509353031
       222.2ab.2...     0.0509353031
       - FCI and RDMs                             17.81
    * Integral transformation done. Elapsed time: 0.08

       - jop, kop                                  0.00
       - denom                                     0.02
     guess   0:   closed 111111......         open ............        
     guess   1:   closed 11111.......         open .....11.....        

  === FCI iteration ===

      0  0      -386.63662540     3.73e-04      0.61
      0  1      -386.50154074     3.72e-04      0.00

      1  0      -386.74807612     1.88e-04      0.61
      1  1      -386.61131285     1.95e-04      0.00

      2  0      -386.77052883     9.19e-05      0.61
      2  1      -386.63705876     1.03e-04      0.00

      3  0      -386.77502269     4.04e-05      0.61
      3  1      -386.64353496     5.57e-05      0.00

      4  0      -386.77576772     1.67e-05      0.62
      4  1      -386.64540955     3.26e-05      0.00

      5  0      -386.77588860     7.28e-06      0.62
      5  1      -386.64605962     2.01e-05      0.00

      6  0      -386.77591145     3.58e-06      0.62
      6  1      -386.64628741     1.18e-05      0.00

      7  0      -386.77591722     1.80e-06      0.62
      7  1      -386.64636024     6.21e-06      0.00

      8  0      -386.77591876     8.92e-07      0.62
      8  1      -386.64638156     3.44e-06      0.00

      9  0      -386.77591913     4.49e-07      0.62
      9  1      -386.64638916     2.33e-06      0.00

     10  0      -386.77591922     2.40e-07      0.62
     10  1      -386.64639263     1.69e-06      0.00

     11  0      -386.77591925     1.18e-07      0.62
     11  1      -386.64639435     1.13e-06      0.00

     12  0      -386.77591925     5.27e-08      0.62
     12  1      -386.64639510     7.59e-07      0.00

     13  0      -386.77591925     2.57e-08      0.63
     13  1      -386.64639545     5.02e-07      0.00

     14  0      -386.77591925     1.34e-08      0.62
     14  1      -386.64639559     3.15e-07      0.00

     15  0      -386.77591925     6.20e-09      0.63
     15  1      -386.64639565     1.79e-07      0.00

     16  0      -386.77591925     2.69e-09      0.63
     16  1      -386.64639566     1.04e-07      0.00

     17  0      -386.77591925     1.18e-09      0.63
     17  1      -386.64639567     6.54e-08      0.00

     18  0      -386.77591925     5.41e-10      0.63
     18  1      -386.64639567     4.26e-08      0.00

     19  0      -386.77591925     2.66e-10      0.64
     19  1      -386.64639567     2.62e-08      0.00
    ** throwing out 2 trial vectors **

     20  0      -386.77591925     1.39e-10      0.64
     20  1      -386.64639567     1.48e-08      0.00
    ** throwing out 2 trial vectors **

     21  0 *    -386.77591925     7.45e-11      0.55
     21  1      -386.64639567     7.96e-09      0.00
    ** throwing out 1 trial vectors **

     22  0 *    -386.77591925     7.36e-11      0.34
     22  1      -386.64639567     4.20e-09      0.00
    ** throwing out 1 trial vectors **

     23  0 *    -386.77591925     7.34e-11      0.34
     23  1      -386.64639567     2.17e-09      0.00
    ** throwing out 1 trial vectors **

     24  0 *    -386.77591925     7.35e-11      0.34
     24  1      -386.64639567     1.15e-09      0.00
    ** throwing out 1 trial vectors **

     25  0 *    -386.77591925     7.35e-11      0.34
     25  1      -386.64639567     6.34e-10      0.00
    ** throwing out 1 trial vectors **

     26  0 *    -386.77591925     7.35e-11      0.34
     26  1      -386.64639567     3.63e-10      0.00
    ** throwing out 1 trial vectors **

     27  0 *    -386.77591925     7.33e-11      0.33
     27  1      -386.64639567     2.06e-10      0.00
    ** throwing out 1 trial vectors **

     28  0 *    -386.77591925     7.33e-11      0.34
     28  1      -386.64639567     1.14e-10      0.00
    ** throwing out 1 trial vectors **

     29  0 *    -386.77591925     7.31e-11      0.24
     29  1 *    -386.64639567     6.42e-11      0.00

     * ci vector   0, <S^2> = 0.0000, E =     -386.77591925
       222222......    -0.8469862647
       22222ba.....     0.2108717121
       22222ab.....     0.2108717121
       22222..2....     0.0707364079
       222.22..2...     0.0666524633
       2222.2.2....     0.0633413080
       22222b.a....     0.0549495752
       22222a.b....     0.0549495752
       2222.2..2...     0.0545233848

     * ci vector   1, <S^2> = -0.0000, E =     -386.64639567
       22222ab.....     0.5844304012
       22222ba.....     0.5844304012
       222222......     0.2889583543
       22222.ba....     0.0658882561
       22222.ab....     0.0658882561
       22222..2....    -0.0603614922
       2222abba....     0.0567234000
       2222baab....     0.0567234000
       222a2bb.a...     0.0558444298
       222b2aa.b...     0.0558444298
       2b222aab....     0.0528961084
       2a222bba....     0.0528961084
       2b222a2.....     0.0515186429
       2a222b2.....     0.0515186429
       222.2ab.2...    -0.0505960655
       222.2ba.2...    -0.0505960655
       - FCI and RDMs                             17.80
    * Integral transformation done. Elapsed time: 0.08

       - jop, kop                                  0.00
       - denom                                     0.02
     guess   0:   closed 111111......         open ............        
     guess   1:   closed 11111.......         open .....11.....        

  === FCI iteration ===

      0  0      -386.63615352     3.74e-04      0.60
      0  1      -386.50168758     3.72e-04      0.00

      1  0      -386.74774807     1.89e-04      0.61
      1  1      -386.61155672     1.95e-04      0.00

      2  0      -386.77041565     9.26e-05      0.61
      2  1      -386.63733935     1.03e-04      0.00

      3  0      -386.77497812     4.09e-05      0.61
      3  1      -386.64381429     5.55e-05      0.00

      4  0      -386.77574239     1.70e-05      0.61
      4  1      -386.64567054     3.23e-05      0.00

      5  0      -386.77586733     7.36e-06      0.61
      5  1      -386.64630684     1.99e-05      0.00

      6  0      -386.77589075     3.63e-06      0.62
      6  1      -386.64652748     1.16e-05      0.00

      7  0      -386.77589669     1.83e-06      0.63
      7  1      -386.64659824     6.17e-06      0.00

      8  0      -386.77589828     9.14e-07      0.62
      8  1      -386.64661933     3.44e-06      0.00

      9  0      -386.77589867     4.59e-07      0.62
      9  1      -386.64662702     2.36e-06      0.00

     10  0      -386.77589877     2.45e-07      0.62
     10  1      -386.64663059     1.71e-06      0.00

     11  0      -386.77589879     1.21e-07      0.62
     11  1      -386.64663235     1.13e-06      0.00

     12  0      -386.77589880     5.41e-08      0.62
     12  1      -386.64663309     7.59e-07      0.00

     13  0      -386.77589880     2.66e-08      0.62
     13  1      -386.64663343     5.03e-07      0.00

     14  0      -386.77589880     1.38e-08      0.62
     14  1      -386.64663357     3.15e-07      0.00

     15  0      -386.77589880     6.31e-09      0.62
     15  1      -386.64663362     1.78e-07      0.00

     16  0      -386.77589880     2.73e-09      0.63
     16  1      -386.64663364     1.02e-07      0.00

     17  0      -386.77589880     1.18e-09      0.63
     17  1      -386.64663365     6.38e-08      0.00

     18  0      -386.77589880     5.31e-10      0.63
     18  1      -386.64663365     4.17e-08      0.00

     19  0      -386.77589880     2.56e-10      0.63
     19  1      -386.64663365     2.58e-08      0.00
    ** throwing out 2 trial vectors **

     20  0      -386.77589880     1.30e-10      0.64
     20  1      -386.64663365     1.46e-08      0.00
    ** throwing out 2 trial vectors **

     21  0 *    -386.77589880     6.96e-11      0.54
     21  1      -386.64663365     7.92e-09      0.00
    ** throwing out 1 trial vectors **

     22  0 *    -386.77589880     6.83e-11      0.33
     22  1      -386.64663365     4.20e-09      0.00
    ** throwing out 1 trial vectors **

     23  0 *    -386.77589880     6.80e-11      0.34
     23  1      -386.64663365     2.18e-09      0.00
    ** throwing out 1 trial vectors **

     24  0 *    -386.77589880     6.79e-11      0.34
     24  1      -386.64663365     1.15e-09      0.00
    ** throwing out 1 trial vectors **

     25  0 *    -386.77589880     6.79e-11      0.34
     25  1      -386.64663365     6.39e-10      0.00
    ** throwing out 1 trial vectors **

     26  0 *    -386.77589880     6.78e-11      0.34
     26  1      -386.64663365     3.70e-10      0.00
    ** throwing out 1 trial vectors **

     27  0 *    -386.77589880     6.76e-11      0.34
     27  1      -386.64663365     2.14e-10      0.00
    ** throwing out 1 trial vectors **

     28  0 *    -386.77589880     6.74e-11      0.33
     28  1      -386.64663365     1.20e-10      0.00
    ** throwing out 1 trial vectors **

     29  0 *    -386.77589880     6.72e-11      0.24
     29  1 *    -386.64663365     6.86e-11      0.00

     * ci vector   0, <S^2> = -0.0000, E =     -386.77589880
       222222......     0.8485726828
       22222ab.....    -0.2071086916
       22222ba.....    -0.2071086916
       22222..2....    -0.0706554161
       222.22..2...    -0.0674820408
       2222.2.2....    -0.0623805624
       22222a.b....    -0.0576189119
       22222b.a....    -0.0576189119
       2222.2..2...    -0.0547391146

     * ci vector   1, <S^2> = 0.0000, E =     -386.64663365
       22222ba.....     0.5860548095
       22222ab.....     0.5860548094
       222222......     0.2834458296
       22222.ab....     0.0651287538
       22222.ba....     0.0651287538
       22222..2....    -0.0592101978
       2222baab....    -0.0561275201
       2222abba....    -0.0561275201
       222b2aa.b...    -0.0554247857
       222a2bb.a...    -0.0554247857
       2a222bba....     0.0534805375
       2b222aab....     0.0534805375
       222.2ba.2...    -0.0509791705
       222.2ab.2...    -0.0509791705
       - FCI and RDMs                             17.73
    * Integral transformation done. Elapsed time: 0.08

       - jop, kop                                  0.00
       - denom                                     0.02
     guess   0:   closed 111111......         open ............        
     guess   1:   closed 11111.......         open .....11.....        

  === FCI iteration ===

      0  0      -386.63587242     3.74e-04      0.59
      0  1      -386.50170270     3.72e-04      0.00

      1  0      -386.74754286     1.89e-04      0.60
      1  1      -386.61163750     1.95e-04      0.00

      2  0      -386.77029396     9.29e-05      0.60
      2  1      -386.63744982     1.03e-04      0.00

      3  0      -386.77488913     4.12e-05      0.60
      3  1      -386.64392652     5.54e-05      0.00

      4  0      -386.77566477     1.71e-05      0.62
      4  1      -386.64577493     3.21e-05      0.00

      5  0      -386.77579214     7.42e-06      0.63
      5  1      -386.64640365     1.97e-05      0.00

      6  0      -386.77581590     3.67e-06      0.64
      6  1      -386.64662059     1.16e-05      0.00

      7  0      -386.77582194     1.86e-06      0.64
      7  1      -386.64669046     6.17e-06      0.00

      8  0      -386.77582358     9.28e-07      0.64
      8  1      -386.64671166     3.48e-06      0.00

      9  0      -386.77582397     4.65e-07      0.64
      9  1      -386.64671961     2.42e-06      0.00

     10  0      -386.77582407     2.48e-07      0.65
     10  1      -386.64672339     1.76e-06      0.00

     11  0      -386.77582410     1.22e-07      0.64
     11  1      -386.64672526     1.17e-06      0.00

     12  0      -386.77582410     5.50e-08      0.65
     12  1      -386.64672603     7.78e-07      0.00

     13  0      -386.77582410     2.71e-08      0.65
     13  1      -386.64672638     5.14e-07      0.00

     14  0      -386.77582410     1.39e-08      0.65
     14  1      -386.64672653     3.18e-07      0.00

     15  0      -386.77582410     6.37e-09      0.63
     15  1      -386.64672658     1.78e-07      0.00

     16  0      -386.77582410     2.77e-09      0.64
     16  1      -386.64672659     1.01e-07      0.00

     17  0      -386.77582410     1.18e-09      0.63
     17  1      -386.64672660     6.27e-08      0.00

     18  0      -386.77582410     5.30e-10      0.63
     18  1      -386.64672660     4.09e-08      0.00

     19  0      -386.77582410     2.53e-10      0.64
     19  1      -386.64672660     2.55e-08      0.00
    ** throwing out 2 trial vectors **

     20  0      -386.77582410     1.27e-10      0.64
     20  1      -386.64672660     1.46e-08      0.00
    ** throwing out 2 trial vectors **

     21  0 *    -386.77582410     6.79e-11      0.55
     21  1      -386.64672660     7.97e-09      0.00
    ** throwing out 1 trial vectors **

     22  0 *    -386.77582410     6.60e-11      0.34
     22  1      -386.64672660     4.25e-09      0.00
    ** throwing out 1 trial vectors **

     23  0 *    -386.77582410     6.58e-11      0.34
     23  1      -386.64672660     2.20e-09      0.00
    ** throwing out 1 trial vectors **

     24  0 *    -386.77582410     6.56e-11      0.34
     24  1      -386.64672660     1.17e-09      0.00
    ** throwing out 1 trial vectors **

     25  0 *    -386.77582410     6.56e-11      0.34
     25  1      -386.64672660     6.46e-10      0.00
    ** throwing out 1 trial vectors **

     26  0 *    -386.77582410     6.53e-11      0.33
     26  1      -386.64672660     3.77e-10      0.00
    ** throwing out 1 trial vectors **

     27  0 *    -386.77582410     6.51e-11      0.34
     27  1      -386.64672660     2.21e-10      0.00
    ** throwing out 1 trial vectors **

     28  0 *    -386.77582410     6.47e-11      0.34
     28  1      -386.64672660     1.25e-10      0.00
    ** throwing out 1 trial vectors **

     29  0 *    -386.77582410     6.44e-11      0.24
     29  1 *    -386.64672660     7.28e-11      0.00

     * ci vector   0, <S^2> = -0.0000, E =     -386.77582410
       222222......     0.8499109900
       22222ba.....    -0.2038880883
       22222ab.....    -0.2038880883
       22222..2....    -0.0712301716
       222.22..2...    -0.0679633114
       2222.2.2....    -0.0615440076
       22222b.a....    -0.0588515897
       22222a.b....    -0.0588515897
       2222.2..2...    -0.0548535214

     * ci vector   1, <S^2> = 0.0000, E =     -386.64672660
       22222ab.....     0.5871754931
       22222ba.....     0.5871754931
       222222......     0.2794429772
       22222.ba....     0.0651904602
       22222.ab....     0.0651904602
       22222..2....    -0.0589189488
       2222abba....    -0.0562474521
       2222baab....    -0.0562474521
       222a2bb.a...     0.0551100591
       222b2aa.b...     0.0551100591
       2b222aab....     0.0537827164
       2a222bba....     0.0537827164
       222.2ab.2...    -0.0511763973
       222.2ba.2...    -0.0511763972
       - FCI and RDMs                             17.97
    * Integral transformation done. Elapsed time: 0.08

       - jop, kop                                  0.00
       - denom                                     0.02
     guess   0:   closed 111111......         open ............        
     guess   1:   closed 11111.......         open .....11.....        

  === FCI iteration ===

      0  0      -386.63574355     3.74e-04      0.60
      0  1      -386.50167828     3.72e-04      0.00

      1  0      -386.74744314     1.89e-04      0.61
      1  1      -386.61165895     1.95e-04      0.00

      2  0      -386.77022412     9.31e-05      0.61
      2  1      -386.63750170     1.03e-04      0.00

      3  0      -386.77483356     4.13e-05      0.62
      3  1      -386.64398517     5.54e-05      0.00

      4  0      -386.77561479     1.72e-05      0.61
      4  1      -386.64583206     3.20e-05      0.00

      5  0      -386.77574331     7.44e-06      0.62
      5  1      -386.64645801     1.97e-05      0.00

      6  0      -386.77576723     3.69e-06      0.62
      6  1      -386.64667352     1.15e-05      0.00

      7  0      -386.77577333     1.87e-06      0.61
      7  1      -386.64674302     6.18e-06      0.00

      8  0      -386.77577497     9.35e-07      0.62
      8  1      -386.64676428     3.50e-06      0.00

      9  0      -386.77577537     4.67e-07      0.61
      9  1      -386.64677234     2.45e-06      0.00

     10  0      -386.77577547     2.49e-07      0.62
     10  1      -386.64677621     1.79e-06      0.00

     11  0      -386.77577550     1.23e-07      0.62
     11  1      -386.64677813     1.18e-06      0.00

     12  0      -386.77577551     5.55e-08      0.62
     12  1      -386.64677892     7.87e-07      0.00

     13  0      -386.77577551     2.73e-08      0.62
     13  1      -386.64677927     5.18e-07      0.00

     14  0      -386.77577551     1.40e-08      0.63
     14  1      -386.64677942     3.20e-07      0.00

     15  0      -386.77577551     6.42e-09      0.62
     15  1      -386.64677947     1.79e-07      0.00

     16  0      -386.77577551     2.79e-09      0.63
     16  1      -386.64677949     1.01e-07      0.00

     17  0      -386.77577551     1.19e-09      0.66
     17  1      -386.64677950     6.23e-08      0.00

     18  0      -386.77577551     5.30e-10      0.66
     18  1      -386.64677950     4.06e-08      0.00

     19  0      -386.77577551     2.51e-10      0.66
     19  1      -386.64677950     2.54e-08      0.00
    ** throwing out 2 trial vectors **

     20  0      -386.77577551     1.25e-10      0.67
     20  1      -386.64677950     1.46e-08      0.00
    ** throwing out 2 trial vectors **

     21  0 *    -386.77577551     6.68e-11      0.56
     21  1      -386.64677950     8.01e-09      0.00
    ** throwing out 1 trial vectors **

     22  0 *    -386.77577551     6.45e-11      0.35
     22  1      -386.64677950     4.27e-09      0.00
    ** throwing out 1 trial vectors **

     23  0 *    -386.77577551     6.44e-11      0.35
     23  1      -386.64677950     2.21e-09      0.00
    ** throwing out 1 trial vectors **

     24  0 *    -386.77577551     6.41e-11      0.35
     24  1      -386.64677950     1.17e-09      0.00
    ** throwing out 1 trial vectors **

     25  0 *    -386.77577551     6.41e-11      0.35
     25  1      -386.64677950     6.49e-10      0.00
    ** throwing out 1 trial vectors **

     26  0 *    -386.77577551     6.38e-11      0.35
     26  1      -386.64677950     3.81e-10      0.00
    ** throwing out 1 trial vectors **

     27  0 *    -386.77577551     6.35e-11      0.35
     27  1      -386.64677950     2.25e-10      0.00
    ** throwing out 1 trial vectors **

     28  0 *    -386.77577551     6.31e-11      0.33
     28  1      -386.64677950     1.29e-10      0.00
    ** throwing out 1 trial vectors **

     29  0 *    -386.77577551     6.27e-11      0.24
     29  1 *    -386.64677950     7.65e-11      0.00

     * ci vector   0, <S^2> = 0.0000, E =     -386.77577551
       222222......     0.8505766704
       22222ab.....     0.2022666427
       22222ba.....     0.2022666427
       22222..2....    -0.0716198358
       222.22..2...    -0.0681318779
       2222.2.2....    -0.0610762950
       22222a.b....     0.0593454996
       22222b.a....     0.0593454996
       2222.2..2...    -0.0549635024

     * ci vector   1, <S^2> = 0.0000, E =     -386.64677950
       22222ba.....     0.5876726760
       22222ab.....     0.5876726760
       222222......    -0.2774570620
       22222.ab....    -0.0653314529
       22222.ba....    -0.0653314529
       22222..2....     0.0588908058
       2222baab....     0.0563859536
       2222abba....     0.0563859536
       222b2aa.b...     0.0548931510
       222a2bb.a...     0.0548931510
       2a222bba....     0.0539395810
       2b222aab....     0.0539395810
       222.2ba.2...    -0.0512214321
       222.2ab.2...    -0.0512214321
       - FCI and RDMs                             17.96
    * Integral transformation done. Elapsed time: 0.08

       - jop, kop                                  0.00
       - denom                                     0.02
     guess   0:   closed 111111......         open ............        
     guess   1:   closed 11111.......         open .....11.....        

  === FCI iteration ===

      0  0      -386.63567811     3.74e-04      0.61
      0  1      -386.50165495     3.72e-04      0.00

      1  0      -386.74738992     1.89e-04      0.61
      1  1      -386.61166400     1.95e-04      0.00

      2  0      -386.77018475     9.31e-05      0.61
      2  1      -386.63752831     1.03e-04      0.00

      3  0      -386.77480148     4.14e-05      0.61
      3  1      -386.64401699     5.54e-05      0.00

      4  0      -386.77558570     1.72e-05      0.61
      4  1      -386.64586357     3.20e-05      0.00

      5  0      -386.77571482     7.45e-06      0.62
      5  1      -386.64648827     1.97e-05      0.00

      6  0      -386.77573882     3.69e-06      0.62
      6  1      -386.64670311     1.15e-05      0.00

      7  0      -386.77574494     1.87e-06      0.62
      7  1      -386.64677244     6.18e-06      0.00

      8  0      -386.77574659     9.38e-07      0.62
      8  1      -386.64679373     3.51e-06      0.00

      9  0      -386.77574699     4.68e-07      0.62
      9  1      -386.64680184     2.47e-06      0.00

     10  0      -386.77574710     2.50e-07      0.62
     10  1      -386.64680576     1.80e-06      0.00

     11  0      -386.77574712     1.24e-07      0.62
     11  1      -386.64680770     1.19e-06      0.00

     12  0      -386.77574713     5.58e-08      0.62
     12  1      -386.64680850     7.91e-07      0.00

     13  0      -386.77574713     2.74e-08      0.63
     13  1      -386.64680886     5.20e-07      0.00

     14  0      -386.77574713     1.40e-08      0.63
     14  1      -386.64680901     3.21e-07      0.00

     15  0      -386.77574713     6.44e-09      0.63
     15  1      -386.64680906     1.79e-07      0.00

     16  0      -386.77574713     2.80e-09      0.63
     16  1      -386.64680908     1.01e-07      0.00

     17  0      -386.77574713     1.19e-09      0.63
     17  1      -386.64680908     6.21e-08      0.00

     18  0      -386.77574713     5.30e-10      0.63
     18  1      -386.64680908     4.04e-08      0.00

     19  0      -386.77574713     2.50e-10      0.64
     19  1      -386.64680908     2.53e-08      0.00
    ** throwing out 2 trial vectors **

     20  0      -386.77574713     1.24e-10      0.64
     20  1      -386.64680909     1.46e-08      0.00
    ** throwing out 2 trial vectors **

     21  0 *    -386.77574713     6.60e-11      0.55
     21  1      -386.64680909     8.03e-09      0.00
    ** throwing out 1 trial vectors **

     22  0 *    -386.77574713     6.36e-11      0.34
     22  1      -386.64680909     4.28e-09      0.00
    ** throwing out 1 trial vectors **

     23  0 *    -386.77574713     6.35e-11      0.34
     23  1      -386.64680909     2.22e-09      0.00
    ** throwing out 1 trial vectors **

     24  0 *    -386.77574713     6.31e-11      0.34
     24  1      -386.64680909     1.17e-09      0.00
    ** throwing out 1 trial vectors **

     25  0 *    -386.77574713     6.32e-11      0.34
     25  1      -386.64680909     6.52e-10      0.00
    ** throwing out 1 trial vectors **

     26  0 *    -386.77574713     6.28e-11      0.34
     26  1      -386.64680909     3.84e-10      0.00
    ** throwing out 1 trial vectors **

     27  0 *    -386.77574713     6.26e-11      0.34
     27  1      -386.64680909     2.28e-10      0.00
    ** throwing out 1 trial vectors **

     28  0 *    -386.77574713     6.21e-11      0.34
     28  1      -386.64680909     1.32e-10      0.00
    ** throwing out 1 trial vectors **

     29  0 *    -386.77574713     6.17e-11      0.24
     29  1 *    -386.64680909     7.93e-11      0.00

     * ci vector   0, <S^2> = 0.0000, E =     -386.77574713
       222222......    -0.8509251991
       22222ba.....    -0.2014143976
       22222ab.....    -0.2014143976
       22222..2....     0.0718461824
       222.22..2...     0.0682029787
       2222.2.2....     0.0608202915
       22222b.a....    -0.0595791701
       22222a.b....    -0.0595791701
       2222.2..2...     0.0550347205

     * ci vector   1, <S^2> = 0.0000, E =     -386.64680909
       22222ab.....    -0.5879188657
       22222ba.....    -0.5879188657
       222222......     0.2764116875
       22222.ba....     0.0654282025
       22222.ab....     0.0654282025
       22222..2....    -0.0588998350
       2222abba....     0.0564817308
       2222baab....     0.0564817308
       222a2bb.a...     0.0547674500
       222b2aa.b...     0.0547674500
       2b222aab....    -0.0540218203
       2a222bba....    -0.0540218203
       222.2ab.2...     0.0512316437
       222.2ba.2...     0.0512316437
       - FCI and RDMs                             17.81
    * Integral transformation done. Elapsed time: 0.08

       - jop, kop                                  0.00
       - denom                                     0.02
     guess   0:   closed 111111......         open ............        
     guess   1:   closed 11111.......         open .....11.....        

  === FCI iteration ===

      0  0      -386.63564330     3.74e-04      0.60
      0  1      -386.50163894     3.72e-04      0.00

      1  0      -386.74736077     1.89e-04      0.61
      1  1      -386.61166483     1.95e-04      0.00

      2  0      -386.77016276     9.32e-05      0.61
      2  1      -386.63754248     1.03e-04      0.00

      3  0      -386.77478344     4.14e-05      0.61
      3  1      -386.64403441     5.55e-05      0.00

      4  0      -386.77556928     1.72e-05      0.61
      4  1      -386.64588091     3.20e-05      0.00

      5  0      -386.77569874     7.46e-06      0.61
      5  1      -386.64650499     1.97e-05      0.00

      6  0      -386.77572278     3.70e-06      0.62
      6  1      -386.64671949     1.15e-05      0.00

      7  0      -386.77572891     1.87e-06      0.62
      7  1      -386.64678873     6.18e-06      0.00

      8  0      -386.77573057     9.40e-07      0.62
      8  1      -386.64681003     3.51e-06      0.00

      9  0      -386.77573097     4.69e-07      0.62
      9  1      -386.64681818     2.47e-06      0.00

     10  0      -386.77573108     2.50e-07      0.61
     10  1      -386.64682212     1.81e-06      0.00

     11  0      -386.77573110     1.24e-07      0.61
     11  1      -386.64682408     1.19e-06      0.00

     12  0      -386.77573111     5.59e-08      0.62
     12  1      -386.64682488     7.93e-07      0.00

     13  0      -386.77573111     2.74e-08      0.62
     13  1      -386.64682524     5.22e-07      0.00

     14  0      -386.77573111     1.41e-08      0.63
     14  1      -386.64682539     3.21e-07      0.00

     15  0      -386.77573111     6.45e-09      0.63
     15  1      -386.64682544     1.79e-07      0.00

     16  0      -386.77573111     2.81e-09      0.63
     16  1      -386.64682546     1.01e-07      0.00

     17  0      -386.77573111     1.19e-09      0.63
     17  1      -386.64682546     6.20e-08      0.00

     18  0      -386.77573111     5.31e-10      0.64
     18  1      -386.64682546     4.03e-08      0.00

     19  0      -386.77573111     2.50e-10      0.63
     19  1      -386.64682546     2.53e-08      0.00
    ** throwing out 2 trial vectors **

     20  0      -386.77573111     1.23e-10      0.64
     20  1      -386.64682546     1.46e-08      0.00
    ** throwing out 2 trial vectors **

     21  0 *    -386.77573111     6.56e-11      0.54
     21  1      -386.64682546     8.04e-09      0.00
    ** throwing out 1 trial vectors **

     22  0 *    -386.77573111     6.31e-11      0.34
     22  1      -386.64682546     4.29e-09      0.00
    ** throwing out 1 trial vectors **

     23  0 *    -386.77573111     6.30e-11      0.34
     23  1      -386.64682546     2.22e-09      0.00
    ** throwing out 1 trial vectors **

     24  0 *    -386.77573111     6.26e-11      0.34
     24  1      -386.64682546     1.18e-09      0.00
    ** throwing out 1 trial vectors **

     25  0 *    -386.77573111     6.27e-11      0.33
     25  1      -386.64682546     6.53e-10      0.00
    ** throwing out 1 trial vectors **

     26  0 *    -386.77573111     6.23e-11      0.33
     26  1      -386.64682546     3.85e-10      0.00
    ** throwing out 1 trial vectors **

     27  0 *    -386.77573111     6.20e-11      0.33
     27  1      -386.64682546     2.30e-10      0.00
    ** throwing out 1 trial vectors **

     28  0 *    -386.77573111     6.15e-11      0.33
     28  1      -386.64682546     1.34e-10      0.00
    ** throwing out 1 trial vectors **

     29  0 *    -386.77573111     6.11e-11      0.24
     29  1 *    -386.64682546     8.10e-11      0.00

     * ci vector   0, <S^2> = 0.0000, E =     -386.77573111
       222222......    -0.8511106880
       22222ba.....    -0.2009594929
       22222ab.....    -0.2009594929
       22222..2....     0.0719722845
       222.22..2...     0.0682364228
       2222.2.2....     0.0606808109
       22222b.a....    -0.0596987232
       22222a.b....    -0.0596987232
       2222.2..2...     0.0550769753

     * ci vector   1, <S^2> = -0.0000, E =     -386.64682546
       22222ab.....     0.5880464769
       22222ba.....     0.5880464768
       222222......    -0.2758523246
       22222.ba....    -0.0654844669
       22222.ab....    -0.0654844669
       22222..2....     0.0589092044
       2222abba....    -0.0565394888
       2222baab....    -0.0565394888
       222a2bb.a...     0.0546967466
       222b2aa.b...     0.0546967466
       2b222aab....     0.0540651352
       2a222bba....     0.0540651352
       222.2ab.2...    -0.0512333575
       222.2ba.2...    -0.0512333575
       - FCI and RDMs                             17.74
    * Integral transformation done. Elapsed time: 0.08

       - jop, kop                                  0.00
       - denom                                     0.02
     guess   0:   closed 111111......         open ............        
     guess   1:   closed 11111.......         open .....11.....        

  === FCI iteration ===

      0  0      -386.63562444     3.74e-04      0.60
      0  1      -386.50162909     3.72e-04      0.00

      1  0      -386.74734471     1.89e-04      0.61
      1  1      -386.61166473     1.95e-04      0.00

      2  0      -386.77015056     9.32e-05      0.61
      2  1      -386.63755017     1.03e-04      0.00

      3  0      -386.77477340     4.15e-05      0.61
      3  1      -386.64404398     5.55e-05      0.00

      4  0      -386.77556014     1.72e-05      0.61
      4  1      -386.64589046     3.20e-05      0.00

      5  0      -386.77568978     7.47e-06      0.61
      5  1      -386.64651421     1.96e-05      0.00

      6  0      -386.77571384     3.70e-06      0.61
      6  1      -386.64672853     1.15e-05      0.00

      7  0      -386.77571998     1.87e-06      0.62
      7  1      -386.64679772     6.18e-06      0.00

      8  0      -386.77572164     9.41e-07      0.62
      8  1      -386.64681903     3.51e-06      0.00

      9  0      -386.77572204     4.70e-07      0.62
      9  1      -386.64682719     2.48e-06      0.00

     10  0      -386.77572215     2.51e-07      0.62
     10  1      -386.64683114     1.81e-06      0.00

     11  0      -386.77572217     1.24e-07      0.62
     11  1      -386.64683311     1.19e-06      0.00

     12  0      -386.77572218     5.60e-08      0.62
     12  1      -386.64683391     7.94e-07      0.00

     13  0      -386.77572218     2.75e-08      0.62
     13  1      -386.64683427     5.22e-07      0.00

     14  0      -386.77572218     1.41e-08      0.62
     14  1      -386.64683442     3.22e-07      0.00

     15  0      -386.77572218     6.46e-09      0.63
     15  1      -386.64683447     1.79e-07      0.00

     16  0      -386.77572218     2.81e-09      0.63
     16  1      -386.64683449     1.01e-07      0.00

     17  0      -386.77572218     1.20e-09      0.63
     17  1      -386.64683450     6.19e-08      0.00

     18  0      -386.77572218     5.31e-10      0.63
     18  1      -386.64683450     4.03e-08      0.00

     19  0      -386.77572218     2.50e-10      0.63
     19  1      -386.64683450     2.53e-08      0.00
    ** throwing out 2 trial vectors **

     20  0      -386.77572218     1.23e-10      0.64
     20  1      -386.64683450     1.46e-08      0.00
    ** throwing out 2 trial vectors **

     21  0 *    -386.77572218     6.54e-11      0.54
     21  1      -386.64683450     8.05e-09      0.00
    ** throwing out 1 trial vectors **

     22  0 *    -386.77572218     6.28e-11      0.33
     22  1      -386.64683450     4.30e-09      0.00
    ** throwing out 1 trial vectors **

     23  0 *    -386.77572218     6.27e-11      0.33
     23  1      -386.64683450     2.23e-09      0.00
    ** throwing out 1 trial vectors **

     24  0 *    -386.77572218     6.23e-11      0.34
     24  1      -386.64683450     1.18e-09      0.00
    ** throwing out 1 trial vectors **

     25  0 *    -386.77572218     6.24e-11      0.34
     25  1      -386.64683450     6.54e-10      0.00
    ** throwing out 1 trial vectors **

     26  0 *    -386.77572218     6.20e-11      0.33
     26  1      -386.64683450     3.87e-10      0.00
    ** throwing out 1 trial vectors **

     27  0 *    -386.77572218     6.17e-11      0.33
     27  1      -386.64683450     2.31e-10      0.00
    ** throwing out 1 trial vectors **

     28  0 *    -386.77572218     6.12e-11      0.34
     28  1      -386.64683450     1.35e-10      0.00
    ** throwing out 1 trial vectors **

     29  0 *    -386.77572218     6.08e-11      0.24
     29  1 *    -386.64683450     8.20e-11      0.00

     * ci vector   0, <S^2> = -0.0000, E =     -386.77572218
       222222......    -0.8512104771
       22222ab.....    -0.2007142813
       22222ba.....    -0.2007142813
       22222..2....     0.0720416333
       222.22..2...     0.0682534891
       2222.2.2....     0.0606048085
       22222b.a....    -0.0597620384
       22222a.b....    -0.0597620384
       2222.2..2...     0.0551010525

     * ci vector   1, <S^2> = 0.0000, E =     -386.64683450
       22222ab.....     0.5881142807
       22222ba.....     0.5881142807
       222222......    -0.2755502962
       22222.ba....    -0.0655155823
       22222.ab....    -0.0655155823
       22222..2....     0.0589150141
       2222baab....    -0.0565723813
       2222abba....    -0.0565723813
       222b2aa.b...     0.0546574494
       222a2bb.a...     0.0546574494
       2a222bba....    -0.0540882804
       2b222aab....    -0.0540882804
       222.2ab.2...    -0.0512333474
       222.2ba.2...    -0.0512333474
       - FCI and RDMs                             17.72
    * Integral transformation done. Elapsed time: 0.08

       - jop, kop                                  0.00
       - denom                                     0.02
     guess   0:   closed 111111......         open ............        
     guess   1:   closed 11111.......         open .....11.....        

  === FCI iteration ===

      0  0      -386.63561412     3.74e-04      0.60
      0  1      -386.50162334     3.72e-04      0.00

      1  0      -386.74733585     1.89e-04      0.61
      1  1      -386.61166451     1.95e-04      0.00

      2  0      -386.77014381     9.32e-05      0.61
      2  1      -386.63755437     1.03e-04      0.00

      3  0      -386.77476785     4.15e-05      0.61
      3  1      -386.64404925     5.55e-05      0.00

      4  0      -386.77555508     1.72e-05      0.61
      4  1      -386.64589572     3.20e-05      0.00

      5  0      -386.77568482     7.47e-06      0.61
      5  1      -386.64651929     1.96e-05      0.00

      6  0      -386.77570889     3.70e-06      0.61
      6  1      -386.64673351     1.15e-05      0.00

      7  0      -386.77571503     1.88e-06      0.61
      7  1      -386.64680267     6.18e-06      0.00

      8  0      -386.77571670     9.41e-07      0.61
      8  1      -386.64682398     3.52e-06      0.00

      9  0      -386.77571710     4.70e-07      0.62
      9  1      -386.64683216     2.48e-06      0.00

     10  0      -386.77571720     2.51e-07      0.62
     10  1      -386.64683612     1.81e-06      0.00

     11  0      -386.77571723     1.24e-07      0.62
     11  1      -386.64683808     1.20e-06      0.00

     12  0      -386.77571723     5.60e-08      0.62
     12  1      -386.64683889     7.95e-07      0.00

     13  0      -386.77571723     2.75e-08      0.62
     13  1      -386.64683925     5.22e-07      0.00

     14  0      -386.77571724     1.41e-08      0.62
     14  1      -386.64683940     3.22e-07      0.00

     15  0      -386.77571724     6.46e-09      0.63
     15  1      -386.64683945     1.79e-07      0.00

     16  0      -386.77571724     2.82e-09      0.62
     16  1      -386.64683947     1.01e-07      0.00

     17  0      -386.77571724     1.20e-09      0.63
     17  1      -386.64683947     6.19e-08      0.00

     18  0      -386.77571724     5.31e-10      0.62
     18  1      -386.64683948     4.03e-08      0.00

     19  0      -386.77571724     2.49e-10      0.63
     19  1      -386.64683948     2.52e-08      0.00
    ** throwing out 2 trial vectors **

     20  0      -386.77571724     1.22e-10      0.63
     20  1      -386.64683948     1.46e-08      0.00
    ** throwing out 2 trial vectors **

     21  0 *    -386.77571724     6.52e-11      0.54
     21  1      -386.64683948     8.05e-09      0.00
    ** throwing out 1 trial vectors **

     22  0 *    -386.77571724     6.27e-11      0.34
     22  1      -386.64683948     4.30e-09      0.00
    ** throwing out 1 trial vectors **

     23  0 *    -386.77571724     6.26e-11      0.34
     23  1      -386.64683948     2.23e-09      0.00
    ** throwing out 1 trial vectors **

     24  0 *    -386.77571724     6.21e-11      0.34
     24  1      -386.64683948     1.18e-09      0.00
    ** throwing out 1 trial vectors **

     25  0 *    -386.77571724     6.22e-11      0.34
     25  1      -386.64683948     6.54e-10      0.00
    ** throwing out 1 trial vectors **

     26  0 *    -386.77571724     6.18e-11      0.34
     26  1      -386.64683948     3.87e-10      0.00
    ** throwing out 1 trial vectors **

     27  0 *    -386.77571724     6.15e-11      0.33
     27  1      -386.64683948     2.32e-10      0.00
    ** throwing out 1 trial vectors **

     28  0 *    -386.77571724     6.11e-11      0.34
     28  1      -386.64683948     1.36e-10      0.00
    ** throwing out 1 trial vectors **

     29  0 *    -386.77571724     6.06e-11      0.24
     29  1 *    -386.64683948     8.26e-11      0.00

     * ci vector   0, <S^2> = 0.0000, E =     -386.77571724
       222222......     0.8512645553
       22222ab.....     0.2005812387
       22222ba.....     0.2005812387
       22222..2....    -0.0720796175
       222.22..2...    -0.0682626073
       2222.2.2....    -0.0605633351
       22222a.b....     0.0597960976
       22222b.a....     0.0597960976
       2222.2..2...    -0.0551145128

     * ci vector   1, <S^2> = 0.0000, E =     -386.64683948
       22222ba.....    -0.5881508158
       22222ab.....    -0.5881508158
       222222......     0.2753862573
       22222.ab....     0.0655324889
       22222.ba....     0.0655324889
       22222..2....    -0.0589182463
       2222baab....     0.0565906696
       2222abba....     0.0565906696
       222b2aa.b...    -0.0546357301
       222a2bb.a...    -0.0546357301
       2a222bba....    -0.0541007888
       2b222aab....    -0.0541007888
       222.2ba.2...     0.0512331352
       222.2ab.2...     0.0512331352
       - FCI and RDMs                             17.68
    * Integral transformation done. Elapsed time: 0.08

       - jop, kop                                  0.00
       - denom                                     0.02
     guess   0:   closed 111111......         open ............        
     guess   1:   closed 11111.......         open .....11.....        

  === FCI iteration ===

      0  0      -386.63560847     3.74e-04      0.60
      0  1      -386.50162007     3.72e-04      0.00

      1  0      -386.74733097     1.89e-04      0.61
      1  1      -386.61166435     1.95e-04      0.00

      2  0      -386.77014008     9.32e-05      0.61
      2  1      -386.63755669     1.03e-04      0.00

      3  0      -386.77476478     4.15e-05      0.60
      3  1      -386.64405215     5.55e-05      0.00

      4  0      -386.77555228     1.72e-05      0.61
      4  1      -386.64589861     3.20e-05      0.00

      5  0      -386.77568207     7.47e-06      0.61
      5  1      -386.64652208     1.96e-05      0.00

      6  0      -386.77570616     3.70e-06      0.61
      6  1      -386.64673625     1.15e-05      0.00

      7  0      -386.77571230     1.88e-06      0.61
      7  1      -386.64680540     6.18e-06      0.00

      8  0      -386.77571396     9.42e-07      0.61
      8  1      -386.64682671     3.52e-06      0.00

      9  0      -386.77571437     4.70e-07      0.61
      9  1      -386.64683489     2.48e-06      0.00

     10  0      -386.77571447     2.51e-07      0.62
     10  1      -386.64683885     1.81e-06      0.00

     11  0      -386.77571450     1.24e-07      0.62
     11  1      -386.64684082     1.20e-06      0.00

     12  0      -386.77571450     5.60e-08      0.61
     12  1      -386.64684163     7.95e-07      0.00

     13  0      -386.77571450     2.75e-08      0.60
     13  1      -386.64684199     5.23e-07      0.00

     14  0      -386.77571450     1.41e-08      0.61
     14  1      -386.64684214     3.22e-07      0.00

     15  0      -386.77571450     6.47e-09      0.61
     15  1      -386.64684219     1.79e-07      0.00

     16  0      -386.77571450     2.82e-09      0.64
     16  1      -386.64684221     1.01e-07      0.00

     17  0      -386.77571450     1.20e-09      0.64
     17  1      -386.64684221     6.19e-08      0.00

     18  0      -386.77571450     5.31e-10      0.64
     18  1      -386.64684222     4.02e-08      0.00

     19  0      -386.77571450     2.49e-10      0.64
     19  1      -386.64684222     2.52e-08      0.00
    ** throwing out 2 trial vectors **

     20  0      -386.77571450     1.22e-10      0.65
     20  1      -386.64684222     1.46e-08      0.00
    ** throwing out 2 trial vectors **

     21  0 *    -386.77571450     6.51e-11      0.55
     21  1      -386.64684222     8.06e-09      0.00
    ** throwing out 1 trial vectors **

     22  0 *    -386.77571450     6.26e-11      0.36
     22  1      -386.64684222     4.30e-09      0.00
    ** throwing out 1 trial vectors **

     23  0 *    -386.77571450     6.25e-11      0.36
     23  1      -386.64684222     2.23e-09      0.00
    ** throwing out 1 trial vectors **

     24  0 *    -386.77571450     6.20e-11      0.36
     24  1      -386.64684222     1.18e-09      0.00
    ** throwing out 1 trial vectors **

     25  0 *    -386.77571450     6.21e-11      0.37
     25  1      -386.64684222     6.54e-10      0.00
    ** throwing out 1 trial vectors **

     26  0 *    -386.77571450     6.17e-11      0.36
     26  1      -386.64684222     3.87e-10      0.00
    ** throwing out 1 trial vectors **

     27  0 *    -386.77571450     6.15e-11      0.36
     27  1      -386.64684222     2.32e-10      0.00
    ** throwing out 1 trial vectors **

     28  0 *    -386.77571450     6.10e-11      0.35
     28  1      -386.64684222     1.36e-10      0.00
    ** throwing out 1 trial vectors **

     29  0 *    -386.77571450     6.05e-11      0.24
     29  1 *    -386.64684222     8.30e-11      0.00

     * ci vector   0, <S^2> = 0.0000, E =     -386.77571450
       222222......     0.8512939991
       22222ab.....     0.2005087550
       22222ba.....     0.2005087550
       22222..2....    -0.0721004009
       222.22..2...    -0.0682675862
       2222.2.2....    -0.0605406703
       22222a.b....     0.0598145568
       22222b.a....     0.0598145568
       2222.2..2...    -0.0551219674

     * ci vector   1, <S^2> = 0.0000, E =     -386.64684222
       22222ba.....    -0.5881706583
       22222ab.....    -0.5881706583
       222222......     0.2752968308
       22222.ab....     0.0655416212
       22222.ba....     0.0655416212
       22222..2....    -0.0589199935
       2222baab....     0.0566007388
       2222abba....     0.0566007388
       222b2aa.b...     0.0546237593
       222a2bb.a...     0.0546237593
       2a222bba....    -0.0541075942
       2b222aab....    -0.0541075942
       222.2ba.2...     0.0512329849
       222.2ab.2...     0.0512329849
       - FCI and RDMs                             17.99
    * Integral transformation done. Elapsed time: 0.08

       - jop, kop                                  0.00
       - denom                                     0.02
     guess   0:   closed 111111......         open ............        
     guess   1:   closed 11111.......         open .....11.....        

  === FCI iteration ===

      0  0      -386.63560537     3.74e-04      0.62
      0  1      -386.50161824     3.72e-04      0.00

      1  0      -386.74732828     1.89e-04      0.63
      1  1      -386.61166425     1.95e-04      0.00

      2  0      -386.77013803     9.32e-05      0.63
      2  1      -386.63755796     1.03e-04      0.00

      3  0      -386.77476309     4.15e-05      0.63
      3  1      -386.64405374     5.55e-05      0.00

      4  0      -386.77555074     1.72e-05      0.62
      4  1      -386.64590020     3.20e-05      0.00

      5  0      -386.77568056     7.47e-06      0.62
      5  1      -386.64652362     1.96e-05      0.00

      6  0      -386.77570465     3.70e-06      0.63
      6  1      -386.64673776     1.15e-05      0.00

      7  0      -386.77571079     1.88e-06      0.63
      7  1      -386.64680690     6.18e-06      0.00

      8  0      -386.77571246     9.42e-07      0.63
      8  1      -386.64682822     3.52e-06      0.00

      9  0      -386.77571286     4.70e-07      0.63
      9  1      -386.64683640     2.48e-06      0.00

     10  0      -386.77571297     2.51e-07      0.63
     10  1      -386.64684036     1.82e-06      0.00

     11  0      -386.77571299     1.24e-07      0.63
     11  1      -386.64684233     1.20e-06      0.00

     12  0      -386.77571300     5.61e-08      0.64
     12  1      -386.64684314     7.95e-07      0.00

     13  0      -386.77571300     2.75e-08      0.64
     13  1      -386.64684350     5.23e-07      0.00

     14  0      -386.77571300     1.41e-08      0.64
     14  1      -386.64684365     3.22e-07      0.00

     15  0      -386.77571300     6.47e-09      0.64
     15  1      -386.64684370     1.79e-07      0.00

     16  0      -386.77571300     2.82e-09      0.64
     16  1      -386.64684372     1.01e-07      0.00

     17  0      -386.77571300     1.20e-09      0.65
     17  1      -386.64684372     6.19e-08      0.00

     18  0      -386.77571300     5.31e-10      0.64
     18  1      -386.64684373     4.02e-08      0.00

     19  0      -386.77571300     2.49e-10      0.64
     19  1      -386.64684373     2.52e-08      0.00
    ** throwing out 2 trial vectors **

     20  0      -386.77571300     1.22e-10      0.65
     20  1      -386.64684373     1.46e-08      0.00
    ** throwing out 2 trial vectors **

     21  0 *    -386.77571300     6.51e-11      0.55
     21  1      -386.64684373     8.06e-09      0.00
    ** throwing out 1 trial vectors **

     22  0 *    -386.77571300     6.25e-11      0.35
     22  1      -386.64684373     4.30e-09      0.00
    ** throwing out 1 trial vectors **

     23  0 *    -386.77571300     6.24e-11      0.34
     23  1      -386.64684373     2.23e-09      0.00
    ** throwing out 1 trial vectors **

     24  0 *    -386.77571300     6.20e-11      0.34
     24  1      -386.64684373     1.18e-09      0.00
    ** throwing out 1 trial vectors **

     25  0 *    -386.77571300     6.21e-11      0.34
     25  1      -386.64684373     6.55e-10      0.00
    ** throwing out 1 trial vectors **

     26  0 *    -386.77571300     6.17e-11      0.34
     26  1      -386.64684373     3.88e-10      0.00
    ** throwing out 1 trial vectors **

     27  0 *    -386.77571300     6.14e-11      0.34
     27  1      -386.64684373     2.32e-10      0.00
    ** throwing out 1 trial vectors **

     28  0 *    -386.77571300     6.09e-11      0.34
     28  1      -386.64684373     1.36e-10      0.00
    ** throwing out 1 trial vectors **

     29  0 *    -386.77571300     6.04e-11      0.24
     29  1 *    -386.64684373     8.32e-11      0.00

     * ci vector   0, <S^2> = -0.0000, E =     -386.77571300
       222222......    -0.8513100771
       22222ba.....    -0.2004691619
       22222ab.....    -0.2004691619
       22222..2....     0.0721117723
       222.22..2...     0.0682703295
       2222.2.2....     0.0605282701
       22222a.b....    -0.0598245997
       22222b.a....    -0.0598245997
       2222.2..2...     0.0551260764

     * ci vector   1, <S^2> = 0.0000, E =     -386.64684373
       22222ab.....     0.5881814832
       22222ba.....     0.5881814832
       222222......    -0.2752479647
       22222.ba....    -0.0655465477
       22222.ab....    -0.0655465477
       22222..2....     0.0589209338
       2222baab....    -0.0566062619
       2222abba....    -0.0566062619
       222a2bb.a...    -0.0546171706
       222b2aa.b...    -0.0546171706
       2b222aab....     0.0541113098
       2a222bba....     0.0541113098
       222.2ab.2...    -0.0512329028
       222.2ba.2...    -0.0512329028
       - FCI and RDMs                             18.15
    * Integral transformation done. Elapsed time: 0.08

       - jop, kop                                  0.00
       - denom                                     0.02
     guess   0:   closed 111111......         open ............        
     guess   1:   closed 11111.......         open .....11.....        

  === FCI iteration ===

      0  0      -386.63560366     3.74e-04      0.61
      0  1      -386.50161722     3.72e-04      0.00

      1  0      -386.74732680     1.89e-04      0.61
      1  1      -386.61166419     1.95e-04      0.00

      2  0      -386.77013690     9.32e-05      0.61
      2  1      -386.63755866     1.03e-04      0.00

      3  0      -386.77476216     4.15e-05      0.61
      3  1      -386.64405462     5.55e-05      0.00

      4  0      -386.77554989     1.72e-05      0.62
      4  1      -386.64590108     3.20e-05      0.00

      5  0      -386.77567973     7.47e-06      0.62
      5  1      -386.64652446     1.96e-05      0.00

      6  0      -386.77570382     3.70e-06      0.62
      6  1      -386.64673859     1.15e-05      0.00

      7  0      -386.77570996     1.88e-06      0.62
      7  1      -386.64680772     6.18e-06      0.00

      8  0      -386.77571163     9.42e-07      0.63
      8  1      -386.64682904     3.52e-06      0.00

      9  0      -386.77571203     4.70e-07      0.63
      9  1      -386.64683722     2.48e-06      0.00

     10  0      -386.77571214     2.51e-07      0.63
     10  1      -386.64684119     1.82e-06      0.00

     11  0      -386.77571216     1.24e-07      0.63
     11  1      -386.64684316     1.20e-06      0.00

     12  0      -386.77571217     5.61e-08      0.64
     12  1      -386.64684397     7.95e-07      0.00

     13  0      -386.77571217     2.75e-08      0.63
     13  1      -386.64684433     5.23e-07      0.00

     14  0      -386.77571217     1.41e-08      0.63
     14  1      -386.64684448     3.22e-07      0.00

     15  0      -386.77571217     6.47e-09      0.64
     15  1      -386.64684453     1.79e-07      0.00

     16  0      -386.77571217     2.82e-09      0.64
     16  1      -386.64684455     1.01e-07      0.00

     17  0      -386.77571217     1.20e-09      0.64
     17  1      -386.64684455     6.19e-08      0.00

     18  0      -386.77571217     5.31e-10      0.64
     18  1      -386.64684456     4.02e-08      0.00

     19  0      -386.77571217     2.49e-10      0.64
     19  1      -386.64684456     2.52e-08      0.00
    ** throwing out 2 trial vectors **

     20  0      -386.77571217     1.22e-10      0.65
     20  1      -386.64684456     1.46e-08      0.00
    ** throwing out 2 trial vectors **

     21  0 *    -386.77571217     6.51e-11      0.55
     21  1      -386.64684456     8.06e-09      0.00
    ** throwing out 1 trial vectors **

     22  0 *    -386.77571217     6.25e-11      0.34
     22  1      -386.64684456     4.30e-09      0.00
    ** throwing out 1 trial vectors **

     23  0 *    -386.77571217     6.24e-11      0.34
     23  1      -386.64684456     2.23e-09      0.00
    ** throwing out 1 trial vectors **

     24  0 *    -386.77571217     6.20e-11      0.34
     24  1      -386.64684456     1.18e-09      0.00
    ** throwing out 1 trial vectors **

     25  0 *    -386.77571217     6.20e-11      0.34
     25  1      -386.64684456     6.55e-10      0.00
    ** throwing out 1 trial vectors **

     26  0 *    -386.77571217     6.16e-11      0.34
     26  1      -386.64684456     3.88e-10      0.00
    ** throwing out 1 trial vectors **

     27  0 *    -386.77571217     6.14e-11      0.34
     27  1      -386.64684456     2.32e-10      0.00
    ** throwing out 1 trial vectors **

     28  0 *    -386.77571217     6.09e-11      0.34
     28  1      -386.64684456     1.36e-10      0.00
    ** throwing out 1 trial vectors **

     29  0 *    -386.77571217     6.04e-11      0.24
     29  1 *    -386.64684456     8.33e-11      0.00

     * ci vector   0, <S^2> = 0.0000, E =     -386.77571217
       222222......    -0.8513188727
       22222ba.....    -0.2004474996
       22222ab.....    -0.2004474996
       22222..2....     0.0721179956
       222.22..2...     0.0682718458
       2222.2.2....     0.0605214804
       22222b.a....    -0.0598300749
       22222a.b....    -0.0598300749
       2222.2..2...     0.0551283357

     * ci vector   1, <S^2> = 0.0000, E =     -386.64684456
       22222ab.....     0.5881874035
       22222ba.....     0.5881874035
       222222......    -0.2752212228
       22222.ba....    -0.0655492063
       22222.ab....    -0.0655492063
       22222..2....     0.0589214412
       2222abba....    -0.0566092876
       2222baab....    -0.0566092876
       222a2bb.a...    -0.0546135467
       222b2aa.b...    -0.0546135467
       2b222aab....     0.0541133420
       2a222bba....     0.0541133420
       222.2ab.2...    -0.0512328620
       222.2ba.2...    -0.0512328620
       - FCI and RDMs                             18.00
    * Integral transformation done. Elapsed time: 0.08

       - jop, kop                                  0.00
       - denom                                     0.02
     guess   0:   closed 111111......         open ............        
     guess   1:   closed 11111.......         open .....11.....        

  === FCI iteration ===

      0  0      -386.63560272     3.74e-04      0.61
      0  1      -386.50161665     3.72e-04      0.00

      1  0      -386.74732599     1.89e-04      0.62
      1  1      -386.61166416     1.95e-04      0.00

      2  0      -386.77013628     9.32e-05      0.62
      2  1      -386.63755905     1.03e-04      0.00

      3  0      -386.77476165     4.15e-05      0.62
      3  1      -386.64405511     5.55e-05      0.00

      4  0      -386.77554942     1.72e-05      0.62
      4  1      -386.64590156     3.20e-05      0.00

      5  0      -386.77567927     7.47e-06      0.62
      5  1      -386.64652493     1.96e-05      0.00

      6  0      -386.77570336     3.70e-06      0.62
      6  1      -386.64673905     1.15e-05      0.00

      7  0      -386.77570951     1.88e-06      0.62
      7  1      -386.64680818     6.18e-06      0.00

      8  0      -386.77571117     9.42e-07      0.62
      8  1      -386.64682950     3.52e-06      0.00

      9  0      -386.77571158     4.70e-07      0.62
      9  1      -386.64683768     2.48e-06      0.00

     10  0      -386.77571168     2.51e-07      0.62
     10  1      -386.64684165     1.82e-06      0.00

     11  0      -386.77571171     1.24e-07      0.63
     11  1      -386.64684362     1.20e-06      0.00

     12  0      -386.77571171     5.61e-08      0.63
     12  1      -386.64684443     7.95e-07      0.00

     13  0      -386.77571171     2.75e-08      0.63
     13  1      -386.64684478     5.23e-07      0.00

     14  0      -386.77571171     1.41e-08      0.63
     14  1      -386.64684493     3.22e-07      0.00

     15  0      -386.77571171     6.47e-09      0.63
     15  1      -386.64684499     1.79e-07      0.00

     16  0      -386.77571171     2.82e-09      0.63
     16  1      -386.64684500     1.01e-07      0.00

     17  0      -386.77571171     1.20e-09      0.63
     17  1      -386.64684501     6.19e-08      0.00

     18  0      -386.77571171     5.31e-10      0.64
     18  1      -386.64684501     4.02e-08      0.00

     19  0      -386.77571171     2.49e-10      0.64
     19  1      -386.64684501     2.52e-08      0.00
    ** throwing out 2 trial vectors **

     20  0      -386.77571171     1.22e-10      0.65
     20  1      -386.64684501     1.46e-08      0.00
    ** throwing out 2 trial vectors **

     21  0 *    -386.77571171     6.51e-11      0.55
     21  1      -386.64684501     8.06e-09      0.00
    ** throwing out 1 trial vectors **

     22  0 *    -386.77571171     6.25e-11      0.34
     22  1      -386.64684501     4.30e-09      0.00
    ** throwing out 1 trial vectors **

     23  0 *    -386.77571171     6.24e-11      0.34
     23  1      -386.64684501     2.23e-09      0.00
    ** throwing out 1 trial vectors **

     24  0 *    -386.77571171     6.20e-11      0.34
     24  1      -386.64684501     1.18e-09      0.00
    ** throwing out 1 trial vectors **

     25  0 *    -386.77571171     6.20e-11      0.34
     25  1      -386.64684501     6.55e-10      0.00
    ** throwing out 1 trial vectors **

     26  0 *    -386.77571171     6.16e-11      0.34
     26  1      -386.64684501     3.88e-10      0.00
    ** throwing out 1 trial vectors **

     27  0 *    -386.77571171     6.14e-11      0.33
     27  1      -386.64684501     2.32e-10      0.00
    ** throwing out 1 trial vectors **

     28  0 *    -386.77571171     6.09e-11      0.33
     28  1      -386.64684501     1.36e-10      0.00
    ** throwing out 1 trial vectors **

     29  0 *    -386.77571171     6.04e-11      0.24
     29  1 *    -386.64684501     8.33e-11      0.00

     * ci vector   0, <S^2> = 0.0000, E =     -386.77571171
       222222......     0.8513236899
       22222ab.....     0.2004356354
       22222ba.....     0.2004356354
       22222..2....    -0.0721214025
       222.22..2...    -0.0682726843
       2222.2.2....    -0.0605177606
       22222b.a....     0.0598330635
       22222a.b....     0.0598330635
       2222.2..2...    -0.0551295765

     * ci vector   1, <S^2> = -0.0000, E =     -386.64684501
       22222ba.....    -0.5881906462
       22222ab.....    -0.5881906462
       222222......     0.2752065747
       22222.ab....     0.0655506426
       22222.ba....     0.0655506426
       22222..2....    -0.0589217160
       2222baab....     0.0566109447
       2222abba....     0.0566109447
       222b2aa.b...     0.0546115541
       222a2bb.a...     0.0546115541
       2a222bba....    -0.0541144544
       2b222aab....    -0.0541144544
       222.2ba.2...     0.0512328428
       222.2ab.2...     0.0512328428
       - FCI and RDMs                             17.88
    * Integral transformation done. Elapsed time: 0.08

       - jop, kop                                  0.00
       - denom                                     0.02
     guess   0:   closed 111111......         open ............        
     guess   1:   closed 11111.......         open .....11.....        

  === FCI iteration ===

      0  0      -386.63560221     3.74e-04      0.60
      0  1      -386.50161634     3.72e-04      0.00

      1  0      -386.74732554     1.89e-04      0.62
      1  1      -386.61166414     1.95e-04      0.00

      2  0      -386.77013594     9.32e-05      0.61
      2  1      -386.63755926     1.03e-04      0.00

      3  0      -386.77476137     4.15e-05      0.61
      3  1      -386.64405537     5.55e-05      0.00

      4  0      -386.77554917     1.72e-05      0.61
      4  1      -386.64590182     3.20e-05      0.00

      5  0      -386.77567902     7.47e-06      0.62
      5  1      -386.64652519     1.96e-05      0.00

      6  0      -386.77570311     3.70e-06      0.62
      6  1      -386.64673930     1.15e-05      0.00

      7  0      -386.77570926     1.88e-06      0.62
      7  1      -386.64680843     6.18e-06      0.00

      8  0      -386.77571092     9.42e-07      0.62
      8  1      -386.64682975     3.52e-06      0.00

      9  0      -386.77571133     4.70e-07      0.62
      9  1      -386.64683793     2.48e-06      0.00

     10  0      -386.77571143     2.51e-07      0.63
     10  1      -386.64684190     1.82e-06      0.00

     11  0      -386.77571145     1.24e-07      0.62
     11  1      -386.64684387     1.20e-06      0.00

     12  0      -386.77571146     5.61e-08      0.62
     12  1      -386.64684468     7.95e-07      0.00

     13  0      -386.77571146     2.75e-08      0.62
     13  1      -386.64684503     5.23e-07      0.00

     14  0      -386.77571146     1.41e-08      0.62
     14  1      -386.64684519     3.22e-07      0.00

     15  0      -386.77571146     6.47e-09      0.63
     15  1      -386.64684524     1.79e-07      0.00

     16  0      -386.77571146     2.82e-09      0.63
     16  1      -386.64684526     1.01e-07      0.00

     17  0      -386.77571146     1.20e-09      0.63
     17  1      -386.64684526     6.19e-08      0.00

     18  0      -386.77571146     5.31e-10      0.63
     18  1      -386.64684526     4.02e-08      0.00

     19  0      -386.77571146     2.49e-10      0.64
     19  1      -386.64684526     2.52e-08      0.00
    ** throwing out 2 trial vectors **

     20  0      -386.77571146     1.22e-10      0.64
     20  1      -386.64684526     1.46e-08      0.00
    ** throwing out 2 trial vectors **

     21  0 *    -386.77571146     6.51e-11      0.54
     21  1      -386.64684526     8.06e-09      0.00
    ** throwing out 1 trial vectors **

     22  0 *    -386.77571146     6.25e-11      0.34
     22  1      -386.64684526     4.30e-09      0.00
    ** throwing out 1 trial vectors **

     23  0 *    -386.77571146     6.24e-11      0.34
     23  1      -386.64684526     2.23e-09      0.00
    ** throwing out 1 trial vectors **

     24  0 *    -386.77571146     6.19e-11      0.34
     24  1      -386.64684526     1.18e-09      0.00
    ** throwing out 1 trial vectors **

     25  0 *    -386.77571146     6.20e-11      0.34
     25  1      -386.64684526     6.55e-10      0.00
    ** throwing out 1 trial vectors **

     26  0 *    -386.77571146     6.16e-11      0.34
     26  1      -386.64684526     3.88e-10      0.00
    ** throwing out 1 trial vectors **

     27  0 *    -386.77571146     6.14e-11      0.34
     27  1      -386.64684526     2.32e-10      0.00
    ** throwing out 1 trial vectors **

     28  0 *    -386.77571146     6.09e-11      0.34
     28  1      -386.64684526     1.36e-10      0.00
    ** throwing out 1 trial vectors **

     29  0 *    -386.77571146     6.04e-11      0.24
     29  1 *    -386.64684526     8.33e-11      0.00

     * ci vector   0, <S^2> = -0.0000, E =     -386.77571146
       222222......    -0.8513263300
       22222ab.....    -0.2004291335
       22222ba.....    -0.2004291335
       22222..2....     0.0721232681
       222.22..2...     0.0682731478
       2222.2.2....     0.0605157220
       22222a.b....    -0.0598346959
       22222b.a....    -0.0598346959
       2222.2..2...     0.0551302576

     * ci vector   1, <S^2> = -0.0000, E =     -386.64684526
       22222ba.....     0.5881924238
       22222ab.....     0.5881924237
       222222......    -0.2751985463
       22222.ab....    -0.0655514192
       22222.ba....    -0.0655514192
       22222..2....     0.0589218654
       2222baab....    -0.0566118523
       2222abba....    -0.0566118523
       222b2aa.b...    -0.0546104585
       222a2bb.a...    -0.0546104585
       2a222bba....     0.0541150634
       2b222aab....     0.0541150634
       222.2ba.2...    -0.0512328338
       222.2ab.2...    -0.0512328338
       - FCI and RDMs                             17.78
    * Integral transformation done. Elapsed time: 0.08

       - jop, kop                                  0.00
       - denom                                     0.02
     guess   0:   closed 111111......         open ............        
     guess   1:   closed 11111.......         open .....11.....        

  === FCI iteration ===

      0  0      -386.63560193     3.74e-04      0.60
      0  1      -386.50161617     3.72e-04      0.00

      1  0      -386.74732530     1.89e-04      0.61
      1  1      -386.61166413     1.95e-04      0.00

      2  0      -386.77013575     9.32e-05      0.61
      2  1      -386.63755937     1.03e-04      0.00

      3  0      -386.77476121     4.15e-05      0.61
      3  1      -386.64405552     5.55e-05      0.00

      4  0      -386.77554902     1.72e-05      0.61
      4  1      -386.64590197     3.20e-05      0.00

      5  0      -386.77567888     7.47e-06      0.61
      5  1      -386.64652533     1.96e-05      0.00

      6  0      -386.77570297     3.70e-06      0.61
      6  1      -386.64673944     1.15e-05      0.00

      7  0      -386.77570912     1.88e-06      0.61
      7  1      -386.64680856     6.18e-06      0.00

      8  0      -386.77571078     9.42e-07      0.61
      8  1      -386.64682988     3.52e-06      0.00

      9  0      -386.77571119     4.70e-07      0.61
      9  1      -386.64683807     2.48e-06      0.00

     10  0      -386.77571129     2.51e-07      0.62
     10  1      -386.64684204     1.82e-06      0.00

     11  0      -386.77571132     1.24e-07      0.62
     11  1      -386.64684401     1.20e-06      0.00

     12  0      -386.77571132     5.61e-08      0.62
     12  1      -386.64684482     7.96e-07      0.00

     13  0      -386.77571132     2.75e-08      0.62
     13  1      -386.64684517     5.23e-07      0.00

     14  0      -386.77571132     1.41e-08      0.62
     14  1      -386.64684532     3.22e-07      0.00

     15  0      -386.77571132     6.47e-09      0.62
     15  1      -386.64684538     1.79e-07      0.00

     16  0      -386.77571132     2.82e-09      0.63
     16  1      -386.64684539     1.01e-07      0.00

     17  0      -386.77571132     1.20e-09      0.63
     17  1      -386.64684540     6.19e-08      0.00

     18  0      -386.77571132     5.31e-10      0.63
     18  1      -386.64684540     4.02e-08      0.00

     19  0      -386.77571132     2.49e-10      0.63
     19  1      -386.64684540     2.52e-08      0.00
    ** throwing out 2 trial vectors **

     20  0      -386.77571132     1.22e-10      0.64
     20  1      -386.64684540     1.46e-08      0.00
    ** throwing out 2 trial vectors **

     21  0 *    -386.77571132     6.51e-11      0.54
     21  1      -386.64684540     8.06e-09      0.00
    ** throwing out 1 trial vectors **

     22  0 *    -386.77571132     6.25e-11      0.33
     22  1      -386.64684540     4.30e-09      0.00
    ** throwing out 1 trial vectors **

     23  0 *    -386.77571132     6.24e-11      0.34
     23  1      -386.64684540     2.23e-09      0.00
    ** throwing out 1 trial vectors **

     24  0 *    -386.77571132     6.19e-11      0.34
     24  1      -386.64684540     1.18e-09      0.00
    ** throwing out 1 trial vectors **

     25  0 *    -386.77571132     6.20e-11      0.33
     25  1      -386.64684540     6.55e-10      0.00
    ** throwing out 1 trial vectors **

     26  0 *    -386.77571132     6.16e-11      0.33
     26  1      -386.64684540     3.88e-10      0.00
    ** throwing out 1 trial vectors **

     27  0 *    -386.77571132     6.13e-11      0.34
     27  1      -386.64684540     2.32e-10      0.00
    ** throwing out 1 trial vectors **

     28  0 *    -386.77571132     6.09e-11      0.33
     28  1      -386.64684540     1.37e-10      0.00
    ** throwing out 1 trial vectors **

     29  0 *    -386.77571132     6.04e-11      0.24
     29  1 *    -386.64684540     8.34e-11      0.00

     * ci vector   0, <S^2> = -0.0000, E =     -386.77571132
       222222......    -0.8513277781
       22222ba.....    -0.2004255678
       22222ab.....    -0.2004255678
       22222..2....     0.0721242898
       222.22..2...     0.0682734038
       2222.2.2....     0.0605146046
       22222b.a....    -0.0598355879
       22222a.b....    -0.0598355879
       2222.2..2...     0.0551306314

     * ci vector   1, <S^2> = -0.0000, E =     -386.64684540
       22222ab.....     0.5881933989
       22222ba.....     0.5881933988
       222222......    -0.2751941434
       22222.ba....    -0.0655518397
       22222.ab....    -0.0655518397
       22222..2....     0.0589219469
       2222abba....    -0.0566123495
       2222baab....    -0.0566123495
       222a2bb.a...    -0.0546098563
       222b2aa.b...    -0.0546098563
       2b222aab....     0.0541153970
       2a222bba....     0.0541153970
       222.2ab.2...    -0.0512328298
       222.2ba.2...    -0.0512328298
       - FCI and RDMs                             17.69
    * Integral transformation done. Elapsed time: 0.08

       - jop, kop                                  0.00
       - denom                                     0.02
     guess   0:   closed 111111......         open ............        
     guess   1:   closed 11111.......         open .....11.....        

  === FCI iteration ===

      0  0      -386.63560177     3.74e-04      0.60
      0  1      -386.50161608     3.72e-04      0.00

      1  0      -386.74732516     1.89e-04      0.61
      1  1      -386.61166413     1.95e-04      0.00

      2  0      -386.77013564     9.32e-05      0.61
      2  1      -386.63755944     1.03e-04      0.00

      3  0      -386.77476113     4.15e-05      0.61
      3  1      -386.64405560     5.55e-05      0.00

      4  0      -386.77554895     1.72e-05      0.61
      4  1      -386.64590205     3.20e-05      0.00

      5  0      -386.77567881     7.47e-06      0.61
      5  1      -386.64652540     1.96e-05      0.00

      6  0      -386.77570290     3.70e-06      0.61
      6  1      -386.64673951     1.15e-05      0.00

      7  0      -386.77570904     1.88e-06      0.61
      7  1      -386.64680864     6.18e-06      0.00

      8  0      -386.77571071     9.42e-07      0.62
      8  1      -386.64682996     3.52e-06      0.00

      9  0      -386.77571111     4.70e-07      0.62
      9  1      -386.64683814     2.48e-06      0.00

     10  0      -386.77571121     2.51e-07      0.62
     10  1      -386.64684211     1.82e-06      0.00

     11  0      -386.77571124     1.24e-07      0.62
     11  1      -386.64684408     1.20e-06      0.00

     12  0      -386.77571125     5.61e-08      0.62
     12  1      -386.64684489     7.96e-07      0.00

     13  0      -386.77571125     2.75e-08      0.62
     13  1      -386.64684525     5.23e-07      0.00

     14  0      -386.77571125     1.41e-08      0.62
     14  1      -386.64684540     3.22e-07      0.00

     15  0      -386.77571125     6.47e-09      0.62
     15  1      -386.64684545     1.79e-07      0.00

     16  0      -386.77571125     2.82e-09      0.62
     16  1      -386.64684547     1.01e-07      0.00

     17  0      -386.77571125     1.20e-09      0.63
     17  1      -386.64684548     6.19e-08      0.00

     18  0      -386.77571125     5.31e-10      0.63
     18  1      -386.64684548     4.02e-08      0.00

     19  0      -386.77571125     2.49e-10      0.63
     19  1      -386.64684548     2.52e-08      0.00
    ** throwing out 2 trial vectors **

     20  0      -386.77571125     1.22e-10      0.64
     20  1      -386.64684548     1.46e-08      0.00
    ** throwing out 2 trial vectors **

     21  0 *    -386.77571125     6.51e-11      0.54
     21  1      -386.64684548     8.06e-09      0.00
    ** throwing out 1 trial vectors **

     22  0 *    -386.77571125     6.25e-11      0.33
     22  1      -386.64684548     4.30e-09      0.00
    ** throwing out 1 trial vectors **

     23  0 *    -386.77571125     6.24e-11      0.33
     23  1      -386.64684548     2.23e-09      0.00
    ** throwing out 1 trial vectors **

     24  0 *    -386.77571125     6.19e-11      0.34
     24  1      -386.64684548     1.18e-09      0.00
    ** throwing out 1 trial vectors **

     25  0 *    -386.77571125     6.20e-11      0.33
     25  1      -386.64684548     6.55e-10      0.00
    ** throwing out 1 trial vectors **

     26  0 *    -386.77571125     6.16e-11      0.34
     26  1      -386.64684548     3.88e-10      0.00
    ** throwing out 1 trial vectors **

     27  0 *    -386.77571125     6.13e-11      0.33
     27  1      -386.64684548     2.32e-10      0.00
    ** throwing out 1 trial vectors **

     28  0 *    -386.77571125     6.09e-11      0.33
     28  1      -386.64684548     1.37e-10      0.00
    ** throwing out 1 trial vectors **

     29  0 *    -386.77571125     6.04e-11      0.24
     29  1 *    -386.64684548     8.34e-11      0.00

     * ci vector   0, <S^2> = 0.0000, E =     -386.77571125
       222222......    -0.8513285717
       22222ab.....    -0.2004236132
       22222ba.....    -0.2004236132
       22222..2....     0.0721248496
       222.22..2...     0.0682735450
       2222.2.2....     0.0605139918
       22222a.b....    -0.0598360761
       22222b.a....    -0.0598360761
       2222.2..2...     0.0551308364

     * ci vector   1, <S^2> = 0.0000, E =     -386.64684548
       22222ba.....     0.5881939336
       22222ab.....     0.5881939336
       222222......    -0.2751917297
       22222.ab....    -0.0655520673
       22222.ba....    -0.0655520673
       22222..2....     0.0589219912
       2222baab....    -0.0566126220
       2222abba....    -0.0566126220
       222b2aa.b...    -0.0546095252
       222a2bb.a...    -0.0546095252
       2a222bba....     0.0541155797
       2b222aab....     0.0541155797
       222.2ba.2...    -0.0512328280
       222.2ab.2...    -0.0512328280
       - FCI and RDMs                             17.63
    * Integral transformation done. Elapsed time: 0.08

       - jop, kop                                  0.00
       - denom                                     0.02
     guess   0:   closed 111111......         open ............        
     guess   1:   closed 11111.......         open .....11.....        

  === FCI iteration ===

      0  0      -386.63560169     3.74e-04      0.62
      0  1      -386.50161603     3.72e-04      0.00

      1  0      -386.74732509     1.89e-04      0.63
      1  1      -386.61166412     1.95e-04      0.00

      2  0      -386.77013559     9.32e-05      0.63
      2  1      -386.63755947     1.03e-04      0.00

      3  0      -386.77476108     4.15e-05      0.63
      3  1      -386.64405564     5.55e-05      0.00

      4  0      -386.77554890     1.72e-05      0.63
      4  1      -386.64590209     3.20e-05      0.00

      5  0      -386.77567876     7.47e-06      0.63
      5  1      -386.64652545     1.96e-05      0.00

      6  0      -386.77570285     3.70e-06      0.64
      6  1      -386.64673955     1.15e-05      0.00

      7  0      -386.77570900     1.88e-06      0.64
      7  1      -386.64680868     6.18e-06      0.00

      8  0      -386.77571067     9.42e-07      0.63
      8  1      -386.64683000     3.52e-06      0.00

      9  0      -386.77571107     4.70e-07      0.64
      9  1      -386.64683818     2.48e-06      0.00

     10  0      -386.77571117     2.51e-07      0.64
     10  1      -386.64684215     1.82e-06      0.00

     11  0      -386.77571120     1.24e-07      0.62
     11  1      -386.64684412     1.20e-06      0.00

     12  0      -386.77571120     5.61e-08      0.62
     12  1      -386.64684493     7.96e-07      0.00

     13  0      -386.77571121     2.75e-08      0.63
     13  1      -386.64684529     5.23e-07      0.00

     14  0      -386.77571121     1.41e-08      0.62
     14  1      -386.64684544     3.22e-07      0.00

     15  0      -386.77571121     6.47e-09      0.62
     15  1      -386.64684549     1.79e-07      0.00

     16  0      -386.77571121     2.82e-09      0.62
     16  1      -386.64684551     1.01e-07      0.00

     17  0      -386.77571121     1.20e-09      0.62
     17  1      -386.64684552     6.19e-08      0.00

     18  0      -386.77571121     5.31e-10      0.63
     18  1      -386.64684552     4.02e-08      0.00

     19  0      -386.77571121     2.49e-10      0.62
     19  1      -386.64684552     2.52e-08      0.00
    ** throwing out 2 trial vectors **

     20  0      -386.77571121     1.22e-10      0.63
     20  1      -386.64684552     1.46e-08      0.00
    ** throwing out 2 trial vectors **

     21  0 *    -386.77571121     6.51e-11      0.54
     21  1      -386.64684552     8.06e-09      0.00
    ** throwing out 1 trial vectors **

     22  0 *    -386.77571121     6.25e-11      0.35
     22  1      -386.64684552     4.30e-09      0.00
    ** throwing out 1 trial vectors **

     23  0 *    -386.77571121     6.24e-11      0.35
     23  1      -386.64684552     2.23e-09      0.00
    ** throwing out 1 trial vectors **

     24  0 *    -386.77571121     6.19e-11      0.35
     24  1      -386.64684552     1.18e-09      0.00
    ** throwing out 1 trial vectors **

     25  0 *    -386.77571121     6.20e-11      0.35
     25  1      -386.64684552     6.55e-10      0.00
    ** throwing out 1 trial vectors **

     26  0 *    -386.77571121     6.16e-11      0.35
     26  1      -386.64684552     3.88e-10      0.00
    ** throwing out 1 trial vectors **

     27  0 *    -386.77571121     6.13e-11      0.35
     27  1      -386.64684552     2.32e-10      0.00
    ** throwing out 1 trial vectors **

     28  0 *    -386.77571121     6.09e-11      0.35
     28  1      -386.64684552     1.37e-10      0.00
    ** throwing out 1 trial vectors **

     29  0 *    -386.77571121     6.04e-11      0.25
     29  1 *    -386.64684552     8.34e-11      0.00

     * ci vector   0, <S^2> = -0.0000, E =     -386.77571121
       222222......    -0.8513290077
       22222ba.....    -0.2004225400
       22222ab.....    -0.2004225400
       22222..2....     0.0721251563
       222.22..2...     0.0682736229
       2222.2.2....     0.0605136559
       22222a.b....    -0.0598363424
       22222b.a....    -0.0598363424
       2222.2..2...     0.0551309490

     * ci vector   1, <S^2> = -0.0000, E =     -386.64684552
       22222ab.....     0.5881942272
       22222ba.....     0.5881942272
       222222......    -0.2751904047
       22222.ba....    -0.0655521910
       22222.ab....    -0.0655521910
       22222..2....     0.0589220156
       2222abba....    -0.0566127714
       2222baab....    -0.0566127714
       222a2bb.a...    -0.0546093432
       222b2aa.b...    -0.0546093432
       2b222aab....     0.0541156797
       2a222bba....     0.0541156797
       222.2ab.2...    -0.0512328272
       222.2ba.2...    -0.0512328272
       - FCI and RDMs                             18.10
    * Integral transformation done. Elapsed time: 0.08

       - jop, kop                                  0.00
       - denom                                     0.02
     guess   0:   closed 111111......         open ............        
     guess   1:   closed 11111.......         open .....11.....        

  === FCI iteration ===

      0  0      -386.63560164     3.74e-04      0.62
      0  1      -386.50161600     3.72e-04      0.00

      1  0      -386.74732505     1.89e-04      0.63
      1  1      -386.61166412     1.95e-04      0.00

      2  0      -386.77013556     9.32e-05      0.63
      2  1      -386.63755949     1.03e-04      0.00

      3  0      -386.77476105     4.15e-05      0.63
      3  1      -386.64405567     5.55e-05      0.00

      4  0      -386.77554888     1.72e-05      0.63
      4  1      -386.64590212     3.20e-05      0.00

      5  0      -386.77567874     7.47e-06      0.63
      5  1      -386.64652547     1.96e-05      0.00

      6  0      -386.77570283     3.70e-06      0.63
      6  1      -386.64673958     1.15e-05      0.00

      7  0      -386.77570898     1.88e-06      0.63
      7  1      -386.64680870     6.18e-06      0.00

      8  0      -386.77571064     9.42e-07      0.63
      8  1      -386.64683002     3.52e-06      0.00

      9  0      -386.77571105     4.70e-07      0.63
      9  1      -386.64683821     2.48e-06      0.00

     10  0      -386.77571115     2.51e-07      0.64
     10  1      -386.64684218     1.82e-06      0.00

     11  0      -386.77571118     1.24e-07      0.63
     11  1      -386.64684415     1.20e-06      0.00

     12  0      -386.77571118     5.61e-08      0.64
     12  1      -386.64684496     7.96e-07      0.00

     13  0      -386.77571118     2.75e-08      0.63
     13  1      -386.64684531     5.23e-07      0.00

     14  0      -386.77571118     1.41e-08      0.63
     14  1      -386.64684546     3.22e-07      0.00

     15  0      -386.77571118     6.47e-09      0.64
     15  1      -386.64684552     1.79e-07      0.00

     16  0      -386.77571118     2.82e-09      0.64
     16  1      -386.64684553     1.01e-07      0.00

     17  0      -386.77571118     1.20e-09      0.64
     17  1      -386.64684554     6.19e-08      0.00

     18  0      -386.77571118     5.31e-10      0.65
     18  1      -386.64684554     4.02e-08      0.00

     19  0      -386.77571118     2.49e-10      0.65
     19  1      -386.64684554     2.52e-08      0.00
    ** throwing out 2 trial vectors **

     20  0      -386.77571118     1.22e-10      0.65
     20  1      -386.64684554     1.46e-08      0.00
    ** throwing out 2 trial vectors **

     21  0 *    -386.77571118     6.51e-11      0.55
     21  1      -386.64684554     8.06e-09      0.00
    ** throwing out 1 trial vectors **

     22  0 *    -386.77571118     6.25e-11      0.34
     22  1      -386.64684554     4.30e-09      0.00
    ** throwing out 1 trial vectors **

     23  0 *    -386.77571118     6.24e-11      0.34
     23  1      -386.64684554     2.23e-09      0.00
    ** throwing out 1 trial vectors **

     24  0 *    -386.77571118     6.19e-11      0.34
     24  1      -386.64684554     1.18e-09      0.00
    ** throwing out 1 trial vectors **

     25  0 *    -386.77571118     6.20e-11      0.34
     25  1      -386.64684554     6.55e-10      0.00
    ** throwing out 1 trial vectors **

     26  0 *    -386.77571118     6.16e-11      0.34
     26  1      -386.64684554     3.88e-10      0.00
    ** throwing out 1 trial vectors **

     27  0 *    -386.77571118     6.13e-11      0.34
     27  1      -386.64684554     2.32e-10      0.00
    ** throwing out 1 trial vectors **

     28  0 *    -386.77571118     6.09e-11      0.35
     28  1      -386.64684554     1.37e-10      0.00
    ** throwing out 1 trial vectors **

     29  0 *    -386.77571118     6.04e-11      0.24
     29  1 *    -386.64684554     8.34e-11      0.00

     * ci vector   0, <S^2> = -0.0000, E =     -386.77571118
       222222......    -0.8513292465
       22222ab.....    -0.2004219520
       22222ba.....    -0.2004219520
       22222..2....     0.0721253243
       222.22..2...     0.0682736658
       2222.2.2....     0.0605134717
       22222a.b....    -0.0598364884
       22222b.a....    -0.0598364884
       2222.2..2...     0.0551310107

     * ci vector   1, <S^2> = 0.0000, E =     -386.64684554
       22222ba.....     0.5881943882
       22222ab.....     0.5881943882
       222222......    -0.2751896785
       22222.ab....    -0.0655522578
       22222.ba....    -0.0655522578
       22222..2....     0.0589220288
       2222baab....    -0.0566128533
       2222abba....    -0.0566128533
       222b2aa.b...     0.0546092432
       222a2bb.a...     0.0546092432
       2a222bba....     0.0541157346
       2b222aab....     0.0541157346
       222.2ba.2...    -0.0512328269
       222.2ab.2...    -0.0512328269
       - FCI and RDMs                             18.15
