--------------------------------------------------
JOB FRONT-END 3110246 on wux39
SLURM ENVIRONMENT
--------------------------------------------------
SLURM_JOB_ID                   = 3110246             
SLURM_ARRAY_JOB_ID             = N/A                 
SLURM_ARRAY_TASK_ID            = N/A                 
SLURM_JOB_NAME                 = bagel               
SLURM_JOB_PARTITION            = batch               
SLURM_JOB_NUM_NODES            = 1                   
SLURM_JOB_CPUS_PER_NODE        = 20                  
SLURM_NTASKS                   = 20                  
SLURM_NTASKS_PER_NODE          = N/A                 
--------------------------------------------------
--------------------------------------------------
PBS ENVIRONMENT
--------------------------------------------------
PBS_JOBID                      = 3110246             
PBS_ARRAYID                    = N/A                 
PBS_JOBNAME                    = bagel               
PBS_QUEUE                      = batch               
PBS_NUM_NODES                  = 1                   
PBS_NUM_PPN                    = 1                   
PBS_NP                         = 20                  
PBS_NODEFILE                   = /tmp/3110246/nodes  
--------------------------------------------------
  * process grid (5, 4) will be used
    wux39                           
    wux39                           
    wux39                           
    wux39                           
    wux39                           
    wux39                           
    wux39                           
    wux39                           
    wux39                           
    wux39                           
    wux39                           
    wux39                           
    wux39                           
    wux39                           
    wux39                           
    wux39                           
    wux39                           
    wux39                           
    wux39                           
    wux39                           

  * using 20 threads per process

  ===============================================================
    BAGEL - Freshly leavened quantum chemistry                   
  ===============================================================

  *** Geometry ***

  { "atom" : "C", "xyz" : [      4.438889,     -1.153973,      1.789917 ] },
  { "atom" : "C", "xyz" : [      4.149994,      1.542854,      1.767044 ] },
  { "atom" : "C", "xyz" : [      1.974286,      2.663720,      0.784420 ] },
  { "atom" : "N", "xyz" : [      0.146696,      1.074831,     -0.045228 ] },
  { "atom" : "B", "xyz" : [      0.189335,     -1.656423,     -0.029646 ] },
  { "atom" : "C", "xyz" : [      2.573098,     -2.862045,      0.979869 ] },
  { "atom" : "C", "xyz" : [     -2.347754,     -1.761192,     -1.752117 ] },
  { "atom" : "C", "xyz" : [     -4.932783,     -1.180708,     -0.582313 ] },
  { "atom" : "C", "xyz" : [     -4.658992,      1.386969,     -0.607963 ] },
  { "atom" : "C", "xyz" : [     -2.045125,      1.241144,     -1.800145 ] },
  { "atom" : "H", "xyz" : [      6.279957,     -1.879529,      2.409780 ] },
  { "atom" : "H", "xyz" : [      5.674037,      2.750696,      2.455063 ] },
  { "atom" : "H", "xyz" : [      1.715565,      4.708878,      0.620340 ] },
  { "atom" : "H", "xyz" : [      3.033429,     -4.877858,      1.024881 ] },
  { "atom" : "H", "xyz" : [     -2.308115,     -2.798878,     -3.549646 ] },
  { "atom" : "H", "xyz" : [     -6.455557,     -2.412483,      0.069402 ] },
  { "atom" : "H", "xyz" : [     -5.819720,      2.968655,      0.031262 ] },
  { "atom" : "H", "xyz" : [     -1.607240,      2.245341,     -3.564919 ] },

  Number of auxiliary basis functions:      884

  Since a DF basis is specified, we compute 2- and 3-index integrals:
    o Being stored without compression. Storage requirement is 0.079 GB
       - 3-index ints prep                         0.00
       - 3-index ints                              0.07
       - 2-index ints                              0.07
       - computing inverse                         0.42
        elapsed time:        0.56 sec.


  Number of basis functions:      106
  Number of electrons      :       68


    * METHOD: MOLECULE                             0.61

       - Overlap matrix                            0.01
       - Hcore matrix                              0.01
       - Overlap orthog                            0.01

  *** RHF ***

  === Nuclear Repulsion ===
  
   455.7735316051

      * DIIS with orbital gradients will be used.

       - SCF startup                               0.51

  === RHF iteration (/home/miaoxin/software/bagel-1.2.2/obj/share/3-21g.json) ===
  
               o Fock build                                  0.19
      0       -384.34927529          0.01182175           0.20
               o DIIS                                        0.00
               o Diag                                        0.01
               o Post process                                0.00
               o Fock build                                  0.25
      1       -384.49301916          0.00408622           0.26
               o DIIS                                        0.00
               o Diag                                        0.01
               o Post process                                0.00
               o Fock build                                  0.16
      2       -384.50834874          0.00160231           0.17
               o DIIS                                        0.00
               o Diag                                        0.01
               o Post process                                0.00
               o Fock build                                  0.18
      3       -384.51083851          0.00029294           0.20
               o DIIS                                        0.00
               o Diag                                        0.01
               o Post process                                0.00
               o Fock build                                  0.18
      4       -384.51094001          0.00008377           0.20
               o DIIS                                        0.00
               o Diag                                        0.01
               o Post process                                0.00
               o Fock build                                  0.20
      5       -384.51095385          0.00002997           0.22
               o DIIS                                        0.00
               o Diag                                        0.01
               o Post process                                0.00
               o Fock build                                  0.27
      6       -384.51095607          0.00001793           0.29
               o DIIS                                        0.00
               o Diag                                        0.01
               o Post process                                0.00
               o Fock build                                  0.16
      7       -384.51095708          0.00000655           0.18
               o DIIS                                        0.00
               o Diag                                        0.01
               o Post process                                0.00
               o Fock build                                  0.26
      8       -384.51095728          0.00000331           0.27
               o DIIS                                        0.00
               o Diag                                        0.01
               o Post process                                0.00
               o Fock build                                  0.16
      9       -384.51095731          0.00000147           0.17
               o DIIS                                        0.00
               o Diag                                        0.01
               o Post process                                0.00
               o Fock build                                  0.20
     10       -384.51095732          0.00000068           0.22
               o DIIS                                        0.00
               o Diag                                        0.01
               o Post process                                0.00
               o Fock build                                  0.15
     11       -384.51095732          0.00000029           0.17
               o DIIS                                        0.00
               o Diag                                        0.01
               o Post process                                0.00
               o Fock build                                  0.16
     12       -384.51095732          0.00000010           0.17
               o DIIS                                        0.00
               o Diag                                        0.01
               o Post process                                0.00
               o Fock build                                  0.27
     13       -384.51095732          0.00000005           0.29
               o DIIS                                        0.00
               o Diag                                        0.01
               o Post process                                0.00
               o Fock build                                  0.19
     14       -384.51095732          0.00000002           0.21
               o DIIS                                        0.00
               o Diag                                        0.01
               o Post process                                0.00
               o Fock build                                  0.24
     15       -384.51095732          0.00000001           0.25
               o DIIS                                        0.00
               o Diag                                        0.01
               o Post process                                0.00
               o Fock build                                  0.16
     16       -384.51095732          0.00000000           0.17
  
    * SCF iteration converged.

    * Permanent dipole moment:
           (    0.101078,    -0.532588,     0.243515) a.u.

  ---------------------------
      CASSCF calculation     
  ---------------------------

 
    ==== Active orbitals : ===== 
         Orbital 32
         Orbital 33
         Orbital 34
         Orbital 35
         Orbital 36
         Orbital 37
    ============================ 

    * nstate   :      4
    * nclosed  :     31
    * nact     :      6
    * nvirt    :     69
  === CASSCF iteration (/home/miaoxin/software/bagel-1.2.2/obj/share/3-21g.json) ===

    * Using the second-order algorithm

      0  0      -384.54865586     2.96e-03      0.38
      0  1      -384.31164492     0.00e+00      0.38
      0  2      -384.27699074     0.00e+00      0.38
      0  3      -384.23742910     0.00e+00      0.38

         res : 6.97e-02   lamb: 1.00e+00   eps : -1.74e-02   step: 3.25e-01    0.23
         res : 2.42e-02   lamb: 1.00e+00   eps : -1.91e-02   step: 3.79e-01    0.22
         res : 8.09e-03   lamb: 1.00e+00   eps : -1.93e-02   step: 3.81e-01    0.26
         res : 2.49e-03   lamb: 1.00e+00   eps : -1.93e-02   step: 3.82e-01    0.21
         res : 7.07e-04   lamb: 1.00e+00   eps : -1.93e-02   step: 3.82e-01    0.19
         res : 1.95e-04   lamb: 1.00e+00   eps : -1.93e-02   step: 3.83e-01    0.22
         res : 5.77e-05   lamb: 1.00e+00   eps : -1.93e-02   step: 3.83e-01    0.23
         res : 2.08e-05   lamb: 1.00e+00   eps : -1.93e-02   step: 3.83e-01    0.23

      1  0      -384.56068976     2.58e-03      2.79
      1  1      -384.32756181     0.00e+00      2.79
      1  2      -384.29644016     0.00e+00      2.79
      1  3      -384.26079519     0.00e+00      2.79

         res : 9.22e-02   lamb: 1.00e+00   eps : -1.71e-02   step: 2.74e-01    0.20
         res : 2.42e-02   lamb: 1.00e+00   eps : -1.95e-02   step: 3.53e-01    0.23
         res : 1.12e-02   lamb: 1.00e+00   eps : -1.97e-02   step: 3.65e-01    0.22
         res : 2.97e-03   lamb: 1.00e+00   eps : -1.98e-02   step: 3.66e-01    0.24
         res : 9.92e-04   lamb: 1.00e+00   eps : -1.98e-02   step: 3.68e-01    0.20
         res : 3.10e-04   lamb: 1.00e+00   eps : -1.98e-02   step: 3.68e-01    0.20
         res : 9.31e-05   lamb: 1.00e+00   eps : -1.98e-02   step: 3.68e-01    0.21
         res : 2.57e-05   lamb: 1.00e+00   eps : -1.98e-02   step: 3.68e-01    0.26

      2  0      -384.57121273     1.30e-03      2.62
      2  1      -384.34906024     0.00e+00      2.62
      2  2      -384.31341146     0.00e+00      2.62
      2  3      -384.28757947     0.00e+00      2.62

         res : 5.36e-02   lamb: 1.00e+00   eps : -1.31e-02   step: 2.89e-01    0.20
         res : 1.60e-02   lamb: 1.00e+00   eps : -1.38e-02   step: 3.11e-01    0.23
         res : 6.46e-03   lamb: 1.00e+00   eps : -1.39e-02   step: 3.12e-01    0.20
         res : 2.24e-03   lamb: 1.00e+00   eps : -1.39e-02   step: 3.12e-01    0.21
         res : 6.49e-04   lamb: 1.00e+00   eps : -1.39e-02   step: 3.12e-01    0.30
         res : 1.96e-04   lamb: 1.00e+00   eps : -1.39e-02   step: 3.12e-01    0.22
         res : 5.95e-05   lamb: 1.00e+00   eps : -1.39e-02   step: 3.12e-01    0.20
         res : 2.44e-05   lamb: 1.00e+00   eps : -1.39e-02   step: 3.12e-01    0.23

      3  0      -384.57837899     5.44e-04      2.70
      3  1      -384.35954100     0.00e+00      2.70
      3  2      -384.32102787     0.00e+00      2.70
      3  3      -384.30327207     0.00e+00      2.70

         res : 2.19e-02   lamb: 1.00e+00   eps : -1.54e-03   step: 8.34e-02    0.20
         res : 5.82e-03   lamb: 1.00e+00   eps : -1.66e-03   step: 9.20e-02    0.21
         res : 1.89e-03   lamb: 1.00e+00   eps : -1.67e-03   step: 9.15e-02    0.26
         res : 7.17e-04   lamb: 1.00e+00   eps : -1.67e-03   step: 9.14e-02    0.19
         res : 2.19e-04   lamb: 1.00e+00   eps : -1.67e-03   step: 9.14e-02    0.19
         res : 7.69e-05   lamb: 1.00e+00   eps : -1.67e-03   step: 9.14e-02    0.21
         res : 2.63e-05   lamb: 1.00e+00   eps : -1.67e-03   step: 9.14e-02    0.23
         res : 1.15e-05   lamb: 1.00e+00   eps : -1.67e-03   step: 9.14e-02    0.22
         res : 4.58e-06   lamb: 1.00e+00   eps : -1.67e-03   step: 9.14e-02    0.19

      4  0      -384.57993539     1.94e-04      2.76
      4  1      -384.35850826     0.00e+00      2.76
      4  2      -384.32127799     0.00e+00      2.76
      4  3      -384.30666868     0.00e+00      2.76

         res : 7.74e-03   lamb: 1.00e+00   eps : -1.03e-04   step: 1.79e-02    0.18
         res : 1.79e-03   lamb: 1.00e+00   eps : -1.17e-04   step: 2.23e-02    0.21
         res : 5.61e-04   lamb: 1.00e+00   eps : -1.19e-04   step: 2.21e-02    0.22
         res : 2.16e-04   lamb: 1.00e+00   eps : -1.19e-04   step: 2.20e-02    0.24
         res : 6.05e-05   lamb: 1.00e+00   eps : -1.19e-04   step: 2.20e-02    0.20
         res : 2.26e-05   lamb: 1.00e+00   eps : -1.19e-04   step: 2.20e-02    0.20
         res : 8.49e-06   lamb: 1.00e+00   eps : -1.19e-04   step: 2.20e-02    0.22
         res : 3.59e-06   lamb: 1.00e+00   eps : -1.19e-04   step: 2.20e-02    0.25
         res : 1.22e-06   lamb: 1.00e+00   eps : -1.19e-04   step: 2.20e-02    0.21

      5  0      -384.58030200     7.87e-05      2.74
      5  1      -384.35819070     0.00e+00      2.74
      5  2      -384.32069686     0.00e+00      2.74
      5  3      -384.30750981     0.00e+00      2.74

         res : 2.56e-03   lamb: 1.00e+00   eps : -9.59e-06   step: 4.24e-03    0.19
         res : 5.99e-04   lamb: 1.00e+00   eps : -1.15e-05   step: 6.04e-03    0.20
         res : 2.19e-04   lamb: 1.00e+00   eps : -1.17e-05   step: 6.02e-03    0.25
         res : 6.67e-05   lamb: 1.00e+00   eps : -1.17e-05   step: 6.01e-03    0.22
         res : 1.92e-05   lamb: 1.00e+00   eps : -1.17e-05   step: 6.00e-03    0.28
         res : 7.76e-06   lamb: 1.00e+00   eps : -1.17e-05   step: 6.00e-03    0.20
         res : 2.90e-06   lamb: 1.00e+00   eps : -1.17e-05   step: 6.00e-03    0.19
         res : 1.02e-06   lamb: 1.00e+00   eps : -1.17e-05   step: 6.00e-03    0.27
         res : 3.26e-07   lamb: 1.00e+00   eps : -1.17e-05   step: 6.00e-03    0.21

      6  0      -384.58042582     3.14e-05      2.83
      6  1      -384.35816338     0.00e+00      2.83
      6  2      -384.32036601     0.00e+00      2.83
      6  3      -384.30777548     0.00e+00      2.83

         res : 8.70e-04   lamb: 1.00e+00   eps : -1.16e-06   step: 1.23e-03    0.22
         res : 2.21e-04   lamb: 1.00e+00   eps : -1.41e-06   step: 1.88e-03    0.22
         res : 8.46e-05   lamb: 1.00e+00   eps : -1.43e-06   step: 1.89e-03    0.19
         res : 2.32e-05   lamb: 1.00e+00   eps : -1.43e-06   step: 1.89e-03    0.21
         res : 6.94e-06   lamb: 1.00e+00   eps : -1.43e-06   step: 1.89e-03    0.22
         res : 2.64e-06   lamb: 1.00e+00   eps : -1.43e-06   step: 1.89e-03    0.21
         res : 1.05e-06   lamb: 1.00e+00   eps : -1.43e-06   step: 1.89e-03    0.21
         res : 3.46e-07   lamb: 1.00e+00   eps : -1.43e-06   step: 1.89e-03    0.20
         res : 9.65e-08   lamb: 1.00e+00   eps : -1.43e-06   step: 1.89e-03    0.22

      7  0      -384.58047188     1.23e-05      2.79
      7  1      -384.35817459     0.00e+00      2.79
      7  2      -384.32022065     0.00e+00      2.79
      7  3      -384.30786748     0.00e+00      2.79

         res : 3.12e-04   lamb: 1.00e+00   eps : -1.58e-07   step: 4.12e-04    0.22
         res : 8.40e-05   lamb: 1.00e+00   eps : -1.92e-07   step: 6.43e-04    0.25
         res : 3.27e-05   lamb: 1.00e+00   eps : -1.95e-07   step: 6.54e-04    0.19
         res : 8.71e-06   lamb: 1.00e+00   eps : -1.95e-07   step: 6.54e-04    0.20
         res : 2.63e-06   lamb: 1.00e+00   eps : -1.95e-07   step: 6.54e-04    0.22
         res : 9.26e-07   lamb: 1.00e+00   eps : -1.95e-07   step: 6.54e-04    0.26
         res : 3.91e-07   lamb: 1.00e+00   eps : -1.95e-07   step: 6.54e-04    0.22
         res : 1.26e-07   lamb: 1.00e+00   eps : -1.95e-07   step: 6.54e-04    0.19
         res : 3.16e-08   lamb: 1.00e+00   eps : -1.95e-07   step: 6.54e-04    0.19

      8  0      -384.58048940     4.81e-06      2.77
      8  1      -384.35818347     0.00e+00      2.77
      8  2      -384.32016151     0.00e+00      2.77
      8  3      -384.30790075     0.00e+00      2.77

         res : 1.15e-04   lamb: 1.00e+00   eps : -2.26e-08   step: 1.48e-04    0.17
         res : 3.22e-05   lamb: 1.00e+00   eps : -2.74e-08   step: 2.33e-04    0.21
         res : 1.26e-05   lamb: 1.00e+00   eps : -2.78e-08   step: 2.38e-04    0.26
         res : 3.35e-06   lamb: 1.00e+00   eps : -2.79e-08   step: 2.38e-04    0.25
         res : 1.01e-06   lamb: 1.00e+00   eps : -2.79e-08   step: 2.38e-04    0.20
         res : 3.36e-07   lamb: 1.00e+00   eps : -2.79e-08   step: 2.38e-04    0.22
         res : 1.47e-07   lamb: 1.00e+00   eps : -2.79e-08   step: 2.38e-04    0.22
         res : 4.71e-08   lamb: 1.00e+00   eps : -2.79e-08   step: 2.38e-04    0.24
         res : 1.12e-08   lamb: 1.00e+00   eps : -2.79e-08   step: 2.38e-04    0.20

      9  0      -384.58049611     1.86e-06      2.78
      9  1      -384.35818786     0.00e+00      2.78
      9  2      -384.32013818     0.00e+00      2.78
      9  3      -384.30791308     0.00e+00      2.78

         res : 4.34e-05   lamb: 1.00e+00   eps : -3.29e-09   step: 5.48e-05    0.20
         res : 1.24e-05   lamb: 1.00e+00   eps : -3.98e-09   step: 8.65e-05    0.19
         res : 4.86e-06   lamb: 1.00e+00   eps : -4.04e-09   step: 8.89e-05    0.27
         res : 1.29e-06   lamb: 1.00e+00   eps : -4.04e-09   step: 8.90e-05    0.21
         res : 3.90e-07   lamb: 1.00e+00   eps : -4.05e-09   step: 8.90e-05    0.23
         res : 1.24e-07   lamb: 1.00e+00   eps : -4.05e-09   step: 8.91e-05    0.19
         res : 5.56e-08   lamb: 1.00e+00   eps : -4.05e-09   step: 8.91e-05    0.21
         res : 1.78e-08   lamb: 1.00e+00   eps : -4.05e-09   step: 8.91e-05    0.28
         res : 4.14e-09   lamb: 1.00e+00   eps : -4.05e-09   step: 8.91e-05    0.22

     10  0      -384.58049867     7.19e-07      2.84
     10  1      -384.35818975     0.00e+00      2.84
     10  2      -384.32012910     0.00e+00      2.84
     10  3      -384.30791770     0.00e+00      2.84

         res : 1.64e-05   lamb: 1.00e+00   eps : -4.82e-10   step: 2.07e-05    0.18
         res : 4.74e-06   lamb: 1.00e+00   eps : -5.82e-10   step: 3.26e-05    0.19
         res : 1.87e-06   lamb: 1.00e+00   eps : -5.90e-10   step: 3.36e-05    0.25
         res : 4.98e-07   lamb: 1.00e+00   eps : -5.91e-10   step: 3.37e-05    0.22
         res : 1.51e-07   lamb: 1.00e+00   eps : -5.91e-10   step: 3.37e-05    0.22
         res : 4.68e-08   lamb: 1.00e+00   eps : -5.91e-10   step: 3.37e-05    0.24
         res : 2.11e-08   lamb: 1.00e+00   eps : -5.91e-10   step: 3.37e-05    0.20
         res : 6.78e-09   lamb: 1.00e+00   eps : -5.91e-10   step: 3.37e-05    0.28
         res : 1.56e-09   lamb: 1.00e+00   eps : -5.91e-10   step: 3.37e-05    0.20

     11  0      -384.58049966     2.77e-07      2.85
     11  1      -384.35819052     0.00e+00      2.85
     11  2      -384.32012560     0.00e+00      2.85
     11  3      -384.30791945     0.00e+00      2.85

         res : 6.26e-06   lamb: 1.00e+00   eps : -7.06e-11   step: 7.84e-06    0.23
         res : 1.82e-06   lamb: 1.00e+00   eps : -8.53e-11   step: 1.24e-05    0.20
         res : 7.20e-07   lamb: 1.00e+00   eps : -8.65e-11   step: 1.28e-05    0.21
         res : 1.92e-07   lamb: 1.00e+00   eps : -8.66e-11   step: 1.28e-05    0.24
         res : 5.80e-08   lamb: 1.00e+00   eps : -8.66e-11   step: 1.28e-05    0.25
         res : 1.77e-08   lamb: 1.00e+00   eps : -8.66e-11   step: 1.28e-05    0.22
         res : 8.05e-09   lamb: 1.00e+00   eps : -8.66e-11   step: 1.28e-05    0.19
         res : 2.59e-09   lamb: 1.00e+00   eps : -8.66e-11   step: 1.28e-05    0.22

     12  0      -384.58050003     1.06e-07      2.64
     12  1      -384.35819083     0.00e+00      2.64
     12  2      -384.32012425     0.00e+00      2.64
     12  3      -384.30792012     0.00e+00      2.64

         res : 2.39e-06   lamb: 1.00e+00   eps : -1.04e-11   step: 2.99e-06    0.19
         res : 6.97e-07   lamb: 1.00e+00   eps : -1.25e-11   step: 4.72e-06    0.22
         res : 2.77e-07   lamb: 1.00e+00   eps : -1.27e-11   step: 4.88e-06    0.22
         res : 7.37e-08   lamb: 1.00e+00   eps : -1.27e-11   step: 4.88e-06    0.20
         res : 2.23e-08   lamb: 1.00e+00   eps : -1.27e-11   step: 4.89e-06    0.20
         res : 6.75e-09   lamb: 1.00e+00   eps : -1.27e-11   step: 4.89e-06    0.23
         res : 3.08e-09   lamb: 1.00e+00   eps : -1.27e-11   step: 4.89e-06    0.28

     13  0      -384.58050018     4.09e-08      2.44
     13  1      -384.35819095     0.00e+00      2.44
     13  2      -384.32012373     0.00e+00      2.44
     13  3      -384.30792037     0.00e+00      2.44

         res : 9.13e-07   lamb: 1.00e+00   eps : -1.52e-12   step: 1.14e-06    0.24
         res : 2.67e-07   lamb: 1.00e+00   eps : -1.84e-12   step: 1.80e-06    0.20
         res : 1.06e-07   lamb: 1.00e+00   eps : -1.86e-12   step: 1.86e-06    0.19
         res : 2.83e-08   lamb: 1.00e+00   eps : -1.86e-12   step: 1.87e-06    0.26
         res : 8.56e-09   lamb: 1.00e+00   eps : -1.86e-12   step: 1.87e-06    0.22
         res : 2.57e-09   lamb: 1.00e+00   eps : -1.86e-12   step: 1.87e-06    0.21

     14  0      -384.58050023     1.57e-08      2.13
     14  1      -384.35819100     0.00e+00      2.13
     14  2      -384.32012353     0.00e+00      2.13
     14  3      -384.30792047     0.00e+00      2.13

         res : 3.49e-07   lamb: 1.00e+00   eps : -2.23e-13   step: 4.37e-07    0.20
         res : 1.02e-07   lamb: 1.00e+00   eps : -2.69e-13   step: 6.89e-07    0.20
         res : 4.09e-08   lamb: 1.00e+00   eps : -2.73e-13   step: 7.13e-07    0.21
         res : 1.09e-08   lamb: 1.00e+00   eps : -2.73e-13   step: 7.14e-07    0.28
         res : 3.31e-09   lamb: 1.00e+00   eps : -2.73e-13   step: 7.14e-07    0.23

     15  0      -384.58050025     6.01e-09      2.06
     15  1      -384.35819101     0.00e+00      2.06
     15  2      -384.32012345     0.00e+00      2.06
     15  3      -384.30792051     0.00e+00      2.06

    * Second-order optimization converged. *   

    * Integral transformation done. Elapsed time: 0.18

     guess   0:   closed 111...               open ......              
     guess   1:   closed 11....               open ..11..              
     guess   2:   closed 1.1...               open .1..1.              
     guess   3:   closed .11...               open 1..1..              

  === FCI iteration ===

      0  0      -384.51101668     9.97e-03      0.00
      0  1      -384.25137971     9.58e-03      0.00
      0  2      -384.16774359     1.15e-02      0.00
      0  3      -384.10024187     8.52e-03      0.00

      1  0      -384.57425174     3.91e-03      0.00
      1  1      -384.31139811     4.37e-03      0.00
      1  2      -384.28300071     7.83e-03      0.00
      1  3      -384.15728822     4.70e-03      0.00

      2  0      -384.58018140     9.97e-04      0.00
      2  1      -384.33469510     5.40e-03      0.00
      2  2      -384.31610852     3.16e-03      0.00
      2  3      -384.16997948     1.93e-03      0.00

      3  0      -384.58049140     1.71e-04      0.00
      3  1      -384.35540857     2.47e-03      0.00
      3  2      -384.31980180     7.99e-04      0.00
      3  3      -384.17273630     1.13e-03      0.00

      4  0      -384.58049974     3.64e-05      0.00
      4  1      -384.35807622     4.75e-04      0.00
      4  2      -384.32008990     2.37e-04      0.00
      4  3      -384.18158990     5.53e-03      0.00

      5  0      -384.58050021     9.80e-06      0.00
      5  1      -384.35817907     1.22e-04      0.00
      5  2      -384.32011823     6.52e-05      0.00
      5  3      -384.24553615     5.92e-03      0.00

      6  0      -384.58050025     2.22e-06      0.03
      6  1      -384.35818944     4.59e-05      0.00
      6  2      -384.32012165     3.77e-05      0.00
      6  3      -384.29657156     4.09e-03      0.00

      7  0      -384.58050025     4.11e-07      0.01
      7  1      -384.35819081     1.54e-05      0.00
      7  2      -384.32012311     1.95e-05      0.00
      7  3      -384.30677574     1.22e-03      0.00

      8  0      -384.58050025     7.98e-08      0.00
      8  1      -384.35819098     6.06e-06      0.00
      8  2      -384.32012341     7.50e-06      0.00
      8  3      -384.30779998     3.99e-04      0.00

      9  0      -384.58050025     1.34e-08      0.00
      9  1      -384.35819101     2.00e-06      0.00
      9  2      -384.32012345     2.57e-06      0.00
      9  3      -384.30790514     1.34e-04      0.00

     10  0      -384.58050025     2.56e-09      0.01
     10  1      -384.35819101     6.22e-07      0.00
     10  2      -384.32012345     9.54e-07      0.00
     10  3      -384.30791833     5.33e-05      0.00

     11  0      -384.58050025     4.29e-10      0.01
     11  1      -384.35819101     1.46e-07      0.00
     11  2      -384.32012345     2.94e-07      0.00
     11  3      -384.30792030     1.75e-05      0.00

     12  0 *    -384.58050025     6.29e-11      0.01
     12  1      -384.35819101     2.94e-08      0.00
     12  2      -384.32012345     8.59e-08      0.00
     12  3      -384.30792049     5.15e-06      0.00

     13  0 *    -384.58050025     3.95e-11      0.01
     13  1      -384.35819101     6.90e-09      0.00
     13  2      -384.32012345     1.97e-08      0.00
     13  3      -384.30792051     1.19e-06      0.00

     14  0 *    -384.58050025     3.86e-11      0.01
     14  1      -384.35819101     1.65e-09      0.00
     14  2      -384.32012345     3.93e-09      0.00
     14  3      -384.30792051     2.41e-07      0.00

     15  0 *    -384.58050025     3.87e-11      0.01
     15  1      -384.35819101     3.74e-10      0.00
     15  2      -384.32012345     7.67e-10      0.00
     15  3      -384.30792051     4.96e-08      0.00

     16  0 *    -384.58050025     3.64e-11      0.01
     16  1 *    -384.35819101     7.30e-11      0.00
     16  2      -384.32012345     1.45e-10      0.00
     16  3      -384.30792051     9.80e-09      0.00

     17  0 *    -384.58050025     3.51e-11      0.01
     17  1 *    -384.35819101     3.03e-11      0.00
     17  2 *    -384.32012345     2.63e-11      0.00
     17  3      -384.30792051     1.77e-09      0.00

     18  0 *    -384.58050025     3.51e-11      0.01
     18  1 *    -384.35819101     3.01e-11      0.00
     18  2 *    -384.32012345     6.41e-12      0.00
     18  3      -384.30792051     3.35e-10      0.00

     19  0 *    -384.58050025     3.43e-11      0.01
     19  1 *    -384.35819101     3.00e-11      0.00
     19  2 *    -384.32012345     5.26e-12      0.00
     19  3 *    -384.30792051     6.16e-11      0.00

     * ci vector, state   0, <S^2> = -0.0000
       222...    -0.8731935721
       22ba..    -0.2429029301
       22ab..    -0.2429029301
       2.2.2.     0.2031013806
       22.2..     0.1044876968
       b2aa.b     0.0934315053
       a2bb.a     0.0934315053
       .22..2     0.0852961993
       .222..     0.0620308961
       22...2     0.0595731530
       2.ba2.     0.0567700923
       2.ab2.     0.0567700923
       b2ba.a    -0.0533538496
       a2ab.b    -0.0533538496

     * ci vector, state   1, <S^2> = -0.0000
       b22a..    -0.3995744403
       a22b..    -0.3995744403
       22.2..     0.3649865920
       22a..b     0.3384531634
       22b..a     0.3384531634
       .222..    -0.1991656820
       22...2    -0.1777510398
       .22..2     0.1406502727
       b2ab.a    -0.1374221395
       a2ba.b    -0.1374221395
       222...    -0.1160721499
       b2aa.b    -0.1088285207
       a2bb.a    -0.1088285207
       a2b2..    -0.1069780517
       b2a2..    -0.1069780517
       b.2a2.    -0.0936837107
       a.2b2.    -0.0936837107
       22ab..     0.0908225356
       22ba..     0.0908225356
       22.a.b     0.0884392688
       22.b.a     0.0884392688
       2..22.    -0.0856556472
       a22..b     0.0835442043
       b22..a     0.0835442043
       2.a.2b     0.0794884406
       2.b.2a     0.0794884406
       b2.a.2    -0.0592264374
       a2.b.2    -0.0592264374
       .2b2.a     0.0516605052
       .2a2.b     0.0516605052

     * ci vector, state   2, <S^2> = -0.0000
       22ab..     0.5938489753
       22ba..     0.5938489753
       222...    -0.3629634528
       2.ab2.    -0.1390581959
       2.ba2.    -0.1390581959
       22.2..    -0.1035751749
       2.2.2.     0.0806550633
       b2aa.b    -0.0805475630
       a2bb.a    -0.0805475630
       a22b..     0.0802631829
       b22a..     0.0802631829
       .222..     0.0788460213
       22b..a    -0.0786934206
       22a..b    -0.0786934206
       .2ab.2    -0.0678139629
       .2ba.2    -0.0678139629
       a2b2..    -0.0676732676
       b2a2..    -0.0676732676
       22...2     0.0617865073
       a2ab.b     0.0603450079
       b2ba.a     0.0603450079
       22.a.b     0.0546657533
       22.b.a     0.0546657533

     * ci vector, state   3, <S^2> = 0.0000
       2abba.    -0.5252441166
       2baab.    -0.5252441166
       2bbaa.     0.2652678834
       2aabb.     0.2652678834
       2abab.    -0.2599762332
       2baba.    -0.2599762332
       ba2.ab    -0.1166144014
       ab2.ba    -0.1166144014
       22b.a.    -0.0867258149
       22a.b.    -0.0867258149
       .abba2     0.0719689456
       .baab2     0.0719689456
       2ab2..    -0.0712900867
       2ba2..    -0.0712900867
       22.ab.     0.0666990766
       22.ba.     0.0666990766
       2b2a..     0.0632070569
       2a2b..     0.0632070569
       babaab    -0.0603848604
       ababba    -0.0603848604
       bb2.aa     0.0583494828
       aa2.bb     0.0583494828
       ba2.ba    -0.0582649186
       ab2.ab    -0.0582649186
       abbaba    -0.0576221060
       baabab    -0.0576221060

    * METHOD: CASSCF                              44.94

  Number of auxiliary basis functions:      884

  Since a DF basis is specified, we compute 2- and 3-index integrals:
    o Being stored without compression. Storage requirement is 0.645 GB
       - 3-index ints prep                         0.00
       - 3-index ints                              0.20
       - 2-index ints                              0.02
       - computing inverse                         0.32
        elapsed time:        0.55 sec.


  Number of basis functions:      302
  Number of electrons      :       68


    * METHOD: MOLECULE                             0.80

  ---------------------------
      CASSCF calculation     
  ---------------------------

 
    ==== Active orbitals : ===== 
         Orbital 32
         Orbital 33
         Orbital 34
         Orbital 35
         Orbital 36
         Orbital 37
    ============================ 

    * nstate   :      4
    * nclosed  :     31
    * nact     :      6
    * nvirt    :    265
  === CASSCF iteration (/home/miaoxin/software/bagel-1.2.2/obj/share/aug-cc-pVDZ.json) ===

    * Using the second-order algorithm

      0  0      -386.53634637     2.43e-02      0.44
      0  1      -386.31778084     0.00e+00      0.44
      0  2      -386.27823269     0.00e+00      0.44
      0  3      -386.26898230     0.00e+00      0.44

         res : 7.44e-01   lamb: 1.00e+00   eps : -3.78e-01   step: 2.09e-01    0.23
         res : 3.01e-01   lamb: 1.00e+00   eps : -4.24e-01   step: 2.30e-01    0.28
         res : 1.63e-01   lamb: 1.00e+00   eps : -4.33e-01   step: 2.40e-01    0.25
         res : 7.55e-02   lamb: 1.00e+00   eps : -4.35e-01   step: 2.46e-01    0.29
         res : 3.91e-02   lamb: 1.00e+00   eps : -4.36e-01   step: 2.49e-01    0.25
         res : 2.50e-02   lamb: 1.00e+00   eps : -4.36e-01   step: 2.50e-01    0.26
         res : 1.31e-02   lamb: 1.00e+00   eps : -4.36e-01   step: 2.51e-01    0.25
         res : 6.52e-03   lamb: 1.00e+00   eps : -4.36e-01   step: 2.51e-01    0.26
         res : 3.80e-03   lamb: 1.00e+00   eps : -4.36e-01   step: 2.51e-01    0.23
         res : 1.99e-03   lamb: 1.00e+00   eps : -4.36e-01   step: 2.51e-01    0.28
         res : 1.05e-03   lamb: 1.00e+00   eps : -4.36e-01   step: 2.51e-01    0.29
         res : 6.57e-04   lamb: 1.00e+00   eps : -4.36e-01   step: 2.51e-01    0.27
         res : 3.52e-04   lamb: 1.00e+00   eps : -4.36e-01   step: 2.51e-01    0.23
         res : 1.93e-04   lamb: 1.00e+00   eps : -4.36e-01   step: 2.51e-01    0.31
         res : 1.20e-04   lamb: 1.00e+00   eps : -4.36e-01   step: 2.51e-01    0.30
         res : 6.18e-05   lamb: 1.00e+00   eps : -4.36e-01   step: 2.51e-01    0.24
         res : 3.59e-05   lamb: 1.00e+00   eps : -4.36e-01   step: 2.51e-01    0.27
         res : 2.16e-05   lamb: 1.00e+00   eps : -4.36e-01   step: 2.51e-01    0.31

      1  0      -386.76512346     1.14e-03      7.01
      1  1      -386.54955671     0.00e+00      7.01
      1  2      -386.51618643     0.00e+00      7.01
      1  3      -386.49809865     0.00e+00      7.01

         res : 7.10e-02   lamb: 1.00e+00   eps : -4.49e-03   step: 6.70e-02    0.23
         res : 4.86e-02   lamb: 1.00e+00   eps : -5.92e-03   step: 9.30e-02    0.28
         res : 3.27e-02   lamb: 1.00e+00   eps : -6.50e-03   step: 1.07e-01    0.28
         res : 2.61e-02   lamb: 1.00e+00   eps : -6.82e-03   step: 1.15e-01    0.25
         res : 2.10e-02   lamb: 1.00e+00   eps : -7.02e-03   step: 1.23e-01    0.23
         res : 1.55e-02   lamb: 1.00e+00   eps : -7.14e-03   step: 1.28e-01    0.29
         res : 1.16e-02   lamb: 1.00e+00   eps : -7.21e-03   step: 1.31e-01    0.27
         res : 8.20e-03   lamb: 1.00e+00   eps : -7.25e-03   step: 1.33e-01    0.27
         res : 5.88e-03   lamb: 1.00e+00   eps : -7.26e-03   step: 1.34e-01    0.24
         res : 4.41e-03   lamb: 1.00e+00   eps : -7.27e-03   step: 1.35e-01    0.28
         res : 3.56e-03   lamb: 1.00e+00   eps : -7.28e-03   step: 1.35e-01    0.23
         res : 2.81e-03   lamb: 1.00e+00   eps : -7.28e-03   step: 1.35e-01    0.23
         res : 2.20e-03   lamb: 1.00e+00   eps : -7.29e-03   step: 1.36e-01    0.23
         res : 1.62e-03   lamb: 1.00e+00   eps : -7.29e-03   step: 1.36e-01    0.29
         res : 1.14e-03   lamb: 1.00e+00   eps : -7.29e-03   step: 1.36e-01    0.33
         res : 8.25e-04   lamb: 1.00e+00   eps : -7.29e-03   step: 1.36e-01    0.25
         res : 5.48e-04   lamb: 1.00e+00   eps : -7.29e-03   step: 1.36e-01    0.28
         res : 3.55e-04   lamb: 1.00e+00   eps : -7.29e-03   step: 1.36e-01    0.29
         res : 2.37e-04   lamb: 1.00e+00   eps : -7.29e-03   step: 1.36e-01    0.26
         res : 1.64e-04   lamb: 1.00e+00   eps : -7.29e-03   step: 1.36e-01    0.23
         res : 1.10e-04   lamb: 1.00e+00   eps : -7.29e-03   step: 1.36e-01    0.29
         res : 7.36e-05   lamb: 1.00e+00   eps : -7.29e-03   step: 1.36e-01    0.29
         res : 4.95e-05   lamb: 1.00e+00   eps : -7.29e-03   step: 1.36e-01    0.26
         res : 3.51e-05   lamb: 1.00e+00   eps : -7.29e-03   step: 1.36e-01    0.29
         res : 2.51e-05   lamb: 1.00e+00   eps : -7.29e-03   step: 1.36e-01    0.28
         res : 1.67e-05   lamb: 1.00e+00   eps : -7.29e-03   step: 1.36e-01    0.25
         res : 1.14e-05   lamb: 1.00e+00   eps : -7.29e-03   step: 1.36e-01    0.25

      2  0      -386.76508238     6.39e-05      9.61
      2  1      -386.55308020     0.00e+00      9.61
      2  2      -386.52459182     0.00e+00      9.61
      2  3      -386.50121495     0.00e+00      9.61

         res : 3.73e-03   lamb: 1.00e+00   eps : -1.81e-05   step: 5.47e-03    0.26
         res : 2.42e-03   lamb: 1.00e+00   eps : -2.42e-05   step: 8.60e-03    0.29
         res : 1.97e-03   lamb: 1.00e+00   eps : -2.64e-05   step: 9.69e-03    0.27
         res : 1.72e-03   lamb: 1.00e+00   eps : -2.82e-05   step: 1.04e-02    0.29
         res : 1.39e-03   lamb: 1.00e+00   eps : -2.92e-05   step: 1.11e-02    0.25
         res : 1.09e-03   lamb: 1.00e+00   eps : -3.00e-05   step: 1.16e-02    0.29
         res : 7.10e-04   lamb: 1.00e+00   eps : -3.03e-05   step: 1.20e-02    0.31
         res : 5.60e-04   lamb: 1.00e+00   eps : -3.05e-05   step: 1.21e-02    0.26
         res : 4.22e-04   lamb: 1.00e+00   eps : -3.06e-05   step: 1.22e-02    0.24
         res : 3.49e-04   lamb: 1.00e+00   eps : -3.07e-05   step: 1.22e-02    0.30
         res : 2.71e-04   lamb: 1.00e+00   eps : -3.07e-05   step: 1.22e-02    0.31
         res : 2.14e-04   lamb: 1.00e+00   eps : -3.07e-05   step: 1.22e-02    0.25
         res : 1.63e-04   lamb: 1.00e+00   eps : -3.08e-05   step: 1.22e-02    0.25
         res : 1.19e-04   lamb: 1.00e+00   eps : -3.08e-05   step: 1.22e-02    0.31
         res : 8.18e-05   lamb: 1.00e+00   eps : -3.08e-05   step: 1.22e-02    0.28
         res : 5.95e-05   lamb: 1.00e+00   eps : -3.08e-05   step: 1.22e-02    0.25
         res : 4.12e-05   lamb: 1.00e+00   eps : -3.08e-05   step: 1.22e-02    0.30
         res : 2.69e-05   lamb: 1.00e+00   eps : -3.08e-05   step: 1.22e-02    0.23
         res : 1.75e-05   lamb: 1.00e+00   eps : -3.08e-05   step: 1.22e-02    0.23
         res : 1.22e-05   lamb: 1.00e+00   eps : -3.08e-05   step: 1.22e-02    0.25
         res : 8.30e-06   lamb: 1.00e+00   eps : -3.08e-05   step: 1.22e-02    0.28
         res : 6.11e-06   lamb: 1.00e+00   eps : -3.08e-05   step: 1.22e-02    0.32
         res : 4.36e-06   lamb: 1.00e+00   eps : -3.08e-05   step: 1.22e-02    0.26
         res : 3.12e-06   lamb: 1.00e+00   eps : -3.08e-05   step: 1.22e-02    0.29
         res : 2.24e-06   lamb: 1.00e+00   eps : -3.08e-05   step: 1.22e-02    0.31
         res : 1.58e-06   lamb: 1.00e+00   eps : -3.08e-05   step: 1.22e-02    0.26
         res : 1.04e-06   lamb: 1.00e+00   eps : -3.08e-05   step: 1.22e-02    0.25

      3  0      -386.76484482     1.45e-05     10.05
      3  1      -386.55305816     0.00e+00     10.05
      3  2      -386.52516352     0.00e+00     10.05
      3  3      -386.50097369     0.00e+00     10.05

         res : 8.00e-04   lamb: 1.00e+00   eps : -9.87e-07   step: 1.22e-03    0.31
         res : 3.67e-04   lamb: 1.00e+00   eps : -1.21e-06   step: 1.80e-03    0.26
         res : 2.39e-04   lamb: 1.00e+00   eps : -1.25e-06   step: 1.89e-03    0.27
         res : 1.68e-04   lamb: 1.00e+00   eps : -1.27e-06   step: 1.92e-03    0.25
         res : 1.44e-04   lamb: 1.00e+00   eps : -1.29e-06   step: 1.95e-03    0.28
         res : 1.22e-04   lamb: 1.00e+00   eps : -1.29e-06   step: 1.99e-03    0.24
         res : 8.73e-05   lamb: 1.00e+00   eps : -1.30e-06   step: 2.02e-03    0.24
         res : 6.55e-05   lamb: 1.00e+00   eps : -1.30e-06   step: 2.03e-03    0.30
         res : 4.66e-05   lamb: 1.00e+00   eps : -1.30e-06   step: 2.04e-03    0.27
         res : 3.62e-05   lamb: 1.00e+00   eps : -1.30e-06   step: 2.04e-03    0.24
         res : 2.89e-05   lamb: 1.00e+00   eps : -1.30e-06   step: 2.05e-03    0.32
         res : 2.34e-05   lamb: 1.00e+00   eps : -1.30e-06   step: 2.05e-03    0.24
         res : 1.83e-05   lamb: 1.00e+00   eps : -1.30e-06   step: 2.05e-03    0.27
         res : 1.38e-05   lamb: 1.00e+00   eps : -1.30e-06   step: 2.05e-03    0.27
         res : 1.05e-05   lamb: 1.00e+00   eps : -1.30e-06   step: 2.05e-03    0.28
         res : 7.74e-06   lamb: 1.00e+00   eps : -1.30e-06   step: 2.05e-03    0.29
         res : 5.61e-06   lamb: 1.00e+00   eps : -1.30e-06   step: 2.05e-03    0.24
         res : 3.88e-06   lamb: 1.00e+00   eps : -1.30e-06   step: 2.05e-03    0.33
         res : 2.69e-06   lamb: 1.00e+00   eps : -1.30e-06   step: 2.05e-03    0.28
         res : 1.67e-06   lamb: 1.00e+00   eps : -1.30e-06   step: 2.05e-03    0.27
         res : 1.03e-06   lamb: 1.00e+00   eps : -1.30e-06   step: 2.05e-03    0.24
         res : 6.97e-07   lamb: 1.00e+00   eps : -1.30e-06   step: 2.05e-03    0.40
         res : 4.79e-07   lamb: 1.00e+00   eps : -1.30e-06   step: 2.05e-03    0.29
         res : 3.39e-07   lamb: 1.00e+00   eps : -1.30e-06   step: 2.05e-03    0.27
         res : 2.66e-07   lamb: 1.00e+00   eps : -1.30e-06   step: 2.05e-03    0.31
         res : 2.04e-07   lamb: 1.00e+00   eps : -1.30e-06   step: 2.05e-03    0.28

      4  0      -386.76480423     6.09e-06      9.63
      4  1      -386.55304497     0.00e+00      9.63
      4  2      -386.52528782     0.00e+00      9.63
      4  3      -386.50090665     0.00e+00      9.63

         res : 2.73e-04   lamb: 1.00e+00   eps : -1.32e-07   step: 3.72e-04    0.30
         res : 1.31e-04   lamb: 1.00e+00   eps : -1.57e-07   step: 5.47e-04    0.27
         res : 7.48e-05   lamb: 1.00e+00   eps : -1.62e-07   step: 5.79e-04    0.26
         res : 4.78e-05   lamb: 1.00e+00   eps : -1.63e-07   step: 5.88e-04    0.24
         res : 3.61e-05   lamb: 1.00e+00   eps : -1.64e-07   step: 5.92e-04    0.30
         res : 2.97e-05   lamb: 1.00e+00   eps : -1.64e-07   step: 5.97e-04    0.26
         res : 2.23e-05   lamb: 1.00e+00   eps : -1.65e-07   step: 6.01e-04    0.24
         res : 1.77e-05   lamb: 1.00e+00   eps : -1.65e-07   step: 6.03e-04    0.28
         res : 1.30e-05   lamb: 1.00e+00   eps : -1.65e-07   step: 6.05e-04    0.29
         res : 9.87e-06   lamb: 1.00e+00   eps : -1.65e-07   step: 6.06e-04    0.31
         res : 7.90e-06   lamb: 1.00e+00   eps : -1.65e-07   step: 6.07e-04    0.24
         res : 6.70e-06   lamb: 1.00e+00   eps : -1.65e-07   step: 6.08e-04    0.29
         res : 5.33e-06   lamb: 1.00e+00   eps : -1.65e-07   step: 6.08e-04    0.27
         res : 3.71e-06   lamb: 1.00e+00   eps : -1.65e-07   step: 6.08e-04    0.26
         res : 2.73e-06   lamb: 1.00e+00   eps : -1.65e-07   step: 6.08e-04    0.24
         res : 1.96e-06   lamb: 1.00e+00   eps : -1.65e-07   step: 6.08e-04    0.29
         res : 1.43e-06   lamb: 1.00e+00   eps : -1.65e-07   step: 6.08e-04    0.31
         res : 1.03e-06   lamb: 1.00e+00   eps : -1.65e-07   step: 6.08e-04    0.24
         res : 7.70e-07   lamb: 1.00e+00   eps : -1.65e-07   step: 6.08e-04    0.26
         res : 5.15e-07   lamb: 1.00e+00   eps : -1.65e-07   step: 6.08e-04    0.28
         res : 3.24e-07   lamb: 1.00e+00   eps : -1.65e-07   step: 6.08e-04    0.23
         res : 2.11e-07   lamb: 1.00e+00   eps : -1.65e-07   step: 6.08e-04    0.24
         res : 1.38e-07   lamb: 1.00e+00   eps : -1.65e-07   step: 6.08e-04    0.30
         res : 9.00e-08   lamb: 1.00e+00   eps : -1.65e-07   step: 6.08e-04    0.39
         res : 6.65e-08   lamb: 1.00e+00   eps : -1.65e-07   step: 6.08e-04    0.27
         res : 5.02e-08   lamb: 1.00e+00   eps : -1.65e-07   step: 6.08e-04    0.29

      5  0      -386.76479059     2.57e-06      9.54
      5  1      -386.55303863     0.00e+00      9.54
      5  2      -386.52533046     0.00e+00      9.54
      5  3      -386.50088447     0.00e+00      9.54

         res : 1.10e-04   lamb: 1.00e+00   eps : -2.22e-08   step: 1.46e-04    0.26
         res : 5.33e-05   lamb: 1.00e+00   eps : -2.62e-08   step: 2.11e-04    0.23
         res : 3.01e-05   lamb: 1.00e+00   eps : -2.69e-08   step: 2.24e-04    0.30
         res : 1.91e-05   lamb: 1.00e+00   eps : -2.72e-08   step: 2.28e-04    0.34
         res : 1.41e-05   lamb: 1.00e+00   eps : -2.73e-08   step: 2.29e-04    0.24
         res : 1.12e-05   lamb: 1.00e+00   eps : -2.73e-08   step: 2.31e-04    0.27
         res : 8.13e-06   lamb: 1.00e+00   eps : -2.74e-08   step: 2.32e-04    0.27
         res : 6.24e-06   lamb: 1.00e+00   eps : -2.74e-08   step: 2.32e-04    0.29
         res : 4.54e-06   lamb: 1.00e+00   eps : -2.74e-08   step: 2.32e-04    0.24
         res : 3.49e-06   lamb: 1.00e+00   eps : -2.74e-08   step: 2.33e-04    0.27
         res : 2.85e-06   lamb: 1.00e+00   eps : -2.74e-08   step: 2.33e-04    0.32
         res : 2.53e-06   lamb: 1.00e+00   eps : -2.74e-08   step: 2.33e-04    0.25
         res : 2.07e-06   lamb: 1.00e+00   eps : -2.74e-08   step: 2.33e-04    0.24
         res : 1.43e-06   lamb: 1.00e+00   eps : -2.74e-08   step: 2.33e-04    0.29
         res : 1.01e-06   lamb: 1.00e+00   eps : -2.74e-08   step: 2.34e-04    0.27
         res : 6.85e-07   lamb: 1.00e+00   eps : -2.74e-08   step: 2.34e-04    0.24
         res : 4.71e-07   lamb: 1.00e+00   eps : -2.74e-08   step: 2.34e-04    0.26
         res : 3.33e-07   lamb: 1.00e+00   eps : -2.74e-08   step: 2.34e-04    0.26
         res : 2.55e-07   lamb: 1.00e+00   eps : -2.74e-08   step: 2.34e-04    0.30
         res : 1.83e-07   lamb: 1.00e+00   eps : -2.74e-08   step: 2.34e-04    0.24
         res : 1.24e-07   lamb: 1.00e+00   eps : -2.74e-08   step: 2.34e-04    0.28
         res : 8.36e-08   lamb: 1.00e+00   eps : -2.74e-08   step: 2.34e-04    0.31
         res : 5.57e-08   lamb: 1.00e+00   eps : -2.74e-08   step: 2.34e-04    0.30
         res : 3.62e-08   lamb: 1.00e+00   eps : -2.74e-08   step: 2.34e-04    0.31
         res : 2.60e-08   lamb: 1.00e+00   eps : -2.74e-08   step: 2.34e-04    0.33
         res : 1.91e-08   lamb: 1.00e+00   eps : -2.74e-08   step: 2.34e-04    0.27

      6  0      -386.76478531     1.09e-06      9.47
      6  1      -386.55303595     0.00e+00      9.47
      6  2      -386.52534700     0.00e+00      9.47
      6  3      -386.50087596     0.00e+00      9.47

         res : 4.66e-05   lamb: 1.00e+00   eps : -4.00e-09   step: 6.20e-05    0.28
         res : 2.27e-05   lamb: 1.00e+00   eps : -4.72e-09   step: 8.93e-05    0.30
         res : 1.29e-05   lamb: 1.00e+00   eps : -4.85e-09   step: 9.48e-05    0.24
         res : 8.25e-06   lamb: 1.00e+00   eps : -4.89e-09   step: 9.64e-05    0.27
         res : 6.11e-06   lamb: 1.00e+00   eps : -4.91e-09   step: 9.70e-05    0.33
         res : 4.79e-06   lamb: 1.00e+00   eps : -4.93e-09   step: 9.76e-05    0.26
         res : 3.41e-06   lamb: 1.00e+00   eps : -4.93e-09   step: 9.79e-05    0.23
         res : 2.54e-06   lamb: 1.00e+00   eps : -4.94e-09   step: 9.81e-05    0.33
         res : 1.80e-06   lamb: 1.00e+00   eps : -4.94e-09   step: 9.82e-05    0.24
         res : 1.37e-06   lamb: 1.00e+00   eps : -4.94e-09   step: 9.82e-05    0.26
         res : 1.12e-06   lamb: 1.00e+00   eps : -4.94e-09   step: 9.83e-05    0.24
         res : 1.02e-06   lamb: 1.00e+00   eps : -4.94e-09   step: 9.84e-05    0.29
         res : 8.54e-07   lamb: 1.00e+00   eps : -4.94e-09   step: 9.85e-05    0.33
         res : 5.95e-07   lamb: 1.00e+00   eps : -4.94e-09   step: 9.85e-05    0.25
         res : 4.22e-07   lamb: 1.00e+00   eps : -4.94e-09   step: 9.85e-05    0.29
         res : 2.82e-07   lamb: 1.00e+00   eps : -4.94e-09   step: 9.86e-05    0.30
         res : 1.89e-07   lamb: 1.00e+00   eps : -4.94e-09   step: 9.86e-05    0.26
         res : 1.31e-07   lamb: 1.00e+00   eps : -4.94e-09   step: 9.86e-05    0.25
         res : 9.93e-08   lamb: 1.00e+00   eps : -4.94e-09   step: 9.86e-05    0.28
         res : 7.20e-08   lamb: 1.00e+00   eps : -4.94e-09   step: 9.86e-05    0.34
         res : 5.06e-08   lamb: 1.00e+00   eps : -4.94e-09   step: 9.86e-05    0.26
         res : 3.51e-08   lamb: 1.00e+00   eps : -4.94e-09   step: 9.86e-05    0.30
         res : 2.40e-08   lamb: 1.00e+00   eps : -4.94e-09   step: 9.86e-05    0.37
         res : 1.58e-08   lamb: 1.00e+00   eps : -4.94e-09   step: 9.86e-05    0.26
         res : 1.13e-08   lamb: 1.00e+00   eps : -4.94e-09   step: 9.86e-05    0.24
         res : 8.23e-09   lamb: 1.00e+00   eps : -4.94e-09   step: 9.86e-05    0.30

      7  0      -386.76478315     4.64e-07      9.76
      7  1      -386.55303486     0.00e+00      9.76
      7  2      -386.52535375     0.00e+00      9.76
      7  3      -386.50087247     0.00e+00      9.76

         res : 2.01e-05   lamb: 1.00e+00   eps : -7.35e-10   step: 2.68e-05    0.24
         res : 9.78e-06   lamb: 1.00e+00   eps : -8.69e-10   step: 3.86e-05    0.29
         res : 5.60e-06   lamb: 1.00e+00   eps : -8.93e-10   step: 4.09e-05    0.23
         res : 3.59e-06   lamb: 1.00e+00   eps : -9.02e-10   step: 4.16e-05    0.24
         res : 2.68e-06   lamb: 1.00e+00   eps : -9.06e-10   step: 4.19e-05    0.24
         res : 2.09e-06   lamb: 1.00e+00   eps : -9.08e-10   step: 4.22e-05    0.30
         res : 1.47e-06   lamb: 1.00e+00   eps : -9.09e-10   step: 4.23e-05    0.31
         res : 1.08e-06   lamb: 1.00e+00   eps : -9.10e-10   step: 4.24e-05    0.24
         res : 7.50e-07   lamb: 1.00e+00   eps : -9.10e-10   step: 4.24e-05    0.27
         res : 5.68e-07   lamb: 1.00e+00   eps : -9.10e-10   step: 4.24e-05    0.33
         res : 4.65e-07   lamb: 1.00e+00   eps : -9.11e-10   step: 4.25e-05    0.26
         res : 4.25e-07   lamb: 1.00e+00   eps : -9.11e-10   step: 4.25e-05    0.23
         res : 3.60e-07   lamb: 1.00e+00   eps : -9.11e-10   step: 4.25e-05    0.29
         res : 2.54e-07   lamb: 1.00e+00   eps : -9.11e-10   step: 4.25e-05    0.27
         res : 1.81e-07   lamb: 1.00e+00   eps : -9.11e-10   step: 4.26e-05    0.26
         res : 1.21e-07   lamb: 1.00e+00   eps : -9.11e-10   step: 4.26e-05    0.27
         res : 8.02e-08   lamb: 1.00e+00   eps : -9.11e-10   step: 4.26e-05    0.30
         res : 5.53e-08   lamb: 1.00e+00   eps : -9.11e-10   step: 4.26e-05    0.29
         res : 4.18e-08   lamb: 1.00e+00   eps : -9.11e-10   step: 4.26e-05    0.24
         res : 3.02e-08   lamb: 1.00e+00   eps : -9.11e-10   step: 4.26e-05    0.27
         res : 2.16e-08   lamb: 1.00e+00   eps : -9.11e-10   step: 4.26e-05    0.35
         res : 1.51e-08   lamb: 1.00e+00   eps : -9.11e-10   step: 4.26e-05    0.30
         res : 1.05e-08   lamb: 1.00e+00   eps : -9.11e-10   step: 4.26e-05    0.29
         res : 6.95e-09   lamb: 1.00e+00   eps : -9.11e-10   step: 4.26e-05    0.33
         res : 4.99e-09   lamb: 1.00e+00   eps : -9.11e-10   step: 4.26e-05    0.28

      8  0      -386.76478225     1.99e-07      9.37
      8  1      -386.55303442     0.00e+00      9.37
      8  2      -386.52535658     0.00e+00      9.37
      8  3      -386.50087099     0.00e+00      9.37

         res : 8.68e-06   lamb: 1.00e+00   eps : -1.36e-10   step: 1.16e-05    0.24
         res : 4.22e-06   lamb: 1.00e+00   eps : -1.61e-10   step: 1.67e-05    0.31
         res : 2.43e-06   lamb: 1.00e+00   eps : -1.66e-10   step: 1.77e-05    0.25
         res : 1.56e-06   lamb: 1.00e+00   eps : -1.67e-10   step: 1.80e-05    0.29
         res : 1.17e-06   lamb: 1.00e+00   eps : -1.68e-10   step: 1.82e-05    0.29
         res : 9.10e-07   lamb: 1.00e+00   eps : -1.69e-10   step: 1.83e-05    0.27
         res : 6.36e-07   lamb: 1.00e+00   eps : -1.69e-10   step: 1.83e-05    0.24
         res : 4.63e-07   lamb: 1.00e+00   eps : -1.69e-10   step: 1.84e-05    0.30
         res : 3.19e-07   lamb: 1.00e+00   eps : -1.69e-10   step: 1.84e-05    0.26
         res : 2.41e-07   lamb: 1.00e+00   eps : -1.69e-10   step: 1.84e-05    0.25
         res : 1.97e-07   lamb: 1.00e+00   eps : -1.69e-10   step: 1.84e-05    0.30
         res : 1.81e-07   lamb: 1.00e+00   eps : -1.69e-10   step: 1.84e-05    0.26
         res : 1.54e-07   lamb: 1.00e+00   eps : -1.69e-10   step: 1.84e-05    0.24
         res : 1.09e-07   lamb: 1.00e+00   eps : -1.69e-10   step: 1.84e-05    0.24
         res : 7.78e-08   lamb: 1.00e+00   eps : -1.69e-10   step: 1.84e-05    0.24
         res : 5.21e-08   lamb: 1.00e+00   eps : -1.69e-10   step: 1.84e-05    0.30
         res : 3.45e-08   lamb: 1.00e+00   eps : -1.69e-10   step: 1.84e-05    0.29
         res : 2.38e-08   lamb: 1.00e+00   eps : -1.69e-10   step: 1.84e-05    0.24
         res : 1.80e-08   lamb: 1.00e+00   eps : -1.69e-10   step: 1.84e-05    0.34
         res : 1.30e-08   lamb: 1.00e+00   eps : -1.69e-10   step: 1.84e-05    0.30
         res : 9.27e-09   lamb: 1.00e+00   eps : -1.69e-10   step: 1.84e-05    0.27
         res : 6.52e-09   lamb: 1.00e+00   eps : -1.69e-10   step: 1.84e-05    0.27
         res : 4.54e-09   lamb: 1.00e+00   eps : -1.69e-10   step: 1.84e-05    0.32

      9  0      -386.76478187     8.54e-08      8.63
      9  1      -386.55303423     0.00e+00      8.63
      9  2      -386.52535778     0.00e+00      8.63
      9  3      -386.50087035     0.00e+00      8.63

         res : 3.75e-06   lamb: 1.00e+00   eps : -2.53e-11   step: 5.04e-06    0.26
         res : 1.82e-06   lamb: 1.00e+00   eps : -3.00e-11   step: 7.24e-06    0.30
         res : 1.05e-06   lamb: 1.00e+00   eps : -3.08e-11   step: 7.68e-06    0.29
         res : 6.75e-07   lamb: 1.00e+00   eps : -3.11e-11   step: 7.81e-06    0.24
         res : 5.07e-07   lamb: 1.00e+00   eps : -3.13e-11   step: 7.86e-06    0.25
         res : 3.95e-07   lamb: 1.00e+00   eps : -3.14e-11   step: 7.92e-06    0.30
         res : 2.75e-07   lamb: 1.00e+00   eps : -3.14e-11   step: 7.95e-06    0.27
         res : 2.00e-07   lamb: 1.00e+00   eps : -3.14e-11   step: 7.96e-06    0.24
         res : 1.37e-07   lamb: 1.00e+00   eps : -3.14e-11   step: 7.96e-06    0.31
         res : 1.03e-07   lamb: 1.00e+00   eps : -3.15e-11   step: 7.97e-06    0.27
         res : 8.47e-08   lamb: 1.00e+00   eps : -3.15e-11   step: 7.97e-06    0.24
         res : 7.78e-08   lamb: 1.00e+00   eps : -3.15e-11   step: 7.98e-06    0.24
         res : 6.61e-08   lamb: 1.00e+00   eps : -3.15e-11   step: 7.98e-06    0.30
         res : 4.70e-08   lamb: 1.00e+00   eps : -3.15e-11   step: 7.99e-06    0.30
         res : 3.36e-08   lamb: 1.00e+00   eps : -3.15e-11   step: 7.99e-06    0.24
         res : 2.25e-08   lamb: 1.00e+00   eps : -3.15e-11   step: 7.99e-06    0.27
         res : 1.49e-08   lamb: 1.00e+00   eps : -3.15e-11   step: 7.99e-06    0.29
         res : 1.03e-08   lamb: 1.00e+00   eps : -3.15e-11   step: 7.99e-06    0.26
         res : 7.73e-09   lamb: 1.00e+00   eps : -3.15e-11   step: 7.99e-06    0.25
         res : 5.57e-09   lamb: 1.00e+00   eps : -3.15e-11   step: 7.99e-06    0.32
         res : 3.99e-09   lamb: 1.00e+00   eps : -3.15e-11   step: 7.99e-06    0.28

     10  0      -386.76478170     3.68e-08      8.22
     10  1      -386.55303416     0.00e+00      8.22
     10  2      -386.52535830     0.00e+00      8.22
     10  3      -386.50087008     0.00e+00      8.22

         res : 1.62e-06   lamb: 1.00e+00   eps : -4.72e-12   step: 2.18e-06    0.29
         res : 7.88e-07   lamb: 1.00e+00   eps : -5.59e-12   step: 3.13e-06    0.29
         res : 4.54e-07   lamb: 1.00e+00   eps : -5.74e-12   step: 3.32e-06    0.25
         res : 2.92e-07   lamb: 1.00e+00   eps : -5.80e-12   step: 3.38e-06    0.27
         res : 2.20e-07   lamb: 1.00e+00   eps : -5.83e-12   step: 3.40e-06    0.26
         res : 1.71e-07   lamb: 1.00e+00   eps : -5.84e-12   step: 3.43e-06    0.29
         res : 1.19e-07   lamb: 1.00e+00   eps : -5.85e-12   step: 3.44e-06    0.24
         res : 8.63e-08   lamb: 1.00e+00   eps : -5.85e-12   step: 3.44e-06    0.27
         res : 5.91e-08   lamb: 1.00e+00   eps : -5.86e-12   step: 3.44e-06    0.26
         res : 4.45e-08   lamb: 1.00e+00   eps : -5.86e-12   step: 3.45e-06    0.24
         res : 3.65e-08   lamb: 1.00e+00   eps : -5.86e-12   step: 3.45e-06    0.24
         res : 3.36e-08   lamb: 1.00e+00   eps : -5.86e-12   step: 3.45e-06    0.27
         res : 2.85e-08   lamb: 1.00e+00   eps : -5.86e-12   step: 3.45e-06    0.34
         res : 2.03e-08   lamb: 1.00e+00   eps : -5.86e-12   step: 3.46e-06    0.26
         res : 1.45e-08   lamb: 1.00e+00   eps : -5.86e-12   step: 3.46e-06    0.30
         res : 9.71e-09   lamb: 1.00e+00   eps : -5.86e-12   step: 3.46e-06    0.27
         res : 6.41e-09   lamb: 1.00e+00   eps : -5.86e-12   step: 3.46e-06    0.29
         res : 4.41e-09   lamb: 1.00e+00   eps : -5.86e-12   step: 3.46e-06    0.24

     11  0      -386.76478163     1.59e-08      7.25
     11  1      -386.55303412     0.00e+00      7.25
     11  2      -386.52535852     0.00e+00      7.25
     11  3      -386.50086996     0.00e+00      7.25

         res : 7.00e-07   lamb: 1.00e+00   eps : -8.78e-13   step: 9.42e-07    0.30
         res : 3.40e-07   lamb: 1.00e+00   eps : -1.04e-12   step: 1.35e-06    0.23
         res : 1.96e-07   lamb: 1.00e+00   eps : -1.07e-12   step: 1.44e-06    0.26
         res : 1.26e-07   lamb: 1.00e+00   eps : -1.08e-12   step: 1.46e-06    0.27
         res : 9.50e-08   lamb: 1.00e+00   eps : -1.09e-12   step: 1.47e-06    0.29
         res : 7.39e-08   lamb: 1.00e+00   eps : -1.09e-12   step: 1.48e-06    0.24
         res : 5.14e-08   lamb: 1.00e+00   eps : -1.09e-12   step: 1.49e-06    0.26
         res : 3.71e-08   lamb: 1.00e+00   eps : -1.09e-12   step: 1.49e-06    0.29
         res : 2.55e-08   lamb: 1.00e+00   eps : -1.09e-12   step: 1.49e-06    0.27
         res : 1.93e-08   lamb: 1.00e+00   eps : -1.09e-12   step: 1.49e-06    0.24
         res : 1.59e-08   lamb: 1.00e+00   eps : -1.09e-12   step: 1.49e-06    0.29
         res : 1.46e-08   lamb: 1.00e+00   eps : -1.09e-12   step: 1.49e-06    0.24
         res : 1.24e-08   lamb: 1.00e+00   eps : -1.09e-12   step: 1.49e-06    0.24
         res : 8.80e-09   lamb: 1.00e+00   eps : -1.09e-12   step: 1.49e-06    0.24
         res : 6.30e-09   lamb: 1.00e+00   eps : -1.09e-12   step: 1.49e-06    0.30
         res : 4.21e-09   lamb: 1.00e+00   eps : -1.09e-12   step: 1.49e-06    0.29

     12  0      -386.76478160     6.84e-09      6.76
     12  1      -386.55303411     0.00e+00      6.76
     12  2      -386.52535861     0.00e+00      6.76
     12  3      -386.50086991     0.00e+00      6.76

    * Second-order optimization converged. *   

    * Integral transformation done. Elapsed time: 0.34

     guess   0:   closed 111...               open ......              
     guess   1:   closed 11....               open ..11..              
     guess   2:   closed 1.1...               open .1..1.              
     guess   3:   closed .11...               open 1..1..              

  === FCI iteration ===

      0  0      -386.70186172     9.40e-03      0.00
      0  1      -386.46237850     9.16e-03      0.00
      0  2      -386.38145857     1.08e-02      0.00
      0  3      -386.31108815     7.93e-03      0.00

      1  0      -386.75934117     3.59e-03      0.00
      1  1      -386.51841999     4.07e-03      0.00
      1  2      -386.48768396     7.23e-03      0.00
      1  3      -386.36092441     4.19e-03      0.00

      2  0      -386.76452024     8.86e-04      0.00
      2  1      -386.53566124     4.28e-03      0.00
      2  2      -386.52012430     3.60e-03      0.00
      2  3      -386.37155753     1.75e-03      0.00

      3  0      -386.76477433     1.53e-04      0.00
      3  1      -386.55082604     2.13e-03      0.00
      3  2      -386.52499337     8.57e-04      0.00
      3  3      -386.37443388     1.32e-03      0.00

      4  0      -386.76478116     3.25e-05      0.00
      4  1      -386.55294278     4.14e-04      0.00
      4  2      -386.52533171     2.23e-04      0.00
      4  3      -386.39079897     5.69e-03      0.00

      5  0      -386.76478157     8.52e-06      0.00
      5  1      -386.55302471     1.06e-04      0.00
      5  2      -386.52535629     5.85e-05      0.00
      5  3      -386.43689390     5.52e-03      0.00

      6  0      -386.76478160     1.94e-06      0.00
      6  1      -386.55303295     3.95e-05      0.00
      6  2      -386.52535842     1.64e-05      0.00
      6  3      -386.48901346     4.12e-03      0.00

      7  0      -386.76478160     3.71e-07      0.00
      7  1      -386.55303397     1.29e-05      0.00
      7  2      -386.52535859     4.97e-06      0.00
      7  3      -386.49958617     1.26e-03      0.00

      8  0      -386.76478160     6.36e-08      0.00
      8  1      -386.55303409     4.80e-06      0.00
      8  2      -386.52535861     2.12e-06      0.00
      8  3      -386.50073971     4.10e-04      0.00

      9  0      -386.76478160     9.87e-09      0.01
      9  1      -386.55303411     1.76e-06      0.00
      9  2      -386.52535861     7.69e-07      0.00
      9  3      -386.50085446     1.33e-04      0.00

     10  0      -386.76478160     1.66e-09      0.01
     10  1      -386.55303411     5.92e-07      0.00
     10  2      -386.52535861     2.28e-07      0.00
     10  3      -386.50086849     4.58e-05      0.00

     11  0      -386.76478160     2.96e-10      0.01
     11  1      -386.55303411     1.67e-07      0.00
     11  2      -386.52535861     5.49e-08      0.00
     11  3      -386.50086980     1.26e-05      0.00

     12  0 *    -386.76478160     4.39e-11      0.01
     12  1      -386.55303411     4.72e-08      0.00
     12  2      -386.52535861     1.67e-08      0.00
     12  3      -386.50086990     3.84e-06      0.00

     13  0 *    -386.76478160     3.77e-11      0.01
     13  1      -386.55303411     1.05e-08      0.00
     13  2      -386.52535861     3.95e-09      0.00
     13  3      -386.50086991     9.19e-07      0.00

     14  0 *    -386.76478160     3.64e-11      0.01
     14  1      -386.55303411     2.03e-09      0.00
     14  2      -386.52535861     8.04e-10      0.00
     14  3      -386.50086991     2.00e-07      0.00

     15  0 *    -386.76478160     3.53e-11      0.01
     15  1      -386.55303411     4.15e-10      0.00
     15  2      -386.52535861     1.76e-10      0.00
     15  3      -386.50086991     4.05e-08      0.00

     16  0 *    -386.76478160     3.49e-11      0.03
     16  1 *    -386.55303411     8.35e-11      0.00
     16  2 *    -386.52535861     3.77e-11      0.00
     16  3      -386.50086991     8.70e-09      0.00

     17  0 *    -386.76478160     3.46e-11      0.04
     17  1 *    -386.55303411     7.52e-11      0.00
     17  2 *    -386.52535861     3.76e-11      0.00
     17  3      -386.50086991     1.75e-09      0.00

     18  0 *    -386.76478160     3.45e-11      0.01
     18  1 *    -386.55303411     7.22e-11      0.00
     18  2 *    -386.52535861     3.71e-11      0.00
     18  3      -386.50086991     4.15e-10      0.00

     19  0 *    -386.76478160     3.42e-11      0.01
     19  1 *    -386.55303411     7.04e-11      0.00
     19  2 *    -386.52535861     3.65e-11      0.00
     19  3 *    -386.50086991     9.99e-11      0.00

     * ci vector, state   0, <S^2> = 0.0000
       222...     0.8853013038
       22ba..     0.2290045260
       22ab..     0.2290045260
       2.2.2.    -0.1964427371
       22.2..    -0.1056796348
       a2bb.a     0.0882486492
       b2aa.b     0.0882486492
       .22..2    -0.0835879290
       .222..    -0.0616714158
       22...2    -0.0592612646
       b2ba.a    -0.0530574488
       a2ab.b    -0.0530574488
       2.ba2.    -0.0509811159
       2.ab2.    -0.0509811159

     * ci vector, state   1, <S^2> = 0.0000
       b22a..    -0.4083172386
       a22b..    -0.4083172386
       22.2..    -0.3725312841
       22a..b    -0.3136984598
       22b..a    -0.3136984598
       .222..     0.1970978936
       22...2     0.1626046472
       22ab..    -0.1446203604
       22ba..    -0.1446203604
       b2ab.a    -0.1343415050
       a2ba.b    -0.1343415050
       .22..2    -0.1320803125
       222...     0.1292891711
       b2aa.b    -0.1088551110
       a2bb.a    -0.1088551110
       a2b2..    -0.1016477445
       b2a2..    -0.1016477445
       22.a.b    -0.0956782435
       22.b.a    -0.0956782435
       b.2a2.    -0.0913792342
       a.2b2.    -0.0913792342
       a22..b     0.0842548569
       b22..a     0.0842548569
       2..22.     0.0831473684
       2.a.2b    -0.0703230983
       2.b.2a    -0.0703230983
       b2.a.2    -0.0577722764
       a2.b.2    -0.0577722764

     * ci vector, state   2, <S^2> = 0.0000
       22ba..     0.5935324560
       22ab..     0.5935324560
       222...    -0.3321070557
       2.ba2.    -0.1326353101
       2.ab2.    -0.1326353101
       22.2..    -0.1276867169
       b22a..    -0.1202056120
       a22b..    -0.1202056120
       22a..b    -0.0990324897
       22b..a    -0.0990324897
       .222..     0.0906126655
       b2a2..     0.0714613232
       a2b2..     0.0714613232
       2.2.2.     0.0711731980
       22...2     0.0685520086
       a2bb.a     0.0670636032
       b2aa.b     0.0670636032
       .2ba.2    -0.0651314998
       .2ab.2    -0.0651314998
       b2ba.a    -0.0591968839
       a2ab.b    -0.0591968839

     * ci vector, state   3, <S^2> = -0.0000
       2baab.    -0.5268004253
       2abba.    -0.5268004253
       2bbaa.     0.2663675801
       2aabb.     0.2663675801
       2abab.    -0.2604328452
       2baba.    -0.2604328452
       ab2.ba     0.1066408030
       ba2.ab     0.1066408030
       22b.a.     0.0958302304
       22a.b.     0.0958302304
       2ab2..    -0.0750511889
       2ba2..    -0.0750511889
       22.ab.    -0.0699826914
       22.ba.    -0.0699826914
       2b2a..     0.0698616673
       2a2b..     0.0698616673
       .baab2     0.0685729449
       .abba2     0.0685729449
       abbaba     0.0559649771
       baabab     0.0559649771
       bb2.aa    -0.0533895195
       aa2.bb    -0.0533895195
       ba2.ba     0.0532512834
       ab2.ab     0.0532512834
       babaab     0.0519843131
       ababba     0.0519843131

    * METHOD: CASSCF                             107.99

  === SMITH program ===

    * freezing 10 orbitals
    * SS-SR internal contraction is used

    * Approximate memory requirement for SMITH calulation per MPI process:
      o Storage requirement for T-amplitude, lambda, and residual is 0.14 GB
      o Storage requirement for MO integrals is 0.02 GB
       - MO integral evaluation                    3.96

  ++ State-averaged Fock matrix over basis states ++

                         0                   1                   2                   3
     0       -1.6972265095       -0.0363574624        0.0701887838       -0.0032883518
     1       -0.0363574624       -1.2744506074        0.0760208229       -0.0028993168
     2        0.0701887838        0.0760208229       -1.4498393726        0.0097336760
     3       -0.0032883518       -0.0028993168        0.0097336760       -1.0598647499


  ++ Extended multi-state CASPT2 (XMS-CASPT2) rotation matrix ++

                         0                   1                   2                   3
     0       -0.9518241557       -0.3058149788        0.0224219813       -0.0022869191
     1       -0.1247520772        0.3194445580       -0.9393452476       -0.0047538860
     2        0.2799637881       -0.8966320440       -0.3422197309        0.0235989564
     3       -0.0093793979        0.0219852381        0.0036628366        0.9997075872


  ++ Reference energies in XMS basis ++

                         0                   1                   2                   3
     0     -386.7426970328       -0.0685938852        0.0018657116       -0.0007671980
     1       -0.0685938852     -386.5505624268        0.0099482414        0.0004128144
     2        0.0018657116        0.0099482414     -386.5498986685       -0.0000216372
     3       -0.0007671980        0.0004128144       -0.0000216372     -386.5008861086

    * Calculating and saving rdm4f

    - linear dependency detected:    1 /   72    min eigenvalue:    -1.0402e-16    max eigenvalue:    -1.0402e-16
    - linear dependency detected:    1 /   72    min eigenvalue:    -3.9278e-16    max eigenvalue:    -3.9278e-16
    - linear dependency detected:    1 /   72    min eigenvalue:    -1.2506e-15    max eigenvalue:    -1.2506e-15
    - linear dependency detected:    1 /   72    min eigenvalue:     1.8295e-17    max eigenvalue:     1.8295e-17
    - linear dependency detected:   20 /  216    min eigenvalue:    -2.9567e-15    max eigenvalue:     6.6372e-10
    - linear dependency detected:   12 /  216    min eigenvalue:    -3.7555e-15    max eigenvalue:     6.7889e-10
    - linear dependency detected:   13 /  216    min eigenvalue:    -4.8119e-15    max eigenvalue:     6.5178e-10
    - linear dependency detected:   12 /  216    min eigenvalue:    -2.0488e-15    max eigenvalue:     7.0649e-10
    - linear dependency detected:   20 /  216    min eigenvalue:    -1.4061e-15    max eigenvalue:     8.9370e-10
    - linear dependency detected:   12 /  216    min eigenvalue:    -8.8881e-16    max eigenvalue:     6.4804e-10
    - linear dependency detected:   13 /  216    min eigenvalue:    -6.9437e-16    max eigenvalue:     8.6310e-10
    - linear dependency detected:   11 /  216    min eigenvalue:    -6.9180e-16    max eigenvalue:     7.0552e-10
       - RDM + denominator evaluation              1.80

    * Zeroth order energy : state  0       -1.7226690551
    * Zeroth order energy : state  1       -1.4532227604
    * Zeroth order energy : state  2       -1.2458757552
    * Zeroth order energy : state  3       -1.0596136687

    * CASPT2 iteration is performed using redundant basis

      ---- iteration ----

        0    -1.10801008     0.00102467      3.41
        1    -1.10855908     0.00006130      3.41
        2    -1.10856168     0.00000464      3.38
        3    -1.10856170     0.00000048      3.42

        0    -1.12889979     0.00098249      3.59
        1    -1.12952757     0.00006081      3.47
        2    -1.12953138     0.00000534      3.57
        3    -1.12953142     0.00000055      3.58

        0    -1.09476057     0.00087828      3.81
        1    -1.09525140     0.00005334      3.53
        2    -1.09525429     0.00000458      3.52
        3    -1.09525431     0.00000049      3.73

        0    -1.08564986     0.00086530      3.83
        1    -1.08613771     0.00006223      3.50
        2    -1.08614360     0.00000757      3.57
        3    -1.08614498     0.00000357      3.53
        4    -1.08614692     0.00000249      3.57
        5    -1.08614815     0.00000121      3.67
        6    -1.08614835     0.00000060      3.66

      -------------------

       - CASPT2 energy evaluation                 70.42

    * CASPT2 energy : state  0     -388.0192906933
        w/o shift correction       -387.8512587297
        reference weight              0.7484671800

    * CASPT2 energy : state  1     -387.8590132035
        w/o shift correction       -387.6800938454
        reference weight              0.7364644917

    * CASPT2 energy : state  2     -387.8143908217
        w/o shift correction       -387.6451529820
        reference weight              0.7471185434

    * CASPT2 energy : state  3     -387.7539646605
        w/o shift correction       -387.5870344564
        reference weight              0.7497036376


    * MS-CASPT2 Heff
           -388.0192906933       -0.0429749722       -0.0025287266       -0.0007604235
             -0.0429749722     -387.8590132035        0.0141816927        0.0004846307
             -0.0025287266        0.0141816927     -387.8143908217       -0.0003214253
             -0.0007604235        0.0004846307       -0.0003214253     -387.7539646605


    * MS-CASPT2 rotation matrix
             -0.9697651860       -0.2305576798        0.0799040137       -0.0037401621
             -0.2439849986        0.9098628902       -0.3355431551        0.0056242777
              0.0046690904       -0.3448757964       -0.9386288521       -0.0038422069
             -0.0022369675       -0.0073049494       -0.0014204073        0.9999698076


    * XMS-CASPT2 rotation matrix
              0.9977700027       -0.0665154244        0.0055168823       -0.0005330117
              0.0386652878        0.6434054655        0.7645476774        0.0011186543
             -0.0543850121       -0.7625091115        0.6444127684        0.0188231053
              0.0015125339        0.0136000075       -0.0129844838        0.9998220618

    * MS-CASPT2 energy : state  0     -388.0300924244
    * MS-CASPT2 energy : state  1     -387.8535027610
    * MS-CASPT2 energy : state  2     -387.8091063382
    * MS-CASPT2 energy : state  3     -387.7539578555



    * METHOD: SMITH                               96.27


  
  ===============================================================

