--------------------------------------------------
JOB FRONT-END 484547 on wux54
SLURM ENVIRONMENT
--------------------------------------------------
SLURM_JOB_ID                   = 484547              
SLURM_ARRAY_JOB_ID             = N/A                 
SLURM_ARRAY_TASK_ID            = N/A                 
SLURM_JOB_NAME                 = bagel-chain         
SLURM_JOB_PARTITION            = wux5x               
SLURM_JOB_NUM_NODES            = 1                   
SLURM_JOB_CPUS_PER_NODE        = 20                  
SLURM_NTASKS                   = 20                  
SLURM_NTASKS_PER_NODE          = N/A                 
--------------------------------------------------
--------------------------------------------------
PBS ENVIRONMENT
--------------------------------------------------
PBS_JOBID                      = 484547              
PBS_ARRAYID                    = N/A                 
PBS_JOBNAME                    = bagel-chain         
PBS_QUEUE                      = wux5x               
PBS_NUM_NODES                  = 1                   
PBS_NUM_PPN                    = 1                   
PBS_NP                         = 20                  
PBS_NODEFILE                   = /tmp/484547/nodes   
--------------------------------------------------
  * process grid (5, 4) will be used
    wux54                           
    wux54                           
    wux54                           
    wux54                           
    wux54                           
    wux54                           
    wux54                           
    wux54                           
    wux54                           
    wux54                           
    wux54                           
    wux54                           
    wux54                           
    wux54                           
    wux54                           
    wux54                           
    wux54                           
    wux54                           
    wux54                           
    wux54                           

  * using 20 threads per process

  ===============================================================
    BAGEL - Freshly leavened quantum chemistry                   
  ===============================================================

  *** Geometry ***

  { "atom" : "C", "xyz" : [      4.503520,     -1.104739,      1.161505 ] },
  { "atom" : "C", "xyz" : [      4.258925,      1.600962,      1.500219 ] },
  { "atom" : "C", "xyz" : [      1.962939,      2.792382,      1.315884 ] },
  { "atom" : "N", "xyz" : [     -0.306216,      1.443005,      0.934993 ] },
  { "atom" : "B", "xyz" : [     -0.194109,     -1.372616,      0.002569 ] },
  { "atom" : "C", "xyz" : [      2.467678,     -2.553096,      0.417486 ] },
  { "atom" : "C", "xyz" : [     -2.568962,     -2.750605,     -0.879692 ] },
  { "atom" : "C", "xyz" : [     -4.845389,     -1.278433,     -1.141085 ] },
  { "atom" : "C", "xyz" : [     -4.405502,      1.300213,     -1.147434 ] },
  { "atom" : "C", "xyz" : [     -1.691968,      1.962715,     -1.201354 ] },
  { "atom" : "H", "xyz" : [      6.342886,     -1.971217,      1.549595 ] },
  { "atom" : "H", "xyz" : [      5.916579,      2.753903,      1.937137 ] },
  { "atom" : "H", "xyz" : [      1.757995,      4.842309,      1.487059 ] },
  { "atom" : "H", "xyz" : [      2.724007,     -4.603232,      0.260548 ] },
  { "atom" : "H", "xyz" : [     -2.555782,     -4.778029,     -1.338195 ] },
  { "atom" : "H", "xyz" : [     -6.740684,     -2.109495,     -1.210044 ] },
  { "atom" : "H", "xyz" : [     -5.832694,      2.780334,     -0.909678 ] },
  { "atom" : "H", "xyz" : [     -0.793224,      3.045639,     -2.739516 ] },

  Number of auxiliary basis functions:      884

  Since a DF basis is specified, we compute 2- and 3-index integrals:
    o Being stored without compression. Storage requirement is 0.645 GB
       - 3-index ints prep                         0.00
       - 3-index ints                              0.15
       - 2-index ints                              0.01
       - computing inverse                         0.10
        elapsed time:        0.26 sec.


  Number of basis functions:      302
  Number of electrons      :       68


    * METHOD: MOLECULE                             0.29

       - 3-index ints prep                         0.00
       - 3-index ints                              0.12
       - 2-index ints                              0.01
       - computing inverse                         0.07

  Using the coefficient projected to the input geometry 


    * METHOD: LOAD_REF                             0.30

  ---------------------------
      CASSCF calculation     
  ---------------------------

    * nstate   :      2
    * nclosed  :     28
    * nact     :     12
    * nvirt    :    262
  === CASSCF iteration (/home/buehlerm/software/bagel/installation/share/aug-cc-pVDZ.json) ===

    * Using the second-order algorithm

      0  0      -386.53620128     2.98e-02     17.03
      0  1      -386.52228154     0.00e+00     17.03

         res : 2.27e-01   lamb: 1.00e+00   eps : -4.26e-01   step: 2.43e-01    0.07
         res : 5.95e-02   lamb: 1.00e+00   eps : -4.34e-01   step: 2.28e-01    0.06
         res : 1.59e-02   lamb: 1.00e+00   eps : -4.34e-01   step: 2.29e-01    0.06
         res : 3.89e-03   lamb: 1.00e+00   eps : -4.34e-01   step: 2.30e-01    0.06
         res : 1.06e-03   lamb: 1.00e+00   eps : -4.34e-01   step: 2.30e-01    0.06
         res : 2.73e-04   lamb: 1.00e+00   eps : -4.34e-01   step: 2.30e-01    0.06
         res : 7.87e-05   lamb: 1.00e+00   eps : -4.34e-01   step: 2.30e-01    0.06
         res : 1.85e-05   lamb: 1.00e+00   eps : -4.34e-01   step: 2.30e-01    0.06

      1  0      -386.76485844     9.26e-04     17.57
      1  1      -386.74860513     0.00e+00     17.57

         res : 2.86e-02   lamb: 1.00e+00   eps : -4.80e-03   step: 1.14e-01    0.06
         res : 1.43e-02   lamb: 1.00e+00   eps : -5.08e-03   step: 1.26e-01    0.06
         res : 4.65e-03   lamb: 1.00e+00   eps : -5.13e-03   step: 1.32e-01    0.06
         res : 1.78e-03   lamb: 1.00e+00   eps : -5.14e-03   step: 1.35e-01    0.06
         res : 7.97e-04   lamb: 1.00e+00   eps : -5.14e-03   step: 1.35e-01    0.06
         res : 4.01e-04   lamb: 1.00e+00   eps : -5.14e-03   step: 1.35e-01    0.06
         res : 1.78e-04   lamb: 1.00e+00   eps : -5.14e-03   step: 1.35e-01    0.06
         res : 8.64e-05   lamb: 1.00e+00   eps : -5.14e-03   step: 1.35e-01    0.06
         res : 4.04e-05   lamb: 1.00e+00   eps : -5.14e-03   step: 1.35e-01    0.06
         res : 1.88e-05   lamb: 1.00e+00   eps : -5.14e-03   step: 1.35e-01    0.06
         res : 9.38e-06   lamb: 1.00e+00   eps : -5.14e-03   step: 1.35e-01    0.06

      2  0      -386.76844956     1.11e-04     17.58
      2  1      -386.75046452     0.00e+00     17.58

         res : 5.71e-03   lamb: 1.00e+00   eps : -5.56e-05   step: 1.62e-02    0.06
         res : 1.76e-03   lamb: 1.00e+00   eps : -6.45e-05   step: 2.30e-02    0.06
         res : 6.33e-04   lamb: 1.00e+00   eps : -6.60e-05   step: 2.47e-02    0.06
         res : 2.74e-04   lamb: 1.00e+00   eps : -6.62e-05   step: 2.52e-02    0.06
         res : 1.17e-04   lamb: 1.00e+00   eps : -6.62e-05   step: 2.53e-02    0.06
         res : 4.58e-05   lamb: 1.00e+00   eps : -6.62e-05   step: 2.53e-02    0.06
         res : 2.62e-05   lamb: 1.00e+00   eps : -6.62e-05   step: 2.53e-02    0.06
         res : 1.47e-05   lamb: 1.00e+00   eps : -6.62e-05   step: 2.53e-02    0.06
         res : 6.24e-06   lamb: 1.00e+00   eps : -6.62e-05   step: 2.53e-02    0.06
         res : 2.88e-06   lamb: 1.00e+00   eps : -6.62e-05   step: 2.53e-02    0.06
         res : 1.51e-06   lamb: 1.00e+00   eps : -6.62e-05   step: 2.53e-02    0.06

      3  0      -386.76876778     4.44e-05     17.64
      3  1      -386.75023112     0.00e+00     17.64

         res : 1.80e-03   lamb: 1.00e+00   eps : -5.84e-06   step: 4.09e-03    0.06
         res : 5.28e-04   lamb: 1.00e+00   eps : -7.00e-06   step: 7.12e-03    0.06
         res : 2.16e-04   lamb: 1.00e+00   eps : -7.13e-06   step: 7.59e-03    0.06
         res : 9.55e-05   lamb: 1.00e+00   eps : -7.14e-06   step: 7.71e-03    0.06
         res : 4.23e-05   lamb: 1.00e+00   eps : -7.15e-06   step: 7.76e-03    0.06
         res : 2.20e-05   lamb: 1.00e+00   eps : -7.15e-06   step: 7.76e-03    0.06
         res : 1.38e-05   lamb: 1.00e+00   eps : -7.15e-06   step: 7.76e-03    0.06
         res : 6.73e-06   lamb: 1.00e+00   eps : -7.15e-06   step: 7.76e-03    0.06
         res : 2.57e-06   lamb: 1.00e+00   eps : -7.15e-06   step: 7.76e-03    0.06
         res : 1.04e-06   lamb: 1.00e+00   eps : -7.15e-06   step: 7.76e-03    0.06
         res : 4.74e-07   lamb: 1.00e+00   eps : -7.15e-06   step: 7.76e-03    0.06

      4  0      -386.76887480     2.04e-05     17.89
      4  1      -386.75013434     0.00e+00     17.89

         res : 7.85e-04   lamb: 1.00e+00   eps : -1.18e-06   step: 1.86e-03    0.07
         res : 2.24e-04   lamb: 1.00e+00   eps : -1.42e-06   step: 3.30e-03    0.06
         res : 9.49e-05   lamb: 1.00e+00   eps : -1.44e-06   step: 3.46e-03    0.06
         res : 4.13e-05   lamb: 1.00e+00   eps : -1.44e-06   step: 3.50e-03    0.06
         res : 1.79e-05   lamb: 1.00e+00   eps : -1.44e-06   step: 3.52e-03    0.06
         res : 9.74e-06   lamb: 1.00e+00   eps : -1.44e-06   step: 3.52e-03    0.06
         res : 5.98e-06   lamb: 1.00e+00   eps : -1.44e-06   step: 3.52e-03    0.06
         res : 3.01e-06   lamb: 1.00e+00   eps : -1.44e-06   step: 3.52e-03    0.06
         res : 1.15e-06   lamb: 1.00e+00   eps : -1.44e-06   step: 3.52e-03    0.06
         res : 4.33e-07   lamb: 1.00e+00   eps : -1.44e-06   step: 3.52e-03    0.06
         res : 1.78e-07   lamb: 1.00e+00   eps : -1.44e-06   step: 3.52e-03    0.06

      5  0      -386.76891917     9.75e-06     18.21
      5  1      -386.75009211     0.00e+00     18.21

         res : 3.87e-04   lamb: 1.00e+00   eps : -2.80e-07   step: 9.49e-04    0.07
         res : 1.04e-04   lamb: 1.00e+00   eps : -3.37e-07   step: 1.65e-03    0.07
         res : 4.55e-05   lamb: 1.00e+00   eps : -3.42e-07   step: 1.72e-03    0.07
         res : 1.94e-05   lamb: 1.00e+00   eps : -3.43e-07   step: 1.74e-03    0.07
         res : 8.31e-06   lamb: 1.00e+00   eps : -3.43e-07   step: 1.75e-03    0.07
         res : 4.60e-06   lamb: 1.00e+00   eps : -3.43e-07   step: 1.75e-03    0.07
         res : 2.79e-06   lamb: 1.00e+00   eps : -3.43e-07   step: 1.75e-03    0.07
         res : 1.44e-06   lamb: 1.00e+00   eps : -3.43e-07   step: 1.75e-03    0.07
         res : 5.57e-07   lamb: 1.00e+00   eps : -3.43e-07   step: 1.75e-03    0.07
         res : 2.04e-07   lamb: 1.00e+00   eps : -3.43e-07   step: 1.75e-03    0.07
         res : 8.14e-08   lamb: 1.00e+00   eps : -3.43e-07   step: 1.75e-03    0.07

      6  0      -386.76893931     4.77e-06     18.01
      6  1      -386.75007248     0.00e+00     18.01

         res : 1.97e-04   lamb: 1.00e+00   eps : -7.05e-08   step: 4.95e-04    0.06
         res : 5.11e-05   lamb: 1.00e+00   eps : -8.46e-08   step: 8.45e-04    0.06
         res : 2.26e-05   lamb: 1.00e+00   eps : -8.59e-08   step: 8.76e-04    0.06
         res : 9.48e-06   lamb: 1.00e+00   eps : -8.61e-08   step: 8.84e-04    0.06
         res : 4.04e-06   lamb: 1.00e+00   eps : -8.61e-08   step: 8.89e-04    0.06
         res : 2.26e-06   lamb: 1.00e+00   eps : -8.61e-08   step: 8.90e-04    0.06
         res : 1.36e-06   lamb: 1.00e+00   eps : -8.61e-08   step: 8.90e-04    0.06
         res : 7.08e-07   lamb: 1.00e+00   eps : -8.61e-08   step: 8.90e-04    0.06
         res : 2.78e-07   lamb: 1.00e+00   eps : -8.61e-08   step: 8.90e-04    0.06
         res : 1.01e-07   lamb: 1.00e+00   eps : -8.61e-08   step: 8.90e-04    0.06
         res : 4.02e-08   lamb: 1.00e+00   eps : -8.61e-08   step: 8.90e-04    0.06

      7  0      -386.76894890     2.37e-06     17.80
      7  1      -386.75006302     0.00e+00     17.80

         res : 1.01e-04   lamb: 1.00e+00   eps : -1.81e-08   step: 2.59e-04    0.06
         res : 2.56e-05   lamb: 1.00e+00   eps : -2.17e-08   step: 4.34e-04    0.06
         res : 1.14e-05   lamb: 1.00e+00   eps : -2.20e-08   step: 4.48e-04    0.06
         res : 4.73e-06   lamb: 1.00e+00   eps : -2.21e-08   step: 4.53e-04    0.06
         res : 2.01e-06   lamb: 1.00e+00   eps : -2.21e-08   step: 4.55e-04    0.06
         res : 1.13e-06   lamb: 1.00e+00   eps : -2.21e-08   step: 4.55e-04    0.06
         res : 6.74e-07   lamb: 1.00e+00   eps : -2.21e-08   step: 4.55e-04    0.06
         res : 3.54e-07   lamb: 1.00e+00   eps : -2.21e-08   step: 4.55e-04    0.06
         res : 1.41e-07   lamb: 1.00e+00   eps : -2.21e-08   step: 4.55e-04    0.06
         res : 5.16e-08   lamb: 1.00e+00   eps : -2.21e-08   step: 4.55e-04    0.06
         res : 2.04e-08   lamb: 1.00e+00   eps : -2.21e-08   step: 4.55e-04    0.06

      8  0      -386.76895358     1.19e-06     17.82
      8  1      -386.75005837     0.00e+00     17.82

         res : 5.20e-05   lamb: 1.00e+00   eps : -4.70e-09   step: 1.35e-04    0.06
         res : 1.30e-05   lamb: 1.00e+00   eps : -5.63e-09   step: 2.22e-04    0.06
         res : 5.82e-06   lamb: 1.00e+00   eps : -5.71e-09   step: 2.30e-04    0.06
         res : 2.38e-06   lamb: 1.00e+00   eps : -5.72e-09   step: 2.32e-04    0.06
         res : 1.02e-06   lamb: 1.00e+00   eps : -5.73e-09   step: 2.33e-04    0.06
         res : 5.72e-07   lamb: 1.00e+00   eps : -5.73e-09   step: 2.33e-04    0.06
         res : 3.39e-07   lamb: 1.00e+00   eps : -5.73e-09   step: 2.33e-04    0.06
         res : 1.78e-07   lamb: 1.00e+00   eps : -5.73e-09   step: 2.33e-04    0.06
         res : 7.21e-08   lamb: 1.00e+00   eps : -5.73e-09   step: 2.33e-04    0.06
         res : 2.65e-08   lamb: 1.00e+00   eps : -5.73e-09   step: 2.33e-04    0.06
         res : 1.05e-08   lamb: 1.00e+00   eps : -5.73e-09   step: 2.33e-04    0.06

      9  0      -386.76895591     6.01e-07     17.73
      9  1      -386.75005605     0.00e+00     17.73

         res : 2.67e-05   lamb: 1.00e+00   eps : -1.22e-09   step: 6.96e-05    0.06
         res : 6.59e-06   lamb: 1.00e+00   eps : -1.47e-09   step: 1.14e-04    0.06
         res : 2.98e-06   lamb: 1.00e+00   eps : -1.49e-09   step: 1.18e-04    0.06
         res : 1.20e-06   lamb: 1.00e+00   eps : -1.49e-09   step: 1.19e-04    0.06
         res : 5.16e-07   lamb: 1.00e+00   eps : -1.49e-09   step: 1.20e-04    0.06
         res : 2.91e-07   lamb: 1.00e+00   eps : -1.49e-09   step: 1.20e-04    0.06
         res : 1.71e-07   lamb: 1.00e+00   eps : -1.49e-09   step: 1.20e-04    0.06
         res : 9.03e-08   lamb: 1.00e+00   eps : -1.49e-09   step: 1.20e-04    0.06
         res : 3.68e-08   lamb: 1.00e+00   eps : -1.49e-09   step: 1.20e-04    0.06
         res : 1.36e-08   lamb: 1.00e+00   eps : -1.49e-09   step: 1.20e-04    0.06
         res : 5.37e-09   lamb: 1.00e+00   eps : -1.49e-09   step: 1.20e-04    0.06

     10  0      -386.76895708     3.05e-07     17.86
     10  1      -386.75005489     0.00e+00     17.86

         res : 1.37e-05   lamb: 1.00e+00   eps : -3.20e-10   step: 3.59e-05    0.07
         res : 3.36e-06   lamb: 1.00e+00   eps : -3.82e-10   step: 5.84e-05    0.06
         res : 1.52e-06   lamb: 1.00e+00   eps : -3.88e-10   step: 6.04e-05    0.06
         res : 6.11e-07   lamb: 1.00e+00   eps : -3.89e-10   step: 6.09e-05    0.06
         res : 2.63e-07   lamb: 1.00e+00   eps : -3.89e-10   step: 6.12e-05    0.06
         res : 1.48e-07   lamb: 1.00e+00   eps : -3.89e-10   step: 6.13e-05    0.06
         res : 8.70e-08   lamb: 1.00e+00   eps : -3.89e-10   step: 6.12e-05    0.06
         res : 4.58e-08   lamb: 1.00e+00   eps : -3.89e-10   step: 6.13e-05    0.06
         res : 1.89e-08   lamb: 1.00e+00   eps : -3.89e-10   step: 6.13e-05    0.06
         res : 6.98e-09   lamb: 1.00e+00   eps : -3.89e-10   step: 6.12e-05    0.06
         res : 2.76e-09   lamb: 1.00e+00   eps : -3.89e-10   step: 6.12e-05    0.06

     11  0      -386.76895767     1.55e-07     17.78
     11  1      -386.75005430     0.00e+00     17.78

         res : 7.03e-06   lamb: 1.00e+00   eps : -8.36e-11   step: 1.85e-05    0.06
         res : 1.72e-06   lamb: 1.00e+00   eps : -9.99e-11   step: 2.99e-05    0.06
         res : 7.79e-07   lamb: 1.00e+00   eps : -1.01e-10   step: 3.09e-05    0.06
         res : 3.11e-07   lamb: 1.00e+00   eps : -1.02e-10   step: 3.12e-05    0.06
         res : 1.34e-07   lamb: 1.00e+00   eps : -1.02e-10   step: 3.13e-05    0.06
         res : 7.58e-08   lamb: 1.00e+00   eps : -1.02e-10   step: 3.14e-05    0.06
         res : 4.43e-08   lamb: 1.00e+00   eps : -1.02e-10   step: 3.14e-05    0.06
         res : 2.33e-08   lamb: 1.00e+00   eps : -1.02e-10   step: 3.14e-05    0.06
         res : 9.64e-09   lamb: 1.00e+00   eps : -1.02e-10   step: 3.14e-05    0.06
         res : 3.58e-09   lamb: 1.00e+00   eps : -1.02e-10   step: 3.14e-05    0.06

     12  0      -386.76895797     7.90e-08     17.89
     12  1      -386.75005400     0.00e+00     17.89

         res : 3.60e-06   lamb: 1.00e+00   eps : -2.19e-11   step: 9.50e-06    0.06
         res : 8.79e-07   lamb: 1.00e+00   eps : -2.61e-11   step: 1.53e-05    0.06
         res : 3.98e-07   lamb: 1.00e+00   eps : -2.65e-11   step: 1.58e-05    0.06
         res : 1.58e-07   lamb: 1.00e+00   eps : -2.66e-11   step: 1.60e-05    0.06
         res : 6.86e-08   lamb: 1.00e+00   eps : -2.66e-11   step: 1.60e-05    0.06
         res : 3.87e-08   lamb: 1.00e+00   eps : -2.66e-11   step: 1.61e-05    0.06
         res : 2.26e-08   lamb: 1.00e+00   eps : -2.66e-11   step: 1.61e-05    0.06
         res : 1.19e-08   lamb: 1.00e+00   eps : -2.66e-11   step: 1.61e-05    0.06
         res : 4.93e-09   lamb: 1.00e+00   eps : -2.66e-11   step: 1.61e-05    0.06

     13  0      -386.76895812     4.03e-08     17.92
     13  1      -386.75005385     0.00e+00     17.92

         res : 1.84e-06   lamb: 1.00e+00   eps : -5.72e-12   step: 4.87e-06    0.06
         res : 4.50e-07   lamb: 1.00e+00   eps : -6.83e-12   step: 7.84e-06    0.06
         res : 2.04e-07   lamb: 1.00e+00   eps : -6.93e-12   step: 8.10e-06    0.06
         res : 8.08e-08   lamb: 1.00e+00   eps : -6.94e-12   step: 8.17e-06    0.06
         res : 3.52e-08   lamb: 1.00e+00   eps : -6.95e-12   step: 8.21e-06    0.06
         res : 1.99e-08   lamb: 1.00e+00   eps : -6.95e-12   step: 8.21e-06    0.06
         res : 1.16e-08   lamb: 1.00e+00   eps : -6.95e-12   step: 8.21e-06    0.06
         res : 6.08e-09   lamb: 1.00e+00   eps : -6.95e-12   step: 8.21e-06    0.06
         res : 2.52e-09   lamb: 1.00e+00   eps : -6.95e-12   step: 8.21e-06    0.06

     14  0      -386.76895819     2.06e-08     17.83
     14  1      -386.75005377     0.00e+00     17.83

         res : 9.44e-07   lamb: 1.00e+00   eps : -1.50e-12   step: 2.50e-06    0.06
         res : 2.30e-07   lamb: 1.00e+00   eps : -1.79e-12   step: 4.01e-06    0.06
         res : 1.04e-07   lamb: 1.00e+00   eps : -1.81e-12   step: 4.15e-06    0.06
         res : 4.13e-08   lamb: 1.00e+00   eps : -1.82e-12   step: 4.18e-06    0.06
         res : 1.80e-08   lamb: 1.00e+00   eps : -1.82e-12   step: 4.20e-06    0.06
         res : 1.02e-08   lamb: 1.00e+00   eps : -1.82e-12   step: 4.20e-06    0.06
         res : 5.90e-09   lamb: 1.00e+00   eps : -1.82e-12   step: 4.20e-06    0.06
         res : 3.10e-09   lamb: 1.00e+00   eps : -1.82e-12   step: 4.20e-06    0.06

     15  0      -386.76895823     1.05e-08     17.77
     15  1      -386.75005373     0.00e+00     17.77

         res : 4.83e-07   lamb: 1.00e+00   eps : -3.91e-13   step: 1.28e-06    0.07
         res : 1.18e-07   lamb: 1.00e+00   eps : -4.67e-13   step: 2.05e-06    0.07
         res : 5.33e-08   lamb: 1.00e+00   eps : -4.74e-13   step: 2.12e-06    0.07
         res : 2.11e-08   lamb: 1.00e+00   eps : -4.75e-13   step: 2.14e-06    0.07
         res : 9.27e-09   lamb: 1.00e+00   eps : -4.75e-13   step: 2.15e-06    0.07
         res : 5.31e-09   lamb: 1.00e+00   eps : -4.75e-13   step: 2.15e-06    0.07
         res : 3.06e-09   lamb: 1.00e+00   eps : -4.75e-13   step: 2.15e-06    0.07

     16  0      -386.76895825     5.37e-09     17.65
     16  1      -386.75005371     0.00e+00     17.65

    * Second-order optimization converged. *   

    * Integral transformation done. Elapsed time: 0.09

       - jop, kop                                  0.00
       - denom                                     0.02
     guess   0:   closed 11111.......         open .....11.....        
     guess   1:   closed 111111......         open ............        

  === FCI iteration ===

      0  0      -386.62158543     3.75e-04      0.60
      0  1      -386.61141854     3.70e-04      0.00

      1  0      -386.73790644     1.95e-04      0.61
      1  1      -386.72058838     1.85e-04      0.00

      2  0      -386.76241696     9.68e-05      0.61
      2  1      -386.74309865     9.43e-05      0.00

      3  0      -386.76768690     4.40e-05      0.61
      3  1      -386.74844070     4.59e-05      0.00

      4  0      -386.76867153     2.00e-05      0.61
      4  1      -386.74964775     2.33e-05      0.00

      5  0      -386.76887738     1.00e-05      0.61
      5  1      -386.74995488     1.22e-05      0.00

      6  0      -386.76893362     5.34e-06      0.61
      6  1      -386.75003121     5.87e-06      0.00

      7  0      -386.76895046     3.01e-06      0.61
      7  1      -386.75004799     2.77e-06      0.00

      8  0      -386.76895576     1.72e-06      0.62
      8  1      -386.75005210     1.44e-06      0.00

      9  0      -386.76895750     1.00e-06      0.62
      9  1      -386.75005324     7.84e-07      0.00

     10  0      -386.76895804     5.53e-07      0.62
     10  1      -386.75005357     4.25e-07      0.00

     11  0      -386.76895820     2.83e-07      0.62
     11  1      -386.75005367     2.28e-07      0.00

     12  0      -386.76895824     1.45e-07      0.62
     12  1      -386.75005370     1.29e-07      0.00

     13  0      -386.76895825     7.07e-08      0.62
     13  1      -386.75005371     7.72e-08      0.00

     14  0      -386.76895825     3.48e-08      0.62
     14  1      -386.75005371     4.36e-08      0.00

     15  0      -386.76895825     1.80e-08      0.62
     15  1      -386.75005371     2.30e-08      0.00

     16  0      -386.76895825     9.63e-09      0.62
     16  1      -386.75005371     1.22e-08      0.00

     17  0      -386.76895825     4.85e-09      0.63
     17  1      -386.75005371     6.13e-09      0.00

     18  0      -386.76895825     2.29e-09      0.63
     18  1      -386.75005371     2.90e-09      0.00

     19  0      -386.76895825     1.09e-09      0.63
     19  1      -386.75005371     1.39e-09      0.00
    ** throwing out 2 trial vectors **

     20  0      -386.76895825     5.05e-10      0.64
     20  1      -386.75005371     6.66e-10      0.00
    ** throwing out 2 trial vectors **

     21  0      -386.76895825     2.29e-10      0.64
     21  1      -386.75005371     3.09e-10      0.00
    ** throwing out 2 trial vectors **

     22  0      -386.76895825     1.03e-10      0.64
     22  1      -386.75005371     1.48e-10      0.00
    ** throwing out 2 trial vectors **

     23  0 *    -386.76895825     4.70e-11      0.44
     23  1 *    -386.75005371     7.47e-11      0.00

     * ci vector   0, <S^2> = -0.0000, E =     -386.76895825
       222222......    -0.6608144164
       22222ab.....    -0.4180696161
       22222ba.....    -0.4180696161
       2222.2.2....     0.0791218267
       222a2bb.a...    -0.0709710198
       222b2aa.b...    -0.0709710198
       2.22222.....     0.0571921744
       2222.ab2....     0.0560106434
       2222.ba2....     0.0560106434
       222.22..2...     0.0560050248
       22222.ba....     0.0545100249
       22222.ab....     0.0545100249
       22222..2....     0.0543023570
       22222...2...     0.0530169462
       22222a.b....    -0.0500767793
       22222b.a....    -0.0500767793

     * ci vector   1, <S^2> = -0.0000, E =     -386.75005371
       222222......    -0.5895226764
       22222ab.....     0.4693520734
       22222ba.....     0.4693520734
       222a2bb.a...     0.0748456520
       222b2aa.b...     0.0748456520
       2222.2.2....     0.0709306101
       2222.ab2....    -0.0620783914
       2222.ba2....    -0.0620783914
       2.22222.....     0.0615914952
       2b222a2.....    -0.0594063891
       2a222b2.....    -0.0594063891
       2222aabb....     0.0522282969
       2222bbaa....     0.0522282969
       222.2ab.2...    -0.0514240421
       222.2ba.2...    -0.0514240421
       2222abba....    -0.0503829856
       2222baab....    -0.0503829856

    * METHOD: CASSCF                             318.62


    * METHOD: PRINT                                0.07


    * METHOD: SAVE_REF                             0.18

  === SMITH program ===

    * freezing 10 orbitals
    * SS-SR internal contraction is used

    * Approximate memory requirement for SMITH calculation per MPI process:
      o Storage requirement for T-amplitude, lambda, and residual is 0.43 GB
      o Storage requirement for MO integrals is 0.03 GB
       - MO integral evaluation                    0.71

  ++ State-averaged Fock matrix over basis states ++

                         0                   1
     0       -4.5161471627       -0.0637341215
     1       -0.0637341215       -4.4972279894


  ++ Extended multi-state CASPT2 (XMS-CASPT2) rotation matrix ++

                         0                   1
     0       -0.7572365361        0.6531407416
     1       -0.6531407416       -0.7572365361


     * ci vector, state   0, <S^2> = -0.0000
       222222......     0.8854340978
       2222.2.2....    -0.1062416093
       2.22222.....    -0.0835359189
       222.22..2...    -0.0736476103
       22222..2....    -0.0680470547
       22222...2...    -0.0668614146
       22.222.2....    -0.0643434259
       22a2b2.b.a..    -0.0627668380
       22b2a2.a.b..    -0.0627668380
       22222b.a....     0.0592291189
       22222a.b....     0.0592291189
       .22222.....2    -0.0583505766
       22.222...2..    -0.0515679522

     * ci vector, state   1, <S^2> = 0.0000
       22222ab.....    -0.6284688374
       22222ba.....    -0.6284688374
       222a2bb.a...    -0.1030299268
       222b2aa.b...    -0.1030299268
       2222.ab2....     0.0835908592
       2222.ba2....     0.0835908592
       22222.ba....     0.0702119669
       22222.ab....     0.0702119669
       222.2ab.2...     0.0690200073
       222.2ba.2...     0.0690200073
       222a2ab.b...     0.0578345744
       222b2ba.a...     0.0578345744
       2b222a2.....     0.0524529765
       2a222b2.....     0.0524529765
       22222.b...a.     0.0522529028
       22222.a...b.     0.0522529028

  ++ Reference energies in XMS basis ++

                         0                   1
     0     -386.7608937121        0.0093498472
     1        0.0093498472     -386.7581182541

    * Calculating and saving rdm4f

    * Third and Fock-weighted fourth order RDM ( 1, 1) evaluation
      will be done with 40 passes
       - RDM evaluation (multipassing)            35.70
    * Third and Fock-weighted fourth order RDM ( 2, 1) evaluation
      will be done with 40 passes
       - RDM evaluation (multipassing)            57.96
    * Third and Fock-weighted fourth order RDM ( 1, 2) evaluation
      will be done with 40 passes
       - RDM evaluation (multipassing)            58.59
    * Third and Fock-weighted fourth order RDM ( 2, 2) evaluation
      will be done with 40 passes
       - RDM evaluation (multipassing)            35.65
    - linear dependency detected:    1 /  288    min eigenvalue:    -2.5723e-14    max eigenvalue:    -2.5723e-14
    - linear dependency detected:    1 /  288    min eigenvalue:     4.2407e-14    max eigenvalue:     4.2407e-14
    - linear dependency detected:   12 / 1728    min eigenvalue:    -1.7966e-13    max eigenvalue:     1.5071e-13
    - linear dependency detected:   12 / 1728    min eigenvalue:    -6.2077e-14    max eigenvalue:     1.4231e-13
    - linear dependency detected:   12 / 1728    min eigenvalue:    -3.1285e-15    max eigenvalue:     3.1293e-15
    - linear dependency detected:   12 / 1728    min eigenvalue:    -1.7538e-15    max eigenvalue:     2.7103e-15
       - RDM + denominator evaluation            222.71

    * Zeroth order energy : state  0       -4.5711198817
    * Zeroth order energy : state  1       -4.4422552703

    * CASPT2 iteration is performed using redundant basis

      ---- iteration ----

        0    -1.04706663     0.00211283      5.85
        1    -1.04920044     0.00023559      6.68
        2    -1.04922699     0.00002999      5.96
        3    -1.04922743     0.00000447      6.01
        4    -1.04922744     0.00000062      6.24

        0    -1.04769994     0.00204229      6.42
        1    -1.04978800     0.00022775      6.05
        2    -1.04981450     0.00002910      6.02
        3    -1.04981494     0.00000432      6.03
        4    -1.04981495     0.00000059      6.10

      -------------------

       - CASPT2 energy evaluation                 62.88

    * CASPT2 energy : state  0     -387.9682068806
        w/o shift correction       -387.8101211519
        reference weight              0.7597794303

    * CASPT2 energy : state  1     -387.9657927552
        w/o shift correction       -387.8079332014
        reference weight              0.7600406456


    * MS-CASPT2 Heff
           -387.9682068806        0.0048279041
              0.0048279041     -387.9657927552


    * MS-CASPT2 rotation matrix
             -0.7882106363       -0.6154055515
              0.6154055515       -0.7882106363


    * XMS-CASPT2 rotation matrix
              0.9988083303       -0.0488049115
              0.0488049115        0.9988083303

    * MS-CASPT2 energy : state  0     -387.9719763286
    * MS-CASPT2 energy : state  1     -387.9620233072



    * METHOD: SMITH                              295.83


  
  ===============================================================

