    * Using parallel algorithm in FCI.
    * Parallel algorithm will be used.
  ---------------------------
        FCI calculation      
  ---------------------------

 Constructing space of all determinants that can formed by removing 1 electron from 6 alpha and 6 beta electrons.

 Space is made up of 4 determinants.
  o forming links
    * Integral transformation done. Elapsed time: 0.09

       - jop, kop                                  0.00
       - denom                                     0.02
     guess   0:   closed 11111.......         open .....11.....        
     guess   1:   closed 111111......         open ............        

  === FCI iteration ===

      0  0      -386.38386619     3.80e-04      0.60
      0  1      -386.38278932     3.65e-04      0.00

      1  0      -386.50353594     1.97e-04      0.60
      1  1      -386.49217025     1.85e-04      0.00

      2  0      -386.52935352     9.83e-05      0.60
      2  1      -386.51518506     9.53e-05      0.00

      3  0      -386.53476804     4.68e-05      0.61
      3  1      -386.52060274     4.67e-05      0.00

      4  0      -386.53586914     2.21e-05      0.61
      4  1      -386.52183641     2.40e-05      0.00

      5  0      -386.53611881     1.08e-05      0.61
      5  1      -386.52216785     1.27e-05      0.00

      6  0      -386.53617992     5.49e-06      0.61
      6  1      -386.52225443     6.30e-06      0.00

      7  0      -386.53619507     2.85e-06      0.61
      7  1      -386.52227386     3.11e-06      0.00

      8  0      -386.53619925     1.58e-06      0.61
      8  1      -386.52227891     1.75e-06      0.00

      9  0      -386.53620061     9.22e-07      0.61
      9  1      -386.52228061     1.06e-06      0.00

     10  0      -386.53620107     5.27e-07      0.61
     10  1      -386.52228123     6.28e-07      0.00

     11  0      -386.53620122     2.87e-07      0.62
     11  1      -386.52228144     3.54e-07      0.00

     12  0      -386.53620127     1.64e-07      0.61
     12  1      -386.52228151     2.00e-07      0.00

     13  0      -386.53620128     9.40e-08      0.62
     13  1      -386.52228153     1.14e-07      0.00

     14  0      -386.53620128     4.81e-08      0.63
     14  1      -386.52228154     5.85e-08      0.00

     15  0      -386.53620128     2.38e-08      0.62
     15  1      -386.52228154     2.93e-08      0.00

     16  0      -386.53620128     1.27e-08      0.62
     16  1      -386.52228154     1.58e-08      0.00

     17  0      -386.53620128     6.91e-09      0.62
     17  1      -386.52228154     8.77e-09      0.00

     18  0      -386.53620128     3.54e-09      0.62
     18  1      -386.52228154     4.56e-09      0.00

     19  0      -386.53620128     1.80e-09      0.62
     19  1      -386.52228154     2.31e-09      0.00
    ** throwing out 2 trial vectors **

     20  0      -386.53620128     9.16e-10      0.63
     20  1      -386.52228154     1.18e-09      0.00
    ** throwing out 2 trial vectors **

     21  0      -386.53620128     4.50e-10      0.63
     21  1      -386.52228154     5.89e-10      0.00
    ** throwing out 2 trial vectors **

     22  0      -386.53620128     2.19e-10      0.62
     22  1      -386.52228154     2.97e-10      0.00
    ** throwing out 2 trial vectors **

     23  0      -386.53620128     1.03e-10      0.65
     23  1      -386.52228154     1.53e-10      0.00
    ** throwing out 2 trial vectors **

     24  0 *    -386.53620128     4.85e-11      0.45
     24  1 *    -386.52228154     7.71e-11      0.00

     * ci vector   0, <S^2> = -0.0000, E =     -386.53620128
       222222......    -0.5731548583
       22222ab.....    -0.4731270059
       22222ba.....    -0.4731270059
       22222.2.....    -0.0808239215
       2222.2.2....     0.0663302201
       222a2bb.a...     0.0628140829
       222b2aa.b...     0.0628140829
       2222.ab2....     0.0593570210
       2222.ba2....     0.0593570210
       22222b.a....    -0.0561201097
       22222a.b....    -0.0561201097
       22222...2...     0.0508078946

     * ci vector   1, <S^2> = -0.0000, E =     -386.52228154
       222222......     0.6703068539
       22222ab.....    -0.4076303316
       22222ba.....    -0.4076303316
       2222.2.2....    -0.0778480255
       22222.2.....    -0.0687911760
       222b2aa.b...     0.0665882604
       222a2bb.a...     0.0665882604
       2a222b2.....     0.0537681302
       2b222a2.....     0.0537681302
       2222bbaa....    -0.0533948785
       2222aabb....    -0.0533948785
       2.22222.....    -0.0514537903
       - FCI and RDMs                             16.92
    * Integral transformation done. Elapsed time: 0.08

       - jop, kop                                  0.00
       - denom                                     0.02
     guess   0:   closed 11111.......         open .....11.....        
     guess   1:   closed 111111......         open ............        

  === FCI iteration ===

      0  0      -386.61776043     3.71e-04      0.62
      0  1      -386.60899313     3.76e-04      0.00

      1  0      -386.73335052     1.95e-04      0.62
      1  1      -386.71862198     1.87e-04      0.00

      2  0      -386.75800633     9.84e-05      0.62
      2  1      -386.74152793     9.56e-05      0.00

      3  0      -386.76346249     4.61e-05      0.62
      3  1      -386.74695805     4.67e-05      0.00

      4  0      -386.76453549     2.14e-05      0.60
      4  1      -386.74818817     2.36e-05      0.00

      5  0      -386.76477102     1.07e-05      0.61
      5  1      -386.74850540     1.23e-05      0.00

      6  0      -386.76483260     5.58e-06      0.61
      6  1      -386.74858303     5.89e-06      0.00

      7  0      -386.76485022     3.09e-06      0.61
      7  1      -386.74859970     2.75e-06      0.00

      8  0      -386.76485578     1.77e-06      0.61
      8  1      -386.74860367     1.38e-06      0.00

      9  0      -386.76485763     1.03e-06      0.61
      9  1      -386.74860473     7.27e-07      0.00

     10  0      -386.76485821     5.61e-07      0.61
     10  1      -386.74860502     3.78e-07      0.00

     11  0      -386.76485838     2.85e-07      0.61
     11  1      -386.74860509     2.03e-07      0.00

     12  0      -386.76485842     1.50e-07      0.61
     12  1      -386.74860511     1.18e-07      0.00

     13  0      -386.76485844     7.28e-08      0.61
     13  1      -386.74860512     7.26e-08      0.00

     14  0      -386.76485844     3.47e-08      0.62
     14  1      -386.74860513     4.27e-08      0.00

     15  0      -386.76485844     1.77e-08      0.62
     15  1      -386.74860513     2.37e-08      0.00

     16  0      -386.76485844     9.70e-09      0.62
     16  1      -386.74860513     1.31e-08      0.00

     17  0      -386.76485844     5.10e-09      0.62
     17  1      -386.74860513     6.86e-09      0.00

     18  0      -386.76485844     2.49e-09      0.62
     18  1      -386.74860513     3.32e-09      0.00

     19  0      -386.76485844     1.20e-09      0.62
     19  1      -386.74860513     1.61e-09      0.00
    ** throwing out 2 trial vectors **

     20  0      -386.76485844     5.76e-10      0.64
     20  1      -386.74860513     7.94e-10      0.00
    ** throwing out 2 trial vectors **

     21  0      -386.76485844     2.69e-10      0.63
     21  1      -386.74860513     3.81e-10      0.00
    ** throwing out 2 trial vectors **

     22  0      -386.76485844     1.23e-10      0.63
     22  1      -386.74860513     1.88e-10      0.00
    ** throwing out 2 trial vectors **

     23  0 *    -386.76485844     5.77e-11      0.44
     23  1 *    -386.74860513     9.85e-11      0.00

     * ci vector   0, <S^2> = -0.0000, E =     -386.76485844
       222222......     0.6466687132
       22222ba.....     0.4286371702
       22222ab.....     0.4286371702
       2222.2.2....    -0.0780095050
       222b2aa.b...     0.0683931952
       222a2bb.a...     0.0683931952
       2222.ba2....    -0.0571563805
       2222.ab2....    -0.0571563805
       22222...2...    -0.0525602058
       222.22..2...    -0.0520993758
       22222a.b....    -0.0520860110
       22222b.a....    -0.0520860110
       22222.ab....     0.0517422675
       22222.ba....     0.0517422675
       2.22222.....    -0.0510419737

     * ci vector   1, <S^2> = 0.0000, E =     -386.74860513
       222222......    -0.6018148789
       22222ab.....     0.4623781659
       22222ba.....     0.4623781659
       2222.2.2....     0.0729070827
       222a2bb.a...     0.0720667296
       222b2aa.b...     0.0720667296
       2222.ab2....    -0.0604432032
       2222.ba2....    -0.0604432032
       2b222a2.....    -0.0577158622
       2a222b2.....    -0.0577158622
       2.22222.....     0.0537277988
       - FCI and RDMs                             16.23
    * Integral transformation done. Elapsed time: 0.08

       - jop, kop                                  0.00
       - denom                                     0.02
     guess   0:   closed 11111.......         open .....11.....        
     guess   1:   closed 111111......         open ............        

  === FCI iteration ===

      0  0      -386.62086983     3.75e-04      0.59
      0  1      -386.61128631     3.71e-04      0.00

      1  0      -386.73726203     1.95e-04      0.60
      1  1      -386.72071450     1.85e-04      0.00

      2  0      -386.76183961     9.72e-05      0.60
      2  1      -386.74338867     9.50e-05      0.00

      3  0      -386.76714938     4.46e-05      0.60
      3  1      -386.74881194     4.64e-05      0.00

      4  0      -386.76815534     2.04e-05      0.60
      4  1      -386.75004911     2.36e-05      0.00

      5  0      -386.76836843     1.01e-05      0.61
      5  1      -386.75036512     1.23e-05      0.00

      6  0      -386.76842534     5.35e-06      0.61
      6  1      -386.75044250     5.85e-06      0.00

      7  0      -386.76844191     2.98e-06      0.61
      7  1      -386.75045907     2.73e-06      0.00

      8  0      -386.76844711     1.69e-06      0.61
      8  1      -386.75046304     1.39e-06      0.00

      9  0      -386.76844881     9.84e-07      0.61
      9  1      -386.75046412     7.40e-07      0.00

     10  0      -386.76844934     5.42e-07      0.61
     10  1      -386.75046441     3.92e-07      0.00

     11  0      -386.76844950     2.80e-07      0.61
     11  1      -386.75046449     2.10e-07      0.00

     12  0      -386.76844954     1.46e-07      0.62
     12  1      -386.75046451     1.18e-07      0.00

     13  0      -386.76844955     7.02e-08      0.62
     13  1      -386.75046452     7.10e-08      0.00

     14  0      -386.76844956     3.39e-08      0.61
     14  1      -386.75046452     4.15e-08      0.00

     15  0      -386.76844956     1.75e-08      0.61
     15  1      -386.75046452     2.28e-08      0.00

     16  0      -386.76844956     9.48e-09      0.63
     16  1      -386.75046452     1.24e-08      0.00

     17  0      -386.76844956     4.84e-09      0.62
     17  1      -386.75046452     6.38e-09      0.00

     18  0      -386.76844956     2.32e-09      0.62
     18  1      -386.75046452     3.06e-09      0.00

     19  0      -386.76844956     1.11e-09      0.62
     19  1      -386.75046452     1.48e-09      0.00
    ** throwing out 2 trial vectors **

     20  0      -386.76844956     5.23e-10      0.63
     20  1      -386.75046452     7.16e-10      0.00
    ** throwing out 2 trial vectors **

     21  0      -386.76844956     2.40e-10      0.64
     21  1      -386.75046452     3.35e-10      0.00
    ** throwing out 2 trial vectors **

     22  0      -386.76844956     1.07e-10      0.64
     22  1      -386.75046452     1.61e-10      0.00
    ** throwing out 2 trial vectors **

     23  0 *    -386.76844956     4.97e-11      0.44
     23  1 *    -386.75046452     8.21e-11      0.00

     * ci vector   0, <S^2> = 0.0000, E =     -386.76844956
       222222......    -0.6531007892
       22222ab.....     0.4243597959
       22222ba.....     0.4243597959
       2222.2.2....     0.0791063828
       222b2aa.b...    -0.0707283203
       222a2bb.a...    -0.0707283203
       2222.ba2....    -0.0569647847
       2222.ab2....    -0.0569647847
       2.22222.....     0.0558889411
       222.22..2...     0.0549962007
       22222...2...     0.0532670488
       22222.ab....    -0.0528524327
       22222.ba....    -0.0528524327
       22222..2....     0.0515178622

     * ci vector   1, <S^2> = -0.0000, E =     -386.75046452
       222222......     0.5964774095
       22222ab.....     0.4643229456
       22222ba.....     0.4643229456
       222a2bb.a...    -0.0742326079
       222b2aa.b...    -0.0742326079
       2222.2.2....    -0.0724271948
       2222.ab2....    -0.0613318426
       2222.ba2....    -0.0613318426
       2.22222.....    -0.0602809475
       2b222a2.....     0.0590827310
       2a222b2.....     0.0590827310
       2222aabb....    -0.0512255337
       2222bbaa....    -0.0512255337
       222.2ab.2...    -0.0508076383
       222.2ba.2...    -0.0508076383
       - FCI and RDMs                             16.13
    * Integral transformation done. Elapsed time: 0.08

       - jop, kop                                  0.00
       - denom                                     0.02
     guess   0:   closed 11111.......         open .....11.....        
     guess   1:   closed 111111......         open ............        

  === FCI iteration ===

      0  0      -386.62133758     3.75e-04      0.60
      0  1      -386.61131582     3.70e-04      0.00

      1  0      -386.73764395     1.95e-04      0.60
      1  1      -386.72060100     1.85e-04      0.00

      2  0      -386.76218591     9.71e-05      0.61
      2  1      -386.74322163     9.47e-05      0.00

      3  0      -386.76748066     4.43e-05      0.60
      3  1      -386.74860401     4.61e-05      0.00

      4  0      -386.76847687     2.02e-05      0.61
      4  1      -386.74982220     2.34e-05      0.00

      5  0      -386.76868645     1.01e-05      0.61
      5  1      -386.75013224     1.22e-05      0.00

      6  0      -386.76874321     5.35e-06      0.61
      6  1      -386.75020884     5.86e-06      0.00

      7  0      -386.76876001     3.01e-06      0.61
      7  1      -386.75022551     2.76e-06      0.00

      8  0      -386.76876528     1.71e-06      0.61
      8  1      -386.75022956     1.42e-06      0.00

      9  0      -386.76876702     9.99e-07      0.61
      9  1      -386.75023067     7.72e-07      0.00

     10  0      -386.76876756     5.51e-07      0.62
     10  1      -386.75023099     4.17e-07      0.00

     11  0      -386.76876772     2.83e-07      0.61
     11  1      -386.75023108     2.23e-07      0.00

     12  0      -386.76876776     1.46e-07      0.62
     12  1      -386.75023111     1.25e-07      0.00

     13  0      -386.76876778     7.09e-08      0.62
     13  1      -386.75023112     7.47e-08      0.00

     14  0      -386.76876778     3.49e-08      0.62
     14  1      -386.75023112     4.27e-08      0.00

     15  0      -386.76876778     1.82e-08      0.62
     15  1      -386.75023112     2.29e-08      0.00

     16  0      -386.76876778     9.83e-09      0.62
     16  1      -386.75023112     1.22e-08      0.00

     17  0      -386.76876778     4.99e-09      0.63
     17  1      -386.75023112     6.20e-09      0.00

     18  0      -386.76876778     2.36e-09      0.62
     18  1      -386.75023112     2.94e-09      0.00

     19  0      -386.76876778     1.12e-09      0.63
     19  1      -386.75023112     1.41e-09      0.00
    ** throwing out 2 trial vectors **

     20  0      -386.76876778     5.22e-10      0.64
     20  1      -386.75023112     6.76e-10      0.00
    ** throwing out 2 trial vectors **

     21  0      -386.76876778     2.38e-10      0.64
     21  1      -386.75023112     3.15e-10      0.00
    ** throwing out 2 trial vectors **

     22  0      -386.76876778     1.06e-10      0.64
     22  1      -386.75023112     1.51e-10      0.00
    ** throwing out 2 trial vectors **

     23  0 *    -386.76876778     4.90e-11      0.44
     23  1 *    -386.75023112     7.65e-11      0.00

     * ci vector   0, <S^2> = 0.0000, E =     -386.76876778
       222222......    -0.6601674091
       22222ba.....    -0.4185814856
       22222ab.....    -0.4185814856
       2222.2.2....     0.0788359588
       222b2aa.b...     0.0705272160
       222a2bb.a...     0.0705272160
       2.22222.....     0.0566416262
       2222.ba2....     0.0558257349
       2222.ab2....     0.0558257349
       222.22..2...     0.0557308987
       22222.ab....    -0.0539163100
       22222.ba....    -0.0539163100
       22222..2....     0.0538347439
       22222...2...     0.0529809059
       22222b.a....     0.0506227537
       22222a.b....     0.0506227537

     * ci vector   1, <S^2> = -0.0000, E =     -386.75023112
       222222......     0.5897147279
       22222ab.....    -0.4689461563
       22222ba.....    -0.4689461563
       222a2bb.a...     0.0746048456
       222b2aa.b...     0.0746048456
       2222.2.2....    -0.0707163277
       2222.ab2....     0.0616741186
       2222.ba2....     0.0616741186
       2.22222.....    -0.0606027663
       2b222a2.....     0.0596091919
       2a222b2.....     0.0596091919
       2222aabb....     0.0519458990
       2222bbaa....     0.0519458990
       222.2ab.2...     0.0511765812
       222.2ba.2...     0.0511765812
       - FCI and RDMs                             16.19
    * Integral transformation done. Elapsed time: 0.08

       - jop, kop                                  0.00
       - denom                                     0.02
     guess   0:   closed 11111.......         open .....11.....        
     guess   1:   closed 111111......         open ............        

  === FCI iteration ===

      0  0      -386.62147291     3.75e-04      0.60
      0  1      -386.61134986     3.70e-04      0.00

      1  0      -386.73778531     1.95e-04      0.60
      1  1      -386.72058021     1.85e-04      0.00

      2  0      -386.76231195     9.69e-05      0.61
      2  1      -386.74315188     9.45e-05      0.00

      3  0      -386.76759498     4.42e-05      0.60
      3  1      -386.74851444     4.60e-05      0.00

      4  0      -386.76858575     2.01e-05      0.60
      4  1      -386.74972686     2.34e-05      0.00

      5  0      -386.76879356     1.00e-05      0.61
      5  1      -386.75003539     1.22e-05      0.00

      6  0      -386.76885014     5.35e-06      0.61
      6  1      -386.75011189     5.87e-06      0.00

      7  0      -386.76886700     3.01e-06      0.60
      7  1      -386.75012865     2.77e-06      0.00

      8  0      -386.76887230     1.72e-06      0.61
      8  1      -386.75013274     1.43e-06      0.00

      9  0      -386.76887404     1.00e-06      0.61
      9  1      -386.75013388     7.81e-07      0.00

     10  0      -386.76887458     5.53e-07      0.61
     10  1      -386.75013420     4.23e-07      0.00

     11  0      -386.76887474     2.83e-07      0.61
     11  1      -386.75013429     2.26e-07      0.00

     12  0      -386.76887479     1.46e-07      0.62
     12  1      -386.75013432     1.27e-07      0.00

     13  0      -386.76887480     7.09e-08      0.64
     13  1      -386.75013433     7.60e-08      0.00

     14  0      -386.76887480     3.49e-08      0.64
     14  1      -386.75013434     4.32e-08      0.00

     15  0      -386.76887480     1.82e-08      0.65
     15  1      -386.75013434     2.29e-08      0.00

     16  0      -386.76887480     9.78e-09      0.63
     16  1      -386.75013434     1.22e-08      0.00

     17  0      -386.76887480     4.95e-09      0.64
     17  1      -386.75013434     6.15e-09      0.00

     18  0      -386.76887480     2.34e-09      0.65
     18  1      -386.75013434     2.91e-09      0.00

     19  0      -386.76887480     1.11e-09      0.65
     19  1      -386.75013434     1.39e-09      0.00
    ** throwing out 2 trial vectors **

     20  0      -386.76887480     5.15e-10      0.65
     20  1      -386.75013434     6.68e-10      0.00
    ** throwing out 2 trial vectors **

     21  0      -386.76887480     2.34e-10      0.65
     21  1      -386.75013434     3.10e-10      0.00
    ** throwing out 2 trial vectors **

     22  0      -386.76887480     1.05e-10      0.65
     22  1      -386.75013434     1.49e-10      0.00
    ** throwing out 2 trial vectors **

     23  0 *    -386.76887480     4.81e-11      0.45
     23  1 *    -386.75013434     7.53e-11      0.00

     * ci vector   0, <S^2> = 0.0000, E =     -386.76887480
       222222......    -0.6608747166
       22222ab.....    -0.4179827584
       22222ba.....    -0.4179827584
       2222.2.2....     0.0789056516
       222b2aa.b...     0.0706833944
       222a2bb.a...     0.0706833944
       2.22222.....     0.0569506583
       222.22..2...     0.0559028625
       2222.ab2....     0.0558208976
       2222.ba2....     0.0558208976
       22222.ab....     0.0543313205
       22222.ba....     0.0543313205
       22222..2....     0.0542659158
       22222...2...     0.0529534940
       22222a.b....    -0.0504782388
       22222b.a....    -0.0504782388

     * ci vector   1, <S^2> = -0.0000, E =     -386.75013434
       222222......    -0.5892339157
       22222ba.....     0.4693888671
       22222ab.....     0.4693888671
       222b2aa.b...    -0.0747151241
       222a2bb.a...    -0.0747151241
       2222.2.2....     0.0706786907
       2222.ab2....    -0.0618627220
       2222.ba2....    -0.0618627220
       2.22222.....     0.0610966104
       2a222b2.....     0.0595630618
       2b222a2.....     0.0595630618
       2222aabb....     0.0521177640
       2222bbaa....     0.0521177640
       222.2ab.2...    -0.0512947376
       222.2ba.2...    -0.0512947376
       2222baab....    -0.0501832749
       2222abba....    -0.0501832749
       - FCI and RDMs                             16.44
    * Integral transformation done. Elapsed time: 0.08

       - jop, kop                                  0.00
       - denom                                     0.02
     guess   0:   closed 11111.......         open .....11.....        
     guess   1:   closed 111111......         open ............        

  === FCI iteration ===

      0  0      -386.62152962     3.75e-04      0.61
      0  1      -386.61137849     3.70e-04      0.00

      1  0      -386.73784662     1.95e-04      0.61
      1  1      -386.72057948     1.85e-04      0.00

      2  0      -386.76236637     9.69e-05      0.62
      2  1      -386.74312282     9.44e-05      0.00

      3  0      -386.76764330     4.41e-05      0.62
      3  1      -386.74847554     4.59e-05      0.00

      4  0      -386.76863118     2.01e-05      0.62
      4  1      -386.74968532     2.33e-05      0.00

      5  0      -386.76883806     1.00e-05      0.62
      5  1      -386.74999318     1.22e-05      0.00

      6  0      -386.76889450     5.34e-06      0.63
      6  1      -386.75006961     5.87e-06      0.00

      7  0      -386.76891136     3.01e-06      0.63
      7  1      -386.75008640     2.77e-06      0.00

      8  0      -386.76891667     1.72e-06      0.63
      8  1      -386.75009050     1.44e-06      0.00

      9  0      -386.76891841     1.00e-06      0.63
      9  1      -386.75009164     7.83e-07      0.00

     10  0      -386.76891895     5.53e-07      0.63
     10  1      -386.75009197     4.24e-07      0.00

     11  0      -386.76891911     2.83e-07      0.63
     11  1      -386.75009206     2.27e-07      0.00

     12  0      -386.76891916     1.46e-07      0.63
     12  1      -386.75009209     1.28e-07      0.00

     13  0      -386.76891917     7.08e-08      0.63
     13  1      -386.75009210     7.66e-08      0.00

     14  0      -386.76891917     3.49e-08      0.63
     14  1      -386.75009211     4.34e-08      0.00

     15  0      -386.76891917     1.81e-08      0.63
     15  1      -386.75009211     2.29e-08      0.00

     16  0      -386.76891917     9.72e-09      0.63
     16  1      -386.75009211     1.22e-08      0.00

     17  0      -386.76891917     4.90e-09      0.63
     17  1      -386.75009211     6.14e-09      0.00

     18  0      -386.76891917     2.32e-09      0.63
     18  1      -386.75009211     2.91e-09      0.00

     19  0      -386.76891917     1.10e-09      0.63
     19  1      -386.75009211     1.39e-09      0.00
    ** throwing out 2 trial vectors **

     20  0      -386.76891917     5.10e-10      0.67
     20  1      -386.75009211     6.67e-10      0.00
    ** throwing out 2 trial vectors **

     21  0      -386.76891917     2.32e-10      0.67
     21  1      -386.75009211     3.09e-10      0.00
    ** throwing out 2 trial vectors **

     22  0      -386.76891917     1.04e-10      0.68
     22  1      -386.75009211     1.48e-10      0.00
    ** throwing out 2 trial vectors **

     23  0 *    -386.76891917     4.76e-11      0.46
     23  1 *    -386.75009211     7.49e-11      0.00

     * ci vector   0, <S^2> = 0.0000, E =     -386.76891917
       222222......     0.6608995160
       22222ba.....     0.4179701770
       22222ab.....     0.4179701770
       2222.2.2....    -0.0789872095
       222b2aa.b...     0.0708097687
       222a2bb.a...     0.0708097687
       2.22222.....    -0.0570731855
       222.22..2...    -0.0559603720
       2222.ba2....    -0.0558928521
       2222.ab2....    -0.0558928521
       22222.ab....     0.0544669847
       22222.ba....     0.0544669847
       22222..2....    -0.0543378652
       22222...2...    -0.0529703063
       22222a.b....    -0.0502925215
       22222b.a....    -0.0502925215

     * ci vector   1, <S^2> = -0.0000, E =     -386.75009211
       222222......    -0.5893241744
       22222ab.....     0.4694025461
       22222ba.....     0.4694025461
       222a2bb.a...     0.0747746185
       222b2aa.b...     0.0747746185
       2222.2.2....     0.0707698268
       2222.ab2....    -0.0619618148
       2222.ba2....    -0.0619618148
       2.22222.....     0.0613437517
       2b222a2.....     0.0594912029
       2a222b2.....     0.0594912029
       2222aabb....    -0.0521764858
       2222bbaa....    -0.0521764858
       222.2ab.2...    -0.0513547113
       222.2ba.2...    -0.0513547113
       2222abba....     0.0502996490
       2222baab....     0.0502996490
       - FCI and RDMs                             16.69
    * Integral transformation done. Elapsed time: 0.08

       - jop, kop                                  0.00
       - denom                                     0.02
     guess   0:   closed 11111.......         open .....11.....        
     guess   1:   closed 111111......         open ............        

  === FCI iteration ===

      0  0      -386.62155685     3.75e-04      0.63
      0  1      -386.61139658     3.70e-04      0.00

      1  0      -386.73787606     1.95e-04      0.62
      1  1      -386.72058219     1.85e-04      0.00

      2  0      -386.76239191     9.68e-05      0.62
      2  1      -386.74310998     9.43e-05      0.00

      3  0      -386.76766557     4.41e-05      0.61
      3  1      -386.74845761     4.59e-05      0.00

      4  0      -386.76865191     2.01e-05      0.62
      4  1      -386.74966607     2.33e-05      0.00

      5  0      -386.76885830     1.00e-05      0.62
      5  1      -386.74997358     1.22e-05      0.00

      6  0      -386.76891465     5.34e-06      0.62
      6  1      -386.75004998     5.87e-06      0.00

      7  0      -386.76893151     3.01e-06      0.62
      7  1      -386.75006676     2.77e-06      0.00

      8  0      -386.76893681     1.72e-06      0.62
      8  1      -386.75007087     1.44e-06      0.00

      9  0      -386.76893855     1.00e-06      0.62
      9  1      -386.75007201     7.84e-07      0.00

     10  0      -386.76893909     5.53e-07      0.62
     10  1      -386.75007234     4.25e-07      0.00

     11  0      -386.76893925     2.83e-07      0.63
     11  1      -386.75007244     2.28e-07      0.00

     12  0      -386.76893930     1.46e-07      0.62
     12  1      -386.75007247     1.29e-07      0.00

     13  0      -386.76893931     7.08e-08      0.63
     13  1      -386.75007248     7.69e-08      0.00

     14  0      -386.76893931     3.49e-08      0.63
     14  1      -386.75007248     4.35e-08      0.00

     15  0      -386.76893931     1.81e-08      0.63
     15  1      -386.75007248     2.30e-08      0.00

     16  0      -386.76893931     9.68e-09      0.63
     16  1      -386.75007248     1.22e-08      0.00

     17  0      -386.76893931     4.88e-09      0.64
     17  1      -386.75007248     6.13e-09      0.00

     18  0      -386.76893931     2.31e-09      0.64
     18  1      -386.75007248     2.90e-09      0.00

     19  0      -386.76893931     1.09e-09      0.63
     19  1      -386.75007248     1.39e-09      0.00
    ** throwing out 2 trial vectors **

     20  0      -386.76893931     5.08e-10      0.64
     20  1      -386.75007248     6.66e-10      0.00
    ** throwing out 2 trial vectors **

     21  0      -386.76893931     2.31e-10      0.64
     21  1      -386.75007248     3.09e-10      0.00
    ** throwing out 2 trial vectors **

     22  0      -386.76893931     1.03e-10      0.64
     22  1      -386.75007248     1.48e-10      0.00
    ** throwing out 2 trial vectors **

     23  0 *    -386.76893931     4.73e-11      0.44
     23  1 *    -386.75007248     7.48e-11      0.00

     * ci vector   0, <S^2> = -0.0000, E =     -386.76893931
       222222......    -0.6608662307
       22222ba.....    -0.4180081962
       22222ab.....    -0.4180081962
       2222.2.2....     0.0790441858
       222b2aa.b...    -0.0708847701
       222a2bb.a...    -0.0708847701
       2.22222.....     0.0571309755
       222.22..2...     0.0559828232
       2222.ba2....     0.0559442873
       2222.ab2....     0.0559442873
       22222.ab....     0.0545055436
       22222.ba....     0.0545055436
       22222..2....     0.0543372350
       22222...2...     0.0529884394
       22222b.a....    -0.0501860283
       22222a.b....    -0.0501860283

     * ci vector   1, <S^2> = 0.0000, E =     -386.75007248
       222222......     0.5894139493
       22222ba.....    -0.4693820745
       22222ab.....    -0.4693820745
       222b2aa.b...    -0.0748071666
       222a2bb.a...    -0.0748071666
       2222.2.2....    -0.0708389305
       2222.ba2....     0.0620156435
       2222.ab2....     0.0620156435
       2.22222.....    -0.0614660194
       2a222b2.....     0.0594490535
       2b222a2.....     0.0594490535
       2222bbaa....    -0.0522028208
       2222aabb....    -0.0522028208
       222.2ba.2...     0.0513865269
       222.2ab.2...     0.0513865269
       2222baab....     0.0503456117
       2222abba....     0.0503456117
       - FCI and RDMs                             16.45
    * Integral transformation done. Elapsed time: 0.08

       - jop, kop                                  0.00
       - denom                                     0.02
     guess   0:   closed 11111.......         open .....11.....        
     guess   1:   closed 111111......         open ............        

  === FCI iteration ===

      0  0      -386.62157067     3.75e-04      0.60
      0  1      -386.61140684     3.70e-04      0.00

      1  0      -386.73789087     1.95e-04      0.61
      1  1      -386.72058463     1.85e-04      0.00

      2  0      -386.76240439     9.68e-05      0.61
      2  1      -386.74310408     9.43e-05      0.00

      3  0      -386.76767630     4.40e-05      0.61
      3  1      -386.74844904     4.59e-05      0.00

      4  0      -386.76866182     2.00e-05      0.62
      4  1      -386.74965682     2.33e-05      0.00

      5  0      -386.76886795     1.00e-05      0.61
      5  1      -386.74996415     1.22e-05      0.00

      6  0      -386.76892425     5.34e-06      0.61
      6  1      -386.75004052     5.87e-06      0.00

      7  0      -386.76894110     3.01e-06      0.62
      7  1      -386.75005731     2.77e-06      0.00

      8  0      -386.76894640     1.72e-06      0.62
      8  1      -386.75006142     1.44e-06      0.00

      9  0      -386.76894814     1.00e-06      0.61
      9  1      -386.75006256     7.84e-07      0.00

     10  0      -386.76894868     5.53e-07      0.62
     10  1      -386.75006288     4.25e-07      0.00

     11  0      -386.76894884     2.83e-07      0.62
     11  1      -386.75006298     2.28e-07      0.00

     12  0      -386.76894888     1.45e-07      0.61
     12  1      -386.75006301     1.29e-07      0.00

     13  0      -386.76894889     7.08e-08      0.62
     13  1      -386.75006302     7.70e-08      0.00

     14  0      -386.76894890     3.48e-08      0.62
     14  1      -386.75006302     4.35e-08      0.00

     15  0      -386.76894890     1.81e-08      0.63
     15  1      -386.75006302     2.30e-08      0.00

     16  0      -386.76894890     9.66e-09      0.63
     16  1      -386.75006302     1.22e-08      0.00

     17  0      -386.76894890     4.86e-09      0.63
     17  1      -386.75006302     6.13e-09      0.00

     18  0      -386.76894890     2.30e-09      0.63
     18  1      -386.75006302     2.90e-09      0.00

     19  0      -386.76894890     1.09e-09      0.63
     19  1      -386.75006302     1.39e-09      0.00
    ** throwing out 2 trial vectors **

     20  0      -386.76894890     5.06e-10      0.64
     20  1      -386.75006302     6.66e-10      0.00
    ** throwing out 2 trial vectors **

     21  0      -386.76894890     2.30e-10      0.64
     21  1      -386.75006302     3.09e-10      0.00
    ** throwing out 2 trial vectors **

     22  0      -386.76894890     1.03e-10      0.64
     22  1      -386.75006302     1.48e-10      0.00
    ** throwing out 2 trial vectors **

     23  0 *    -386.76894890     4.72e-11      0.44
     23  1 *    -386.75006302     7.47e-11      0.00

     * ci vector   0, <S^2> = 0.0000, E =     -386.76894890
       222222......    -0.6608421930
       22222ab.....    -0.4180358507
       22222ba.....    -0.4180358507
       2222.2.2....     0.0790789553
       222a2bb.a...     0.0709258311
       222b2aa.b...     0.0709258311
       2.22222.....     0.0571604254
       222.22..2...     0.0559933743
       2222.ab2....     0.0559746844
       2222.ba2....     0.0559746844
       22222.ba....     0.0545140290
       22222.ab....     0.0545140290
       22222..2....     0.0543256974
       22222...2...     0.0530008169
       22222a.b....    -0.0501313305
       22222b.a....    -0.0501313305

     * ci vector   1, <S^2> = -0.0000, E =     -386.75006302
       222222......    -0.5894661435
       22222ba.....     0.4693678022
       22222ab.....     0.4693678022
       222b2aa.b...    -0.0748250317
       222a2bb.a...    -0.0748250317
       2222.2.2....     0.0708806243
       2222.ba2....    -0.0620450034
       2222.ab2....    -0.0620450034
       2.22222.....     0.0615276090
       2a222b2.....    -0.0594275644
       2b222a2.....    -0.0594275644
       2222bbaa....     0.0522156333
       2222aabb....     0.0522156333
       222.2ba.2...    -0.0514038860
       222.2ab.2...    -0.0514038860
       2222baab....    -0.0503654954
       2222abba....    -0.0503654954
       - FCI and RDMs                             16.33
    * Integral transformation done. Elapsed time: 0.08

       - jop, kop                                  0.00
       - denom                                     0.02
     guess   0:   closed 11111.......         open .....11.....        
     guess   1:   closed 111111......         open ............        

  === FCI iteration ===

      0  0      -386.62157780     3.75e-04      0.60
      0  1      -386.61141240     3.70e-04      0.00

      1  0      -386.73789845     1.95e-04      0.61
      1  1      -386.72058625     1.85e-04      0.00

      2  0      -386.76241061     9.68e-05      0.62
      2  1      -386.74310130     9.43e-05      0.00

      3  0      -386.76768158     4.40e-05      0.61
      3  1      -386.74844485     4.59e-05      0.00

      4  0      -386.76866667     2.00e-05      0.61
      4  1      -386.74965228     2.33e-05      0.00

      5  0      -386.76887267     1.00e-05      0.61
      5  1      -386.74995951     1.22e-05      0.00

      6  0      -386.76892894     5.34e-06      0.62
      6  1      -386.75003587     5.87e-06      0.00

      7  0      -386.76894579     3.01e-06      0.62
      7  1      -386.75005265     2.77e-06      0.00

      8  0      -386.76895109     1.72e-06      0.62
      8  1      -386.75005676     1.44e-06      0.00

      9  0      -386.76895283     1.00e-06      0.62
      9  1      -386.75005790     7.84e-07      0.00

     10  0      -386.76895337     5.53e-07      0.62
     10  1      -386.75005823     4.25e-07      0.00

     11  0      -386.76895352     2.83e-07      0.62
     11  1      -386.75005833     2.28e-07      0.00

     12  0      -386.76895357     1.45e-07      0.63
     12  1      -386.75005836     1.29e-07      0.00

     13  0      -386.76895358     7.07e-08      0.62
     13  1      -386.75005837     7.71e-08      0.00

     14  0      -386.76895358     3.48e-08      0.63
     14  1      -386.75005837     4.35e-08      0.00

     15  0      -386.76895358     1.81e-08      0.63
     15  1      -386.75005837     2.30e-08      0.00

     16  0      -386.76895358     9.64e-09      0.63
     16  1      -386.75005837     1.22e-08      0.00

     17  0      -386.76895358     4.85e-09      0.63
     17  1      -386.75005837     6.13e-09      0.00

     18  0      -386.76895358     2.29e-09      0.63
     18  1      -386.75005837     2.90e-09      0.00

     19  0      -386.76895358     1.09e-09      0.63
     19  1      -386.75005837     1.39e-09      0.00
    ** throwing out 2 trial vectors **

     20  0      -386.76895358     5.05e-10      0.64
     20  1      -386.75005837     6.66e-10      0.00
    ** throwing out 2 trial vectors **

     21  0      -386.76895358     2.30e-10      0.64
     21  1      -386.75005837     3.09e-10      0.00
    ** throwing out 2 trial vectors **

     22  0      -386.76895358     1.03e-10      0.64
     22  1      -386.75005837     1.48e-10      0.00
    ** throwing out 2 trial vectors **

     23  0 *    -386.76895358     4.71e-11      0.45
     23  1 *    -386.75005837     7.47e-11      0.00

     * ci vector   0, <S^2> = -0.0000, E =     -386.76895358
       222222......    -0.6608287507
       22222ba.....    -0.4180518005
       22222ab.....    -0.4180518005
       2222.2.2....     0.0790987883
       222b2aa.b...     0.0709476032
       222a2bb.a...     0.0709476032
       2.22222.....     0.0571757321
       222.22..2...     0.0559988391
       2222.ba2....     0.0559915723
       2222.ab2....     0.0559915723
       22222.ab....     0.0545143325
       22222.ba....     0.0545143325
       22222..2....     0.0543161542
       22222...2...     0.0530081795
       22222a.b....    -0.0501039682
       22222b.a....    -0.0501039682

     * ci vector   1, <S^2> = 0.0000, E =     -386.75005837
       222222......    -0.5894937813
       22222ab.....     0.4693600232
       22222ba.....     0.4693600232
       222b2aa.b...    -0.0748347344
       222a2bb.a...    -0.0748347344
       2222.2.2....     0.0709040149
       2222.ab2....    -0.0620608286
       2222.ba2....    -0.0620608286
       2.22222.....     0.0615589097
       2a222b2.....    -0.0594169215
       2b222a2.....    -0.0594169215
       2222bbaa....     0.0522219830
       2222aabb....     0.0522219830
       222.2ba.2...    -0.0514133367
       222.2ab.2...    -0.0514133367
       2222abba....    -0.0503745830
       2222baab....    -0.0503745830
       - FCI and RDMs                             16.36
    * Integral transformation done. Elapsed time: 0.08

       - jop, kop                                  0.00
       - denom                                     0.02
     guess   0:   closed 11111.......         open .....11.....        
     guess   1:   closed 111111......         open ............        

  === FCI iteration ===

      0  0      -386.62158150     3.75e-04      0.60
      0  1      -386.61141535     3.70e-04      0.00

      1  0      -386.73790235     1.95e-04      0.61
      1  1      -386.72058721     1.85e-04      0.00

      2  0      -386.76241375     9.68e-05      0.61
      2  1      -386.74309995     9.43e-05      0.00

      3  0      -386.76768422     4.40e-05      0.61
      3  1      -386.74844278     4.59e-05      0.00

      4  0      -386.76866909     2.00e-05      0.61
      4  1      -386.74965002     2.33e-05      0.00

      5  0      -386.76887501     1.00e-05      0.61
      5  1      -386.74995720     1.22e-05      0.00

      6  0      -386.76893127     5.34e-06      0.61
      6  1      -386.75003355     5.87e-06      0.00

      7  0      -386.76894811     3.01e-06      0.61
      7  1      -386.75005033     2.77e-06      0.00

      8  0      -386.76895342     1.72e-06      0.61
      8  1      -386.75005444     1.44e-06      0.00

      9  0      -386.76895515     1.00e-06      0.62
      9  1      -386.75005558     7.84e-07      0.00

     10  0      -386.76895569     5.53e-07      0.62
     10  1      -386.75005591     4.25e-07      0.00

     11  0      -386.76895585     2.83e-07      0.62
     11  1      -386.75005601     2.28e-07      0.00

     12  0      -386.76895590     1.45e-07      0.62
     12  1      -386.75005604     1.29e-07      0.00

     13  0      -386.76895591     7.07e-08      0.62
     13  1      -386.75005605     7.71e-08      0.00

     14  0      -386.76895591     3.48e-08      0.62
     14  1      -386.75005605     4.36e-08      0.00

     15  0      -386.76895591     1.81e-08      0.63
     15  1      -386.75005605     2.30e-08      0.00

     16  0      -386.76895591     9.63e-09      0.63
     16  1      -386.75005605     1.22e-08      0.00

     17  0      -386.76895591     4.85e-09      0.63
     17  1      -386.75005605     6.13e-09      0.00

     18  0      -386.76895591     2.29e-09      0.63
     18  1      -386.75005605     2.90e-09      0.00

     19  0      -386.76895591     1.09e-09      0.63
     19  1      -386.75005605     1.39e-09      0.00
    ** throwing out 2 trial vectors **

     20  0      -386.76895591     5.05e-10      0.64
     20  1      -386.75005605     6.66e-10      0.00
    ** throwing out 2 trial vectors **

     21  0      -386.76895591     2.30e-10      0.64
     21  1      -386.75005605     3.09e-10      0.00
    ** throwing out 2 trial vectors **

     22  0      -386.76895591     1.03e-10      0.64
     22  1      -386.75005605     1.48e-10      0.00
    ** throwing out 2 trial vectors **

     23  0 *    -386.76895591     4.70e-11      0.44
     23  1 *    -386.75005605     7.47e-11      0.00

     * ci vector   0, <S^2> = 0.0000, E =     -386.76895591
       222222......    -0.6608217052
       22222ba.....    -0.4180603968
       22222ab.....    -0.4180603968
       2222.2.2....     0.0791096681
       222b2aa.b...     0.0709589696
       222a2bb.a...     0.0709589696
       2.22222.....     0.0571836954
       222.22..2...     0.0560017548
       2222.ba2....     0.0560006718
       2222.ab2....     0.0560006718
       22222.ab....     0.0545130350
       22222.ba....     0.0545130350
       22222..2....     0.0543100446
       22222...2...     0.0530122924
       22222b.a....    -0.0500903551
       22222a.b....    -0.0500903551

     * ci vector   1, <S^2> = -0.0000, E =     -386.75005605
       222222......    -0.5895080230
       22222ba.....     0.4693560383
       22222ab.....     0.4693560383
       222b2aa.b...    -0.0748399324
       222a2bb.a...    -0.0748399324
       2222.2.2....     0.0709166807
       2222.ba2....    -0.0620692446
       2222.ab2....    -0.0620692446
       2.22222.....     0.0615748726
       2a222b2.....    -0.0594116587
       2b222a2.....    -0.0594116587
       2222bbaa....     0.0522251424
       2222aabb....     0.0522251424
       222.2ba.2...    -0.0514184190
       222.2ab.2...    -0.0514184190
       2222baab....    -0.0503788843
       2222abba....    -0.0503788843
       - FCI and RDMs                             16.27
    * Integral transformation done. Elapsed time: 0.08

       - jop, kop                                  0.00
       - denom                                     0.02
     guess   0:   closed 11111.......         open .....11.....        
     guess   1:   closed 111111......         open ............        

  === FCI iteration ===

      0  0      -386.62158342     3.75e-04      0.60
      0  1      -386.61141690     3.70e-04      0.00

      1  0      -386.73790435     1.95e-04      0.61
      1  1      -386.72058776     1.85e-04      0.00

      2  0      -386.76241534     9.68e-05      0.61
      2  1      -386.74309929     9.43e-05      0.00

      3  0      -386.76768555     4.40e-05      0.61
      3  1      -386.74844174     4.59e-05      0.00

      4  0      -386.76867030     2.00e-05      0.61
      4  1      -386.74964889     2.33e-05      0.00

      5  0      -386.76887619     1.00e-05      0.61
      5  1      -386.74995605     1.22e-05      0.00

      6  0      -386.76893244     5.34e-06      0.61
      6  1      -386.75003238     5.87e-06      0.00

      7  0      -386.76894928     3.01e-06      0.61
      7  1      -386.75004917     2.77e-06      0.00

      8  0      -386.76895458     1.72e-06      0.62
      8  1      -386.75005328     1.44e-06      0.00

      9  0      -386.76895632     1.00e-06      0.62
      9  1      -386.75005442     7.84e-07      0.00

     10  0      -386.76895686     5.53e-07      0.62
     10  1      -386.75005475     4.25e-07      0.00

     11  0      -386.76895702     2.83e-07      0.62
     11  1      -386.75005484     2.28e-07      0.00

     12  0      -386.76895706     1.45e-07      0.62
     12  1      -386.75005487     1.29e-07      0.00

     13  0      -386.76895707     7.07e-08      0.62
     13  1      -386.75005488     7.71e-08      0.00

     14  0      -386.76895708     3.48e-08      0.62
     14  1      -386.75005489     4.36e-08      0.00

     15  0      -386.76895708     1.80e-08      0.62
     15  1      -386.75005489     2.30e-08      0.00

     16  0      -386.76895708     9.63e-09      0.62
     16  1      -386.75005489     1.22e-08      0.00

     17  0      -386.76895708     4.85e-09      0.62
     17  1      -386.75005489     6.13e-09      0.00

     18  0      -386.76895708     2.29e-09      0.61
     18  1      -386.75005489     2.90e-09      0.00

     19  0      -386.76895708     1.09e-09      0.64
     19  1      -386.75005489     1.39e-09      0.00
    ** throwing out 2 trial vectors **

     20  0      -386.76895708     5.05e-10      0.66
     20  1      -386.75005489     6.66e-10      0.00
    ** throwing out 2 trial vectors **

     21  0      -386.76895708     2.29e-10      0.66
     21  1      -386.75005489     3.09e-10      0.00
    ** throwing out 2 trial vectors **

     22  0      -386.76895708     1.03e-10      0.66
     22  1      -386.75005489     1.48e-10      0.00
    ** throwing out 2 trial vectors **

     23  0 *    -386.76895708     4.70e-11      0.45
     23  1 *    -386.75005489     7.47e-11      0.00

     * ci vector   0, <S^2> = -0.0000, E =     -386.76895708
       222222......    -0.6608180927
       22222ab.....    -0.4180649038
       22222ba.....    -0.4180649038
       2222.2.2....     0.0791154949
       222b2aa.b...    -0.0709648540
       222a2bb.a...    -0.0709648540
       2.22222.....     0.0571878242
       2222.ab2....     0.0560054872
       2222.ba2....     0.0560054872
       222.22..2...     0.0560033119
       22222.ab....     0.0545118464
       22222.ba....     0.0545118464
       22222..2....     0.0543064969
       22222...2...     0.0530145140
       22222b.a....    -0.0500835738
       22222a.b....    -0.0500835738

     * ci vector   1, <S^2> = 0.0000, E =     -386.75005489
       222222......    -0.5895152929
       22222ab.....     0.4693540368
       22222ba.....     0.4693540368
       222b2aa.b...     0.0748426835
       222a2bb.a...     0.0748426835
       2222.2.2....     0.0709234006
       2222.ab2....    -0.0620736712
       2222.ba2....    -0.0620736712
       2.22222.....     0.0615830241
       2a222b2.....    -0.0594090422
       2b222a2.....    -0.0594090422
       2222bbaa....     0.0522267175
       2222aabb....     0.0522267175
       222.2ba.2...    -0.0514211177
       222.2ab.2...    -0.0514211177
       2222baab....    -0.0503809681
       2222abba....    -0.0503809681
       - FCI and RDMs                             16.40
    * Integral transformation done. Elapsed time: 0.08

       - jop, kop                                  0.00
       - denom                                     0.02
     guess   0:   closed 11111.......         open .....11.....        
     guess   1:   closed 111111......         open ............        

  === FCI iteration ===

      0  0      -386.62158441     3.75e-04      0.62
      0  1      -386.61141770     3.70e-04      0.00

      1  0      -386.73790538     1.95e-04      0.60
      1  1      -386.72058805     1.85e-04      0.00

      2  0      -386.76241615     9.68e-05      0.61
      2  1      -386.74309897     9.43e-05      0.00

      3  0      -386.76768622     4.40e-05      0.61
      3  1      -386.74844122     4.59e-05      0.00

      4  0      -386.76867091     2.00e-05      0.61
      4  1      -386.74964832     2.33e-05      0.00

      5  0      -386.76887679     1.00e-05      0.61
      5  1      -386.74995546     1.22e-05      0.00

      6  0      -386.76893303     5.34e-06      0.61
      6  1      -386.75003179     5.87e-06      0.00

      7  0      -386.76894987     3.01e-06      0.61
      7  1      -386.75004858     2.77e-06      0.00

      8  0      -386.76895517     1.72e-06      0.61
      8  1      -386.75005269     1.44e-06      0.00

      9  0      -386.76895691     1.00e-06      0.61
      9  1      -386.75005383     7.84e-07      0.00

     10  0      -386.76895745     5.53e-07      0.61
     10  1      -386.75005416     4.25e-07      0.00

     11  0      -386.76895761     2.83e-07      0.62
     11  1      -386.75005425     2.28e-07      0.00

     12  0      -386.76895765     1.45e-07      0.61
     12  1      -386.75005428     1.29e-07      0.00

     13  0      -386.76895766     7.07e-08      0.62
     13  1      -386.75005429     7.72e-08      0.00

     14  0      -386.76895767     3.48e-08      0.62
     14  1      -386.75005430     4.36e-08      0.00

     15  0      -386.76895767     1.80e-08      0.62
     15  1      -386.75005430     2.30e-08      0.00

     16  0      -386.76895767     9.63e-09      0.62
     16  1      -386.75005430     1.22e-08      0.00

     17  0      -386.76895767     4.85e-09      0.62
     17  1      -386.75005430     6.13e-09      0.00

     18  0      -386.76895767     2.29e-09      0.63
     18  1      -386.75005430     2.90e-09      0.00

     19  0      -386.76895767     1.09e-09      0.63
     19  1      -386.75005430     1.39e-09      0.00
    ** throwing out 2 trial vectors **

     20  0      -386.76895767     5.05e-10      0.64
     20  1      -386.75005430     6.66e-10      0.00
    ** throwing out 2 trial vectors **

     21  0      -386.76895767     2.29e-10      0.64
     21  1      -386.75005430     3.09e-10      0.00
    ** throwing out 2 trial vectors **

     22  0      -386.76895767     1.03e-10      0.64
     22  1      -386.75005430     1.48e-10      0.00
    ** throwing out 2 trial vectors **

     23  0 *    -386.76895767     4.70e-11      0.44
     23  1 *    -386.75005430     7.47e-11      0.00

     * ci vector   0, <S^2> = -0.0000, E =     -386.76895767
       222222......    -0.6608162548
       22222ba.....    -0.4180672365
       22222ab.....    -0.4180672365
       2222.2.2....     0.0791185683
       222b2aa.b...    -0.0709678858
       222a2bb.a...    -0.0709678858
       2.22222.....     0.0571899570
       2222.ba2....     0.0560080065
       2222.ab2....     0.0560080065
       222.22..2...     0.0560041373
       22222.ab....     0.0545110482
       22222.ba....     0.0545110482
       22222..2....     0.0543045349
       22222...2...     0.0530156907
       22222a.b....    -0.0500801835
       22222b.a....    -0.0500801835

     * ci vector   1, <S^2> = -0.0000, E =     -386.75005430
       222222......    -0.5895189922
       22222ab.....     0.4693530368
       22222ba.....     0.4693530368
       222a2bb.a...     0.0748441259
       222b2aa.b...     0.0748441259
       2222.2.2....     0.0709269211
       2222.ab2....    -0.0620759805
       2222.ba2....    -0.0620759805
       2.22222.....     0.0615871889
       2b222a2.....    -0.0594077331
       2a222b2.....    -0.0594077331
       2222bbaa....     0.0522275047
       2222aabb....     0.0522275047
       222.2ab.2...    -0.0514225359
       222.2ba.2...    -0.0514225359
       2222abba....    -0.0503819940
       2222baab....    -0.0503819940
       - FCI and RDMs                             16.23
    * Integral transformation done. Elapsed time: 0.08

       - jop, kop                                  0.00
       - denom                                     0.02
     guess   0:   closed 11111.......         open .....11.....        
     guess   1:   closed 111111......         open ............        

  === FCI iteration ===

      0  0      -386.62158492     3.75e-04      0.59
      0  1      -386.61141812     3.70e-04      0.00

      1  0      -386.73790591     1.95e-04      0.60
      1  1      -386.72058821     1.85e-04      0.00

      2  0      -386.76241656     9.68e-05      0.59
      2  1      -386.74309880     9.43e-05      0.00

      3  0      -386.76768656     4.40e-05      0.60
      3  1      -386.74844095     4.59e-05      0.00

      4  0      -386.76867123     2.00e-05      0.59
      4  1      -386.74964803     2.33e-05      0.00

      5  0      -386.76887709     1.00e-05      0.60
      5  1      -386.74995516     1.22e-05      0.00

      6  0      -386.76893333     5.34e-06      0.62
      6  1      -386.75003150     5.87e-06      0.00

      7  0      -386.76895017     3.01e-06      0.63
      7  1      -386.75004828     2.77e-06      0.00

      8  0      -386.76895547     1.72e-06      0.63
      8  1      -386.75005239     1.44e-06      0.00

      9  0      -386.76895721     1.00e-06      0.63
      9  1      -386.75005353     7.84e-07      0.00

     10  0      -386.76895775     5.53e-07      0.63
     10  1      -386.75005386     4.25e-07      0.00

     11  0      -386.76895791     2.83e-07      0.63
     11  1      -386.75005395     2.28e-07      0.00

     12  0      -386.76895795     1.45e-07      0.63
     12  1      -386.75005398     1.29e-07      0.00

     13  0      -386.76895796     7.07e-08      0.63
     13  1      -386.75005400     7.72e-08      0.00

     14  0      -386.76895796     3.48e-08      0.64
     14  1      -386.75005400     4.36e-08      0.00

     15  0      -386.76895797     1.80e-08      0.64
     15  1      -386.75005400     2.30e-08      0.00

     16  0      -386.76895797     9.63e-09      0.65
     16  1      -386.75005400     1.22e-08      0.00

     17  0      -386.76895797     4.85e-09      0.65
     17  1      -386.75005400     6.13e-09      0.00

     18  0      -386.76895797     2.29e-09      0.64
     18  1      -386.75005400     2.90e-09      0.00

     19  0      -386.76895797     1.09e-09      0.64
     19  1      -386.75005400     1.39e-09      0.00
    ** throwing out 2 trial vectors **

     20  0      -386.76895797     5.05e-10      0.65
     20  1      -386.75005400     6.66e-10      0.00
    ** throwing out 2 trial vectors **

     21  0      -386.76895797     2.29e-10      0.65
     21  1      -386.75005400     3.09e-10      0.00
    ** throwing out 2 trial vectors **

     22  0      -386.76895797     1.03e-10      0.65
     22  1      -386.75005400     1.48e-10      0.00
    ** throwing out 2 trial vectors **

     23  0 *    -386.76895797     4.70e-11      0.45
     23  1 *    -386.75005400     7.47e-11      0.00

     * ci vector   0, <S^2> = 0.0000, E =     -386.76895797
       222222......    -0.6608153218
       22222ab.....    -0.4180684361
       22222ba.....    -0.4180684361
       2222.2.2....     0.0791201732
       222b2aa.b...    -0.0709694435
       222a2bb.a...    -0.0709694435
       2.22222.....     0.0571910556
       2222.ab2....     0.0560093148
       2222.ba2....     0.0560093148
       222.22..2...     0.0560045711
       22222.ab....     0.0545105709
       22222.ba....     0.0545105709
       22222..2....     0.0543034796
       22222...2...     0.0530163066
       22222b.a....    -0.0500784815
       22222a.b....    -0.0500784815

     * ci vector   1, <S^2> = -0.0000, E =     -386.75005400
       222222......    -0.5895208736
       22222ab.....     0.4693525368
       22222ba.....     0.4693525368
       222a2bb.a...     0.0748448769
       222b2aa.b...     0.0748448769
       2222.2.2....     0.0709287507
       2222.ba2....    -0.0620771780
       2222.ab2....    -0.0620771780
       2.22222.....     0.0615893174
       2b222a2.....    -0.0594070745
       2a222b2.....    -0.0594070745
       2222bbaa....     0.0522278994
       2222aabb....     0.0522278994
       222.2ba.2...    -0.0514232754
       222.2ab.2...    -0.0514232754
       2222baab....    -0.0503825047
       2222abba....    -0.0503825047
       - FCI and RDMs                             16.50
    * Integral transformation done. Elapsed time: 0.08

       - jop, kop                                  0.00
       - denom                                     0.02
     guess   0:   closed 11111.......         open .....11.....        
     guess   1:   closed 111111......         open ............        

  === FCI iteration ===

      0  0      -386.62158519     3.75e-04      0.61
      0  1      -386.61141833     3.70e-04      0.00

      1  0      -386.73790618     1.95e-04      0.62
      1  1      -386.72058829     1.85e-04      0.00

      2  0      -386.76241677     9.68e-05      0.62
      2  1      -386.74309872     9.43e-05      0.00

      3  0      -386.76768674     4.40e-05      0.62
      3  1      -386.74844082     4.59e-05      0.00

      4  0      -386.76867138     2.00e-05      0.62
      4  1      -386.74964788     2.33e-05      0.00

      5  0      -386.76887724     1.00e-05      0.62
      5  1      -386.74995501     1.22e-05      0.00

      6  0      -386.76893349     5.34e-06      0.63
      6  1      -386.75003134     5.87e-06      0.00

      7  0      -386.76895032     3.01e-06      0.62
      7  1      -386.75004813     2.77e-06      0.00

      8  0      -386.76895562     1.72e-06      0.63
      8  1      -386.75005224     1.44e-06      0.00

      9  0      -386.76895736     1.00e-06      0.63
      9  1      -386.75005338     7.84e-07      0.00

     10  0      -386.76895790     5.53e-07      0.63
     10  1      -386.75005371     4.25e-07      0.00

     11  0      -386.76895806     2.83e-07      0.63
     11  1      -386.75005380     2.28e-07      0.00

     12  0      -386.76895810     1.45e-07      0.63
     12  1      -386.75005383     1.29e-07      0.00

     13  0      -386.76895811     7.07e-08      0.64
     13  1      -386.75005384     7.72e-08      0.00

     14  0      -386.76895812     3.48e-08      0.63
     14  1      -386.75005385     4.36e-08      0.00

     15  0      -386.76895812     1.80e-08      0.63
     15  1      -386.75005385     2.30e-08      0.00

     16  0      -386.76895812     9.63e-09      0.63
     16  1      -386.75005385     1.22e-08      0.00

     17  0      -386.76895812     4.85e-09      0.63
     17  1      -386.75005385     6.13e-09      0.00

     18  0      -386.76895812     2.29e-09      0.64
     18  1      -386.75005385     2.90e-09      0.00

     19  0      -386.76895812     1.09e-09      0.64
     19  1      -386.75005385     1.39e-09      0.00
    ** throwing out 2 trial vectors **

     20  0      -386.76895812     5.05e-10      0.65
     20  1      -386.75005385     6.66e-10      0.00
    ** throwing out 2 trial vectors **

     21  0      -386.76895812     2.29e-10      0.65
     21  1      -386.75005385     3.09e-10      0.00
    ** throwing out 2 trial vectors **

     22  0      -386.76895812     1.03e-10      0.65
     22  1      -386.75005385     1.48e-10      0.00
    ** throwing out 2 trial vectors **

     23  0 *    -386.76895812     4.70e-11      0.44
     23  1 *    -386.75005385     7.47e-11      0.00

     * ci vector   0, <S^2> = 0.0000, E =     -386.76895812
       222222......    -0.6608148475
       22222ab.....    -0.4180690515
       22222ba.....    -0.4180690515
       2222.2.2....     0.0791210058
       222a2bb.a...    -0.0709702425
       222b2aa.b...    -0.0709702425
       2.22222.....     0.0571916203
       2222.ab2....     0.0560099910
       2222.ba2....     0.0560099910
       222.22..2...     0.0560047974
       22222.ba....     0.0545103017
       22222.ab....     0.0545103017
       22222..2....     0.0543029215
       22222...2...     0.0530166264
       22222a.b....    -0.0500776238
       22222b.a....    -0.0500776238

     * ci vector   1, <S^2> = -0.0000, E =     -386.75005385
       222222......    -0.5895218315
       22222ab.....     0.4693522857
       22222ba.....     0.4693522857
       222a2bb.a...     0.0748452658
       222b2aa.b...     0.0748452658
       2222.2.2....     0.0709296967
       2222.ab2....    -0.0620777965
       2222.ba2....    -0.0620777965
       2.22222.....     0.0615904055
       2b222a2.....    -0.0594067416
       2a222b2.....    -0.0594067416
       2222aabb....     0.0522280979
       2222bbaa....     0.0522280979
       222.2ab.2...    -0.0514236587
       222.2ba.2...    -0.0514236587
       2222abba....    -0.0503827610
       2222baab....    -0.0503827610
       - FCI and RDMs                             16.55
    * Integral transformation done. Elapsed time: 0.08

       - jop, kop                                  0.00
       - denom                                     0.02
     guess   0:   closed 11111.......         open .....11.....        
     guess   1:   closed 111111......         open ............        

  === FCI iteration ===

      0  0      -386.62158532     3.75e-04      0.61
      0  1      -386.61141844     3.70e-04      0.00

      1  0      -386.73790632     1.95e-04      0.62
      1  1      -386.72058833     1.85e-04      0.00

      2  0      -386.76241687     9.68e-05      0.62
      2  1      -386.74309868     9.43e-05      0.00

      3  0      -386.76768683     4.40e-05      0.62
      3  1      -386.74844075     4.59e-05      0.00

      4  0      -386.76867146     2.00e-05      0.62
      4  1      -386.74964781     2.33e-05      0.00

      5  0      -386.76887732     1.00e-05      0.62
      5  1      -386.74995494     1.22e-05      0.00

      6  0      -386.76893356     5.34e-06      0.62
      6  1      -386.75003127     5.87e-06      0.00

      7  0      -386.76895040     3.01e-06      0.62
      7  1      -386.75004805     2.77e-06      0.00

      8  0      -386.76895570     1.72e-06      0.63
      8  1      -386.75005216     1.44e-06      0.00

      9  0      -386.76895744     1.00e-06      0.63
      9  1      -386.75005330     7.84e-07      0.00

     10  0      -386.76895798     5.53e-07      0.63
     10  1      -386.75005363     4.25e-07      0.00

     11  0      -386.76895814     2.83e-07      0.63
     11  1      -386.75005373     2.28e-07      0.00

     12  0      -386.76895818     1.45e-07      0.63
     12  1      -386.75005376     1.29e-07      0.00

     13  0      -386.76895819     7.07e-08      0.63
     13  1      -386.75005377     7.72e-08      0.00

     14  0      -386.76895819     3.48e-08      0.63
     14  1      -386.75005377     4.36e-08      0.00

     15  0      -386.76895819     1.80e-08      0.63
     15  1      -386.75005377     2.30e-08      0.00

     16  0      -386.76895819     9.63e-09      0.64
     16  1      -386.75005377     1.22e-08      0.00

     17  0      -386.76895819     4.85e-09      0.64
     17  1      -386.75005377     6.13e-09      0.00

     18  0      -386.76895819     2.29e-09      0.63
     18  1      -386.75005377     2.90e-09      0.00

     19  0      -386.76895819     1.09e-09      0.64
     19  1      -386.75005377     1.39e-09      0.00
    ** throwing out 2 trial vectors **

     20  0      -386.76895819     5.05e-10      0.64
     20  1      -386.75005377     6.66e-10      0.00
    ** throwing out 2 trial vectors **

     21  0      -386.76895819     2.29e-10      0.64
     21  1      -386.75005377     3.09e-10      0.00
    ** throwing out 2 trial vectors **

     22  0      -386.76895819     1.03e-10      0.64
     22  1      -386.75005377     1.48e-10      0.00
    ** throwing out 2 trial vectors **

     23  0 *    -386.76895819     4.70e-11      0.45
     23  1 *    -386.75005377     7.47e-11      0.00

     * ci vector   0, <S^2> = -0.0000, E =     -386.76895819
       222222......    -0.6608146065
       22222ab.....    -0.4180693665
       22222ba.....    -0.4180693665
       2222.2.2....     0.0791214358
       222a2bb.a...    -0.0709706519
       222b2aa.b...    -0.0709706519
       2.22222.....     0.0571919101
       2222.ab2....     0.0560103394
       2222.ba2....     0.0560103394
       222.22..2...     0.0560049150
       22222.ba....     0.0545101548
       22222.ab....     0.0545101548
       22222..2....     0.0543026295
       22222...2...     0.0530167917
       22222a.b....    -0.0500771900
       22222b.a....    -0.0500771900

     * ci vector   1, <S^2> = -0.0000, E =     -386.75005377
       222222......    -0.5895223191
       22222ab.....     0.4693521593
       22222ba.....     0.4693521593
       222a2bb.a...     0.0748454665
       222b2aa.b...     0.0748454665
       2222.2.2....     0.0709301841
       2222.ab2....    -0.0620781150
       2222.ba2....    -0.0620781150
       2.22222.....     0.0615909618
       2b222a2.....    -0.0594065729
       2a222b2.....    -0.0594065729
       2222aabb....     0.0522281981
       2222bbaa....     0.0522281981
       222.2ab.2...    -0.0514238568
       222.2ba.2...    -0.0514238568
       2222abba....    -0.0503828902
       2222baab....    -0.0503828902
       - FCI and RDMs                             16.48
    * Integral transformation done. Elapsed time: 0.08

       - jop, kop                                  0.00
       - denom                                     0.02
     guess   0:   closed 11111.......         open .....11.....        
     guess   1:   closed 111111......         open ............        

  === FCI iteration ===

      0  0      -386.62158539     3.75e-04      0.60
      0  1      -386.61141850     3.70e-04      0.00

      1  0      -386.73790639     1.95e-04      0.61
      1  1      -386.72058836     1.85e-04      0.00

      2  0      -386.76241693     9.68e-05      0.61
      2  1      -386.74309866     9.43e-05      0.00

      3  0      -386.76768687     4.40e-05      0.61
      3  1      -386.74844071     4.59e-05      0.00

      4  0      -386.76867151     2.00e-05      0.61
      4  1      -386.74964777     2.33e-05      0.00

      5  0      -386.76887736     1.00e-05      0.62
      5  1      -386.74995490     1.22e-05      0.00

      6  0      -386.76893360     5.34e-06      0.61
      6  1      -386.75003123     5.87e-06      0.00

      7  0      -386.76895044     3.01e-06      0.62
      7  1      -386.75004801     2.77e-06      0.00

      8  0      -386.76895574     1.72e-06      0.62
      8  1      -386.75005212     1.44e-06      0.00

      9  0      -386.76895748     1.00e-06      0.62
      9  1      -386.75005326     7.84e-07      0.00

     10  0      -386.76895802     5.53e-07      0.62
     10  1      -386.75005359     4.25e-07      0.00

     11  0      -386.76895818     2.83e-07      0.62
     11  1      -386.75005369     2.28e-07      0.00

     12  0      -386.76895822     1.45e-07      0.62
     12  1      -386.75005372     1.29e-07      0.00

     13  0      -386.76895823     7.07e-08      0.63
     13  1      -386.75005373     7.72e-08      0.00

     14  0      -386.76895823     3.48e-08      0.62
     14  1      -386.75005373     4.36e-08      0.00

     15  0      -386.76895823     1.80e-08      0.62
     15  1      -386.75005373     2.30e-08      0.00

     16  0      -386.76895823     9.63e-09      0.62
     16  1      -386.75005373     1.22e-08      0.00

     17  0      -386.76895823     4.85e-09      0.63
     17  1      -386.75005373     6.13e-09      0.00

     18  0      -386.76895823     2.29e-09      0.62
     18  1      -386.75005373     2.90e-09      0.00

     19  0      -386.76895823     1.09e-09      0.62
     19  1      -386.75005373     1.39e-09      0.00
    ** throwing out 2 trial vectors **

     20  0      -386.76895823     5.05e-10      0.66
     20  1      -386.75005373     6.66e-10      0.00
    ** throwing out 2 trial vectors **

     21  0      -386.76895823     2.29e-10      0.67
     21  1      -386.75005373     3.09e-10      0.00
    ** throwing out 2 trial vectors **

     22  0      -386.76895823     1.03e-10      0.66
     22  1      -386.75005373     1.48e-10      0.00
    ** throwing out 2 trial vectors **

     23  0 *    -386.76895823     4.70e-11      0.46
     23  1 *    -386.75005373     7.47e-11      0.00

     * ci vector   0, <S^2> = -0.0000, E =     -386.76895823
       222222......    -0.6608144840
       22222ab.....    -0.4180695275
       22222ba.....    -0.4180695275
       2222.2.2....     0.0791216572
       222b2aa.b...    -0.0709708615
       222a2bb.a...    -0.0709708615
       2.22222.....     0.0571920588
       2222.ab2....     0.0560105183
       2222.ba2....     0.0560105183
       222.22..2...     0.0560049757
       22222.ba....     0.0545100763
       22222.ab....     0.0545100763
       22222..2....     0.0543024778
       22222...2...     0.0530168769
       22222b.a....    -0.0500769701
       22222a.b....    -0.0500769701

     * ci vector   1, <S^2> = 0.0000, E =     -386.75005373
       222222......    -0.5895225676
       22222ba.....     0.4693520956
       22222ab.....     0.4693520956
       222b2aa.b...     0.0748455699
       222a2bb.a...     0.0748455699
       2222.2.2....     0.0709304345
       2222.ba2....    -0.0620782787
       2222.ab2....    -0.0620782787
       2.22222.....     0.0615912461
       2a222b2.....    -0.0594064872
       2b222a2.....    -0.0594064872
       2222bbaa....     0.0522282488
       2222aabb....     0.0522282488
       222.2ba.2...    -0.0514239587
       222.2ab.2...    -0.0514239587
       2222baab....    -0.0503829557
       2222abba....    -0.0503829557
       - FCI and RDMs                             16.48
    * Integral transformation done. Elapsed time: 0.08

       - jop, kop                                  0.00
       - denom                                     0.02
     guess   0:   closed 11111.......         open .....11.....        
     guess   1:   closed 111111......         open ............        

  === FCI iteration ===

      0  0      -386.62158543     3.75e-04      0.63
      0  1      -386.61141853     3.70e-04      0.00

      1  0      -386.73790643     1.95e-04      0.63
      1  1      -386.72058837     1.85e-04      0.00

      2  0      -386.76241696     9.68e-05      0.61
      2  1      -386.74309865     9.43e-05      0.00

      3  0      -386.76768689     4.40e-05      0.61
      3  1      -386.74844070     4.59e-05      0.00

      4  0      -386.76867153     2.00e-05      0.61
      4  1      -386.74964775     2.33e-05      0.00

      5  0      -386.76887738     1.00e-05      0.62
      5  1      -386.74995488     1.22e-05      0.00

      6  0      -386.76893362     5.34e-06      0.62
      6  1      -386.75003121     5.87e-06      0.00

      7  0      -386.76895046     3.01e-06      0.61
      7  1      -386.75004799     2.77e-06      0.00

      8  0      -386.76895576     1.72e-06      0.61
      8  1      -386.75005210     1.44e-06      0.00

      9  0      -386.76895750     1.00e-06      0.62
      9  1      -386.75005324     7.84e-07      0.00

     10  0      -386.76895804     5.53e-07      0.62
     10  1      -386.75005357     4.25e-07      0.00

     11  0      -386.76895820     2.83e-07      0.62
     11  1      -386.75005367     2.28e-07      0.00

     12  0      -386.76895824     1.45e-07      0.62
     12  1      -386.75005370     1.29e-07      0.00

     13  0      -386.76895825     7.07e-08      0.62
     13  1      -386.75005371     7.72e-08      0.00

     14  0      -386.76895825     3.48e-08      0.62
     14  1      -386.75005371     4.36e-08      0.00

     15  0      -386.76895825     1.80e-08      0.62
     15  1      -386.75005371     2.30e-08      0.00

     16  0      -386.76895825     9.63e-09      0.63
     16  1      -386.75005371     1.22e-08      0.00

     17  0      -386.76895825     4.85e-09      0.63
     17  1      -386.75005371     6.13e-09      0.00

     18  0      -386.76895825     2.29e-09      0.63
     18  1      -386.75005371     2.90e-09      0.00

     19  0      -386.76895825     1.09e-09      0.63
     19  1      -386.75005371     1.39e-09      0.00
    ** throwing out 2 trial vectors **

     20  0      -386.76895825     5.05e-10      0.64
     20  1      -386.75005371     6.66e-10      0.00
    ** throwing out 2 trial vectors **

     21  0      -386.76895825     2.29e-10      0.64
     21  1      -386.75005371     3.09e-10      0.00
    ** throwing out 2 trial vectors **

     22  0      -386.76895825     1.03e-10      0.64
     22  1      -386.75005371     1.48e-10      0.00
    ** throwing out 2 trial vectors **

     23  0 *    -386.76895825     4.70e-11      0.45
     23  1 *    -386.75005371     7.47e-11      0.00

     * ci vector   0, <S^2> = -0.0000, E =     -386.76895825
       222222......    -0.6608144217
       22222ba.....    -0.4180696098
       22222ab.....    -0.4180696098
       2222.2.2....     0.0791217710
       222b2aa.b...    -0.0709709688
       222a2bb.a...    -0.0709709688
       2.22222.....     0.0571921348
       2222.ba2....     0.0560106102
       2222.ab2....     0.0560106102
       222.22..2...     0.0560050069
       22222.ab....     0.0545100350
       22222.ba....     0.0545100350
       22222..2....     0.0543023994
       22222...2...     0.0530169207
       22222b.a....    -0.0500768581
       22222a.b....    -0.0500768581

     * ci vector   1, <S^2> = -0.0000, E =     -386.75005371
       222222......    -0.5895226943
       22222ab.....     0.4693520634
       22222ba.....     0.4693520634
       222a2bb.a...     0.0748456229
       222b2aa.b...     0.0748456229
       2222.2.2....     0.0709305631
       2222.ab2....    -0.0620783627
       2222.ba2....    -0.0620783627
       2.22222.....     0.0615913915
       2b222a2.....    -0.0594064435
       2a222b2.....    -0.0594064435
       2222aabb....     0.0522282745
       2222bbaa....     0.0522282745
       222.2ab.2...    -0.0514240111
       222.2ba.2...    -0.0514240111
       2222abba....    -0.0503829890
       2222baab....    -0.0503829890
       - FCI and RDMs                             16.36
