--------------------------------------------------
JOB FRONT-END 484547 on wux54
SLURM ENVIRONMENT
--------------------------------------------------
SLURM_JOB_ID                   = 484547              
SLURM_ARRAY_JOB_ID             = N/A                 
SLURM_ARRAY_TASK_ID            = N/A                 
SLURM_JOB_NAME                 = bagel-chain         
SLURM_JOB_PARTITION            = wux5x               
SLURM_JOB_NUM_NODES            = 1                   
SLURM_JOB_CPUS_PER_NODE        = 20                  
SLURM_NTASKS                   = 20                  
SLURM_NTASKS_PER_NODE          = N/A                 
--------------------------------------------------
--------------------------------------------------
PBS ENVIRONMENT
--------------------------------------------------
PBS_JOBID                      = 484547              
PBS_ARRAYID                    = N/A                 
PBS_JOBNAME                    = bagel-chain         
PBS_QUEUE                      = wux5x               
PBS_NUM_NODES                  = 1                   
PBS_NUM_PPN                    = 1                   
PBS_NP                         = 20                  
PBS_NODEFILE                   = /tmp/484547/nodes   
--------------------------------------------------
  * process grid (5, 4) will be used
    wux54                           
    wux54                           
    wux54                           
    wux54                           
    wux54                           
    wux54                           
    wux54                           
    wux54                           
    wux54                           
    wux54                           
    wux54                           
    wux54                           
    wux54                           
    wux54                           
    wux54                           
    wux54                           
    wux54                           
    wux54                           
    wux54                           
    wux54                           

  * using 20 threads per process

  ===============================================================
    BAGEL - Freshly leavened quantum chemistry                   
  ===============================================================

  *** Geometry ***

  { "atom" : "C", "xyz" : [      4.333534,     -1.152275,      1.883811 ] },
  { "atom" : "C", "xyz" : [      4.082571,      1.547320,      1.793694 ] },
  { "atom" : "C", "xyz" : [      1.998918,      2.671803,      0.637394 ] },
  { "atom" : "N", "xyz" : [      0.263915,      1.079679,     -0.357893 ] },
  { "atom" : "B", "xyz" : [      0.263226,     -1.649025,     -0.289150 ] },
  { "atom" : "C", "xyz" : [      2.531644,     -2.859439,      0.942115 ] },
  { "atom" : "C", "xyz" : [     -2.332162,     -1.737569,     -1.923031 ] },
  { "atom" : "C", "xyz" : [     -4.793785,     -1.213623,     -0.494658 ] },
  { "atom" : "C", "xyz" : [     -4.531948,      1.348062,     -0.466372 ] },
  { "atom" : "C", "xyz" : [     -2.052115,      1.266542,     -1.929778 ] },
  { "atom" : "H", "xyz" : [      6.061504,     -1.887534,      2.764157 ] },
  { "atom" : "H", "xyz" : [      5.554437,      2.749963,      2.599527 ] },
  { "atom" : "H", "xyz" : [      1.735149,      4.719454,      0.486167 ] },
  { "atom" : "H", "xyz" : [      2.940505,     -4.882000,      1.095358 ] },
  { "atom" : "H", "xyz" : [     -2.439621,     -2.766089,     -3.723015 ] },
  { "atom" : "H", "xyz" : [     -6.217731,     -2.490783,      0.284671 ] },
  { "atom" : "H", "xyz" : [     -5.590322,      2.904135,      0.382250 ] },
  { "atom" : "H", "xyz" : [     -1.807719,      2.351380,     -3.685249 ] },

  Number of auxiliary basis functions:      884

  Since a DF basis is specified, we compute 2- and 3-index integrals:
    o Being stored without compression. Storage requirement is 0.645 GB
       - 3-index ints prep                         0.00
       - 3-index ints                              0.15
       - 2-index ints                              0.02
       - computing inverse                         0.10
        elapsed time:        0.27 sec.


  Number of basis functions:      302
  Number of electrons      :       68


    * METHOD: MOLECULE                             0.30

       - 3-index ints prep                         0.00
       - 3-index ints                              0.13
       - 2-index ints                              0.01
       - computing inverse                         0.07

  Using the coefficient projected to the input geometry 


    * METHOD: LOAD_REF                             0.31

  ---------------------------
      CASSCF calculation     
  ---------------------------

    * nstate   :      2
    * nclosed  :     28
    * nact     :     12
    * nvirt    :    262
  === CASSCF iteration (/home/buehlerm/software/bagel/installation/share/aug-cc-pVDZ.json) ===

    * Using the second-order algorithm

      0  0      -386.78926869     1.15e-02     16.58
      0  1      -386.61116190     0.00e+00     16.58

         res : 7.71e-02   lamb: 1.00e+00   eps : -8.38e-02   step: 1.18e-01    0.07
         res : 2.55e-02   lamb: 1.00e+00   eps : -8.48e-02   step: 1.22e-01    0.07
         res : 6.43e-03   lamb: 1.00e+00   eps : -8.49e-02   step: 1.24e-01    0.07
         res : 2.15e-03   lamb: 1.00e+00   eps : -8.49e-02   step: 1.24e-01    0.07
         res : 5.29e-04   lamb: 1.00e+00   eps : -8.49e-02   step: 1.24e-01    0.07
         res : 2.24e-04   lamb: 1.00e+00   eps : -8.49e-02   step: 1.24e-01    0.07
         res : 8.32e-05   lamb: 1.00e+00   eps : -8.49e-02   step: 1.24e-01    0.07
         res : 3.45e-05   lamb: 1.00e+00   eps : -8.49e-02   step: 1.24e-01    0.07
         res : 1.09e-05   lamb: 1.00e+00   eps : -8.49e-02   step: 1.24e-01    0.07

      1  0      -386.83253740     1.38e-04     18.10
      1  1      -386.65414415     0.00e+00     18.10

         res : 6.02e-03   lamb: 1.00e+00   eps : -1.42e-04   step: 2.35e-02    0.07
         res : 2.92e-03   lamb: 1.00e+00   eps : -1.54e-04   step: 2.78e-02    0.07
         res : 1.09e-03   lamb: 1.00e+00   eps : -1.58e-04   step: 3.05e-02    0.07
         res : 7.99e-04   lamb: 1.00e+00   eps : -1.59e-04   step: 3.23e-02    0.07
         res : 4.26e-04   lamb: 1.00e+00   eps : -1.59e-04   step: 3.29e-02    0.07
         res : 2.32e-04   lamb: 1.00e+00   eps : -1.59e-04   step: 3.30e-02    0.07
         res : 1.11e-04   lamb: 1.00e+00   eps : -1.60e-04   step: 3.30e-02    0.07
         res : 6.29e-05   lamb: 1.00e+00   eps : -1.60e-04   step: 3.30e-02    0.07
         res : 2.89e-05   lamb: 1.00e+00   eps : -1.60e-04   step: 3.29e-02    0.07
         res : 1.11e-05   lamb: 1.00e+00   eps : -1.60e-04   step: 3.29e-02    0.07
         res : 4.90e-06   lamb: 1.00e+00   eps : -1.60e-04   step: 3.29e-02    0.07
         res : 1.98e-06   lamb: 1.00e+00   eps : -1.60e-04   step: 3.29e-02    0.07

      2  0      -386.83258907     1.74e-05     18.33
      2  1      -386.65425718     0.00e+00     18.33

         res : 6.74e-04   lamb: 1.00e+00   eps : -8.75e-07   step: 1.15e-03    0.07
         res : 1.87e-04   lamb: 1.00e+00   eps : -9.69e-07   step: 1.52e-03    0.07
         res : 7.62e-05   lamb: 1.00e+00   eps : -9.83e-07   step: 1.68e-03    0.07
         res : 3.18e-05   lamb: 1.00e+00   eps : -9.84e-07   step: 1.72e-03    0.07
         res : 1.64e-05   lamb: 1.00e+00   eps : -9.85e-07   step: 1.73e-03    0.07
         res : 7.42e-06   lamb: 1.00e+00   eps : -9.85e-07   step: 1.74e-03    0.07
         res : 3.93e-06   lamb: 1.00e+00   eps : -9.85e-07   step: 1.74e-03    0.07
         res : 2.53e-06   lamb: 1.00e+00   eps : -9.85e-07   step: 1.74e-03    0.07
         res : 1.47e-06   lamb: 1.00e+00   eps : -9.85e-07   step: 1.74e-03    0.07
         res : 7.53e-07   lamb: 1.00e+00   eps : -9.85e-07   step: 1.74e-03    0.07
         res : 3.12e-07   lamb: 1.00e+00   eps : -9.85e-07   step: 1.74e-03    0.07
         res : 1.21e-07   lamb: 1.00e+00   eps : -9.85e-07   step: 1.74e-03    0.07

      3  0      -386.83258808     4.32e-06     17.97
      3  1      -386.65425938     0.00e+00     17.97

         res : 1.66e-04   lamb: 1.00e+00   eps : -5.30e-08   step: 2.79e-04    0.07
         res : 4.24e-05   lamb: 1.00e+00   eps : -5.89e-08   step: 3.79e-04    0.07
         res : 1.93e-05   lamb: 1.00e+00   eps : -5.97e-08   step: 4.12e-04    0.07
         res : 7.59e-06   lamb: 1.00e+00   eps : -5.98e-08   step: 4.21e-04    0.07
         res : 3.80e-06   lamb: 1.00e+00   eps : -5.98e-08   step: 4.24e-04    0.07
         res : 1.73e-06   lamb: 1.00e+00   eps : -5.98e-08   step: 4.24e-04    0.07
         res : 1.05e-06   lamb: 1.00e+00   eps : -5.98e-08   step: 4.25e-04    0.07
         res : 6.48e-07   lamb: 1.00e+00   eps : -5.98e-08   step: 4.24e-04    0.07
         res : 3.50e-07   lamb: 1.00e+00   eps : -5.98e-08   step: 4.24e-04    0.07
         res : 1.79e-07   lamb: 1.00e+00   eps : -5.98e-08   step: 4.24e-04    0.07
         res : 7.13e-08   lamb: 1.00e+00   eps : -5.98e-08   step: 4.24e-04    0.07
         res : 2.93e-08   lamb: 1.00e+00   eps : -5.98e-08   step: 4.24e-04    0.07

      4  0      -386.83258820     1.25e-06     18.14
      4  1      -386.65425933     0.00e+00     18.14

         res : 4.69e-05   lamb: 1.00e+00   eps : -4.34e-09   step: 8.29e-05    0.07
         res : 1.20e-05   lamb: 1.00e+00   eps : -4.85e-09   step: 1.15e-04    0.06
         res : 5.44e-06   lamb: 1.00e+00   eps : -4.91e-09   step: 1.24e-04    0.07
         res : 2.03e-06   lamb: 1.00e+00   eps : -4.92e-09   step: 1.26e-04    0.07
         res : 9.50e-07   lamb: 1.00e+00   eps : -4.92e-09   step: 1.27e-04    0.07
         res : 3.61e-07   lamb: 1.00e+00   eps : -4.92e-09   step: 1.27e-04    0.07
         res : 1.96e-07   lamb: 1.00e+00   eps : -4.92e-09   step: 1.27e-04    0.07
         res : 1.09e-07   lamb: 1.00e+00   eps : -4.92e-09   step: 1.27e-04    0.07
         res : 6.20e-08   lamb: 1.00e+00   eps : -4.92e-09   step: 1.27e-04    0.07
         res : 3.73e-08   lamb: 1.00e+00   eps : -4.92e-09   step: 1.27e-04    0.07
         res : 1.69e-08   lamb: 1.00e+00   eps : -4.92e-09   step: 1.27e-04    0.07
         res : 7.82e-09   lamb: 1.00e+00   eps : -4.92e-09   step: 1.27e-04    0.07

      5  0      -386.83258842     3.95e-07     18.03
      5  1      -386.65425912     0.00e+00     18.03

         res : 1.49e-05   lamb: 1.00e+00   eps : -4.39e-10   step: 2.85e-05    0.07
         res : 3.85e-06   lamb: 1.00e+00   eps : -4.93e-10   step: 4.06e-05    0.07
         res : 1.66e-06   lamb: 1.00e+00   eps : -4.99e-10   step: 4.34e-05    0.07
         res : 6.03e-07   lamb: 1.00e+00   eps : -5.00e-10   step: 4.40e-05    0.07
         res : 2.83e-07   lamb: 1.00e+00   eps : -5.00e-10   step: 4.41e-05    0.07
         res : 9.79e-08   lamb: 1.00e+00   eps : -5.00e-10   step: 4.41e-05    0.07
         res : 4.70e-08   lamb: 1.00e+00   eps : -5.00e-10   step: 4.41e-05    0.07
         res : 2.13e-08   lamb: 1.00e+00   eps : -5.00e-10   step: 4.41e-05    0.07
         res : 9.53e-09   lamb: 1.00e+00   eps : -5.00e-10   step: 4.41e-05    0.07
         res : 4.15e-09   lamb: 1.00e+00   eps : -5.00e-10   step: 4.41e-05    0.07

      6  0      -386.83258856     1.36e-07     17.69
      6  1      -386.65425898     0.00e+00     17.69

         res : 5.41e-06   lamb: 1.00e+00   eps : -5.59e-11   step: 1.13e-05    0.07
         res : 1.38e-06   lamb: 1.00e+00   eps : -6.35e-11   step: 1.65e-05    0.07
         res : 5.58e-07   lamb: 1.00e+00   eps : -6.42e-11   step: 1.74e-05    0.07
         res : 1.93e-07   lamb: 1.00e+00   eps : -6.43e-11   step: 1.75e-05    0.07
         res : 9.36e-08   lamb: 1.00e+00   eps : -6.43e-11   step: 1.75e-05    0.07
         res : 3.25e-08   lamb: 1.00e+00   eps : -6.43e-11   step: 1.75e-05    0.07
         res : 1.53e-08   lamb: 1.00e+00   eps : -6.43e-11   step: 1.75e-05    0.07
         res : 7.18e-09   lamb: 1.00e+00   eps : -6.43e-11   step: 1.75e-05    0.07
         res : 3.53e-09   lamb: 1.00e+00   eps : -6.43e-11   step: 1.75e-05    0.07

      7  0      -386.83258864     5.11e-08     18.07
      7  1      -386.65425891     0.00e+00     18.07

         res : 2.26e-06   lamb: 1.00e+00   eps : -9.06e-12   step: 5.02e-06    0.07
         res : 5.41e-07   lamb: 1.00e+00   eps : -1.04e-11   step: 7.33e-06    0.07
         res : 2.12e-07   lamb: 1.00e+00   eps : -1.05e-11   step: 7.63e-06    0.07
         res : 6.72e-08   lamb: 1.00e+00   eps : -1.05e-11   step: 7.67e-06    0.07
         res : 3.31e-08   lamb: 1.00e+00   eps : -1.05e-11   step: 7.69e-06    0.07
         res : 1.21e-08   lamb: 1.00e+00   eps : -1.05e-11   step: 7.69e-06    0.07
         res : 5.70e-09   lamb: 1.00e+00   eps : -1.05e-11   step: 7.69e-06    0.07
         res : 3.06e-09   lamb: 1.00e+00   eps : -1.05e-11   step: 7.69e-06    0.07

      8  0      -386.83258868     2.10e-08     17.60
      8  1      -386.65425887     0.00e+00     17.60

         res : 1.03e-06   lamb: 1.00e+00   eps : -1.78e-12   step: 2.37e-06    0.07
         res : 2.27e-07   lamb: 1.00e+00   eps : -2.05e-12   step: 3.42e-06    0.07
         res : 9.01e-08   lamb: 1.00e+00   eps : -2.07e-12   step: 3.53e-06    0.07
         res : 2.59e-08   lamb: 1.00e+00   eps : -2.07e-12   step: 3.55e-06    0.07
         res : 1.26e-08   lamb: 1.00e+00   eps : -2.07e-12   step: 3.56e-06    0.07
         res : 4.86e-09   lamb: 1.00e+00   eps : -2.07e-12   step: 3.56e-06    0.07

      9  0      -386.83258870     9.26e-09     17.79
      9  1      -386.65425885     0.00e+00     17.79

    * Second-order optimization converged. *   

    * Integral transformation done. Elapsed time: 0.09

       - jop, kop                                  0.00
       - denom                                     0.02
     guess   0:   closed 111111......         open ............        
     guess   1:   closed 11111.......         open .....11.....        

  === FCI iteration ===

      0  0      -386.69960449     3.86e-04      0.63
      0  1      -386.46222355     4.10e-04      0.00

      1  0      -386.81027615     1.82e-04      0.65
      1  1      -386.59668303     2.50e-04      0.00

      2  0      -386.82883989     8.11e-05      0.66
      2  1      -386.63941518     1.34e-04      0.00

      3  0      -386.83199765     3.38e-05      0.69
      3  1      -386.65021608     7.00e-05      0.00

      4  0      -386.83250086     1.33e-05      0.69
      4  1      -386.65302785     3.83e-05      0.00

      5  0      -386.83257519     5.29e-06      0.66
      5  1      -386.65386596     2.12e-05      0.00

      6  0      -386.83258656     2.10e-06      0.64
      6  1      -386.65411527     1.19e-05      0.00

      7  0      -386.83258834     8.28e-07      0.66
      7  1      -386.65419573     7.11e-06      0.00

      8  0      -386.83258864     3.52e-07      0.68
      8  1      -386.65423213     5.24e-06      0.00

      9  0      -386.83258869     1.40e-07      0.67
      9  1      -386.65425083     3.48e-06      0.00

     10  0      -386.83258870     5.25e-08      0.68
     10  1      -386.65425703     1.78e-06      0.00

     11  0      -386.83258870     1.83e-08      0.69
     11  1      -386.65425846     7.80e-07      0.00

     12  0      -386.83258870     6.44e-09      0.68
     12  1      -386.65425875     3.63e-07      0.00

     13  0      -386.83258870     2.59e-09      0.65
     13  1      -386.65425882     1.91e-07      0.00

     14  0      -386.83258870     1.07e-09      0.66
     14  1      -386.65425884     9.64e-08      0.00

     15  0      -386.83258870     4.30e-10      0.70
     15  1      -386.65425884     4.80e-08      0.00

     16  0      -386.83258870     1.70e-10      0.70
     16  1      -386.65425885     2.60e-08      0.00

     17  0 *    -386.83258870     6.60e-11      0.59
     17  1      -386.65425885     1.45e-08      0.00

     18  0 *    -386.83258870     6.32e-11      0.37
     18  1      -386.65425885     7.38e-09      0.00

     19  0 *    -386.83258870     6.30e-11      0.36
     19  1      -386.65425885     3.39e-09      0.00

     20  0 *    -386.83258870     6.30e-11      0.36
     20  1      -386.65425885     1.57e-09      0.00

     21  0 *    -386.83258870     6.30e-11      0.36
     21  1      -386.65425885     7.76e-10      0.00
    ** throwing out 1 trial vectors **

     22  0 *    -386.83258870     6.29e-11      0.36
     22  1      -386.65425885     4.12e-10      0.00
    ** throwing out 1 trial vectors **

     23  0 *    -386.83258870     6.29e-11      0.35
     23  1      -386.65425885     2.28e-10      0.00
    ** throwing out 1 trial vectors **

     24  0 *    -386.83258870     6.29e-11      0.35
     24  1      -386.65425885     1.24e-10      0.00
    ** throwing out 1 trial vectors **

     25  0 *    -386.83258870     6.29e-11      0.26
     25  1 *    -386.65425885     6.15e-11      0.00

     * ci vector   0, <S^2> = 0.0000, E =     -386.83258870
       222222......    -0.9100702408
       222.22..2...     0.1767894282
       2222.22.....     0.1268906456
       22222..2....     0.1170866039
       2.2222....2.     0.0891940239
       2222bbaa....     0.0685775715
       2222aabb....     0.0685775715
       2222baba....     0.0681772101
       2222abab....     0.0681772101
       .22222.....2     0.0676868652
       22222.2.....     0.0623295698
       22222ba.....    -0.0573946870
       22222ab.....    -0.0573946870

     * ci vector   1, <S^2> = 0.0000, E =     -386.65425885
       22222ba.....     0.5607097354
       22222ab.....     0.5607097354
       2222a2.b....    -0.2497489172
       2222b2.a....    -0.2497489172
       222.2ba.2...    -0.1083350312
       222.2ab.2...    -0.1083350312
       22b2a22.....     0.0935745719
       22a2b22.....     0.0935745719
       222222......    -0.0934143484
       22222..b.a..     0.0743407076
       22222..a.b..     0.0743407076
       22222.b..a..     0.0622069687
       22222.a..b..     0.0622069687
       22a22bba....    -0.0597441722
       22b22aab....    -0.0597441722
       2222.2a..b..    -0.0586381204
       2222.2b..a..    -0.0586381204
       2222ba2.....    -0.0584667353
       2222ab2.....    -0.0584667353
       2.222ba...2.    -0.0548096287
       2.222ab...2.    -0.0548096287
       2222baa..b..    -0.0546915133
       2222abb..a..    -0.0546915133
       2222.2.2....     0.0546021300
       2222abab....     0.0536038196
       2222baba....     0.0536038196
       22b22a2.....     0.0522867889
       22a22b2.....     0.0522867889
       2222ab.b.a..     0.0521687194
       2222ba.a.b..     0.0521687194
       22a22b.2....    -0.0519641655
       22b22a.2....    -0.0519641655
       22b2a2ab....     0.0515370187
       22a2b2ba....     0.0515370187

    * METHOD: CASSCF                             195.21


    * METHOD: PRINT                                0.07


    * METHOD: SAVE_REF                             0.19

  === SMITH program ===

    * freezing 10 orbitals
    * SS-SR internal contraction is used

    * Approximate memory requirement for SMITH calculation per MPI process:
      o Storage requirement for T-amplitude, lambda, and residual is 0.43 GB
      o Storage requirement for MO integrals is 0.03 GB
       - MO integral evaluation                    0.81

  ++ State-averaged Fock matrix over basis states ++

                         0                   1
     0       -4.8818329258       -0.0181793287
     1       -0.0181793287       -4.4988567418


  ++ Extended multi-state CASPT2 (XMS-CASPT2) rotation matrix ++

                         0                   1
     0       -0.9988803000        0.0473090506
     1       -0.0473090506       -0.9988803000


     * ci vector, state   0, <S^2> = 0.0000
       222222......     0.9134705793
       222.22..2...    -0.1773851772
       2222.22.....    -0.1263221598
       22222..2....    -0.1171708270
       2.2222....2.    -0.0895367204
       2222abab....    -0.0706368179
       2222baba....    -0.0706368179
       2222aabb....    -0.0690599302
       2222bbaa....    -0.0690599302
       .22222.....2    -0.0679134363
       22222.2.....    -0.0635697322

     * ci vector, state   1, <S^2> = -0.0000
       22222ba.....    -0.5627971968
       22222ab.....    -0.5627971968
       2222a2.b....     0.2513945543
       2222b2.a....     0.2513945543
       222.2ba.2...     0.1087485529
       222.2ab.2...     0.1087485529
       22b2a22.....    -0.0935603131
       22a2b22.....    -0.0935603131
       22222..b.a..    -0.0745584364
       22222..a.b..    -0.0745584364
       22222.b..a..    -0.0625060824
       22222.a..b..    -0.0625060824
       22a22bba....     0.0603361802
       22b22aab....     0.0603361802
       2222.2a..b..     0.0598590474
       2222.2b..a..     0.0598590474
       2222ba2.....     0.0594290321
       2222ab2.....     0.0594290321
       2222baa..b..     0.0557036573
       2222abb..a..     0.0557036573
       2.222ba...2.     0.0550091194
       2.222ab...2.     0.0550091194
       2222.2.2....    -0.0535773808
       22a22b.2....     0.0533156319
       22b22a.2....     0.0533156319
       22b22a2.....    -0.0527776196
       22a22b2.....    -0.0527776196
       2222ab.b.a..    -0.0513774088
       2222ba.a.b..    -0.0513774088
       22b2a2ab....    -0.0508128792
       22a2b2ba....    -0.0508128792
       2222abab....    -0.0503184003
       2222baba....    -0.0503184003
       222222......     0.0502551933

  ++ Reference energies in XMS basis ++

                         0                   1
     0     -386.8321895688        0.0084271695
     1        0.0084271695     -386.6546579740

    * Calculating and saving rdm4f

    * Third and Fock-weighted fourth order RDM ( 1, 1) evaluation
      will be done with 40 passes
       - RDM evaluation (multipassing)            39.50
    * Third and Fock-weighted fourth order RDM ( 2, 1) evaluation
      will be done with 40 passes
       - RDM evaluation (multipassing)            63.09
    * Third and Fock-weighted fourth order RDM ( 1, 2) evaluation
      will be done with 40 passes
       - RDM evaluation (multipassing)            62.67
    * Third and Fock-weighted fourth order RDM ( 2, 2) evaluation
      will be done with 40 passes
       - RDM evaluation (multipassing)            39.29
    - linear dependency detected:    1 /  288    min eigenvalue:    -1.9857e-13    max eigenvalue:    -1.9857e-13
    - linear dependency detected:    1 /  288    min eigenvalue:    -4.0871e-14    max eigenvalue:    -4.0871e-14
    - linear dependency detected:   12 / 1728    min eigenvalue:    -3.0482e-13    max eigenvalue:     6.4882e-16
    - linear dependency detected:   12 / 1728    min eigenvalue:    -1.4487e-13    max eigenvalue:     4.5045e-15
    - linear dependency detected:   12 / 1728    min eigenvalue:    -3.2097e-15    max eigenvalue:     3.5791e-15
    - linear dependency detected:   12 / 1728    min eigenvalue:    -2.1801e-15    max eigenvalue:     2.2765e-15
       - RDM + denominator evaluation            244.41

    * Zeroth order energy : state  0       -4.8826939367
    * Zeroth order energy : state  1       -4.4979957309

    * CASPT2 iteration is performed using redundant basis

      ---- iteration ----

        0    -1.03990595     0.00252140      6.53
        1    -1.04285713     0.00034777      6.93
        2    -1.04291651     0.00004902      6.68
        3    -1.04291795     0.00000878      6.78
        4    -1.04291800     0.00000146      6.95
        5    -1.04291800     0.00000030      6.72

        0    -1.04796507     0.00247953      7.56
        1    -1.05101559     0.00034608      7.13
        2    -1.05107985     0.00004939      6.98
        3    -1.05108144     0.00000898      6.82
        4    -1.05108150     0.00000149      7.06
        5    -1.05108150     0.00000030      6.99

      -------------------

       - CASPT2 energy evaluation                 84.82

    * CASPT2 energy : state  0     -388.0289201288
        w/o shift correction       -387.8751075719
        reference weight              0.7647451777

    * CASPT2 energy : state  1     -387.8662095929
        w/o shift correction       -387.7057394730
        reference weight              0.7570365183


    * MS-CASPT2 Heff
           -388.0289201288        0.0060632131
              0.0060632131     -387.8662095929


    * MS-CASPT2 rotation matrix
             -0.9993083443       -0.0371864621
              0.0371864621       -0.9993083443


    * XMS-CASPT2 rotation matrix
              0.9999486750       -0.0101315045
              0.0101315045        0.9999486750

    * MS-CASPT2 energy : state  0     -388.0291457543
    * MS-CASPT2 energy : state  1     -387.8659839674



    * METHOD: SMITH                              339.95


  
  ===============================================================

