--------------------------------------------------
JOB FRONT-END 3110224 on wux25
SLURM ENVIRONMENT
--------------------------------------------------
SLURM_JOB_ID                   = 3110224             
SLURM_ARRAY_JOB_ID             = N/A                 
SLURM_ARRAY_TASK_ID            = N/A                 
SLURM_JOB_NAME                 = bagel               
SLURM_JOB_PARTITION            = batch               
SLURM_JOB_NUM_NODES            = 1                   
SLURM_JOB_CPUS_PER_NODE        = 20                  
SLURM_NTASKS                   = 20                  
SLURM_NTASKS_PER_NODE          = N/A                 
--------------------------------------------------
--------------------------------------------------
PBS ENVIRONMENT
--------------------------------------------------
PBS_JOBID                      = 3110224             
PBS_ARRAYID                    = N/A                 
PBS_JOBNAME                    = bagel               
PBS_QUEUE                      = batch               
PBS_NUM_NODES                  = 1                   
PBS_NUM_PPN                    = 1                   
PBS_NP                         = 20                  
PBS_NODEFILE                   = /tmp/3110224/nodes  
--------------------------------------------------
  * process grid (5, 4) will be used
    wux25                           
    wux25                           
    wux25                           
    wux25                           
    wux25                           
    wux25                           
    wux25                           
    wux25                           
    wux25                           
    wux25                           
    wux25                           
    wux25                           
    wux25                           
    wux25                           
    wux25                           
    wux25                           
    wux25                           
    wux25                           
    wux25                           
    wux25                           

  * using 20 threads per process

  ===============================================================
    BAGEL - Freshly leavened quantum chemistry                   
  ===============================================================

  *** Geometry ***

  { "atom" : "C", "xyz" : [      4.485546,     -1.102569,      1.174807 ] },
  { "atom" : "C", "xyz" : [      4.247533,      1.616564,      1.498371 ] },
  { "atom" : "C", "xyz" : [      1.964758,      2.829424,      1.347922 ] },
  { "atom" : "N", "xyz" : [     -0.377954,      1.554014,      1.041414 ] },
  { "atom" : "B", "xyz" : [     -0.248060,     -1.330692,      0.008737 ] },
  { "atom" : "C", "xyz" : [      2.446359,     -2.524072,      0.423876 ] },
  { "atom" : "C", "xyz" : [     -2.570866,     -2.736223,     -0.910251 ] },
  { "atom" : "C", "xyz" : [     -4.873275,     -1.263029,     -1.238538 ] },
  { "atom" : "C", "xyz" : [     -4.408965,      1.285146,     -1.155194 ] },
  { "atom" : "C", "xyz" : [     -1.600963,      1.808527,     -1.232944 ] },
  { "atom" : "H", "xyz" : [      6.337679,     -1.967295,      1.515404 ] },
  { "atom" : "H", "xyz" : [      5.921786,      2.768231,      1.875432 ] },
  { "atom" : "H", "xyz" : [      1.778488,      4.873962,      1.549137 ] },
  { "atom" : "H", "xyz" : [      2.695570,     -4.579892,      0.260514 ] },
  { "atom" : "H", "xyz" : [     -2.529485,     -4.765933,     -1.374712 ] },
  { "atom" : "H", "xyz" : [     -6.757421,     -2.110798,     -1.215856 ] },
  { "atom" : "H", "xyz" : [     -5.792098,      2.779056,     -0.761804 ] },
  { "atom" : "H", "xyz" : [     -0.718633,      2.865580,     -2.806316 ] },

  Number of auxiliary basis functions:      884

  Since a DF basis is specified, we compute 2- and 3-index integrals:
    o Being stored without compression. Storage requirement is 0.079 GB
       - 3-index ints prep                         0.00
       - 3-index ints                              0.04
       - 2-index ints                              0.03
       - computing inverse                         0.35
        elapsed time:        0.43 sec.


  Number of basis functions:      106
  Number of electrons      :       68


    * METHOD: MOLECULE                             0.47

       - Overlap matrix                            0.01
       - Hcore matrix                              0.01
       - Overlap orthog                            0.01

  *** RHF ***

  === Nuclear Repulsion ===
  
   450.7555816539

      * DIIS with orbital gradients will be used.

       - SCF startup                               0.43

  === RHF iteration (/home/miaoxin/software/bagel-1.2.2/obj/share/3-21g.json) ===
  
               o Fock build                                  0.25
      0       -384.22245385          0.01285188           0.26
               o DIIS                                        0.00
               o Diag                                        0.01
               o Post process                                0.00
               o Fock build                                  0.42
      1       -384.38396175          0.00602669           0.43
               o DIIS                                        0.00
               o Diag                                        0.01
               o Post process                                0.00
               o Fock build                                  0.16
      2       -384.41550201          0.00208342           0.17
               o DIIS                                        0.00
               o Diag                                        0.01
               o Post process                                0.00
               o Fock build                                  0.19
      3       -384.42101040          0.00074644           0.21
               o DIIS                                        0.00
               o Diag                                        0.01
               o Post process                                0.00
               o Fock build                                  0.26
      4       -384.42167257          0.00021124           0.27
               o DIIS                                        0.00
               o Diag                                        0.01
               o Post process                                0.00
               o Fock build                                  0.21
      5       -384.42186358          0.00014300           0.22
               o DIIS                                        0.00
               o Diag                                        0.01
               o Post process                                0.00
               o Fock build                                  0.19
      6       -384.42192945          0.00008582           0.20
               o DIIS                                        0.00
               o Diag                                        0.01
               o Post process                                0.00
               o Fock build                                  0.20
      7       -384.42198346          0.00005062           0.21
               o DIIS                                        0.00
               o Diag                                        0.01
               o Post process                                0.00
               o Fock build                                  0.24
      8       -384.42199998          0.00002511           0.26
               o DIIS                                        0.00
               o Diag                                        0.01
               o Post process                                0.00
               o Fock build                                  0.34
      9       -384.42200351          0.00002014           0.36
               o DIIS                                        0.00
               o Diag                                        0.01
               o Post process                                0.00
               o Fock build                                  0.15
     10       -384.42200643          0.00000963           0.17
               o DIIS                                        0.00
               o Diag                                        0.01
               o Post process                                0.00
               o Fock build                                  0.19
     11       -384.42200698          0.00000524           0.21
               o DIIS                                        0.00
               o Diag                                        0.01
               o Post process                                0.00
               o Fock build                                  0.21
     12       -384.42200717          0.00000275           0.22
               o DIIS                                        0.00
               o Diag                                        0.01
               o Post process                                0.00
               o Fock build                                  0.30
     13       -384.42200719          0.00000177           0.31
               o DIIS                                        0.00
               o Diag                                        0.01
               o Post process                                0.00
               o Fock build                                  0.17
     14       -384.42200721          0.00000075           0.18
               o DIIS                                        0.00
               o Diag                                        0.01
               o Post process                                0.00
               o Fock build                                  0.20
     15       -384.42200721          0.00000041           0.22
               o DIIS                                        0.00
               o Diag                                        0.01
               o Post process                                0.00
               o Fock build                                  0.16
     16       -384.42200721          0.00000027           0.18
               o DIIS                                        0.00
               o Diag                                        0.01
               o Post process                                0.00
               o Fock build                                  0.31
     17       -384.42200721          0.00000016           0.33
               o DIIS                                        0.00
               o Diag                                        0.01
               o Post process                                0.00
               o Fock build                                  0.15
     18       -384.42200721          0.00000009           0.17
               o DIIS                                        0.00
               o Diag                                        0.01
               o Post process                                0.00
               o Fock build                                  0.16
     19       -384.42200721          0.00000004           0.18
               o DIIS                                        0.00
               o Diag                                        0.01
               o Post process                                0.00
               o Fock build                                  0.16
     20       -384.42200721          0.00000003           0.18
               o DIIS                                        0.00
               o Diag                                        0.01
               o Post process                                0.00
               o Fock build                                  0.16
     21       -384.42200721          0.00000001           0.20
               o DIIS                                        0.03
               o Diag                                        0.03
               o Post process                                0.00
               o Fock build                                  0.35
     22       -384.42200721          0.00000001           0.38
  
    * SCF iteration converged.

    * Permanent dipole moment:
           (   -0.268379,    -0.783054,     0.466692) a.u.

  ---------------------------
      CASSCF calculation     
  ---------------------------

 
    ==== Active orbitals : ===== 
         Orbital 32
         Orbital 33
         Orbital 34
         Orbital 35
         Orbital 36
         Orbital 37
    ============================ 

    * nstate   :      4
    * nclosed  :     31
    * nact     :      6
    * nvirt    :     69
  === CASSCF iteration (/home/miaoxin/software/bagel-1.2.2/obj/share/3-21g.json) ===

    * Using the second-order algorithm

      0  0      -384.45794500     4.39e-03      0.26
      0  1      -384.37375341     0.00e+00      0.26
      0  2      -384.31553975     0.00e+00      0.26
      0  3      -384.27458903     0.00e+00      0.26

         res : 9.23e-02   lamb: 1.00e+00   eps : -3.43e-02   step: 5.51e-01    0.23
         res : 3.32e-02   lamb: 1.00e+00   eps : -3.75e-02   step: 5.95e-01    0.32
         res : 9.80e-03   lamb: 1.00e+00   eps : -3.78e-02   step: 5.75e-01    0.20
         res : 3.14e-03   lamb: 1.00e+00   eps : -3.78e-02   step: 5.73e-01    0.23
         res : 1.02e-03   lamb: 1.00e+00   eps : -3.78e-02   step: 5.73e-01    0.29
         res : 4.19e-04   lamb: 1.00e+00   eps : -3.78e-02   step: 5.73e-01    0.20
         res : 1.58e-04   lamb: 1.00e+00   eps : -3.78e-02   step: 5.72e-01    0.19
         res : 1.29e-04   lamb: 1.00e+00   eps : -3.78e-02   step: 5.72e-01    0.20
         res : 6.64e-05   lamb: 1.00e+00   eps : -3.78e-02   step: 5.72e-01    0.28
         res : 2.33e-05   lamb: 1.00e+00   eps : -3.78e-02   step: 5.72e-01    0.23

      1  0      -384.48205197     1.62e-03      3.14
      1  1      -384.39690932     0.00e+00      3.14
      1  2      -384.35468970     0.00e+00      3.14
      1  3      -384.33278393     0.00e+00      3.14

         res : 5.26e-02   lamb: 1.00e+00   eps : -1.06e-02   step: 2.31e-01    0.17
         res : 2.06e-02   lamb: 1.00e+00   eps : -1.15e-02   step: 2.53e-01    0.20
         res : 9.77e-03   lamb: 1.00e+00   eps : -1.17e-02   step: 2.55e-01    0.20
         res : 1.99e-02   lamb: 1.00e+00   eps : -1.19e-02   step: 2.66e-01    0.20
         res : 7.98e-02   lamb: 1.00e+00   eps : -1.31e-02   step: 6.88e-01    0.29
         res : 3.97e-03   lamb: 2.33e+00   eps : -2.25e-02   step: 2.14e-01    0.20
         res : 1.47e-03   lamb: 2.33e+00   eps : -2.26e-02   step: 2.07e-01    0.20
         res : 5.09e-04   lamb: 2.34e+00   eps : -2.27e-02   step: 2.06e-01    0.25
         res : 1.79e-04   lamb: 2.39e+00   eps : -2.30e-02   step: 2.03e-01    0.26
         res : 9.18e-05   lamb: 2.42e+00   eps : -2.31e-02   step: 2.01e-01    0.20
         res : 9.09e-05   lamb: 2.53e+00   eps : -2.38e-02   step: 1.96e-01    0.20
         res : 3.53e-05   lamb: 2.55e+00   eps : -2.39e-02   step: 1.95e-01    0.20
         res : 1.17e-05   lamb: 2.55e+00   eps : -2.39e-02   step: 1.95e-01    0.29

      2  0      -384.48917527     4.52e-04      3.93
      2  1      -384.39877348     0.00e+00      3.93
      2  2      -384.36493488     0.00e+00      3.93
      2  3      -384.33989834     0.00e+00      3.93

         res : 1.58e-02   lamb: 1.00e+00   eps : -1.60e-03   step: 9.24e-02    0.20
         res : 2.29e-02   lamb: 1.00e+00   eps : -1.94e-03   step: 1.22e-01    0.20
         res : 7.32e-02   lamb: 1.00e+00   eps : -3.07e-03   step: 3.54e-01    0.20
         res : 6.71e-03   lamb: 3.27e+00   eps : -7.82e-03   step: 3.06e-01    0.20
         res : 1.33e-03   lamb: 4.09e+00   eps : -8.16e-03   step: 2.12e-01    0.27
         res : 3.43e-04   lamb: 4.09e+00   eps : -8.18e-03   step: 2.12e-01    0.19
         res : 1.38e-04   lamb: 4.09e+00   eps : -8.18e-03   step: 2.12e-01    0.19
         res : 4.26e-05   lamb: 4.09e+00   eps : -8.18e-03   step: 2.11e-01    0.23
         res : 1.52e-05   lamb: 4.09e+00   eps : -8.18e-03   step: 2.11e-01    0.28

      3  0      -384.49250026     2.88e-04      2.89
      3  1      -384.39948947     0.00e+00      2.89
      3  2      -384.36801316     0.00e+00      2.89
      3  3      -384.34057043     0.00e+00      2.89

         res : 3.43e-02   lamb: 1.00e+00   eps : -1.23e-03   step: 1.28e-01    0.30
         res : 1.43e-01   lamb: 1.00e+00   eps : -6.39e-03   step: 7.96e-01    0.21
         res : 4.27e-02   lamb: 1.33e+00   eps : -1.01e-02   step: 1.01e+00    0.20
         res : 1.87e-02   lamb: 1.40e+00   eps : -1.05e-02   step: 9.96e-01    0.23
         res : 4.10e-03   lamb: 1.41e+00   eps : -1.05e-02   step: 9.95e-01    0.25
         res : 1.70e-03   lamb: 1.41e+00   eps : -1.05e-02   step: 9.95e-01    0.20
         res : 4.26e-04   lamb: 1.41e+00   eps : -1.05e-02   step: 9.95e-01    0.21
         res : 1.53e-04   lamb: 1.41e+00   eps : -1.05e-02   step: 9.95e-01    0.20
         res : 4.79e-05   lamb: 1.41e+00   eps : -1.05e-02   step: 9.95e-01    0.20

      4  0      -384.49548246     1.96e-03      2.91
      4  1      -384.39142159     0.00e+00      2.91
      4  2      -384.34953918     0.00e+00      2.91
      4  3      -384.29521567     0.00e+00      2.91

         res : 4.63e-02   lamb: 1.00e+00   eps : -3.23e-02   step: 4.10e-01    0.29
         res : 1.79e-02   lamb: 1.00e+00   eps : -3.30e-02   step: 4.23e-01    0.19
         res : 5.50e-03   lamb: 1.00e+00   eps : -3.31e-02   step: 4.24e-01    0.19
         res : 2.44e-03   lamb: 1.00e+00   eps : -3.31e-02   step: 4.25e-01    0.19
         res : 9.08e-04   lamb: 1.00e+00   eps : -3.31e-02   step: 4.25e-01    0.23
         res : 2.94e-04   lamb: 1.00e+00   eps : -3.31e-02   step: 4.25e-01    0.24
         res : 1.37e-04   lamb: 1.00e+00   eps : -3.31e-02   step: 4.25e-01    0.25
         res : 4.03e-05   lamb: 1.00e+00   eps : -3.31e-02   step: 4.25e-01    0.20

      5  0      -384.50235253     4.96e-04      2.73
      5  1      -384.40008415     0.00e+00      2.73
      5  2      -384.36581840     0.00e+00      2.73
      5  3      -384.34187413     0.00e+00      2.73

         res : 1.56e-02   lamb: 1.00e+00   eps : -1.64e-03   step: 9.83e-02    0.18
         res : 6.40e-03   lamb: 1.00e+00   eps : -1.74e-03   step: 1.03e-01    0.21
         res : 1.41e-03   lamb: 1.00e+00   eps : -1.75e-03   step: 1.03e-01    0.24
         res : 5.57e-04   lamb: 1.00e+00   eps : -1.75e-03   step: 1.03e-01    0.26
         res : 1.51e-04   lamb: 1.00e+00   eps : -1.75e-03   step: 1.03e-01    0.20
         res : 6.92e-05   lamb: 1.00e+00   eps : -1.75e-03   step: 1.03e-01    0.24
         res : 2.96e-05   lamb: 1.00e+00   eps : -1.75e-03   step: 1.03e-01    0.27
         res : 8.66e-06   lamb: 1.00e+00   eps : -1.75e-03   step: 1.03e-01    0.20

      6  0      -384.50170413     9.79e-05      2.53
      6  1      -384.40035643     0.00e+00      2.53
      6  2      -384.36844230     0.00e+00      2.53
      6  3      -384.34362791     0.00e+00      2.53

         res : 4.08e-03   lamb: 1.00e+00   eps : -8.27e-05   step: 2.39e-02    0.25
         res : 1.57e-03   lamb: 1.00e+00   eps : -9.65e-05   step: 2.81e-02    0.21
         res : 6.82e-04   lamb: 1.00e+00   eps : -9.72e-05   step: 2.83e-02    0.35
         res : 1.73e-04   lamb: 1.00e+00   eps : -9.73e-05   step: 2.83e-02    0.29
         res : 7.18e-05   lamb: 1.00e+00   eps : -9.73e-05   step: 2.83e-02    0.20
         res : 2.00e-05   lamb: 1.00e+00   eps : -9.73e-05   step: 2.83e-02    0.19
         res : 8.15e-06   lamb: 1.00e+00   eps : -9.73e-05   step: 2.83e-02    0.20
         res : 2.65e-06   lamb: 1.00e+00   eps : -9.73e-05   step: 2.83e-02    0.24

      7  0      -384.50126608     2.85e-05      2.90
      7  1      -384.40042680     0.00e+00      2.90
      7  2      -384.36892346     0.00e+00      2.90
      7  3      -384.34374538     0.00e+00      2.90

         res : 9.49e-04   lamb: 1.00e+00   eps : -4.04e-06   step: 4.06e-03    0.20
         res : 6.68e-04   lamb: 1.00e+00   eps : -4.98e-06   step: 5.42e-03    0.20
         res : 2.76e-04   lamb: 1.00e+00   eps : -5.10e-06   step: 5.69e-03    0.20
         res : 9.56e-05   lamb: 1.00e+00   eps : -5.12e-06   step: 5.81e-03    0.23
         res : 3.53e-05   lamb: 1.00e+00   eps : -5.13e-06   step: 5.84e-03    0.26
         res : 1.10e-05   lamb: 1.00e+00   eps : -5.13e-06   step: 5.84e-03    0.21
         res : 4.28e-06   lamb: 1.00e+00   eps : -5.13e-06   step: 5.84e-03    0.20
         res : 1.11e-06   lamb: 1.00e+00   eps : -5.13e-06   step: 5.84e-03    0.20
         res : 4.55e-07   lamb: 1.00e+00   eps : -5.13e-06   step: 5.84e-03    0.34

      8  0      -384.50115725     8.84e-06      2.88
      8  1      -384.40046403     0.00e+00      2.88
      8  2      -384.36899994     0.00e+00      2.88
      8  3      -384.34375336     0.00e+00      2.88

         res : 2.59e-04   lamb: 1.00e+00   eps : -2.92e-07   step: 9.60e-04    0.18
         res : 1.89e-04   lamb: 1.00e+00   eps : -3.43e-07   step: 1.21e-03    0.28
         res : 8.13e-05   lamb: 1.00e+00   eps : -3.54e-07   step: 1.29e-03    0.19
         res : 3.46e-05   lamb: 1.00e+00   eps : -3.57e-07   step: 1.33e-03    0.21
         res : 1.15e-05   lamb: 1.00e+00   eps : -3.57e-07   step: 1.35e-03    0.28
         res : 4.46e-06   lamb: 1.00e+00   eps : -3.57e-07   step: 1.35e-03    0.25
         res : 1.47e-06   lamb: 1.00e+00   eps : -3.57e-07   step: 1.35e-03    0.19
         res : 3.86e-07   lamb: 1.00e+00   eps : -3.57e-07   step: 1.35e-03    0.20
         res : 1.76e-07   lamb: 1.00e+00   eps : -3.57e-07   step: 1.35e-03    0.26
         res : 4.57e-08   lamb: 1.00e+00   eps : -3.57e-07   step: 1.35e-03    0.25

      9  0      -384.50113063     2.64e-06      3.10
      9  1      -384.40047627     0.00e+00      3.10
      9  2      -384.36901266     0.00e+00      3.10
      9  3      -384.34375592     0.00e+00      3.10

         res : 7.61e-05   lamb: 1.00e+00   eps : -2.28e-08   step: 2.56e-04    0.18
         res : 5.12e-05   lamb: 1.00e+00   eps : -2.64e-08   step: 3.16e-04    0.20
         res : 2.31e-05   lamb: 1.00e+00   eps : -2.72e-08   step: 3.38e-04    0.20
         res : 1.03e-05   lamb: 1.00e+00   eps : -2.74e-08   step: 3.49e-04    0.21
         res : 3.36e-06   lamb: 1.00e+00   eps : -2.75e-08   step: 3.54e-04    0.25
         res : 1.45e-06   lamb: 1.00e+00   eps : -2.75e-08   step: 3.54e-04    0.26
         res : 4.22e-07   lamb: 1.00e+00   eps : -2.75e-08   step: 3.55e-04    0.20
         res : 1.16e-07   lamb: 1.00e+00   eps : -2.75e-08   step: 3.55e-04    0.25
         res : 5.28e-08   lamb: 1.00e+00   eps : -2.75e-08   step: 3.55e-04    0.25
         res : 1.34e-08   lamb: 1.00e+00   eps : -2.75e-08   step: 3.55e-04    0.20

     10  0      -384.50112367     7.81e-07      3.22
     10  1      -384.40047960     0.00e+00      3.22
     10  2      -384.36901517     0.00e+00      3.22
     10  3      -384.34375711     0.00e+00      3.22

         res : 2.24e-05   lamb: 1.00e+00   eps : -1.81e-09   step: 7.07e-05    0.24
         res : 1.41e-05   lamb: 1.00e+00   eps : -2.08e-09   step: 8.70e-05    0.19
         res : 6.59e-06   lamb: 1.00e+00   eps : -2.15e-09   step: 9.27e-05    0.19
         res : 2.92e-06   lamb: 1.00e+00   eps : -2.17e-09   step: 9.58e-05    0.33
         res : 9.70e-07   lamb: 1.00e+00   eps : -2.17e-09   step: 9.71e-05    0.20
         res : 4.40e-07   lamb: 1.00e+00   eps : -2.17e-09   step: 9.74e-05    0.20
         res : 1.18e-07   lamb: 1.00e+00   eps : -2.17e-09   step: 9.74e-05    0.20
         res : 3.35e-08   lamb: 1.00e+00   eps : -2.17e-09   step: 9.74e-05    0.24
         res : 1.47e-08   lamb: 1.00e+00   eps : -2.17e-09   step: 9.74e-05    0.33
         res : 3.79e-09   lamb: 1.00e+00   eps : -2.17e-09   step: 9.74e-05    0.19

     11  0      -384.50112182     2.30e-07      3.16
     11  1      -384.40048044     0.00e+00      3.16
     11  2      -384.36901574     0.00e+00      3.16
     11  3      -384.34375756     0.00e+00      3.16

         res : 6.55e-06   lamb: 1.00e+00   eps : -1.45e-10   step: 1.98e-05    0.19
         res : 3.89e-06   lamb: 1.00e+00   eps : -1.67e-10   step: 2.44e-05    0.20
         res : 1.88e-06   lamb: 1.00e+00   eps : -1.73e-10   step: 2.59e-05    0.24
         res : 8.21e-07   lamb: 1.00e+00   eps : -1.74e-10   step: 2.68e-05    0.34
         res : 2.80e-07   lamb: 1.00e+00   eps : -1.74e-10   step: 2.72e-05    0.20
         res : 1.30e-07   lamb: 1.00e+00   eps : -1.74e-10   step: 2.72e-05    0.20
         res : 3.31e-08   lamb: 1.00e+00   eps : -1.74e-10   step: 2.72e-05    0.28
         res : 9.84e-09   lamb: 1.00e+00   eps : -1.74e-10   step: 2.72e-05    0.23
         res : 4.09e-09   lamb: 1.00e+00   eps : -1.74e-10   step: 2.72e-05    0.20

     12  0      -384.50112133     6.80e-08      2.98
     12  1      -384.40048064     0.00e+00      2.98
     12  2      -384.36901588     0.00e+00      2.98
     12  3      -384.34375771     0.00e+00      2.98

         res : 1.93e-06   lamb: 1.00e+00   eps : -1.18e-11   step: 5.58e-06    0.20
         res : 1.08e-06   lamb: 1.00e+00   eps : -1.36e-11   step: 6.94e-06    0.21
         res : 5.34e-07   lamb: 1.00e+00   eps : -1.41e-11   step: 7.34e-06    0.26
         res : 2.32e-07   lamb: 1.00e+00   eps : -1.42e-11   step: 7.56e-06    0.20
         res : 8.13e-08   lamb: 1.00e+00   eps : -1.42e-11   step: 7.68e-06    0.19
         res : 3.81e-08   lamb: 1.00e+00   eps : -1.42e-11   step: 7.69e-06    0.21
         res : 9.42e-09   lamb: 1.00e+00   eps : -1.42e-11   step: 7.70e-06    0.22
         res : 2.99e-09   lamb: 1.00e+00   eps : -1.42e-11   step: 7.70e-06    0.26

     13  0      -384.50112120     2.03e-08      2.68
     13  1      -384.40048068     0.00e+00      2.68
     13  2      -384.36901592     0.00e+00      2.68
     13  3      -384.34375776     0.00e+00      2.68

         res : 5.72e-07   lamb: 1.00e+00   eps : -9.79e-13   step: 1.59e-06    0.26
         res : 3.03e-07   lamb: 1.00e+00   eps : -1.13e-12   step: 1.99e-06    0.20
         res : 1.52e-07   lamb: 1.00e+00   eps : -1.17e-12   step: 2.10e-06    0.20
         res : 6.58e-08   lamb: 1.00e+00   eps : -1.17e-12   step: 2.15e-06    0.21
         res : 2.38e-08   lamb: 1.00e+00   eps : -1.18e-12   step: 2.19e-06    0.28
         res : 1.11e-08   lamb: 1.00e+00   eps : -1.18e-12   step: 2.19e-06    0.20
         res : 2.72e-09   lamb: 1.00e+00   eps : -1.18e-12   step: 2.20e-06    0.21

     14  0      -384.50112116     6.16e-09      2.67
     14  1      -384.40048069     0.00e+00      2.67
     14  2      -384.36901593     0.00e+00      2.67
     14  3      -384.34375778     0.00e+00      2.67

    * Second-order optimization converged. *   

    * Integral transformation done. Elapsed time: 0.17

     guess   0:   closed 11....               open ..11..              
     guess   1:   closed 111...               open ......              
     guess   2:   closed 11....               open ..1.1.              
     guess   3:   closed 11.1..               open ......              

  === FCI iteration ===

      0  0      -384.42666537     9.53e-03      0.00
      0  1      -384.33761034     8.49e-03      0.00
      0  2      -384.21200887     8.81e-03      0.00
      0  3      -384.19820438     8.93e-03      0.00

      1  0      -384.48771960     4.78e-03      0.00
      1  1      -384.38397631     4.19e-03      0.00
      1  2      -384.28656432     5.79e-03      0.00
      1  3      -384.27144809     5.43e-03      0.00

      2  0      -384.49982251     1.69e-03      0.00
      2  1      -384.39567215     2.28e-03      0.00
      2  2      -384.33753695     5.89e-03      0.00
      2  3      -384.31146205     5.81e-03      0.00

      3  0      -384.50101165     4.94e-04      0.00
      3  1      -384.39931515     1.35e-03      0.00
      3  2      -384.36177292     3.32e-03      0.00
      3  3      -384.33694474     3.23e-03      0.00

      4  0      -384.50110430     1.65e-04      0.00
      4  1      -384.40035240     4.80e-04      0.00
      4  2      -384.36804572     1.33e-03      0.00
      4  3      -384.34295639     1.11e-03      0.00

      5  0      -384.50111773     7.13e-05      0.00
      5  1      -384.40046680     1.59e-04      0.00
      5  2      -384.36889149     4.47e-04      0.00
      5  3      -384.34365146     4.06e-04      0.00

      6  0      -384.50112063     2.85e-05      0.00
      6  1      -384.40047943     4.43e-05      0.00
      6  2      -384.36900210     1.47e-04      0.00
      6  3      -384.34374527     1.28e-04      0.00

      7  0      -384.50112111     1.06e-05      0.00
      7  1      -384.40048052     1.67e-05      0.00
      7  2      -384.36901374     6.14e-05      0.00
      7  3      -384.34375573     5.23e-05      0.00

      8  0      -384.50112116     3.23e-06      0.00
      8  1      -384.40048067     6.42e-06      0.00
      8  2      -384.36901560     2.11e-05      0.00
      8  3      -384.34375744     2.13e-05      0.00

      9  0      -384.50112116     9.41e-07      0.01
      9  1      -384.40048069     1.89e-06      0.00
      9  2      -384.36901586     8.84e-06      0.00
      9  3      -384.34375772     9.21e-06      0.00

     10  0      -384.50112116     2.62e-07      0.01
     10  1      -384.40048069     6.25e-07      0.00
     10  2      -384.36901592     3.65e-06      0.00
     10  3      -384.34375777     3.66e-06      0.00

     11  0      -384.50112116     6.19e-08      0.01
     11  1      -384.40048069     1.90e-07      0.00
     11  2      -384.36901593     1.15e-06      0.00
     11  3      -384.34375778     1.12e-06      0.00

     12  0      -384.50112116     1.24e-08      0.01
     12  1      -384.40048069     4.69e-08      0.00
     12  2      -384.36901593     3.28e-07      0.00
     12  3      -384.34375778     3.65e-07      0.00

     13  0      -384.50112116     2.55e-09      0.01
     13  1      -384.40048069     1.04e-08      0.00
     13  2      -384.36901593     8.22e-08      0.00
     13  3      -384.34375778     9.59e-08      0.00

     14  0      -384.50112116     5.21e-10      0.01
     14  1      -384.40048069     2.47e-09      0.00
     14  2      -384.36901593     2.05e-08      0.00
     14  3      -384.34375778     2.57e-08      0.00

     15  0      -384.50112116     1.14e-10      0.01
     15  1      -384.40048069     5.96e-10      0.00
     15  2      -384.36901593     5.54e-09      0.00
     15  3      -384.34375778     7.51e-09      0.00

     16  0 *    -384.50112116     2.54e-11      0.01
     16  1      -384.40048069     1.51e-10      0.00
     16  2      -384.36901593     1.37e-09      0.00
     16  3      -384.34375778     1.71e-09      0.00

     17  0 *    -384.50112116     1.95e-11      0.01
     17  1 *    -384.40048069     3.34e-11      0.00
     17  2      -384.36901593     3.69e-10      0.00
     17  3      -384.34375778     5.24e-10      0.00

     18  0 *    -384.50112116     1.90e-11      0.01
     18  1 *    -384.40048069     2.74e-11      0.00
     18  2 *    -384.36901593     9.02e-11      0.00
     18  3      -384.34375778     1.23e-10      0.00

     19  0 *    -384.50112116     1.90e-11      0.01
     19  1 *    -384.40048069     2.72e-11      0.00
     19  2 *    -384.36901593     4.45e-11      0.00
     19  3 *    -384.34375778     2.87e-11      0.00

     * ci vector, state   0, <S^2> = -0.0000
       22ba..     0.5481562982
       22ab..     0.5481562982
       222...    -0.4936630823
       b2aa.b    -0.1019083431
       a2bb.a    -0.1019083431
       2.ba2.    -0.0814708329
       2.ab2.    -0.0814708329
       b22a..    -0.0764110946
       a22b..    -0.0764110946
       2.2.2.     0.0720536474
       2ab2..    -0.0672831718
       2ba2..    -0.0672831718
       .2ba.2    -0.0562553518
       .2ab.2    -0.0562553518
       2ab.2.     0.0511644857
       2ba.2.     0.0511644857
       b2ba.a     0.0511346713
       a2ab.b     0.0511346713
       a2ba.b    -0.0507736717
       b2ab.a    -0.0507736717

     * ci vector, state   1, <S^2> = -0.0000
       222...     0.6940850869
       22ba..     0.3226483901
       22ab..     0.3226483901
       22b.a.    -0.1465930340
       22a.b.    -0.1465930340
       a22b..     0.1425878970
       b22a..     0.1425878970
       2baab.    -0.1327512696
       2abba.    -0.1327512696
       2b2a..    -0.1200463674
       2a2b..    -0.1200463674
       22...2    -0.1129312175
       2.2.2.    -0.1063000859
       22.b.a    -0.1002932217
       22.a.b    -0.1002932217
       2bbaa.     0.0791482396
       2aabb.     0.0791482396
       2ab2..    -0.0636584697
       2ba2..    -0.0636584697
       2.ba2.    -0.0614421832
       2.ab2.    -0.0614421832
       2abab.    -0.0536030301
       2baba.    -0.0536030301
       .22a.b     0.0514635688
       .22b.a     0.0514635688
       .222..    -0.0507865817

     * ci vector, state   2, <S^2> = 0.0000
       2a2b..    -0.3072360191
       2b2a..    -0.3072360191
       22.ba.     0.2433374289
       22.ab.     0.2433374289
       22b.a.     0.2293562165
       22a.b.     0.2293562165
       22.2..     0.2168513360
       2baab.     0.2070147136
       2abba.     0.2070147136
       22.a.b    -0.1824313607
       22.b.a    -0.1824313607
       b22a..     0.1739235469
       a22b..     0.1739235469
       a2bba.     0.1564921459
       b2aab.     0.1564921459
       2abab.     0.1078637015
       2baba.     0.1078637015
       2bbaa.    -0.0991510120
       2aabb.    -0.0991510120
       a2abb.    -0.0953641348
       b2baa.    -0.0953641348
       2abb.a     0.0867814785
       2baa.b     0.0867814785
       22...2    -0.0791993827
       .222..    -0.0780735508
       22a..b     0.0760768674
       22b..a     0.0760768674
       2b.a.2    -0.0653253814
       2a.b.2    -0.0653253814
       2bab.a     0.0614074205
       2aba.b     0.0614074205
       b2aba.     0.0611280111
       a2bab.     0.0611280111
       22..ab     0.0586793837
       22..ba     0.0586793837
       b2.a.2     0.0580215039
       a2.b.2     0.0580215039
       .22ba.    -0.0538841133
       .22ab.    -0.0538841133
       2.2ba.    -0.0534558497
       2.2ab.    -0.0534558497
       222...    -0.0524750882
       ab2a.b    -0.0517760199
       ba2b.a    -0.0517760199
       2b2..a    -0.0516265265
       2a2..b    -0.0516265265

     * ci vector, state   3, <S^2> = 0.0000
       222...    -0.4158181107
       22.2..     0.2975139178
       b22a..     0.2778994992
       a22b..     0.2778994992
       22.a.b    -0.2599781787
       22.b.a    -0.2599781787
       2abba.    -0.2277961271
       2baab.    -0.2277961271
       22a.b.    -0.1968961496
       22b.a.    -0.1968961496
       2baba.    -0.1210491026
       2abab.    -0.1210491026
       22ba..    -0.1135674307
       22ab..    -0.1135674307
       2aabb.     0.1067470245
       2bbaa.     0.1067470245
       .222..    -0.0964770367
       b2aab.    -0.0875136280
       a2bba.    -0.0875136280
       22.ab.    -0.0704215039
       22.ba.    -0.0704215039
       b2.a.2     0.0651756326
       a2.b.2     0.0651756326
       2.2.2.     0.0617847235
       .22..2     0.0580734610
       a2bab.    -0.0552945956
       b2aba.    -0.0552945956
       b22..a     0.0532910644
       a22..b     0.0532910644
       .22b.a     0.0514144329
       .22a.b     0.0514144329

    * METHOD: CASSCF                              48.53

  Number of auxiliary basis functions:      884

  Since a DF basis is specified, we compute 2- and 3-index integrals:
    o Being stored without compression. Storage requirement is 0.645 GB
       - 3-index ints prep                         0.00
       - 3-index ints                              0.20
       - 2-index ints                              0.06
       - computing inverse                         0.37
        elapsed time:        0.63 sec.


  Number of basis functions:      302
  Number of electrons      :       68


    * METHOD: MOLECULE                             0.87

  ---------------------------
      CASSCF calculation     
  ---------------------------

 
    ==== Active orbitals : ===== 
         Orbital 32
         Orbital 33
         Orbital 34
         Orbital 35
         Orbital 36
         Orbital 37
    ============================ 

    * nstate   :      4
    * nclosed  :     31
    * nact     :      6
    * nvirt    :    265
  === CASSCF iteration (/home/miaoxin/software/bagel-1.2.2/obj/share/aug-cc-pVDZ.json) ===

    * Using the second-order algorithm

      0  0      -386.45891668     2.44e-02      0.40
      0  1      -386.35839390     0.00e+00      0.40
      0  2      -386.32930450     0.00e+00      0.40
      0  3      -386.30352544     0.00e+00      0.40

         res : 7.43e-01   lamb: 1.00e+00   eps : -3.87e-01   step: 2.11e-01    0.27
         res : 2.78e-01   lamb: 1.00e+00   eps : -4.36e-01   step: 2.35e-01    0.23
         res : 1.49e-01   lamb: 1.00e+00   eps : -4.45e-01   step: 2.46e-01    0.23
         res : 6.85e-02   lamb: 1.00e+00   eps : -4.47e-01   step: 2.51e-01    0.22
         res : 4.09e-02   lamb: 1.00e+00   eps : -4.48e-01   step: 2.54e-01    0.26
         res : 2.48e-02   lamb: 1.00e+00   eps : -4.48e-01   step: 2.55e-01    0.35
         res : 1.18e-02   lamb: 1.00e+00   eps : -4.48e-01   step: 2.56e-01    0.22
         res : 6.38e-03   lamb: 1.00e+00   eps : -4.48e-01   step: 2.56e-01    0.23
         res : 3.48e-03   lamb: 1.00e+00   eps : -4.48e-01   step: 2.56e-01    0.42
         res : 1.64e-03   lamb: 1.00e+00   eps : -4.48e-01   step: 2.56e-01    0.25
         res : 9.38e-04   lamb: 1.00e+00   eps : -4.48e-01   step: 2.56e-01    0.24
         res : 5.39e-04   lamb: 1.00e+00   eps : -4.48e-01   step: 2.56e-01    0.24
         res : 2.69e-04   lamb: 1.00e+00   eps : -4.48e-01   step: 2.56e-01    0.24
         res : 1.56e-04   lamb: 1.00e+00   eps : -4.48e-01   step: 2.56e-01    0.28
         res : 8.11e-05   lamb: 1.00e+00   eps : -4.48e-01   step: 2.56e-01    0.25
         res : 4.42e-05   lamb: 1.00e+00   eps : -4.48e-01   step: 2.56e-01    0.33
         res : 2.63e-05   lamb: 1.00e+00   eps : -4.48e-01   step: 2.56e-01    0.32
         res : 1.31e-05   lamb: 1.00e+00   eps : -4.48e-01   step: 2.56e-01    0.25

      1  0      -386.69774340     1.19e-03      7.18
      1  1      -386.60077142     0.00e+00      7.18
      1  2      -386.56535581     0.00e+00      7.18
      1  3      -386.54113486     0.00e+00      7.18

         res : 7.20e-02   lamb: 1.00e+00   eps : -4.57e-03   step: 6.61e-02    0.30
         res : 4.31e-02   lamb: 1.00e+00   eps : -5.87e-03   step: 8.76e-02    0.25
         res : 2.52e-02   lamb: 1.00e+00   eps : -6.35e-03   step: 9.67e-02    0.36
         res : 1.75e-02   lamb: 1.00e+00   eps : -6.53e-03   step: 1.00e-01    0.31
         res : 1.12e-02   lamb: 1.00e+00   eps : -6.62e-03   step: 1.03e-01    0.25
         res : 7.06e-03   lamb: 1.00e+00   eps : -6.65e-03   step: 1.04e-01    0.30
         res : 4.63e-03   lamb: 1.00e+00   eps : -6.66e-03   step: 1.05e-01    0.38
         res : 2.91e-03   lamb: 1.00e+00   eps : -6.67e-03   step: 1.05e-01    0.25
         res : 1.87e-03   lamb: 1.00e+00   eps : -6.67e-03   step: 1.05e-01    0.42
         res : 1.28e-03   lamb: 1.00e+00   eps : -6.67e-03   step: 1.05e-01    0.29
         res : 8.72e-04   lamb: 1.00e+00   eps : -6.67e-03   step: 1.05e-01    0.25
         res : 5.71e-04   lamb: 1.00e+00   eps : -6.67e-03   step: 1.05e-01    0.26
         res : 3.99e-04   lamb: 1.00e+00   eps : -6.67e-03   step: 1.05e-01    0.28
         res : 2.56e-04   lamb: 1.00e+00   eps : -6.67e-03   step: 1.05e-01    0.30
         res : 1.62e-04   lamb: 1.00e+00   eps : -6.67e-03   step: 1.05e-01    0.27
         res : 9.99e-05   lamb: 1.00e+00   eps : -6.67e-03   step: 1.05e-01    0.34
         res : 6.03e-05   lamb: 1.00e+00   eps : -6.67e-03   step: 1.05e-01    0.26
         res : 3.67e-05   lamb: 1.00e+00   eps : -6.67e-03   step: 1.05e-01    0.26
         res : 2.33e-05   lamb: 1.00e+00   eps : -6.67e-03   step: 1.05e-01    0.27
         res : 1.49e-05   lamb: 1.00e+00   eps : -6.67e-03   step: 1.05e-01    0.46
         res : 9.93e-06   lamb: 1.00e+00   eps : -6.67e-03   step: 1.05e-01    0.26

      2  0      -386.69974877     4.58e-05      8.77
      2  1      -386.60504107     0.00e+00      8.77
      2  2      -386.56909290     0.00e+00      8.77
      2  3      -386.54471378     0.00e+00      8.77

         res : 2.47e-03   lamb: 1.00e+00   eps : -1.13e-05   step: 5.09e-03    0.34
         res : 1.22e-03   lamb: 1.00e+00   eps : -1.34e-05   step: 6.53e-03    0.24
         res : 7.34e-04   lamb: 1.00e+00   eps : -1.40e-05   step: 6.71e-03    0.25
         res : 4.29e-04   lamb: 1.00e+00   eps : -1.41e-05   step: 6.76e-03    0.30
         res : 3.32e-04   lamb: 1.00e+00   eps : -1.42e-05   step: 6.84e-03    0.39
         res : 2.23e-04   lamb: 1.00e+00   eps : -1.42e-05   step: 6.89e-03    0.24
         res : 1.53e-04   lamb: 1.00e+00   eps : -1.42e-05   step: 6.90e-03    0.25
         res : 9.16e-05   lamb: 1.00e+00   eps : -1.42e-05   step: 6.89e-03    0.40
         res : 6.31e-05   lamb: 1.00e+00   eps : -1.42e-05   step: 6.88e-03    0.24
         res : 4.06e-05   lamb: 1.00e+00   eps : -1.42e-05   step: 6.89e-03    0.26
         res : 2.81e-05   lamb: 1.00e+00   eps : -1.42e-05   step: 6.89e-03    0.32
         res : 1.80e-05   lamb: 1.00e+00   eps : -1.42e-05   step: 6.89e-03    0.30
         res : 1.20e-05   lamb: 1.00e+00   eps : -1.42e-05   step: 6.89e-03    0.26
         res : 7.59e-06   lamb: 1.00e+00   eps : -1.42e-05   step: 6.89e-03    0.31
         res : 5.18e-06   lamb: 1.00e+00   eps : -1.42e-05   step: 6.89e-03    0.29
         res : 3.39e-06   lamb: 1.00e+00   eps : -1.42e-05   step: 6.89e-03    0.25
         res : 2.18e-06   lamb: 1.00e+00   eps : -1.42e-05   step: 6.89e-03    0.26
         res : 1.30e-06   lamb: 1.00e+00   eps : -1.42e-05   step: 6.89e-03    0.41
         res : 8.06e-07   lamb: 1.00e+00   eps : -1.42e-05   step: 6.89e-03    0.30
         res : 5.12e-07   lamb: 1.00e+00   eps : -1.42e-05   step: 6.89e-03    0.26

      3  0      -386.69963939     1.02e-05      8.16
      3  1      -386.60519391     0.00e+00      8.16
      3  2      -386.56914885     0.00e+00      8.16
      3  3      -386.54464803     0.00e+00      8.16

         res : 5.35e-04   lamb: 1.00e+00   eps : -5.98e-07   step: 1.15e-03    0.31
         res : 2.15e-04   lamb: 1.00e+00   eps : -6.81e-07   step: 1.46e-03    0.26
         res : 1.29e-04   lamb: 1.00e+00   eps : -6.98e-07   step: 1.49e-03    0.27
         res : 5.92e-05   lamb: 1.00e+00   eps : -7.02e-07   step: 1.49e-03    0.47
         res : 3.81e-05   lamb: 1.00e+00   eps : -7.04e-07   step: 1.50e-03    0.25
         res : 2.25e-05   lamb: 1.00e+00   eps : -7.04e-07   step: 1.51e-03    0.31
         res : 1.60e-05   lamb: 1.00e+00   eps : -7.04e-07   step: 1.51e-03    0.33
         res : 9.72e-06   lamb: 1.00e+00   eps : -7.04e-07   step: 1.51e-03    0.25
         res : 6.32e-06   lamb: 1.00e+00   eps : -7.04e-07   step: 1.51e-03    0.26
         res : 3.92e-06   lamb: 1.00e+00   eps : -7.04e-07   step: 1.51e-03    0.25
         res : 2.55e-06   lamb: 1.00e+00   eps : -7.04e-07   step: 1.51e-03    0.39
         res : 1.63e-06   lamb: 1.00e+00   eps : -7.04e-07   step: 1.51e-03    0.26
         res : 1.13e-06   lamb: 1.00e+00   eps : -7.04e-07   step: 1.51e-03    0.30
         res : 7.91e-07   lamb: 1.00e+00   eps : -7.04e-07   step: 1.51e-03    0.24
         res : 5.60e-07   lamb: 1.00e+00   eps : -7.04e-07   step: 1.51e-03    0.25
         res : 3.75e-07   lamb: 1.00e+00   eps : -7.04e-07   step: 1.51e-03    0.26
         res : 2.60e-07   lamb: 1.00e+00   eps : -7.04e-07   step: 1.51e-03    0.33
         res : 1.72e-07   lamb: 1.00e+00   eps : -7.04e-07   step: 1.51e-03    0.35
         res : 1.09e-07   lamb: 1.00e+00   eps : -7.04e-07   step: 1.51e-03    0.25

      4  0      -386.69962161     3.51e-06      7.97
      4  1      -386.60522744     0.00e+00      7.97
      4  2      -386.56916279     0.00e+00      7.97
      4  3      -386.54462018     0.00e+00      7.97

         res : 1.73e-04   lamb: 1.00e+00   eps : -5.76e-08   step: 3.28e-04    0.33
         res : 6.82e-05   lamb: 1.00e+00   eps : -6.65e-08   step: 4.43e-04    0.24
         res : 4.18e-05   lamb: 1.00e+00   eps : -6.82e-08   step: 4.54e-04    0.25
         res : 1.94e-05   lamb: 1.00e+00   eps : -6.87e-08   step: 4.53e-04    0.46
         res : 1.26e-05   lamb: 1.00e+00   eps : -6.88e-08   step: 4.55e-04    0.24
         res : 7.41e-06   lamb: 1.00e+00   eps : -6.88e-08   step: 4.57e-04    0.26
         res : 5.27e-06   lamb: 1.00e+00   eps : -6.88e-08   step: 4.57e-04    0.29
         res : 3.40e-06   lamb: 1.00e+00   eps : -6.89e-08   step: 4.57e-04    0.31
         res : 2.25e-06   lamb: 1.00e+00   eps : -6.89e-08   step: 4.57e-04    0.26
         res : 1.45e-06   lamb: 1.00e+00   eps : -6.89e-08   step: 4.57e-04    0.27
         res : 9.99e-07   lamb: 1.00e+00   eps : -6.89e-08   step: 4.57e-04    0.42
         res : 6.72e-07   lamb: 1.00e+00   eps : -6.89e-08   step: 4.57e-04    0.36
         res : 4.68e-07   lamb: 1.00e+00   eps : -6.89e-08   step: 4.57e-04    0.25
         res : 3.30e-07   lamb: 1.00e+00   eps : -6.89e-08   step: 4.57e-04    0.36
         res : 2.25e-07   lamb: 1.00e+00   eps : -6.89e-08   step: 4.57e-04    0.25
         res : 1.45e-07   lamb: 1.00e+00   eps : -6.89e-08   step: 4.57e-04    0.26
         res : 9.44e-08   lamb: 1.00e+00   eps : -6.89e-08   step: 4.57e-04    0.37
         res : 6.03e-08   lamb: 1.00e+00   eps : -6.89e-08   step: 4.57e-04    0.36
         res : 3.68e-08   lamb: 1.00e+00   eps : -6.89e-08   step: 4.57e-04    0.26

      5  0      -386.69961661     1.31e-06      8.09
      5  1      -386.60523849     0.00e+00      8.09
      5  2      -386.56916542     0.00e+00      8.09
      5  3      -386.54461168     0.00e+00      8.09

         res : 6.13e-05   lamb: 1.00e+00   eps : -6.99e-09   step: 1.07e-04    0.35
         res : 2.45e-05   lamb: 1.00e+00   eps : -8.17e-09   step: 1.52e-04    0.25
         res : 1.49e-05   lamb: 1.00e+00   eps : -8.39e-09   step: 1.56e-04    0.25
         res : 7.20e-06   lamb: 1.00e+00   eps : -8.44e-09   step: 1.56e-04    0.47
         res : 4.64e-06   lamb: 1.00e+00   eps : -8.46e-09   step: 1.56e-04    0.25
         res : 2.81e-06   lamb: 1.00e+00   eps : -8.46e-09   step: 1.57e-04    0.25
         res : 1.98e-06   lamb: 1.00e+00   eps : -8.47e-09   step: 1.57e-04    0.33
         res : 1.35e-06   lamb: 1.00e+00   eps : -8.47e-09   step: 1.57e-04    0.24
         res : 9.01e-07   lamb: 1.00e+00   eps : -8.47e-09   step: 1.57e-04    0.25
         res : 6.06e-07   lamb: 1.00e+00   eps : -8.47e-09   step: 1.57e-04    0.25
         res : 4.21e-07   lamb: 1.00e+00   eps : -8.47e-09   step: 1.57e-04    0.44
         res : 2.85e-07   lamb: 1.00e+00   eps : -8.47e-09   step: 1.57e-04    0.26
         res : 1.91e-07   lamb: 1.00e+00   eps : -8.47e-09   step: 1.57e-04    0.34
         res : 1.33e-07   lamb: 1.00e+00   eps : -8.47e-09   step: 1.57e-04    0.36
         res : 8.88e-08   lamb: 1.00e+00   eps : -8.47e-09   step: 1.57e-04    0.26
         res : 5.61e-08   lamb: 1.00e+00   eps : -8.47e-09   step: 1.57e-04    0.26
         res : 3.56e-08   lamb: 1.00e+00   eps : -8.47e-09   step: 1.57e-04    0.37
         res : 2.24e-08   lamb: 1.00e+00   eps : -8.47e-09   step: 1.57e-04    0.25
         res : 1.35e-08   lamb: 1.00e+00   eps : -8.47e-09   step: 1.57e-04    0.26

      6  0      -386.69961489     5.07e-07      7.97
      6  1      -386.60524256     0.00e+00      7.97
      6  2      -386.56916569     0.00e+00      7.97
      6  3      -386.54460909     0.00e+00      7.97

         res : 2.32e-05   lamb: 1.00e+00   eps : -9.85e-10   step: 3.86e-05    0.25
         res : 9.32e-06   lamb: 1.00e+00   eps : -1.16e-09   step: 5.65e-05    0.26
         res : 5.60e-06   lamb: 1.00e+00   eps : -1.19e-09   step: 5.82e-05    0.31
         res : 2.82e-06   lamb: 1.00e+00   eps : -1.20e-09   step: 5.81e-05    0.32
         res : 1.81e-06   lamb: 1.00e+00   eps : -1.20e-09   step: 5.83e-05    0.25
         res : 1.12e-06   lamb: 1.00e+00   eps : -1.20e-09   step: 5.86e-05    0.32
         res : 7.87e-07   lamb: 1.00e+00   eps : -1.20e-09   step: 5.87e-05    0.28
         res : 5.56e-07   lamb: 1.00e+00   eps : -1.20e-09   step: 5.86e-05    0.25
         res : 3.72e-07   lamb: 1.00e+00   eps : -1.20e-09   step: 5.86e-05    0.26
         res : 2.53e-07   lamb: 1.00e+00   eps : -1.20e-09   step: 5.86e-05    0.25
         res : 1.75e-07   lamb: 1.00e+00   eps : -1.20e-09   step: 5.86e-05    0.37
         res : 1.18e-07   lamb: 1.00e+00   eps : -1.20e-09   step: 5.86e-05    0.25
         res : 7.72e-08   lamb: 1.00e+00   eps : -1.20e-09   step: 5.86e-05    0.37
         res : 5.36e-08   lamb: 1.00e+00   eps : -1.20e-09   step: 5.86e-05    0.27
         res : 3.53e-08   lamb: 1.00e+00   eps : -1.20e-09   step: 5.86e-05    0.26
         res : 2.22e-08   lamb: 1.00e+00   eps : -1.20e-09   step: 5.86e-05    0.27
         res : 1.39e-08   lamb: 1.00e+00   eps : -1.20e-09   step: 5.86e-05    0.43
         res : 8.67e-09   lamb: 1.00e+00   eps : -1.20e-09   step: 5.86e-05    0.26
         res : 5.20e-09   lamb: 1.00e+00   eps : -1.20e-09   step: 5.86e-05    0.27

      7  0      -386.69961424     2.02e-07      8.08
      7  1      -386.60524414     0.00e+00      8.08
      7  2      -386.56916559     0.00e+00      8.08
      7  3      -386.54460826     0.00e+00      8.08

         res : 9.11e-06   lamb: 1.00e+00   eps : -1.52e-10   step: 1.48e-05    0.24
         res : 3.67e-06   lamb: 1.00e+00   eps : -1.79e-10   step: 2.20e-05    0.25
         res : 2.19e-06   lamb: 1.00e+00   eps : -1.84e-10   step: 2.27e-05    0.25
         res : 1.14e-06   lamb: 1.00e+00   eps : -1.85e-10   step: 2.27e-05    0.40
         res : 7.25e-07   lamb: 1.00e+00   eps : -1.85e-10   step: 2.28e-05    0.24
         res : 4.52e-07   lamb: 1.00e+00   eps : -1.85e-10   step: 2.29e-05    0.25
         res : 3.19e-07   lamb: 1.00e+00   eps : -1.85e-10   step: 2.30e-05    0.48
         res : 2.29e-07   lamb: 1.00e+00   eps : -1.85e-10   step: 2.30e-05    0.25
         res : 1.54e-07   lamb: 1.00e+00   eps : -1.85e-10   step: 2.29e-05    0.25
         res : 1.05e-07   lamb: 1.00e+00   eps : -1.85e-10   step: 2.29e-05    0.28
         res : 7.26e-08   lamb: 1.00e+00   eps : -1.85e-10   step: 2.30e-05    0.29
         res : 4.83e-08   lamb: 1.00e+00   eps : -1.85e-10   step: 2.30e-05    0.26
         res : 3.13e-08   lamb: 1.00e+00   eps : -1.85e-10   step: 2.30e-05    0.26
         res : 2.17e-08   lamb: 1.00e+00   eps : -1.85e-10   step: 2.29e-05    0.41
         res : 1.43e-08   lamb: 1.00e+00   eps : -1.85e-10   step: 2.29e-05    0.25
         res : 8.93e-09   lamb: 1.00e+00   eps : -1.85e-10   step: 2.30e-05    0.26
         res : 5.56e-09   lamb: 1.00e+00   eps : -1.85e-10   step: 2.30e-05    0.33
         res : 3.44e-09   lamb: 1.00e+00   eps : -1.85e-10   step: 2.30e-05    0.29

      8  0      -386.69961398     8.15e-08      7.53
      8  1      -386.60524477     0.00e+00      7.53
      8  2      -386.56916549     0.00e+00      7.53
      8  3      -386.54460798     0.00e+00      7.53

         res : 3.67e-06   lamb: 1.00e+00   eps : -2.45e-11   step: 5.89e-06    0.25
         res : 1.47e-06   lamb: 1.00e+00   eps : -2.90e-11   step: 8.85e-06    0.39
         res : 8.77e-07   lamb: 1.00e+00   eps : -2.97e-11   step: 9.13e-06    0.24
         res : 4.64e-07   lamb: 1.00e+00   eps : -2.99e-11   step: 9.14e-06    0.26
         res : 2.95e-07   lamb: 1.00e+00   eps : -3.00e-11   step: 9.17e-06    0.26
         res : 1.85e-07   lamb: 1.00e+00   eps : -3.00e-11   step: 9.21e-06    0.34
         res : 1.31e-07   lamb: 1.00e+00   eps : -3.00e-11   step: 9.23e-06    0.25
         res : 9.48e-08   lamb: 1.00e+00   eps : -3.00e-11   step: 9.23e-06    0.26
         res : 6.36e-08   lamb: 1.00e+00   eps : -3.00e-11   step: 9.22e-06    0.42
         res : 4.32e-08   lamb: 1.00e+00   eps : -3.00e-11   step: 9.22e-06    0.25
         res : 3.00e-08   lamb: 1.00e+00   eps : -3.00e-11   step: 9.22e-06    0.25
         res : 1.98e-08   lamb: 1.00e+00   eps : -3.00e-11   step: 9.23e-06    0.25
         res : 1.28e-08   lamb: 1.00e+00   eps : -3.00e-11   step: 9.23e-06    0.30
         res : 8.86e-09   lamb: 1.00e+00   eps : -3.00e-11   step: 9.22e-06    0.25
         res : 5.80e-09   lamb: 1.00e+00   eps : -3.00e-11   step: 9.22e-06    0.26
         res : 3.63e-09   lamb: 1.00e+00   eps : -3.00e-11   step: 9.22e-06    0.33

      9  0      -386.69961388     3.33e-08      6.94
      9  1      -386.60524503     0.00e+00      6.94
      9  2      -386.56916544     0.00e+00      6.94
      9  3      -386.54460789     0.00e+00      6.94

         res : 1.50e-06   lamb: 1.00e+00   eps : -4.07e-12   step: 2.38e-06    0.25
         res : 5.98e-07   lamb: 1.00e+00   eps : -4.83e-12   step: 3.60e-06    0.32
         res : 3.57e-07   lamb: 1.00e+00   eps : -4.94e-12   step: 3.72e-06    0.30
         res : 1.91e-07   lamb: 1.00e+00   eps : -4.97e-12   step: 3.73e-06    0.27
         res : 1.21e-07   lamb: 1.00e+00   eps : -4.99e-12   step: 3.74e-06    0.30
         res : 7.61e-08   lamb: 1.00e+00   eps : -4.99e-12   step: 3.76e-06    0.29
         res : 5.39e-08   lamb: 1.00e+00   eps : -4.99e-12   step: 3.76e-06    0.27
         res : 3.93e-08   lamb: 1.00e+00   eps : -4.99e-12   step: 3.76e-06    0.27
         res : 2.64e-08   lamb: 1.00e+00   eps : -4.99e-12   step: 3.76e-06    0.47
         res : 1.79e-08   lamb: 1.00e+00   eps : -4.99e-12   step: 3.76e-06    0.26
         res : 1.24e-08   lamb: 1.00e+00   eps : -4.99e-12   step: 3.76e-06    0.33
         res : 8.17e-09   lamb: 1.00e+00   eps : -4.99e-12   step: 3.76e-06    0.28
         res : 5.25e-09   lamb: 1.00e+00   eps : -4.99e-12   step: 3.76e-06    0.25
         res : 3.63e-09   lamb: 1.00e+00   eps : -4.99e-12   step: 3.76e-06    0.26

     10  0      -386.69961384     1.37e-08      6.40
     10  1      -386.60524513     0.00e+00      6.40
     10  2      -386.56916541     0.00e+00      6.40
     10  3      -386.54460785     0.00e+00      6.40

         res : 6.16e-07   lamb: 1.00e+00   eps : -6.86e-13   step: 9.75e-07    0.41
         res : 2.45e-07   lamb: 1.00e+00   eps : -8.14e-13   step: 1.48e-06    0.25
         res : 1.46e-07   lamb: 1.00e+00   eps : -8.33e-13   step: 1.53e-06    0.30
         res : 7.89e-08   lamb: 1.00e+00   eps : -8.39e-13   step: 1.53e-06    0.34
         res : 4.99e-08   lamb: 1.00e+00   eps : -8.40e-13   step: 1.54e-06    0.25
         res : 3.14e-08   lamb: 1.00e+00   eps : -8.41e-13   step: 1.54e-06    0.25
         res : 2.24e-08   lamb: 1.00e+00   eps : -8.41e-13   step: 1.55e-06    0.41
         res : 1.64e-08   lamb: 1.00e+00   eps : -8.42e-13   step: 1.55e-06    0.30
         res : 1.10e-08   lamb: 1.00e+00   eps : -8.42e-13   step: 1.54e-06    0.26
         res : 7.48e-09   lamb: 1.00e+00   eps : -8.42e-13   step: 1.54e-06    0.29
         res : 5.15e-09   lamb: 1.00e+00   eps : -8.42e-13   step: 1.55e-06    0.30
         res : 3.36e-09   lamb: 1.00e+00   eps : -8.42e-13   step: 1.55e-06    0.26

     11  0      -386.69961382     5.65e-09      5.92
     11  1      -386.60524517     0.00e+00      5.92
     11  2      -386.56916540     0.00e+00      5.92
     11  3      -386.54460784     0.00e+00      5.92

    * Second-order optimization converged. *   

    * Integral transformation done. Elapsed time: 0.39

     guess   0:   closed 11....               open ..11..              
     guess   1:   closed 111...               open ......              
     guess   2:   closed 11....               open ..1.1.              
     guess   3:   closed 11.1..               open ......              

  === FCI iteration ===

      0  0      -386.63127098     9.06e-03      0.01
      0  1      -386.54722488     8.17e-03      0.00
      0  2      -386.41970254     8.47e-03      0.00
      0  3      -386.40638700     8.73e-03      0.00

      1  0      -386.68784092     4.42e-03      0.00
      1  1      -386.59146121     3.95e-03      0.00
      1  2      -386.48912278     5.47e-03      0.00
      1  3      -386.47779132     5.20e-03      0.00

      2  0      -386.69848455     1.55e-03      0.00
      2  1      -386.60169421     2.06e-03      0.00
      2  2      -386.53782068     6.05e-03      0.00
      2  3      -386.51587442     5.35e-03      0.00

      3  0      -386.69951835     4.45e-04      0.00
      3  1      -386.60448169     1.13e-03      0.00
      3  2      -386.56251937     3.19e-03      0.00
      3  3      -386.53799844     3.11e-03      0.00

      4  0      -386.69959853     1.49e-04      0.00
      4  1      -386.60516919     3.68e-04      0.00
      4  2      -386.56825024     1.25e-03      0.00
      4  3      -386.54383430     1.08e-03      0.00

      5  0      -386.69961049     6.94e-05      0.00
      5  1      -386.60523613     1.25e-04      0.00
      5  2      -386.56904444     4.21e-04      0.00
      5  3      -386.54448734     4.13e-04      0.00

      6  0      -386.69961335     2.70e-05      0.01
      6  1      -386.60524430     3.79e-05      0.00
      6  2      -386.56915217     1.41e-04      0.00
      6  3      -386.54459049     1.51e-04      0.00

      7  0      -386.69961378     8.21e-06      0.01
      7  1      -386.60524505     1.46e-05      0.00
      7  2      -386.56916353     5.24e-05      0.00
      7  3      -386.54460447     6.64e-05      0.00

      8  0      -386.69961382     2.31e-06      0.01
      8  1      -386.60524516     5.02e-06      0.00
      8  2      -386.56916503     1.98e-05      0.00
      8  3      -386.54460723     2.66e-05      0.00

      9  0      -386.69961382     8.00e-07      0.01
      9  1      -386.60524517     1.35e-06      0.00
      9  2      -386.56916530     1.12e-05      0.00
      9  3      -386.54460770     1.37e-05      0.00

     10  0      -386.69961382     2.32e-07      0.01
     10  1      -386.60524517     4.10e-07      0.00
     10  2      -386.56916538     4.67e-06      0.00
     10  3      -386.54460782     5.72e-06      0.00

     11  0      -386.69961382     5.31e-08      0.01
     11  1      -386.60524517     1.14e-07      0.00
     11  2      -386.56916540     1.44e-06      0.00
     11  3      -386.54460784     1.69e-06      0.00

     12  0      -386.69961382     1.11e-08      0.01
     12  1      -386.60524517     2.68e-08      0.00
     12  2      -386.56916540     4.17e-07      0.00
     12  3      -386.54460784     5.47e-07      0.00

     13  0      -386.69961382     2.19e-09      0.01
     13  1      -386.60524517     5.61e-09      0.00
     13  2      -386.56916540     1.01e-07      0.00
     13  3      -386.54460784     1.47e-07      0.00

     14  0      -386.69961382     4.50e-10      0.01
     14  1      -386.60524517     1.37e-09      0.00
     14  2      -386.56916540     2.57e-08      0.00
     14  3      -386.54460784     4.45e-08      0.00

     15  0 *    -386.69961382     9.85e-11      0.01
     15  1      -386.60524517     3.20e-10      0.00
     15  2      -386.56916540     6.98e-09      0.00
     15  3      -386.54460784     1.34e-08      0.00

     16  0 *    -386.69961382     8.02e-11      0.01
     16  1 *    -386.60524517     7.21e-11      0.00
     16  2      -386.56916540     1.54e-09      0.00
     16  3      -386.54460784     3.30e-09      0.00

     17  0 *    -386.69961382     7.85e-11      0.01
     17  1 *    -386.60524517     3.86e-11      0.00
     17  2      -386.56916540     4.04e-10      0.00
     17  3      -386.54460784     1.01e-09      0.00

     18  0 *    -386.69961382     7.82e-11      0.01
     18  1 *    -386.60524517     3.67e-11      0.00
     18  2 *    -386.56916540     9.20e-11      0.00
     18  3      -386.54460784     2.59e-10      0.00

     19  0 *    -386.69961382     7.85e-11      0.01
     19  1 *    -386.60524517     3.64e-11      0.00
     19  2 *    -386.56916540     4.53e-11      0.00
     19  3 *    -386.54460784     6.55e-11      0.00

     * ci vector, state   0, <S^2> = -0.0000
       222...    -0.5440475217
       22ab..    -0.5272698997
       22ba..    -0.5272698997
       a2bb.a    -0.0982914978
       b2aa.b    -0.0982914978
       2.2.2.     0.0801444112
       2.ba2.     0.0783464866
       2.ab2.     0.0783464866
       b22a..     0.0777379883
       a22b..     0.0777379883
       2ba2..     0.0643685885
       2ab2..     0.0643685885
       22...2     0.0540261627
       .2ab.2     0.0533339808
       .2ba.2     0.0533339808

     * ci vector, state   1, <S^2> = 0.0000
       222...     0.6928397658
       22ab..    -0.3591873114
       22ba..    -0.3591873114
       22b.a.     0.1445763630
       22a.b.     0.1445763630
       2abba.     0.1283298049
       2baab.     0.1283298049
       b22a..    -0.1257449971
       a22b..    -0.1257449971
       2.2.2.    -0.1022508758
       22...2    -0.1007124947
       2a2b..    -0.0934779005
       2b2a..    -0.0934779005
       2aabb.    -0.0776989084
       2bbaa.    -0.0776989084
       22.a.b    -0.0703678220
       22.b.a    -0.0703678220
       2ba2..     0.0702617017
       2ab2..     0.0702617017
       2.ab2.     0.0656725322
       2.ba2.     0.0656725322
       a2bb.a    -0.0517378813
       b2aa.b    -0.0517378813
       2baba.     0.0506308965
       2abab.     0.0506308965

     * ci vector, state   2, <S^2> = 0.0000
       2a2b..    -0.3251904334
       2b2a..    -0.3251904334
       22.ba.     0.2416833439
       22.ab.     0.2416833439
       22.2..     0.2292042140
       22b.a.    -0.2231601252
       22a.b.    -0.2231601252
       2baab.    -0.2118760241
       2abba.    -0.2118760241
       b22a..    -0.1679217513
       a22b..    -0.1679217513
       22.a.b    -0.1634371029
       22.b.a    -0.1634371029
       a2bba.     0.1525763437
       b2aab.     0.1525763437
       2abab.    -0.1117572884
       2baba.    -0.1117572884
       2bbaa.     0.1001187358
       2aabb.     0.1001187358
       a2abb.    -0.0946655306
       b2baa.    -0.0946655306
       2abb.a    -0.0859940777
       2baa.b    -0.0859940777
       .222..    -0.0806539683
       22...2    -0.0795108421
       22a..b    -0.0789521171
       22b..a    -0.0789521171
       22..ab     0.0619240977
       22..ba     0.0619240977
       2bab.a    -0.0607296683
       2aba.b    -0.0607296683
       2b.a.2    -0.0602245242
       2a.b.2    -0.0602245242
       b2aba.     0.0579108131
       a2bab.     0.0579108131
       2.2ba.    -0.0561955427
       2.2ab.    -0.0561955427
       b2.a.2    -0.0540253605
       a2.b.2    -0.0540253605
       2b2..a    -0.0519982412
       2a2..b    -0.0519982412
       .22ba.    -0.0513174476
       .22ab.    -0.0513174476

     * ci vector, state   3, <S^2> = 0.0000
       222...    -0.3602762499
       22.2..     0.3118871352
       a22b..    -0.3035517524
       b22a..    -0.3035517524
       22.b.a    -0.2675661786
       22.a.b    -0.2675661786
       2baab.     0.2262525006
       2abba.     0.2262525006
       22b.a.     0.2017297542
       22a.b.     0.2017297542
       2abab.     0.1192608804
       2baba.     0.1192608804
       22ab..     0.1097923797
       22ba..     0.1097923797
       2bbaa.    -0.1069916202
       2aabb.    -0.1069916202
       .222..    -0.1046831745
       a2bba.    -0.0743515873
       b2aab.    -0.0743515873
       a2.b.2    -0.0668327015
       b2.a.2    -0.0668327015
       a22..b    -0.0591152487
       b22..a    -0.0591152487
       22.ba.    -0.0580981893
       22.ab.    -0.0580981893
       .22..2     0.0565903283
       .22a.b     0.0553873910
       .22b.a     0.0553873910
       2.2.2.     0.0538688946
       b2aba.    -0.0502644922
       a2bab.    -0.0502644922

    * METHOD: CASSCF                              84.89

  === SMITH program ===

    * freezing 10 orbitals
    * SS-SR internal contraction is used

    * Approximate memory requirement for SMITH calulation per MPI process:
      o Storage requirement for T-amplitude, lambda, and residual is 0.14 GB
      o Storage requirement for MO integrals is 0.02 GB
       - MO integral evaluation                    4.26

  ++ State-averaged Fock matrix over basis states ++

                         0                   1                   2                   3
     0       -1.5638548975        0.0582665346       -0.0013530972       -0.0474260696
     1        0.0582665346       -1.5135546805       -0.0070154156        0.1424293706
     2       -0.0013530972       -0.0070154156       -1.2396469286       -0.0115013379
     3       -0.0474260696        0.1424293706       -0.0115013379       -1.2889261977


  ++ Extended multi-state CASPT2 (XMS-CASPT2) rotation matrix ++

                         0                   1                   2                   3
     0       -0.6620923849        0.7475411684        0.0299283387        0.0438197435
     1        0.6622158118        0.6163938660       -0.1824301212       -0.3850299616
     2       -0.0007004736        0.0095651859       -0.8981206511        0.4396445298
     3       -0.3508609436       -0.2472838666       -0.3990023075       -0.8102743030


  ++ Reference energies in XMS basis ++

                         0                   1                   2                   3
     0     -386.6391485310        0.0519677316        0.0103815262        0.0199655862
     1        0.0519677316     -386.6542688210        0.0035616654        0.0092102529
     2        0.0103815262        0.0035616654     -386.5665733703        0.0052341320
     3        0.0199655862        0.0092102529        0.0052341320     -386.5586415102

    * Calculating and saving rdm4f

    - linear dependency detected:    1 /   72    min eigenvalue:    -7.0350e-16    max eigenvalue:    -7.0350e-16
    - linear dependency detected:    1 /   72    min eigenvalue:     1.7026e-15    max eigenvalue:     1.7026e-15
    - linear dependency detected:    1 /   72    min eigenvalue:     4.2666e-16    max eigenvalue:     4.2666e-16
    - linear dependency detected:    1 /   72    min eigenvalue:    -2.4524e-15    max eigenvalue:    -2.4524e-15
    - linear dependency detected:    9 /  216    min eigenvalue:    -1.5509e-15    max eigenvalue:     8.0202e-10
    - linear dependency detected:    8 /  216    min eigenvalue:    -2.1313e-15    max eigenvalue:     4.6006e-10
    - linear dependency detected:    8 /  216    min eigenvalue:    -4.7712e-15    max eigenvalue:     1.5901e-10
    - linear dependency detected:    7 /  216    min eigenvalue:    -2.9615e-15    max eigenvalue:     1.4698e-10
    - linear dependency detected:    9 /  216    min eigenvalue:    -3.8368e-16    max eigenvalue:     4.4469e-10
    - linear dependency detected:    9 /  216    min eigenvalue:    -2.6424e-16    max eigenvalue:     4.1688e-10
    - linear dependency detected:    8 /  216    min eigenvalue:    -2.1758e-16    max eigenvalue:     5.7977e-10
    - linear dependency detected:    6 /  216    min eigenvalue:    -9.0478e-16    max eigenvalue:     6.6144e-16
       - RDM + denominator evaluation              1.91

    * Zeroth order energy : state  0       -1.6472661028
    * Zeroth order energy : state  1       -1.5001394852
    * Zeroth order energy : state  2       -1.2461364659
    * Zeroth order energy : state  3       -1.2124406504

    * CASPT2 iteration is performed using redundant basis

      ---- iteration ----

        0    -1.13779482     0.00113802      3.34
        1    -1.13851249     0.00007585      3.48
        2    -1.13851728     0.00000691      3.83
        3    -1.13851733     0.00000082      3.27

        0    -1.10941285     0.00098390      3.64
        1    -1.11002682     0.00006641      3.23
        2    -1.11003126     0.00000625      3.27
        3    -1.11003131     0.00000075      3.45

        0    -1.10462041     0.00088791      3.74
        1    -1.10519234     0.00006165      3.42
        2    -1.10519703     0.00000631      3.38
        3    -1.10519709     0.00000073      3.38

        0    -1.10841423     0.00083550      3.64
        1    -1.10895107     0.00006001      3.58
        2    -1.10895604     0.00000779      3.32
        3    -1.10895611     0.00000088      3.34

      -------------------

       - CASPT2 energy evaluation                 57.58

    * CASPT2 energy : state  0     -387.9580589638
        w/o shift correction       -387.7776658651
        reference weight              0.7348692998

    * CASPT2 energy : state  1     -387.9370857394
        w/o shift correction       -387.7643001321
        reference weight              0.7431787995

    * CASPT2 energy : state  2     -387.8455508628
        w/o shift correction       -387.6717704592
        reference weight              0.7420815407

    * CASPT2 energy : state  3     -387.8442673819
        w/o shift correction       -387.6675976198
        reference weight              0.7389128759


    * MS-CASPT2 Heff
           -387.9580589638        0.0331469530        0.0033576279        0.0134023540
              0.0331469530     -387.9370857394        0.0011838593        0.0078399568
              0.0033576279        0.0011838593     -387.8455508628        0.0056997936
              0.0134023540        0.0078399568        0.0056997936     -387.8442673819


    * MS-CASPT2 rotation matrix
             -0.8115607652        0.5646530990        0.0658363372       -0.1349132269
              0.5823823838        0.8022768753        0.0655290149       -0.1135276290
              0.0129733697       -0.0249695777       -0.8142184330       -0.5798763275
              0.0450729972       -0.1920812672        0.5730792862       -0.7953950864


    * XMS-CASPT2 rotation matrix
              0.9750463688        0.2167182259        0.0061398812       -0.0477503000
             -0.1981726297        0.9469530012        0.0118748181        0.2527184421
              0.0143035180       -0.0547433822        0.9837982431        0.1701163964
              0.0990333123       -0.2309034129       -0.1787800531        0.9512695252

    * MS-CASPT2 energy : state  0     -387.9826435006
    * MS-CASPT2 energy : state  1     -387.9156703641
    * MS-CASPT2 energy : state  2     -387.8499293742
    * MS-CASPT2 energy : state  3     -387.8367197090



    * METHOD: SMITH                               83.77


  
  ===============================================================

