    * Using parallel algorithm in FCI.
    * Parallel algorithm will be used.
  ---------------------------
        FCI calculation      
  ---------------------------

 Constructing space of all determinants that can formed by removing 1 electron from 6 alpha and 6 beta electrons.

 Space is made up of 4 determinants.
  o forming links
    * Integral transformation done. Elapsed time: 0.10

       - jop, kop                                  0.00
       - denom                                     0.02
     guess   0:   closed 111111......         open ............        
     guess   1:   closed 11111.......         open .....11.....        

  === FCI iteration ===

      0  0      -386.63543330     3.86e-04      0.62
      0  1      -386.39916957     4.10e-04      0.00

      1  0      -386.74624933     1.82e-04      0.62
      1  1      -386.53368341     2.50e-04      0.00

      2  0      -386.76492535     8.14e-05      0.64
      2  1      -386.57656458     1.34e-04      0.00

      3  0      -386.76812320     3.40e-05      0.65
      3  1      -386.58743246     7.04e-05      0.00

      4  0      -386.76863644     1.35e-05      0.68
      4  1      -386.59027515     3.86e-05      0.00

      5  0      -386.76871265     5.36e-06      0.67
      5  1      -386.59112622     2.14e-05      0.00

      6  0      -386.76872434     2.13e-06      0.67
      6  1      -386.59138041     1.20e-05      0.00

      7  0      -386.76872620     8.52e-07      0.65
      7  1      -386.59146375     7.28e-06      0.00

      8  0      -386.76872652     3.68e-07      0.63
      8  1      -386.59150243     5.43e-06      0.00

      9  0      -386.76872657     1.47e-07      0.64
      9  1      -386.59152246     3.59e-06      0.00

     10  0      -386.76872658     5.53e-08      0.64
     10  1      -386.59152899     1.82e-06      0.00

     11  0      -386.76872658     1.93e-08      0.64
     11  1      -386.59153048     7.92e-07      0.00

     12  0      -386.76872658     6.90e-09      0.68
     12  1      -386.59153078     3.64e-07      0.00

     13  0      -386.76872658     2.80e-09      0.70
     13  1      -386.59153085     1.87e-07      0.00

     14  0      -386.76872658     1.17e-09      0.70
     14  1      -386.59153086     9.31e-08      0.00

     15  0      -386.76872658     4.67e-10      0.69
     15  1      -386.59153087     4.59e-08      0.00

     16  0      -386.76872658     1.83e-10      0.66
     16  1      -386.59153087     2.46e-08      0.00

     17  0 *    -386.76872658     7.03e-11      0.55
     17  1      -386.59153087     1.36e-08      0.00

     18  0 *    -386.76872658     6.68e-11      0.34
     18  1      -386.59153087     7.09e-09      0.00

     19  0 *    -386.76872658     6.67e-11      0.34
     19  1      -386.59153087     3.30e-09      0.00

     20  0 *    -386.76872658     6.67e-11      0.34
     20  1      -386.59153087     1.53e-09      0.00

     21  0 *    -386.76872658     6.66e-11      0.34
     21  1      -386.59153087     7.28e-10      0.00
    ** throwing out 1 trial vectors **

     22  0 *    -386.76872658     6.65e-11      0.35
     22  1      -386.59153087     3.73e-10      0.00
    ** throwing out 1 trial vectors **

     23  0 *    -386.76872658     6.64e-11      0.37
     23  1      -386.59153087     2.05e-10      0.00
    ** throwing out 1 trial vectors **

     24  0 *    -386.76872658     6.64e-11      0.37
     24  1      -386.59153087     1.13e-10      0.00
    ** throwing out 1 trial vectors **

     25  0 *    -386.76872658     6.64e-11      0.26
     25  1 *    -386.59153087     5.79e-11      0.00

     * ci vector   0, <S^2> = 0.0000, E =     -386.76872658
       222222......     0.9098167374
       222.22..2...    -0.1770207060
       2222.22.....    -0.1269004632
       22222..2....    -0.1177661226
       2.2222....2.    -0.0895356344
       2222aabb....    -0.0686746683
       2222bbaa....    -0.0686746683
       2222baba....    -0.0685231710
       2222abab....    -0.0685231710
       .22222.....2    -0.0682373105
       22222.2.....    -0.0628316393
       22222ba.....     0.0558663352
       22222ab.....     0.0558663352

     * ci vector   1, <S^2> = -0.0000, E =     -386.59153087
       22222ba.....    -0.5604601694
       22222ab.....    -0.5604601694
       2222a2.b....     0.2503405637
       2222b2.a....     0.2503405637
       222.2ba.2...     0.1083028210
       222.2ab.2...     0.1083028210
       22b2a22.....    -0.0929544532
       22a2b22.....    -0.0929544532
       222222......     0.0908129761
       22222..b.a..    -0.0746220371
       22222..a.b..    -0.0746220371
       22222.b..a..    -0.0622806337
       22222.a..b..    -0.0622806337
       22a22bba....     0.0596479786
       22b22aab....     0.0596479786
       2222.2a..b..     0.0586544815
       2222.2b..a..     0.0586544815
       2222ba2.....     0.0582073851
       2222ab2.....     0.0582073851
       2.222ba...2.     0.0550545849
       2.222ab...2.     0.0550545849
       2222baa..b..     0.0548634005
       2222abb..a..     0.0548634005
       2222abab....    -0.0546644317
       2222baba....    -0.0546644317
       2222.2.2....    -0.0542369075
       22b22a2.....    -0.0525872132
       22a22b2.....    -0.0525872132
       2222ab.b.a..    -0.0523078776
       2222ba.a.b..    -0.0523078776
       22a22b.2....     0.0521842720
       22b22a.2....     0.0521842720
       22b2a2ab....    -0.0517440224
       22a2b2ba....    -0.0517440224
       - FCI and RDMs                             16.19
    * Integral transformation done. Elapsed time: 0.09

       - jop, kop                                  0.00
       - denom                                     0.02
     guess   0:   closed 111111......         open ............        
     guess   1:   closed 11111.......         open .....11.....        

  === FCI iteration ===

      0  0      -386.69979226     3.86e-04      0.61
      0  1      -386.46287158     4.10e-04      0.00

      1  0      -386.81053696     1.82e-04      0.63
      1  1      -386.59733141     2.50e-04      0.00

      2  0      -386.82919405     8.14e-05      0.66
      2  1      -386.64019513     1.34e-04      0.00

      3  0      -386.83238021     3.40e-05      0.66
      3  1      -386.65101960     7.00e-05      0.00

      4  0      -386.83289000     1.34e-05      0.67
      4  1      -386.65383316     3.82e-05      0.00

      5  0      -386.83296557     5.34e-06      0.66
      5  1      -386.65467168     2.12e-05      0.00

      6  0      -386.83297717     2.12e-06      0.65
      6  1      -386.65492105     1.19e-05      0.00

      7  0      -386.83297899     8.36e-07      0.66
      7  1      -386.65500159     7.11e-06      0.00

      8  0      -386.83297929     3.55e-07      0.65
      8  1      -386.65503790     5.23e-06      0.00

      9  0      -386.83297934     1.42e-07      0.65
      9  1      -386.65505655     3.48e-06      0.00

     10  0      -386.83297935     5.37e-08      0.67
     10  1      -386.65506276     1.79e-06      0.00

     11  0      -386.83297935     1.89e-08      0.67
     11  1      -386.65506421     7.86e-07      0.00

     12  0      -386.83297935     6.80e-09      0.68
     12  1      -386.65506450     3.65e-07      0.00

     13  0      -386.83297935     2.80e-09      0.66
     13  1      -386.65506457     1.91e-07      0.00

     14  0      -386.83297935     1.18e-09      0.66
     14  1      -386.65506459     9.75e-08      0.00

     15  0      -386.83297935     4.72e-10      0.67
     15  1      -386.65506459     4.88e-08      0.00

     16  0      -386.83297935     1.85e-10      0.67
     16  1      -386.65506459     2.64e-08      0.00

     17  0 *    -386.83297935     7.07e-11      0.58
     17  1      -386.65506459     1.46e-08      0.00

     18  0 *    -386.83297935     6.71e-11      0.36
     18  1      -386.65506459     7.39e-09      0.00

     19  0 *    -386.83297935     6.70e-11      0.36
     19  1      -386.65506459     3.37e-09      0.00

     20  0 *    -386.83297935     6.70e-11      0.36
     20  1      -386.65506459     1.53e-09      0.00

     21  0 *    -386.83297935     6.69e-11      0.36
     21  1      -386.65506459     7.32e-10      0.00
    ** throwing out 1 trial vectors **

     22  0 *    -386.83297935     6.68e-11      0.35
     22  1      -386.65506459     3.78e-10      0.00
    ** throwing out 1 trial vectors **

     23  0 *    -386.83297935     6.67e-11      0.34
     23  1      -386.65506459     2.07e-10      0.00
    ** throwing out 1 trial vectors **

     24  0 *    -386.83297935     6.67e-11      0.34
     24  1      -386.65506459     1.14e-10      0.00
    ** throwing out 1 trial vectors **

     25  0 *    -386.83297935     6.67e-11      0.24
     25  1 *    -386.65506459     5.71e-11      0.00

     * ci vector   0, <S^2> = -0.0000, E =     -386.83297935
       222222......    -0.9098324836
       222.22..2...     0.1755749181
       2222.22.....     0.1265468295
       22222..2....     0.1174567790
       2.2222....2.     0.0893764823
       2222bbaa....    -0.0686167114
       2222aabb....    -0.0686167114
       2222baba....    -0.0681198496
       2222abab....    -0.0681198496
       .22222.....2     0.0679226678
       22222.2.....     0.0625322393
       22222ab.....    -0.0576344734
       22222ba.....    -0.0576344734

     * ci vector   1, <S^2> = -0.0000, E =     -386.65506459
       22222ab.....     0.5607336400
       22222ba.....     0.5607336400
       2222b2.a....     0.2487910571
       2222a2.b....     0.2487910571
       222.2ab.2...    -0.1075040386
       222.2ba.2...    -0.1075040386
       222222......    -0.0937296906
       22a2b22.....    -0.0925333282
       22b2a22.....    -0.0925333282
       22222..a.b..    -0.0746302744
       22222..b.a..    -0.0746302744
       22222.a..b..    -0.0614611028
       22222.b..a..    -0.0614611028
       2222ab2.....     0.0593448837
       2222ba2.....     0.0593448837
       22b22aab....    -0.0587128651
       22a22bba....    -0.0587128651
       2222.2b..a..     0.0576976527
       2222.2a..b..     0.0576976527
       2222abb..a..    -0.0553961448
       2222baa..b..    -0.0553961448
       2222.2.2....     0.0550159771
       2.222ab...2.    -0.0549553232
       2.222ba...2.    -0.0549553232
       2222baba....    -0.0531616371
       2222abab....    -0.0531616371
       22a22b2.....     0.0526445703
       22b22a2.....     0.0526445703
       22b22a.2....    -0.0521814437
       22a22b.2....    -0.0521814437
       22a2b2ba....    -0.0512975253
       22b2a2ab....    -0.0512975253
       2222ba.a.b..     0.0511551014
       2222ab.b.a..     0.0511551014
       - FCI and RDMs                             16.08
    * Integral transformation done. Elapsed time: 0.10

       - jop, kop                                  0.00
       - denom                                     0.02
     guess   0:   closed 111111......         open ............        
     guess   1:   closed 11111.......         open .....11.....        

  === FCI iteration ===

      0  0      -386.69986212     3.86e-04      0.69
      0  1      -386.46316102     4.10e-04      0.00

      1  0      -386.81060935     1.82e-04      0.69
      1  1      -386.59754962     2.50e-04      0.00

      2  0      -386.82929902     8.15e-05      0.67
      2  1      -386.64041292     1.34e-04      0.00

      3  0      -386.83249666     3.40e-05      0.66
      3  1      -386.65125586     7.02e-05      0.00

      4  0      -386.83300779     1.34e-05      0.66
      4  1      -386.65407632     3.84e-05      0.00

      5  0      -386.83308332     5.33e-06      0.67
      5  1      -386.65492045     2.13e-05      0.00

      6  0      -386.83309489     2.12e-06      0.68
      6  1      -386.65517333     1.20e-05      0.00

      7  0      -386.83309672     8.39e-07      0.69
      7  1      -386.65525564     7.19e-06      0.00

      8  0      -386.83309702     3.57e-07      0.69
      8  1      -386.65529273     5.28e-06      0.00

      9  0      -386.83309707     1.43e-07      0.68
      9  1      -386.65531160     3.49e-06      0.00

     10  0      -386.83309708     5.40e-08      0.66
     10  1      -386.65531783     1.80e-06      0.00

     11  0      -386.83309708     1.91e-08      0.63
     11  1      -386.65531929     7.91e-07      0.00

     12  0      -386.83309708     6.92e-09      0.64
     12  1      -386.65531959     3.70e-07      0.00

     13  0      -386.83309708     2.86e-09      0.65
     13  1      -386.65531966     1.96e-07      0.00

     14  0      -386.83309708     1.20e-09      0.67
     14  1      -386.65531968     1.00e-07      0.00

     15  0      -386.83309708     4.79e-10      0.71
     15  1      -386.65531969     5.04e-08      0.00

     16  0      -386.83309708     1.87e-10      0.70
     16  1      -386.65531969     2.75e-08      0.00

     17  0 *    -386.83309708     7.13e-11      0.58
     17  1      -386.65531969     1.51e-08      0.00

     18  0 *    -386.83309708     6.86e-11      0.36
     18  1      -386.65531969     7.56e-09      0.00

     19  0 *    -386.83309708     6.86e-11      0.34
     19  1      -386.65531969     3.43e-09      0.00

     20  0 *    -386.83309708     6.86e-11      0.34
     20  1      -386.65531969     1.56e-09      0.00

     21  0 *    -386.83309708     6.84e-11      0.34
     21  1      -386.65531969     7.57e-10      0.00
    ** throwing out 1 trial vectors **

     22  0 *    -386.83309708     6.83e-11      0.34
     22  1      -386.65531969     3.98e-10      0.00
    ** throwing out 1 trial vectors **

     23  0 *    -386.83309708     6.83e-11      0.35
     23  1      -386.65531969     2.20e-10      0.00
    ** throwing out 1 trial vectors **

     24  0 *    -386.83309708     6.83e-11      0.36
     24  1      -386.65531969     1.20e-10      0.00
    ** throwing out 1 trial vectors **

     25  0 *    -386.83309708     6.83e-11      0.25
     25  1 *    -386.65531969     5.98e-11      0.00

     * ci vector   0, <S^2> = -0.0000, E =     -386.83309708
       222222......    -0.9097987441
       222.22..2...     0.1747326792
       2222.22.....     0.1264858118
       22222..2....     0.1173729767
       2.2222....2.     0.0893998764
       2222aabb....    -0.0686225425
       2222bbaa....    -0.0686225425
       2222abab....    -0.0682390832
       2222baba....    -0.0682390832
       .22222.....2     0.0679667637
       22222.2.....     0.0623825574
       22222ab.....     0.0575672195
       22222ba.....     0.0575672195

     * ci vector   1, <S^2> = -0.0000, E =     -386.65531969
       22222ba.....    -0.5607853132
       22222ab.....    -0.5607853132
       2222b2.a....    -0.2491157604
       2222a2.b....    -0.2491157604
       222.2ba.2...     0.1070374965
       222.2ab.2...     0.1070374965
       222222......    -0.0932498874
       22b2a22.....    -0.0922567138
       22a2b22.....    -0.0922567138
       22222..b.a..     0.0746352247
       22222..a.b..     0.0746352247
       22222.b..a..     0.0612399417
       22222.a..b..     0.0612399417
       2222ba2.....     0.0593075110
       2222ab2.....     0.0593075110
       22b22aab....    -0.0586649868
       22a22bba....    -0.0586649868
       2222.2a..b..    -0.0577698876
       2222.2b..a..    -0.0577698876
       2222abb..a..     0.0554283305
       2222baa..b..     0.0554283305
       2.222ba...2.     0.0549735517
       2.222ab...2.     0.0549735517
       2222.2.2....     0.0542820345
       22b22a2.....     0.0529428696
       22a22b2.....     0.0529428696
       2222abab....    -0.0528499660
       2222baba....    -0.0528499660
       22a22b.2....    -0.0523618974
       22b22a.2....    -0.0523618974
       22b2a2ab....    -0.0516310547
       22a2b2ba....    -0.0516310547
       2222ab.b.a..    -0.0511532419
       2222ba.a.b..    -0.0511532419
       - FCI and RDMs                             16.47
    * Integral transformation done. Elapsed time: 0.09

       - jop, kop                                  0.00
       - denom                                     0.02
     guess   0:   closed 111111......         open ............        
     guess   1:   closed 11111.......         open .....11.....        

  === FCI iteration ===

      0  0      -386.69983990     3.86e-04      0.63
      0  1      -386.46315214     4.10e-04      0.00

      1  0      -386.81058686     1.83e-04      0.63
      1  1      -386.59752511     2.50e-04      0.00

      2  0      -386.82929240     8.16e-05      0.64
      2  1      -386.64040492     1.34e-04      0.00

      3  0      -386.83249410     3.40e-05      0.64
      3  1      -386.65125655     7.02e-05      0.00

      4  0      -386.83300549     1.34e-05      0.64
      4  1      -386.65407818     3.84e-05      0.00

      5  0      -386.83308100     5.33e-06      0.64
      5  1      -386.65492317     2.13e-05      0.00

      6  0      -386.83309256     2.12e-06      0.64
      6  1      -386.65517674     1.20e-05      0.00

      7  0      -386.83309440     8.40e-07      0.63
      7  1      -386.65525947     7.21e-06      0.00

      8  0      -386.83309470     3.58e-07      0.63
      8  1      -386.65529675     5.29e-06      0.00

      9  0      -386.83309475     1.43e-07      0.67
      9  1      -386.65531569     3.50e-06      0.00

     10  0      -386.83309476     5.41e-08      0.66
     10  1      -386.65532195     1.80e-06      0.00

     11  0      -386.83309476     1.92e-08      0.64
     11  1      -386.65532341     7.94e-07      0.00

     12  0      -386.83309476     6.96e-09      0.63
     12  1      -386.65532371     3.72e-07      0.00

     13  0      -386.83309476     2.88e-09      0.63
     13  1      -386.65532379     1.97e-07      0.00

     14  0      -386.83309476     1.21e-09      0.65
     14  1      -386.65532381     1.01e-07      0.00

     15  0      -386.83309476     4.82e-10      0.68
     15  1      -386.65532381     5.09e-08      0.00

     16  0      -386.83309476     1.89e-10      0.68
     16  1      -386.65532382     2.77e-08      0.00

     17  0 *    -386.83309476     7.18e-11      0.57
     17  1      -386.65532382     1.52e-08      0.00

     18  0 *    -386.83309476     6.93e-11      0.35
     18  1      -386.65532382     7.60e-09      0.00

     19  0 *    -386.83309476     6.93e-11      0.35
     19  1      -386.65532382     3.44e-09      0.00

     20  0 *    -386.83309476     6.93e-11      0.34
     20  1      -386.65532382     1.57e-09      0.00

     21  0 *    -386.83309476     6.92e-11      0.34
     21  1      -386.65532382     7.59e-10      0.00
    ** throwing out 1 trial vectors **

     22  0 *    -386.83309476     6.91e-11      0.34
     22  1      -386.65532382     4.00e-10      0.00
    ** throwing out 1 trial vectors **

     23  0 *    -386.83309476     6.90e-11      0.35
     23  1      -386.65532382     2.21e-10      0.00
    ** throwing out 1 trial vectors **

     24  0 *    -386.83309476     6.90e-11      0.36
     24  1      -386.65532382     1.21e-10      0.00
    ** throwing out 1 trial vectors **

     25  0 *    -386.83309476     6.90e-11      0.26
     25  1 *    -386.65532382     6.01e-11      0.00

     * ci vector   0, <S^2> = -0.0000, E =     -386.83309476
       222222......    -0.9097690398
       222.22..2...     0.1743361242
       2222.22.....     0.1264688862
       22222..2....     0.1173484667
       2.2222....2.     0.0894599042
       2222bbaa....     0.0686192050
       2222aabb....     0.0686192050
       2222abab....     0.0682778230
       2222baba....     0.0682778230
       .22222.....2     0.0680103568
       22222.2.....     0.0623312436
       22222ab.....    -0.0577497895
       22222ba.....    -0.0577497895

     * ci vector   1, <S^2> = 0.0000, E =     -386.65532382
       22222ab.....     0.5607371913
       22222ba.....     0.5607371913
       2222b2.a....    -0.2492140626
       2222a2.b....    -0.2492140626
       222.2ab.2...    -0.1068001769
       222.2ba.2...    -0.1068001769
       222222......    -0.0934372166
       22a2b22.....     0.0921535031
       22b2a22.....     0.0921535031
       22222..a.b..    -0.0746312382
       22222..b.a..    -0.0746312382
       22222.a..b..     0.0611388527
       22222.b..a..     0.0611388527
       2222ab2.....     0.0593847161
       2222ba2.....     0.0593847161
       22b22aab....    -0.0586145299
       22a22bba....    -0.0586145299
       2222.2b..a..    -0.0577195311
       2222.2a..b..    -0.0577195311
       2222abb..a..     0.0554222753
       2222baa..b..     0.0554222753
       2.222ab...2.    -0.0550079254
       2.222ba...2.    -0.0550079254
       2222.2.2....     0.0541707316
       22a22b2.....    -0.0528809252
       22b22a2.....    -0.0528809252
       2222baba....     0.0526959516
       2222abab....     0.0526959516
       22b22a.2....     0.0523660656
       22a22b.2....     0.0523660656
       22a2b2ba....    -0.0516785974
       22b2a2ab....    -0.0516785974
       2222ba.a.b..     0.0511453913
       2222ab.b.a..     0.0511453913
       - FCI and RDMs                             15.94
    * Integral transformation done. Elapsed time: 0.09

       - jop, kop                                  0.00
       - denom                                     0.02
     guess   0:   closed 111111......         open ............        
     guess   1:   closed 11111.......         open .....11.....        

  === FCI iteration ===

      0  0      -386.69983306     3.86e-04      0.61
      0  1      -386.46314465     4.10e-04      0.00

      1  0      -386.81058229     1.83e-04      0.63
      1  1      -386.59751828     2.50e-04      0.00

      2  0      -386.82929102     8.16e-05      0.65
      2  1      -386.64040215     1.34e-04      0.00

      3  0      -386.83249350     3.40e-05      0.65
      3  1      -386.65125605     7.02e-05      0.00

      4  0      -386.83300495     1.34e-05      0.66
      4  1      -386.65407820     3.84e-05      0.00

      5  0      -386.83308046     5.33e-06      0.64
      5  1      -386.65492346     2.13e-05      0.00

      6  0      -386.83309202     2.12e-06      0.63
      6  1      -386.65517721     1.20e-05      0.00

      7  0      -386.83309385     8.41e-07      0.62
      7  1      -386.65526004     7.21e-06      0.00

      8  0      -386.83309416     3.58e-07      0.64
      8  1      -386.65529737     5.29e-06      0.00

      9  0      -386.83309421     1.43e-07      0.66
      9  1      -386.65531633     3.50e-06      0.00

     10  0      -386.83309422     5.41e-08      0.66
     10  1      -386.65532259     1.80e-06      0.00

     11  0      -386.83309422     1.92e-08      0.66
     11  1      -386.65532406     7.95e-07      0.00

     12  0      -386.83309422     6.97e-09      0.66
     12  1      -386.65532436     3.73e-07      0.00

     13  0      -386.83309422     2.89e-09      0.64
     13  1      -386.65532444     1.97e-07      0.00

     14  0      -386.83309422     1.21e-09      0.64
     14  1      -386.65532446     1.01e-07      0.00

     15  0      -386.83309422     4.83e-10      0.65
     15  1      -386.65532446     5.10e-08      0.00

     16  0      -386.83309422     1.89e-10      0.68
     16  1      -386.65532446     2.78e-08      0.00

     17  0 *    -386.83309422     7.19e-11      0.57
     17  1      -386.65532446     1.52e-08      0.00

     18  0 *    -386.83309422     6.95e-11      0.35
     18  1      -386.65532446     7.61e-09      0.00

     19  0 *    -386.83309422     6.94e-11      0.35
     19  1      -386.65532446     3.44e-09      0.00

     20  0 *    -386.83309422     6.94e-11      0.35
     20  1      -386.65532446     1.57e-09      0.00

     21  0 *    -386.83309422     6.93e-11      0.35
     21  1      -386.65532446     7.60e-10      0.00
    ** throwing out 1 trial vectors **

     22  0 *    -386.83309422     6.92e-11      0.35
     22  1      -386.65532446     4.00e-10      0.00
    ** throwing out 1 trial vectors **

     23  0 *    -386.83309422     6.92e-11      0.35
     23  1      -386.65532446     2.22e-10      0.00
    ** throwing out 1 trial vectors **

     24  0 *    -386.83309422     6.92e-11      0.35
     24  1      -386.65532446     1.21e-10      0.00
    ** throwing out 1 trial vectors **

     25  0 *    -386.83309422     6.92e-11      0.26
     25  1 *    -386.65532446     6.02e-11      0.00

     * ci vector   0, <S^2> = -0.0000, E =     -386.83309422
       222222......    -0.9097613548
       222.22..2...     0.1742583836
       2222.22.....     0.1264645445
       22222..2....     0.1173419123
       2.2222....2.     0.0894733533
       2222aabb....     0.0686186221
       2222bbaa....     0.0686186221
       2222abab....     0.0682899832
       2222baba....     0.0682899832
       .22222.....2     0.0680203996
       22222.2.....     0.0623181068
       22222ab.....     0.0577965145
       22222ba.....     0.0577965145

     * ci vector   1, <S^2> = -0.0000, E =     -386.65532446
       22222ba.....     0.5607184608
       22222ab.....     0.5607184608
       2222a2.b....    -0.2492472638
       2222b2.a....    -0.2492472638
       222.2ba.2...    -0.1067537640
       222.2ab.2...    -0.1067537640
       222222......     0.0934904031
       22b2a22.....     0.0921509688
       22a2b22.....     0.0921509688
       22222..b.a..     0.0746236703
       22222..a.b..     0.0746236703
       22222.b..a..     0.0611230496
       22222.a..b..     0.0611230496
       2222ba2.....     0.0593999595
       2222ab2.....     0.0593999595
       22b22aab....    -0.0586204040
       22a22bba....    -0.0586204040
       2222.2a..b..    -0.0577143280
       2222.2b..a..    -0.0577143280
       2222baa..b..    -0.0554091214
       2222abb..a..    -0.0554091214
       2.222ba...2.    -0.0550146897
       2.222ab...2.    -0.0550146897
       2222.2.2....    -0.0541438774
       22b22a2.....     0.0528641940
       22a22b2.....     0.0528641940
       2222abab....    -0.0526550295
       2222baba....    -0.0526550295
       22a22b.2....    -0.0523681349
       22b22a.2....    -0.0523681349
       22b2a2ab....     0.0516943697
       22a2b2ba....     0.0516943697
       2222ab.b.a..     0.0511460534
       2222ba.a.b..     0.0511460534
       - FCI and RDMs                             15.96
    * Integral transformation done. Elapsed time: 0.09

       - jop, kop                                  0.00
       - denom                                     0.02
     guess   0:   closed 111111......         open ............        
     guess   1:   closed 11111.......         open .....11.....        

  === FCI iteration ===

      0  0      -386.69983109     3.86e-04      0.62
      0  1      -386.46314178     4.10e-04      0.00

      1  0      -386.81058120     1.83e-04      0.65
      1  1      -386.59751607     2.50e-04      0.00

      2  0      -386.82929073     8.16e-05      0.64
      2  1      -386.64040120     1.34e-04      0.00

      3  0      -386.83249340     3.40e-05      0.65
      3  1      -386.65125578     7.02e-05      0.00

      4  0      -386.83300486     1.34e-05      0.66
      4  1      -386.65407811     3.84e-05      0.00

      5  0      -386.83308037     5.33e-06      0.65
      5  1      -386.65492346     2.13e-05      0.00

      6  0      -386.83309193     2.12e-06      0.65
      6  1      -386.65517726     1.20e-05      0.00

      7  0      -386.83309377     8.41e-07      0.64
      7  1      -386.65526012     7.21e-06      0.00

      8  0      -386.83309407     3.58e-07      0.66
      8  1      -386.65529746     5.29e-06      0.00

      9  0      -386.83309412     1.43e-07      0.65
      9  1      -386.65531643     3.50e-06      0.00

     10  0      -386.83309413     5.41e-08      0.65
     10  1      -386.65532269     1.80e-06      0.00

     11  0      -386.83309413     1.92e-08      0.66
     11  1      -386.65532416     7.95e-07      0.00

     12  0      -386.83309413     6.97e-09      0.66
     12  1      -386.65532446     3.73e-07      0.00

     13  0      -386.83309413     2.89e-09      0.65
     13  1      -386.65532453     1.97e-07      0.00

     14  0      -386.83309413     1.21e-09      0.65
     14  1      -386.65532455     1.01e-07      0.00

     15  0      -386.83309413     4.83e-10      0.66
     15  1      -386.65532456     5.10e-08      0.00

     16  0      -386.83309413     1.89e-10      0.66
     16  1      -386.65532456     2.78e-08      0.00

     17  0 *    -386.83309413     7.20e-11      0.57
     17  1      -386.65532456     1.52e-08      0.00

     18  0 *    -386.83309413     6.95e-11      0.35
     18  1      -386.65532456     7.62e-09      0.00

     19  0 *    -386.83309413     6.95e-11      0.35
     19  1      -386.65532456     3.44e-09      0.00

     20  0 *    -386.83309413     6.95e-11      0.34
     20  1      -386.65532456     1.57e-09      0.00

     21  0 *    -386.83309413     6.94e-11      0.35
     21  1      -386.65532456     7.60e-10      0.00
    ** throwing out 1 trial vectors **

     22  0 *    -386.83309413     6.92e-11      0.36
     22  1      -386.65532456     4.01e-10      0.00
    ** throwing out 1 trial vectors **

     23  0 *    -386.83309413     6.92e-11      0.35
     23  1      -386.65532456     2.22e-10      0.00
    ** throwing out 1 trial vectors **

     24  0 *    -386.83309413     6.92e-11      0.34
     24  1      -386.65532456     1.21e-10      0.00
    ** throwing out 1 trial vectors **

     25  0 *    -386.83309413     6.92e-11      0.24
     25  1 *    -386.65532456     6.02e-11      0.00

     * ci vector   0, <S^2> = 0.0000, E =     -386.83309413
       222222......    -0.9097594036
       222.22..2...     0.1742382905
       2222.22.....     0.1264639427
       22222..2....     0.1173397512
       2.2222....2.     0.0894765738
       2222aabb....    -0.0686184467
       2222bbaa....    -0.0686184467
       2222abab....    -0.0682937355
       2222baba....    -0.0682937355
       .22222.....2     0.0680232035
       22222.2.....     0.0623145343
       22222ba.....    -0.0578082380
       22222ab.....    -0.0578082380

     * ci vector   1, <S^2> = -0.0000, E =     -386.65532456
       22222ba.....    -0.5607123003
       22222ab.....    -0.5607123003
       2222a2.b....    -0.2492583169
       2222b2.a....    -0.2492583169
       222.2ba.2...     0.1067416865
       222.2ab.2...     0.1067416865
       222222......     0.0935042410
       22b2a22.....    -0.0921538860
       22a2b22.....    -0.0921538860
       22222..b.a..    -0.0746192235
       22222..a.b..    -0.0746192235
       22222.b..a..     0.0611210924
       22222.a..b..     0.0611210924
       2222ba2.....     0.0594024909
       2222ab2.....     0.0594024909
       22a22bba....    -0.0586255560
       22b22aab....    -0.0586255560
       2222.2a..b..    -0.0577150678
       2222.2b..a..    -0.0577150678
       2222baa..b..    -0.0554020855
       2222abb..a..    -0.0554020855
       2.222ba...2.     0.0550161619
       2.222ab...2.     0.0550161619
       2222.2.2....    -0.0541370133
       22b22a2.....    -0.0528584637
       22a22b2.....    -0.0528584637
       2222abab....     0.0526446873
       2222baba....     0.0526446873
       22a22b.2....     0.0523674262
       22b22a.2....     0.0523674262
       22b2a2ab....     0.0516970832
       22a2b2ba....     0.0516970832
       2222ab.b.a..    -0.0511480118
       2222ba.a.b..    -0.0511480118
       - FCI and RDMs                             15.99
    * Integral transformation done. Elapsed time: 0.09

       - jop, kop                                  0.00
       - denom                                     0.02
     guess   0:   closed 111111......         open ............        
     guess   1:   closed 11111.......         open .....11.....        

  === FCI iteration ===

      0  0      -386.69983049     3.86e-04      0.62
      0  1      -386.46314070     4.10e-04      0.00

      1  0      -386.81058092     1.83e-04      0.63
      1  1      -386.59751529     2.50e-04      0.00

      2  0      -386.82929068     8.16e-05      0.63
      2  1      -386.64040086     1.34e-04      0.00

      3  0      -386.83249340     3.40e-05      0.63
      3  1      -386.65125565     7.02e-05      0.00

      4  0      -386.83300486     1.34e-05      0.64
      4  1      -386.65407804     3.84e-05      0.00

      5  0      -386.83308038     5.33e-06      0.63
      5  1      -386.65492343     2.13e-05      0.00

      6  0      -386.83309194     2.12e-06      0.64
      6  1      -386.65517725     1.20e-05      0.00

      7  0      -386.83309377     8.41e-07      0.62
      7  1      -386.65526011     7.21e-06      0.00

      8  0      -386.83309407     3.58e-07      0.62
      8  1      -386.65529746     5.29e-06      0.00

      9  0      -386.83309413     1.43e-07      0.62
      9  1      -386.65531642     3.50e-06      0.00

     10  0      -386.83309413     5.41e-08      0.63
     10  1      -386.65532269     1.80e-06      0.00

     11  0      -386.83309413     1.92e-08      0.68
     11  1      -386.65532415     7.95e-07      0.00

     12  0      -386.83309413     6.98e-09      0.69
     12  1      -386.65532445     3.73e-07      0.00

     13  0      -386.83309414     2.89e-09      0.69
     13  1      -386.65532453     1.97e-07      0.00

     14  0      -386.83309414     1.21e-09      0.70
     14  1      -386.65532455     1.01e-07      0.00

     15  0      -386.83309414     4.83e-10      0.69
     15  1      -386.65532456     5.10e-08      0.00

     16  0      -386.83309414     1.89e-10      0.69
     16  1      -386.65532456     2.78e-08      0.00

     17  0 *    -386.83309414     7.20e-11      0.57
     17  1      -386.65532456     1.52e-08      0.00

     18  0 *    -386.83309414     6.95e-11      0.34
     18  1      -386.65532456     7.62e-09      0.00

     19  0 *    -386.83309414     6.95e-11      0.35
     19  1      -386.65532456     3.44e-09      0.00

     20  0 *    -386.83309414     6.95e-11      0.34
     20  1      -386.65532456     1.57e-09      0.00

     21  0 *    -386.83309414     6.94e-11      0.34
     21  1      -386.65532456     7.60e-10      0.00
    ** throwing out 1 trial vectors **

     22  0 *    -386.83309414     6.93e-11      0.35
     22  1      -386.65532456     4.01e-10      0.00
    ** throwing out 1 trial vectors **

     23  0 *    -386.83309414     6.92e-11      0.35
     23  1      -386.65532456     2.22e-10      0.00
    ** throwing out 1 trial vectors **

     24  0 *    -386.83309414     6.92e-11      0.34
     24  1      -386.65532456     1.21e-10      0.00
    ** throwing out 1 trial vectors **

     25  0 *    -386.83309414     6.92e-11      0.25
     25  1 *    -386.65532456     6.03e-11      0.00

     * ci vector   0, <S^2> = -0.0000, E =     -386.83309414
       222222......    -0.9097589151
       222.22..2...     0.1742326600
       2222.22.....     0.1264641396
       22222..2....     0.1173389798
       2.2222....2.     0.0894773240
       2222aabb....     0.0686183852
       2222bbaa....     0.0686183852
       2222abab....     0.0682949410
       2222baba....     0.0682949410
       .22222.....2     0.0680239308
       22222.2.....     0.0623135723
       22222ba.....    -0.0578108806
       22222ab.....    -0.0578108806

     * ci vector   1, <S^2> = -0.0000, E =     -386.65532456
       22222ba.....    -0.5607103099
       22222ab.....    -0.5607103099
       2222a2.b....     0.2492619897
       2222b2.a....     0.2492619897
       222.2ba.2...     0.1067382626
       222.2ab.2...     0.1067382626
       222222......     0.0935075858
       22b2a22.....    -0.0921557513
       22a2b22.....    -0.0921557513
       22222..b.a..     0.0746170544
       22222..a.b..     0.0746170544
       22222.b..a..     0.0611213972
       22222.a..b..     0.0611213972
       2222ba2.....     0.0594024822
       2222ab2.....     0.0594024822
       22a22bba....     0.0586281341
       22b22aab....     0.0586281341
       2222.2a..b..    -0.0577161483
       2222.2b..a..    -0.0577161483
       2222baa..b..    -0.0553987865
       2222abb..a..    -0.0553987865
       2.222ba...2.     0.0550164623
       2.222ab...2.     0.0550164623
       2222.2.2....    -0.0541353551
       22b22a2.....    -0.0528561984
       22a22b2.....    -0.0528561984
       2222abab....    -0.0526422385
       2222baba....    -0.0526422385
       22a22b.2....     0.0523665460
       22b22a.2....     0.0523665460
       22b2a2ab....    -0.0516970500
       22a2b2ba....    -0.0516970500
       2222ab.b.a..     0.0511493306
       2222ba.a.b..     0.0511493306
       - FCI and RDMs                             15.98
    * Integral transformation done. Elapsed time: 0.09

       - jop, kop                                  0.00
       - denom                                     0.02
     guess   0:   closed 111111......         open ............        
     guess   1:   closed 11111.......         open .....11.....        

  === FCI iteration ===

      0  0      -386.69983029     3.86e-04      0.61
      0  1      -386.46314027     4.10e-04      0.00

      1  0      -386.81058085     1.83e-04      0.61
      1  1      -386.59751500     2.50e-04      0.00

      2  0      -386.82929068     8.16e-05      0.62
      2  1      -386.64040073     1.34e-04      0.00

      3  0      -386.83249342     3.40e-05      0.62
      3  1      -386.65125559     7.02e-05      0.00

      4  0      -386.83300488     1.34e-05      0.62
      4  1      -386.65407801     3.84e-05      0.00

      5  0      -386.83308039     5.33e-06      0.64
      5  1      -386.65492341     2.13e-05      0.00

      6  0      -386.83309195     2.12e-06      0.64
      6  1      -386.65517723     1.20e-05      0.00

      7  0      -386.83309378     8.41e-07      0.65
      7  1      -386.65526009     7.21e-06      0.00

      8  0      -386.83309409     3.58e-07      0.65
      8  1      -386.65529744     5.29e-06      0.00

      9  0      -386.83309414     1.43e-07      0.65
      9  1      -386.65531641     3.50e-06      0.00

     10  0      -386.83309415     5.41e-08      0.64
     10  1      -386.65532267     1.80e-06      0.00

     11  0      -386.83309415     1.92e-08      0.63
     11  1      -386.65532414     7.95e-07      0.00

     12  0      -386.83309415     6.98e-09      0.64
     12  1      -386.65532444     3.73e-07      0.00

     13  0      -386.83309415     2.89e-09      0.64
     13  1      -386.65532452     1.97e-07      0.00

     14  0      -386.83309415     1.21e-09      0.64
     14  1      -386.65532454     1.01e-07      0.00

     15  0      -386.83309415     4.83e-10      0.66
     15  1      -386.65532454     5.10e-08      0.00

     16  0      -386.83309415     1.89e-10      0.66
     16  1      -386.65532454     2.78e-08      0.00

     17  0 *    -386.83309415     7.20e-11      0.56
     17  1      -386.65532454     1.52e-08      0.00

     18  0 *    -386.83309415     6.95e-11      0.35
     18  1      -386.65532454     7.62e-09      0.00

     19  0 *    -386.83309415     6.95e-11      0.35
     19  1      -386.65532454     3.44e-09      0.00

     20  0 *    -386.83309415     6.95e-11      0.34
     20  1      -386.65532454     1.57e-09      0.00

     21  0 *    -386.83309415     6.94e-11      0.33
     21  1      -386.65532454     7.61e-10      0.00
    ** throwing out 1 trial vectors **

     22  0 *    -386.83309415     6.93e-11      0.35
     22  1      -386.65532454     4.01e-10      0.00
    ** throwing out 1 trial vectors **

     23  0 *    -386.83309415     6.92e-11      0.35
     23  1      -386.65532454     2.22e-10      0.00
    ** throwing out 1 trial vectors **

     24  0 *    -386.83309415     6.92e-11      0.35
     24  1      -386.65532454     1.21e-10      0.00
    ** throwing out 1 trial vectors **

     25  0 *    -386.83309415     6.92e-11      0.25
     25  1 *    -386.65532454     6.03e-11      0.00

     * ci vector   0, <S^2> = -0.0000, E =     -386.83309415
       222222......    -0.9097587986
       222.22..2...     0.1742310784
       2222.22.....     0.1264643804
       22222..2....     0.1173386887
       2.2222....2.     0.0894775039
       2222aabb....     0.0686183643
       2222bbaa....     0.0686183643
       2222baba....     0.0682953503
       2222abab....     0.0682953503
       .22222.....2     0.0680241183
       22222.2.....     0.0623133261
       22222ba.....    -0.0578113489
       22222ab.....    -0.0578113489

     * ci vector   1, <S^2> = 0.0000, E =     -386.65532454
       22222ba.....    -0.5607096422
       22222ab.....    -0.5607096422
       2222b2.a....     0.2492632501
       2222a2.b....     0.2492632501
       222.2ba.2...     0.1067372817
       222.2ab.2...     0.1067372817
       222222......     0.0935083043
       22b2a22.....    -0.0921566943
       22a2b22.....    -0.0921566943
       22222..a.b..     0.0746160634
       22222..b.a..     0.0746160634
       22222.b..a..     0.0611218588
       22222.a..b..     0.0611218588
       2222ab2.....     0.0594021811
       2222ba2.....     0.0594021811
       22a22bba....     0.0586293187
       22b22aab....     0.0586293187
       2222.2a..b..    -0.0577168270
       2222.2b..a..    -0.0577168270
       2222baa..b..    -0.0553973063
       2222abb..a..    -0.0553973063
       2.222ba...2.     0.0550165195
       2.222ab...2.     0.0550165195
       2222.2.2....    -0.0541350096
       22b22a2.....    -0.0528552441
       22a22b2.....    -0.0528552441
       2222baba....    -0.0526417507
       2222abab....    -0.0526417507
       22a22b.2....     0.0523659929
       22b22a.2....     0.0523659929
       22a2b2ba....    -0.0516967047
       22b2a2ab....    -0.0516967047
       2222ab.b.a..     0.0511500316
       2222ba.a.b..     0.0511500316
       - FCI and RDMs                             15.66
    * Integral transformation done. Elapsed time: 0.09

       - jop, kop                                  0.00
       - denom                                     0.02
     guess   0:   closed 111111......         open ............        
     guess   1:   closed 11111.......         open .....11.....        

  === FCI iteration ===

      0  0      -386.69983021     3.86e-04      0.62
      0  1      -386.46314009     4.10e-04      0.00

      1  0      -386.81058084     1.83e-04      0.64
      1  1      -386.59751488     2.50e-04      0.00

      2  0      -386.82929069     8.16e-05      0.64
      2  1      -386.64040068     1.34e-04      0.00

      3  0      -386.83249343     3.40e-05      0.64
      3  1      -386.65125557     7.02e-05      0.00

      4  0      -386.83300489     1.34e-05      0.64
      4  1      -386.65407800     3.84e-05      0.00

      5  0      -386.83308040     5.33e-06      0.63
      5  1      -386.65492340     2.13e-05      0.00

      6  0      -386.83309196     2.12e-06      0.63
      6  1      -386.65517722     1.20e-05      0.00

      7  0      -386.83309379     8.41e-07      0.64
      7  1      -386.65526008     7.21e-06      0.00

      8  0      -386.83309410     3.58e-07      0.65
      8  1      -386.65529743     5.29e-06      0.00

      9  0      -386.83309415     1.43e-07      0.65
      9  1      -386.65531640     3.50e-06      0.00

     10  0      -386.83309416     5.41e-08      0.65
     10  1      -386.65532266     1.80e-06      0.00

     11  0      -386.83309416     1.92e-08      0.65
     11  1      -386.65532413     7.95e-07      0.00

     12  0      -386.83309416     6.98e-09      0.65
     12  1      -386.65532443     3.73e-07      0.00

     13  0      -386.83309416     2.89e-09      0.65
     13  1      -386.65532451     1.97e-07      0.00

     14  0      -386.83309416     1.21e-09      0.64
     14  1      -386.65532453     1.01e-07      0.00

     15  0      -386.83309416     4.83e-10      0.63
     15  1      -386.65532453     5.10e-08      0.00

     16  0      -386.83309416     1.89e-10      0.65
     16  1      -386.65532453     2.78e-08      0.00

     17  0 *    -386.83309416     7.20e-11      0.56
     17  1      -386.65532453     1.52e-08      0.00

     18  0 *    -386.83309416     6.95e-11      0.35
     18  1      -386.65532453     7.62e-09      0.00

     19  0 *    -386.83309416     6.95e-11      0.34
     19  1      -386.65532453     3.44e-09      0.00

     20  0 *    -386.83309416     6.95e-11      0.34
     20  1      -386.65532453     1.57e-09      0.00

     21  0 *    -386.83309416     6.94e-11      0.34
     21  1      -386.65532453     7.61e-10      0.00
    ** throwing out 1 trial vectors **

     22  0 *    -386.83309416     6.93e-11      0.34
     22  1      -386.65532453     4.01e-10      0.00
    ** throwing out 1 trial vectors **

     23  0 *    -386.83309416     6.92e-11      0.35
     23  1      -386.65532453     2.22e-10      0.00
    ** throwing out 1 trial vectors **

     24  0 *    -386.83309416     6.92e-11      0.35
     24  1      -386.65532453     1.21e-10      0.00
    ** throwing out 1 trial vectors **

     25  0 *    -386.83309416     6.92e-11      0.25
     25  1 *    -386.65532453     6.03e-11      0.00

     * ci vector   0, <S^2> = -0.0000, E =     -386.83309416
       222222......    -0.9097587747
       222.22..2...     0.1742306441
       2222.22.....     0.1264645389
       22222..2....     0.1173385727
       2.2222....2.     0.0894775532
       2222bbaa....    -0.0686183580
       2222aabb....    -0.0686183580
       2222baba....    -0.0682954985
       2222abab....    -0.0682954985
       .22222.....2     0.0680241694
       22222.2.....     0.0623132708
       22222ba.....    -0.0578113618
       22222ab.....    -0.0578113618

     * ci vector   1, <S^2> = -0.0000, E =     -386.65532453
       22222ba.....    -0.5607094036
       22222ab.....    -0.5607094036
       2222a2.b....    -0.2492637066
       2222b2.a....    -0.2492637066
       222.2ba.2...     0.1067370023
       222.2ab.2...     0.1067370023
       222222......     0.0935084110
       22b2a22.....     0.0921571454
       22a2b22.....     0.0921571454
       22222..b.a..     0.0746156178
       22222..a.b..     0.0746156178
       22222.b..a..    -0.0611221644
       22222.a..b..    -0.0611221644
       2222ba2.....     0.0594019673
       2222ab2.....     0.0594019673
       22a22bba....     0.0586298559
       22b22aab....     0.0586298559
       2222.2a..b..     0.0577171859
       2222.2b..a..     0.0577171859
       2222baa..b..     0.0553966469
       2222abb..a..     0.0553966469
       2.222ba...2.     0.0550165303
       2.222ab...2.     0.0550165303
       2222.2.2....    -0.0541349666
       22b22a2.....     0.0528548284
       22a22b2.....     0.0528548284
       2222abab....     0.0526417076
       2222baba....     0.0526417076
       22a22b.2....    -0.0523656992
       22b22a.2....    -0.0523656992
       22b2a2ab....    -0.0516964588
       22a2b2ba....    -0.0516964588
       2222ab.b.a..     0.0511503752
       2222ba.a.b..     0.0511503752
       - FCI and RDMs                             15.74
    * Integral transformation done. Elapsed time: 0.09

       - jop, kop                                  0.00
       - denom                                     0.02
     guess   0:   closed 111111......         open ............        
     guess   1:   closed 11111.......         open .....11.....        

  === FCI iteration ===

      0  0      -386.69983019     3.86e-04      0.63
      0  1      -386.46314001     4.10e-04      0.00

      1  0      -386.81058083     1.83e-04      0.63
      1  1      -386.59751484     2.50e-04      0.00

      2  0      -386.82929069     8.16e-05      0.62
      2  1      -386.64040066     1.34e-04      0.00

      3  0      -386.83249343     3.40e-05      0.63
      3  1      -386.65125556     7.02e-05      0.00

      4  0      -386.83300489     1.34e-05      0.64
      4  1      -386.65407799     3.84e-05      0.00

      5  0      -386.83308040     5.33e-06      0.64
      5  1      -386.65492339     2.13e-05      0.00

      6  0      -386.83309196     2.12e-06      0.64
      6  1      -386.65517721     1.20e-05      0.00

      7  0      -386.83309380     8.41e-07      0.65
      7  1      -386.65526008     7.21e-06      0.00

      8  0      -386.83309410     3.58e-07      0.65
      8  1      -386.65529743     5.29e-06      0.00

      9  0      -386.83309415     1.43e-07      0.64
      9  1      -386.65531640     3.50e-06      0.00

     10  0      -386.83309416     5.41e-08      0.64
     10  1      -386.65532266     1.80e-06      0.00

     11  0      -386.83309416     1.92e-08      0.63
     11  1      -386.65532413     7.95e-07      0.00

     12  0      -386.83309416     6.98e-09      0.65
     12  1      -386.65532443     3.73e-07      0.00

     13  0      -386.83309416     2.89e-09      0.66
     13  1      -386.65532450     1.97e-07      0.00

     14  0      -386.83309416     1.21e-09      0.66
     14  1      -386.65532452     1.01e-07      0.00

     15  0      -386.83309416     4.83e-10      0.64
     15  1      -386.65532453     5.10e-08      0.00

     16  0      -386.83309416     1.89e-10      0.64
     16  1      -386.65532453     2.78e-08      0.00

     17  0 *    -386.83309416     7.20e-11      0.55
     17  1      -386.65532453     1.52e-08      0.00

     18  0 *    -386.83309416     6.95e-11      0.34
     18  1      -386.65532453     7.62e-09      0.00

     19  0 *    -386.83309416     6.95e-11      0.34
     19  1      -386.65532453     3.44e-09      0.00

     20  0 *    -386.83309416     6.95e-11      0.34
     20  1      -386.65532453     1.57e-09      0.00

     21  0 *    -386.83309416     6.94e-11      0.34
     21  1      -386.65532453     7.61e-10      0.00
    ** throwing out 1 trial vectors **

     22  0 *    -386.83309416     6.93e-11      0.34
     22  1      -386.65532453     4.01e-10      0.00
    ** throwing out 1 trial vectors **

     23  0 *    -386.83309416     6.92e-11      0.36
     23  1      -386.65532453     2.22e-10      0.00
    ** throwing out 1 trial vectors **

     24  0 *    -386.83309416     6.92e-11      0.37
     24  1      -386.65532453     1.21e-10      0.00
    ** throwing out 1 trial vectors **

     25  0 *    -386.83309416     6.92e-11      0.27
     25  1 *    -386.65532453     6.03e-11      0.00

     * ci vector   0, <S^2> = 0.0000, E =     -386.83309416
       222222......    -0.9097587721
       222.22..2...     0.1742305299
       2222.22.....     0.1264646275
       22222..2....     0.1173385242
       2.2222....2.     0.0894775705
       2222bbaa....     0.0686183565
       2222aabb....     0.0686183565
       2222baba....     0.0682955559
       2222abab....     0.0682955559
       .22222.....2     0.0680241849
       22222.2.....     0.0623132627
       22222ba.....    -0.0578113126
       22222ab.....    -0.0578113126

     * ci vector   1, <S^2> = -0.0000, E =     -386.65532453
       22222ba.....    -0.5607093120
       22222ab.....    -0.5607093120
       2222a2.b....     0.2492638829
       2222b2.a....     0.2492638829
       222.2ba.2...     0.1067369234
       222.2ab.2...     0.1067369234
       222222......     0.0935083985
       22b2a22.....    -0.0921573580
       22a2b22.....    -0.0921573580
       22222..b.a..     0.0746154165
       22222..a.b..     0.0746154165
       22222.b..a..     0.0611223340
       22222.a..b..     0.0611223340
       2222ba2.....     0.0594018491
       2222ab2.....     0.0594018491
       22a22bba....     0.0586301010
       22b22aab....     0.0586301010
       2222.2a..b..    -0.0577173641
       2222.2b..a..    -0.0577173641
       2222baa..b..    -0.0553963509
       2222abb..a..    -0.0553963509
       2.222ba...2.     0.0550165331
       2.222ab...2.     0.0550165331
       2222.2.2....    -0.0541349793
       22b22a2.....    -0.0528546430
       22a22b2.....    -0.0528546430
       2222abab....    -0.0526417405
       2222baba....    -0.0526417405
       22a22b.2....     0.0523655528
       22b22a.2....     0.0523655528
       22b2a2ab....    -0.0516963213
       22a2b2ba....    -0.0516963213
       2222ab.b.a..     0.0511505389
       2222ba.a.b..     0.0511505389
       - FCI and RDMs                             15.93
