--------------------------------------------------
JOB FRONT-END 484547 on wux54
SLURM ENVIRONMENT
--------------------------------------------------
SLURM_JOB_ID                   = 484547              
SLURM_ARRAY_JOB_ID             = N/A                 
SLURM_ARRAY_TASK_ID            = N/A                 
SLURM_JOB_NAME                 = bagel-chain         
SLURM_JOB_PARTITION            = wux5x               
SLURM_JOB_NUM_NODES            = 1                   
SLURM_JOB_CPUS_PER_NODE        = 20                  
SLURM_NTASKS                   = 20                  
SLURM_NTASKS_PER_NODE          = N/A                 
--------------------------------------------------
--------------------------------------------------
PBS ENVIRONMENT
--------------------------------------------------
PBS_JOBID                      = 484547              
PBS_ARRAYID                    = N/A                 
PBS_JOBNAME                    = bagel-chain         
PBS_QUEUE                      = wux5x               
PBS_NUM_NODES                  = 1                   
PBS_NUM_PPN                    = 1                   
PBS_NP                         = 20                  
PBS_NODEFILE                   = /tmp/484547/nodes   
--------------------------------------------------
  * process grid (5, 4) will be used
    wux54                           
    wux54                           
    wux54                           
    wux54                           
    wux54                           
    wux54                           
    wux54                           
    wux54                           
    wux54                           
    wux54                           
    wux54                           
    wux54                           
    wux54                           
    wux54                           
    wux54                           
    wux54                           
    wux54                           
    wux54                           
    wux54                           
    wux54                           

  * using 20 threads per process

  ===============================================================
    BAGEL - Freshly leavened quantum chemistry                   
  ===============================================================

  *** Geometry ***

  { "atom" : "C", "xyz" : [      4.485546,     -1.102569,      1.174807 ] },
  { "atom" : "C", "xyz" : [      4.247533,      1.616564,      1.498371 ] },
  { "atom" : "C", "xyz" : [      1.964758,      2.829424,      1.347922 ] },
  { "atom" : "N", "xyz" : [     -0.377954,      1.554014,      1.041414 ] },
  { "atom" : "B", "xyz" : [     -0.248060,     -1.330692,      0.008737 ] },
  { "atom" : "C", "xyz" : [      2.446359,     -2.524072,      0.423876 ] },
  { "atom" : "C", "xyz" : [     -2.570866,     -2.736223,     -0.910251 ] },
  { "atom" : "C", "xyz" : [     -4.873275,     -1.263029,     -1.238538 ] },
  { "atom" : "C", "xyz" : [     -4.408965,      1.285146,     -1.155194 ] },
  { "atom" : "C", "xyz" : [     -1.600963,      1.808527,     -1.232944 ] },
  { "atom" : "H", "xyz" : [      6.337679,     -1.967295,      1.515404 ] },
  { "atom" : "H", "xyz" : [      5.921786,      2.768231,      1.875432 ] },
  { "atom" : "H", "xyz" : [      1.778488,      4.873962,      1.549137 ] },
  { "atom" : "H", "xyz" : [      2.695570,     -4.579892,      0.260514 ] },
  { "atom" : "H", "xyz" : [     -2.529485,     -4.765933,     -1.374712 ] },
  { "atom" : "H", "xyz" : [     -6.757421,     -2.110798,     -1.215856 ] },
  { "atom" : "H", "xyz" : [     -5.792098,      2.779056,     -0.761804 ] },
  { "atom" : "H", "xyz" : [     -0.718633,      2.865580,     -2.806316 ] },

  Number of auxiliary basis functions:      884

  Since a DF basis is specified, we compute 2- and 3-index integrals:
    o Being stored without compression. Storage requirement is 0.645 GB
       - 3-index ints prep                         0.00
       - 3-index ints                              0.15
       - 2-index ints                              0.01
       - computing inverse                         0.10
        elapsed time:        0.26 sec.


  Number of basis functions:      302
  Number of electrons      :       68


    * METHOD: MOLECULE                             0.29

       - 3-index ints prep                         0.00
       - 3-index ints                              0.12
       - 2-index ints                              0.01
       - computing inverse                         0.07

  Using the coefficient projected to the input geometry 


    * METHOD: LOAD_REF                             0.31

  ---------------------------
      CASSCF calculation     
  ---------------------------

    * nstate   :      2
    * nclosed  :     28
    * nact     :     12
    * nvirt    :    262
  === CASSCF iteration (/home/buehlerm/software/bagel/installation/share/aug-cc-pVDZ.json) ===

    * Using the second-order algorithm

      0  0      -386.56950420     2.77e-02     16.36
      0  1      -386.50013495     0.00e+00     16.36

         res : 2.00e-01   lamb: 1.00e+00   eps : -3.74e-01   step: 2.33e-01    0.06
         res : 5.52e-02   lamb: 1.00e+00   eps : -3.81e-01   step: 2.18e-01    0.06
         res : 1.58e-02   lamb: 1.00e+00   eps : -3.81e-01   step: 2.19e-01    0.06
         res : 3.68e-03   lamb: 1.00e+00   eps : -3.81e-01   step: 2.19e-01    0.06
         res : 1.01e-03   lamb: 1.00e+00   eps : -3.81e-01   step: 2.19e-01    0.06
         res : 2.69e-04   lamb: 1.00e+00   eps : -3.81e-01   step: 2.19e-01    0.06
         res : 7.43e-05   lamb: 1.00e+00   eps : -3.81e-01   step: 2.19e-01    0.06
         res : 1.77e-05   lamb: 1.00e+00   eps : -3.81e-01   step: 2.19e-01    0.06

      1  0      -386.76987121     7.99e-04     17.69
      1  1      -386.69811942     0.00e+00     17.69

         res : 2.35e-02   lamb: 1.00e+00   eps : -4.05e-03   step: 1.13e-01    0.06
         res : 1.19e-02   lamb: 1.00e+00   eps : -4.29e-03   step: 1.26e-01    0.06
         res : 4.06e-03   lamb: 1.00e+00   eps : -4.33e-03   step: 1.31e-01    0.06
         res : 1.61e-03   lamb: 1.00e+00   eps : -4.33e-03   step: 1.33e-01    0.06
         res : 7.85e-04   lamb: 1.00e+00   eps : -4.34e-03   step: 1.33e-01    0.06
         res : 4.01e-04   lamb: 1.00e+00   eps : -4.34e-03   step: 1.33e-01    0.06
         res : 1.72e-04   lamb: 1.00e+00   eps : -4.34e-03   step: 1.33e-01    0.06
         res : 8.38e-05   lamb: 1.00e+00   eps : -4.34e-03   step: 1.33e-01    0.06
         res : 3.95e-05   lamb: 1.00e+00   eps : -4.34e-03   step: 1.33e-01    0.06
         res : 1.94e-05   lamb: 1.00e+00   eps : -4.34e-03   step: 1.33e-01    0.06
         res : 9.83e-06   lamb: 1.00e+00   eps : -4.34e-03   step: 1.33e-01    0.06

      2  0      -386.77263526     9.98e-05     17.65
      2  1      -386.70001303     0.00e+00     17.65

         res : 5.52e-03   lamb: 1.00e+00   eps : -7.28e-05   step: 2.22e-02    0.06
         res : 1.94e-03   lamb: 1.00e+00   eps : -8.13e-05   step: 2.75e-02    0.06
         res : 6.34e-04   lamb: 1.00e+00   eps : -8.29e-05   step: 2.84e-02    0.06
         res : 2.48e-04   lamb: 1.00e+00   eps : -8.30e-05   step: 2.88e-02    0.06
         res : 1.18e-04   lamb: 1.00e+00   eps : -8.30e-05   step: 2.89e-02    0.06
         res : 5.33e-05   lamb: 1.00e+00   eps : -8.30e-05   step: 2.89e-02    0.06
         res : 2.66e-05   lamb: 1.00e+00   eps : -8.30e-05   step: 2.89e-02    0.06
         res : 1.17e-05   lamb: 1.00e+00   eps : -8.30e-05   step: 2.89e-02    0.06
         res : 5.54e-06   lamb: 1.00e+00   eps : -8.30e-05   step: 2.89e-02    0.06
         res : 2.90e-06   lamb: 1.00e+00   eps : -8.30e-05   step: 2.89e-02    0.06
         res : 1.47e-06   lamb: 1.00e+00   eps : -8.30e-05   step: 2.89e-02    0.06

      3  0      -386.77293249     4.02e-05     17.78
      3  1      -386.69982563     0.00e+00     17.78

         res : 2.29e-03   lamb: 1.00e+00   eps : -8.96e-06   step: 7.21e-03    0.06
         res : 6.69e-04   lamb: 1.00e+00   eps : -1.04e-05   step: 1.01e-02    0.06
         res : 2.44e-04   lamb: 1.00e+00   eps : -1.06e-05   step: 1.05e-02    0.06
         res : 9.89e-05   lamb: 1.00e+00   eps : -1.07e-05   step: 1.06e-02    0.06
         res : 4.31e-05   lamb: 1.00e+00   eps : -1.07e-05   step: 1.06e-02    0.06
         res : 2.38e-05   lamb: 1.00e+00   eps : -1.07e-05   step: 1.06e-02    0.06
         res : 1.37e-05   lamb: 1.00e+00   eps : -1.07e-05   step: 1.06e-02    0.06
         res : 5.91e-06   lamb: 1.00e+00   eps : -1.07e-05   step: 1.06e-02    0.06
         res : 2.71e-06   lamb: 1.00e+00   eps : -1.07e-05   step: 1.06e-02    0.06
         res : 1.32e-06   lamb: 1.00e+00   eps : -1.07e-05   step: 1.06e-02    0.06
         res : 5.85e-07   lamb: 1.00e+00   eps : -1.07e-05   step: 1.06e-02    0.06

      4  0      -386.77303411     1.88e-05     17.79
      4  1      -386.69973925     0.00e+00     17.79

         res : 1.03e-03   lamb: 1.00e+00   eps : -1.72e-06   step: 3.11e-03    0.06
         res : 2.91e-04   lamb: 1.00e+00   eps : -2.04e-06   step: 4.64e-03    0.06
         res : 1.10e-04   lamb: 1.00e+00   eps : -2.08e-06   step: 4.78e-03    0.06
         res : 4.58e-05   lamb: 1.00e+00   eps : -2.08e-06   step: 4.82e-03    0.06
         res : 1.87e-05   lamb: 1.00e+00   eps : -2.08e-06   step: 4.84e-03    0.06
         res : 1.05e-05   lamb: 1.00e+00   eps : -2.08e-06   step: 4.84e-03    0.06
         res : 6.07e-06   lamb: 1.00e+00   eps : -2.08e-06   step: 4.84e-03    0.06
         res : 2.62e-06   lamb: 1.00e+00   eps : -2.08e-06   step: 4.84e-03    0.06
         res : 1.17e-06   lamb: 1.00e+00   eps : -2.08e-06   step: 4.84e-03    0.06
         res : 5.63e-07   lamb: 1.00e+00   eps : -2.08e-06   step: 4.84e-03    0.06
         res : 2.53e-07   lamb: 1.00e+00   eps : -2.08e-06   step: 4.84e-03    0.06

      5  0      -386.77307692     9.22e-06     17.70
      5  1      -386.69969950     0.00e+00     17.70

         res : 4.88e-04   lamb: 1.00e+00   eps : -3.82e-07   step: 1.45e-03    0.06
         res : 1.35e-04   lamb: 1.00e+00   eps : -4.57e-07   step: 2.24e-03    0.06
         res : 5.22e-05   lamb: 1.00e+00   eps : -4.65e-07   step: 2.30e-03    0.06
         res : 2.22e-05   lamb: 1.00e+00   eps : -4.66e-07   step: 2.32e-03    0.06
         res : 8.72e-06   lamb: 1.00e+00   eps : -4.66e-07   step: 2.33e-03    0.06
         res : 4.96e-06   lamb: 1.00e+00   eps : -4.66e-07   step: 2.33e-03    0.06
         res : 2.88e-06   lamb: 1.00e+00   eps : -4.66e-07   step: 2.33e-03    0.06
         res : 1.26e-06   lamb: 1.00e+00   eps : -4.66e-07   step: 2.33e-03    0.06
         res : 5.50e-07   lamb: 1.00e+00   eps : -4.66e-07   step: 2.33e-03    0.06
         res : 2.59e-07   lamb: 1.00e+00   eps : -4.66e-07   step: 2.33e-03    0.06
         res : 1.18e-07   lamb: 1.00e+00   eps : -4.66e-07   step: 2.33e-03    0.06

      6  0      -386.77309655     4.61e-06     17.91
      6  1      -386.69968056     0.00e+00     17.91

         res : 2.38e-04   lamb: 1.00e+00   eps : -9.12e-08   step: 7.07e-04    0.06
         res : 6.46e-05   lamb: 1.00e+00   eps : -1.09e-07   step: 1.10e-03    0.06
         res : 2.55e-05   lamb: 1.00e+00   eps : -1.11e-07   step: 1.13e-03    0.06
         res : 1.10e-05   lamb: 1.00e+00   eps : -1.12e-07   step: 1.14e-03    0.06
         res : 4.19e-06   lamb: 1.00e+00   eps : -1.12e-07   step: 1.15e-03    0.06
         res : 2.40e-06   lamb: 1.00e+00   eps : -1.12e-07   step: 1.15e-03    0.06
         res : 1.41e-06   lamb: 1.00e+00   eps : -1.12e-07   step: 1.15e-03    0.06
         res : 6.31e-07   lamb: 1.00e+00   eps : -1.12e-07   step: 1.15e-03    0.06
         res : 2.71e-07   lamb: 1.00e+00   eps : -1.12e-07   step: 1.15e-03    0.06
         res : 1.23e-07   lamb: 1.00e+00   eps : -1.12e-07   step: 1.15e-03    0.06
         res : 5.56e-08   lamb: 1.00e+00   eps : -1.12e-07   step: 1.15e-03    0.06

      7  0      -386.77310594     2.33e-06     17.66
      7  1      -386.69967133     0.00e+00     17.66

         res : 1.19e-04   lamb: 1.00e+00   eps : -2.27e-08   step: 3.52e-04    0.06
         res : 3.16e-05   lamb: 1.00e+00   eps : -2.72e-08   step: 5.53e-04    0.06
         res : 1.28e-05   lamb: 1.00e+00   eps : -2.77e-08   step: 5.67e-04    0.06
         res : 5.51e-06   lamb: 1.00e+00   eps : -2.77e-08   step: 5.71e-04    0.06
         res : 2.06e-06   lamb: 1.00e+00   eps : -2.77e-08   step: 5.74e-04    0.06
         res : 1.19e-06   lamb: 1.00e+00   eps : -2.78e-08   step: 5.74e-04    0.06
         res : 7.05e-07   lamb: 1.00e+00   eps : -2.78e-08   step: 5.74e-04    0.06
         res : 3.22e-07   lamb: 1.00e+00   eps : -2.78e-08   step: 5.74e-04    0.06
         res : 1.37e-07   lamb: 1.00e+00   eps : -2.78e-08   step: 5.74e-04    0.06
         res : 5.93e-08   lamb: 1.00e+00   eps : -2.78e-08   step: 5.74e-04    0.06
         res : 2.68e-08   lamb: 1.00e+00   eps : -2.78e-08   step: 5.74e-04    0.06

      8  0      -386.77311054     1.18e-06     17.78
      8  1      -386.69966678     0.00e+00     17.78

         res : 5.98e-05   lamb: 1.00e+00   eps : -5.78e-09   step: 1.77e-04    0.06
         res : 1.58e-05   lamb: 1.00e+00   eps : -6.93e-09   step: 2.79e-04    0.06
         res : 6.49e-06   lamb: 1.00e+00   eps : -7.06e-09   step: 2.86e-04    0.06
         res : 2.78e-06   lamb: 1.00e+00   eps : -7.07e-09   step: 2.89e-04    0.06
         res : 1.03e-06   lamb: 1.00e+00   eps : -7.08e-09   step: 2.90e-04    0.06
         res : 5.96e-07   lamb: 1.00e+00   eps : -7.08e-09   step: 2.90e-04    0.06
         res : 3.59e-07   lamb: 1.00e+00   eps : -7.08e-09   step: 2.90e-04    0.06
         res : 1.65e-07   lamb: 1.00e+00   eps : -7.08e-09   step: 2.90e-04    0.06
         res : 6.93e-08   lamb: 1.00e+00   eps : -7.08e-09   step: 2.90e-04    0.06
         res : 2.92e-08   lamb: 1.00e+00   eps : -7.08e-09   step: 2.90e-04    0.06
         res : 1.32e-08   lamb: 1.00e+00   eps : -7.08e-09   step: 2.90e-04    0.06

      9  0      -386.77311281     6.04e-07     17.78
      9  1      -386.69966451     0.00e+00     17.78

         res : 3.05e-05   lamb: 1.00e+00   eps : -1.50e-09   step: 9.04e-05    0.06
         res : 7.93e-06   lamb: 1.00e+00   eps : -1.80e-09   step: 1.42e-04    0.06
         res : 3.32e-06   lamb: 1.00e+00   eps : -1.83e-09   step: 1.46e-04    0.06
         res : 1.41e-06   lamb: 1.00e+00   eps : -1.83e-09   step: 1.47e-04    0.06
         res : 5.20e-07   lamb: 1.00e+00   eps : -1.83e-09   step: 1.47e-04    0.06
         res : 3.04e-07   lamb: 1.00e+00   eps : -1.83e-09   step: 1.48e-04    0.06
         res : 1.84e-07   lamb: 1.00e+00   eps : -1.83e-09   step: 1.48e-04    0.06
         res : 8.52e-08   lamb: 1.00e+00   eps : -1.83e-09   step: 1.48e-04    0.06
         res : 3.54e-08   lamb: 1.00e+00   eps : -1.83e-09   step: 1.48e-04    0.06
         res : 1.47e-08   lamb: 1.00e+00   eps : -1.83e-09   step: 1.48e-04    0.06

     10  0      -386.77311395     3.09e-07     17.68
     10  1      -386.69966338     0.00e+00     17.68

         res : 1.56e-05   lamb: 1.00e+00   eps : -3.92e-10   step: 4.63e-05    0.06
         res : 4.03e-06   lamb: 1.00e+00   eps : -4.69e-10   step: 7.25e-05    0.06
         res : 1.71e-06   lamb: 1.00e+00   eps : -4.78e-10   step: 7.44e-05    0.06
         res : 7.18e-07   lamb: 1.00e+00   eps : -4.79e-10   step: 7.50e-05    0.06
         res : 2.65e-07   lamb: 1.00e+00   eps : -4.79e-10   step: 7.53e-05    0.06
         res : 1.56e-07   lamb: 1.00e+00   eps : -4.79e-10   step: 7.54e-05    0.06
         res : 9.50e-08   lamb: 1.00e+00   eps : -4.79e-10   step: 7.54e-05    0.06
         res : 4.39e-08   lamb: 1.00e+00   eps : -4.79e-10   step: 7.54e-05    0.06
         res : 1.82e-08   lamb: 1.00e+00   eps : -4.79e-10   step: 7.54e-05    0.06
         res : 7.46e-09   lamb: 1.00e+00   eps : -4.79e-10   step: 7.54e-05    0.06

     11  0      -386.77311453     1.59e-07     17.90
     11  1      -386.69966280     0.00e+00     17.90

         res : 8.00e-06   lamb: 1.00e+00   eps : -1.03e-10   step: 2.38e-05    0.06
         res : 2.05e-06   lamb: 1.00e+00   eps : -1.23e-10   step: 3.71e-05    0.06
         res : 8.81e-07   lamb: 1.00e+00   eps : -1.26e-10   step: 3.81e-05    0.06
         res : 3.67e-07   lamb: 1.00e+00   eps : -1.26e-10   step: 3.84e-05    0.06
         res : 1.36e-07   lamb: 1.00e+00   eps : -1.26e-10   step: 3.86e-05    0.06
         res : 8.02e-08   lamb: 1.00e+00   eps : -1.26e-10   step: 3.86e-05    0.06
         res : 4.90e-08   lamb: 1.00e+00   eps : -1.26e-10   step: 3.86e-05    0.06
         res : 2.26e-08   lamb: 1.00e+00   eps : -1.26e-10   step: 3.86e-05    0.06
         res : 9.35e-09   lamb: 1.00e+00   eps : -1.26e-10   step: 3.86e-05    0.06
         res : 3.82e-09   lamb: 1.00e+00   eps : -1.26e-10   step: 3.86e-05    0.06

     12  0      -386.77311482     8.14e-08     17.68
     12  1      -386.69966251     0.00e+00     17.68

         res : 4.11e-06   lamb: 1.00e+00   eps : -2.73e-11   step: 1.22e-05    0.06
         res : 1.05e-06   lamb: 1.00e+00   eps : -3.26e-11   step: 1.91e-05    0.06
         res : 4.55e-07   lamb: 1.00e+00   eps : -3.32e-11   step: 1.96e-05    0.06
         res : 1.88e-07   lamb: 1.00e+00   eps : -3.32e-11   step: 1.97e-05    0.06
         res : 6.98e-08   lamb: 1.00e+00   eps : -3.33e-11   step: 1.98e-05    0.06
         res : 4.13e-08   lamb: 1.00e+00   eps : -3.33e-11   step: 1.98e-05    0.06
         res : 2.52e-08   lamb: 1.00e+00   eps : -3.33e-11   step: 1.98e-05    0.06
         res : 1.16e-08   lamb: 1.00e+00   eps : -3.33e-11   step: 1.98e-05    0.06
         res : 4.82e-09   lamb: 1.00e+00   eps : -3.33e-11   step: 1.98e-05    0.06

     13  0      -386.77311497     4.18e-08     17.76
     13  1      -386.69966236     0.00e+00     17.76

         res : 2.12e-06   lamb: 1.00e+00   eps : -7.23e-12   step: 6.31e-06    0.07
         res : 5.40e-07   lamb: 1.00e+00   eps : -8.63e-12   step: 9.79e-06    0.06
         res : 2.35e-07   lamb: 1.00e+00   eps : -8.78e-12   step: 1.01e-05    0.06
         res : 9.61e-08   lamb: 1.00e+00   eps : -8.80e-12   step: 1.01e-05    0.06
         res : 3.60e-08   lamb: 1.00e+00   eps : -8.80e-12   step: 1.02e-05    0.06
         res : 2.14e-08   lamb: 1.00e+00   eps : -8.80e-12   step: 1.02e-05    0.06
         res : 1.30e-08   lamb: 1.00e+00   eps : -8.80e-12   step: 1.02e-05    0.06
         res : 5.98e-09   lamb: 1.00e+00   eps : -8.80e-12   step: 1.02e-05    0.06
         res : 2.48e-09   lamb: 1.00e+00   eps : -8.80e-12   step: 1.02e-05    0.06

     14  0      -386.77311504     2.15e-08     17.63
     14  1      -386.69966229     0.00e+00     17.63

         res : 1.09e-06   lamb: 1.00e+00   eps : -1.92e-12   step: 3.26e-06    0.06
         res : 2.77e-07   lamb: 1.00e+00   eps : -2.29e-12   step: 5.03e-06    0.06
         res : 1.21e-07   lamb: 1.00e+00   eps : -2.33e-12   step: 5.17e-06    0.06
         res : 4.93e-08   lamb: 1.00e+00   eps : -2.33e-12   step: 5.21e-06    0.06
         res : 1.85e-08   lamb: 1.00e+00   eps : -2.33e-12   step: 5.24e-06    0.06
         res : 1.10e-08   lamb: 1.00e+00   eps : -2.33e-12   step: 5.24e-06    0.06
         res : 6.70e-09   lamb: 1.00e+00   eps : -2.33e-12   step: 5.24e-06    0.06
         res : 3.08e-09   lamb: 1.00e+00   eps : -2.33e-12   step: 5.24e-06    0.06

     15  0      -386.77311508     1.11e-08     17.68
     15  1      -386.69966225     0.00e+00     17.68

         res : 5.62e-07   lamb: 1.00e+00   eps : -5.09e-13   step: 1.68e-06    0.06
         res : 1.43e-07   lamb: 1.00e+00   eps : -6.06e-13   step: 2.59e-06    0.06
         res : 6.25e-08   lamb: 1.00e+00   eps : -6.17e-13   step: 2.66e-06    0.06
         res : 2.54e-08   lamb: 1.00e+00   eps : -6.18e-13   step: 2.68e-06    0.06
         res : 9.62e-09   lamb: 1.00e+00   eps : -6.19e-13   step: 2.70e-06    0.06
         res : 5.78e-09   lamb: 1.00e+00   eps : -6.19e-13   step: 2.70e-06    0.06
         res : 3.50e-09   lamb: 1.00e+00   eps : -6.19e-13   step: 2.70e-06    0.06

     16  0      -386.77311510     5.69e-09     17.47
     16  1      -386.69966223     0.00e+00     17.47

    * Second-order optimization converged. *   

    * Integral transformation done. Elapsed time: 0.08

       - jop, kop                                  0.00
       - denom                                     0.02
     guess   0:   closed 111111......         open ............        
     guess   1:   closed 11111.......         open .....11.....        

  === FCI iteration ===

      0  0      -386.62733049     3.79e-04      0.60
      0  1      -386.55852196     3.70e-04      0.00

      1  0      -386.74311790     1.94e-04      0.60
      1  1      -386.66889682     1.88e-04      0.00

      2  0      -386.76708172     9.56e-05      0.60
      2  1      -386.69231698     9.51e-05      0.00

      3  0      -386.77207416     4.16e-05      0.61
      3  1      -386.69771080     4.73e-05      0.00

      4  0      -386.77291341     1.77e-05      0.61
      4  1      -386.69902755     2.59e-05      0.00

      5  0      -386.77306276     8.31e-06      0.61
      5  1      -386.69944382     1.53e-05      0.00

      6  0      -386.77310030     4.32e-06      0.62
      6  1      -386.69958614     8.77e-06      0.00

      7  0      -386.77311086     2.38e-06      0.61
      7  1      -386.69963167     5.07e-06      0.00

      8  0      -386.77311389     1.28e-06      0.62
      8  1      -386.69964930     3.38e-06      0.00

      9  0      -386.77311476     7.16e-07      0.61
      9  1      -386.69965728     2.27e-06      0.00

     10  0      -386.77311501     3.77e-07      0.62
     10  1      -386.69966050     1.37e-06      0.00

     11  0      -386.77311508     1.78e-07      0.62
     11  1      -386.69966165     8.13e-07      0.00

     12  0      -386.77311510     8.56e-08      0.62
     12  1      -386.69966205     4.80e-07      0.00

     13  0      -386.77311510     4.05e-08      0.62
     13  1      -386.69966218     2.57e-07      0.00

     14  0      -386.77311510     1.88e-08      0.62
     14  1      -386.69966222     1.26e-07      0.00

     15  0      -386.77311510     8.86e-09      0.62
     15  1      -386.69966223     6.27e-08      0.00

     16  0      -386.77311510     4.37e-09      0.62
     16  1      -386.69966223     3.37e-08      0.00

     17  0      -386.77311510     2.15e-09      0.62
     17  1      -386.69966223     1.85e-08      0.00

     18  0      -386.77311510     1.01e-09      0.63
     18  1      -386.69966223     9.94e-09      0.00

     19  0      -386.77311510     4.61e-10      0.63
     19  1      -386.69966223     5.15e-09      0.00
    ** throwing out 2 trial vectors **

     20  0      -386.77311510     2.01e-10      0.63
     20  1      -386.69966223     2.58e-09      0.00
    ** throwing out 2 trial vectors **

     21  0 *    -386.77311510     8.72e-11      0.54
     21  1      -386.69966223     1.29e-09      0.00
    ** throwing out 1 trial vectors **

     22  0 *    -386.77311510     7.83e-11      0.34
     22  1      -386.69966223     6.65e-10      0.00
    ** throwing out 1 trial vectors **

     23  0 *    -386.77311510     7.72e-11      0.33
     23  1      -386.69966223     3.39e-10      0.00
    ** throwing out 1 trial vectors **

     24  0 *    -386.77311510     7.72e-11      0.33
     24  1      -386.69966223     1.68e-10      0.00
    ** throwing out 1 trial vectors **

     25  0 *    -386.77311510     7.72e-11      0.24
     25  1 *    -386.69966223     8.27e-11      0.00

     * ci vector   0, <S^2> = 0.0000, E =     -386.77311510
       222222......    -0.7464322975
       22222ab.....    -0.3440398435
       22222ba.....    -0.3440398435
       2222.2.2....     0.0815583112
       22222..2....     0.0706465260
       222.22..2...     0.0684762527
       222a2bb.a...    -0.0617495789
       222b2aa.b...    -0.0617495789
       2.22222.....     0.0610078154
       22b2a2.a.b..     0.0548384300
       22a2b2.b.a..     0.0548384300
       22222.ab....     0.0543021858
       22222.ba....     0.0543021858
       22.222.2....     0.0529330797
       22222...2...     0.0507663708

     * ci vector   1, <S^2> = 0.0000, E =     -386.69966223
       22222ab.....    -0.5249341715
       22222ba.....    -0.5249341715
       222222......     0.4772624947
       2222baab....     0.0767228931
       2222abba....     0.0767228931
       222a2bb.a...    -0.0747013712
       222b2aa.b...    -0.0747013712
       2.22222.....    -0.0691212787
       2222.ba2....     0.0689948750
       2222.ab2....     0.0689948750
       2222bbaa....    -0.0623173877
       2222aabb....    -0.0623173877
       2b222a2.....     0.0611958008
       2a222b2.....     0.0611958008
       222.2ba.2...     0.0574113900
       222.2ab.2...     0.0574113900
       22222..2....    -0.0570986938

    * METHOD: CASSCF                             316.54


    * METHOD: PRINT                                0.07


    * METHOD: SAVE_REF                             0.17

  === SMITH program ===

    * freezing 10 orbitals
    * SS-SR internal contraction is used

    * Approximate memory requirement for SMITH calculation per MPI process:
      o Storage requirement for T-amplitude, lambda, and residual is 0.43 GB
      o Storage requirement for MO integrals is 0.03 GB
       - MO integral evaluation                    0.71

  ++ State-averaged Fock matrix over basis states ++

                         0                   1
     0       -4.5992935482        0.0530829700
     1        0.0530829700       -4.4889889965


  ++ Extended multi-state CASPT2 (XMS-CASPT2) rotation matrix ++

                         0                   1
     0       -0.9274950145       -0.3738355229
     1        0.3738355229       -0.9274950145


     * ci vector, state   0, <S^2> = 0.0000
       222222......     0.8707299088
       22222ba.....     0.1228561992
       22222ab.....     0.1228561992
       2222.2.2....    -0.0924690862
       22222..2....    -0.0868698207
       2.22222.....    -0.0824244339
       222.22..2...    -0.0775990095
       22b2a2.a.b..    -0.0627603994
       22a2b2.b.a..    -0.0627603994
       22.222.2....    -0.0609274719
       22222...2...    -0.0605530663
       22.222...2..    -0.0573713571
       .22222.....2    -0.0556494364
       22222b.a....     0.0553496551
       22222a.b....     0.0553496551

     * ci vector, state   1, <S^2> = -0.0000
       22222ab.....     0.6154881418
       22222ba.....     0.6154881418
       222222......    -0.1636156762
       222a2bb.a...     0.0923693355
       222b2aa.b...     0.0923693355
       2222baab....    -0.0807421331
       2222abba....    -0.0807421331
       2222.ba2....    -0.0806363426
       2222.ab2....    -0.0806363426
       222.2ba.2...    -0.0677313887
       222.2ab.2...    -0.0677313887
       2222bbaa....     0.0611101012
       2222aabb....     0.0611101012
       2b222a2.....    -0.0602139894
       2a222b2.....    -0.0602139894
       22222.ba....    -0.0580446258
       22222.ab....    -0.0580446258
       222b2ba.a...    -0.0533758722
       222a2ab.b...    -0.0533758722

  ++ Reference energies in XMS basis ++

                         0                   1
     0     -386.7628498414       -0.0254683561
     1       -0.0254683561     -386.7099274898

    * Calculating and saving rdm4f

    * Third and Fock-weighted fourth order RDM ( 1, 1) evaluation
      will be done with 40 passes
       - RDM evaluation (multipassing)            35.67
    * Third and Fock-weighted fourth order RDM ( 2, 1) evaluation
      will be done with 40 passes
       - RDM evaluation (multipassing)            58.15
    * Third and Fock-weighted fourth order RDM ( 1, 2) evaluation
      will be done with 40 passes
       - RDM evaluation (multipassing)            58.37
    * Third and Fock-weighted fourth order RDM ( 2, 2) evaluation
      will be done with 40 passes
       - RDM evaluation (multipassing)            35.72
    - linear dependency detected:    1 /  288    min eigenvalue:     1.5109e-13    max eigenvalue:     1.5109e-13
    - linear dependency detected:    1 /  288    min eigenvalue:     1.0319e-14    max eigenvalue:     1.0319e-14
    - linear dependency detected:   12 / 1728    min eigenvalue:    -4.4766e-15    max eigenvalue:     2.5699e-13
    - linear dependency detected:   12 / 1728    min eigenvalue:    -6.8089e-14    max eigenvalue:     1.1575e-13
    - linear dependency detected:   12 / 1728    min eigenvalue:    -4.1205e-15    max eigenvalue:     3.2224e-15
    - linear dependency detected:   12 / 1728    min eigenvalue:    -3.1131e-15    max eigenvalue:     2.3156e-15
       - RDM + denominator evaluation            222.27

    * Zeroth order energy : state  0       -4.6206891347
    * Zeroth order energy : state  1       -4.4675934100

    * CASPT2 iteration is performed using redundant basis

      ---- iteration ----

        0    -1.04546238     0.00213255      5.88
        1    -1.04767631     0.00023636      6.02
        2    -1.04770432     0.00002985      6.01
        3    -1.04770479     0.00000451      6.34
        4    -1.04770480     0.00000064      5.99

        0    -1.05715726     0.00207563      6.42
        1    -1.05939264     0.00023029      6.10
        2    -1.05942168     0.00002925      6.51
        3    -1.05942216     0.00000438      6.01
        4    -1.05942217     0.00000061      5.97

      -------------------

       - CASPT2 energy evaluation                 62.77

    * CASPT2 energy : state  0     -387.9683558262
        w/o shift correction       -387.8105546378
        reference weight              0.7601080825

    * CASPT2 energy : state  1     -387.9305088318
        w/o shift correction       -387.7693496627
        reference weight              0.7562475473


    * MS-CASPT2 Heff
           -387.9683558262       -0.0197066341
             -0.0197066341     -387.9305088318


    * MS-CASPT2 rotation matrix
             -0.9199536688        0.3920271001
             -0.3920271001       -0.9199536688


    * XMS-CASPT2 rotation matrix
              0.9998060973       -0.0196918201
              0.0196918201        0.9998060973

    * MS-CASPT2 energy : state  0     -387.9767535694
    * MS-CASPT2 energy : state  1     -387.9221110887



    * METHOD: SMITH                              295.22


  
  ===============================================================

