    * Using parallel algorithm in FCI.
    * Parallel algorithm will be used.
  ---------------------------
        FCI calculation      
  ---------------------------

 Constructing space of all determinants that can formed by removing 1 electron from 6 alpha and 6 beta electrons.

 Space is made up of 4 determinants.
  o forming links
    * Integral transformation done. Elapsed time: 0.09

       - jop, kop                                  0.00
       - denom                                     0.02
     guess   0:   closed 111111......         open ............        
     guess   1:   closed 11111.......         open .....11.....        

  === FCI iteration ===

      0  0      -386.42141642     3.81e-04      0.60
      0  1      -386.35937207     3.66e-04      0.00

      1  0      -386.53872895     1.95e-04      0.60
      1  1      -386.47049205     1.84e-04      0.00

      2  0      -386.56336720     9.59e-05      0.60
      2  1      -386.49312427     9.22e-05      0.00

      3  0      -386.56840878     4.24e-05      0.60
      3  1      -386.49826517     4.58e-05      0.00

      4  0      -386.56928613     1.86e-05      0.60
      4  1      -386.49955689     2.51e-05      0.00

      5  0      -386.56945181     8.67e-06      0.61
      5  1      -386.49995086     1.45e-05      0.00

      6  0      -386.56949092     4.27e-06      0.62
      6  1      -386.50007398     7.98e-06      0.00

      7  0      -386.56950073     2.20e-06      0.61
      7  1      -386.50011064     4.54e-06      0.00

      8  0      -386.56950326     1.12e-06      0.61
      8  1      -386.50012432     2.99e-06      0.00

      9  0      -386.56950393     6.18e-07      0.61
      9  1      -386.50013043     2.06e-06      0.00

     10  0      -386.56950412     3.39e-07      0.61
     10  1      -386.50013315     1.36e-06      0.00

     11  0      -386.56950418     1.66e-07      0.61
     11  1      -386.50013430     8.60e-07      0.00

     12  0      -386.56950419     7.90e-08      0.61
     12  1      -386.50013476     5.07e-07      0.00

     13  0      -386.56950420     3.72e-08      0.61
     13  1      -386.50013490     2.66e-07      0.00

     14  0      -386.56950420     1.71e-08      0.61
     14  1      -386.50013494     1.32e-07      0.00

     15  0      -386.56950420     7.85e-09      0.61
     15  1      -386.50013495     6.78e-08      0.00

     16  0      -386.56950420     3.74e-09      0.62
     16  1      -386.50013495     3.79e-08      0.00

     17  0      -386.56950420     1.85e-09      0.65
     17  1      -386.50013495     2.14e-08      0.00

     18  0      -386.56950420     9.17e-10      0.65
     18  1      -386.50013495     1.17e-08      0.00

     19  0      -386.56950420     4.51e-10      0.63
     19  1      -386.50013495     6.09e-09      0.00
    ** throwing out 2 trial vectors **

     20  0      -386.56950420     2.08e-10      0.64
     20  1      -386.50013495     3.08e-09      0.00
    ** throwing out 2 trial vectors **

     21  0 *    -386.56950420     9.35e-11      0.54
     21  1      -386.50013495     1.56e-09      0.00
    ** throwing out 1 trial vectors **

     22  0 *    -386.56950420     8.40e-11      0.34
     22  1      -386.50013495     7.87e-10      0.00
    ** throwing out 1 trial vectors **

     23  0 *    -386.56950420     8.30e-11      0.34
     23  1      -386.50013495     3.79e-10      0.00
    ** throwing out 1 trial vectors **

     24  0 *    -386.56950420     8.29e-11      0.33
     24  1      -386.50013495     1.79e-10      0.00
    ** throwing out 1 trial vectors **

     25  0 *    -386.56950420     8.29e-11      0.24
     25  1 *    -386.50013495     8.70e-11      0.00

     * ci vector   0, <S^2> = 0.0000, E =     -386.56950420
       222222......    -0.6696544093
       22222ab.....    -0.4136267694
       22222ba.....    -0.4136267694
       2222.2.2....     0.0790374786
       222a2bb.a...    -0.0650211940
       222b2aa.b...    -0.0650211940
       22222a.b....    -0.0585731624
       22222b.a....    -0.0585731624
       222.22..2...     0.0576091350
       2222.ab2....     0.0548361093
       2222.ba2....     0.0548361093
       2.22222.....     0.0547628445
       22222..2....     0.0534489033
       22222...2...     0.0530713194

     * ci vector   1, <S^2> = 0.0000, E =     -386.50013495
       222222......    -0.5692390116
       22222ba.....     0.4733866269
       22222ab.....     0.4733866269
       222b2aa.b...     0.0750512469
       222a2bb.a...     0.0750512469
       22222.2.....     0.0716250937
       2222baab....    -0.0670498847
       2222abba....    -0.0670498847
       2.22222.....     0.0659793074
       2222.2.2....     0.0638070088
       2a222b2.....    -0.0620169626
       2b222a2.....    -0.0620169626
       2222.ba2....    -0.0616898449
       2222.ab2....    -0.0616898449
       2222bbaa....     0.0612650817
       2222aabb....     0.0612650817
       22222a.b....    -0.0525143753
       22222b.a....    -0.0525143753
       222.2ba.2...    -0.0524601846
       222.2ab.2...    -0.0524601846
       - FCI and RDMs                             16.25
    * Integral transformation done. Elapsed time: 0.08

       - jop, kop                                  0.00
       - denom                                     0.02
     guess   0:   closed 111111......         open ............        
     guess   1:   closed 11111.......         open .....11.....        

  === FCI iteration ===

      0  0      -386.62429131     3.79e-04      0.59
      0  1      -386.55819867     3.70e-04      0.00

      1  0      -386.73966889     1.95e-04      0.59
      1  1      -386.66836491     1.86e-04      0.00

      2  0      -386.76373943     9.61e-05      0.61
      2  1      -386.69111198     9.31e-05      0.00

      3  0      -386.76878962     4.23e-05      0.63
      3  1      -386.69629717     4.56e-05      0.00

      4  0      -386.76965485     1.84e-05      0.63
      4  1      -386.69754401     2.48e-05      0.00

      5  0      -386.76981656     8.63e-06      0.63
      5  1      -386.69792558     1.46e-05      0.00

      6  0      -386.76985635     4.40e-06      0.63
      6  1      -386.69805244     8.28e-06      0.00

      7  0      -386.76986710     2.36e-06      0.63
      7  1      -386.69809263     4.72e-06      0.00

      8  0      -386.76987010     1.20e-06      0.63
      8  1      -386.69810802     3.15e-06      0.00

      9  0      -386.76987093     6.38e-07      0.63
      9  1      -386.69811498     2.10e-06      0.00

     10  0      -386.76987114     3.31e-07      0.64
     10  1      -386.69811782     1.29e-06      0.00

     11  0      -386.76987120     1.63e-07      0.64
     11  1      -386.69811888     8.03e-07      0.00

     12  0      -386.76987121     8.20e-08      0.62
     12  1      -386.69811926     4.74e-07      0.00

     13  0      -386.76987121     3.92e-08      0.62
     13  1      -386.69811938     2.47e-07      0.00

     14  0      -386.76987121     1.79e-08      0.62
     14  1      -386.69811941     1.21e-07      0.00

     15  0      -386.76987121     8.24e-09      0.62
     15  1      -386.69811942     6.11e-08      0.00

     16  0      -386.76987121     3.98e-09      0.62
     16  1      -386.69811942     3.42e-08      0.00

     17  0      -386.76987121     1.93e-09      0.62
     17  1      -386.69811942     1.93e-08      0.00

     18  0      -386.76987121     9.07e-10      0.63
     18  1      -386.69811942     1.04e-08      0.00

     19  0      -386.76987121     4.11e-10      0.62
     19  1      -386.69811942     5.28e-09      0.00
    ** throwing out 2 trial vectors **

     20  0      -386.76987121     1.79e-10      0.63
     20  1      -386.69811942     2.60e-09      0.00
    ** throwing out 2 trial vectors **

     21  0 *    -386.76987121     7.92e-11      0.54
     21  1      -386.69811942     1.30e-09      0.00
    ** throwing out 1 trial vectors **

     22  0 *    -386.76987121     7.10e-11      0.33
     22  1      -386.69811942     6.71e-10      0.00
    ** throwing out 1 trial vectors **

     23  0 *    -386.76987121     7.04e-11      0.33
     23  1      -386.69811942     3.33e-10      0.00
    ** throwing out 1 trial vectors **

     24  0 *    -386.76987121     7.03e-11      0.33
     24  1      -386.69811942     1.61e-10      0.00
    ** throwing out 1 trial vectors **

     25  0 *    -386.76987121     7.03e-11      0.23
     25  1 *    -386.69811942     7.76e-11      0.00

     * ci vector   0, <S^2> = 0.0000, E =     -386.76987121
       222222......    -0.7313518350
       22222ba.....    -0.3605753553
       22222ab.....    -0.3605753553
       2222.2.2....     0.0844571408
       222.22..2...     0.0682529684
       222b2aa.b...     0.0640978739
       222a2bb.a...     0.0640978739
       22222..2....     0.0605942822
       2.22222.....     0.0552488778
       22b2a2.a.b..    -0.0547116615
       22a2b2.b.a..    -0.0547116615
       22.222.2....     0.0539177202
       22222...2...     0.0514774686
       22222.ab....     0.0511879769
       22222.ba....     0.0511879769

     * ci vector   1, <S^2> = 0.0000, E =     -386.69811942
       22222ab.....     0.5171306587
       22222ba.....     0.5171306587
       222222......    -0.4974284129
       222a2bb.a...    -0.0746431902
       222b2aa.b...    -0.0746431902
       2222abba....     0.0713177227
       2222baab....     0.0713177227
       2222.ab2....    -0.0685439224
       2222.ba2....    -0.0685439224
       2.22222.....     0.0635706537
       2b222a2.....     0.0612166891
       2a222b2.....     0.0612166891
       2222aabb....    -0.0586199608
       2222bbaa....    -0.0586199608
       222.2ab.2...    -0.0577860847
       222.2ba.2...    -0.0577860847
       2222.2.2....     0.0519505884
       - FCI and RDMs                             16.42
    * Integral transformation done. Elapsed time: 0.08

       - jop, kop                                  0.00
       - denom                                     0.02
     guess   0:   closed 111111......         open ............        
     guess   1:   closed 11111.......         open .....11.....        

  === FCI iteration ===

      0  0      -386.62693727     3.79e-04      0.59
      0  1      -386.55921191     3.70e-04      0.00

      1  0      -386.74269889     1.94e-04      0.59
      1  1      -386.66969258     1.87e-04      0.00

      2  0      -386.76661810     9.54e-05      0.59
      2  1      -386.69280217     9.40e-05      0.00

      3  0      -386.77159171     4.16e-05      0.61
      3  1      -386.69811860     4.64e-05      0.00

      4  0      -386.77243098     1.78e-05      0.63
      4  1      -386.69940853     2.54e-05      0.00

      5  0      -386.77258281     8.38e-06      0.63
      5  1      -386.69980804     1.50e-05      0.00

      6  0      -386.77262072     4.32e-06      0.60
      6  1      -386.69994247     8.48e-06      0.00

      7  0      -386.77263120     2.33e-06      0.61
      7  1      -386.69998486     4.85e-06      0.00

      8  0      -386.77263413     1.22e-06      0.61
      8  1      -386.70000108     3.23e-06      0.00

      9  0      -386.77263496     6.63e-07      0.61
      9  1      -386.70000841     2.17e-06      0.00

     10  0      -386.77263518     3.52e-07      0.61
     10  1      -386.70001138     1.33e-06      0.00

     11  0      -386.77263524     1.72e-07      0.61
     11  1      -386.70001247     8.04e-07      0.00

     12  0      -386.77263525     8.37e-08      0.61
     12  1      -386.70001286     4.70e-07      0.00

     13  0      -386.77263526     3.94e-08      0.61
     13  1      -386.70001298     2.48e-07      0.00

     14  0      -386.77263526     1.81e-08      0.62
     14  1      -386.70001301     1.23e-07      0.00

     15  0      -386.77263526     8.45e-09      0.62
     15  1      -386.70001302     6.12e-08      0.00

     16  0      -386.77263526     4.12e-09      0.62
     16  1      -386.70001302     3.32e-08      0.00

     17  0      -386.77263526     2.02e-09      0.62
     17  1      -386.70001303     1.82e-08      0.00

     18  0      -386.77263526     9.51e-10      0.62
     18  1      -386.70001303     9.74e-09      0.00

     19  0      -386.77263526     4.28e-10      0.63
     19  1      -386.70001303     5.00e-09      0.00
    ** throwing out 2 trial vectors **

     20  0      -386.77263526     1.85e-10      0.64
     20  1      -386.70001303     2.49e-09      0.00
    ** throwing out 2 trial vectors **

     21  0 *    -386.77263526     8.04e-11      0.53
     21  1      -386.70001303     1.24e-09      0.00
    ** throwing out 1 trial vectors **

     22  0 *    -386.77263526     7.17e-11      0.33
     22  1      -386.70001303     6.35e-10      0.00
    ** throwing out 1 trial vectors **

     23  0 *    -386.77263526     7.08e-11      0.34
     23  1      -386.70001303     3.18e-10      0.00
    ** throwing out 1 trial vectors **

     24  0 *    -386.77263526     7.08e-11      0.33
     24  1      -386.70001303     1.55e-10      0.00
    ** throwing out 1 trial vectors **

     25  0 *    -386.77263526     7.08e-11      0.23
     25  1 *    -386.70001303     7.51e-11      0.00

     * ci vector   0, <S^2> = 0.0000, E =     -386.77263526
       222222......     0.7393432206
       22222ab.....     0.3523845444
       22222ba.....     0.3523845444
       2222.2.2....    -0.0839800083
       222.22..2...    -0.0691832782
       22222..2....    -0.0651178403
       222a2bb.a...    -0.0633252752
       222b2aa.b...    -0.0633252752
       2.22222.....    -0.0597816165
       22a2b2.b.a..    -0.0554469343
       22b2a2.a.b..    -0.0554469343
       22.222.2....    -0.0539652892
       22222.ba....     0.0523621069
       22222.ab....     0.0523621069
       22222...2...    -0.0515538713

     * ci vector   1, <S^2> = 0.0000, E =     -386.70001303
       22222ab.....     0.5204299325
       22222ba.....     0.5204299325
       222222......    -0.4868261563
       222b2aa.b...    -0.0750792867
       222a2bb.a...    -0.0750792867
       2222baab....    -0.0739762461
       2222abba....    -0.0739762461
       2222.ab2....    -0.0691570798
       2222.ba2....    -0.0691570798
       2.22222.....     0.0688311591
       2b222a2.....    -0.0614598168
       2a222b2.....    -0.0614598168
       2222bbaa....     0.0610275875
       2222aabb....     0.0610275875
       222.2ab.2...    -0.0583154597
       222.2ba.2...    -0.0583154597
       22222..2....     0.0537006654
       - FCI and RDMs                             16.20
    * Integral transformation done. Elapsed time: 0.08

       - jop, kop                                  0.00
       - denom                                     0.02
     guess   0:   closed 111111......         open ............        
     guess   1:   closed 11111.......         open .....11.....        

  === FCI iteration ===

      0  0      -386.62721400     3.79e-04      0.59
      0  1      -386.55877140     3.70e-04      0.00

      1  0      -386.74296144     1.94e-04      0.60
      1  1      -386.66921946     1.88e-04      0.00

      2  0      -386.76689933     9.56e-05      0.60
      2  1      -386.69253784     9.47e-05      0.00

      3  0      -386.77188765     4.16e-05      0.61
      3  1      -386.69789910     4.69e-05      0.00

      4  0      -386.77272904     1.78e-05      0.61
      4  1      -386.69920286     2.57e-05      0.00

      5  0      -386.77287999     8.35e-06      0.61
      5  1      -386.69961234     1.52e-05      0.00

      6  0      -386.77291779     4.33e-06      0.61
      6  1      -386.69975173     8.67e-06      0.00

      7  0      -386.77292832     2.36e-06      0.61
      7  1      -386.69979602     4.98e-06      0.00

      8  0      -386.77293131     1.25e-06      0.61
      8  1      -386.69981307     3.33e-06      0.00

      9  0      -386.77293216     7.00e-07      0.62
      9  1      -386.69982079     2.24e-06      0.00

     10  0      -386.77293240     3.72e-07      0.62
     10  1      -386.69982392     1.36e-06      0.00

     11  0      -386.77293247     1.77e-07      0.62
     11  1      -386.69982505     8.10e-07      0.00

     12  0      -386.77293248     8.54e-08      0.62
     12  1      -386.69982546     4.77e-07      0.00

     13  0      -386.77293249     4.03e-08      0.62
     13  1      -386.69982558     2.55e-07      0.00

     14  0      -386.77293249     1.87e-08      0.62
     14  1      -386.69982562     1.26e-07      0.00

     15  0      -386.77293249     8.77e-09      0.64
     15  1      -386.69982563     6.25e-08      0.00

     16  0      -386.77293249     4.31e-09      0.65
     16  1      -386.69982563     3.37e-08      0.00

     17  0      -386.77293249     2.13e-09      0.64
     17  1      -386.69982563     1.85e-08      0.00

     18  0      -386.77293249     9.99e-10      0.62
     18  1      -386.69982563     9.90e-09      0.00

     19  0      -386.77293249     4.53e-10      0.63
     19  1      -386.69982563     5.10e-09      0.00
    ** throwing out 2 trial vectors **

     20  0      -386.77293249     1.97e-10      0.64
     20  1      -386.69982563     2.55e-09      0.00
    ** throwing out 2 trial vectors **

     21  0 *    -386.77293249     8.56e-11      0.54
     21  1      -386.69982563     1.27e-09      0.00
    ** throwing out 1 trial vectors **

     22  0 *    -386.77293249     7.60e-11      0.33
     22  1      -386.69982563     6.54e-10      0.00
    ** throwing out 1 trial vectors **

     23  0 *    -386.77293249     7.47e-11      0.34
     23  1      -386.69982563     3.32e-10      0.00
    ** throwing out 1 trial vectors **

     24  0 *    -386.77293249     7.47e-11      0.34
     24  1      -386.69982563     1.64e-10      0.00
    ** throwing out 1 trial vectors **

     25  0 *    -386.77293249     7.47e-11      0.24
     25  1 *    -386.69982563     8.05e-11      0.00

     * ci vector   0, <S^2> = 0.0000, E =     -386.77293249
       222222......     0.7446466143
       22222ba.....     0.3461867114
       22222ab.....     0.3461867114
       2222.2.2....    -0.0822653037
       22222..2....    -0.0687621949
       222.22..2...    -0.0686100000
       222b2aa.b...     0.0621444677
       222a2bb.a...     0.0621444677
       2.22222.....    -0.0607312608
       22b2a2.a.b..     0.0549313598
       22a2b2.b.a..     0.0549313598
       22222.ab....    -0.0535287313
       22222.ba....    -0.0535287313
       22.222.2....    -0.0532831456
       22222...2...    -0.0509401678

     * ci vector   1, <S^2> = 0.0000, E =     -386.69982563
       22222ba.....     0.5238602494
       22222ab.....     0.5238602494
       222222......    -0.4795607616
       2222baab....    -0.0756266058
       2222abba....    -0.0756266058
       222b2aa.b...     0.0747542071
       222a2bb.a...     0.0747542071
       2.22222.....     0.0689324312
       2222.ba2....    -0.0688760520
       2222.ab2....    -0.0688760520
       2222bbaa....     0.0618782655
       2222aabb....     0.0618782655
       2a222b2.....     0.0618368978
       2b222a2.....     0.0618368978
       222.2ba.2...    -0.0576043603
       222.2ab.2...    -0.0576043603
       22222..2....     0.0558074435
       - FCI and RDMs                             16.33
    * Integral transformation done. Elapsed time: 0.08

       - jop, kop                                  0.00
       - denom                                     0.02
     guess   0:   closed 111111......         open ............        
     guess   1:   closed 11111.......         open .....11.....        

  === FCI iteration ===

      0  0      -386.62727572     3.79e-04      0.60
      0  1      -386.55859851     3.70e-04      0.00

      1  0      -386.74304273     1.94e-04      0.60
      1  1      -386.66902320     1.88e-04      0.00

      2  0      -386.76699750     9.56e-05      0.60
      2  1      -386.69241453     9.49e-05      0.00

      3  0      -386.77199025     4.16e-05      0.61
      3  1      -386.69779721     4.71e-05      0.00

      4  0      -386.77283136     1.77e-05      0.61
      4  1      -386.69910918     2.58e-05      0.00

      5  0      -386.77298164     8.33e-06      0.61
      5  1      -386.69952291     1.52e-05      0.00

      6  0      -386.77301933     4.33e-06      0.61
      6  1      -386.69966409     8.73e-06      0.00

      7  0      -386.77302990     2.38e-06      0.61
      7  1      -386.69970911     5.03e-06      0.00

      8  0      -386.77303291     1.27e-06      0.61
      8  1      -386.69972648     3.36e-06      0.00

      9  0      -386.77303378     7.11e-07      0.62
      9  1      -386.69973435     2.26e-06      0.00

     10  0      -386.77303402     3.76e-07      0.62
     10  1      -386.69973752     1.37e-06      0.00

     11  0      -386.77303409     1.78e-07      0.62
     11  1      -386.69973867     8.12e-07      0.00

     12  0      -386.77303411     8.57e-08      0.62
     12  1      -386.69973907     4.79e-07      0.00

     13  0      -386.77303411     4.05e-08      0.62
     13  1      -386.69973920     2.56e-07      0.00

     14  0      -386.77303411     1.88e-08      0.62
     14  1      -386.69973924     1.26e-07      0.00

     15  0      -386.77303411     8.85e-09      0.62
     15  1      -386.69973925     6.27e-08      0.00

     16  0      -386.77303411     4.36e-09      0.62
     16  1      -386.69973925     3.38e-08      0.00

     17  0      -386.77303411     2.15e-09      0.62
     17  1      -386.69973925     1.86e-08      0.00

     18  0      -386.77303411     1.01e-09      0.63
     18  1      -386.69973925     9.95e-09      0.00

     19  0      -386.77303411     4.59e-10      0.63
     19  1      -386.69973925     5.14e-09      0.00
    ** throwing out 2 trial vectors **

     20  0      -386.77303411     2.00e-10      0.64
     20  1      -386.69973925     2.58e-09      0.00
    ** throwing out 2 trial vectors **

     21  0 *    -386.77303411     8.70e-11      0.54
     21  1      -386.69973925     1.28e-09      0.00
    ** throwing out 1 trial vectors **

     22  0 *    -386.77303411     7.79e-11      0.34
     22  1      -386.69973925     6.63e-10      0.00
    ** throwing out 1 trial vectors **

     23  0 *    -386.77303411     7.67e-11      0.33
     23  1      -386.69973925     3.37e-10      0.00
    ** throwing out 1 trial vectors **

     24  0 *    -386.77303411     7.67e-11      0.33
     24  1      -386.69973925     1.66e-10      0.00
    ** throwing out 1 trial vectors **

     25  0 *    -386.77303411     7.66e-11      0.23
     25  1 *    -386.69973925     8.19e-11      0.00

     * ci vector   0, <S^2> = -0.0000, E =     -386.77303411
       222222......    -0.7458853229
       22222ab.....    -0.3446851105
       22222ba.....    -0.3446851105
       2222.2.2....     0.0817445403
       22222..2....     0.0699983709
       222.22..2...     0.0685101157
       222b2aa.b...     0.0618361527
       222a2bb.a...     0.0618361527
       2.22222.....     0.0609364067
       22b2a2.a.b..     0.0548129376
       22a2b2.b.a..     0.0548129376
       22222.ba....     0.0540143754
       22222.ab....     0.0540143754
       22.222.2....     0.0530366288
       22222...2...     0.0507845380

     * ci vector   1, <S^2> = -0.0000, E =     -386.69973925
       22222ba.....     0.5246171416
       22222ab.....     0.5246171416
       222222......    -0.4778981760
       2222baab....     0.0762588113
       2222abba....     0.0762588113
       222b2aa.b...    -0.0746985698
       222a2bb.a...    -0.0746985697
       2.22222.....     0.0690206350
       2222.ba2....    -0.0688787233
       2222.ab2....    -0.0688787233
       2222bbaa....    -0.0621235093
       2222aabb....    -0.0621235093
       2a222b2.....    -0.0615966531
       2b222a2.....    -0.0615966531
       222.2ba.2...    -0.0574538220
       222.2ab.2...    -0.0574538220
       22222..2....     0.0566006331
       - FCI and RDMs                             16.34
    * Integral transformation done. Elapsed time: 0.08

       - jop, kop                                  0.00
       - denom                                     0.02
     guess   0:   closed 111111......         open ............        
     guess   1:   closed 11111.......         open .....11.....        

  === FCI iteration ===

      0  0      -386.62730035     3.79e-04      0.59
      0  1      -386.55854148     3.70e-04      0.00

      1  0      -386.74307787     1.94e-04      0.60
      1  1      -386.66894595     1.88e-04      0.00

      2  0      -386.76704024     9.56e-05      0.60
      2  1      -386.69236072     9.50e-05      0.00

      3  0      -386.77203410     4.16e-05      0.60
      3  1      -386.69775145     4.72e-05      0.00

      4  0      -386.77287462     1.77e-05      0.61
      4  1      -386.69906663     2.58e-05      0.00

      5  0      -386.77302449     8.32e-06      0.61
      5  1      -386.69948196     1.53e-05      0.00

      6  0      -386.77306212     4.33e-06      0.61
      6  1      -386.69962382     8.76e-06      0.00

      7  0      -386.77307269     2.38e-06      0.61
      7  1      -386.69966913     5.05e-06      0.00

      8  0      -386.77307571     1.27e-06      0.61
      8  1      -386.69968664     3.37e-06      0.00

      9  0      -386.77307658     7.14e-07      0.62
      9  1      -386.69969457     2.27e-06      0.00

     10  0      -386.77307683     3.77e-07      0.61
     10  1      -386.69969777     1.37e-06      0.00

     11  0      -386.77307690     1.78e-07      0.61
     11  1      -386.69969892     8.12e-07      0.00

     12  0      -386.77307691     8.57e-08      0.62
     12  1      -386.69969932     4.80e-07      0.00

     13  0      -386.77307692     4.05e-08      0.62
     13  1      -386.69969945     2.57e-07      0.00

     14  0      -386.77307692     1.88e-08      0.62
     14  1      -386.69969949     1.27e-07      0.00

     15  0      -386.77307692     8.86e-09      0.62
     15  1      -386.69969949     6.28e-08      0.00

     16  0      -386.77307692     4.37e-09      0.62
     16  1      -386.69969950     3.38e-08      0.00

     17  0      -386.77307692     2.15e-09      0.62
     17  1      -386.69969950     1.86e-08      0.00

     18  0      -386.77307692     1.01e-09      0.62
     18  1      -386.69969950     9.95e-09      0.00

     19  0      -386.77307692     4.61e-10      0.63
     19  1      -386.69969950     5.15e-09      0.00
    ** throwing out 2 trial vectors **

     20  0      -386.77307692     2.01e-10      0.63
     20  1      -386.69969950     2.58e-09      0.00
    ** throwing out 2 trial vectors **

     21  0 *    -386.77307692     8.73e-11      0.54
     21  1      -386.69969950     1.29e-09      0.00
    ** throwing out 1 trial vectors **

     22  0 *    -386.77307692     7.83e-11      0.33
     22  1      -386.69969950     6.65e-10      0.00
    ** throwing out 1 trial vectors **

     23  0 *    -386.77307692     7.71e-11      0.33
     23  1      -386.69969950     3.39e-10      0.00
    ** throwing out 1 trial vectors **

     24  0 *    -386.77307692     7.71e-11      0.33
     24  1      -386.69969950     1.67e-10      0.00
    ** throwing out 1 trial vectors **

     25  0 *    -386.77307692     7.71e-11      0.24
     25  1 *    -386.69969950     8.24e-11      0.00

     * ci vector   0, <S^2> = -0.0000, E =     -386.77307692
       222222......     0.7462509311
       22222ab.....     0.3442417635
       22222ba.....     0.3442417635
       2222.2.2....    -0.0815883962
       22222..2....    -0.0704300774
       222.22..2...    -0.0684908911
       222a2bb.a...    -0.0617571133
       222b2aa.b...    -0.0617571133
       2.22222.....    -0.0609804284
       22a2b2.b.a..     0.0547934423
       22b2a2.a.b..     0.0547934423
       22222.ba....    -0.0541984445
       22222.ab....    -0.0541984445
       22.222.2....    -0.0529577349
       22222...2...    -0.0507525234

     * ci vector   1, <S^2> = -0.0000, E =     -386.69969950
       22222ab.....     0.5248321561
       22222ba.....     0.5248321561
       222222......    -0.4774371086
       2222abba....     0.0765185865
       2222baab....     0.0765185865
       222a2bb.a...    -0.0746943327
       222b2aa.b...    -0.0746943327
       2.22222.....     0.0690571936
       2222.ab2....    -0.0689166399
       2222.ba2....    -0.0689166399
       2222aabb....    -0.0622209729
       2222bbaa....    -0.0622209729
       2b222a2.....     0.0614111158
       2a222b2.....     0.0614111158
       222.2ab.2...    -0.0574209632
       222.2ba.2...    -0.0574209632
       22222..2....     0.0569086528
       - FCI and RDMs                             16.21
    * Integral transformation done. Elapsed time: 0.08

       - jop, kop                                  0.00
       - denom                                     0.02
     guess   0:   closed 111111......         open ............        
     guess   1:   closed 11111.......         open .....11.....        

  === FCI iteration ===

      0  0      -386.62731341     3.79e-04      0.58
      0  1      -386.55852451     3.70e-04      0.00

      1  0      -386.74309607     1.94e-04      0.59
      1  1      -386.66891576     1.88e-04      0.00

      2  0      -386.76706074     9.56e-05      0.65
      2  1      -386.69233690     9.51e-05      0.00

      3  0      -386.77205449     4.16e-05      0.66
      3  1      -386.69773026     4.72e-05      0.00

      4  0      -386.77289452     1.77e-05      0.64
      4  1      -386.69904659     2.59e-05      0.00

      5  0      -386.77304416     8.31e-06      0.64
      5  1      -386.69946252     1.53e-05      0.00

      6  0      -386.77308175     4.33e-06      0.63
      6  1      -386.69960465     8.77e-06      0.00

      7  0      -386.77309232     2.38e-06      0.63
      7  1      -386.69965008     5.06e-06      0.00

      8  0      -386.77309534     1.27e-06      0.63
      8  1      -386.69966766     3.38e-06      0.00

      9  0      -386.77309622     7.15e-07      0.64
      9  1      -386.69967562     2.27e-06      0.00

     10  0      -386.77309646     3.77e-07      0.64
     10  1      -386.69967882     1.37e-06      0.00

     11  0      -386.77309653     1.78e-07      0.64
     11  1      -386.69967997     8.13e-07      0.00

     12  0      -386.77309655     8.57e-08      0.62
     12  1      -386.69968038     4.80e-07      0.00

     13  0      -386.77309655     4.05e-08      0.62
     13  1      -386.69968051     2.57e-07      0.00

     14  0      -386.77309655     1.88e-08      0.62
     14  1      -386.69968054     1.27e-07      0.00

     15  0      -386.77309655     8.87e-09      0.62
     15  1      -386.69968055     6.28e-08      0.00

     16  0      -386.77309655     4.37e-09      0.62
     16  1      -386.69968056     3.38e-08      0.00

     17  0      -386.77309655     2.15e-09      0.62
     17  1      -386.69968056     1.85e-08      0.00

     18  0      -386.77309655     1.01e-09      0.62
     18  1      -386.69968056     9.95e-09      0.00

     19  0      -386.77309655     4.61e-10      0.62
     19  1      -386.69968056     5.15e-09      0.00
    ** throwing out 2 trial vectors **

     20  0      -386.77309655     2.01e-10      0.63
     20  1      -386.69968056     2.59e-09      0.00
    ** throwing out 2 trial vectors **

     21  0 *    -386.77309655     8.73e-11      0.54
     21  1      -386.69968056     1.29e-09      0.00
    ** throwing out 1 trial vectors **

     22  0 *    -386.77309655     7.84e-11      0.33
     22  1      -386.69968056     6.66e-10      0.00
    ** throwing out 1 trial vectors **

     23  0 *    -386.77309655     7.72e-11      0.33
     23  1      -386.69968056     3.39e-10      0.00
    ** throwing out 1 trial vectors **

     24  0 *    -386.77309655     7.72e-11      0.33
     24  1      -386.69968056     1.68e-10      0.00
    ** throwing out 1 trial vectors **

     25  0 *    -386.77309655     7.72e-11      0.23
     25  1 *    -386.69968056     8.27e-11      0.00

     * ci vector   0, <S^2> = 0.0000, E =     -386.77309655
       222222......    -0.7463724863
       22222ab.....    -0.3440988012
       22222ba.....    -0.3440988012
       2222.2.2....     0.0815481468
       22222..2....     0.0705800060
       222.22..2...     0.0684834453
       222a2bb.a...     0.0617406353
       222b2aa.b...     0.0617406353
       2.22222.....     0.0609935157
       22a2b2.b.a..     0.0548017977
       22b2a2.a.b..     0.0548017977
       22222.ba....     0.0542666521
       22222.ab....     0.0542666521
       22.222.2....     0.0529349218
       22222...2...     0.0507510951

     * ci vector   1, <S^2> = -0.0000, E =     -386.69968056
       22222ab.....    -0.5249017832
       22222ba.....    -0.5249017832
       222222......     0.4773000071
       2222abba....    -0.0766307457
       2222baab....    -0.0766307457
       222a2bb.a...     0.0746962817
       222b2aa.b...     0.0746962817
       2.22222.....    -0.0690807551
       2222.ab2....     0.0689476288
       2222.ba2....     0.0689476288
       2222aabb....     0.0622678126
       2222bbaa....     0.0622678126
       2b222a2.....     0.0613071914
       2a222b2.....     0.0613071914
       222.2ab.2...     0.0574125898
       222.2ba.2...     0.0574125898
       22222..2....    -0.0570277838
       - FCI and RDMs                             16.48
    * Integral transformation done. Elapsed time: 0.08

       - jop, kop                                  0.00
       - denom                                     0.02
     guess   0:   closed 111111......         open ............        
     guess   1:   closed 11111.......         open .....11.....        

  === FCI iteration ===

      0  0      -386.62732092     3.79e-04      0.59
      0  1      -386.55852040     3.70e-04      0.00

      1  0      -386.74310605     1.94e-04      0.60
      1  1      -386.66890404     1.88e-04      0.00

      2  0      -386.76707101     9.56e-05      0.60
      2  1      -386.69232618     9.51e-05      0.00

      3  0      -386.77206436     4.16e-05      0.60
      3  1      -386.69772023     4.73e-05      0.00

      4  0      -386.77290407     1.77e-05      0.61
      4  1      -386.69903693     2.59e-05      0.00

      5  0      -386.77305357     8.31e-06      0.60
      5  1      -386.69945308     1.53e-05      0.00

      6  0      -386.77309114     4.33e-06      0.61
      6  1      -386.69959532     8.77e-06      0.00

      7  0      -386.77310171     2.38e-06      0.63
      7  1      -386.69964081     5.06e-06      0.00

      8  0      -386.77310473     1.28e-06      0.64
      8  1      -386.69965842     3.38e-06      0.00

      9  0      -386.77310561     7.16e-07      0.61
      9  1      -386.69966639     2.27e-06      0.00

     10  0      -386.77310585     3.77e-07      0.61
     10  1      -386.69966960     1.37e-06      0.00

     11  0      -386.77310592     1.78e-07      0.62
     11  1      -386.69967075     8.13e-07      0.00

     12  0      -386.77310594     8.57e-08      0.61
     12  1      -386.69967116     4.80e-07      0.00

     13  0      -386.77310594     4.05e-08      0.61
     13  1      -386.69967129     2.57e-07      0.00

     14  0      -386.77310594     1.88e-08      0.62
     14  1      -386.69967132     1.27e-07      0.00

     15  0      -386.77310594     8.87e-09      0.62
     15  1      -386.69967133     6.28e-08      0.00

     16  0      -386.77310594     4.37e-09      0.62
     16  1      -386.69967133     3.38e-08      0.00

     17  0      -386.77310594     2.15e-09      0.62
     17  1      -386.69967133     1.85e-08      0.00

     18  0      -386.77310594     1.01e-09      0.63
     18  1      -386.69967133     9.94e-09      0.00

     19  0      -386.77310594     4.61e-10      0.63
     19  1      -386.69967133     5.15e-09      0.00
    ** throwing out 2 trial vectors **

     20  0      -386.77310594     2.01e-10      0.63
     20  1      -386.69967133     2.59e-09      0.00
    ** throwing out 2 trial vectors **

     21  0 *    -386.77310594     8.73e-11      0.54
     21  1      -386.69967133     1.29e-09      0.00
    ** throwing out 1 trial vectors **

     22  0 *    -386.77310594     7.84e-11      0.33
     22  1      -386.69967133     6.66e-10      0.00
    ** throwing out 1 trial vectors **

     23  0 *    -386.77310594     7.72e-11      0.33
     23  1      -386.69967133     3.39e-10      0.00
    ** throwing out 1 trial vectors **

     24  0 *    -386.77310594     7.72e-11      0.33
     24  1      -386.69967133     1.68e-10      0.00
    ** throwing out 1 trial vectors **

     25  0 *    -386.77310594     7.72e-11      0.23
     25  1 *    -386.69967133     8.27e-11      0.00

     * ci vector   0, <S^2> = 0.0000, E =     -386.77310594
       222222......     0.7464138443
       22222ba.....     0.3440533991
       22222ab.....     0.3440533991
       2222.2.2....    -0.0815429984
       22222..2....    -0.0706297858
       222.22..2...    -0.0684798217
       222b2aa.b...     0.0617403264
       222a2bb.a...     0.0617403264
       2.22222.....    -0.0609995097
       22b2a2.a.b..     0.0548140625
       22a2b2.b.a..     0.0548140625
       22222.ab....    -0.0542911708
       22222.ba....    -0.0542911708
       22.222.2....    -0.0529298548
       22222...2...    -0.0507555099

     * ci vector   1, <S^2> = -0.0000, E =     -386.69967133
       22222ab.....     0.5249248054
       22222ba.....     0.5249248054
       222222......    -0.4772623218
       2222abba....     0.0766805551
       2222baab....     0.0766805551
       222a2bb.a...     0.0746982593
       222b2aa.b...     0.0746982593
       2.22222.....     0.0690968756
       2222.ab2....    -0.0689678525
       2222.ba2....    -0.0689678525
       2222aabb....    -0.0622917425
       2222bbaa....    -0.0622917425
       2b222a2.....     0.0612527951
       2a222b2.....     0.0612527951
       222.2ab.2...    -0.0574106682
       222.2ba.2...    -0.0574106682
       22222..2....     0.0570731055
       - FCI and RDMs                             16.22
    * Integral transformation done. Elapsed time: 0.08

       - jop, kop                                  0.00
       - denom                                     0.02
     guess   0:   closed 111111......         open ............        
     guess   1:   closed 11111.......         open .....11.....        

  === FCI iteration ===

      0  0      -386.62732522     3.79e-04      0.60
      0  1      -386.55852005     3.70e-04      0.00

      1  0      -386.74311153     1.94e-04      0.60
      1  1      -386.66889952     1.88e-04      0.00

      2  0      -386.76707623     9.56e-05      0.61
      2  1      -386.69232129     9.51e-05      0.00

      3  0      -386.77206924     4.16e-05      0.60
      3  1      -386.69771542     4.73e-05      0.00

      4  0      -386.77290875     1.77e-05      0.61
      4  1      -386.69903220     2.59e-05      0.00

      5  0      -386.77305818     8.31e-06      0.61
      5  1      -386.69944844     1.53e-05      0.00

      6  0      -386.77309573     4.33e-06      0.61
      6  1      -386.69959072     8.77e-06      0.00

      7  0      -386.77310630     2.38e-06      0.61
      7  1      -386.69963624     5.06e-06      0.00

      8  0      -386.77310933     1.28e-06      0.61
      8  1      -386.69965386     3.38e-06      0.00

      9  0      -386.77311020     7.16e-07      0.64
      9  1      -386.69966183     2.27e-06      0.00

     10  0      -386.77311045     3.77e-07      0.64
     10  1      -386.69966505     1.37e-06      0.00

     11  0      -386.77311052     1.78e-07      0.62
     11  1      -386.69966620     8.13e-07      0.00

     12  0      -386.77311053     8.56e-08      0.62
     12  1      -386.69966660     4.80e-07      0.00

     13  0      -386.77311053     4.05e-08      0.62
     13  1      -386.69966673     2.57e-07      0.00

     14  0      -386.77311054     1.88e-08      0.62
     14  1      -386.69966677     1.27e-07      0.00

     15  0      -386.77311054     8.86e-09      0.62
     15  1      -386.69966678     6.27e-08      0.00

     16  0      -386.77311054     4.37e-09      0.63
     16  1      -386.69966678     3.37e-08      0.00

     17  0      -386.77311054     2.15e-09      0.62
     17  1      -386.69966678     1.85e-08      0.00

     18  0      -386.77311054     1.01e-09      0.62
     18  1      -386.69966678     9.94e-09      0.00

     19  0      -386.77311054     4.61e-10      0.63
     19  1      -386.69966678     5.15e-09      0.00
    ** throwing out 2 trial vectors **

     20  0      -386.77311054     2.01e-10      0.64
     20  1      -386.69966678     2.59e-09      0.00
    ** throwing out 2 trial vectors **

     21  0 *    -386.77311054     8.72e-11      0.54
     21  1      -386.69966678     1.29e-09      0.00
    ** throwing out 1 trial vectors **

     22  0 *    -386.77311054     7.83e-11      0.34
     22  1      -386.69966678     6.66e-10      0.00
    ** throwing out 1 trial vectors **

     23  0 *    -386.77311054     7.72e-11      0.33
     23  1      -386.69966678     3.39e-10      0.00
    ** throwing out 1 trial vectors **

     24  0 *    -386.77311054     7.72e-11      0.33
     24  1      -386.69966678     1.68e-10      0.00
    ** throwing out 1 trial vectors **

     25  0 *    -386.77311054     7.72e-11      0.24
     25  1 *    -386.69966678     8.27e-11      0.00

     * ci vector   0, <S^2> = -0.0000, E =     -386.77311054
       222222......     0.7464274938
       22222ab.....     0.3440403846
       22222ba.....     0.3440403846
       2222.2.2....    -0.0815464765
       22222..2....    -0.0706447760
       222.22..2...    -0.0684780210
       222a2bb.a...    -0.0617430892
       222b2aa.b...    -0.0617430892
       2.22222.....    -0.0610029683
       22a2b2.b.a..    -0.0548236823
       22b2a2.a.b..    -0.0548236823
       22222.ba....    -0.0542994899
       22222.ab....    -0.0542994899
       22.222.2....    -0.0529297968
       22222...2...    -0.0507596500

     * ci vector   1, <S^2> = 0.0000, E =     -386.69966678
       22222ba.....     0.5249320958
       22222ab.....     0.5249320958
       222222......    -0.4772549737
       2222baab....     0.0767031372
       2222abba....     0.0767031372
       222b2aa.b...    -0.0746995836
       222a2bb.a...    -0.0746995836
       2.22222.....     0.0691072045
       2222.ba2....    -0.0689799254
       2222.ab2....    -0.0689799254
       2222bbaa....    -0.0623041456
       2222aabb....    -0.0623041456
       2a222b2.....     0.0612248664
       2b222a2.....     0.0612248664
       222.2ba.2...    -0.0574105089
       222.2ab.2...    -0.0574105089
       22222..2....     0.0570899366
       - FCI and RDMs                             16.33
    * Integral transformation done. Elapsed time: 0.08

       - jop, kop                                  0.00
       - denom                                     0.02
     guess   0:   closed 111111......         open ............        
     guess   1:   closed 11111.......         open .....11.....        

  === FCI iteration ===

      0  0      -386.62732764     3.79e-04      0.60
      0  1      -386.55852055     3.70e-04      0.00

      1  0      -386.74311452     1.94e-04      0.60
      1  1      -386.66889780     1.88e-04      0.00

      2  0      -386.76707891     9.56e-05      0.60
      2  1      -386.69231902     9.51e-05      0.00

      3  0      -386.77207168     4.16e-05      0.60
      3  1      -386.69771307     4.73e-05      0.00

      4  0      -386.77291107     1.77e-05      0.61
      4  1      -386.69902987     2.59e-05      0.00

      5  0      -386.77306047     8.31e-06      0.61
      5  1      -386.69944613     1.53e-05      0.00

      6  0      -386.77309801     4.32e-06      0.61
      6  1      -386.69958844     8.77e-06      0.00

      7  0      -386.77310858     2.38e-06      0.61
      7  1      -386.69963396     5.07e-06      0.00

      8  0      -386.77311161     1.28e-06      0.64
      8  1      -386.69965159     3.38e-06      0.00

      9  0      -386.77311248     7.16e-07      0.64
      9  1      -386.69965957     2.27e-06      0.00

     10  0      -386.77311273     3.77e-07      0.62
     10  1      -386.69966278     1.37e-06      0.00

     11  0      -386.77311279     1.78e-07      0.62
     11  1      -386.69966393     8.13e-07      0.00

     12  0      -386.77311281     8.56e-08      0.62
     12  1      -386.69966434     4.80e-07      0.00

     13  0      -386.77311281     4.05e-08      0.62
     13  1      -386.69966447     2.57e-07      0.00

     14  0      -386.77311281     1.88e-08      0.62
     14  1      -386.69966450     1.26e-07      0.00

     15  0      -386.77311281     8.86e-09      0.62
     15  1      -386.69966451     6.27e-08      0.00

     16  0      -386.77311281     4.37e-09      0.63
     16  1      -386.69966451     3.37e-08      0.00

     17  0      -386.77311281     2.15e-09      0.63
     17  1      -386.69966451     1.85e-08      0.00

     18  0      -386.77311281     1.01e-09      0.63
     18  1      -386.69966451     9.94e-09      0.00

     19  0      -386.77311281     4.61e-10      0.63
     19  1      -386.69966451     5.15e-09      0.00
    ** throwing out 2 trial vectors **

     20  0      -386.77311281     2.01e-10      0.64
     20  1      -386.69966451     2.59e-09      0.00
    ** throwing out 2 trial vectors **

     21  0 *    -386.77311281     8.72e-11      0.54
     21  1      -386.69966451     1.29e-09      0.00
    ** throwing out 1 trial vectors **

     22  0 *    -386.77311281     7.83e-11      0.33
     22  1      -386.69966451     6.66e-10      0.00
    ** throwing out 1 trial vectors **

     23  0 *    -386.77311281     7.72e-11      0.33
     23  1      -386.69966451     3.39e-10      0.00
    ** throwing out 1 trial vectors **

     24  0 *    -386.77311281     7.72e-11      0.34
     24  1      -386.69966451     1.68e-10      0.00
    ** throwing out 1 trial vectors **

     25  0 *    -386.77311281     7.72e-11      0.24
     25  1 *    -386.69966451     8.27e-11      0.00

     * ci vector   0, <S^2> = 0.0000, E =     -386.77311281
       222222......    -0.7464316353
       22222ba.....    -0.3440376365
       22222ab.....    -0.3440376365
       2222.2.2....     0.0815506807
       22222..2....     0.0706483236
       222.22..2...     0.0684771308
       222b2aa.b...     0.0617455902
       222a2bb.a...     0.0617455902
       2.22222.....     0.0610050514
       22b2a2.a.b..    -0.0548299741
       22a2b2.b.a..    -0.0548299741
       22222.ab....     0.0543020082
       22222.ba....     0.0543020082
       22.222.2....     0.0529307562
       22222...2...     0.0507624820

     * ci vector   1, <S^2> = -0.0000, E =     -386.69966451
       22222ab.....    -0.5249341474
       22222ba.....    -0.5249341473
       222222......     0.4772557791
       2222abba....     0.0767135566
       2222baab....     0.0767135566
       222a2bb.a...     0.0747003785
       222b2aa.b...     0.0747003785
       2.22222.....    -0.0691134156
       2222.ab2....     0.0689867916
       2222.ba2....     0.0689867916
       2222aabb....    -0.0623105752
       2222bbaa....    -0.0623105752
       2b222a2.....     0.0612106099
       2a222b2.....     0.0612106099
       222.2ab.2...     0.0574107398
       222.2ba.2...     0.0574107398
       22222..2....    -0.0570959675
       - FCI and RDMs                             16.33
    * Integral transformation done. Elapsed time: 0.08

       - jop, kop                                  0.00
       - denom                                     0.02
     guess   0:   closed 111111......         open ............        
     guess   1:   closed 11111.......         open .....11.....        

  === FCI iteration ===

      0  0      -386.62732897     3.79e-04      0.60
      0  1      -386.55852107     3.70e-04      0.00

      1  0      -386.74311613     1.94e-04      0.60
      1  1      -386.66889716     1.88e-04      0.00

      2  0      -386.76708029     9.56e-05      0.61
      2  1      -386.69231796     9.51e-05      0.00

      3  0      -386.77207291     4.16e-05      0.61
      3  1      -386.69771192     4.73e-05      0.00

      4  0      -386.77291224     1.77e-05      0.61
      4  1      -386.69902871     2.59e-05      0.00

      5  0      -386.77306161     8.31e-06      0.61
      5  1      -386.69944498     1.53e-05      0.00

      6  0      -386.77309915     4.32e-06      0.61
      6  1      -386.69958729     8.77e-06      0.00

      7  0      -386.77310972     2.38e-06      0.61
      7  1      -386.69963282     5.07e-06      0.00

      8  0      -386.77311275     1.28e-06      0.61
      8  1      -386.69965045     3.38e-06      0.00

      9  0      -386.77311362     7.16e-07      0.61
      9  1      -386.69965843     2.27e-06      0.00

     10  0      -386.77311387     3.77e-07      0.62
     10  1      -386.69966164     1.37e-06      0.00

     11  0      -386.77311393     1.78e-07      0.62
     11  1      -386.69966279     8.13e-07      0.00

     12  0      -386.77311395     8.56e-08      0.62
     12  1      -386.69966320     4.80e-07      0.00

     13  0      -386.77311395     4.05e-08      0.62
     13  1      -386.69966333     2.57e-07      0.00

     14  0      -386.77311395     1.88e-08      0.62
     14  1      -386.69966336     1.26e-07      0.00

     15  0      -386.77311395     8.86e-09      0.62
     15  1      -386.69966337     6.27e-08      0.00

     16  0      -386.77311395     4.37e-09      0.63
     16  1      -386.69966337     3.37e-08      0.00

     17  0      -386.77311395     2.15e-09      0.62
     17  1      -386.69966338     1.85e-08      0.00

     18  0      -386.77311395     1.01e-09      0.63
     18  1      -386.69966338     9.94e-09      0.00

     19  0      -386.77311395     4.61e-10      0.63
     19  1      -386.69966338     5.15e-09      0.00
    ** throwing out 2 trial vectors **

     20  0      -386.77311395     2.01e-10      0.64
     20  1      -386.69966338     2.59e-09      0.00
    ** throwing out 2 trial vectors **

     21  0 *    -386.77311395     8.72e-11      0.55
     21  1      -386.69966338     1.29e-09      0.00
    ** throwing out 1 trial vectors **

     22  0 *    -386.77311395     7.83e-11      0.33
     22  1      -386.69966338     6.66e-10      0.00
    ** throwing out 1 trial vectors **

     23  0 *    -386.77311395     7.72e-11      0.34
     23  1      -386.69966338     3.39e-10      0.00
    ** throwing out 1 trial vectors **

     24  0 *    -386.77311395     7.72e-11      0.34
     24  1      -386.69966338     1.68e-10      0.00
    ** throwing out 1 trial vectors **

     25  0 *    -386.77311395     7.72e-11      0.24
     25  1 *    -386.69966338     8.27e-11      0.00

     * ci vector   0, <S^2> = -0.0000, E =     -386.77311395
       222222......    -0.7464326563
       22222ba.....    -0.3440377525
       22222ab.....    -0.3440377525
       2222.2.2....     0.0815537955
       22222..2....     0.0706485064
       222.22..2...     0.0684766906
       222a2bb.a...     0.0617472844
       222b2aa.b...     0.0617472844
       2.22222.....     0.0610062817
       22b2a2.a.b..     0.0548337495
       22a2b2.b.a..     0.0548337495
       22222.ba....     0.0543025790
       22222.ab....     0.0543025790
       22.222.2....     0.0529316381
       22222...2...     0.0507642085

     * ci vector   1, <S^2> = 0.0000, E =     -386.69966338
       22222ab.....    -0.5249345566
       22222ba.....    -0.5249345566
       222222......     0.4772579665
       2222abba....     0.0767184409
       2222baab....     0.0767184409
       222a2bb.a...     0.0747008327
       222b2aa.b...     0.0747008327
       2.22222.....    -0.0691169843
       2222.ab2....     0.0689905814
       2222.ba2....     0.0689905814
       2222aabb....    -0.0623138979
       2222bbaa....    -0.0623138979
       2b222a2.....    -0.0612033420
       2a222b2.....    -0.0612033420
       222.2ab.2...     0.0574109797
       222.2ba.2...     0.0574109797
       22222..2....    -0.0570980074
       - FCI and RDMs                             16.28
    * Integral transformation done. Elapsed time: 0.08

       - jop, kop                                  0.00
       - denom                                     0.02
     guess   0:   closed 111111......         open ............        
     guess   1:   closed 11111.......         open .....11.....        

  === FCI iteration ===

      0  0      -386.62732970     3.79e-04      0.59
      0  1      -386.55852144     3.70e-04      0.00

      1  0      -386.74311699     1.94e-04      0.60
      1  1      -386.66889693     1.88e-04      0.00

      2  0      -386.76708100     9.56e-05      0.60
      2  1      -386.69231745     9.51e-05      0.00

      3  0      -386.77207354     4.16e-05      0.60
      3  1      -386.69771135     4.73e-05      0.00

      4  0      -386.77291283     1.77e-05      0.62
      4  1      -386.69902812     2.59e-05      0.00

      5  0      -386.77306219     8.31e-06      0.64
      5  1      -386.69944440     1.53e-05      0.00

      6  0      -386.77309972     4.32e-06      0.63
      6  1      -386.69958671     8.77e-06      0.00

      7  0      -386.77311029     2.38e-06      0.64
      7  1      -386.69963224     5.07e-06      0.00

      8  0      -386.77311332     1.28e-06      0.64
      8  1      -386.69964987     3.38e-06      0.00

      9  0      -386.77311419     7.16e-07      0.64
      9  1      -386.69965785     2.27e-06      0.00

     10  0      -386.77311444     3.77e-07      0.64
     10  1      -386.69966107     1.37e-06      0.00

     11  0      -386.77311451     1.78e-07      0.64
     11  1      -386.69966222     8.13e-07      0.00

     12  0      -386.77311452     8.56e-08      0.64
     12  1      -386.69966263     4.80e-07      0.00

     13  0      -386.77311453     4.05e-08      0.64
     13  1      -386.69966276     2.57e-07      0.00

     14  0      -386.77311453     1.88e-08      0.63
     14  1      -386.69966279     1.26e-07      0.00

     15  0      -386.77311453     8.86e-09      0.63
     15  1      -386.69966280     6.27e-08      0.00

     16  0      -386.77311453     4.37e-09      0.63
     16  1      -386.69966280     3.37e-08      0.00

     17  0      -386.77311453     2.15e-09      0.62
     17  1      -386.69966280     1.85e-08      0.00

     18  0      -386.77311453     1.01e-09      0.63
     18  1      -386.69966280     9.94e-09      0.00

     19  0      -386.77311453     4.61e-10      0.63
     19  1      -386.69966280     5.15e-09      0.00
    ** throwing out 2 trial vectors **

     20  0      -386.77311453     2.01e-10      0.64
     20  1      -386.69966280     2.58e-09      0.00
    ** throwing out 2 trial vectors **

     21  0 *    -386.77311453     8.72e-11      0.54
     21  1      -386.69966280     1.29e-09      0.00
    ** throwing out 1 trial vectors **

     22  0 *    -386.77311453     7.83e-11      0.33
     22  1      -386.69966280     6.66e-10      0.00
    ** throwing out 1 trial vectors **

     23  0 *    -386.77311453     7.72e-11      0.33
     23  1      -386.69966280     3.39e-10      0.00
    ** throwing out 1 trial vectors **

     24  0 *    -386.77311453     7.72e-11      0.33
     24  1      -386.69966280     1.68e-10      0.00
    ** throwing out 1 trial vectors **

     25  0 *    -386.77311453     7.72e-11      0.23
     25  1 *    -386.69966280     8.27e-11      0.00

     * ci vector   0, <S^2> = -0.0000, E =     -386.77311453
       222222......    -0.7464327497
       22222ba.....    -0.3440384101
       22222ab.....    -0.3440384101
       2222.2.2....     0.0815557737
       22222..2....     0.0706479500
       222.22..2...     0.0684764714
       222b2aa.b...     0.0617483121
       222a2bb.a...     0.0617483121
       2.22222.....     0.0610069878
       22a2b2.b.a..     0.0548359069
       22b2a2.a.b..     0.0548359069
       22222.ba....     0.0543025749
       22222.ab....     0.0543025749
       22.222.2....     0.0529322453
       22222...2...     0.0507652017

     * ci vector   1, <S^2> = 0.0000, E =     -386.69966280
       22222ba.....    -0.5249345190
       22222ab.....    -0.5249345190
       222222......     0.4772597831
       2222baab....     0.0767207631
       2222abba....     0.0767207631
       222b2aa.b...     0.0747010846
       222a2bb.a...     0.0747010846
       2.22222.....    -0.0691189717
       2222.ba2....     0.0689926323
       2222.ab2....     0.0689926323
       2222bbaa....    -0.0623156095
       2222aabb....    -0.0623156095
       2a222b2.....    -0.0611996355
       2b222a2.....    -0.0611996355
       222.2ba.2...     0.0574111503
       222.2ab.2...     0.0574111503
       22222..2....    -0.0570986266
       - FCI and RDMs                             16.52
    * Integral transformation done. Elapsed time: 0.08

       - jop, kop                                  0.00
       - denom                                     0.02
     guess   0:   closed 111111......         open ............        
     guess   1:   closed 11111.......         open .....11.....        

  === FCI iteration ===

      0  0      -386.62733008     3.79e-04      0.60
      0  1      -386.55852167     3.70e-04      0.00

      1  0      -386.74311744     1.94e-04      0.60
      1  1      -386.66889685     1.88e-04      0.00

      2  0      -386.76708136     9.56e-05      0.61
      2  1      -386.69231721     9.51e-05      0.00

      3  0      -386.77207385     4.16e-05      0.60
      3  1      -386.69771107     4.73e-05      0.00

      4  0      -386.77291312     1.77e-05      0.61
      4  1      -386.69902783     2.59e-05      0.00

      5  0      -386.77306248     8.31e-06      0.61
      5  1      -386.69944411     1.53e-05      0.00

      6  0      -386.77310002     4.32e-06      0.61
      6  1      -386.69958642     8.77e-06      0.00

      7  0      -386.77311058     2.38e-06      0.61
      7  1      -386.69963195     5.07e-06      0.00

      8  0      -386.77311361     1.28e-06      0.62
      8  1      -386.69964958     3.38e-06      0.00

      9  0      -386.77311448     7.16e-07      0.61
      9  1      -386.69965756     2.27e-06      0.00

     10  0      -386.77311473     3.77e-07      0.61
     10  1      -386.69966078     1.37e-06      0.00

     11  0      -386.77311480     1.78e-07      0.62
     11  1      -386.69966193     8.13e-07      0.00

     12  0      -386.77311481     8.56e-08      0.62
     12  1      -386.69966234     4.80e-07      0.00

     13  0      -386.77311482     4.05e-08      0.62
     13  1      -386.69966247     2.57e-07      0.00

     14  0      -386.77311482     1.88e-08      0.62
     14  1      -386.69966250     1.26e-07      0.00

     15  0      -386.77311482     8.86e-09      0.62
     15  1      -386.69966251     6.27e-08      0.00

     16  0      -386.77311482     4.37e-09      0.62
     16  1      -386.69966251     3.37e-08      0.00

     17  0      -386.77311482     2.15e-09      0.63
     17  1      -386.69966251     1.85e-08      0.00

     18  0      -386.77311482     1.01e-09      0.63
     18  1      -386.69966251     9.94e-09      0.00

     19  0      -386.77311482     4.61e-10      0.63
     19  1      -386.69966251     5.15e-09      0.00
    ** throwing out 2 trial vectors **

     20  0      -386.77311482     2.01e-10      0.63
     20  1      -386.69966251     2.58e-09      0.00
    ** throwing out 2 trial vectors **

     21  0 *    -386.77311482     8.72e-11      0.54
     21  1      -386.69966251     1.29e-09      0.00
    ** throwing out 1 trial vectors **

     22  0 *    -386.77311482     7.83e-11      0.33
     22  1      -386.69966251     6.65e-10      0.00
    ** throwing out 1 trial vectors **

     23  0 *    -386.77311482     7.72e-11      0.34
     23  1      -386.69966251     3.39e-10      0.00
    ** throwing out 1 trial vectors **

     24  0 *    -386.77311482     7.72e-11      0.34
     24  1      -386.69966251     1.68e-10      0.00
    ** throwing out 1 trial vectors **

     25  0 *    -386.77311482     7.72e-11      0.24
     25  1 *    -386.69966251     8.27e-11      0.00

     * ci vector   0, <S^2> = 0.0000, E =     -386.77311482
       222222......    -0.7464326284
       22222ba.....    -0.3440389836
       22222ab.....    -0.3440389836
       2222.2.2....     0.0815569402
       22222..2....     0.0706474048
       222.22..2...     0.0684763617
       222b2aa.b...    -0.0617489014
       222a2bb.a...    -0.0617489014
       2.22222.....     0.0610073831
       22b2a2.a.b..    -0.0548371028
       22a2b2.b.a..    -0.0548371028
       22222.ab....     0.0543024501
       22222.ba....     0.0543024501
       22.222.2....     0.0529326189
       22222...2...     0.0507657539

     * ci vector   1, <S^2> = 0.0000, E =     -386.69966251
       22222ba.....    -0.5249344035
       22222ab.....    -0.5249344035
       222222......     0.4772609889
       2222baab....     0.0767218817
       2222abba....     0.0767218817
       222b2aa.b...    -0.0747012216
       222a2bb.a...    -0.0747012216
       2.22222.....    -0.0691200551
       2222.ba2....     0.0689937275
       2222.ab2....     0.0689937275
       2222bbaa....    -0.0623164891
       2222aabb....    -0.0623164891
       2a222b2.....    -0.0611977436
       2b222a2.....    -0.0611977436
       222.2ba.2...     0.0574112566
       222.2ab.2...     0.0574112566
       22222..2....    -0.0570987714
       - FCI and RDMs                             16.29
    * Integral transformation done. Elapsed time: 0.08

       - jop, kop                                  0.00
       - denom                                     0.02
     guess   0:   closed 111111......         open ............        
     guess   1:   closed 11111.......         open .....11.....        

  === FCI iteration ===

      0  0      -386.62733029     3.79e-04      0.59
      0  1      -386.55852181     3.70e-04      0.00

      1  0      -386.74311768     1.94e-04      0.60
      1  1      -386.66889682     1.88e-04      0.00

      2  0      -386.76708155     9.56e-05      0.61
      2  1      -386.69231709     9.51e-05      0.00

      3  0      -386.77207401     4.16e-05      0.61
      3  1      -386.69771092     4.73e-05      0.00

      4  0      -386.77291328     1.77e-05      0.61
      4  1      -386.69902768     2.59e-05      0.00

      5  0      -386.77306263     8.31e-06      0.61
      5  1      -386.69944396     1.53e-05      0.00

      6  0      -386.77310016     4.32e-06      0.61
      6  1      -386.69958627     8.77e-06      0.00

      7  0      -386.77311073     2.38e-06      0.61
      7  1      -386.69963180     5.07e-06      0.00

      8  0      -386.77311376     1.28e-06      0.61
      8  1      -386.69964943     3.38e-06      0.00

      9  0      -386.77311463     7.16e-07      0.61
      9  1      -386.69965742     2.27e-06      0.00

     10  0      -386.77311488     3.77e-07      0.61
     10  1      -386.69966063     1.37e-06      0.00

     11  0      -386.77311495     1.78e-07      0.62
     11  1      -386.69966178     8.13e-07      0.00

     12  0      -386.77311496     8.56e-08      0.62
     12  1      -386.69966219     4.80e-07      0.00

     13  0      -386.77311497     4.05e-08      0.62
     13  1      -386.69966232     2.57e-07      0.00

     14  0      -386.77311497     1.88e-08      0.62
     14  1      -386.69966235     1.26e-07      0.00

     15  0      -386.77311497     8.86e-09      0.62
     15  1      -386.69966236     6.27e-08      0.00

     16  0      -386.77311497     4.37e-09      0.61
     16  1      -386.69966236     3.37e-08      0.00

     17  0      -386.77311497     2.15e-09      0.62
     17  1      -386.69966236     1.85e-08      0.00

     18  0      -386.77311497     1.01e-09      0.62
     18  1      -386.69966236     9.94e-09      0.00

     19  0      -386.77311497     4.61e-10      0.65
     19  1      -386.69966236     5.15e-09      0.00
    ** throwing out 2 trial vectors **

     20  0      -386.77311497     2.01e-10      0.66
     20  1      -386.69966236     2.58e-09      0.00
    ** throwing out 2 trial vectors **

     21  0 *    -386.77311497     8.72e-11      0.56
     21  1      -386.69966236     1.29e-09      0.00
    ** throwing out 1 trial vectors **

     22  0 *    -386.77311497     7.83e-11      0.34
     22  1      -386.69966236     6.65e-10      0.00
    ** throwing out 1 trial vectors **

     23  0 *    -386.77311497     7.72e-11      0.35
     23  1      -386.69966236     3.39e-10      0.00
    ** throwing out 1 trial vectors **

     24  0 *    -386.77311497     7.72e-11      0.35
     24  1      -386.69966236     1.68e-10      0.00
    ** throwing out 1 trial vectors **

     25  0 *    -386.77311497     7.72e-11      0.24
     25  1 *    -386.69966236     8.27e-11      0.00

     * ci vector   0, <S^2> = 0.0000, E =     -386.77311497
       222222......    -0.7464324990
       22222ba.....    -0.3440393718
       22222ab.....    -0.3440393718
       2222.2.2....     0.0815575994
       22222..2....     0.0706470210
       222.22..2...     0.0684763063
       222b2aa.b...    -0.0617492283
       222a2bb.a...    -0.0617492283
       2.22222.....     0.0610076000
       22a2b2.b.a..     0.0548377524
       22b2a2.a.b..     0.0548377524
       22222.ab....     0.0543023356
       22222.ba....     0.0543023356
       22.222.2....     0.0529328356
       22222...2...     0.0507660545

     * ci vector   1, <S^2> = -0.0000, E =     -386.69966236
       22222ba.....    -0.5249343066
       22222ab.....    -0.5249343066
       222222......     0.4772617165
       2222baab....     0.0767224266
       2222abba....     0.0767224266
       222b2aa.b...    -0.0747012952
       222a2bb.a...    -0.0747012952
       2.22222.....    -0.0691206368
       2222.ba2....     0.0689943069
       2222.ab2....     0.0689943069
       2222bbaa....    -0.0623169406
       2222aabb....    -0.0623169406
       2a222b2.....     0.0611967768
       2b222a2.....     0.0611967768
       222.2ba.2...     0.0574113185
       222.2ab.2...     0.0574113185
       22222..2....    -0.0570987756
       - FCI and RDMs                             16.42
    * Integral transformation done. Elapsed time: 0.08

       - jop, kop                                  0.00
       - denom                                     0.02
     guess   0:   closed 111111......         open ............        
     guess   1:   closed 11111.......         open .....11.....        

  === FCI iteration ===

      0  0      -386.62733039     3.79e-04      0.60
      0  1      -386.55852189     3.70e-04      0.00

      1  0      -386.74311780     1.94e-04      0.60
      1  1      -386.66889682     1.88e-04      0.00

      2  0      -386.76708164     9.56e-05      0.61
      2  1      -386.69231703     9.51e-05      0.00

      3  0      -386.77207410     4.16e-05      0.61
      3  1      -386.69771085     4.73e-05      0.00

      4  0      -386.77291335     1.77e-05      0.61
      4  1      -386.69902761     2.59e-05      0.00

      5  0      -386.77306270     8.31e-06      0.61
      5  1      -386.69944388     1.53e-05      0.00

      6  0      -386.77310024     4.32e-06      0.61
      6  1      -386.69958620     8.77e-06      0.00

      7  0      -386.77311081     2.38e-06      0.61
      7  1      -386.69963173     5.07e-06      0.00

      8  0      -386.77311383     1.28e-06      0.61
      8  1      -386.69964936     3.38e-06      0.00

      9  0      -386.77311471     7.16e-07      0.61
      9  1      -386.69965734     2.27e-06      0.00

     10  0      -386.77311495     3.77e-07      0.61
     10  1      -386.69966055     1.37e-06      0.00

     11  0      -386.77311502     1.78e-07      0.61
     11  1      -386.69966171     8.13e-07      0.00

     12  0      -386.77311504     8.56e-08      0.62
     12  1      -386.69966211     4.80e-07      0.00

     13  0      -386.77311504     4.05e-08      0.62
     13  1      -386.69966224     2.57e-07      0.00

     14  0      -386.77311504     1.88e-08      0.62
     14  1      -386.69966228     1.26e-07      0.00

     15  0      -386.77311504     8.86e-09      0.62
     15  1      -386.69966229     6.27e-08      0.00

     16  0      -386.77311504     4.37e-09      0.62
     16  1      -386.69966229     3.37e-08      0.00

     17  0      -386.77311504     2.15e-09      0.62
     17  1      -386.69966229     1.85e-08      0.00

     18  0      -386.77311504     1.01e-09      0.62
     18  1      -386.69966229     9.94e-09      0.00

     19  0      -386.77311504     4.61e-10      0.63
     19  1      -386.69966229     5.15e-09      0.00
    ** throwing out 2 trial vectors **

     20  0      -386.77311504     2.01e-10      0.63
     20  1      -386.69966229     2.58e-09      0.00
    ** throwing out 2 trial vectors **

     21  0 *    -386.77311504     8.72e-11      0.53
     21  1      -386.69966229     1.29e-09      0.00
    ** throwing out 1 trial vectors **

     22  0 *    -386.77311504     7.83e-11      0.33
     22  1      -386.69966229     6.65e-10      0.00
    ** throwing out 1 trial vectors **

     23  0 *    -386.77311504     7.72e-11      0.33
     23  1      -386.69966229     3.39e-10      0.00
    ** throwing out 1 trial vectors **

     24  0 *    -386.77311504     7.72e-11      0.33
     24  1      -386.69966229     1.68e-10      0.00
    ** throwing out 1 trial vectors **

     25  0 *    -386.77311504     7.72e-11      0.24
     25  1 *    -386.69966229     8.27e-11      0.00

     * ci vector   0, <S^2> = 0.0000, E =     -386.77311504
       222222......    -0.7464324061
       22222ba.....    -0.3440396085
       22222ab.....    -0.3440396085
       2222.2.2....     0.0815579621
       22222..2....     0.0706467821
       222.22..2...     0.0684762783
       222a2bb.a...    -0.0617494059
       222b2aa.b...    -0.0617494059
       2.22222.....     0.0610077173
       22b2a2.a.b..     0.0548381004
       22a2b2.b.a..     0.0548381004
       22222.ab....     0.0543022559
       22222.ba....     0.0543022559
       22.222.2....     0.0529329569
       22222...2...     0.0507662156

     * ci vector   1, <S^2> = 0.0000, E =     -386.69966229
       22222ba.....    -0.5249342421
       22222ab.....    -0.5249342421
       222222......     0.4772621331
       2222baab....     0.0767226946
       2222abba....     0.0767226946
       222b2aa.b...    -0.0747013344
       222a2bb.a...    -0.0747013344
       2.22222.....    -0.0691209459
       2222.ba2....     0.0689946113
       2222.ab2....     0.0689946113
       2222bbaa....    -0.0623171722
       2222aabb....    -0.0623171722
       2a222b2.....     0.0611962822
       2b222a2.....     0.0611962821
       222.2ba.2...     0.0574113533
       222.2ab.2...     0.0574113533
       22222..2....    -0.0570987493
       - FCI and RDMs                             16.23
    * Integral transformation done. Elapsed time: 0.08

       - jop, kop                                  0.00
       - denom                                     0.02
     guess   0:   closed 111111......         open ............        
     guess   1:   closed 11111.......         open .....11.....        

  === FCI iteration ===

      0  0      -386.62733045     3.79e-04      0.60
      0  1      -386.55852193     3.70e-04      0.00

      1  0      -386.74311786     1.94e-04      0.60
      1  1      -386.66889682     1.88e-04      0.00

      2  0      -386.76708169     9.56e-05      0.60
      2  1      -386.69231700     9.51e-05      0.00

      3  0      -386.77207414     4.16e-05      0.60
      3  1      -386.69771082     4.73e-05      0.00

      4  0      -386.77291339     1.77e-05      0.61
      4  1      -386.69902757     2.59e-05      0.00

      5  0      -386.77306274     8.31e-06      0.61
      5  1      -386.69944384     1.53e-05      0.00

      6  0      -386.77310028     4.32e-06      0.61
      6  1      -386.69958616     8.77e-06      0.00

      7  0      -386.77311084     2.38e-06      0.61
      7  1      -386.69963169     5.07e-06      0.00

      8  0      -386.77311387     1.28e-06      0.61
      8  1      -386.69964932     3.38e-06      0.00

      9  0      -386.77311474     7.16e-07      0.61
      9  1      -386.69965730     2.27e-06      0.00

     10  0      -386.77311499     3.77e-07      0.61
     10  1      -386.69966052     1.37e-06      0.00

     11  0      -386.77311506     1.78e-07      0.61
     11  1      -386.69966167     8.13e-07      0.00

     12  0      -386.77311508     8.56e-08      0.62
     12  1      -386.69966207     4.80e-07      0.00

     13  0      -386.77311508     4.05e-08      0.61
     13  1      -386.69966220     2.57e-07      0.00

     14  0      -386.77311508     1.88e-08      0.62
     14  1      -386.69966224     1.26e-07      0.00

     15  0      -386.77311508     8.86e-09      0.62
     15  1      -386.69966225     6.27e-08      0.00

     16  0      -386.77311508     4.37e-09      0.64
     16  1      -386.69966225     3.37e-08      0.00

     17  0      -386.77311508     2.15e-09      0.65
     17  1      -386.69966225     1.85e-08      0.00

     18  0      -386.77311508     1.01e-09      0.65
     18  1      -386.69966225     9.94e-09      0.00

     19  0      -386.77311508     4.61e-10      0.66
     19  1      -386.69966225     5.15e-09      0.00
    ** throwing out 2 trial vectors **

     20  0      -386.77311508     2.01e-10      0.66
     20  1      -386.69966225     2.58e-09      0.00
    ** throwing out 2 trial vectors **

     21  0 *    -386.77311508     8.72e-11      0.56
     21  1      -386.69966225     1.29e-09      0.00
    ** throwing out 1 trial vectors **

     22  0 *    -386.77311508     7.83e-11      0.34
     22  1      -386.69966225     6.65e-10      0.00
    ** throwing out 1 trial vectors **

     23  0 *    -386.77311508     7.72e-11      0.34
     23  1      -386.69966225     3.39e-10      0.00
    ** throwing out 1 trial vectors **

     24  0 *    -386.77311508     7.72e-11      0.34
     24  1      -386.69966225     1.68e-10      0.00
    ** throwing out 1 trial vectors **

     25  0 *    -386.77311508     7.72e-11      0.24
     25  1 *    -386.69966225     8.27e-11      0.00

     * ci vector   0, <S^2> = -0.0000, E =     -386.77311508
       222222......    -0.7464323479
       22222ba.....    -0.3440397448
       22222ab.....    -0.3440397448
       2222.2.2....     0.0815581582
       22222..2....     0.0706466426
       222.22..2...     0.0684762640
       222b2aa.b...    -0.0617495009
       222a2bb.a...    -0.0617495009
       2.22222.....     0.0610077802
       22a2b2.b.a..     0.0548382851
       22b2a2.a.b..     0.0548382851
       22222.ab....     0.0543022064
       22222.ba....     0.0543022064
       22.222.2....     0.0529330233
       22222...2...     0.0507663011

     * ci vector   1, <S^2> = 0.0000, E =     -386.69966225
       22222ab.....    -0.5249342033
       22222ba.....    -0.5249342033
       222222......     0.4772623641
       2222abba....     0.0767228276
       2222baab....     0.0767228276
       222a2bb.a...    -0.0747013550
       222b2aa.b...    -0.0747013550
       2.22222.....    -0.0691211088
       2222.ab2....     0.0689947705
       2222.ba2....     0.0689947705
       2222aabb....    -0.0623172910
       2222bbaa....    -0.0623172910
       2b222a2.....     0.0611960289
       2a222b2.....     0.0611960289
       222.2ab.2...     0.0574113724
       222.2ba.2...     0.0574113724
       22222..2....    -0.0570987243
       - FCI and RDMs                             16.41
    * Integral transformation done. Elapsed time: 0.08

       - jop, kop                                  0.00
       - denom                                     0.02
     guess   0:   closed 111111......         open ............        
     guess   1:   closed 11111.......         open .....11.....        

  === FCI iteration ===

      0  0      -386.62733048     3.79e-04      0.59
      0  1      -386.55852195     3.70e-04      0.00

      1  0      -386.74311790     1.94e-04      0.60
      1  1      -386.66889682     1.88e-04      0.00

      2  0      -386.76708172     9.56e-05      0.60
      2  1      -386.69231698     9.51e-05      0.00

      3  0      -386.77207416     4.16e-05      0.60
      3  1      -386.69771080     4.73e-05      0.00

      4  0      -386.77291341     1.77e-05      0.61
      4  1      -386.69902755     2.59e-05      0.00

      5  0      -386.77306276     8.31e-06      0.61
      5  1      -386.69944382     1.53e-05      0.00

      6  0      -386.77310030     4.32e-06      0.61
      6  1      -386.69958614     8.77e-06      0.00

      7  0      -386.77311086     2.38e-06      0.61
      7  1      -386.69963167     5.07e-06      0.00

      8  0      -386.77311389     1.28e-06      0.61
      8  1      -386.69964930     3.38e-06      0.00

      9  0      -386.77311476     7.16e-07      0.61
      9  1      -386.69965728     2.27e-06      0.00

     10  0      -386.77311501     3.77e-07      0.62
     10  1      -386.69966050     1.37e-06      0.00

     11  0      -386.77311508     1.78e-07      0.61
     11  1      -386.69966165     8.13e-07      0.00

     12  0      -386.77311510     8.56e-08      0.62
     12  1      -386.69966205     4.80e-07      0.00

     13  0      -386.77311510     4.05e-08      0.62
     13  1      -386.69966218     2.57e-07      0.00

     14  0      -386.77311510     1.88e-08      0.62
     14  1      -386.69966222     1.26e-07      0.00

     15  0      -386.77311510     8.86e-09      0.62
     15  1      -386.69966223     6.27e-08      0.00

     16  0      -386.77311510     4.37e-09      0.62
     16  1      -386.69966223     3.37e-08      0.00

     17  0      -386.77311510     2.15e-09      0.62
     17  1      -386.69966223     1.85e-08      0.00

     18  0      -386.77311510     1.01e-09      0.63
     18  1      -386.69966223     9.94e-09      0.00

     19  0      -386.77311510     4.61e-10      0.63
     19  1      -386.69966223     5.15e-09      0.00
    ** throwing out 2 trial vectors **

     20  0      -386.77311510     2.01e-10      0.64
     20  1      -386.69966223     2.58e-09      0.00
    ** throwing out 2 trial vectors **

     21  0 *    -386.77311510     8.72e-11      0.54
     21  1      -386.69966223     1.29e-09      0.00
    ** throwing out 1 trial vectors **

     22  0 *    -386.77311510     7.83e-11      0.33
     22  1      -386.69966223     6.65e-10      0.00
    ** throwing out 1 trial vectors **

     23  0 *    -386.77311510     7.72e-11      0.33
     23  1      -386.69966223     3.39e-10      0.00
    ** throwing out 1 trial vectors **

     24  0 *    -386.77311510     7.72e-11      0.33
     24  1      -386.69966223     1.68e-10      0.00
    ** throwing out 1 trial vectors **

     25  0 *    -386.77311510     7.72e-11      0.24
     25  1 *    -386.69966223     8.27e-11      0.00

     * ci vector   0, <S^2> = -0.0000, E =     -386.77311510
       222222......    -0.7464323137
       22222ab.....    -0.3440398209
       22222ba.....    -0.3440398209
       2222.2.2....     0.0815582628
       22222..2....     0.0706465641
       222.22..2...     0.0684762565
       222b2aa.b...    -0.0617495513
       222a2bb.a...    -0.0617495513
       2.22222.....     0.0610078134
       22b2a2.a.b..     0.0548383823
       22a2b2.b.a..     0.0548383823
       22222.ab....     0.0543021776
       22222.ba....     0.0543021776
       22.222.2....     0.0529330591
       22222...2...     0.0507663463

     * ci vector   1, <S^2> = 0.0000, E =     -386.69966223
       22222ab.....    -0.5249341809
       22222ba.....    -0.5249341809
       222222......     0.4772624899
       2222abba....     0.0767228941
       2222baab....     0.0767228941
       222a2bb.a...    -0.0747013658
       222b2aa.b...    -0.0747013658
       2.22222.....    -0.0691211942
       2222.ab2....     0.0689948534
       2222.ba2....     0.0689948534
       2222aabb....    -0.0623173518
       2222bbaa....    -0.0623173518
       2a222b2.....     0.0611958988
       2b222a2.....     0.0611958988
       222.2ab.2...     0.0574113826
       222.2ba.2...     0.0574113826
       22222..2....    -0.0570987066
       - FCI and RDMs                             16.26
