--------------------------------------------------
JOB FRONT-END 484547 on wux54
SLURM ENVIRONMENT
--------------------------------------------------
SLURM_JOB_ID                   = 484547              
SLURM_ARRAY_JOB_ID             = N/A                 
SLURM_ARRAY_TASK_ID            = N/A                 
SLURM_JOB_NAME                 = bagel-chain         
SLURM_JOB_PARTITION            = wux5x               
SLURM_JOB_NUM_NODES            = 1                   
SLURM_JOB_CPUS_PER_NODE        = 20                  
SLURM_NTASKS                   = 20                  
SLURM_NTASKS_PER_NODE          = N/A                 
--------------------------------------------------
--------------------------------------------------
PBS ENVIRONMENT
--------------------------------------------------
PBS_JOBID                      = 484547              
PBS_ARRAYID                    = N/A                 
PBS_JOBNAME                    = bagel-chain         
PBS_QUEUE                      = wux5x               
PBS_NUM_NODES                  = 1                   
PBS_NUM_PPN                    = 1                   
PBS_NP                         = 20                  
PBS_NODEFILE                   = /tmp/484547/nodes   
--------------------------------------------------
  * process grid (5, 4) will be used
    wux54                           
    wux54                           
    wux54                           
    wux54                           
    wux54                           
    wux54                           
    wux54                           
    wux54                           
    wux54                           
    wux54                           
    wux54                           
    wux54                           
    wux54                           
    wux54                           
    wux54                           
    wux54                           
    wux54                           
    wux54                           
    wux54                           
    wux54                           

  * using 20 threads per process

  ===============================================================
    BAGEL - Freshly leavened quantum chemistry                   
  ===============================================================

  *** Geometry ***

  { "atom" : "C", "xyz" : [      4.394272,     -1.153924,      1.833669 ] },
  { "atom" : "C", "xyz" : [      4.125051,      1.545400,      1.777737 ] },
  { "atom" : "C", "xyz" : [      1.987465,      2.668672,      0.723838 ] },
  { "atom" : "N", "xyz" : [      0.187938,      1.077159,     -0.155830 ] },
  { "atom" : "B", "xyz" : [      0.216081,     -1.651686,     -0.126817 ] },
  { "atom" : "C", "xyz" : [      2.560885,     -2.861012,      0.957524 ] },
  { "atom" : "C", "xyz" : [     -2.341241,     -1.752164,     -1.813793 ] },
  { "atom" : "C", "xyz" : [     -4.885069,     -1.193005,     -0.550453 ] },
  { "atom" : "C", "xyz" : [     -4.617073,      1.370951,     -0.553620 ] },
  { "atom" : "C", "xyz" : [     -2.048273,      1.249783,     -1.845217 ] },
  { "atom" : "H", "xyz" : [      6.200179,     -1.884960,      2.546696 ] },
  { "atom" : "H", "xyz" : [      5.628874,      2.750680,      2.516132 ] },
  { "atom" : "H", "xyz" : [      1.734296,      4.715635,      0.553679 ] },
  { "atom" : "H", "xyz" : [      3.000854,     -4.880560,      1.043087 ] },
  { "atom" : "H", "xyz" : [     -2.353129,     -2.786995,     -3.613336 ] },
  { "atom" : "H", "xyz" : [     -6.371072,     -2.444248,      0.148998 ] },
  { "atom" : "H", "xyz" : [     -5.739898,      2.945810,      0.166842 ] },
  { "atom" : "H", "xyz" : [     -1.680140,      2.284465,     -3.609137 ] },

  Number of auxiliary basis functions:      884

  Since a DF basis is specified, we compute 2- and 3-index integrals:
    o Being stored without compression. Storage requirement is 0.645 GB
       - 3-index ints prep                         0.00
       - 3-index ints                              0.15
       - 2-index ints                              0.01
       - computing inverse                         0.10
        elapsed time:        0.26 sec.


  Number of basis functions:      302
  Number of electrons      :       68


    * METHOD: MOLECULE                             0.28

       - 3-index ints prep                         0.00
       - 3-index ints                              0.12
       - 2-index ints                              0.01
       - computing inverse                         0.07

  Using the coefficient projected to the input geometry 


    * METHOD: LOAD_REF                             0.31

  ---------------------------
      CASSCF calculation     
  ---------------------------

    * nstate   :      2
    * nclosed  :     28
    * nact     :     12
    * nvirt    :    262
  === CASSCF iteration (/home/buehlerm/software/bagel/installation/share/aug-cc-pVDZ.json) ===

    * Using the second-order algorithm

      0  0      -386.77998629     1.24e-02     15.28
      0  1      -386.60251546     0.00e+00     15.28

         res : 8.23e-02   lamb: 1.00e+00   eps : -9.81e-02   step: 1.28e-01    0.06
         res : 2.72e-02   lamb: 1.00e+00   eps : -9.93e-02   step: 1.31e-01    0.06
         res : 6.89e-03   lamb: 1.00e+00   eps : -9.94e-02   step: 1.33e-01    0.06
         res : 2.25e-03   lamb: 1.00e+00   eps : -9.94e-02   step: 1.33e-01    0.06
         res : 5.35e-04   lamb: 1.00e+00   eps : -9.94e-02   step: 1.33e-01    0.06
         res : 2.09e-04   lamb: 1.00e+00   eps : -9.94e-02   step: 1.33e-01    0.06
         res : 7.41e-05   lamb: 1.00e+00   eps : -9.94e-02   step: 1.33e-01    0.06
         res : 2.99e-05   lamb: 1.00e+00   eps : -9.94e-02   step: 1.33e-01    0.06
         res : 9.54e-06   lamb: 1.00e+00   eps : -9.94e-02   step: 1.33e-01    0.06

      1  0      -386.83091346     1.67e-04     16.74
      1  1      -386.65281939     0.00e+00     16.74

         res : 7.31e-03   lamb: 1.00e+00   eps : -1.99e-04   step: 2.66e-02    0.06
         res : 3.27e-03   lamb: 1.00e+00   eps : -2.16e-04   step: 3.11e-02    0.06
         res : 1.18e-03   lamb: 1.00e+00   eps : -2.21e-04   step: 3.39e-02    0.06
         res : 9.12e-04   lamb: 1.00e+00   eps : -2.22e-04   step: 3.59e-02    0.06
         res : 5.23e-04   lamb: 1.00e+00   eps : -2.23e-04   step: 3.67e-02    0.06
         res : 2.70e-04   lamb: 1.00e+00   eps : -2.23e-04   step: 3.68e-02    0.06
         res : 1.22e-04   lamb: 1.00e+00   eps : -2.23e-04   step: 3.68e-02    0.06
         res : 7.48e-05   lamb: 1.00e+00   eps : -2.23e-04   step: 3.68e-02    0.06
         res : 3.46e-05   lamb: 1.00e+00   eps : -2.23e-04   step: 3.67e-02    0.06
         res : 1.22e-05   lamb: 1.00e+00   eps : -2.23e-04   step: 3.67e-02    0.06
         res : 5.27e-06   lamb: 1.00e+00   eps : -2.23e-04   step: 3.67e-02    0.06
         res : 2.06e-06   lamb: 1.00e+00   eps : -2.23e-04   step: 3.67e-02    0.06

      2  0      -386.83099324     2.13e-05     17.06
      2  1      -386.65296913     0.00e+00     17.06

         res : 8.11e-04   lamb: 1.00e+00   eps : -1.15e-06   step: 1.25e-03    0.06
         res : 2.02e-04   lamb: 1.00e+00   eps : -1.29e-06   step: 1.77e-03    0.06
         res : 8.64e-05   lamb: 1.00e+00   eps : -1.31e-06   step: 1.93e-03    0.06
         res : 3.48e-05   lamb: 1.00e+00   eps : -1.31e-06   step: 1.97e-03    0.06
         res : 1.78e-05   lamb: 1.00e+00   eps : -1.31e-06   step: 1.99e-03    0.06
         res : 8.81e-06   lamb: 1.00e+00   eps : -1.31e-06   step: 1.99e-03    0.06
         res : 4.52e-06   lamb: 1.00e+00   eps : -1.31e-06   step: 1.99e-03    0.06
         res : 2.76e-06   lamb: 1.00e+00   eps : -1.31e-06   step: 1.99e-03    0.06
         res : 1.66e-06   lamb: 1.00e+00   eps : -1.31e-06   step: 1.99e-03    0.06
         res : 8.88e-07   lamb: 1.00e+00   eps : -1.31e-06   step: 1.99e-03    0.06
         res : 3.60e-07   lamb: 1.00e+00   eps : -1.31e-06   step: 1.99e-03    0.06
         res : 1.53e-07   lamb: 1.00e+00   eps : -1.31e-06   step: 1.99e-03    0.06

      3  0      -386.83099576     5.98e-06     17.07
      3  1      -386.65296827     0.00e+00     17.07

         res : 2.14e-04   lamb: 1.00e+00   eps : -8.93e-08   step: 3.69e-04    0.06
         res : 5.08e-05   lamb: 1.00e+00   eps : -1.01e-07   step: 5.52e-04    0.06
         res : 2.40e-05   lamb: 1.00e+00   eps : -1.03e-07   step: 5.93e-04    0.06
         res : 8.58e-06   lamb: 1.00e+00   eps : -1.03e-07   step: 6.01e-04    0.06
         res : 4.41e-06   lamb: 1.00e+00   eps : -1.03e-07   step: 6.03e-04    0.06
         res : 2.13e-06   lamb: 1.00e+00   eps : -1.03e-07   step: 6.04e-04    0.06
         res : 1.19e-06   lamb: 1.00e+00   eps : -1.03e-07   step: 6.04e-04    0.06
         res : 7.42e-07   lamb: 1.00e+00   eps : -1.03e-07   step: 6.04e-04    0.06
         res : 4.17e-07   lamb: 1.00e+00   eps : -1.03e-07   step: 6.04e-04    0.06
         res : 2.19e-07   lamb: 1.00e+00   eps : -1.03e-07   step: 6.04e-04    0.06
         res : 8.82e-08   lamb: 1.00e+00   eps : -1.03e-07   step: 6.04e-04    0.06
         res : 3.93e-08   lamb: 1.00e+00   eps : -1.03e-07   step: 6.04e-04    0.06

      4  0      -386.83099775     2.04e-06     16.99
      4  1      -386.65296641     0.00e+00     16.99

         res : 7.57e-05   lamb: 1.00e+00   eps : -1.15e-08   step: 1.51e-04    0.06
         res : 1.82e-05   lamb: 1.00e+00   eps : -1.32e-08   step: 2.33e-04    0.06
         res : 8.26e-06   lamb: 1.00e+00   eps : -1.33e-08   step: 2.46e-04    0.06
         res : 2.67e-06   lamb: 1.00e+00   eps : -1.34e-08   step: 2.48e-04    0.06
         res : 1.31e-06   lamb: 1.00e+00   eps : -1.34e-08   step: 2.49e-04    0.06
         res : 5.37e-07   lamb: 1.00e+00   eps : -1.34e-08   step: 2.49e-04    0.06
         res : 2.45e-07   lamb: 1.00e+00   eps : -1.34e-08   step: 2.49e-04    0.06
         res : 1.23e-07   lamb: 1.00e+00   eps : -1.34e-08   step: 2.49e-04    0.06
         res : 5.91e-08   lamb: 1.00e+00   eps : -1.34e-08   step: 2.49e-04    0.06
         res : 3.31e-08   lamb: 1.00e+00   eps : -1.34e-08   step: 2.49e-04    0.06
         res : 1.90e-08   lamb: 1.00e+00   eps : -1.34e-08   step: 2.49e-04    0.06

      5  0      -386.83099892     7.98e-07     16.77
      5  1      -386.65296527     0.00e+00     16.77

         res : 3.34e-05   lamb: 1.00e+00   eps : -2.06e-09   step: 7.18e-05    0.06
         res : 7.68e-06   lamb: 1.00e+00   eps : -2.39e-09   step: 1.10e-04    0.06
         res : 3.33e-06   lamb: 1.00e+00   eps : -2.42e-09   step: 1.14e-04    0.06
         res : 1.00e-06   lamb: 1.00e+00   eps : -2.42e-09   step: 1.15e-04    0.06
         res : 4.84e-07   lamb: 1.00e+00   eps : -2.42e-09   step: 1.16e-04    0.06
         res : 1.94e-07   lamb: 1.00e+00   eps : -2.42e-09   step: 1.16e-04    0.06
         res : 8.24e-08   lamb: 1.00e+00   eps : -2.42e-09   step: 1.16e-04    0.06
         res : 4.13e-08   lamb: 1.00e+00   eps : -2.42e-09   step: 1.16e-04    0.06
         res : 1.88e-08   lamb: 1.00e+00   eps : -2.42e-09   step: 1.16e-04    0.06
         res : 8.90e-09   lamb: 1.00e+00   eps : -2.42e-09   step: 1.16e-04    0.06

      6  0      -386.83099954     3.42e-07     16.69
      6  1      -386.65296465     0.00e+00     16.69

         res : 1.61e-05   lamb: 1.00e+00   eps : -4.46e-10   step: 3.60e-05    0.06
         res : 3.51e-06   lamb: 1.00e+00   eps : -5.18e-10   step: 5.37e-05    0.06
         res : 1.49e-06   lamb: 1.00e+00   eps : -5.23e-10   step: 5.56e-05    0.06
         res : 4.31e-07   lamb: 1.00e+00   eps : -5.23e-10   step: 5.59e-05    0.06
         res : 2.02e-07   lamb: 1.00e+00   eps : -5.24e-10   step: 5.60e-05    0.06
         res : 8.16e-08   lamb: 1.00e+00   eps : -5.24e-10   step: 5.60e-05    0.06
         res : 3.39e-08   lamb: 1.00e+00   eps : -5.24e-10   step: 5.60e-05    0.06
         res : 1.91e-08   lamb: 1.00e+00   eps : -5.24e-10   step: 5.60e-05    0.06
         res : 1.04e-08   lamb: 1.00e+00   eps : -5.24e-10   step: 5.60e-05    0.06
         res : 5.86e-09   lamb: 1.00e+00   eps : -5.24e-10   step: 5.60e-05    0.06
         res : 3.12e-09   lamb: 1.00e+00   eps : -5.24e-10   step: 5.60e-05    0.06

      7  0      -386.83099986     1.56e-07     16.65
      7  1      -386.65296433     0.00e+00     16.65

         res : 7.98e-06   lamb: 1.00e+00   eps : -1.05e-10   step: 1.82e-05    0.06
         res : 1.68e-06   lamb: 1.00e+00   eps : -1.21e-10   step: 2.65e-05    0.06
         res : 7.09e-07   lamb: 1.00e+00   eps : -1.22e-10   step: 2.73e-05    0.06
         res : 2.01e-07   lamb: 1.00e+00   eps : -1.23e-10   step: 2.75e-05    0.06
         res : 9.17e-08   lamb: 1.00e+00   eps : -1.23e-10   step: 2.75e-05    0.06
         res : 3.69e-08   lamb: 1.00e+00   eps : -1.23e-10   step: 2.76e-05    0.06
         res : 1.46e-08   lamb: 1.00e+00   eps : -1.23e-10   step: 2.75e-05    0.06
         res : 8.27e-09   lamb: 1.00e+00   eps : -1.23e-10   step: 2.75e-05    0.06
         res : 4.79e-09   lamb: 1.00e+00   eps : -1.23e-10   step: 2.75e-05    0.06

      8  0      -386.83100003     7.39e-08     16.81
      8  1      -386.65296416     0.00e+00     16.81

         res : 3.96e-06   lamb: 1.00e+00   eps : -2.53e-11   step: 9.17e-06    0.06
         res : 8.24e-07   lamb: 1.00e+00   eps : -2.93e-11   step: 1.31e-05    0.06
         res : 3.45e-07   lamb: 1.00e+00   eps : -2.96e-11   step: 1.35e-05    0.06
         res : 9.79e-08   lamb: 1.00e+00   eps : -2.96e-11   step: 1.36e-05    0.06
         res : 4.40e-08   lamb: 1.00e+00   eps : -2.96e-11   step: 1.36e-05    0.06
         res : 1.77e-08   lamb: 1.00e+00   eps : -2.96e-11   step: 1.36e-05    0.06
         res : 6.84e-09   lamb: 1.00e+00   eps : -2.96e-11   step: 1.36e-05    0.06
         res : 3.84e-09   lamb: 1.00e+00   eps : -2.96e-11   step: 1.36e-05    0.06

      9  0      -386.83100011     3.57e-08     16.50
      9  1      -386.65296408     0.00e+00     16.50

         res : 1.97e-06   lamb: 1.00e+00   eps : -6.21e-12   step: 4.60e-06    0.06
         res : 4.07e-07   lamb: 1.00e+00   eps : -7.16e-12   step: 6.49e-06    0.06
         res : 1.70e-07   lamb: 1.00e+00   eps : -7.24e-12   step: 6.70e-06    0.06
         res : 4.86e-08   lamb: 1.00e+00   eps : -7.24e-12   step: 6.73e-06    0.06
         res : 2.17e-08   lamb: 1.00e+00   eps : -7.25e-12   step: 6.75e-06    0.06
         res : 8.73e-09   lamb: 1.00e+00   eps : -7.25e-12   step: 6.75e-06    0.06
         res : 3.34e-09   lamb: 1.00e+00   eps : -7.25e-12   step: 6.75e-06    0.06

     10  0      -386.83100015     1.75e-08     16.44
     10  1      -386.65296404     0.00e+00     16.44

         res : 9.76e-07   lamb: 1.00e+00   eps : -1.53e-12   step: 2.30e-06    0.06
         res : 2.02e-07   lamb: 1.00e+00   eps : -1.76e-12   step: 3.22e-06    0.06
         res : 8.41e-08   lamb: 1.00e+00   eps : -1.78e-12   step: 3.32e-06    0.06
         res : 2.43e-08   lamb: 1.00e+00   eps : -1.78e-12   step: 3.34e-06    0.06
         res : 1.08e-08   lamb: 1.00e+00   eps : -1.78e-12   step: 3.35e-06    0.06
         res : 4.37e-09   lamb: 1.00e+00   eps : -1.78e-12   step: 3.35e-06    0.06

     11  0      -386.83100017     8.60e-09     16.31
     11  1      -386.65296402     0.00e+00     16.31

    * Second-order optimization converged. *   

    * Integral transformation done. Elapsed time: 0.08

       - jop, kop                                  0.00
       - denom                                     0.02
     guess   0:   closed 111111......         open ............        
     guess   1:   closed 11111.......         open .....11.....        

  === FCI iteration ===

      0  0      -386.69805964     3.86e-04      0.59
      0  1      -386.46142807     4.10e-04      0.00

      1  0      -386.80882134     1.82e-04      0.60
      1  1      -386.59585974     2.49e-04      0.00

      2  0      -386.82728323     8.06e-05      0.60
      2  1      -386.63826425     1.33e-04      0.00

      3  0      -386.83041071     3.36e-05      0.60
      3  1      -386.64896443     6.96e-05      0.00

      4  0      -386.83091200     1.33e-05      0.60
      4  1      -386.65175414     3.81e-05      0.00

      5  0      -386.83098660     5.31e-06      0.61
      5  1      -386.65258253     2.10e-05      0.00

      6  0      -386.83099803     2.10e-06      0.61
      6  1      -386.65282523     1.17e-05      0.00

      7  0      -386.83099981     8.28e-07      0.61
      7  1      -386.65290230     6.96e-06      0.00

      8  0      -386.83100011     3.53e-07      0.62
      8  1      -386.65293754     5.19e-06      0.00

      9  0      -386.83100016     1.41e-07      0.62
      9  1      -386.65295609     3.48e-06      0.00

     10  0      -386.83100017     5.25e-08      0.62
     10  1      -386.65296226     1.76e-06      0.00

     11  0      -386.83100017     1.80e-08      0.62
     11  1      -386.65296366     7.63e-07      0.00

     12  0      -386.83100017     6.20e-09      0.62
     12  1      -386.65296393     3.50e-07      0.00

     13  0      -386.83100017     2.42e-09      0.62
     13  1      -386.65296400     1.82e-07      0.00

     14  0      -386.83100017     9.79e-10      0.62
     14  1      -386.65296401     9.09e-08      0.00

     15  0      -386.83100017     3.87e-10      0.63
     15  1      -386.65296402     4.41e-08      0.00

     16  0      -386.83100017     1.54e-10      0.62
     16  1      -386.65296402     2.37e-08      0.00

     17  0 *    -386.83100017     6.27e-11      0.53
     17  1      -386.65296402     1.36e-08      0.00

     18  0 *    -386.83100017     5.83e-11      0.33
     18  1      -386.65296402     7.38e-09      0.00

     19  0 *    -386.83100017     5.78e-11      0.33
     19  1      -386.65296402     3.58e-09      0.00

     20  0 *    -386.83100017     5.78e-11      0.33
     20  1      -386.65296402     1.71e-09      0.00

     21  0 *    -386.83100017     5.78e-11      0.33
     21  1      -386.65296402     8.31e-10      0.00
    ** throwing out 1 trial vectors **

     22  0 *    -386.83100017     5.77e-11      0.33
     22  1      -386.65296402     4.32e-10      0.00
    ** throwing out 1 trial vectors **

     23  0 *    -386.83100017     5.77e-11      0.33
     23  1      -386.65296402     2.34e-10      0.00
    ** throwing out 1 trial vectors **

     24  0 *    -386.83100017     5.77e-11      0.33
     24  1      -386.65296402     1.24e-10      0.00
    ** throwing out 1 trial vectors **

     25  0 *    -386.83100017     5.77e-11      0.24
     25  1 *    -386.65296402     6.10e-11      0.00

     * ci vector   0, <S^2> = -0.0000, E =     -386.83100017
       222222......    -0.9097236304
       222.22..2...     0.1816482820
       2222.22.....     0.1268594722
       22222..2....     0.1170085685
       2.2222....2.     0.0883735127
       2222bbaa....    -0.0686444925
       2222aabb....    -0.0686444925
       2222baba....    -0.0679341085
       2222abab....    -0.0679341085
       .22222.....2     0.0669515650
       22222.2.....     0.0624681738
       22222ab.....    -0.0592732954
       22222ba.....    -0.0592732954

     * ci vector   1, <S^2> = -0.0000, E =     -386.65296402
       22222ab.....    -0.5614225670
       22222ba.....    -0.5614225670
       2222b2.a....    -0.2477926575
       2222a2.b....    -0.2477926575
       222.2ab.2...     0.1115984762
       222.2ba.2...     0.1115984762
       222222......     0.0958610804
       22a2b22.....    -0.0942551632
       22b2a22.....    -0.0942551632
       22222..a.b..    -0.0756334160
       22222..b.a..    -0.0756334160
       22222.a..b..     0.0620430288
       22222.b..a..     0.0620430288
       22a22bba....    -0.0599018331
       22b22aab....    -0.0599018331
       2222ab2.....     0.0586964886
       2222ba2.....     0.0586964886
       2222.2b..a..    -0.0586620461
       2222.2a..b..    -0.0586620461
       2222baa..b..    -0.0566769927
       2222abb..a..    -0.0566769927
       2.222ab...2.     0.0543677806
       2.222ba...2.     0.0543677806
       22a22b2.....    -0.0537628468
       22b22a2.....    -0.0537628468
       2222.2.2....    -0.0536902783
       22a2b2ba....     0.0530008174
       22b2a2ab....     0.0530008174
       2222baba....     0.0529531485
       2222abab....     0.0529531485
       22b22a.2....     0.0525094394
       22a22b.2....     0.0525094394
       2222ba.a.b..    -0.0521606508
       2222ab.b.a..    -0.0521606508

    * METHOD: CASSCF                             214.77


    * METHOD: PRINT                                0.07


    * METHOD: SAVE_REF                             0.16

  === SMITH program ===

    * freezing 10 orbitals
    * SS-SR internal contraction is used

    * Approximate memory requirement for SMITH calculation per MPI process:
      o Storage requirement for T-amplitude, lambda, and residual is 0.43 GB
      o Storage requirement for MO integrals is 0.03 GB
       - MO integral evaluation                    0.74

  ++ State-averaged Fock matrix over basis states ++

                         0                   1
     0       -4.8802008714        0.0185597126
     1        0.0185597126       -4.4982218898


  ++ Extended multi-state CASPT2 (XMS-CASPT2) rotation matrix ++

                         0                   1
     0       -0.9988271954       -0.0484172879
     1        0.0484172879       -0.9988271954


     * ci vector, state   0, <S^2> = 0.0000
       222222......     0.9132980359
       222.22..2...    -0.1822949604
       2222.22.....    -0.1264116980
       22222..2....    -0.1171331710
       2.2222....2.    -0.0887311768
       2222baba....     0.0704182829
       2222abab....     0.0704182829
       2222bbaa....     0.0691497322
       2222aabb....     0.0691497322
       .22222.....2    -0.0671878104
       22222.2.....    -0.0636971451

     * ci vector, state   1, <S^2> = -0.0000
       22222ab.....     0.5636339802
       22222ba.....     0.5636339802
       2222b2.a....     0.2494941929
       2222a2.b....     0.2494941929
       222.2ab.2...    -0.1120508968
       222.2ba.2...    -0.1120508968
       22a2b22.....     0.0942525422
       22b2a22.....     0.0942525422
       22222..a.b..     0.0758741248
       22222..b.a..     0.0758741248
       22222.a..b..    -0.0623302856
       22222.b..a..    -0.0623302856
       22a22bba....     0.0605346927
       22b22aab....     0.0605346927
       2222.2b..a..     0.0599472681
       2222.2a..b..     0.0599472681
       2222ab2.....    -0.0596734120
       2222ba2.....    -0.0596734120
       2222baa..b..     0.0577429450
       2222abb..a..     0.0577429450
       2.222ab...2.    -0.0545771676
       2.222ba...2.    -0.0545771676
       22a22b2.....     0.0542605588
       22b22a2.....     0.0542605588
       22b22a.2....    -0.0539512444
       22a22b.2....    -0.0539512444
       2222.2.2....     0.0526540620
       22a2b2ba....    -0.0522431193
       22b2a2ab....    -0.0522431193
       222222......    -0.0517023032
       2222ba.a.b..     0.0513261684
       2222ab.b.a..     0.0513261684

  ++ Reference energies in XMS basis ++

                         0                   1
     0     -386.8305828115       -0.0086099179
     1       -0.0086099179     -386.6533813776

    * Calculating and saving rdm4f

    * Third and Fock-weighted fourth order RDM ( 1, 1) evaluation
      will be done with 40 passes
       - RDM evaluation (multipassing)            35.51
    * Third and Fock-weighted fourth order RDM ( 2, 1) evaluation
      will be done with 40 passes
       - RDM evaluation (multipassing)            56.89
    * Third and Fock-weighted fourth order RDM ( 1, 2) evaluation
      will be done with 40 passes
       - RDM evaluation (multipassing)            57.19
    * Third and Fock-weighted fourth order RDM ( 2, 2) evaluation
      will be done with 40 passes
       - RDM evaluation (multipassing)            34.80
    - linear dependency detected:    1 /  288    min eigenvalue:    -1.1290e-13    max eigenvalue:    -1.1290e-13
    - linear dependency detected:    1 /  288    min eigenvalue:    -4.7654e-14    max eigenvalue:    -4.7654e-14
    - linear dependency detected:   12 / 1728    min eigenvalue:    -3.0181e-13    max eigenvalue:     1.0871e-13
    - linear dependency detected:   12 / 1728    min eigenvalue:    -1.1769e-13    max eigenvalue:     2.7371e-14
    - linear dependency detected:   12 / 1728    min eigenvalue:    -3.4362e-15    max eigenvalue:     3.7192e-15
    - linear dependency detected:   12 / 1728    min eigenvalue:    -5.1381e-15    max eigenvalue:     3.6169e-15
       - RDM + denominator evaluation            218.21

    * Zeroth order energy : state  0       -4.8811005374
    * Zeroth order energy : state  1       -4.4973222237

    * CASPT2 iteration is performed using redundant basis

      ---- iteration ----

        0    -1.04001749     0.00252035      5.77
        1    -1.04296915     0.00034735      5.94
        2    -1.04302848     0.00004898      5.90
        3    -1.04302992     0.00000877      5.90
        4    -1.04302997     0.00000145      5.89
        5    -1.04302997     0.00000030      6.06

        0    -1.04812096     0.00247825      6.59
        1    -1.05117313     0.00034566      6.04
        2    -1.05123736     0.00004934      6.22
        3    -1.05123895     0.00000897      6.19
        4    -1.05123901     0.00000148      6.22
        5    -1.05123901     0.00000030      6.21

      -------------------

       - CASPT2 energy evaluation                 74.60

    * CASPT2 energy : state  0     -388.0274740297
        w/o shift correction       -387.8736127816
        reference weight              0.7646882293

    * CASPT2 energy : state  1     -387.8651591331
        w/o shift correction       -387.7046203859
        reference weight              0.7569578653


    * MS-CASPT2 Heff
           -388.0274740297       -0.0061857067
             -0.0061857067     -387.8651591331


    * MS-CASPT2 rotation matrix
             -0.9992767278        0.0380265873
             -0.0380265873       -0.9992767278


    * XMS-CASPT2 rotation matrix
              0.9999459156        0.0104002794
             -0.0104002794        0.9999459156

    * MS-CASPT2 energy : state  0     -388.0277094212
    * MS-CASPT2 energy : state  1     -387.8649237415



    * METHOD: SMITH                              303.06


  
  ===============================================================

