    * Using parallel algorithm in FCI.
    * Parallel algorithm will be used.
  ---------------------------
        FCI calculation      
  ---------------------------

 Constructing space of all determinants that can formed by removing 1 electron from 6 alpha and 6 beta electrons.

 Space is made up of 4 determinants.
  o forming links
    * Integral transformation done. Elapsed time: 0.09

       - jop, kop                                  0.00
       - denom                                     0.02
     guess   0:   closed 111111......         open ............        
     guess   1:   closed 11111.......         open .....11.....        

  === FCI iteration ===

      0  0      -386.64711890     3.85e-04      0.61
      0  1      -386.41131586     4.09e-04      0.00

      1  0      -386.75781137     1.82e-04      0.61
      1  1      -386.54561749     2.49e-04      0.00

      2  0      -386.77625447     8.06e-05      0.61
      2  1      -386.58779880     1.33e-04      0.00

      3  0      -386.77938964     3.37e-05      0.60
      3  1      -386.59848155     6.96e-05      0.00

      4  0      -386.77989667     1.34e-05      0.61
      4  1      -386.60128470     3.82e-05      0.00

      5  0      -386.77997252     5.35e-06      0.61
      5  1      -386.60212201     2.11e-05      0.00

      6  0      -386.77998412     2.11e-06      0.61
      6  1      -386.60236864     1.18e-05      0.00

      7  0      -386.77998593     8.36e-07      0.61
      7  1      -386.60244873     7.18e-06      0.00

      8  0      -386.77998623     3.60e-07      0.62
      8  1      -386.60248697     5.46e-06      0.00

      9  0      -386.77998628     1.43e-07      0.62
      9  1      -386.60250722     3.60e-06      0.00

     10  0      -386.77998629     5.31e-08      0.62
     10  1      -386.60251370     1.78e-06      0.00

     11  0      -386.77998629     1.81e-08      0.62
     11  1      -386.60251511     7.61e-07      0.00

     12  0      -386.77998629     6.30e-09      0.62
     12  1      -386.60251538     3.42e-07      0.00

     13  0      -386.77998629     2.48e-09      0.63
     13  1      -386.60251544     1.76e-07      0.00

     14  0      -386.77998629     1.01e-09      0.63
     14  1      -386.60251546     8.70e-08      0.00

     15  0      -386.77998629     3.99e-10      0.63
     15  1      -386.60251546     4.17e-08      0.00

     16  0      -386.77998629     1.58e-10      0.63
     16  1      -386.60251546     2.16e-08      0.00

     17  0 *    -386.77998629     6.44e-11      0.54
     17  1      -386.60251546     1.22e-08      0.00

     18  0 *    -386.77998629     5.82e-11      0.33
     18  1      -386.60251546     6.83e-09      0.00

     19  0 *    -386.77998629     5.75e-11      0.33
     19  1      -386.60251546     3.43e-09      0.00

     20  0 *    -386.77998629     5.74e-11      0.33
     20  1      -386.60251546     1.66e-09      0.00

     21  0 *    -386.77998629     5.74e-11      0.33
     21  1      -386.60251546     7.91e-10      0.00
    ** throwing out 1 trial vectors **

     22  0 *    -386.77998629     5.73e-11      0.33
     22  1      -386.60251546     3.97e-10      0.00
    ** throwing out 1 trial vectors **

     23  0 *    -386.77998629     5.72e-11      0.34
     23  1      -386.60251546     2.10e-10      0.00
    ** throwing out 1 trial vectors **

     24  0 *    -386.77998629     5.72e-11      0.34
     24  1      -386.60251546     1.12e-10      0.00
    ** throwing out 1 trial vectors **

     25  0 *    -386.77998629     5.72e-11      0.24
     25  1 *    -386.60251546     5.59e-11      0.00

     * ci vector   0, <S^2> = -0.0000, E =     -386.77998629
       222222......     0.9093404726
       222.22..2...    -0.1839113083
       2222.22.....    -0.1265430639
       22222..2....    -0.1172903306
       2.2222....2.    -0.0879554761
       2222bbaa....     0.0687751937
       2222aabb....     0.0687751937
       2222abab....     0.0679488605
       2222baba....     0.0679488605
       .22222.....2    -0.0665517828
       22222.2.....    -0.0626271952
       22222ab.....     0.0604686401
       22222ba.....     0.0604686401

     * ci vector   1, <S^2> = 0.0000, E =     -386.60251546
       22222ab.....    -0.5612604664
       22222ba.....    -0.5612604664
       2222b2.a....    -0.2478939227
       2222a2.b....    -0.2478939227
       222.2ab.2...     0.1129483813
       222.2ba.2...     0.1129483813
       222222......     0.0969936895
       22a2b22.....    -0.0936889665
       22b2a22.....    -0.0936889665
       22222..a.b..    -0.0768173538
       22222..b.a..    -0.0768173538
       22222.a..b..     0.0618182523
       22222.b..a..     0.0618182523
       22b22aab....    -0.0595086352
       22a22bba....    -0.0595086352
       2222abb..a..    -0.0586271658
       2222baa..b..    -0.0586271658
       2222ab2.....     0.0584372539
       2222ba2.....     0.0584372539
       2222.2b..a..    -0.0581001739
       2222.2a..b..    -0.0581001739
       22a22b2.....    -0.0552792595
       22b22a2.....    -0.0552792595
       22a2b2ba....     0.0545323317
       22b2a2ab....     0.0545323317
       2.222ab...2.     0.0541478832
       2.222ba...2.     0.0541478832
       2222.2.2....    -0.0533062062
       22b22a.2....     0.0531185162
       22a22b.2....     0.0531185162
       2222baba....     0.0527630138
       2222abab....     0.0527630138
       2222ba.a.b..    -0.0517126450
       2222ab.b.a..    -0.0517126450
       222.b2.a2...     0.0501350012
       222.a2.b2...     0.0501350012
       - FCI and RDMs                             15.17
    * Integral transformation done. Elapsed time: 0.08

       - jop, kop                                  0.00
       - denom                                     0.02
     guess   0:   closed 111111......         open ............        
     guess   1:   closed 11111.......         open .....11.....        

  === FCI iteration ===

      0  0      -386.69810103     3.86e-04      0.61
      0  1      -386.46156950     4.09e-04      0.00

      1  0      -386.80880386     1.82e-04      0.61
      1  1      -386.59591665     2.49e-04      0.00

      2  0      -386.82721037     8.04e-05      0.60
      2  1      -386.63818770     1.33e-04      0.00

      3  0      -386.83032443     3.35e-05      0.61
      3  1      -386.64884027     6.94e-05      0.00

      4  0      -386.83082501     1.33e-05      0.61
      4  1      -386.65161743     3.80e-05      0.00

      5  0      -386.83089980     5.33e-06      0.61
      5  1      -386.65244103     2.09e-05      0.00

      6  0      -386.83091131     2.11e-06      0.60
      6  1      -386.65268162     1.16e-05      0.00

      7  0      -386.83091311     8.29e-07      0.61
      7  1      -386.65275798     6.92e-06      0.00

      8  0      -386.83091340     3.54e-07      0.61
      8  1      -386.65279304     5.19e-06      0.00

      9  0      -386.83091345     1.41e-07      0.62
      9  1      -386.65281154     3.47e-06      0.00

     10  0      -386.83091346     5.26e-08      0.64
     10  1      -386.65281766     1.74e-06      0.00

     11  0      -386.83091346     1.80e-08      0.65
     11  1      -386.65281904     7.55e-07      0.00

     12  0      -386.83091346     6.26e-09      0.65
     12  1      -386.65281930     3.45e-07      0.00

     13  0      -386.83091346     2.47e-09      0.65
     13  1      -386.65281936     1.80e-07      0.00

     14  0      -386.83091346     9.98e-10      0.65
     14  1      -386.65281938     9.04e-08      0.00

     15  0      -386.83091346     3.94e-10      0.65
     15  1      -386.65281939     4.38e-08      0.00

     16  0      -386.83091346     1.57e-10      0.65
     16  1      -386.65281939     2.31e-08      0.00

     17  0 *    -386.83091346     6.42e-11      0.55
     17  1      -386.65281939     1.31e-08      0.00

     18  0 *    -386.83091346     5.80e-11      0.34
     18  1      -386.65281939     7.11e-09      0.00

     19  0 *    -386.83091346     5.74e-11      0.35
     19  1      -386.65281939     3.43e-09      0.00

     20  0 *    -386.83091346     5.74e-11      0.35
     20  1      -386.65281939     1.62e-09      0.00

     21  0 *    -386.83091346     5.73e-11      0.33
     21  1      -386.65281939     7.79e-10      0.00
    ** throwing out 1 trial vectors **

     22  0 *    -386.83091346     5.73e-11      0.34
     22  1      -386.65281939     3.99e-10      0.00
    ** throwing out 1 trial vectors **

     23  0 *    -386.83091346     5.72e-11      0.34
     23  1      -386.65281939     2.16e-10      0.00
    ** throwing out 1 trial vectors **

     24  0 *    -386.83091346     5.72e-11      0.34
     24  1      -386.65281939     1.16e-10      0.00
    ** throwing out 1 trial vectors **

     25  0 *    -386.83091346     5.72e-11      0.24
     25  1 *    -386.65281939     5.75e-11      0.00

     * ci vector   0, <S^2> = 0.0000, E =     -386.83091346
       222222......    -0.9096894216
       222.22..2...     0.1827790376
       2222.22.....     0.1265642886
       22222..2....     0.1172234657
       2.2222....2.     0.0882419200
       2222bbaa....     0.0686311964
       2222aabb....     0.0686311964
       2222abab....     0.0677080802
       2222baba....     0.0677080802
       .22222.....2     0.0668161968
       22222.2.....     0.0625134666
       22222ab.....    -0.0597540066
       22222ba.....    -0.0597540066

     * ci vector   1, <S^2> = 0.0000, E =     -386.65281939
       22222ab.....     0.5616282535
       22222ba.....     0.5616282535
       2222b2.a....    -0.2470934224
       2222a2.b....    -0.2470934224
       222.2ab.2...    -0.1123019199
       222.2ba.2...    -0.1123019199
       222222......    -0.0964703036
       22a2b22.....    -0.0938290474
       22b2a22.....    -0.0938290474
       22222..a.b..     0.0763164909
       22222..b.a..     0.0763164909
       22222.a..b..    -0.0616008324
       22222.b..a..    -0.0616008324
       22a22bba....     0.0590938550
       22b22aab....     0.0590938550
       2222ab2.....     0.0586615453
       2222ba2.....     0.0586615453
       2222.2b..a..     0.0579389523
       2222.2a..b..     0.0579389523
       2222baa..b..    -0.0579031324
       2222abb..a..    -0.0579031324
       22a22b2.....     0.0543829119
       22b22a2.....     0.0543829119
       2.222ab...2.    -0.0543097648
       2.222ba...2.    -0.0543097648
       2222.2.2....     0.0538726385
       22a2b2ba....     0.0534320483
       22b2a2ab....     0.0534320483
       2222baba....     0.0529531637
       2222abab....     0.0529531637
       22b22a.2....    -0.0529268501
       22a22b.2....    -0.0529268501
       2222ba.a.b..    -0.0515515652
       2222ab.b.a..    -0.0515515652
       - FCI and RDMs                             15.39
    * Integral transformation done. Elapsed time: 0.08

       - jop, kop                                  0.00
       - denom                                     0.02
     guess   0:   closed 111111......         open ............        
     guess   1:   closed 11111.......         open .....11.....        

  === FCI iteration ===

      0  0      -386.69811114     3.86e-04      0.60
      0  1      -386.46159061     4.10e-04      0.00

      1  0      -386.80884200     1.82e-04      0.60
      1  1      -386.59596063     2.49e-04      0.00

      2  0      -386.82728098     8.06e-05      0.61
      2  1      -386.63830132     1.33e-04      0.00

      3  0      -386.83040384     3.36e-05      0.61
      3  1      -386.64897908     6.95e-05      0.00

      4  0      -386.83090501     1.33e-05      0.61
      4  1      -386.65176238     3.80e-05      0.00

      5  0      -386.83097966     5.31e-06      0.63
      5  1      -386.65258861     2.10e-05      0.00

      6  0      -386.83099110     2.10e-06      0.64
      6  1      -386.65283062     1.16e-05      0.00

      7  0      -386.83099289     8.28e-07      0.64
      7  1      -386.65290751     6.95e-06      0.00

      8  0      -386.83099318     3.54e-07      0.64
      8  1      -386.65294273     5.19e-06      0.00

      9  0      -386.83099323     1.41e-07      0.64
      9  1      -386.65296126     3.47e-06      0.00

     10  0      -386.83099324     5.25e-08      0.64
     10  1      -386.65296740     1.75e-06      0.00

     11  0      -386.83099324     1.80e-08      0.64
     11  1      -386.65296878     7.58e-07      0.00

     12  0      -386.83099324     6.21e-09      0.64
     12  1      -386.65296904     3.47e-07      0.00

     13  0      -386.83099324     2.43e-09      0.64
     13  1      -386.65296911     1.81e-07      0.00

     14  0      -386.83099324     9.85e-10      0.65
     14  1      -386.65296913     9.10e-08      0.00

     15  0      -386.83099324     3.89e-10      0.64
     15  1      -386.65296913     4.42e-08      0.00

     16  0      -386.83099324     1.55e-10      0.65
     16  1      -386.65296913     2.37e-08      0.00

     17  0 *    -386.83099324     6.33e-11      0.55
     17  1      -386.65296913     1.35e-08      0.00

     18  0 *    -386.83099324     5.82e-11      0.34
     18  1      -386.65296913     7.34e-09      0.00

     19  0 *    -386.83099324     5.77e-11      0.34
     19  1      -386.65296913     3.55e-09      0.00

     20  0 *    -386.83099324     5.77e-11      0.34
     20  1      -386.65296913     1.68e-09      0.00

     21  0 *    -386.83099324     5.76e-11      0.34
     21  1      -386.65296913     8.17e-10      0.00
    ** throwing out 1 trial vectors **

     22  0 *    -386.83099324     5.76e-11      0.35
     22  1      -386.65296913     4.24e-10      0.00
    ** throwing out 1 trial vectors **

     23  0 *    -386.83099324     5.76e-11      0.34
     23  1      -386.65296913     2.30e-10      0.00
    ** throwing out 1 trial vectors **

     24  0 *    -386.83099324     5.75e-11      0.34
     24  1      -386.65296913     1.22e-10      0.00
    ** throwing out 1 trial vectors **

     25  0 *    -386.83099324     5.75e-11      0.24
     25  1 *    -386.65296913     6.01e-11      0.00

     * ci vector   0, <S^2> = 0.0000, E =     -386.83099324
       222222......    -0.9097367088
       222.22..2...     0.1820454280
       2222.22.....     0.1266811638
       22222..2....     0.1171233192
       2.2222....2.     0.0882325433
       2222bbaa....     0.0686375944
       2222aabb....     0.0686375944
       2222abab....     0.0678246628
       2222baba....     0.0678246628
       .22222.....2     0.0668165523
       22222.2.....     0.0624764797
       22222ab.....    -0.0592764293
       22222ba.....    -0.0592764293

     * ci vector   1, <S^2> = 0.0000, E =     -386.65296913
       22222ba.....     0.5615939085
       22222ab.....     0.5615939085
       2222a2.b....    -0.2474832606
       2222b2.a....    -0.2474832606
       222.2ba.2...    -0.1118606984
       222.2ab.2...    -0.1118606984
       222222......    -0.0957801535
       22b2a22.....     0.0939217627
       22a2b22.....     0.0939217627
       22222..b.a..     0.0759966066
       22222..a.b..     0.0759966066
       22222.b..a..    -0.0617409337
       22222.a..b..    -0.0617409337
       22a22bba....    -0.0594596369
       22b22aab....    -0.0594596369
       2222ba2.....     0.0587577175
       2222ab2.....     0.0587577175
       2222.2a..b..     0.0583220264
       2222.2b..a..     0.0583220264
       2222baa..b..    -0.0572591934
       2222abb..a..    -0.0572591934
       2.222ba...2.    -0.0542967576
       2.222ab...2.    -0.0542967576
       22b22a2.....    -0.0542090633
       22a22b2.....    -0.0542090633
       2222.2.2....     0.0536424074
       22b2a2ab....    -0.0532878111
       22a2b2ba....    -0.0532878111
       2222abab....     0.0529575594
       2222baba....     0.0529575594
       22a22b.2....     0.0528061594
       22b22a.2....     0.0528061594
       2222ab.b.a..    -0.0518281829
       2222ba.a.b..    -0.0518281829
       - FCI and RDMs                             15.54
    * Integral transformation done. Elapsed time: 0.08

       - jop, kop                                  0.00
       - denom                                     0.02
     guess   0:   closed 111111......         open ............        
     guess   1:   closed 11111.......         open .....11.....        

  === FCI iteration ===

      0  0      -386.69807872     3.86e-04      0.62
      0  1      -386.46150477     4.10e-04      0.00

      1  0      -386.80882439     1.82e-04      0.62
      1  1      -386.59590205     2.49e-04      0.00

      2  0      -386.82727981     8.06e-05      0.63
      2  1      -386.63828197     1.33e-04      0.00

      3  0      -386.83040624     3.36e-05      0.62
      3  1      -386.64897331     6.96e-05      0.00

      4  0      -386.83090756     1.33e-05      0.62
      4  1      -386.65175983     3.81e-05      0.00

      5  0      -386.83098219     5.31e-06      0.62
      5  1      -386.65258715     2.10e-05      0.00

      6  0      -386.83099362     2.10e-06      0.63
      6  1      -386.65282957     1.16e-05      0.00

      7  0      -386.83099541     8.28e-07      0.63
      7  1      -386.65290659     6.96e-06      0.00

      8  0      -386.83099570     3.53e-07      0.64
      8  1      -386.65294182     5.19e-06      0.00

      9  0      -386.83099575     1.41e-07      0.63
      9  1      -386.65296036     3.48e-06      0.00

     10  0      -386.83099576     5.25e-08      0.63
     10  1      -386.65296652     1.76e-06      0.00

     11  0      -386.83099576     1.80e-08      0.63
     11  1      -386.65296791     7.61e-07      0.00

     12  0      -386.83099576     6.20e-09      0.63
     12  1      -386.65296818     3.49e-07      0.00

     13  0      -386.83099576     2.42e-09      0.64
     13  1      -386.65296824     1.82e-07      0.00

     14  0      -386.83099576     9.81e-10      0.63
     14  1      -386.65296826     9.10e-08      0.00

     15  0      -386.83099576     3.88e-10      0.64
     15  1      -386.65296826     4.42e-08      0.00

     16  0      -386.83099576     1.55e-10      0.64
     16  1      -386.65296827     2.37e-08      0.00

     17  0 *    -386.83099576     6.29e-11      0.54
     17  1      -386.65296827     1.36e-08      0.00

     18  0 *    -386.83099576     5.83e-11      0.34
     18  1      -386.65296827     7.38e-09      0.00

     19  0 *    -386.83099576     5.79e-11      0.34
     19  1      -386.65296827     3.57e-09      0.00

     20  0 *    -386.83099576     5.78e-11      0.34
     20  1      -386.65296827     1.70e-09      0.00

     21  0 *    -386.83099576     5.78e-11      0.34
     21  1      -386.65296827     8.27e-10      0.00
    ** throwing out 1 trial vectors **

     22  0 *    -386.83099576     5.78e-11      0.35
     22  1      -386.65296827     4.30e-10      0.00
    ** throwing out 1 trial vectors **

     23  0 *    -386.83099576     5.77e-11      0.34
     23  1      -386.65296827     2.33e-10      0.00
    ** throwing out 1 trial vectors **

     24  0 *    -386.83099576     5.77e-11      0.35
     24  1      -386.65296827     1.24e-10      0.00
    ** throwing out 1 trial vectors **

     25  0 *    -386.83099576     5.77e-11      0.24
     25  1 *    -386.65296827     6.07e-11      0.00

     * ci vector   0, <S^2> = -0.0000, E =     -386.83099576
       222222......    -0.9097261892
       222.22..2...     0.1817278256
       2222.22.....     0.1267749425
       22222..2....     0.1170558906
       2.2222....2.     0.0883271391
       2222bbaa....    -0.0686400496
       2222aabb....    -0.0686400496
       2222baba....    -0.0678865606
       2222abab....    -0.0678865606
       .22222.....2     0.0669135707
       22222.2.....     0.0624630654
       22222ba.....    -0.0592911771
       22222ab.....    -0.0592911771

     * ci vector   1, <S^2> = -0.0000, E =     -386.65296827
       22222ba.....    -0.5615009286
       22222ab.....    -0.5615009286
       2222a2.b....    -0.2476519792
       2222b2.a....    -0.2476519792
       222.2ba.2...     0.1116584137
       222.2ab.2...     0.1116584137
       222222......     0.0958490593
       22b2a22.....     0.0940682928
       22a2b22.....     0.0940682928
       22222..b.a..     0.0758012729
       22222..a.b..     0.0758012729
       22222.b..a..     0.0618773806
       22222.a..b..     0.0618773806
       22a22bba....     0.0596811153
       22b22aab....     0.0596811153
       2222ba2.....    -0.0587716627
       2222ab2.....    -0.0587716627
       2222.2a..b..    -0.0584984406
       2222.2b..a..    -0.0584984406
       2222baa..b..     0.0569310686
       2222abb..a..     0.0569310686
       2.222ba...2.     0.0543470523
       2.222ab...2.     0.0543470523
       22b22a2.....    -0.0539386130
       22a22b2.....    -0.0539386130
       2222.2.2....    -0.0536684800
       22b2a2ab....     0.0531280675
       22a2b2ba....     0.0531280675
       2222abab....     0.0529246434
       2222baba....     0.0529246434
       22a22b.2....     0.0526425406
       22b22a.2....     0.0526425406
       2222ab.b.a..    -0.0520121363
       2222ba.a.b..    -0.0520121363
       - FCI and RDMs                             15.50
    * Integral transformation done. Elapsed time: 0.08

       - jop, kop                                  0.00
       - denom                                     0.02
     guess   0:   closed 111111......         open ............        
     guess   1:   closed 11111.......         open .....11.....        

  === FCI iteration ===

      0  0      -386.69806732     3.86e-04      0.61
      0  1      -386.46146324     4.10e-04      0.00

      1  0      -386.80882156     1.82e-04      0.61
      1  1      -386.59587877     2.49e-04      0.00

      2  0      -386.82728105     8.06e-05      0.62
      2  1      -386.63827247     1.33e-04      0.00

      3  0      -386.83040823     3.36e-05      0.62
      3  1      -386.64896887     6.96e-05      0.00

      4  0      -386.83090957     1.33e-05      0.62
      4  1      -386.65175712     3.81e-05      0.00

      5  0      -386.83098418     5.31e-06      0.62
      5  1      -386.65258505     2.10e-05      0.00

      6  0      -386.83099561     2.10e-06      0.63
      6  1      -386.65282764     1.17e-05      0.00

      7  0      -386.83099740     8.28e-07      0.63
      7  1      -386.65290470     6.96e-06      0.00

      8  0      -386.83099769     3.53e-07      0.63
      8  1      -386.65293995     5.19e-06      0.00

      9  0      -386.83099774     1.41e-07      0.63
      9  1      -386.65295850     3.48e-06      0.00

     10  0      -386.83099775     5.25e-08      0.63
     10  1      -386.65296466     1.76e-06      0.00

     11  0      -386.83099775     1.80e-08      0.64
     11  1      -386.65296606     7.62e-07      0.00

     12  0      -386.83099775     6.20e-09      0.64
     12  1      -386.65296633     3.49e-07      0.00

     13  0      -386.83099775     2.42e-09      0.64
     13  1      -386.65296639     1.82e-07      0.00

     14  0      -386.83099775     9.80e-10      0.64
     14  1      -386.65296641     9.10e-08      0.00

     15  0      -386.83099775     3.88e-10      0.64
     15  1      -386.65296641     4.41e-08      0.00

     16  0      -386.83099775     1.55e-10      0.63
     16  1      -386.65296641     2.37e-08      0.00

     17  0 *    -386.83099775     6.28e-11      0.53
     17  1      -386.65296641     1.36e-08      0.00

     18  0 *    -386.83099775     5.83e-11      0.33
     18  1      -386.65296641     7.38e-09      0.00

     19  0 *    -386.83099775     5.79e-11      0.34
     19  1      -386.65296641     3.58e-09      0.00

     20  0 *    -386.83099775     5.78e-11      0.34
     20  1      -386.65296641     1.71e-09      0.00

     21  0 *    -386.83099775     5.78e-11      0.34
     21  1      -386.65296641     8.30e-10      0.00
    ** throwing out 1 trial vectors **

     22  0 *    -386.83099775     5.78e-11      0.34
     22  1      -386.65296641     4.32e-10      0.00
    ** throwing out 1 trial vectors **

     23  0 *    -386.83099775     5.77e-11      0.34
     23  1      -386.65296641     2.34e-10      0.00
    ** throwing out 1 trial vectors **

     24  0 *    -386.83099775     5.77e-11      0.34
     24  1      -386.65296641     1.24e-10      0.00
    ** throwing out 1 trial vectors **

     25  0 *    -386.83099775     5.77e-11      0.24
     25  1 *    -386.65296641     6.09e-11      0.00

     * ci vector   0, <S^2> = -0.0000, E =     -386.83099775
       222222......    -0.9097233670
       222.22..2...     0.1816691898
       2222.22.....     0.1268177907
       22222..2....     0.1170288136
       2.2222....2.     0.0883565380
       2222aabb....    -0.0686424322
       2222bbaa....    -0.0686424322
       2222abab....    -0.0679134210
       2222baba....    -0.0679134210
       .22222.....2     0.0669398258
       22222.2.....     0.0624633498
       22222ab.....    -0.0592917359
       22222ba.....    -0.0592917359

     * ci vector   1, <S^2> = -0.0000, E =     -386.65296641
       22222ba.....    -0.5614571907
       22222ab.....    -0.5614571907
       2222a2.b....    -0.2477302453
       2222b2.a....    -0.2477302453
       222.2ba.2...     0.1116171159
       222.2ab.2...     0.1116171159
       222222......     0.0958677896
       22b2a22.....    -0.0941653681
       22a2b22.....    -0.0941653681
       22222..b.a..    -0.0757122921
       22222..a.b..    -0.0757122921
       22222.b..a..     0.0619605095
       22222.a..b..     0.0619605095
       22a22bba....    -0.0597995642
       22b22aab....    -0.0597995642
       2222ba2.....     0.0587422843
       2222ab2.....     0.0587422843
       2222.2a..b..    -0.0585844346
       2222.2b..a..    -0.0585844346
       2222baa..b..    -0.0567931657
       2222abb..a..    -0.0567931657
       2.222ba...2.     0.0543608317
       2.222ab...2.     0.0543608317
       22b22a2.....    -0.0538396832
       22a22b2.....    -0.0538396832
       2222.2.2....    -0.0536768666
       22b2a2ab....     0.0530647697
       22a2b2ba....     0.0530647697
       2222abab....     0.0529286399
       2222baba....     0.0529286399
       22a22b.2....     0.0525729163
       22b22a.2....     0.0525729163
       2222ab.b.a..    -0.0520919351
       2222ba.a.b..    -0.0520919351
       - FCI and RDMs                             15.43
    * Integral transformation done. Elapsed time: 0.08

       - jop, kop                                  0.00
       - denom                                     0.02
     guess   0:   closed 111111......         open ............        
     guess   1:   closed 11111.......         open .....11.....        

  === FCI iteration ===

      0  0      -386.69806297     3.86e-04      0.61
      0  1      -386.46144452     4.10e-04      0.00

      1  0      -386.80882114     1.82e-04      0.62
      1  1      -386.59586858     2.49e-04      0.00

      2  0      -386.82728204     8.06e-05      0.62
      2  1      -386.63826811     1.33e-04      0.00

      3  0      -386.83040942     3.36e-05      0.62
      3  1      -386.64896660     6.96e-05      0.00

      4  0      -386.83091074     1.33e-05      0.62
      4  1      -386.65175563     3.81e-05      0.00

      5  0      -386.83098534     5.31e-06      0.62
      5  1      -386.65258382     2.10e-05      0.00

      6  0      -386.83099678     2.10e-06      0.62
      6  1      -386.65282647     1.17e-05      0.00

      7  0      -386.83099856     8.28e-07      0.62
      7  1      -386.65290355     6.96e-06      0.00

      8  0      -386.83099886     3.53e-07      0.62
      8  1      -386.65293879     5.19e-06      0.00

      9  0      -386.83099891     1.41e-07      0.62
      9  1      -386.65295734     3.48e-06      0.00

     10  0      -386.83099891     5.25e-08      0.62
     10  1      -386.65296351     1.76e-06      0.00

     11  0      -386.83099892     1.80e-08      0.62
     11  1      -386.65296491     7.62e-07      0.00

     12  0      -386.83099892     6.20e-09      0.62
     12  1      -386.65296518     3.50e-07      0.00

     13  0      -386.83099892     2.42e-09      0.63
     13  1      -386.65296525     1.82e-07      0.00

     14  0      -386.83099892     9.79e-10      0.63
     14  1      -386.65296526     9.10e-08      0.00

     15  0      -386.83099892     3.87e-10      0.64
     15  1      -386.65296527     4.41e-08      0.00

     16  0      -386.83099892     1.55e-10      0.63
     16  1      -386.65296527     2.37e-08      0.00

     17  0 *    -386.83099892     6.28e-11      0.53
     17  1      -386.65296527     1.36e-08      0.00

     18  0 *    -386.83099892     5.83e-11      0.33
     18  1      -386.65296527     7.38e-09      0.00

     19  0 *    -386.83099892     5.79e-11      0.33
     19  1      -386.65296527     3.58e-09      0.00

     20  0 *    -386.83099892     5.78e-11      0.33
     20  1      -386.65296527     1.71e-09      0.00

     21  0 *    -386.83099892     5.78e-11      0.33
     21  1      -386.65296527     8.31e-10      0.00
    ** throwing out 1 trial vectors **

     22  0 *    -386.83099892     5.77e-11      0.34
     22  1      -386.65296527     4.32e-10      0.00
    ** throwing out 1 trial vectors **

     23  0 *    -386.83099892     5.77e-11      0.34
     23  1      -386.65296527     2.34e-10      0.00
    ** throwing out 1 trial vectors **

     24  0 *    -386.83099892     5.77e-11      0.34
     24  1      -386.65296527     1.24e-10      0.00
    ** throwing out 1 trial vectors **

     25  0 *    -386.83099892     5.77e-11      0.24
     25  1 *    -386.65296527     6.10e-11      0.00

     * ci vector   0, <S^2> = -0.0000, E =     -386.83099892
       222222......    -0.9097229529
       222.22..2...     0.1816539346
       2222.22.....     0.1268387390
       22222..2....     0.1170175789
       2.2222....2.     0.0883665256
       2222aabb....     0.0686435794
       2222bbaa....     0.0686435794
       2222baba....     0.0679247867
       2222abab....     0.0679247867
       .22222.....2     0.0669475945
       22222.2.....     0.0624651178
       22222ba.....    -0.0592861717
       22222ab.....    -0.0592861717

     * ci vector   1, <S^2> = 0.0000, E =     -386.65296527
       22222ba.....    -0.5614381226
       22222ab.....    -0.5614381226
       2222a2.b....     0.2477644079
       2222b2.a....     0.2477644079
       222.2ba.2...     0.1116048583
       222.2ab.2...     0.1116048583
       222222......     0.0958689277
       22b2a22.....    -0.0942123927
       22a2b22.....    -0.0942123927
       22222..b.a..     0.0756708502
       22222..a.b..     0.0756708502
       22222.b..a..     0.0620025688
       22222.a..b..     0.0620025688
       22a22bba....     0.0598539798
       22b22aab....     0.0598539798
       2222ba2.....     0.0587206939
       2222ab2.....     0.0587206939
       2222.2a..b..    -0.0586248521
       2222.2b..a..    -0.0586248521
       2222baa..b..    -0.0567316214
       2222abb..a..    -0.0567316214
       2.222ba...2.     0.0543650740
       2.222ab...2.     0.0543650740
       22b22a2.....    -0.0537979876
       22a22b2.....    -0.0537979876
       2222.2.2....    -0.0536826420
       22b2a2ab....    -0.0530326029
       22a2b2ba....    -0.0530326029
       2222abab....    -0.0529379083
       2222baba....    -0.0529379083
       22a22b.2....     0.0525400200
       22b22a.2....     0.0525400200
       2222ab.b.a..     0.0521283149
       2222ba.a.b..     0.0521283149
       - FCI and RDMs                             15.29
    * Integral transformation done. Elapsed time: 0.08

       - jop, kop                                  0.00
       - denom                                     0.02
     guess   0:   closed 111111......         open ............        
     guess   1:   closed 11111.......         open .....11.....        

  === FCI iteration ===

      0  0      -386.69806115     3.86e-04      0.61
      0  1      -386.46143588     4.10e-04      0.00

      1  0      -386.80882116     1.82e-04      0.61
      1  1      -386.59586392     2.49e-04      0.00

      2  0      -386.82728261     8.06e-05      0.61
      2  1      -386.63826608     1.33e-04      0.00

      3  0      -386.83041006     3.36e-05      0.62
      3  1      -386.64896548     6.96e-05      0.00

      4  0      -386.83091137     1.33e-05      0.61
      4  1      -386.65175487     3.81e-05      0.00

      5  0      -386.83098597     5.31e-06      0.61
      5  1      -386.65258317     2.10e-05      0.00

      6  0      -386.83099740     2.10e-06      0.61
      6  1      -386.65282585     1.17e-05      0.00

      7  0      -386.83099918     8.28e-07      0.62
      7  1      -386.65290292     6.96e-06      0.00

      8  0      -386.83099948     3.53e-07      0.62
      8  1      -386.65293817     5.19e-06      0.00

      9  0      -386.83099953     1.41e-07      0.62
      9  1      -386.65295672     3.48e-06      0.00

     10  0      -386.83099954     5.25e-08      0.63
     10  1      -386.65296289     1.76e-06      0.00

     11  0      -386.83099954     1.80e-08      0.63
     11  1      -386.65296429     7.63e-07      0.00

     12  0      -386.83099954     6.20e-09      0.63
     12  1      -386.65296456     3.50e-07      0.00

     13  0      -386.83099954     2.42e-09      0.63
     13  1      -386.65296463     1.82e-07      0.00

     14  0      -386.83099954     9.79e-10      0.63
     14  1      -386.65296464     9.10e-08      0.00

     15  0      -386.83099954     3.87e-10      0.63
     15  1      -386.65296465     4.41e-08      0.00

     16  0      -386.83099954     1.54e-10      0.64
     16  1      -386.65296465     2.37e-08      0.00

     17  0 *    -386.83099954     6.28e-11      0.53
     17  1      -386.65296465     1.36e-08      0.00

     18  0 *    -386.83099954     5.83e-11      0.33
     18  1      -386.65296465     7.38e-09      0.00

     19  0 *    -386.83099954     5.78e-11      0.33
     19  1      -386.65296465     3.58e-09      0.00

     20  0 *    -386.83099954     5.78e-11      0.33
     20  1      -386.65296465     1.71e-09      0.00

     21  0 *    -386.83099954     5.78e-11      0.34
     21  1      -386.65296465     8.31e-10      0.00
    ** throwing out 1 trial vectors **

     22  0 *    -386.83099954     5.77e-11      0.34
     22  1      -386.65296465     4.32e-10      0.00
    ** throwing out 1 trial vectors **

     23  0 *    -386.83099954     5.77e-11      0.34
     23  1      -386.65296465     2.34e-10      0.00
    ** throwing out 1 trial vectors **

     24  0 *    -386.83099954     5.77e-11      0.34
     24  1      -386.65296465     1.24e-10      0.00
    ** throwing out 1 trial vectors **

     25  0 *    -386.83099954     5.77e-11      0.24
     25  1 *    -386.65296465     6.10e-11      0.00

     * ci vector   0, <S^2> = -0.0000, E =     -386.83099954
       222222......    -0.9097231147
       222.22..2...     0.1816497130
       2222.22.....     0.1268492048
       22222..2....     0.1170126881
       2.2222....2.     0.0883703677
       2222aabb....    -0.0686440843
       2222bbaa....    -0.0686440843
       2222abab....    -0.0679297989
       2222baba....    -0.0679297989
       .22222.....2     0.0669500540
       22222.2.....     0.0624664707
       22222ab.....    -0.0592808607
       22222ba.....    -0.0592808607

     * ci vector   1, <S^2> = -0.0000, E =     -386.65296465
       22222ab.....    -0.5614297099
       22222ba.....    -0.5614297099
       2222b2.a....    -0.2477796261
       2222a2.b....    -0.2477796261
       222.2ab.2...     0.1116007936
       222.2ba.2...     0.1116007936
       222222......     0.0958663630
       22a2b22.....    -0.0942347152
       22b2a22.....    -0.0942347152
       22222..a.b..    -0.0756512771
       22222..b.a..    -0.0756512771
       22222.a..b..    -0.0620233088
       22222.b..a..    -0.0620233088
       22b22aab....    -0.0598791910
       22a22bba....    -0.0598791910
       2222ab2.....    -0.0587086132
       2222ba2.....    -0.0587086132
       2222.2b..a..     0.0586441370
       2222.2a..b..     0.0586441370
       2222abb..a..    -0.0567030256
       2222baa..b..    -0.0567030256
       2.222ab...2.     0.0543665894
       2.222ba...2.     0.0543665894
       22a22b2.....     0.0537793055
       22b22a2.....     0.0537793055
       2222.2.2....    -0.0536862019
       22a2b2ba....    -0.0530164368
       22b2a2ab....    -0.0530164368
       2222baba....     0.0529447293
       2222abab....     0.0529447293
       22b22a.2....    -0.0525242058
       22a22b.2....    -0.0525242058
       2222ba.a.b..     0.0521452906
       2222ab.b.a..     0.0521452906
       - FCI and RDMs                             15.28
    * Integral transformation done. Elapsed time: 0.08

       - jop, kop                                  0.00
       - denom                                     0.02
     guess   0:   closed 111111......         open ............        
     guess   1:   closed 11111.......         open .....11.....        

  === FCI iteration ===

      0  0      -386.69806034     3.86e-04      0.61
      0  1      -386.46143180     4.10e-04      0.00

      1  0      -386.80882123     1.82e-04      0.61
      1  1      -386.59586172     2.49e-04      0.00

      2  0      -386.82728293     8.06e-05      0.61
      2  1      -386.63826511     1.33e-04      0.00

      3  0      -386.83041039     3.36e-05      0.62
      3  1      -386.64896493     6.96e-05      0.00

      4  0      -386.83091169     1.33e-05      0.62
      4  1      -386.65175449     3.81e-05      0.00

      5  0      -386.83098629     5.31e-06      0.62
      5  1      -386.65258284     2.10e-05      0.00

      6  0      -386.83099772     2.10e-06      0.61
      6  1      -386.65282553     1.17e-05      0.00

      7  0      -386.83099951     8.28e-07      0.62
      7  1      -386.65290260     6.96e-06      0.00

      8  0      -386.83099980     3.53e-07      0.62
      8  1      -386.65293784     5.19e-06      0.00

      9  0      -386.83099985     1.41e-07      0.62
      9  1      -386.65295640     3.48e-06      0.00

     10  0      -386.83099986     5.25e-08      0.62
     10  1      -386.65296257     1.76e-06      0.00

     11  0      -386.83099986     1.80e-08      0.62
     11  1      -386.65296397     7.63e-07      0.00

     12  0      -386.83099986     6.20e-09      0.63
     12  1      -386.65296424     3.50e-07      0.00

     13  0      -386.83099986     2.42e-09      0.63
     13  1      -386.65296430     1.82e-07      0.00

     14  0      -386.83099986     9.79e-10      0.63
     14  1      -386.65296432     9.10e-08      0.00

     15  0      -386.83099986     3.87e-10      0.63
     15  1      -386.65296433     4.41e-08      0.00

     16  0      -386.83099986     1.54e-10      0.63
     16  1      -386.65296433     2.37e-08      0.00

     17  0 *    -386.83099986     6.28e-11      0.53
     17  1      -386.65296433     1.36e-08      0.00

     18  0 *    -386.83099986     5.83e-11      0.33
     18  1      -386.65296433     7.38e-09      0.00

     19  0 *    -386.83099986     5.78e-11      0.33
     19  1      -386.65296433     3.58e-09      0.00

     20  0 *    -386.83099986     5.78e-11      0.33
     20  1      -386.65296433     1.71e-09      0.00

     21  0 *    -386.83099986     5.78e-11      0.33
     21  1      -386.65296433     8.31e-10      0.00
    ** throwing out 1 trial vectors **

     22  0 *    -386.83099986     5.77e-11      0.34
     22  1      -386.65296433     4.32e-10      0.00
    ** throwing out 1 trial vectors **

     23  0 *    -386.83099986     5.77e-11      0.34
     23  1      -386.65296433     2.34e-10      0.00
    ** throwing out 1 trial vectors **

     24  0 *    -386.83099986     5.77e-11      0.33
     24  1      -386.65296433     1.24e-10      0.00
    ** throwing out 1 trial vectors **

     25  0 *    -386.83099986     5.77e-11      0.24
     25  1 *    -386.65296433     6.10e-11      0.00

     * ci vector   0, <S^2> = -0.0000, E =     -386.83099986
       222222......    -0.9097233181
       222.22..2...     0.1816485857
       2222.22.....     0.1268544450
       22222..2....     0.1170104809
       2.2222....2.     0.0883720303
       2222aabb....     0.0686443087
       2222bbaa....     0.0686443087
       2222baba....     0.0679320939
       2222abab....     0.0679320939
       .22222.....2     0.0669509284
       22222.2.....     0.0624672860
       22222ab.....    -0.0592773495
       22222ba.....    -0.0592773495

     * ci vector   1, <S^2> = -0.0000, E =     -386.65296433
       22222ab.....    -0.5614258773
       22222ba.....    -0.5614258773
       2222b2.a....     0.2477866181
       2222a2.b....     0.2477866181
       222.2ab.2...     0.1115993638
       222.2ba.2...     0.1115993638
       222222......     0.0958640691
       22a2b22.....    -0.0942453943
       22b2a22.....    -0.0942453943
       22222..a.b..    -0.0756419238
       22222..b.a..    -0.0756419238
       22222.a..b..    -0.0620335088
       22222.b..a..    -0.0620335088
       22b22aab....     0.0598910854
       22a22bba....     0.0598910854
       2222ab2.....     0.0587023876
       2222ba2.....     0.0587023876
       2222.2b..a..     0.0586534422
       2222.2a..b..     0.0586534422
       2222baa..b..     0.0566894297
       2222abb..a..     0.0566894297
       2.222ab...2.     0.0543672195
       2.222ba...2.     0.0543672195
       22a22b2.....    -0.0537706342
       22b22a2.....    -0.0537706342
       2222.2.2....    -0.0536882046
       22a2b2ba....    -0.0530084209
       22b2a2ab....    -0.0530084209
       2222baba....    -0.0529487765
       2222abab....    -0.0529487765
       22b22a.2....     0.0525165520
       22a22b.2....     0.0525165520
       2222ba.a.b..    -0.0521533383
       2222ab.b.a..    -0.0521533383
       - FCI and RDMs                             15.19
    * Integral transformation done. Elapsed time: 0.08

       - jop, kop                                  0.00
       - denom                                     0.02
     guess   0:   closed 111111......         open ............        
     guess   1:   closed 11111.......         open .....11.....        

  === FCI iteration ===

      0  0      -386.69805996     3.86e-04      0.63
      0  1      -386.46142982     4.10e-04      0.00

      1  0      -386.80882128     1.82e-04      0.63
      1  1      -386.59586067     2.49e-04      0.00

      2  0      -386.82728309     8.06e-05      0.63
      2  1      -386.63826465     1.33e-04      0.00

      3  0      -386.83041056     3.36e-05      0.63
      3  1      -386.64896466     6.96e-05      0.00

      4  0      -386.83091186     1.33e-05      0.63
      4  1      -386.65175430     3.81e-05      0.00

      5  0      -386.83098646     5.31e-06      0.64
      5  1      -386.65258267     2.10e-05      0.00

      6  0      -386.83099789     2.10e-06      0.64
      6  1      -386.65282537     1.17e-05      0.00

      7  0      -386.83099967     8.28e-07      0.64
      7  1      -386.65290244     6.96e-06      0.00

      8  0      -386.83099997     3.53e-07      0.64
      8  1      -386.65293768     5.19e-06      0.00

      9  0      -386.83100002     1.41e-07      0.62
      9  1      -386.65295623     3.48e-06      0.00

     10  0      -386.83100002     5.25e-08      0.63
     10  1      -386.65296241     1.76e-06      0.00

     11  0      -386.83100003     1.80e-08      0.63
     11  1      -386.65296380     7.63e-07      0.00

     12  0      -386.83100003     6.20e-09      0.62
     12  1      -386.65296408     3.50e-07      0.00

     13  0      -386.83100003     2.42e-09      0.63
     13  1      -386.65296414     1.82e-07      0.00

     14  0      -386.83100003     9.79e-10      0.64
     14  1      -386.65296416     9.10e-08      0.00

     15  0      -386.83100003     3.87e-10      0.63
     15  1      -386.65296416     4.41e-08      0.00

     16  0      -386.83100003     1.54e-10      0.63
     16  1      -386.65296416     2.37e-08      0.00

     17  0 *    -386.83100003     6.27e-11      0.53
     17  1      -386.65296416     1.36e-08      0.00

     18  0 *    -386.83100003     5.83e-11      0.33
     18  1      -386.65296416     7.38e-09      0.00

     19  0 *    -386.83100003     5.78e-11      0.33
     19  1      -386.65296416     3.58e-09      0.00

     20  0 *    -386.83100003     5.78e-11      0.33
     20  1      -386.65296416     1.71e-09      0.00

     21  0 *    -386.83100003     5.78e-11      0.34
     21  1      -386.65296416     8.31e-10      0.00
    ** throwing out 1 trial vectors **

     22  0 *    -386.83100003     5.77e-11      0.34
     22  1      -386.65296416     4.32e-10      0.00
    ** throwing out 1 trial vectors **

     23  0 *    -386.83100003     5.77e-11      0.34
     23  1      -386.65296416     2.34e-10      0.00
    ** throwing out 1 trial vectors **

     24  0 *    -386.83100003     5.77e-11      0.34
     24  1      -386.65296416     1.24e-10      0.00
    ** throwing out 1 trial vectors **

     25  0 *    -386.83100003     5.77e-11      0.24
     25  1 *    -386.65296416     6.10e-11      0.00

     * ci vector   0, <S^2> = 0.0000, E =     -386.83100003
       222222......    -0.9097234589
       222.22..2...     0.1816483139
       2222.22.....     0.1268570636
       22222..2....     0.1170094576
       2.2222....2.     0.0883728067
       2222bbaa....     0.0686444112
       2222aabb....     0.0686444112
       2222abab....     0.0679331744
       2222baba....     0.0679331744
       .22222.....2     0.0669512798
       22222.2.....     0.0624677343
       22222ab.....    -0.0592753270
       22222ba.....    -0.0592753270

     * ci vector   1, <S^2> = 0.0000, E =     -386.65296416
       22222ab.....    -0.5614240797
       22222ba.....    -0.5614240797
       2222b2.a....     0.2477899160
       2222a2.b....     0.2477899160
       222.2ab.2...     0.1115988291
       222.2ba.2...     0.1115988291
       222222......     0.0958626121
       22a2b22.....    -0.0942505543
       22b2a22.....    -0.0942505543
       22222..a.b..    -0.0756374085
       22222..b.a..    -0.0756374085
       22222.a..b..    -0.0620385310
       22222.b..a..    -0.0620385310
       22b22aab....     0.0598967830
       22a22bba....     0.0598967830
       2222ab2.....     0.0586992738
       2222ba2.....     0.0586992738
       2222.2b..a..     0.0586579681
       2222.2a..b..     0.0586579681
       2222abb..a..     0.0566828707
       2222baa..b..     0.0566828707
       2.222ab...2.     0.0543675099
       2.222ba...2.     0.0543675099
       22a22b2.....    -0.0537665192
       22b22a2.....    -0.0537665192
       2222.2.2....    -0.0536892732
       22a2b2ba....    -0.0530044654
       22b2a2ab....    -0.0530044654
       2222baba....    -0.0529509831
       2222abab....    -0.0529509831
       22b22a.2....     0.0525128270
       22a22b.2....     0.0525128270
       2222ba.a.b..    -0.0521572012
       2222ab.b.a..    -0.0521572012
       - FCI and RDMs                             15.49
    * Integral transformation done. Elapsed time: 0.08

       - jop, kop                                  0.00
       - denom                                     0.02
     guess   0:   closed 111111......         open ............        
     guess   1:   closed 11111.......         open .....11.....        

  === FCI iteration ===

      0  0      -386.69805979     3.86e-04      0.60
      0  1      -386.46142886     4.10e-04      0.00

      1  0      -386.80882131     1.82e-04      0.61
      1  1      -386.59586015     2.49e-04      0.00

      2  0      -386.82728317     8.06e-05      0.61
      2  1      -386.63826442     1.33e-04      0.00

      3  0      -386.83041064     3.36e-05      0.61
      3  1      -386.64896453     6.96e-05      0.00

      4  0      -386.83091194     1.33e-05      0.61
      4  1      -386.65175420     3.81e-05      0.00

      5  0      -386.83098654     5.31e-06      0.61
      5  1      -386.65258259     2.10e-05      0.00

      6  0      -386.83099797     2.10e-06      0.62
      6  1      -386.65282529     1.17e-05      0.00

      7  0      -386.83099975     8.28e-07      0.62
      7  1      -386.65290236     6.96e-06      0.00

      8  0      -386.83100005     3.53e-07      0.62
      8  1      -386.65293760     5.19e-06      0.00

      9  0      -386.83100010     1.41e-07      0.62
      9  1      -386.65295615     3.48e-06      0.00

     10  0      -386.83100011     5.25e-08      0.62
     10  1      -386.65296232     1.76e-06      0.00

     11  0      -386.83100011     1.80e-08      0.62
     11  1      -386.65296372     7.63e-07      0.00

     12  0      -386.83100011     6.20e-09      0.62
     12  1      -386.65296399     3.50e-07      0.00

     13  0      -386.83100011     2.42e-09      0.62
     13  1      -386.65296406     1.82e-07      0.00

     14  0      -386.83100011     9.79e-10      0.63
     14  1      -386.65296408     9.09e-08      0.00

     15  0      -386.83100011     3.87e-10      0.63
     15  1      -386.65296408     4.41e-08      0.00

     16  0      -386.83100011     1.54e-10      0.63
     16  1      -386.65296408     2.37e-08      0.00

     17  0 *    -386.83100011     6.27e-11      0.53
     17  1      -386.65296408     1.36e-08      0.00

     18  0 *    -386.83100011     5.83e-11      0.33
     18  1      -386.65296408     7.38e-09      0.00

     19  0 *    -386.83100011     5.78e-11      0.33
     19  1      -386.65296408     3.58e-09      0.00

     20  0 *    -386.83100011     5.78e-11      0.34
     20  1      -386.65296408     1.71e-09      0.00

     21  0 *    -386.83100011     5.78e-11      0.33
     21  1      -386.65296408     8.31e-10      0.00
    ** throwing out 1 trial vectors **

     22  0 *    -386.83100011     5.77e-11      0.34
     22  1      -386.65296408     4.32e-10      0.00
    ** throwing out 1 trial vectors **

     23  0 *    -386.83100011     5.77e-11      0.33
     23  1      -386.65296408     2.34e-10      0.00
    ** throwing out 1 trial vectors **

     24  0 *    -386.83100011     5.77e-11      0.34
     24  1      -386.65296408     1.24e-10      0.00
    ** throwing out 1 trial vectors **

     25  0 *    -386.83100011     5.77e-11      0.24
     25  1 *    -386.65296408     6.10e-11      0.00

     * ci vector   0, <S^2> = -0.0000, E =     -386.83100011
       222222......    -0.9097235412
       222.22..2...     0.1816482648
       2222.22.....     0.1268583692
       22222..2....     0.1170089734
       2.2222....2.     0.0883731841
       2222bbaa....     0.0686444594
       2222aabb....     0.0686444594
       2222abab....     0.0679336928
       2222baba....     0.0679336928
       .22222.....2     0.0669514351
       22222.2.....     0.0624679699
       22222ba.....    -0.0592742379
       22222ab.....    -0.0592742379

     * ci vector   1, <S^2> = 0.0000, E =     -386.65296408
       22222ba.....    -0.5614232186
       22222ab.....    -0.5614232186
       2222a2.b....     0.2477915007
       2222b2.a....     0.2477915007
       222.2ba.2...     0.1115986157
       222.2ab.2...     0.1115986157
       222222......     0.0958617926
       22b2a22.....    -0.0942530680
       22a2b22.....    -0.0942530680
       22222..b.a..    -0.0756352109
       22222..a.b..    -0.0756352109
       22222.b..a..    -0.0620410080
       22222.a..b..    -0.0620410080
       22a22bba....     0.0598995431
       22b22aab....     0.0598995431
       2222ba2.....     0.0586977320
       2222ab2.....     0.0586977320
       2222.2a..b..     0.0586601826
       2222.2b..a..     0.0586601826
       2222baa..b..     0.0566796762
       2222abb..a..     0.0566796762
       2.222ba...2.     0.0543676511
       2.222ab...2.     0.0543676511
       22b22a2.....    -0.0537645370
       22a22b2.....    -0.0537645370
       2222.2.2....    -0.0536898265
       22b2a2ab....    -0.0530025146
       22a2b2ba....    -0.0530025146
       2222abab....    -0.0529521377
       2222baba....    -0.0529521377
       22a22b.2....     0.0525110050
       22b22a.2....     0.0525110050
       2222ab.b.a..    -0.0521590734
       2222ba.a.b..    -0.0521590734
       - FCI and RDMs                             15.21
    * Integral transformation done. Elapsed time: 0.08

       - jop, kop                                  0.00
       - denom                                     0.02
     guess   0:   closed 111111......         open ............        
     guess   1:   closed 11111.......         open .....11.....        

  === FCI iteration ===

      0  0      -386.69805970     3.86e-04      0.60
      0  1      -386.46142839     4.10e-04      0.00

      1  0      -386.80882133     1.82e-04      0.61
      1  1      -386.59585990     2.49e-04      0.00

      2  0      -386.82728321     8.06e-05      0.61
      2  1      -386.63826431     1.33e-04      0.00

      3  0      -386.83041069     3.36e-05      0.61
      3  1      -386.64896447     6.96e-05      0.00

      4  0      -386.83091198     1.33e-05      0.61
      4  1      -386.65175416     3.81e-05      0.00

      5  0      -386.83098658     5.31e-06      0.61
      5  1      -386.65258255     2.10e-05      0.00

      6  0      -386.83099801     2.10e-06      0.61
      6  1      -386.65282524     1.17e-05      0.00

      7  0      -386.83099979     8.28e-07      0.62
      7  1      -386.65290232     6.96e-06      0.00

      8  0      -386.83100009     3.53e-07      0.62
      8  1      -386.65293756     5.19e-06      0.00

      9  0      -386.83100014     1.41e-07      0.62
      9  1      -386.65295611     3.48e-06      0.00

     10  0      -386.83100015     5.25e-08      0.62
     10  1      -386.65296228     1.76e-06      0.00

     11  0      -386.83100015     1.80e-08      0.62
     11  1      -386.65296368     7.63e-07      0.00

     12  0      -386.83100015     6.20e-09      0.62
     12  1      -386.65296395     3.50e-07      0.00

     13  0      -386.83100015     2.42e-09      0.62
     13  1      -386.65296402     1.82e-07      0.00

     14  0      -386.83100015     9.79e-10      0.63
     14  1      -386.65296403     9.09e-08      0.00

     15  0      -386.83100015     3.87e-10      0.63
     15  1      -386.65296404     4.41e-08      0.00

     16  0      -386.83100015     1.54e-10      0.63
     16  1      -386.65296404     2.37e-08      0.00

     17  0 *    -386.83100015     6.27e-11      0.53
     17  1      -386.65296404     1.36e-08      0.00

     18  0 *    -386.83100015     5.83e-11      0.33
     18  1      -386.65296404     7.38e-09      0.00

     19  0 *    -386.83100015     5.78e-11      0.33
     19  1      -386.65296404     3.58e-09      0.00

     20  0 *    -386.83100015     5.78e-11      0.33
     20  1      -386.65296404     1.71e-09      0.00

     21  0 *    -386.83100015     5.78e-11      0.33
     21  1      -386.65296404     8.31e-10      0.00
    ** throwing out 1 trial vectors **

     22  0 *    -386.83100015     5.77e-11      0.34
     22  1      -386.65296404     4.32e-10      0.00
    ** throwing out 1 trial vectors **

     23  0 *    -386.83100015     5.77e-11      0.34
     23  1      -386.65296404     2.34e-10      0.00
    ** throwing out 1 trial vectors **

     24  0 *    -386.83100015     5.77e-11      0.34
     24  1      -386.65296404     1.24e-10      0.00
    ** throwing out 1 trial vectors **

     25  0 *    -386.83100015     5.77e-11      0.24
     25  1 *    -386.65296404     6.10e-11      0.00

     * ci vector   0, <S^2> = 0.0000, E =     -386.83100015
       222222......    -0.9097235860
       222.22..2...     0.1816482659
       2222.22.....     0.1268590192
       22222..2....     0.1170087408
       2.2222....2.     0.0883733709
       2222aabb....    -0.0686444826
       2222bbaa....    -0.0686444826
       2222baba....    -0.0679339447
       2222abab....    -0.0679339447
       .22222.....2     0.0669515079
       22222.2.....     0.0624680908
       22222ab.....    -0.0592736710
       22222ba.....    -0.0592736710

     * ci vector   1, <S^2> = 0.0000, E =     -386.65296404
       22222ab.....    -0.5614228005
       22222ba.....    -0.5614228005
       2222b2.a....    -0.2477922716
       2222a2.b....    -0.2477922716
       222.2ab.2...     0.1115985252
       222.2ba.2...     0.1115985252
       222222......     0.0958613565
       22a2b22.....    -0.0942542999
       22b2a22.....    -0.0942542999
       22222..a.b..    -0.0756341348
       22222..b.a..    -0.0756341348
       22222.a..b..     0.0620422319
       22222.b..a..     0.0620422319
       22b22aab....    -0.0599008909
       22a22bba....    -0.0599008909
       2222ab2.....     0.0586969709
       2222ba2.....     0.0586969709
       2222.2b..a..    -0.0586612710
       2222.2a..b..    -0.0586612710
       2222abb..a..    -0.0566781104
       2222baa..b..    -0.0566781104
       2.222ab...2.     0.0543677213
       2.222ba...2.     0.0543677213
       22a22b2.....    -0.0537635725
       22b22a2.....    -0.0537635725
       2222.2.2....    -0.0536901081
       22a2b2ba....     0.0530015517
       22b2a2ab....     0.0530015517
       2222baba....     0.0529527285
       2222abab....     0.0529527285
       22b22a.2....     0.0525101101
       22a22b.2....     0.0525101101
       2222ba.a.b..    -0.0521599876
       2222ab.b.a..    -0.0521599876
       - FCI and RDMs                             15.22
    * Integral transformation done. Elapsed time: 0.08

       - jop, kop                                  0.00
       - denom                                     0.02
     guess   0:   closed 111111......         open ............        
     guess   1:   closed 11111.......         open .....11.....        

  === FCI iteration ===

      0  0      -386.69805966     3.86e-04      0.61
      0  1      -386.46142815     4.10e-04      0.00

      1  0      -386.80882134     1.82e-04      0.61
      1  1      -386.59585978     2.49e-04      0.00

      2  0      -386.82728323     8.06e-05      0.61
      2  1      -386.63826425     1.33e-04      0.00

      3  0      -386.83041071     3.36e-05      0.62
      3  1      -386.64896443     6.96e-05      0.00

      4  0      -386.83091200     1.33e-05      0.61
      4  1      -386.65175413     3.81e-05      0.00

      5  0      -386.83098660     5.31e-06      0.61
      5  1      -386.65258253     2.10e-05      0.00

      6  0      -386.83099803     2.10e-06      0.61
      6  1      -386.65282522     1.17e-05      0.00

      7  0      -386.83099981     8.28e-07      0.61
      7  1      -386.65290230     6.96e-06      0.00

      8  0      -386.83100011     3.53e-07      0.61
      8  1      -386.65293754     5.19e-06      0.00

      9  0      -386.83100016     1.41e-07      0.60
      9  1      -386.65295609     3.48e-06      0.00

     10  0      -386.83100017     5.25e-08      0.62
     10  1      -386.65296226     1.76e-06      0.00

     11  0      -386.83100017     1.80e-08      0.62
     11  1      -386.65296366     7.63e-07      0.00

     12  0      -386.83100017     6.20e-09      0.63
     12  1      -386.65296393     3.50e-07      0.00

     13  0      -386.83100017     2.42e-09      0.62
     13  1      -386.65296400     1.82e-07      0.00

     14  0      -386.83100017     9.79e-10      0.63
     14  1      -386.65296401     9.09e-08      0.00

     15  0      -386.83100017     3.87e-10      0.63
     15  1      -386.65296402     4.41e-08      0.00

     16  0      -386.83100017     1.54e-10      0.63
     16  1      -386.65296402     2.37e-08      0.00

     17  0 *    -386.83100017     6.27e-11      0.53
     17  1      -386.65296402     1.36e-08      0.00

     18  0 *    -386.83100017     5.83e-11      0.33
     18  1      -386.65296402     7.38e-09      0.00

     19  0 *    -386.83100017     5.78e-11      0.33
     19  1      -386.65296402     3.58e-09      0.00

     20  0 *    -386.83100017     5.78e-11      0.33
     20  1      -386.65296402     1.71e-09      0.00

     21  0 *    -386.83100017     5.78e-11      0.33
     21  1      -386.65296402     8.31e-10      0.00
    ** throwing out 1 trial vectors **

     22  0 *    -386.83100017     5.77e-11      0.34
     22  1      -386.65296402     4.32e-10      0.00
    ** throwing out 1 trial vectors **

     23  0 *    -386.83100017     5.77e-11      0.34
     23  1      -386.65296402     2.34e-10      0.00
    ** throwing out 1 trial vectors **

     24  0 *    -386.83100017     5.77e-11      0.33
     24  1      -386.65296402     1.24e-10      0.00
    ** throwing out 1 trial vectors **

     25  0 *    -386.83100017     5.77e-11      0.24
     25  1 *    -386.65296402     6.10e-11      0.00

     * ci vector   0, <S^2> = -0.0000, E =     -386.83100017
       222222......    -0.9097236094
       222.22..2...     0.1816482739
       2222.22.....     0.1268593423
       22222..2....     0.1170086278
       2.2222....2.     0.0883734639
       2222aabb....    -0.0686444939
       2222bbaa....    -0.0686444939
       2222baba....    -0.0679340681
       2222abab....    -0.0679340681
       .22222.....2     0.0669515433
       22222.2.....     0.0624681519
       22222ba.....    -0.0592733825
       22222ab.....    -0.0592733825

     * ci vector   1, <S^2> = 0.0000, E =     -386.65296402
       22222ba.....    -0.5614225956
       22222ab.....    -0.5614225956
       2222a2.b....    -0.2477926496
       2222b2.a....    -0.2477926496
       222.2ba.2...     0.1115984848
       222.2ab.2...     0.1115984848
       222222......     0.0958611320
       22b2a22.....    -0.0942549061
       22a2b22.....    -0.0942549061
       22222..b.a..    -0.0756336055
       22222..a.b..    -0.0756336055
       22222.b..a..     0.0620428372
       22222.a..b..     0.0620428372
       22b22aab....    -0.0599015526
       22a22bba....    -0.0599015526
       2222ba2.....     0.0586965947
       2222ab2.....     0.0586965947
       2222.2a..b..    -0.0586618075
       2222.2b..a..    -0.0586618075
       2222baa..b..    -0.0566773396
       2222abb..a..    -0.0566773396
       2.222ba...2.     0.0543677565
       2.222ab...2.     0.0543677565
       22b22a2.....    -0.0537630999
       22a22b2.....    -0.0537630999
       2222.2.2....    -0.0536902499
       22b2a2ab....     0.0530010758
       22a2b2ba....     0.0530010758
       2222abab....     0.0529530271
       2222baba....     0.0529530271
       22a22b.2....     0.0525096692
       22b22a.2....     0.0525096692
       2222ab.b.a..    -0.0521604362
       2222ba.a.b..    -0.0521604362
       - FCI and RDMs                             15.14
