--------------------------------------------------
JOB FRONT-END 484547 on wux54
SLURM ENVIRONMENT
--------------------------------------------------
SLURM_JOB_ID                   = 484547              
SLURM_ARRAY_JOB_ID             = N/A                 
SLURM_ARRAY_TASK_ID            = N/A                 
SLURM_JOB_NAME                 = bagel-chain         
SLURM_JOB_PARTITION            = wux5x               
SLURM_JOB_NUM_NODES            = 1                   
SLURM_JOB_CPUS_PER_NODE        = 20                  
SLURM_NTASKS                   = 20                  
SLURM_NTASKS_PER_NODE          = N/A                 
--------------------------------------------------
--------------------------------------------------
PBS ENVIRONMENT
--------------------------------------------------
PBS_JOBID                      = 484547              
PBS_ARRAYID                    = N/A                 
PBS_JOBNAME                    = bagel-chain         
PBS_QUEUE                      = wux5x               
PBS_NUM_NODES                  = 1                   
PBS_NUM_PPN                    = 1                   
PBS_NP                         = 20                  
PBS_NODEFILE                   = /tmp/484547/nodes   
--------------------------------------------------
  * process grid (5, 4) will be used
    wux54                           
    wux54                           
    wux54                           
    wux54                           
    wux54                           
    wux54                           
    wux54                           
    wux54                           
    wux54                           
    wux54                           
    wux54                           
    wux54                           
    wux54                           
    wux54                           
    wux54                           
    wux54                           
    wux54                           
    wux54                           
    wux54                           
    wux54                           

  * using 20 threads per process

  ===============================================================
    BAGEL - Freshly leavened quantum chemistry                   
  ===============================================================

  *** Geometry ***

  { "atom" : "C", "xyz" : [      4.529182,     -1.090438,      1.366622 ] },
  { "atom" : "C", "xyz" : [      4.175041,      1.593372,      1.731607 ] },
  { "atom" : "C", "xyz" : [      1.841662,      2.706828,      1.255343 ] },
  { "atom" : "N", "xyz" : [     -0.152511,      1.153566,      0.702502 ] },
  { "atom" : "B", "xyz" : [     -0.043919,     -1.586837,      0.647998 ] },
  { "atom" : "C", "xyz" : [      2.544847,     -2.777776,      0.942558 ] },
  { "atom" : "C", "xyz" : [     -2.409004,     -1.934578,     -1.206270 ] },
  { "atom" : "C", "xyz" : [     -5.132198,     -1.087447,     -0.805965 ] },
  { "atom" : "C", "xyz" : [     -4.684692,      1.456676,     -1.045434 ] },
  { "atom" : "C", "xyz" : [     -1.905893,      1.069383,     -1.534123 ] },
  { "atom" : "H", "xyz" : [      6.495029,     -1.768036,      1.314303 ] },
  { "atom" : "H", "xyz" : [      5.804553,      2.790334,      2.154048 ] },
  { "atom" : "H", "xyz" : [      1.562869,      4.766677,      1.269465 ] },
  { "atom" : "H", "xyz" : [      2.989924,     -4.746980,      0.493199 ] },
  { "atom" : "H", "xyz" : [     -2.023083,     -3.265041,     -2.744338 ] },
  { "atom" : "H", "xyz" : [     -6.872437,     -2.183829,     -0.525749 ] },
  { "atom" : "H", "xyz" : [     -5.780196,      3.189639,     -0.763855 ] },
  { "atom" : "H", "xyz" : [     -0.939173,      1.714488,     -3.251910 ] },

  Number of auxiliary basis functions:      884

  Since a DF basis is specified, we compute 2- and 3-index integrals:
    o Being stored without compression. Storage requirement is 0.645 GB
       - 3-index ints prep                         0.00
       - 3-index ints                              0.15
       - 2-index ints                              0.01
       - computing inverse                         0.10
        elapsed time:        0.27 sec.


  Number of basis functions:      302
  Number of electrons      :       68


    * METHOD: MOLECULE                             0.30

       - 3-index ints prep                         0.00
       - 3-index ints                              0.13
       - 2-index ints                              0.02
       - computing inverse                         0.08

  Using the coefficient projected to the input geometry 


    * METHOD: LOAD_REF                             0.32

  ---------------------------
      CASSCF calculation     
  ---------------------------

    * nstate   :      2
    * nclosed  :     28
    * nact     :     12
    * nvirt    :    262
  === CASSCF iteration (/home/buehlerm/software/bagel/installation/share/aug-cc-pVDZ.json) ===

    * Using the second-order algorithm

      0  0      -386.72345442     1.68e-02     15.79
      0  1      -386.55089946     0.00e+00     15.79

         res : 1.19e-01   lamb: 1.00e+00   eps : -1.55e-01   step: 1.58e-01    0.06
         res : 4.44e-02   lamb: 1.00e+00   eps : -1.57e-01   step: 1.48e-01    0.06
         res : 1.33e-02   lamb: 1.00e+00   eps : -1.58e-01   step: 1.48e-01    0.06
         res : 3.68e-03   lamb: 1.00e+00   eps : -1.58e-01   step: 1.49e-01    0.06
         res : 1.19e-03   lamb: 1.00e+00   eps : -1.58e-01   step: 1.50e-01    0.06
         res : 3.27e-04   lamb: 1.00e+00   eps : -1.58e-01   step: 1.50e-01    0.06
         res : 1.06e-04   lamb: 1.00e+00   eps : -1.58e-01   step: 1.50e-01    0.06
         res : 2.69e-05   lamb: 1.00e+00   eps : -1.58e-01   step: 1.50e-01    0.06
         res : 8.33e-06   lamb: 1.00e+00   eps : -1.58e-01   step: 1.50e-01    0.06

      1  0      -386.80399015     3.67e-04     16.20
      1  1      -386.63170410     0.00e+00     16.20

         res : 2.06e-02   lamb: 1.00e+00   eps : -7.10e-04   step: 5.40e-02    0.06
         res : 6.07e-03   lamb: 1.00e+00   eps : -8.11e-04   step: 7.18e-02    0.06
         res : 2.45e-03   lamb: 1.00e+00   eps : -8.33e-04   step: 7.91e-02    0.06
         res : 1.16e-03   lamb: 1.00e+00   eps : -8.35e-04   step: 8.07e-02    0.06
         res : 5.52e-04   lamb: 1.00e+00   eps : -8.36e-04   step: 8.12e-02    0.06
         res : 2.88e-04   lamb: 1.00e+00   eps : -8.36e-04   step: 8.12e-02    0.06
         res : 1.50e-04   lamb: 1.00e+00   eps : -8.36e-04   step: 8.12e-02    0.06
         res : 6.77e-05   lamb: 1.00e+00   eps : -8.36e-04   step: 8.12e-02    0.06
         res : 3.68e-05   lamb: 1.00e+00   eps : -8.36e-04   step: 8.12e-02    0.06
         res : 2.39e-05   lamb: 1.00e+00   eps : -8.36e-04   step: 8.12e-02    0.06
         res : 1.23e-05   lamb: 1.00e+00   eps : -8.36e-04   step: 8.12e-02    0.06
         res : 5.22e-06   lamb: 1.00e+00   eps : -8.36e-04   step: 8.12e-02    0.06

      2  0      -386.80450595     1.07e-04     16.35
      2  1      -386.63214265     0.00e+00     16.35

         res : 5.18e-03   lamb: 1.00e+00   eps : -3.93e-05   step: 1.01e-02    0.06
         res : 1.45e-03   lamb: 1.00e+00   eps : -4.86e-05   step: 1.74e-02    0.06
         res : 6.83e-04   lamb: 1.00e+00   eps : -4.98e-05   step: 1.91e-02    0.06
         res : 2.59e-04   lamb: 1.00e+00   eps : -5.00e-05   step: 1.94e-02    0.06
         res : 1.01e-04   lamb: 1.00e+00   eps : -5.00e-05   step: 1.95e-02    0.06
         res : 5.09e-05   lamb: 1.00e+00   eps : -5.00e-05   step: 1.95e-02    0.06
         res : 2.70e-05   lamb: 1.00e+00   eps : -5.00e-05   step: 1.95e-02    0.06
         res : 1.87e-05   lamb: 1.00e+00   eps : -5.00e-05   step: 1.95e-02    0.06
         res : 1.05e-05   lamb: 1.00e+00   eps : -5.00e-05   step: 1.95e-02    0.06
         res : 4.62e-06   lamb: 1.00e+00   eps : -5.00e-05   step: 1.95e-02    0.06
         res : 1.84e-06   lamb: 1.00e+00   eps : -5.00e-05   step: 1.95e-02    0.06

      3  0      -386.80462584     5.04e-05     16.48
      3  1      -386.63209807     0.00e+00     16.48

         res : 2.89e-03   lamb: 1.00e+00   eps : -1.11e-05   step: 5.90e-03    0.06
         res : 7.06e-04   lamb: 1.00e+00   eps : -1.37e-05   step: 9.61e-03    0.06
         res : 3.31e-04   lamb: 1.00e+00   eps : -1.40e-05   step: 1.03e-02    0.06
         res : 1.29e-04   lamb: 1.00e+00   eps : -1.40e-05   step: 1.05e-02    0.06
         res : 4.60e-05   lamb: 1.00e+00   eps : -1.40e-05   step: 1.05e-02    0.06
         res : 2.03e-05   lamb: 1.00e+00   eps : -1.40e-05   step: 1.05e-02    0.06
         res : 7.58e-06   lamb: 1.00e+00   eps : -1.40e-05   step: 1.05e-02    0.06
         res : 2.99e-06   lamb: 1.00e+00   eps : -1.40e-05   step: 1.05e-02    0.06
         res : 1.55e-06   lamb: 1.00e+00   eps : -1.40e-05   step: 1.05e-02    0.06
         res : 1.08e-06   lamb: 1.00e+00   eps : -1.40e-05   step: 1.05e-02    0.06
         res : 6.22e-07   lamb: 1.00e+00   eps : -1.40e-05   step: 1.05e-02    0.06

      4  0      -386.80469315     2.76e-05     16.21
      4  1      -386.63205286     0.00e+00     16.21

         res : 1.72e-03   lamb: 1.00e+00   eps : -3.77e-06   step: 3.65e-03    0.06
         res : 3.98e-04   lamb: 1.00e+00   eps : -4.63e-06   step: 5.74e-03    0.06
         res : 1.83e-04   lamb: 1.00e+00   eps : -4.74e-06   step: 6.12e-03    0.06
         res : 7.32e-05   lamb: 1.00e+00   eps : -4.75e-06   step: 6.19e-03    0.06
         res : 2.53e-05   lamb: 1.00e+00   eps : -4.75e-06   step: 6.21e-03    0.06
         res : 1.13e-05   lamb: 1.00e+00   eps : -4.75e-06   step: 6.21e-03    0.06
         res : 4.28e-06   lamb: 1.00e+00   eps : -4.75e-06   step: 6.21e-03    0.06
         res : 1.50e-06   lamb: 1.00e+00   eps : -4.75e-06   step: 6.21e-03    0.06
         res : 5.60e-07   lamb: 1.00e+00   eps : -4.75e-06   step: 6.21e-03    0.06

      5  0      -386.80473197     1.62e-05     16.31
      5  1      -386.63202162     0.00e+00     16.31

         res : 1.03e-03   lamb: 1.00e+00   eps : -1.35e-06   step: 2.23e-03    0.06
         res : 2.36e-04   lamb: 1.00e+00   eps : -1.65e-06   step: 3.45e-03    0.06
         res : 1.07e-04   lamb: 1.00e+00   eps : -1.69e-06   step: 3.67e-03    0.06
         res : 4.32e-05   lamb: 1.00e+00   eps : -1.69e-06   step: 3.71e-03    0.06
         res : 1.49e-05   lamb: 1.00e+00   eps : -1.69e-06   step: 3.72e-03    0.06
         res : 6.75e-06   lamb: 1.00e+00   eps : -1.69e-06   step: 3.73e-03    0.06
         res : 2.62e-06   lamb: 1.00e+00   eps : -1.69e-06   step: 3.72e-03    0.06
         res : 9.37e-07   lamb: 1.00e+00   eps : -1.69e-06   step: 3.72e-03    0.06
         res : 3.90e-07   lamb: 1.00e+00   eps : -1.69e-06   step: 3.72e-03    0.06
         res : 2.28e-07   lamb: 1.00e+00   eps : -1.69e-06   step: 3.72e-03    0.06

      6  0      -386.80475463     9.73e-06     16.16
      6  1      -386.63200168     0.00e+00     16.16

         res : 6.20e-04   lamb: 1.00e+00   eps : -4.94e-07   step: 1.35e-03    0.06
         res : 1.42e-04   lamb: 1.00e+00   eps : -6.02e-07   step: 2.08e-03    0.06
         res : 6.44e-05   lamb: 1.00e+00   eps : -6.15e-07   step: 2.21e-03    0.06
         res : 2.59e-05   lamb: 1.00e+00   eps : -6.16e-07   step: 2.24e-03    0.06
         res : 8.99e-06   lamb: 1.00e+00   eps : -6.17e-07   step: 2.25e-03    0.06
         res : 4.10e-06   lamb: 1.00e+00   eps : -6.17e-07   step: 2.25e-03    0.06
         res : 1.61e-06   lamb: 1.00e+00   eps : -6.17e-07   step: 2.25e-03    0.06
         res : 5.80e-07   lamb: 1.00e+00   eps : -6.17e-07   step: 2.25e-03    0.06
         res : 2.51e-07   lamb: 1.00e+00   eps : -6.17e-07   step: 2.25e-03    0.06
         res : 1.54e-07   lamb: 1.00e+00   eps : -6.17e-07   step: 2.25e-03    0.06

      7  0      -386.80476801     5.90e-06     16.19
      7  1      -386.63198929     0.00e+00     16.19

         res : 3.74e-04   lamb: 1.00e+00   eps : -1.81e-07   step: 8.18e-04    0.06
         res : 8.60e-05   lamb: 1.00e+00   eps : -2.21e-07   step: 1.26e-03    0.06
         res : 3.89e-05   lamb: 1.00e+00   eps : -2.26e-07   step: 1.34e-03    0.06
         res : 1.56e-05   lamb: 1.00e+00   eps : -2.26e-07   step: 1.35e-03    0.06
         res : 5.47e-06   lamb: 1.00e+00   eps : -2.26e-07   step: 1.36e-03    0.06
         res : 2.50e-06   lamb: 1.00e+00   eps : -2.26e-07   step: 1.36e-03    0.06
         res : 9.87e-07   lamb: 1.00e+00   eps : -2.26e-07   step: 1.36e-03    0.06
         res : 3.57e-07   lamb: 1.00e+00   eps : -2.26e-07   step: 1.36e-03    0.06
         res : 1.55e-07   lamb: 1.00e+00   eps : -2.26e-07   step: 1.36e-03    0.06
         res : 9.53e-08   lamb: 1.00e+00   eps : -2.26e-07   step: 1.36e-03    0.06

      8  0      -386.80477599     3.59e-06     16.33
      8  1      -386.63198167     0.00e+00     16.33

         res : 2.27e-04   lamb: 1.00e+00   eps : -6.69e-08   step: 4.96e-04    0.06
         res : 5.22e-05   lamb: 1.00e+00   eps : -8.14e-08   step: 7.65e-04    0.06
         res : 2.36e-05   lamb: 1.00e+00   eps : -8.32e-08   step: 8.12e-04    0.06
         res : 9.46e-06   lamb: 1.00e+00   eps : -8.34e-08   step: 8.20e-04    0.06
         res : 3.33e-06   lamb: 1.00e+00   eps : -8.34e-08   step: 8.24e-04    0.06
         res : 1.53e-06   lamb: 1.00e+00   eps : -8.34e-08   step: 8.24e-04    0.06
         res : 6.05e-07   lamb: 1.00e+00   eps : -8.34e-08   step: 8.24e-04    0.06
         res : 2.19e-07   lamb: 1.00e+00   eps : -8.34e-08   step: 8.24e-04    0.06
         res : 9.48e-08   lamb: 1.00e+00   eps : -8.34e-08   step: 8.24e-04    0.06
         res : 5.77e-08   lamb: 1.00e+00   eps : -8.34e-08   step: 8.24e-04    0.06

      9  0      -386.80478077     2.19e-06     16.12
      9  1      -386.63197702     0.00e+00     16.12

         res : 1.38e-04   lamb: 1.00e+00   eps : -2.47e-08   step: 3.01e-04    0.06
         res : 3.17e-05   lamb: 1.00e+00   eps : -3.01e-08   step: 4.64e-04    0.06
         res : 1.44e-05   lamb: 1.00e+00   eps : -3.07e-08   step: 4.93e-04    0.06
         res : 5.75e-06   lamb: 1.00e+00   eps : -3.08e-08   step: 4.98e-04    0.06
         res : 2.03e-06   lamb: 1.00e+00   eps : -3.08e-08   step: 5.00e-04    0.06
         res : 9.34e-07   lamb: 1.00e+00   eps : -3.08e-08   step: 5.00e-04    0.06
         res : 3.70e-07   lamb: 1.00e+00   eps : -3.08e-08   step: 5.00e-04    0.06
         res : 1.34e-07   lamb: 1.00e+00   eps : -3.08e-08   step: 5.00e-04    0.06
         res : 5.79e-08   lamb: 1.00e+00   eps : -3.08e-08   step: 5.00e-04    0.06
         res : 3.49e-08   lamb: 1.00e+00   eps : -3.08e-08   step: 5.00e-04    0.06

     10  0      -386.80478366     1.33e-06     16.30
     10  1      -386.63197419     0.00e+00     16.30

         res : 8.36e-05   lamb: 1.00e+00   eps : -9.14e-09   step: 1.83e-04    0.06
         res : 1.93e-05   lamb: 1.00e+00   eps : -1.11e-08   step: 2.82e-04    0.06
         res : 8.73e-06   lamb: 1.00e+00   eps : -1.14e-08   step: 3.00e-04    0.06
         res : 3.49e-06   lamb: 1.00e+00   eps : -1.14e-08   step: 3.03e-04    0.06
         res : 1.24e-06   lamb: 1.00e+00   eps : -1.14e-08   step: 3.04e-04    0.06
         res : 5.70e-07   lamb: 1.00e+00   eps : -1.14e-08   step: 3.04e-04    0.06
         res : 2.26e-07   lamb: 1.00e+00   eps : -1.14e-08   step: 3.04e-04    0.06
         res : 8.17e-08   lamb: 1.00e+00   eps : -1.14e-08   step: 3.04e-04    0.06
         res : 3.53e-08   lamb: 1.00e+00   eps : -1.14e-08   step: 3.04e-04    0.06
         res : 2.11e-08   lamb: 1.00e+00   eps : -1.14e-08   step: 3.04e-04    0.06

     11  0      -386.80478540     8.12e-07     16.15
     11  1      -386.63197246     0.00e+00     16.15

         res : 5.08e-05   lamb: 1.00e+00   eps : -3.38e-09   step: 1.11e-04    0.06
         res : 1.17e-05   lamb: 1.00e+00   eps : -4.11e-09   step: 1.72e-04    0.06
         res : 5.31e-06   lamb: 1.00e+00   eps : -4.20e-09   step: 1.82e-04    0.06
         res : 2.13e-06   lamb: 1.00e+00   eps : -4.21e-09   step: 1.84e-04    0.06
         res : 7.56e-07   lamb: 1.00e+00   eps : -4.21e-09   step: 1.85e-04    0.06
         res : 3.48e-07   lamb: 1.00e+00   eps : -4.21e-09   step: 1.85e-04    0.06
         res : 1.38e-07   lamb: 1.00e+00   eps : -4.21e-09   step: 1.85e-04    0.06
         res : 4.98e-08   lamb: 1.00e+00   eps : -4.21e-09   step: 1.85e-04    0.06
         res : 2.15e-08   lamb: 1.00e+00   eps : -4.21e-09   step: 1.85e-04    0.06
         res : 1.28e-08   lamb: 1.00e+00   eps : -4.21e-09   step: 1.85e-04    0.06

     12  0      -386.80478646     4.95e-07     16.19
     12  1      -386.63197141     0.00e+00     16.19

         res : 3.09e-05   lamb: 1.00e+00   eps : -1.25e-09   step: 6.76e-05    0.06
         res : 7.15e-06   lamb: 1.00e+00   eps : -1.52e-09   step: 1.04e-04    0.06
         res : 3.23e-06   lamb: 1.00e+00   eps : -1.56e-09   step: 1.11e-04    0.06
         res : 1.29e-06   lamb: 1.00e+00   eps : -1.56e-09   step: 1.12e-04    0.06
         res : 4.60e-07   lamb: 1.00e+00   eps : -1.56e-09   step: 1.12e-04    0.06
         res : 2.12e-07   lamb: 1.00e+00   eps : -1.56e-09   step: 1.12e-04    0.06
         res : 8.41e-08   lamb: 1.00e+00   eps : -1.56e-09   step: 1.12e-04    0.06
         res : 3.04e-08   lamb: 1.00e+00   eps : -1.56e-09   step: 1.12e-04    0.06
         res : 1.31e-08   lamb: 1.00e+00   eps : -1.56e-09   step: 1.12e-04    0.06
         res : 7.80e-09   lamb: 1.00e+00   eps : -1.56e-09   step: 1.12e-04    0.06

     13  0      -386.80478710     3.01e-07     16.35
     13  1      -386.63197077     0.00e+00     16.35

         res : 1.88e-05   lamb: 1.00e+00   eps : -4.64e-10   step: 4.11e-05    0.06
         res : 4.35e-06   lamb: 1.00e+00   eps : -5.64e-10   step: 6.35e-05    0.06
         res : 1.97e-06   lamb: 1.00e+00   eps : -5.76e-10   step: 6.74e-05    0.06
         res : 7.87e-07   lamb: 1.00e+00   eps : -5.77e-10   step: 6.81e-05    0.06
         res : 2.80e-07   lamb: 1.00e+00   eps : -5.77e-10   step: 6.83e-05    0.06
         res : 1.29e-07   lamb: 1.00e+00   eps : -5.78e-10   step: 6.84e-05    0.06
         res : 5.12e-08   lamb: 1.00e+00   eps : -5.78e-10   step: 6.83e-05    0.06
         res : 1.85e-08   lamb: 1.00e+00   eps : -5.78e-10   step: 6.83e-05    0.06
         res : 7.99e-09   lamb: 1.00e+00   eps : -5.78e-10   step: 6.83e-05    0.06
         res : 4.74e-09   lamb: 1.00e+00   eps : -5.78e-10   step: 6.83e-05    0.06

     14  0      -386.80478749     1.83e-07     16.16
     14  1      -386.63197038     0.00e+00     16.16

         res : 1.14e-05   lamb: 1.00e+00   eps : -1.72e-10   step: 2.50e-05    0.06
         res : 2.65e-06   lamb: 1.00e+00   eps : -2.09e-10   step: 3.86e-05    0.06
         res : 1.20e-06   lamb: 1.00e+00   eps : -2.13e-10   step: 4.10e-05    0.06
         res : 4.79e-07   lamb: 1.00e+00   eps : -2.14e-10   step: 4.14e-05    0.06
         res : 1.71e-07   lamb: 1.00e+00   eps : -2.14e-10   step: 4.16e-05    0.06
         res : 7.87e-08   lamb: 1.00e+00   eps : -2.14e-10   step: 4.16e-05    0.06
         res : 3.12e-08   lamb: 1.00e+00   eps : -2.14e-10   step: 4.16e-05    0.06
         res : 1.13e-08   lamb: 1.00e+00   eps : -2.14e-10   step: 4.16e-05    0.06
         res : 4.87e-09   lamb: 1.00e+00   eps : -2.14e-10   step: 4.16e-05    0.06

     15  0      -386.80478773     1.12e-07     16.15
     15  1      -386.63197014     0.00e+00     16.15

         res : 6.96e-06   lamb: 1.00e+00   eps : -6.36e-11   step: 1.52e-05    0.06
         res : 1.61e-06   lamb: 1.00e+00   eps : -7.73e-11   step: 2.35e-05    0.06
         res : 7.29e-07   lamb: 1.00e+00   eps : -7.90e-11   step: 2.49e-05    0.06
         res : 2.91e-07   lamb: 1.00e+00   eps : -7.92e-11   step: 2.52e-05    0.06
         res : 1.04e-07   lamb: 1.00e+00   eps : -7.92e-11   step: 2.53e-05    0.06
         res : 4.79e-08   lamb: 1.00e+00   eps : -7.92e-11   step: 2.53e-05    0.06
         res : 1.90e-08   lamb: 1.00e+00   eps : -7.92e-11   step: 2.53e-05    0.06
         res : 6.89e-09   lamb: 1.00e+00   eps : -7.92e-11   step: 2.53e-05    0.06
         res : 3.00e-09   lamb: 1.00e+00   eps : -7.92e-11   step: 2.53e-05    0.06

     16  0      -386.80478787     6.79e-08     16.05
     16  1      -386.63197000     0.00e+00     16.05

         res : 4.23e-06   lamb: 1.00e+00   eps : -2.35e-11   step: 9.26e-06    0.06
         res : 9.80e-07   lamb: 1.00e+00   eps : -2.86e-11   step: 1.43e-05    0.06
         res : 4.43e-07   lamb: 1.00e+00   eps : -2.92e-11   step: 1.52e-05    0.06
         res : 1.77e-07   lamb: 1.00e+00   eps : -2.93e-11   step: 1.53e-05    0.06
         res : 6.33e-08   lamb: 1.00e+00   eps : -2.93e-11   step: 1.54e-05    0.06
         res : 2.92e-08   lamb: 1.00e+00   eps : -2.93e-11   step: 1.54e-05    0.06
         res : 1.16e-08   lamb: 1.00e+00   eps : -2.93e-11   step: 1.54e-05    0.06
         res : 4.20e-09   lamb: 1.00e+00   eps : -2.93e-11   step: 1.54e-05    0.06

     17  0      -386.80478796     4.14e-08     16.02
     17  1      -386.63196991     0.00e+00     16.02

         res : 2.58e-06   lamb: 1.00e+00   eps : -8.72e-12   step: 5.63e-06    0.06
         res : 5.96e-07   lamb: 1.00e+00   eps : -1.06e-11   step: 8.70e-06    0.06
         res : 2.70e-07   lamb: 1.00e+00   eps : -1.08e-11   step: 9.24e-06    0.06
         res : 1.08e-07   lamb: 1.00e+00   eps : -1.09e-11   step: 9.33e-06    0.06
         res : 3.85e-08   lamb: 1.00e+00   eps : -1.09e-11   step: 9.37e-06    0.06
         res : 1.78e-08   lamb: 1.00e+00   eps : -1.09e-11   step: 9.37e-06    0.06
         res : 7.06e-09   lamb: 1.00e+00   eps : -1.09e-11   step: 9.37e-06    0.06
         res : 2.57e-09   lamb: 1.00e+00   eps : -1.09e-11   step: 9.37e-06    0.06

     18  0      -386.80478801     2.52e-08     16.05
     18  1      -386.63196986     0.00e+00     16.05

         res : 1.57e-06   lamb: 1.00e+00   eps : -3.23e-12   step: 3.43e-06    0.07
         res : 3.63e-07   lamb: 1.00e+00   eps : -3.93e-12   step: 5.29e-06    0.06
         res : 1.64e-07   lamb: 1.00e+00   eps : -4.01e-12   step: 5.62e-06    0.06
         res : 6.57e-08   lamb: 1.00e+00   eps : -4.02e-12   step: 5.68e-06    0.06
         res : 2.34e-08   lamb: 1.00e+00   eps : -4.02e-12   step: 5.70e-06    0.06
         res : 1.08e-08   lamb: 1.00e+00   eps : -4.02e-12   step: 5.70e-06    0.06
         res : 4.30e-09   lamb: 1.00e+00   eps : -4.02e-12   step: 5.70e-06    0.07

     19  0      -386.80478804     1.53e-08     16.17
     19  1      -386.63196983     0.00e+00     16.17

         res : 9.54e-07   lamb: 1.00e+00   eps : -1.20e-12   step: 2.09e-06    0.06
         res : 2.21e-07   lamb: 1.00e+00   eps : -1.45e-12   step: 3.22e-06    0.06
         res : 9.99e-08   lamb: 1.00e+00   eps : -1.49e-12   step: 3.42e-06    0.06
         res : 4.01e-08   lamb: 1.00e+00   eps : -1.49e-12   step: 3.46e-06    0.06
         res : 1.43e-08   lamb: 1.00e+00   eps : -1.49e-12   step: 3.47e-06    0.06
         res : 6.60e-09   lamb: 1.00e+00   eps : -1.49e-12   step: 3.47e-06    0.06
         res : 2.63e-09   lamb: 1.00e+00   eps : -1.49e-12   step: 3.47e-06    0.06

     20  0      -386.80478806     9.32e-09     15.85
     20  1      -386.63196981     0.00e+00     15.85

    * Second-order optimization converged. *   

    * Integral transformation done. Elapsed time: 0.08

       - jop, kop                                  0.00
       - denom                                     0.02
     guess   0:   closed 111111......         open ............        
     guess   1:   closed 11111.......         open .....11.....        

  === FCI iteration ===

      0  0      -386.67315124     3.80e-04      0.60
      0  1      -386.45383560     4.01e-04      0.00

      1  0      -386.78303226     1.80e-04      0.60
      1  1      -386.58183539     2.36e-04      0.00

      2  0      -386.80108524     7.93e-05      0.61
      2  1      -386.61877792     1.27e-04      0.00

      3  0      -386.80416994     3.36e-05      0.61
      3  1      -386.62822692     6.67e-05      0.00

      4  0      -386.80469077     1.36e-05      0.61
      4  1      -386.63082981     3.74e-05      0.00

      5  0      -386.80477259     5.58e-06      0.61
      5  1      -386.63162528     2.05e-05      0.00

      6  0      -386.80478547     2.29e-06      0.61
      6  1      -386.63184985     1.10e-05      0.00

      7  0      -386.80478760     9.38e-07      0.61
      7  1      -386.63191643     6.24e-06      0.00

      8  0      -386.80478798     4.05e-07      0.61
      8  1      -386.63194491     4.65e-06      0.00

      9  0      -386.80478805     1.74e-07      0.62
      9  1      -386.63196141     3.44e-06      0.00

     10  0      -386.80478806     6.92e-08      0.62
     10  1      -386.63196780     1.84e-06      0.00

     11  0      -386.80478806     2.48e-08      0.61
     11  1      -386.63196936     8.21e-07      0.00

     12  0      -386.80478806     9.26e-09      0.62
     12  1      -386.63196968     4.03e-07      0.00

     13  0      -386.80478806     3.67e-09      0.62
     13  1      -386.63196977     2.20e-07      0.00

     14  0      -386.80478806     1.54e-09      0.62
     14  1      -386.63196980     1.11e-07      0.00

     15  0      -386.80478806     6.21e-10      0.62
     15  1      -386.63196981     5.42e-08      0.00

     16  0      -386.80478806     2.40e-10      0.62
     16  1      -386.63196981     2.89e-08      0.00

     17  0 *    -386.80478806     9.47e-11      0.53
     17  1      -386.63196981     1.69e-08      0.00

     18  0 *    -386.80478806     9.42e-11      0.33
     18  1      -386.63196981     8.89e-09      0.00

     19  0 *    -386.80478806     9.42e-11      0.33
     19  1      -386.63196981     4.23e-09      0.00

     20  0 *    -386.80478806     9.41e-11      0.33
     20  1      -386.63196981     1.92e-09      0.00

     21  0 *    -386.80478806     9.41e-11      0.33
     21  1      -386.63196981     9.02e-10      0.00
    ** throwing out 1 trial vectors **

     22  0 *    -386.80478806     9.41e-11      0.33
     22  1      -386.63196981     4.27e-10      0.00
    ** throwing out 1 trial vectors **

     23  0 *    -386.80478806     9.42e-11      0.34
     23  1      -386.63196981     2.08e-10      0.00
    ** throwing out 1 trial vectors **

     24  0 *    -386.80478806     9.40e-11      0.24
     24  1 *    -386.63196981     9.57e-11      0.00

     * ci vector   0, <S^2> = 0.0000, E =     -386.80478806
       222222......     0.9043560494
       222.22..2...    -0.1928591475
       2222.22.....    -0.1187371202
       22222..2....    -0.1091048760
       22222ba.....    -0.0828947567
       22222ab.....    -0.0828947567
       2.2222....2.    -0.0812348384
       2222bbaa....     0.0648524416
       2222aabb....     0.0648524416
       22222.2.....    -0.0601168415
       .22222.....2    -0.0600109352
       2222baba....     0.0590963970
       2222abab....     0.0590963970

     * ci vector   1, <S^2> = -0.0000, E =     -386.63196981
       22222ab.....     0.5785954408
       22222ba.....     0.5785954408
       2222b2.a....     0.2013164032
       2222a2.b....     0.2013164032
       222222......     0.1268389054
       222.2ab.2...    -0.1228809599
       222.2ba.2...    -0.1228809599
       22a2b22.....    -0.0908180014
       22b2a22.....    -0.0908180014
       22222..a.b..     0.0788250716
       22222..b.a..     0.0788250716
       2222abb..a..     0.0679691065
       2222baa..b..     0.0679691065
       2222ab2.....    -0.0655935947
       2222ba2.....    -0.0655935947
       22a2b2ba....    -0.0609350042
       22b2a2ab....    -0.0609350042
       22222.ab....     0.0537914849
       22222.ba....     0.0537914849
       22b22aab....    -0.0528508338
       22a22bba....    -0.0528508338
       22a22b2.....     0.0521208715
       22b22a2.....     0.0521208715
       2.222ab...2.    -0.0514517695
       2.222ba...2.    -0.0514517695

    * METHOD: CASSCF                             354.69


    * METHOD: PRINT                                0.07


    * METHOD: SAVE_REF                             0.15

  === SMITH program ===

    * freezing 10 orbitals
    * SS-SR internal contraction is used

    * Approximate memory requirement for SMITH calculation per MPI process:
      o Storage requirement for T-amplitude, lambda, and residual is 0.43 GB
      o Storage requirement for MO integrals is 0.03 GB
       - MO integral evaluation                    0.71

  ++ State-averaged Fock matrix over basis states ++

                         0                   1
     0       -4.8539611504       -0.0230099732
     1       -0.0230099732       -4.5020305559


  ++ Extended multi-state CASPT2 (XMS-CASPT2) rotation matrix ++

                         0                   1
     0       -0.9978873830        0.0649674592
     1       -0.0649674592       -0.9978873830


     * ci vector, state   0, <S^2> = -0.0000
       222222......    -0.9106858929
       222.22..2...     0.1941100393
       2222.22.....     0.1204932518
       22222..2....     0.1103380416
       2.2222....2.     0.0818597438
       2222bbaa....    -0.0661357568
       2222aabb....    -0.0661357568
       2222baba....    -0.0617108715
       2222abab....    -0.0617108715
       22222.2.....     0.0611687327
       .22222.....2     0.0604121456

     * ci vector, state   1, <S^2> = 0.0000
       22222ab.....    -0.5827585520
       22222ba.....    -0.5827585520
       2222b2.a....    -0.2039667883
       2222a2.b....    -0.2039667883
       222.2ab.2...     0.1237972792
       222.2ba.2...     0.1237972792
       22a2b22.....     0.0910056781
       22b2a22.....     0.0910056781
       22222..a.b..    -0.0791792788
       22222..b.a..    -0.0791792788
       2222abb..a..    -0.0696935569
       2222baa..b..    -0.0696935569
       222222......    -0.0678172287
       2222ab2.....     0.0668223392
       2222ba2.....     0.0668223392
       22a2b2ba....     0.0597459508
       22b2a2ab....     0.0597459508
       22222.ab....    -0.0557383859
       22222.ba....    -0.0557383859
       22b22aab....     0.0540817853
       22a22bba....     0.0540817853
       22a22b2.....    -0.0525775898
       22b22a2.....    -0.0525775898
       2222.2b..a..     0.0521573109
       2222.2a..b..     0.0521573109
       2.222ab...2.     0.0518093309
       2.222ba...2.     0.0518093309
       22b22a.2....     0.0516506685
       22a22b.2....     0.0516506685

  ++ Reference energies in XMS basis ++

                         0                   1
     0     -386.8040586382        0.0112038435
     1        0.0112038435     -386.6326992335

    * Calculating and saving rdm4f

    * Third and Fock-weighted fourth order RDM ( 1, 1) evaluation
      will be done with 40 passes
       - RDM evaluation (multipassing)            35.37
    * Third and Fock-weighted fourth order RDM ( 2, 1) evaluation
      will be done with 40 passes
       - RDM evaluation (multipassing)            58.63
    * Third and Fock-weighted fourth order RDM ( 1, 2) evaluation
      will be done with 40 passes
       - RDM evaluation (multipassing)            58.23
    * Third and Fock-weighted fourth order RDM ( 2, 2) evaluation
      will be done with 40 passes
       - RDM evaluation (multipassing)            35.53
    - linear dependency detected:    1 /  288    min eigenvalue:    -1.0869e-13    max eigenvalue:    -1.0869e-13
    - linear dependency detected:    1 /  288    min eigenvalue:    -4.2209e-14    max eigenvalue:    -4.2209e-14
    - linear dependency detected:   12 / 1728    min eigenvalue:    -2.7298e-13    max eigenvalue:     1.2069e-14
    - linear dependency detected:   12 / 1728    min eigenvalue:    -1.5163e-13    max eigenvalue:     5.7762e-14
    - linear dependency detected:   12 / 1728    min eigenvalue:    -2.9977e-15    max eigenvalue:     1.3892e-15
    - linear dependency detected:   12 / 1728    min eigenvalue:    -3.4335e-15    max eigenvalue:     3.2677e-15
       - RDM + denominator evaluation            222.01

    * Zeroth order energy : state  0       -4.8554592147
    * Zeroth order energy : state  1       -4.5005324915

    * CASPT2 iteration is performed using redundant basis

      ---- iteration ----

        0    -1.04451503     0.00247415      5.92
        1    -1.04737671     0.00032755      6.07
        2    -1.04742979     0.00004537      6.00
        3    -1.04743101     0.00000790      6.03
        4    -1.04743105     0.00000127      6.04
        5    -1.04743105     0.00000025      6.08

        0    -1.05675792     0.00242994      6.72
        1    -1.05974768     0.00032593      6.06
        2    -1.05980567     0.00004554      6.01
        3    -1.05980702     0.00000799      6.06
        4    -1.05980706     0.00000128      6.51
        5    -1.05980706     0.00000025      6.50

      -------------------

       - CASPT2 energy evaluation                 75.67

    * CASPT2 energy : state  0     -388.0065653766
        w/o shift correction       -387.8514896889
        reference weight              0.7632705799

    * CASPT2 energy : state  1     -387.8552789821
        w/o shift correction       -387.6925062972
        reference weight              0.7544064676


    * MS-CASPT2 Heff
           -388.0065653766        0.0067549998
              0.0067549998     -387.8552789821


    * MS-CASPT2 rotation matrix
             -0.9990086016       -0.0445175688
              0.0445175688       -0.9990086016


    * XMS-CASPT2 rotation matrix
              0.9997902724       -0.0204795303
              0.0204795303        0.9997902724

    * MS-CASPT2 energy : state  0     -388.0068663912
    * MS-CASPT2 energy : state  1     -387.8549779675



    * METHOD: SMITH                              308.22


  
  ===============================================================

