    * Using parallel algorithm in FCI.
    * Parallel algorithm will be used.
  ---------------------------
        FCI calculation      
  ---------------------------

 Constructing space of all determinants that can formed by removing 1 electron from 6 alpha and 6 beta electrons.

 Space is made up of 4 determinants.
  o forming links
    * Integral transformation done. Elapsed time: 0.09

       - jop, kop                                  0.00
       - denom                                     0.02
     guess   0:   closed 111111......         open ............        
     guess   1:   closed 11111.......         open .....11.....        

  === FCI iteration ===

      0  0      -386.59277961     3.76e-04      0.64
      0  1      -386.38033964     3.95e-04      0.00

      1  0      -386.70195055     1.78e-04      0.63
      1  1      -386.50472498     2.27e-04      0.00

      2  0      -386.71978176     7.84e-05      0.63
      2  1      -386.53857758     1.23e-04      0.00

      3  0      -386.72283315     3.34e-05      0.63
      3  1      -386.54734817     6.43e-05      0.00

      4  0      -386.72335429     1.36e-05      0.63
      4  1      -386.54974365     3.58e-05      0.00

      5  0      -386.72343805     5.72e-06      0.64
      5  1      -386.55050493     2.03e-05      0.00

      6  0      -386.72345153     2.44e-06      0.63
      6  1      -386.55074735     1.18e-05      0.00

      7  0      -386.72345391     9.96e-07      0.62
      7  1      -386.55083121     7.19e-06      0.00

      8  0      -386.72345433     4.24e-07      0.62
      8  1      -386.55087020     5.43e-06      0.00

      9  0      -386.72345440     1.82e-07      0.61
      9  1      -386.55089085     3.63e-06      0.00

     10  0      -386.72345442     7.32e-08      0.62
     10  1      -386.55089752     1.83e-06      0.00

     11  0      -386.72345442     2.72e-08      0.62
     11  1      -386.55089904     8.07e-07      0.00

     12  0      -386.72345442     1.09e-08      0.62
     12  1      -386.55089935     3.80e-07      0.00

     13  0      -386.72345442     4.73e-09      0.63
     13  1      -386.55089943     2.01e-07      0.00

     14  0      -386.72345442     2.09e-09      0.63
     14  1      -386.55089945     1.07e-07      0.00

     15  0      -386.72345442     8.39e-10      0.64
     15  1      -386.55089946     5.47e-08      0.00

     16  0      -386.72345442     3.23e-10      0.64
     16  1      -386.55089946     2.86e-08      0.00

     17  0      -386.72345442     1.21e-10      0.63
     17  1      -386.55089946     1.56e-08      0.00

     18  0 *    -386.72345442     4.48e-11      0.53
     18  1      -386.55089946     7.98e-09      0.00

     19  0 *    -386.72345442     4.37e-11      0.33
     19  1      -386.55089946     3.91e-09      0.00

     20  0 *    -386.72345442     4.38e-11      0.33
     20  1      -386.55089946     1.86e-09      0.00
    ** throwing out 1 trial vectors **

     21  0 *    -386.72345442     4.37e-11      0.33
     21  1      -386.55089946     9.31e-10      0.00
    ** throwing out 1 trial vectors **

     22  0 *    -386.72345442     4.34e-11      0.34
     22  1      -386.55089946     5.10e-10      0.00
    ** throwing out 1 trial vectors **

     23  0 *    -386.72345442     4.33e-11      0.34
     23  1      -386.55089946     2.87e-10      0.00
    ** throwing out 1 trial vectors **

     24  0 *    -386.72345442     4.32e-11      0.34
     24  1      -386.55089946     1.53e-10      0.00
    ** throwing out 1 trial vectors **

     25  0 *    -386.72345442     4.32e-11      0.24
     25  1 *    -386.55089946     7.48e-11      0.00

     * ci vector   0, <S^2> = 0.0000, E =     -386.72345442
       222222......     0.9056750769
       222.22..2...    -0.1885815154
       2222.22.....    -0.1122495444
       22222..2....    -0.0989365820
       22222ab.....     0.0664566933
       22222ba.....     0.0664566933
       2.2222....2.    -0.0614434347
       2222aabb....     0.0605914394
       2222bbaa....     0.0605914394
       .22222.....2    -0.0595260588
       22222.2.....    -0.0590276915
       2222a2b.....    -0.0533105612
       2222b2a.....    -0.0533105612
       22b22a.2....    -0.0526333919
       22a22b.2....    -0.0526333919
       2222abab....     0.0518875089
       2222baba....     0.0518875089

     * ci vector   1, <S^2> = -0.0000, E =     -386.55089946
       22222ab.....    -0.5891866780
       22222ba.....    -0.5891866780
       2222b2.a....    -0.1829895313
       2222a2.b....    -0.1829895313
       222.2ab.2...     0.1221448644
       222.2ba.2...     0.1221448644
       222222......     0.1037902517
       22a2b22.....     0.0796862506
       22b2a22.....     0.0796862506
       22222..a.b..     0.0714427300
       22222..b.a..     0.0714427300
       2222abb..a..     0.0682127950
       2222baa..b..     0.0682127950
       2222ab2.....    -0.0615417266
       2222ba2.....    -0.0615417266
       22a2b2ba....     0.0571306211
       22b2a2ab....     0.0571306211
       22b22aab....     0.0562092576
       22a22bba....     0.0562092576
       22222.ab....     0.0528514133
       22222.ba....     0.0528514133
       - FCI and RDMs                             15.68
    * Integral transformation done. Elapsed time: 0.08

       - jop, kop                                  0.00
       - denom                                     0.02
     guess   0:   closed 111111......         open ............        
     guess   1:   closed 11111.......         open .....11.....        

  === FCI iteration ===

      0  0      -386.67388585     3.77e-04      0.60
      0  1      -386.45843829     3.98e-04      0.00

      1  0      -386.78270039     1.78e-04      0.61
      1  1      -386.58462674     2.30e-04      0.00

      2  0      -386.80037220     7.82e-05      0.61
      2  1      -386.61953387     1.23e-04      0.00

      3  0      -386.80338011     3.32e-05      0.61
      3  1      -386.62831899     6.38e-05      0.00

      4  0      -386.80389384     1.35e-05      0.61
      4  1      -386.63066949     3.52e-05      0.00

      5  0      -386.80397511     5.52e-06      0.62
      5  1      -386.63138296     1.93e-05      0.00

      6  0      -386.80398764     2.27e-06      0.62
      6  1      -386.63158988     1.06e-05      0.00

      7  0      -386.80398970     9.24e-07      0.62
      7  1      -386.63165333     6.13e-06      0.00

      8  0      -386.80399007     3.93e-07      0.62
      8  1      -386.63168119     4.58e-06      0.00

      9  0      -386.80399014     1.69e-07      0.62
      9  1      -386.63169675     3.26e-06      0.00

     10  0      -386.80399015     6.69e-08      0.62
     10  1      -386.63170236     1.71e-06      0.00

     11  0      -386.80399015     2.40e-08      0.62
     11  1      -386.63170370     7.69e-07      0.00

     12  0      -386.80399015     9.01e-09      0.63
     12  1      -386.63170399     3.78e-07      0.00

     13  0      -386.80399015     3.59e-09      0.62
     13  1      -386.63170407     2.01e-07      0.00

     14  0      -386.80399015     1.53e-09      0.62
     14  1      -386.63170409     9.89e-08      0.00

     15  0      -386.80399015     6.16e-10      0.63
     15  1      -386.63170409     4.74e-08      0.00

     16  0      -386.80399015     2.36e-10      0.63
     16  1      -386.63170410     2.48e-08      0.00

     17  0 *    -386.80399015     9.25e-11      0.53
     17  1      -386.63170410     1.49e-08      0.00

     18  0 *    -386.80399015     9.19e-11      0.33
     18  1      -386.63170410     7.94e-09      0.00

     19  0 *    -386.80399015     9.20e-11      0.33
     19  1      -386.63170410     3.96e-09      0.00

     20  0 *    -386.80399015     9.18e-11      0.33
     20  1      -386.63170410     1.82e-09      0.00

     21  0 *    -386.80399015     9.19e-11      0.34
     21  1      -386.63170410     8.34e-10      0.00
    ** throwing out 1 trial vectors **

     22  0 *    -386.80399015     9.19e-11      0.34
     22  1      -386.63170410     3.99e-10      0.00
    ** throwing out 1 trial vectors **

     23  0 *    -386.80399015     9.15e-11      0.34
     23  1      -386.63170410     1.96e-10      0.00
    ** throwing out 1 trial vectors **

     24  0 *    -386.80399015     9.16e-11      0.24
     24  1 *    -386.63170410     9.72e-11      0.00

     * ci vector   0, <S^2> = -0.0000, E =     -386.80399015
       222222......     0.9061339346
       222.22..2...    -0.1921120080
       2222.22.....    -0.1146728985
       22222..2....    -0.1059608224
       22222ab.....    -0.0740325282
       22222ba.....    -0.0740325282
       2.2222....2.    -0.0730924073
       2222aabb....    -0.0627241547
       2222bbaa....    -0.0627241547
       22222.2.....    -0.0596364831
       .22222.....2    -0.0571481340
       2222abab....    -0.0544380588
       2222baba....    -0.0544380588

     * ci vector   1, <S^2> = 0.0000, E =     -386.63170410
       22222ab.....     0.5857913052
       22222ba.....     0.5857913052
       2222b2.a....    -0.1880799804
       2222a2.b....    -0.1880799804
       222.2ab.2...    -0.1236428048
       222.2ba.2...    -0.1236428048
       222222......     0.1151057179
       22a2b22.....     0.0852072473
       22b2a22.....     0.0852072473
       22222..a.b..     0.0761610185
       22222..b.a..     0.0761610185
       2222abb..a..    -0.0706432465
       2222baa..b..    -0.0706432465
       2222ab2.....     0.0658948736
       2222ba2.....     0.0658948736
       22a2b2ba....     0.0584378951
       22b2a2ab....     0.0584378951
       22222.ab....     0.0571159313
       22222.ba....     0.0571159313
       22b22aab....    -0.0522445692
       22a22bba....    -0.0522445692
       - FCI and RDMs                             14.85
    * Integral transformation done. Elapsed time: 0.08

       - jop, kop                                  0.00
       - denom                                     0.02
     guess   0:   closed 111111......         open ............        
     guess   1:   closed 11111.......         open .....11.....        

  === FCI iteration ===

      0  0      -386.67365764     3.79e-04      0.60
      0  1      -386.45675551     4.00e-04      0.00

      1  0      -386.78298385     1.79e-04      0.61
      1  1      -386.58374434     2.33e-04      0.00

      2  0      -386.80084128     7.88e-05      0.61
      2  1      -386.61952429     1.25e-04      0.00

      3  0      -386.80389046     3.35e-05      0.61
      3  1      -386.62860298     6.50e-05      0.00

      4  0      -386.80440908     1.36e-05      0.61
      4  1      -386.63105949     3.61e-05      0.00

      5  0      -386.80449071     5.55e-06      0.61
      5  1      -386.63180809     1.99e-05      0.00

      6  0      -386.80450339     2.28e-06      0.62
      6  1      -386.63202403     1.09e-05      0.00

      7  0      -386.80450549     9.31e-07      0.62
      7  1      -386.63208965     6.24e-06      0.00

      8  0      -386.80450586     3.99e-07      0.62
      8  1      -386.63211844     4.68e-06      0.00

      9  0      -386.80450593     1.71e-07      0.62
      9  1      -386.63213480     3.37e-06      0.00

     10  0      -386.80450594     6.78e-08      0.62
     10  1      -386.63214081     1.77e-06      0.00

     11  0      -386.80450594     2.42e-08      0.62
     11  1      -386.63214224     7.88e-07      0.00

     12  0      -386.80450595     9.07e-09      0.62
     12  1      -386.63214254     3.85e-07      0.00

     13  0      -386.80450595     3.60e-09      0.63
     13  1      -386.63214262     2.07e-07      0.00

     14  0      -386.80450595     1.53e-09      0.62
     14  1      -386.63214264     1.03e-07      0.00

     15  0      -386.80450595     6.18e-10      0.62
     15  1      -386.63214265     4.97e-08      0.00

     16  0      -386.80450595     2.36e-10      0.63
     16  1      -386.63214265     2.60e-08      0.00

     17  0 *    -386.80450595     9.22e-11      0.54
     17  1      -386.63214265     1.53e-08      0.00

     18  0 *    -386.80450595     9.20e-11      0.33
     18  1      -386.63214265     8.09e-09      0.00

     19  0 *    -386.80450595     9.21e-11      0.34
     19  1      -386.63214265     3.85e-09      0.00

     20  0 *    -386.80450595     9.19e-11      0.33
     20  1      -386.63214265     1.79e-09      0.00

     21  0 *    -386.80450595     9.20e-11      0.34
     21  1      -386.63214265     8.42e-10      0.00
    ** throwing out 1 trial vectors **

     22  0 *    -386.80450595     9.19e-11      0.33
     22  1      -386.63214265     4.18e-10      0.00
    ** throwing out 1 trial vectors **

     23  0 *    -386.80450595     9.18e-11      0.33
     23  1      -386.63214265     2.00e-10      0.00
    ** throwing out 1 trial vectors **

     24  0 *    -386.80450595     9.18e-11      0.24
     24  1 *    -386.63214265     9.53e-11      0.00

     * ci vector   0, <S^2> = 0.0000, E =     -386.80450595
       222222......     0.9051121494
       222.22..2...    -0.1926255815
       2222.22.....    -0.1159667843
       22222..2....    -0.1076881463
       22222ab.....    -0.0795471360
       22222ba.....    -0.0795471360
       2.2222....2.    -0.0767554814
       2222aabb....     0.0637913388
       2222bbaa....     0.0637913388
       22222.2.....    -0.0594609659
       .22222.....2    -0.0589849838
       2222abab....     0.0563250551
       2222baba....     0.0563250551

     * ci vector   1, <S^2> = 0.0000, E =     -386.63214265
       22222ba.....    -0.5828028226
       22222ab.....    -0.5828028226
       2222a2.b....    -0.1937146761
       2222b2.a....    -0.1937146761
       222.2ab.2...     0.1235040201
       222.2ba.2...     0.1235040201
       222222......    -0.1219060481
       22b2a22.....     0.0865950788
       22a2b22.....     0.0865950788
       22222..b.a..     0.0779154186
       22222..a.b..     0.0779154186
       2222abb..a..     0.0704943580
       2222baa..b..     0.0704943580
       2222ba2.....    -0.0660247515
       2222ab2.....    -0.0660247515
       22a2b2ba....    -0.0599898553
       22b2a2ab....    -0.0599898553
       22222.ba....     0.0558783149
       22222.ab....     0.0558783149
       22b22aab....     0.0517094618
       22a22bba....     0.0517094618
       - FCI and RDMs                             14.81
    * Integral transformation done. Elapsed time: 0.08

       - jop, kop                                  0.00
       - denom                                     0.02
     guess   0:   closed 111111......         open ............        
     guess   1:   closed 11111.......         open .....11.....        

  === FCI iteration ===

      0  0      -386.67342628     3.80e-04      0.62
      0  1      -386.45553080     4.00e-04      0.00

      1  0      -386.78299565     1.79e-04      0.63
      1  1      -386.58296574     2.34e-04      0.00

      2  0      -386.80094277     7.90e-05      0.63
      2  1      -386.61924996     1.26e-04      0.00

      3  0      -386.80400884     3.35e-05      0.64
      3  1      -386.62848297     6.56e-05      0.00

      4  0      -386.80452872     1.36e-05      0.63
      4  1      -386.63099636     3.66e-05      0.00

      5  0      -386.80461048     5.56e-06      0.63
      5  1      -386.63176181     2.01e-05      0.00

      6  0      -386.80462327     2.28e-06      0.64
      6  1      -386.63198003     1.09e-05      0.00

      7  0      -386.80462538     9.33e-07      0.64
      7  1      -386.63204535     6.21e-06      0.00

      8  0      -386.80462576     4.01e-07      0.63
      8  1      -386.63207373     4.65e-06      0.00

      9  0      -386.80462583     1.72e-07      0.62
      9  1      -386.63209002     3.39e-06      0.00

     10  0      -386.80462584     6.83e-08      0.62
     10  1      -386.63209616     1.80e-06      0.00

     11  0      -386.80462584     2.44e-08      0.61
     11  1      -386.63209764     8.02e-07      0.00

     12  0      -386.80462584     9.10e-09      0.62
     12  1      -386.63209796     3.96e-07      0.00

     13  0      -386.80462584     3.60e-09      0.62
     13  1      -386.63209804     2.15e-07      0.00

     14  0      -386.80462584     1.52e-09      0.62
     14  1      -386.63209807     1.08e-07      0.00

     15  0      -386.80462584     6.15e-10      0.62
     15  1      -386.63209807     5.27e-08      0.00

     16  0      -386.80462584     2.35e-10      0.63
     16  1      -386.63209807     2.79e-08      0.00

     17  0 *    -386.80462584     9.26e-11      0.53
     17  1      -386.63209807     1.63e-08      0.00

     18  0 *    -386.80462584     9.24e-11      0.33
     18  1      -386.63209807     8.51e-09      0.00

     19  0 *    -386.80462584     9.24e-11      0.33
     19  1      -386.63209807     3.96e-09      0.00

     20  0 *    -386.80462584     9.23e-11      0.33
     20  1      -386.63209807     1.77e-09      0.00

     21  0 *    -386.80462584     9.23e-11      0.33
     21  1      -386.63209807     7.89e-10      0.00
    ** throwing out 1 trial vectors **

     22  0 *    -386.80462584     9.22e-11      0.33
     22  1      -386.63209807     3.92e-10      0.00
    ** throwing out 1 trial vectors **

     23  0 *    -386.80462584     9.23e-11      0.33
     23  1      -386.63209807     1.92e-10      0.00
    ** throwing out 1 trial vectors **

     24  0 *    -386.80462584     9.22e-11      0.24
     24  1 *    -386.63209807     9.35e-11      0.00

     * ci vector   0, <S^2> = -0.0000, E =     -386.80462584
       222222......     0.9046894484
       222.22..2...    -0.1928764901
       2222.22.....    -0.1169905445
       22222..2....    -0.1086635155
       22222ba.....     0.0815741542
       22222ab.....     0.0815741542
       2.2222....2.    -0.0788787311
       2222bbaa....     0.0643146640
       2222aabb....     0.0643146640
       22222.2.....    -0.0596056565
       .22222.....2    -0.0594740617
       2222baba....     0.0575461622
       2222abab....     0.0575461622

     * ci vector   1, <S^2> = -0.0000, E =     -386.63209807
       22222ab.....    -0.5809725133
       22222ba.....    -0.5809725132
       2222b2.a....    -0.1969323024
       2222a2.b....    -0.1969323024
       222222......     0.1247394821
       222.2ab.2...     0.1233453950
       222.2ba.2...     0.1233453950
       22a2b22.....     0.0880868313
       22b2a22.....     0.0880868313
       22222..a.b..     0.0787000524
       22222..b.a..     0.0787000524
       2222abb..a..     0.0699980995
       2222baa..b..     0.0699980995
       2222ab2.....    -0.0661913224
       2222ba2.....    -0.0661913224
       22a2b2ba....     0.0607201820
       22b2a2ab....     0.0607201820
       22222.ab....     0.0549671309
       22222.ba....     0.0549671309
       22b22aab....     0.0514982367
       22a22bba....     0.0514982367
       22a22b2.....    -0.0508678314
       22b22a2.....    -0.0508678314
       2.222ab...2.     0.0502295270
       2.222ba...2.     0.0502295270
       - FCI and RDMs                             15.01
    * Integral transformation done. Elapsed time: 0.08

       - jop, kop                                  0.00
       - denom                                     0.02
     guess   0:   closed 111111......         open ............        
     guess   1:   closed 11111.......         open .....11.....        

  === FCI iteration ===

      0  0      -386.67330887     3.80e-04      0.60
      0  1      -386.45483450     4.01e-04      0.00

      1  0      -386.78300830     1.79e-04      0.60
      1  1      -386.58250965     2.35e-04      0.00

      2  0      -386.80100091     7.92e-05      0.61
      2  1      -386.61906714     1.26e-04      0.00

      3  0      -386.80407546     3.36e-05      0.61
      3  1      -386.62838842     6.60e-05      0.00

      4  0      -386.80459591     1.36e-05      0.61
      4  1      -386.63093702     3.69e-05      0.00

      5  0      -386.80467774     5.57e-06      0.61
      5  1      -386.63171391     2.02e-05      0.00

      6  0      -386.80469057     2.29e-06      0.61
      6  1      -386.63193433     1.09e-05      0.00

      7  0      -386.80469269     9.35e-07      0.61
      7  1      -386.63199998     6.22e-06      0.00

      8  0      -386.80469307     4.03e-07      0.62
      8  1      -386.63202833     4.64e-06      0.00

      9  0      -386.80469314     1.73e-07      0.61
      9  1      -386.63204467     3.41e-06      0.00

     10  0      -386.80469315     6.86e-08      0.61
     10  1      -386.63205091     1.81e-06      0.00

     11  0      -386.80469315     2.45e-08      0.62
     11  1      -386.63205242     8.10e-07      0.00

     12  0      -386.80469315     9.15e-09      0.62
     12  1      -386.63205274     4.00e-07      0.00

     13  0      -386.80469315     3.62e-09      0.62
     13  1      -386.63205283     2.18e-07      0.00

     14  0      -386.80469315     1.53e-09      0.62
     14  1      -386.63205285     1.10e-07      0.00

     15  0      -386.80469315     6.17e-10      0.63
     15  1      -386.63205286     5.37e-08      0.00

     16  0      -386.80469315     2.37e-10      0.63
     16  1      -386.63205286     2.85e-08      0.00

     17  0 *    -386.80469315     9.34e-11      0.53
     17  1      -386.63205286     1.66e-08      0.00

     18  0 *    -386.80469315     9.32e-11      0.33
     18  1      -386.63205286     8.69e-09      0.00

     19  0 *    -386.80469315     9.31e-11      0.33
     19  1      -386.63205286     4.04e-09      0.00

     20  0 *    -386.80469315     9.30e-11      0.33
     20  1      -386.63205286     1.80e-09      0.00

     21  0 *    -386.80469315     9.31e-11      0.33
     21  1      -386.63205286     8.00e-10      0.00
    ** throwing out 1 trial vectors **

     22  0 *    -386.80469315     9.30e-11      0.33
     22  1      -386.63205286     3.81e-10      0.00
    ** throwing out 1 trial vectors **

     23  0 *    -386.80469315     9.30e-11      0.33
     23  1      -386.63205286     1.83e-10      0.00
    ** throwing out 1 trial vectors **

     24  0 *    -386.80469315     9.29e-11      0.23
     24  1 *    -386.63205286     8.97e-11      0.00

     * ci vector   0, <S^2> = 0.0000, E =     -386.80469315
       222222......     0.9045204454
       222.22..2...    -0.1929032210
       2222.22.....    -0.1176475526
       22222..2....    -0.1089789282
       22222ba.....    -0.0822987445
       22222ab.....    -0.0822987445
       2.2222....2.    -0.0799545845
       2222aabb....    -0.0645593295
       2222bbaa....    -0.0645593295
       22222.2.....    -0.0597683472
       .22222.....2    -0.0597316488
       2222abab....    -0.0582093138
       2222baba....    -0.0582093138

     * ci vector   1, <S^2> = 0.0000, E =     -386.63205286
       22222ab.....    -0.5799691498
       22222ba.....    -0.5799691498
       2222b2.a....     0.1987589716
       2222a2.b....     0.1987589716
       222222......    -0.1258201013
       222.2ab.2...     0.1231755747
       222.2ba.2...     0.1231755747
       22b2a22.....    -0.0890874265
       22a2b22.....    -0.0890874265
       22222..a.b..    -0.0789148437
       22222..b.a..    -0.0789148437
       2222abb..a..     0.0693939039
       2222baa..b..     0.0693939039
       2222ab2.....     0.0660289659
       2222ba2.....     0.0660289659
       22a2b2ba....     0.0609614017
       22b2a2ab....     0.0609614017
       22222.ba....     0.0544774744
       22222.ab....     0.0544774744
       22b22aab....     0.0517794686
       22a22bba....     0.0517794686
       22a22b2.....     0.0515011800
       22b22a2.....     0.0515011800
       2.222ab...2.     0.0507941634
       2.222ba...2.     0.0507941634
       - FCI and RDMs                             14.75
    * Integral transformation done. Elapsed time: 0.08

       - jop, kop                                  0.00
       - denom                                     0.02
     guess   0:   closed 111111......         open ............        
     guess   1:   closed 11111.......         open .....11.....        

  === FCI iteration ===

      0  0      -386.67324415     3.80e-04      0.60
      0  1      -386.45443299     4.01e-04      0.00

      1  0      -386.78301739     1.80e-04      0.60
      1  1      -386.58224121     2.35e-04      0.00

      2  0      -386.80103503     7.92e-05      0.60
      2  1      -386.61895417     1.27e-04      0.00

      3  0      -386.80411400     3.36e-05      0.60
      3  1      -386.62832668     6.63e-05      0.00

      4  0      -386.80463468     1.36e-05      0.60
      4  1      -386.63089660     3.71e-05      0.00

      5  0      -386.80471652     5.57e-06      0.61
      5  1      -386.63168066     2.03e-05      0.00

      6  0      -386.80472938     2.29e-06      0.64
      6  1      -386.63190261     1.10e-05      0.00

      7  0      -386.80473150     9.36e-07      0.64
      7  1      -386.63196857     6.22e-06      0.00

      8  0      -386.80473188     4.03e-07      0.64
      8  1      -386.63199695     4.65e-06      0.00

      9  0      -386.80473195     1.73e-07      0.64
      9  1      -386.63201335     3.42e-06      0.00

     10  0      -386.80473197     6.88e-08      0.64
     10  1      -386.63201965     1.82e-06      0.00

     11  0      -386.80473197     2.47e-08      0.64
     11  1      -386.63202118     8.15e-07      0.00

     12  0      -386.80473197     9.19e-09      0.64
     12  1      -386.63202150     4.02e-07      0.00

     13  0      -386.80473197     3.64e-09      0.65
     13  1      -386.63202159     2.19e-07      0.00

     14  0      -386.80473197     1.53e-09      0.63
     14  1      -386.63202161     1.11e-07      0.00

     15  0      -386.80473197     6.18e-10      0.62
     15  1      -386.63202162     5.40e-08      0.00

     16  0      -386.80473197     2.38e-10      0.63
     16  1      -386.63202162     2.88e-08      0.00

     17  0 *    -386.80473197     9.40e-11      0.53
     17  1      -386.63202162     1.67e-08      0.00

     18  0 *    -386.80473197     9.36e-11      0.33
     18  1      -386.63202162     8.77e-09      0.00

     19  0 *    -386.80473197     9.36e-11      0.33
     19  1      -386.63202162     4.10e-09      0.00

     20  0 *    -386.80473197     9.35e-11      0.33
     20  1      -386.63202162     1.83e-09      0.00

     21  0 *    -386.80473197     9.35e-11      0.33
     21  1      -386.63202162     8.17e-10      0.00
    ** throwing out 1 trial vectors **

     22  0 *    -386.80473197     9.35e-11      0.33
     22  1      -386.63202162     3.78e-10      0.00
    ** throwing out 1 trial vectors **

     23  0 *    -386.80473197     9.35e-11      0.33
     23  1      -386.63202162     1.80e-10      0.00
    ** throwing out 1 trial vectors **

     24  0 *    -386.80473197     9.34e-11      0.24
     24  1 *    -386.63202162     8.54e-11      0.00

     * ci vector   0, <S^2> = 0.0000, E =     -386.80473197
       222222......     0.9044443447
       222.22..2...    -0.1928945927
       2222.22.....    -0.1180634049
       22222..2....    -0.1090805331
       22222ab.....    -0.0825939185
       22222ba.....    -0.0825939185
       2.2222....2.    -0.0805078361
       2222bbaa....    -0.0646850794
       2222aabb....    -0.0646850794
       22222.2.....    -0.0598914453
       .22222.....2    -0.0598568660
       2222baba....    -0.0585763292
       2222abab....    -0.0585763292

     * ci vector   1, <S^2> = -0.0000, E =     -386.63202162
       22222ba.....    -0.5794053991
       22222ab.....    -0.5794053991
       2222a2.b....     0.1998018590
       2222b2.a....     0.1998018590
       222222......    -0.1262961401
       222.2ba.2...     0.1230619723
       222.2ab.2...     0.1230619723
       22b2a22.....     0.0897327032
       22a2b22.....     0.0897327032
       22222..b.a..     0.0789443154
       22222..a.b..     0.0789443154
       2222baa..b..    -0.0689123390
       2222abb..a..    -0.0689123390
       2222ba2.....     0.0658786017
       2222ab2.....     0.0658786017
       22b2a2ab....    -0.0610135440
       22a2b2ba....    -0.0610135440
       22222.ab....     0.0541960714
       22222.ba....     0.0541960714
       22a22bba....    -0.0521011523
       22b22aab....    -0.0521011523
       22b22a2.....    -0.0518117402
       22a22b2.....    -0.0518117402
       2.222ba...2.     0.0510808748
       2.222ab...2.     0.0510808748
       - FCI and RDMs                             14.97
    * Integral transformation done. Elapsed time: 0.08

       - jop, kop                                  0.00
       - denom                                     0.02
     guess   0:   closed 111111......         open ............        
     guess   1:   closed 11111.......         open .....11.....        

  === FCI iteration ===

      0  0      -386.67320672     3.80e-04      0.60
      0  1      -386.45419572     4.01e-04      0.00

      1  0      -386.78302317     1.80e-04      0.60
      1  1      -386.58208082     2.36e-04      0.00

      2  0      -386.80105518     7.93e-05      0.61
      2  1      -386.61888519     1.27e-04      0.00

      3  0      -386.80413656     3.36e-05      0.60
      3  1      -386.62828806     6.64e-05      0.00

      4  0      -386.80465733     1.36e-05      0.61
      4  1      -386.63087090     3.72e-05      0.00

      5  0      -386.80473917     5.58e-06      0.61
      5  1      -386.63165939     2.04e-05      0.00

      6  0      -386.80475204     2.29e-06      0.61
      6  1      -386.63188233     1.10e-05      0.00

      7  0      -386.80475416     9.37e-07      0.62
      7  1      -386.63194851     6.23e-06      0.00

      8  0      -386.80475454     4.04e-07      0.61
      8  1      -386.63197692     4.65e-06      0.00

      9  0      -386.80475461     1.74e-07      0.61
      9  1      -386.63199336     3.43e-06      0.00

     10  0      -386.80475462     6.90e-08      0.62
     10  1      -386.63199969     1.83e-06      0.00

     11  0      -386.80475463     2.47e-08      0.62
     11  1      -386.63200123     8.17e-07      0.00

     12  0      -386.80475463     9.22e-09      0.62
     12  1      -386.63200156     4.02e-07      0.00

     13  0      -386.80475463     3.65e-09      0.62
     13  1      -386.63200164     2.20e-07      0.00

     14  0      -386.80475463     1.54e-09      0.63
     14  1      -386.63200167     1.11e-07      0.00

     15  0      -386.80475463     6.19e-10      0.63
     15  1      -386.63200168     5.41e-08      0.00

     16  0      -386.80475463     2.39e-10      0.63
     16  1      -386.63200168     2.88e-08      0.00

     17  0 *    -386.80475463     9.43e-11      0.53
     17  1      -386.63200168     1.68e-08      0.00

     18  0 *    -386.80475463     9.39e-11      0.33
     18  1      -386.63200168     8.81e-09      0.00

     19  0 *    -386.80475463     9.39e-11      0.33
     19  1      -386.63200168     4.14e-09      0.00

     20  0 *    -386.80475463     9.38e-11      0.33
     20  1      -386.63200168     1.85e-09      0.00

     21  0 *    -386.80475463     9.38e-11      0.33
     21  1      -386.63200168     8.38e-10      0.00
    ** throwing out 1 trial vectors **

     22  0 *    -386.80475463     9.37e-11      0.34
     22  1      -386.63200168     3.88e-10      0.00
    ** throwing out 1 trial vectors **

     23  0 *    -386.80475463     9.38e-11      0.34
     23  1      -386.63200168     1.90e-10      0.00
    ** throwing out 1 trial vectors **

     24  0 *    -386.80475463     9.36e-11      0.24
     24  1 *    -386.63200168     8.94e-11      0.00

     * ci vector   0, <S^2> = -0.0000, E =     -386.80475463
       222222......     0.9044062241
       222.22..2...    -0.1928832745
       2222.22.....    -0.1183230824
       22222..2....    -0.1091101408
       22222ab.....    -0.0827301416
       22222ba.....    -0.0827301416
       2.2222....2.    -0.0808104695
       2222aabb....     0.0647542293
       2222bbaa....     0.0647542293
       22222.2.....    -0.0599748709
       .22222.....2    -0.0599222302
       2222abab....     0.0587868315
       2222baba....     0.0587868315

     * ci vector   1, <S^2> = 0.0000, E =     -386.63200168
       22222ba.....    -0.5790790905
       22222ab.....    -0.5790790905
       2222a2.b....    -0.2004101840
       2222b2.a....    -0.2004101840
       222222......    -0.1265320036
       222.2ba.2...     0.1229912903
       222.2ab.2...     0.1229912903
       22b2a22.....    -0.0901433630
       22a2b22.....    -0.0901433630
       22222..b.a..    -0.0789229931
       22222..a.b..    -0.0789229931
       2222baa..b..    -0.0685736896
       2222abb..a..    -0.0685736896
       2222ba2.....     0.0657739744
       2222ab2.....     0.0657739744
       22b2a2ab....    -0.0610073114
       22a2b2ba....    -0.0610073114
       22222.ba....    -0.0540322190
       22222.ab....    -0.0540322190
       22a22bba....    -0.0523555094
       22b22aab....    -0.0523555094
       22b22a2.....     0.0519611869
       22a22b2.....     0.0519611869
       2.222ba...2.     0.0512362060
       2.222ab...2.     0.0512362060
       - FCI and RDMs                             14.77
    * Integral transformation done. Elapsed time: 0.08

       - jop, kop                                  0.00
       - denom                                     0.02
     guess   0:   closed 111111......         open ............        
     guess   1:   closed 11111.......         open .....11.....        

  === FCI iteration ===

      0  0      -386.67318461     3.80e-04      0.60
      0  1      -386.45405355     4.01e-04      0.00

      1  0      -386.78302673     1.80e-04      0.61
      1  1      -386.58198417     2.36e-04      0.00

      2  0      -386.80106716     7.93e-05      0.61
      2  1      -386.61884317     1.27e-04      0.00

      3  0      -386.80414990     3.36e-05      0.61
      3  1      -386.62826425     6.65e-05      0.00

      4  0      -386.80467071     1.36e-05      0.61
      4  1      -386.63085494     3.73e-05      0.00

      5  0      -386.80475255     5.58e-06      0.61
      5  1      -386.63164615     2.04e-05      0.00

      6  0      -386.80476542     2.29e-06      0.61
      6  1      -386.63186971     1.10e-05      0.00

      7  0      -386.80476754     9.37e-07      0.61
      7  1      -386.63193604     6.23e-06      0.00

      8  0      -386.80476792     4.04e-07      0.62
      8  1      -386.63196448     4.65e-06      0.00

      9  0      -386.80476800     1.74e-07      0.62
      9  1      -386.63198093     3.43e-06      0.00

     10  0      -386.80476801     6.91e-08      0.63
     10  1      -386.63198729     1.83e-06      0.00

     11  0      -386.80476801     2.48e-08      0.63
     11  1      -386.63198883     8.19e-07      0.00

     12  0      -386.80476801     9.24e-09      0.62
     12  1      -386.63198916     4.03e-07      0.00

     13  0      -386.80476801     3.65e-09      0.62
     13  1      -386.63198925     2.20e-07      0.00

     14  0      -386.80476801     1.54e-09      0.62
     14  1      -386.63198928     1.11e-07      0.00

     15  0      -386.80476801     6.20e-10      0.62
     15  1      -386.63198928     5.41e-08      0.00

     16  0      -386.80476801     2.39e-10      0.62
     16  1      -386.63198928     2.89e-08      0.00

     17  0 *    -386.80476801     9.44e-11      0.53
     17  1      -386.63198929     1.68e-08      0.00

     18  0 *    -386.80476801     9.40e-11      0.33
     18  1      -386.63198929     8.84e-09      0.00

     19  0 *    -386.80476801     9.40e-11      0.33
     19  1      -386.63198929     4.17e-09      0.00

     20  0 *    -386.80476801     9.39e-11      0.33
     20  1      -386.63198929     1.87e-09      0.00

     21  0 *    -386.80476801     9.39e-11      0.33
     21  1      -386.63198929     8.58e-10      0.00
    ** throwing out 1 trial vectors **

     22  0 *    -386.80476801     9.39e-11      0.34
     22  1      -386.63198929     4.01e-10      0.00
    ** throwing out 1 trial vectors **

     23  0 *    -386.80476801     9.40e-11      0.33
     23  1      -386.63198929     1.98e-10      0.00
    ** throwing out 1 trial vectors **

     24  0 *    -386.80476801     9.38e-11      0.24
     24  1 *    -386.63198929     9.26e-11      0.00

     * ci vector   0, <S^2> = 0.0000, E =     -386.80476801
       222222......     0.9043855004
       222.22..2...    -0.1928746413
       2222.22.....    -0.1184836503
       22222..2....    -0.1091159438
       22222ab.....    -0.0828001062
       22222ba.....    -0.0828001062
       2.2222....2.    -0.0809830976
       2222bbaa....     0.0647939132
       2222aabb....     0.0647939132
       22222.2.....    -0.0600287017
       .22222.....2    -0.0599585899
       2222baba....     0.0589105165
       2222abab....     0.0589105165

     * ci vector   1, <S^2> = -0.0000, E =     -386.63198929
       22222ab.....    -0.5788863811
       22222ba.....    -0.5788863811
       2222b2.a....    -0.2007708097
       2222a2.b....    -0.2007708097
       222222......    -0.1266593499
       222.2ab.2...     0.1229480491
       222.2ba.2...     0.1229480491
       22a2b22.....     0.0904014898
       22b2a22.....     0.0904014898
       22222..a.b..    -0.0788946265
       22222..b.a..    -0.0788946265
       2222abb..a..    -0.0683492045
       2222baa..b..    -0.0683492045
       2222ab2.....     0.0657059427
       2222ba2.....     0.0657059427
       22a2b2ba....     0.0609886223
       22b2a2ab....     0.0609886223
       22222.ab....    -0.0539357227
       22222.ba....    -0.0539357227
       22b22aab....     0.0525337574
       22a22bba....     0.0525337574
       22a22b2.....    -0.0520352166
       22b22a2.....    -0.0520352166
       2.222ab...2.     0.0513242407
       2.222ba...2.     0.0513242407
       - FCI and RDMs                             14.80
    * Integral transformation done. Elapsed time: 0.08

       - jop, kop                                  0.00
       - denom                                     0.02
     guess   0:   closed 111111......         open ............        
     guess   1:   closed 11111.......         open .....11.....        

  === FCI iteration ===

      0  0      -386.67317139     3.80e-04      0.60
      0  1      -386.45396776     4.01e-04      0.00

      1  0      -386.78302890     1.80e-04      0.61
      1  1      -386.58192568     2.36e-04      0.00

      2  0      -386.80107433     7.93e-05      0.60
      2  1      -386.61881759     1.27e-04      0.00

      3  0      -386.80415786     3.36e-05      0.60
      3  1      -386.62824966     6.66e-05      0.00

      4  0      -386.80467868     1.36e-05      0.60
      4  1      -386.63084513     3.73e-05      0.00

      5  0      -386.80476052     5.58e-06      0.60
      5  1      -386.63163800     2.05e-05      0.00

      6  0      -386.80477339     2.29e-06      0.60
      6  1      -386.63186195     1.10e-05      0.00

      7  0      -386.80477552     9.38e-07      0.64
      7  1      -386.63192838     6.24e-06      0.00

      8  0      -386.80477590     4.05e-07      0.64
      8  1      -386.63195683     4.65e-06      0.00

      9  0      -386.80477597     1.74e-07      0.64
      9  1      -386.63197330     3.44e-06      0.00

     10  0      -386.80477598     6.91e-08      0.64
     10  1      -386.63197968     1.84e-06      0.00

     11  0      -386.80477599     2.48e-08      0.64
     11  1      -386.63198122     8.20e-07      0.00

     12  0      -386.80477599     9.25e-09      0.64
     12  1      -386.63198155     4.03e-07      0.00

     13  0      -386.80477599     3.66e-09      0.64
     13  1      -386.63198164     2.20e-07      0.00

     14  0      -386.80477599     1.54e-09      0.65
     14  1      -386.63198166     1.11e-07      0.00

     15  0      -386.80477599     6.20e-10      0.65
     15  1      -386.63198167     5.41e-08      0.00

     16  0      -386.80477599     2.40e-10      0.63
     16  1      -386.63198167     2.89e-08      0.00

     17  0 *    -386.80477599     9.46e-11      0.53
     17  1      -386.63198167     1.68e-08      0.00

     18  0 *    -386.80477599     9.41e-11      0.33
     18  1      -386.63198167     8.86e-09      0.00

     19  0 *    -386.80477599     9.41e-11      0.33
     19  1      -386.63198167     4.19e-09      0.00

     20  0 *    -386.80477599     9.40e-11      0.33
     20  1      -386.63198167     1.89e-09      0.00

     21  0 *    -386.80477599     9.40e-11      0.33
     21  1      -386.63198167     8.74e-10      0.00
    ** throwing out 1 trial vectors **

     22  0 *    -386.80477599     9.40e-11      0.33
     22  1      -386.63198167     4.11e-10      0.00
    ** throwing out 1 trial vectors **

     23  0 *    -386.80477599     9.41e-11      0.34
     23  1      -386.63198167     2.02e-10      0.00
    ** throwing out 1 trial vectors **

     24  0 *    -386.80477599     9.39e-11      0.24
     24  1 *    -386.63198167     9.41e-11      0.00

     * ci vector   0, <S^2> = -0.0000, E =     -386.80477599
       222222......     0.9043736363
       222.22..2...    -0.1928688423
       2222.22.....    -0.1185823469
       22222..2....    -0.1091147224
       22222ba.....    -0.0828388053
       22222ab.....    -0.0828388053
       2.2222....2.    -0.0810840931
       2222bbaa....     0.0648172672
       2222aabb....     0.0648172672
       22222.2.....    -0.0600625795
       .22222.....2    -0.0599796294
       2222baba....     0.0589842353
       2222abab....     0.0589842353

     * ci vector   1, <S^2> = 0.0000, E =     -386.63198167
       22222ab.....    -0.5787711766
       22222ba.....    -0.5787711766
       2222b2.a....    -0.2009867735
       2222a2.b....    -0.2009867735
       222222......    -0.1267318880
       222.2ab.2...     0.1229217216
       222.2ba.2...     0.1229217216
       22a2b22.....     0.0905621450
       22b2a22.....     0.0905621450
       22222..a.b..    -0.0788713058
       22222..b.a..    -0.0788713058
       2222abb..a..    -0.0682052028
       2222baa..b..    -0.0682052028
       2222ab2.....     0.0656629286
       2222ba2.....     0.0656629286
       22a2b2ba....     0.0609714026
       22b2a2ab....     0.0609714026
       22222.ba....    -0.0538782942
       22222.ab....    -0.0538782942
       22b22aab....     0.0526516659
       22a22bba....     0.0526516659
       22a22b2.....    -0.0520733901
       22b22a2.....    -0.0520733901
       2.222ab...2.     0.0513755322
       2.222ba...2.     0.0513755322
       - FCI and RDMs                             14.94
    * Integral transformation done. Elapsed time: 0.08

       - jop, kop                                  0.00
       - denom                                     0.02
     guess   0:   closed 111111......         open ............        
     guess   1:   closed 11111.......         open .....11.....        

  === FCI iteration ===

      0  0      -386.67316343     3.80e-04      0.60
      0  1      -386.45391579     4.01e-04      0.00

      1  0      -386.78303022     1.80e-04      0.60
      1  1      -386.58189020     2.36e-04      0.00

      2  0      -386.80107865     7.93e-05      0.61
      2  1      -386.61880202     1.27e-04      0.00

      3  0      -386.80416264     3.36e-05      0.61
      3  1      -386.62824075     6.66e-05      0.00

      4  0      -386.80468347     1.36e-05      0.60
      4  1      -386.63083913     3.73e-05      0.00

      5  0      -386.80476530     5.58e-06      0.61
      5  1      -386.63163302     2.05e-05      0.00

      6  0      -386.80477818     2.29e-06      0.61
      6  1      -386.63185721     1.10e-05      0.00

      7  0      -386.80478031     9.38e-07      0.61
      7  1      -386.63192369     6.24e-06      0.00

      8  0      -386.80478069     4.05e-07      0.61
      8  1      -386.63195216     4.65e-06      0.00

      9  0      -386.80478076     1.74e-07      0.61
      9  1      -386.63196864     3.44e-06      0.00

     10  0      -386.80478077     6.91e-08      0.62
     10  1      -386.63197502     1.84e-06      0.00

     11  0      -386.80478077     2.48e-08      0.62
     11  1      -386.63197657     8.20e-07      0.00

     12  0      -386.80478077     9.25e-09      0.62
     12  1      -386.63197690     4.03e-07      0.00

     13  0      -386.80478077     3.66e-09      0.62
     13  1      -386.63197699     2.20e-07      0.00

     14  0      -386.80478077     1.54e-09      0.62
     14  1      -386.63197701     1.11e-07      0.00

     15  0      -386.80478077     6.21e-10      0.62
     15  1      -386.63197702     5.41e-08      0.00

     16  0      -386.80478077     2.40e-10      0.62
     16  1      -386.63197702     2.89e-08      0.00

     17  0 *    -386.80478077     9.46e-11      0.53
     17  1      -386.63197702     1.68e-08      0.00

     18  0 *    -386.80478077     9.42e-11      0.33
     18  1      -386.63197702     8.87e-09      0.00

     19  0 *    -386.80478077     9.41e-11      0.33
     19  1      -386.63197702     4.20e-09      0.00

     20  0 *    -386.80478077     9.41e-11      0.33
     20  1      -386.63197702     1.90e-09      0.00

     21  0 *    -386.80478077     9.41e-11      0.33
     21  1      -386.63197702     8.84e-10      0.00
    ** throwing out 1 trial vectors **

     22  0 *    -386.80478077     9.40e-11      0.34
     22  1      -386.63197702     4.17e-10      0.00
    ** throwing out 1 trial vectors **

     23  0 *    -386.80478077     9.41e-11      0.34
     23  1      -386.63197702     2.05e-10      0.00
    ** throwing out 1 trial vectors **

     24  0 *    -386.80478077     9.39e-11      0.24
     24  1 *    -386.63197702     9.48e-11      0.00

     * ci vector   0, <S^2> = 0.0000, E =     -386.80478077
       222222......     0.9043666412
       222.22..2...    -0.1928651333
       2222.22.....    -0.1186427936
       22222..2....    -0.1091121030
       22222ba.....    -0.0828611935
       22222ab.....    -0.0828611935
       2.2222....2.    -0.0811440779
       2222bbaa....     0.0648312094
       2222aabb....     0.0648312094
       22222.2.....    -0.0600836107
       .22222.....2    -0.0599920798
       2222abab....     0.0590285425
       2222baba....     0.0590285425

     * ci vector   1, <S^2> = -0.0000, E =     -386.63197702
       22222ab.....     0.5787018114
       22222ba.....     0.5787018114
       2222b2.a....     0.2011169060
       2222a2.b....     0.2011169060
       222222......     0.1267744967
       222.2ab.2...    -0.1229057127
       222.2ba.2...    -0.1229057127
       22a2b22.....    -0.0906614200
       22b2a22.....    -0.0906614200
       22222..a.b..     0.0788547245
       22222..b.a..     0.0788547245
       2222abb..a..     0.0681146059
       2222baa..b..     0.0681146059
       2222ab2.....    -0.0656361233
       2222ba2.....    -0.0656361233
       22a2b2ba....    -0.0609586292
       22b2a2ab....    -0.0609586292
       22222.ab....     0.0538438549
       22222.ba....     0.0538438549
       22b22aab....    -0.0527272204
       22a22bba....    -0.0527272204
       22a22b2.....     0.0520938624
       22b22a2.....     0.0520938624
       2.222ab...2.    -0.0514059165
       2.222ba...2.    -0.0514059165
       - FCI and RDMs                             14.71
    * Integral transformation done. Elapsed time: 0.08

       - jop, kop                                  0.00
       - denom                                     0.02
     guess   0:   closed 111111......         open ............        
     guess   1:   closed 11111.......         open .....11.....        

  === FCI iteration ===

      0  0      -386.67315862     3.80e-04      0.58
      0  1      -386.45388425     4.01e-04      0.00

      1  0      -386.78303102     1.80e-04      0.60
      1  1      -386.58186865     2.36e-04      0.00

      2  0      -386.80108125     7.93e-05      0.59
      2  1      -386.61879255     1.27e-04      0.00

      3  0      -386.80416553     3.36e-05      0.59
      3  1      -386.62823532     6.67e-05      0.00

      4  0      -386.80468636     1.36e-05      0.59
      4  1      -386.63083547     3.74e-05      0.00

      5  0      -386.80476818     5.58e-06      0.62
      5  1      -386.63162998     2.05e-05      0.00

      6  0      -386.80478106     2.29e-06      0.64
      6  1      -386.63185432     1.10e-05      0.00

      7  0      -386.80478319     9.38e-07      0.64
      7  1      -386.63192084     6.24e-06      0.00

      8  0      -386.80478357     4.05e-07      0.64
      8  1      -386.63194931     4.65e-06      0.00

      9  0      -386.80478364     1.74e-07      0.64
      9  1      -386.63196580     3.44e-06      0.00

     10  0      -386.80478365     6.92e-08      0.64
     10  1      -386.63197218     1.84e-06      0.00

     11  0      -386.80478366     2.48e-08      0.65
     11  1      -386.63197373     8.20e-07      0.00

     12  0      -386.80478366     9.26e-09      0.64
     12  1      -386.63197406     4.03e-07      0.00

     13  0      -386.80478366     3.66e-09      0.62
     13  1      -386.63197415     2.20e-07      0.00

     14  0      -386.80478366     1.54e-09      0.62
     14  1      -386.63197418     1.11e-07      0.00

     15  0      -386.80478366     6.21e-10      0.62
     15  1      -386.63197418     5.41e-08      0.00

     16  0      -386.80478366     2.40e-10      0.63
     16  1      -386.63197419     2.89e-08      0.00

     17  0 *    -386.80478366     9.47e-11      0.53
     17  1      -386.63197419     1.68e-08      0.00

     18  0 *    -386.80478366     9.42e-11      0.33
     18  1      -386.63197419     8.88e-09      0.00

     19  0 *    -386.80478366     9.42e-11      0.33
     19  1      -386.63197419     4.21e-09      0.00

     20  0 *    -386.80478366     9.41e-11      0.33
     20  1      -386.63197419     1.90e-09      0.00

     21  0 *    -386.80478366     9.41e-11      0.33
     21  1      -386.63197419     8.91e-10      0.00
    ** throwing out 1 trial vectors **

     22  0 *    -386.80478366     9.41e-11      0.34
     22  1      -386.63197419     4.21e-10      0.00
    ** throwing out 1 trial vectors **

     23  0 *    -386.80478366     9.42e-11      0.33
     23  1      -386.63197419     2.06e-10      0.00
    ** throwing out 1 trial vectors **

     24  0 *    -386.80478366     9.40e-11      0.24
     24  1 *    -386.63197419     9.52e-11      0.00

     * ci vector   0, <S^2> = 0.0000, E =     -386.80478366
       222222......     0.9043624517
       222.22..2...    -0.1928628150
       2222.22.....    -0.1186797312
       22222..2....    -0.1091097628
       22222ab.....    -0.0828744710
       22222ba.....    -0.0828744710
       2.2222....2.    -0.0811800323
       2222aabb....     0.0648396009
       2222bbaa....     0.0648396009
       22222.2.....    -0.0600965658
       .22222.....2    -0.0599995390
       2222baba....     0.0590553041
       2222abab....     0.0590553041

     * ci vector   1, <S^2> = 0.0000, E =     -386.63197419
       22222ba.....     0.5786598696
       22222ab.....     0.5786598696
       2222a2.b....     0.2011956150
       2222b2.a....     0.2011956150
       222222......     0.1267999471
       222.2ba.2...    -0.1228959804
       222.2ab.2...    -0.1228959804
       22b2a22.....     0.0907224615
       22a2b22.....     0.0907224615
       22222..b.a..     0.0788436906
       22222..a.b..     0.0788436906
       2222baa..b..     0.0680582851
       2222abb..a..     0.0680582851
       2222ba2.....    -0.0656195614
       2222ab2.....    -0.0656195614
       22b2a2ab....     0.0609499549
       22a2b2ba....     0.0609499549
       22222.ab....     0.0538230931
       22222.ba....     0.0538230931
       22a22bba....     0.0527747298
       22b22aab....     0.0527747298
       22b22a2.....    -0.0521052207
       22a22b2.....    -0.0521052207
       2.222ba...2.    -0.0514240985
       2.222ab...2.    -0.0514240985
       - FCI and RDMs                             14.91
    * Integral transformation done. Elapsed time: 0.08

       - jop, kop                                  0.00
       - denom                                     0.02
     guess   0:   closed 111111......         open ............        
     guess   1:   closed 11111.......         open .....11.....        

  === FCI iteration ===

      0  0      -386.67315571     3.80e-04      0.60
      0  1      -386.45386509     4.01e-04      0.00

      1  0      -386.78303151     1.80e-04      0.61
      1  1      -386.58185556     2.36e-04      0.00

      2  0      -386.80108283     7.93e-05      0.61
      2  1      -386.61878678     1.27e-04      0.00

      3  0      -386.80416727     3.36e-05      0.61
      3  1      -386.62823201     6.67e-05      0.00

      4  0      -386.80468810     1.36e-05      0.62
      4  1      -386.63083324     3.74e-05      0.00

      5  0      -386.80476993     5.58e-06      0.61
      5  1      -386.63162813     2.05e-05      0.00

      6  0      -386.80478281     2.29e-06      0.61
      6  1      -386.63185256     1.10e-05      0.00

      7  0      -386.80478493     9.38e-07      0.61
      7  1      -386.63191910     6.24e-06      0.00

      8  0      -386.80478532     4.05e-07      0.61
      8  1      -386.63194758     4.65e-06      0.00

      9  0      -386.80478539     1.74e-07      0.61
      9  1      -386.63196407     3.44e-06      0.00

     10  0      -386.80478540     6.92e-08      0.61
     10  1      -386.63197046     1.84e-06      0.00

     11  0      -386.80478540     2.48e-08      0.62
     11  1      -386.63197201     8.21e-07      0.00

     12  0      -386.80478540     9.26e-09      0.62
     12  1      -386.63197234     4.03e-07      0.00

     13  0      -386.80478540     3.66e-09      0.62
     13  1      -386.63197242     2.20e-07      0.00

     14  0      -386.80478540     1.54e-09      0.62
     14  1      -386.63197245     1.11e-07      0.00

     15  0      -386.80478540     6.21e-10      0.63
     15  1      -386.63197246     5.41e-08      0.00

     16  0      -386.80478540     2.40e-10      0.62
     16  1      -386.63197246     2.89e-08      0.00

     17  0 *    -386.80478540     9.47e-11      0.53
     17  1      -386.63197246     1.68e-08      0.00

     18  0 *    -386.80478540     9.42e-11      0.33
     18  1      -386.63197246     8.89e-09      0.00

     19  0 *    -386.80478540     9.42e-11      0.33
     19  1      -386.63197246     4.22e-09      0.00

     20  0 *    -386.80478540     9.41e-11      0.33
     20  1      -386.63197246     1.91e-09      0.00

     21  0 *    -386.80478540     9.41e-11      0.33
     21  1      -386.63197246     8.95e-10      0.00
    ** throwing out 1 trial vectors **

     22  0 *    -386.80478540     9.41e-11      0.33
     22  1      -386.63197246     4.23e-10      0.00
    ** throwing out 1 trial vectors **

     23  0 *    -386.80478540     9.42e-11      0.33
     23  1      -386.63197246     2.07e-10      0.00
    ** throwing out 1 trial vectors **

     24  0 *    -386.80478540     9.40e-11      0.24
     24  1 *    -386.63197246     9.54e-11      0.00

     * ci vector   0, <S^2> = -0.0000, E =     -386.80478540
       222222......     0.9043599224
       222.22..2...    -0.1928613830
       2222.22.....    -0.1187022712
       22222..2....    -0.1091080410
       22222ba.....    -0.0828824474
       22222ab.....    -0.0828824474
       2.2222....2.    -0.0812017048
       2222bbaa....     0.0648446749
       2222aabb....     0.0648446749
       22222.2.....    -0.0601045098
       .22222.....2    -0.0600040386
       2222abab....     0.0590715155
       2222baba....     0.0590715155

     * ci vector   1, <S^2> = 0.0000, E =     -386.63197246
       22222ab.....     0.5786344460
       22222ba.....     0.5786344460
       2222b2.a....     0.2012433306
       2222a2.b....     0.2012433306
       222222......     0.1268152831
       222.2ab.2...    -0.1228900631
       222.2ba.2...    -0.1228900631
       22a2b22.....     0.0907598672
       22b2a22.....     0.0907598672
       22222..a.b..     0.0788366031
       22222..b.a..     0.0788366031
       2222abb..a..     0.0680235353
       2222baa..b..     0.0680235353
       2222ab2.....    -0.0656093833
       2222ba2.....    -0.0656093833
       22a2b2ba....     0.0609443216
       22b2a2ab....     0.0609443216
       22222.ab....     0.0538105340
       22222.ba....     0.0538105340
       22b22aab....     0.0528042577
       22a22bba....     0.0528042577
       22a22b2.....    -0.0521116952
       22b22a2.....    -0.0521116952
       2.222ab...2.    -0.0514350468
       2.222ba...2.    -0.0514350468
       - FCI and RDMs                             14.76
    * Integral transformation done. Elapsed time: 0.08

       - jop, kop                                  0.00
       - denom                                     0.02
     guess   0:   closed 111111......         open ............        
     guess   1:   closed 11111.......         open .....11.....        

  === FCI iteration ===

      0  0      -386.67315394     3.80e-04      0.60
      0  1      -386.45385344     4.01e-04      0.00

      1  0      -386.78303181     1.80e-04      0.60
      1  1      -386.58184759     2.36e-04      0.00

      2  0      -386.80108379     7.93e-05      0.61
      2  1      -386.61878328     1.27e-04      0.00

      3  0      -386.80416833     3.36e-05      0.61
      3  1      -386.62822999     6.67e-05      0.00

      4  0      -386.80468916     1.36e-05      0.61
      4  1      -386.63083188     3.74e-05      0.00

      5  0      -386.80477099     5.58e-06      0.61
      5  1      -386.63162700     2.05e-05      0.00

      6  0      -386.80478386     2.29e-06      0.61
      6  1      -386.63185149     1.10e-05      0.00

      7  0      -386.80478599     9.38e-07      0.61
      7  1      -386.63191804     6.24e-06      0.00

      8  0      -386.80478637     4.05e-07      0.62
      8  1      -386.63194652     4.65e-06      0.00

      9  0      -386.80478644     1.74e-07      0.62
      9  1      -386.63196301     3.44e-06      0.00

     10  0      -386.80478646     6.92e-08      0.62
     10  1      -386.63196941     1.84e-06      0.00

     11  0      -386.80478646     2.48e-08      0.62
     11  1      -386.63197096     8.21e-07      0.00

     12  0      -386.80478646     9.26e-09      0.62
     12  1      -386.63197129     4.03e-07      0.00

     13  0      -386.80478646     3.66e-09      0.62
     13  1      -386.63197137     2.20e-07      0.00

     14  0      -386.80478646     1.54e-09      0.62
     14  1      -386.63197140     1.11e-07      0.00

     15  0      -386.80478646     6.21e-10      0.63
     15  1      -386.63197141     5.42e-08      0.00

     16  0      -386.80478646     2.40e-10      0.63
     16  1      -386.63197141     2.89e-08      0.00

     17  0 *    -386.80478646     9.47e-11      0.53
     17  1      -386.63197141     1.68e-08      0.00

     18  0 *    -386.80478646     9.42e-11      0.33
     18  1      -386.63197141     8.89e-09      0.00

     19  0 *    -386.80478646     9.42e-11      0.33
     19  1      -386.63197141     4.22e-09      0.00

     20  0 *    -386.80478646     9.41e-11      0.33
     20  1      -386.63197141     1.91e-09      0.00

     21  0 *    -386.80478646     9.41e-11      0.33
     21  1      -386.63197141     8.98e-10      0.00
    ** throwing out 1 trial vectors **

     22  0 *    -386.80478646     9.41e-11      0.33
     22  1      -386.63197141     4.25e-10      0.00
    ** throwing out 1 trial vectors **

     23  0 *    -386.80478646     9.42e-11      0.34
     23  1      -386.63197141     2.07e-10      0.00
    ** throwing out 1 trial vectors **

     24  0 *    -386.80478646     9.40e-11      0.24
     24  1 *    -386.63197141     9.56e-11      0.00

     * ci vector   0, <S^2> = 0.0000, E =     -386.80478646
       222222......     0.9043583891
       222.22..2...    -0.1928605041
       2222.22.....    -0.1187160129
       22222..2....    -0.1091068742
       22222ba.....    -0.0828872714
       22222ab.....    -0.0828872714
       2.2222....2.    -0.0812148144
       2222bbaa....     0.0648477511
       2222aabb....     0.0648477511
       22222.2.....    -0.0601093676
       .22222.....2    -0.0600067632
       2222baba....     0.0590813533
       2222abab....     0.0590813533

     * ci vector   1, <S^2> = -0.0000, E =     -386.63197141
       22222ab.....     0.5786190117
       22222ba.....     0.5786190117
       2222b2.a....     0.2012722984
       2222a2.b....     0.2012722984
       222222......     0.1268245679
       222.2ab.2...    -0.1228864648
       222.2ba.2...    -0.1228864648
       22a2b22.....     0.0907827367
       22b2a22.....     0.0907827367
       22222..a.b..     0.0788321426
       22222..b.a..     0.0788321426
       2222abb..a..     0.0680021979
       2222baa..b..     0.0680021979
       2222ab2.....    -0.0656031499
       2222ba2.....    -0.0656031499
       22a2b2ba....     0.0609407539
       22b2a2ab....     0.0609407539
       22222.ab....     0.0538029201
       22222.ba....     0.0538029201
       22b22aab....     0.0528224746
       22a22bba....     0.0528224746
       22a22b2.....    -0.0521154614
       22b22a2.....    -0.0521154614
       2.222ab...2.    -0.0514416651
       2.222ba...2.    -0.0514416651
       - FCI and RDMs                             14.78
    * Integral transformation done. Elapsed time: 0.08

       - jop, kop                                  0.00
       - denom                                     0.02
     guess   0:   closed 111111......         open ............        
     guess   1:   closed 11111.......         open .....11.....        

  === FCI iteration ===

      0  0      -386.67315287     3.80e-04      0.60
      0  1      -386.45384636     4.01e-04      0.00

      1  0      -386.78303199     1.80e-04      0.61
      1  1      -386.58184275     2.36e-04      0.00

      2  0      -386.80108437     7.93e-05      0.60
      2  1      -386.61878114     1.27e-04      0.00

      3  0      -386.80416897     3.36e-05      0.61
      3  1      -386.62822877     6.67e-05      0.00

      4  0      -386.80468980     1.36e-05      0.61
      4  1      -386.63083105     3.74e-05      0.00

      5  0      -386.80477163     5.58e-06      0.61
      5  1      -386.63162632     2.05e-05      0.00

      6  0      -386.80478451     2.29e-06      0.61
      6  1      -386.63185083     1.10e-05      0.00

      7  0      -386.80478663     9.38e-07      0.61
      7  1      -386.63191740     6.24e-06      0.00

      8  0      -386.80478701     4.05e-07      0.61
      8  1      -386.63194588     4.65e-06      0.00

      9  0      -386.80478709     1.74e-07      0.61
      9  1      -386.63196237     3.44e-06      0.00

     10  0      -386.80478710     6.92e-08      0.61
     10  1      -386.63196877     1.84e-06      0.00

     11  0      -386.80478710     2.48e-08      0.61
     11  1      -386.63197032     8.21e-07      0.00

     12  0      -386.80478710     9.26e-09      0.61
     12  1      -386.63197065     4.03e-07      0.00

     13  0      -386.80478710     3.66e-09      0.61
     13  1      -386.63197074     2.20e-07      0.00

     14  0      -386.80478710     1.54e-09      0.61
     14  1      -386.63197076     1.11e-07      0.00

     15  0      -386.80478710     6.21e-10      0.64
     15  1      -386.63197077     5.42e-08      0.00

     16  0      -386.80478710     2.40e-10      0.65
     16  1      -386.63197077     2.89e-08      0.00

     17  0 *    -386.80478710     9.47e-11      0.55
     17  1      -386.63197077     1.68e-08      0.00

     18  0 *    -386.80478710     9.42e-11      0.34
     18  1      -386.63197077     8.89e-09      0.00

     19  0 *    -386.80478710     9.42e-11      0.34
     19  1      -386.63197077     4.23e-09      0.00

     20  0 *    -386.80478710     9.41e-11      0.34
     20  1      -386.63197077     1.91e-09      0.00

     21  0 *    -386.80478710     9.41e-11      0.35
     21  1      -386.63197077     8.99e-10      0.00
    ** throwing out 1 trial vectors **

     22  0 *    -386.80478710     9.41e-11      0.35
     22  1      -386.63197077     4.26e-10      0.00
    ** throwing out 1 trial vectors **

     23  0 *    -386.80478710     9.42e-11      0.35
     23  1      -386.63197077     2.07e-10      0.00
    ** throwing out 1 trial vectors **

     24  0 *    -386.80478710     9.40e-11      0.24
     24  1 *    -386.63197077     9.56e-11      0.00

     * ci vector   0, <S^2> = 0.0000, E =     -386.80478710
       222222......     0.9043574577
       222.22..2...    -0.1928599666
       2222.22.....    -0.1187243857
       22222..2....    -0.1091061165
       22222ba.....    -0.0828901988
       22222ab.....    -0.0828901988
       2.2222....2.    -0.0812227618
       2222aabb....     0.0648496191
       2222bbaa....     0.0648496191
       22222.2.....    -0.0601123329
       .22222.....2    -0.0600084166
       2222abab....     0.0590873298
       2222baba....     0.0590873298

     * ci vector   1, <S^2> = -0.0000, E =     -386.63197077
       22222ab.....     0.5786096332
       22222ba.....     0.5786096332
       2222b2.a....     0.2012899002
       2222a2.b....     0.2012899002
       222222......     0.1268302033
       222.2ab.2...    -0.1228842761
       222.2ba.2...    -0.1228842761
       22a2b22.....     0.0907966974
       22b2a22.....     0.0907966974
       22222..a.b..     0.0788293698
       22222..b.a..     0.0788293698
       2222abb..a..     0.0679891367
       2222baa..b..     0.0679891367
       2222ab2.....    -0.0655993407
       2222ba2.....    -0.0655993407
       22a2b2ba....     0.0609385278
       22b2a2ab....     0.0609385278
       22222.ba....     0.0537982978
       22222.ab....     0.0537982978
       22b22aab....     0.0528336601
       22a22bba....     0.0528336601
       22a22b2.....    -0.0521176843
       22b22a2.....    -0.0521176843
       2.222ab...2.    -0.0514456756
       2.222ba...2.    -0.0514456756
       - FCI and RDMs                             14.96
    * Integral transformation done. Elapsed time: 0.08

       - jop, kop                                  0.00
       - denom                                     0.02
     guess   0:   closed 111111......         open ............        
     guess   1:   closed 11111.......         open .....11.....        

  === FCI iteration ===

      0  0      -386.67315222     3.80e-04      0.60
      0  1      -386.45384205     4.01e-04      0.00

      1  0      -386.78303210     1.80e-04      0.60
      1  1      -386.58183980     2.36e-04      0.00

      2  0      -386.80108472     7.93e-05      0.61
      2  1      -386.61877984     1.27e-04      0.00

      3  0      -386.80416936     3.36e-05      0.61
      3  1      -386.62822802     6.67e-05      0.00

      4  0      -386.80469019     1.36e-05      0.61
      4  1      -386.63083055     3.74e-05      0.00

      5  0      -386.80477202     5.58e-06      0.61
      5  1      -386.63162590     2.05e-05      0.00

      6  0      -386.80478490     2.29e-06      0.61
      6  1      -386.63185044     1.10e-05      0.00

      7  0      -386.80478702     9.38e-07      0.62
      7  1      -386.63191701     6.24e-06      0.00

      8  0      -386.80478740     4.05e-07      0.61
      8  1      -386.63194549     4.65e-06      0.00

      9  0      -386.80478748     1.74e-07      0.61
      9  1      -386.63196198     3.44e-06      0.00

     10  0      -386.80478749     6.92e-08      0.61
     10  1      -386.63196838     1.84e-06      0.00

     11  0      -386.80478749     2.48e-08      0.62
     11  1      -386.63196993     8.21e-07      0.00

     12  0      -386.80478749     9.26e-09      0.62
     12  1      -386.63197026     4.03e-07      0.00

     13  0      -386.80478749     3.66e-09      0.62
     13  1      -386.63197035     2.20e-07      0.00

     14  0      -386.80478749     1.54e-09      0.62
     14  1      -386.63197037     1.11e-07      0.00

     15  0      -386.80478749     6.21e-10      0.62
     15  1      -386.63197038     5.42e-08      0.00

     16  0      -386.80478749     2.40e-10      0.63
     16  1      -386.63197038     2.89e-08      0.00

     17  0 *    -386.80478749     9.47e-11      0.53
     17  1      -386.63197038     1.69e-08      0.00

     18  0 *    -386.80478749     9.42e-11      0.33
     18  1      -386.63197038     8.89e-09      0.00

     19  0 *    -386.80478749     9.42e-11      0.33
     19  1      -386.63197038     4.23e-09      0.00

     20  0 *    -386.80478749     9.41e-11      0.33
     20  1      -386.63197038     1.91e-09      0.00

     21  0 *    -386.80478749     9.41e-11      0.33
     21  1      -386.63197038     9.00e-10      0.00
    ** throwing out 1 trial vectors **

     22  0 *    -386.80478749     9.41e-11      0.33
     22  1      -386.63197038     4.26e-10      0.00
    ** throwing out 1 trial vectors **

     23  0 *    -386.80478749     9.42e-11      0.33
     23  1      -386.63197038     2.07e-10      0.00
    ** throwing out 1 trial vectors **

     24  0 *    -386.80478749     9.40e-11      0.24
     24  1 *    -386.63197038     9.57e-11      0.00

     * ci vector   0, <S^2> = -0.0000, E =     -386.80478749
       222222......     0.9043568913
       222.22..2...    -0.1928596386
       2222.22.....    -0.1187294851
       22222..2....    -0.1091056363
       22222ab.....    -0.0828919782
       22222ba.....    -0.0828919782
       2.2222....2.    -0.0812275865
       2222bbaa....     0.0648507544
       2222aabb....     0.0648507544
       22222.2.....    -0.0601141412
       .22222.....2    -0.0600094211
       2222baba....     0.0590909630
       2222abab....     0.0590909630

     * ci vector   1, <S^2> = 0.0000, E =     -386.63197038
       22222ba.....     0.5786039312
       22222ab.....     0.5786039312
       2222a2.b....     0.2013006015
       2222b2.a....     0.2013006015
       222222......     0.1268336281
       222.2ba.2...    -0.1228829447
       222.2ab.2...    -0.1228829447
       22b2a22.....    -0.0908052110
       22a2b22.....    -0.0908052110
       22222..b.a..     0.0788276593
       22222..a.b..     0.0788276593
       2222baa..b..     0.0679811578
       2222abb..a..     0.0679811578
       2222ba2.....    -0.0655970163
       2222ab2.....    -0.0655970163
       22b2a2ab....    -0.0609371513
       22a2b2ba....    -0.0609371513
       22222.ba....     0.0537954891
       22222.ab....     0.0537954891
       22a22bba....    -0.0528405071
       22b22aab....    -0.0528405071
       22b22a2.....     0.0521190096
       22a22b2.....     0.0521190096
       2.222ba...2.    -0.0514481097
       2.222ab...2.    -0.0514481097
       - FCI and RDMs                             14.73
    * Integral transformation done. Elapsed time: 0.08

       - jop, kop                                  0.00
       - denom                                     0.02
     guess   0:   closed 111111......         open ............        
     guess   1:   closed 11111.......         open .....11.....        

  === FCI iteration ===

      0  0      -386.67315182     3.80e-04      0.62
      0  1      -386.45383942     4.01e-04      0.00

      1  0      -386.78303216     1.80e-04      0.63
      1  1      -386.58183801     2.36e-04      0.00

      2  0      -386.80108494     7.93e-05      0.63
      2  1      -386.61877905     1.27e-04      0.00

      3  0      -386.80416960     3.36e-05      0.63
      3  1      -386.62822757     6.67e-05      0.00

      4  0      -386.80469043     1.36e-05      0.64
      4  1      -386.63083024     3.74e-05      0.00

      5  0      -386.80477225     5.58e-06      0.64
      5  1      -386.63162565     2.05e-05      0.00

      6  0      -386.80478513     2.29e-06      0.61
      6  1      -386.63185020     1.10e-05      0.00

      7  0      -386.80478726     9.38e-07      0.61
      7  1      -386.63191677     6.24e-06      0.00

      8  0      -386.80478764     4.05e-07      0.61
      8  1      -386.63194525     4.65e-06      0.00

      9  0      -386.80478771     1.74e-07      0.61
      9  1      -386.63196174     3.44e-06      0.00

     10  0      -386.80478773     6.92e-08      0.61
     10  1      -386.63196814     1.84e-06      0.00

     11  0      -386.80478773     2.48e-08      0.61
     11  1      -386.63196969     8.21e-07      0.00

     12  0      -386.80478773     9.26e-09      0.62
     12  1      -386.63197002     4.03e-07      0.00

     13  0      -386.80478773     3.67e-09      0.62
     13  1      -386.63197011     2.20e-07      0.00

     14  0      -386.80478773     1.54e-09      0.62
     14  1      -386.63197014     1.11e-07      0.00

     15  0      -386.80478773     6.21e-10      0.62
     15  1      -386.63197014     5.42e-08      0.00

     16  0      -386.80478773     2.40e-10      0.62
     16  1      -386.63197014     2.89e-08      0.00

     17  0 *    -386.80478773     9.47e-11      0.53
     17  1      -386.63197014     1.69e-08      0.00

     18  0 *    -386.80478773     9.42e-11      0.33
     18  1      -386.63197014     8.89e-09      0.00

     19  0 *    -386.80478773     9.42e-11      0.33
     19  1      -386.63197014     4.23e-09      0.00

     20  0 *    -386.80478773     9.41e-11      0.33
     20  1      -386.63197014     1.91e-09      0.00

     21  0 *    -386.80478773     9.41e-11      0.33
     21  1      -386.63197014     9.01e-10      0.00
    ** throwing out 1 trial vectors **

     22  0 *    -386.80478773     9.41e-11      0.33
     22  1      -386.63197014     4.26e-10      0.00
    ** throwing out 1 trial vectors **

     23  0 *    -386.80478773     9.42e-11      0.33
     23  1      -386.63197014     2.07e-10      0.00
    ** throwing out 1 trial vectors **

     24  0 *    -386.80478773     9.40e-11      0.24
     24  1 *    -386.63197014     9.57e-11      0.00

     * ci vector   0, <S^2> = -0.0000, E =     -386.80478773
       222222......     0.9043565467
       222.22..2...    -0.1928594386
       2222.22.....    -0.1187325900
       22222..2....    -0.1091053365
       22222ba.....    -0.0828930608
       22222ab.....    -0.0828930608
       2.2222....2.    -0.0812305181
       2222bbaa....     0.0648514447
       2222aabb....     0.0648514447
       22222.2.....    -0.0601152430
       .22222.....2    -0.0600100319
       2222baba....     0.0590931725
       2222abab....     0.0590931725

     * ci vector   1, <S^2> = -0.0000, E =     -386.63197014
       22222ab.....     0.5786004632
       22222ba.....     0.5786004631
       2222b2.a....     0.2013071102
       2222a2.b....     0.2013071102
       222222......     0.1268357111
       222.2ab.2...    -0.1228821347
       222.2ba.2...    -0.1228821347
       22a2b22.....    -0.0908103991
       22b2a22.....    -0.0908103991
       22222..a.b..     0.0788266093
       22222..b.a..     0.0788266093
       2222abb..a..     0.0679762899
       2222baa..b..     0.0679762899
       2222ab2.....    -0.0655955990
       2222ba2.....    -0.0655955990
       22a2b2ba....    -0.0609363052
       22b2a2ab....    -0.0609363052
       22222.ab....     0.0537937816
       22222.ba....     0.0537937816
       22b22aab....    -0.0528446899
       22a22bba....    -0.0528446899
       22a22b2.....     0.0521198052
       22b22a2.....     0.0521198052
       2.222ab...2.    -0.0514495885
       2.222ba...2.    -0.0514495885
       - FCI and RDMs                             14.83
    * Integral transformation done. Elapsed time: 0.08

       - jop, kop                                  0.00
       - denom                                     0.02
     guess   0:   closed 111111......         open ............        
     guess   1:   closed 11111.......         open .....11.....        

  === FCI iteration ===

      0  0      -386.67315158     3.80e-04      0.60
      0  1      -386.45383783     4.01e-04      0.00

      1  0      -386.78303220     1.80e-04      0.60
      1  1      -386.58183691     2.36e-04      0.00

      2  0      -386.80108507     7.93e-05      0.60
      2  1      -386.61877857     1.27e-04      0.00

      3  0      -386.80416974     3.36e-05      0.60
      3  1      -386.62822729     6.67e-05      0.00

      4  0      -386.80469057     1.36e-05      0.61
      4  1      -386.63083006     3.74e-05      0.00

      5  0      -386.80477240     5.58e-06      0.61
      5  1      -386.63162549     2.05e-05      0.00

      6  0      -386.80478528     2.29e-06      0.61
      6  1      -386.63185005     1.10e-05      0.00

      7  0      -386.80478740     9.38e-07      0.61
      7  1      -386.63191662     6.24e-06      0.00

      8  0      -386.80478779     4.05e-07      0.61
      8  1      -386.63194510     4.65e-06      0.00

      9  0      -386.80478786     1.74e-07      0.61
      9  1      -386.63196160     3.44e-06      0.00

     10  0      -386.80478787     6.92e-08      0.62
     10  1      -386.63196800     1.84e-06      0.00

     11  0      -386.80478787     2.48e-08      0.62
     11  1      -386.63196955     8.21e-07      0.00

     12  0      -386.80478787     9.26e-09      0.62
     12  1      -386.63196988     4.03e-07      0.00

     13  0      -386.80478787     3.67e-09      0.62
     13  1      -386.63196997     2.20e-07      0.00

     14  0      -386.80478787     1.54e-09      0.62
     14  1      -386.63196999     1.11e-07      0.00

     15  0      -386.80478787     6.21e-10      0.62
     15  1      -386.63197000     5.42e-08      0.00

     16  0      -386.80478787     2.40e-10      0.63
     16  1      -386.63197000     2.89e-08      0.00

     17  0 *    -386.80478787     9.47e-11      0.53
     17  1      -386.63197000     1.69e-08      0.00

     18  0 *    -386.80478787     9.42e-11      0.33
     18  1      -386.63197000     8.89e-09      0.00

     19  0 *    -386.80478787     9.42e-11      0.33
     19  1      -386.63197000     4.23e-09      0.00

     20  0 *    -386.80478787     9.41e-11      0.33
     20  1      -386.63197000     1.91e-09      0.00

     21  0 *    -386.80478787     9.41e-11      0.33
     21  1      -386.63197000     9.01e-10      0.00
    ** throwing out 1 trial vectors **

     22  0 *    -386.80478787     9.41e-11      0.33
     22  1      -386.63197000     4.27e-10      0.00
    ** throwing out 1 trial vectors **

     23  0 *    -386.80478787     9.42e-11      0.33
     23  1      -386.63197000     2.07e-10      0.00
    ** throwing out 1 trial vectors **

     24  0 *    -386.80478787     9.40e-11      0.24
     24  1 *    -386.63197000     9.57e-11      0.00

     * ci vector   0, <S^2> = 0.0000, E =     -386.80478787
       222222......     0.9043563370
       222.22..2...    -0.1928593168
       2222.22.....    -0.1187344803
       22222..2....    -0.1091051510
       22222ba.....    -0.0828937195
       22222ab.....    -0.0828937195
       2.2222....2.    -0.0812323005
       2222bbaa....     0.0648518647
       2222aabb....     0.0648518647
       22222.2.....    -0.0601159142
       .22222.....2    -0.0600104034
       2222baba....     0.0590945165
       2222abab....     0.0590945165

     * ci vector   1, <S^2> = 0.0000, E =     -386.63197000
       22222ab.....     0.5785983534
       22222ba.....     0.5785983534
       2222b2.a....     0.2013110693
       2222a2.b....     0.2013110693
       222222......     0.1268369781
       222.2ab.2...    -0.1228816419
       222.2ba.2...    -0.1228816419
       22a2b22.....    -0.0908135593
       22b2a22.....    -0.0908135593
       22222..a.b..     0.0788259667
       22222..b.a..     0.0788259667
       2222abb..a..     0.0679733228
       2222baa..b..     0.0679733228
       2222ab2.....    -0.0655947358
       2222ba2.....    -0.0655947358
       22a2b2ba....    -0.0609357868
       22b2a2ab....    -0.0609357868
       22222.ab....     0.0537927429
       22222.ba....     0.0537927429
       22b22aab....    -0.0528472416
       22a22bba....    -0.0528472416
       22a22b2.....     0.0521202852
       22b22a2.....     0.0521202852
       2.222ab...2.    -0.0514504875
       2.222ba...2.    -0.0514504875
       - FCI and RDMs                             14.73
    * Integral transformation done. Elapsed time: 0.08

       - jop, kop                                  0.00
       - denom                                     0.02
     guess   0:   closed 111111......         open ............        
     guess   1:   closed 11111.......         open .....11.....        

  === FCI iteration ===

      0  0      -386.67315143     3.80e-04      0.60
      0  1      -386.45383686     4.01e-04      0.00

      1  0      -386.78303223     1.80e-04      0.61
      1  1      -386.58183625     2.36e-04      0.00

      2  0      -386.80108515     7.93e-05      0.61
      2  1      -386.61877828     1.27e-04      0.00

      3  0      -386.80416983     3.36e-05      0.61
      3  1      -386.62822712     6.67e-05      0.00

      4  0      -386.80469066     1.36e-05      0.61
      4  1      -386.63082994     3.74e-05      0.00

      5  0      -386.80477248     5.58e-06      0.61
      5  1      -386.63162540     2.05e-05      0.00

      6  0      -386.80478536     2.29e-06      0.61
      6  1      -386.63184996     1.10e-05      0.00

      7  0      -386.80478749     9.38e-07      0.61
      7  1      -386.63191654     6.24e-06      0.00

      8  0      -386.80478787     4.05e-07      0.62
      8  1      -386.63194502     4.65e-06      0.00

      9  0      -386.80478794     1.74e-07      0.61
      9  1      -386.63196151     3.44e-06      0.00

     10  0      -386.80478796     6.92e-08      0.62
     10  1      -386.63196791     1.84e-06      0.00

     11  0      -386.80478796     2.48e-08      0.62
     11  1      -386.63196946     8.21e-07      0.00

     12  0      -386.80478796     9.26e-09      0.62
     12  1      -386.63196979     4.03e-07      0.00

     13  0      -386.80478796     3.67e-09      0.62
     13  1      -386.63196988     2.20e-07      0.00

     14  0      -386.80478796     1.54e-09      0.62
     14  1      -386.63196990     1.11e-07      0.00

     15  0      -386.80478796     6.21e-10      0.62
     15  1      -386.63196991     5.42e-08      0.00

     16  0      -386.80478796     2.40e-10      0.63
     16  1      -386.63196991     2.89e-08      0.00

     17  0 *    -386.80478796     9.47e-11      0.53
     17  1      -386.63196991     1.69e-08      0.00

     18  0 *    -386.80478796     9.42e-11      0.33
     18  1      -386.63196991     8.89e-09      0.00

     19  0 *    -386.80478796     9.42e-11      0.33
     19  1      -386.63196991     4.23e-09      0.00

     20  0 *    -386.80478796     9.41e-11      0.33
     20  1      -386.63196991     1.91e-09      0.00

     21  0 *    -386.80478796     9.41e-11      0.33
     21  1      -386.63196991     9.01e-10      0.00
    ** throwing out 1 trial vectors **

     22  0 *    -386.80478796     9.41e-11      0.33
     22  1      -386.63196991     4.27e-10      0.00
    ** throwing out 1 trial vectors **

     23  0 *    -386.80478796     9.42e-11      0.34
     23  1      -386.63196991     2.07e-10      0.00
    ** throwing out 1 trial vectors **

     24  0 *    -386.80478796     9.40e-11      0.23
     24  1 *    -386.63196991     9.57e-11      0.00

     * ci vector   0, <S^2> = 0.0000, E =     -386.80478796
       222222......     0.9043562094
       222.22..2...    -0.1928592427
       2222.22.....    -0.1187356310
       22222..2....    -0.1091050369
       22222ab.....    -0.0828941205
       22222ba.....    -0.0828941205
       2.2222....2.    -0.0812333844
       2222bbaa....     0.0648521202
       2222aabb....     0.0648521202
       22222.2.....    -0.0601163228
       .22222.....2    -0.0600106294
       2222baba....     0.0590953343
       2222abab....     0.0590953343

     * ci vector   1, <S^2> = -0.0000, E =     -386.63196991
       22222ab.....     0.5785970698
       22222ba.....     0.5785970698
       2222b2.a....     0.2013134782
       2222a2.b....     0.2013134782
       222222......     0.1268377491
       222.2ab.2...    -0.1228813420
       222.2ba.2...    -0.1228813420
       22a2b22.....    -0.0908154837
       22b2a22.....    -0.0908154837
       22222..a.b..     0.0788255742
       22222..b.a..     0.0788255742
       2222baa..b..     0.0679715151
       2222abb..a..     0.0679715151
       2222ba2.....    -0.0655942099
       2222ab2.....    -0.0655942099
       22a2b2ba....    -0.0609354700
       22b2a2ab....    -0.0609354700
       22222.ab....     0.0537921110
       22222.ba....     0.0537921110
       22b22aab....    -0.0528487972
       22a22bba....    -0.0528487972
       22a22b2.....     0.0521205756
       22b22a2.....     0.0521205756
       2.222ab...2.    -0.0514510342
       2.222ba...2.    -0.0514510342
       - FCI and RDMs                             14.74
    * Integral transformation done. Elapsed time: 0.08

       - jop, kop                                  0.00
       - denom                                     0.02
     guess   0:   closed 111111......         open ............        
     guess   1:   closed 11111.......         open .....11.....        

  === FCI iteration ===

      0  0      -386.67315134     3.80e-04      0.60
      0  1      -386.45383627     4.01e-04      0.00

      1  0      -386.78303224     1.80e-04      0.60
      1  1      -386.58183585     2.36e-04      0.00

      2  0      -386.80108519     7.93e-05      0.60
      2  1      -386.61877810     1.27e-04      0.00

      3  0      -386.80416988     3.36e-05      0.60
      3  1      -386.62822702     6.67e-05      0.00

      4  0      -386.80469071     1.36e-05      0.61
      4  1      -386.63082987     3.74e-05      0.00

      5  0      -386.80477254     5.58e-06      0.61
      5  1      -386.63162534     2.05e-05      0.00

      6  0      -386.80478542     2.29e-06      0.61
      6  1      -386.63184990     1.10e-05      0.00

      7  0      -386.80478755     9.38e-07      0.61
      7  1      -386.63191648     6.24e-06      0.00

      8  0      -386.80478793     4.05e-07      0.62
      8  1      -386.63194496     4.65e-06      0.00

      9  0      -386.80478800     1.74e-07      0.61
      9  1      -386.63196146     3.44e-06      0.00

     10  0      -386.80478801     6.92e-08      0.61
     10  1      -386.63196786     1.84e-06      0.00

     11  0      -386.80478801     2.48e-08      0.62
     11  1      -386.63196941     8.21e-07      0.00

     12  0      -386.80478801     9.26e-09      0.62
     12  1      -386.63196974     4.03e-07      0.00

     13  0      -386.80478801     3.67e-09      0.62
     13  1      -386.63196982     2.20e-07      0.00

     14  0      -386.80478801     1.54e-09      0.62
     14  1      -386.63196985     1.11e-07      0.00

     15  0      -386.80478801     6.21e-10      0.62
     15  1      -386.63196986     5.42e-08      0.00

     16  0      -386.80478801     2.40e-10      0.62
     16  1      -386.63196986     2.89e-08      0.00

     17  0 *    -386.80478801     9.47e-11      0.52
     17  1      -386.63196986     1.69e-08      0.00

     18  0 *    -386.80478801     9.42e-11      0.32
     18  1      -386.63196986     8.89e-09      0.00

     19  0 *    -386.80478801     9.42e-11      0.32
     19  1      -386.63196986     4.23e-09      0.00

     20  0 *    -386.80478801     9.41e-11      0.33
     20  1      -386.63196986     1.92e-09      0.00

     21  0 *    -386.80478801     9.41e-11      0.33
     21  1      -386.63196986     9.02e-10      0.00
    ** throwing out 1 trial vectors **

     22  0 *    -386.80478801     9.41e-11      0.33
     22  1      -386.63196986     4.27e-10      0.00
    ** throwing out 1 trial vectors **

     23  0 *    -386.80478801     9.42e-11      0.33
     23  1      -386.63196986     2.07e-10      0.00
    ** throwing out 1 trial vectors **

     24  0 *    -386.80478801     9.40e-11      0.24
     24  1 *    -386.63196986     9.57e-11      0.00

     * ci vector   0, <S^2> = 0.0000, E =     -386.80478801
       222222......     0.9043561317
       222.22..2...    -0.1928591975
       2222.22.....    -0.1187363313
       22222..2....    -0.1091049670
       22222ba.....    -0.0828943644
       22222ab.....    -0.0828943644
       2.2222....2.    -0.0812340439
       2222bbaa....     0.0648522756
       2222aabb....     0.0648522756
       22222.2.....    -0.0601165716
       .22222.....2    -0.0600107669
       2222baba....     0.0590958318
       2222abab....     0.0590958318

     * ci vector   1, <S^2> = 0.0000, E =     -386.63196986
       22222ab.....     0.5785962887
       22222ba.....     0.5785962887
       2222b2.a....     0.2013149439
       2222a2.b....     0.2013149439
       222222......     0.1268382182
       222.2ab.2...    -0.1228811595
       222.2ba.2...    -0.1228811595
       22a2b22.....    -0.0908166553
       22b2a22.....    -0.0908166553
       22222..a.b..     0.0788253348
       22222..b.a..     0.0788253348
       2222abb..a..     0.0679704142
       2222baa..b..     0.0679704142
       2222ab2.....    -0.0655938899
       2222ba2.....    -0.0655938899
       22a2b2ba....    -0.0609352768
       22b2a2ab....    -0.0609352768
       22222.ab....     0.0537917267
       22222.ba....     0.0537917267
       22b22aab....    -0.0528497448
       22a22bba....    -0.0528497448
       22a22b2.....     0.0521207515
       22b22a2.....     0.0521207515
       2.222ab...2.    -0.0514513667
       2.222ba...2.    -0.0514513667
       - FCI and RDMs                             14.77
    * Integral transformation done. Elapsed time: 0.08

       - jop, kop                                  0.00
       - denom                                     0.02
     guess   0:   closed 111111......         open ............        
     guess   1:   closed 11111.......         open .....11.....        

  === FCI iteration ===

      0  0      -386.67315129     3.80e-04      0.62
      0  1      -386.45383591     4.01e-04      0.00

      1  0      -386.78303225     1.80e-04      0.63
      1  1      -386.58183560     2.36e-04      0.00

      2  0      -386.80108522     7.93e-05      0.63
      2  1      -386.61877799     1.27e-04      0.00

      3  0      -386.80416992     3.36e-05      0.62
      3  1      -386.62822696     6.67e-05      0.00

      4  0      -386.80469075     1.36e-05      0.60
      4  1      -386.63082983     3.74e-05      0.00

      5  0      -386.80477257     5.58e-06      0.60
      5  1      -386.63162530     2.05e-05      0.00

      6  0      -386.80478545     2.29e-06      0.60
      6  1      -386.63184987     1.10e-05      0.00

      7  0      -386.80478758     9.38e-07      0.63
      7  1      -386.63191645     6.24e-06      0.00

      8  0      -386.80478796     4.05e-07      0.64
      8  1      -386.63194493     4.65e-06      0.00

      9  0      -386.80478803     1.74e-07      0.64
      9  1      -386.63196143     3.44e-06      0.00

     10  0      -386.80478804     6.92e-08      0.64
     10  1      -386.63196782     1.84e-06      0.00

     11  0      -386.80478804     2.48e-08      0.64
     11  1      -386.63196937     8.21e-07      0.00

     12  0      -386.80478804     9.26e-09      0.62
     12  1      -386.63196970     4.03e-07      0.00

     13  0      -386.80478804     3.67e-09      0.62
     13  1      -386.63196979     2.20e-07      0.00

     14  0      -386.80478804     1.54e-09      0.62
     14  1      -386.63196982     1.11e-07      0.00

     15  0      -386.80478804     6.21e-10      0.62
     15  1      -386.63196982     5.42e-08      0.00

     16  0      -386.80478804     2.40e-10      0.62
     16  1      -386.63196983     2.89e-08      0.00

     17  0 *    -386.80478804     9.47e-11      0.53
     17  1      -386.63196983     1.69e-08      0.00

     18  0 *    -386.80478804     9.42e-11      0.33
     18  1      -386.63196983     8.89e-09      0.00

     19  0 *    -386.80478804     9.42e-11      0.33
     19  1      -386.63196983     4.23e-09      0.00

     20  0 *    -386.80478804     9.41e-11      0.33
     20  1      -386.63196983     1.92e-09      0.00

     21  0 *    -386.80478804     9.41e-11      0.33
     21  1      -386.63196983     9.02e-10      0.00
    ** throwing out 1 trial vectors **

     22  0 *    -386.80478804     9.41e-11      0.33
     22  1      -386.63196983     4.27e-10      0.00
    ** throwing out 1 trial vectors **

     23  0 *    -386.80478804     9.42e-11      0.33
     23  1      -386.63196983     2.07e-10      0.00
    ** throwing out 1 trial vectors **

     24  0 *    -386.80478804     9.40e-11      0.24
     24  1 *    -386.63196983     9.57e-11      0.00

     * ci vector   0, <S^2> = 0.0000, E =     -386.80478804
       222222......     0.9043560845
       222.22..2...    -0.1928591700
       2222.22.....    -0.1187367576
       22222..2....    -0.1091049242
       22222ab.....    -0.0828945126
       22222ba.....    -0.0828945126
       2.2222....2.    -0.0812344450
       2222bbaa....     0.0648523702
       2222aabb....     0.0648523702
       22222.2.....    -0.0601167230
       .22222.....2    -0.0600108506
       2222baba....     0.0590961346
       2222abab....     0.0590961346

     * ci vector   1, <S^2> = 0.0000, E =     -386.63196983
       22222ab.....     0.5785958135
       22222ba.....     0.5785958135
       2222a2.b....     0.2013158357
       2222b2.a....     0.2013158357
       222222......     0.1268385034
       222.2ba.2...    -0.1228810485
       222.2ab.2...    -0.1228810485
       22a2b22.....    -0.0908173685
       22b2a22.....    -0.0908173685
       22222..b.a..     0.0788251888
       22222..a.b..     0.0788251888
       2222baa..b..     0.0679697440
       2222abb..a..     0.0679697440
       2222ba2.....    -0.0655936951
       2222ab2.....    -0.0655936951
       22b2a2ab....    -0.0609351589
       22a2b2ba....    -0.0609351589
       22222.ab....     0.0537914929
       22222.ba....     0.0537914929
       22a22bba....    -0.0528503221
       22b22aab....    -0.0528503221
       22b22a2.....     0.0521208584
       22a22b2.....     0.0521208584
       2.222ba...2.    -0.0514515690
       2.222ab...2.    -0.0514515690
       - FCI and RDMs                             14.89
    * Integral transformation done. Elapsed time: 0.08

       - jop, kop                                  0.00
       - denom                                     0.02
     guess   0:   closed 111111......         open ............        
     guess   1:   closed 11111.......         open .....11.....        

  === FCI iteration ===

      0  0      -386.67315126     3.80e-04      0.59
      0  1      -386.45383569     4.01e-04      0.00

      1  0      -386.78303226     1.80e-04      0.60
      1  1      -386.58183545     2.36e-04      0.00

      2  0      -386.80108524     7.93e-05      0.60
      2  1      -386.61877793     1.27e-04      0.00

      3  0      -386.80416994     3.36e-05      0.60
      3  1      -386.62822692     6.67e-05      0.00

      4  0      -386.80469077     1.36e-05      0.60
      4  1      -386.63082981     3.74e-05      0.00

      5  0      -386.80477259     5.58e-06      0.61
      5  1      -386.63162528     2.05e-05      0.00

      6  0      -386.80478547     2.29e-06      0.60
      6  1      -386.63184985     1.10e-05      0.00

      7  0      -386.80478760     9.38e-07      0.61
      7  1      -386.63191643     6.24e-06      0.00

      8  0      -386.80478798     4.05e-07      0.61
      8  1      -386.63194491     4.65e-06      0.00

      9  0      -386.80478805     1.74e-07      0.61
      9  1      -386.63196141     3.44e-06      0.00

     10  0      -386.80478806     6.92e-08      0.61
     10  1      -386.63196780     1.84e-06      0.00

     11  0      -386.80478806     2.48e-08      0.61
     11  1      -386.63196936     8.21e-07      0.00

     12  0      -386.80478806     9.26e-09      0.61
     12  1      -386.63196968     4.03e-07      0.00

     13  0      -386.80478806     3.67e-09      0.61
     13  1      -386.63196977     2.20e-07      0.00

     14  0      -386.80478806     1.54e-09      0.61
     14  1      -386.63196980     1.11e-07      0.00

     15  0      -386.80478806     6.21e-10      0.62
     15  1      -386.63196980     5.42e-08      0.00

     16  0      -386.80478806     2.40e-10      0.62
     16  1      -386.63196981     2.89e-08      0.00

     17  0 *    -386.80478806     9.47e-11      0.53
     17  1      -386.63196981     1.69e-08      0.00

     18  0 *    -386.80478806     9.42e-11      0.33
     18  1      -386.63196981     8.89e-09      0.00

     19  0 *    -386.80478806     9.42e-11      0.33
     19  1      -386.63196981     4.23e-09      0.00

     20  0 *    -386.80478806     9.41e-11      0.33
     20  1      -386.63196981     1.92e-09      0.00

     21  0 *    -386.80478806     9.41e-11      0.33
     21  1      -386.63196981     9.02e-10      0.00
    ** throwing out 1 trial vectors **

     22  0 *    -386.80478806     9.41e-11      0.34
     22  1      -386.63196981     4.27e-10      0.00
    ** throwing out 1 trial vectors **

     23  0 *    -386.80478806     9.42e-11      0.34
     23  1      -386.63196981     2.08e-10      0.00
    ** throwing out 1 trial vectors **

     24  0 *    -386.80478806     9.40e-11      0.24
     24  1 *    -386.63196981     9.57e-11      0.00

     * ci vector   0, <S^2> = -0.0000, E =     -386.80478806
       222222......     0.9043560557
       222.22..2...    -0.1928591533
       2222.22.....    -0.1187370170
       22222..2....    -0.1091048981
       22222ba.....    -0.0828946033
       22222ab.....    -0.0828946033
       2.2222....2.    -0.0812346891
       2222aabb....     0.0648524278
       2222bbaa....     0.0648524278
       22222.2.....    -0.0601168152
       .22222.....2    -0.0600109015
       2222baba....     0.0590963188
       2222abab....     0.0590963188

     * ci vector   1, <S^2> = -0.0000, E =     -386.63196981
       22222ab.....     0.5785955243
       22222ba.....     0.5785955243
       2222a2.b....     0.2013163784
       2222b2.a....     0.2013163784
       222222......     0.1268386775
       222.2ab.2...    -0.1228809809
       222.2ba.2...    -0.1228809809
       22b2a22.....    -0.0908178026
       22a2b22.....    -0.0908178026
       22222..a.b..     0.0788250999
       22222..b.a..     0.0788250999
       2222baa..b..     0.0679693360
       2222abb..a..     0.0679693360
       2222ba2.....    -0.0655935764
       2222ab2.....    -0.0655935764
       22b2a2ab....    -0.0609350871
       22a2b2ba....    -0.0609350871
       22222.ba....     0.0537913505
       22222.ab....     0.0537913505
       22a22bba....    -0.0528506734
       22b22aab....    -0.0528506734
       22b22a2.....     0.0521209233
       22a22b2.....     0.0521209233
       2.222ab...2.    -0.0514516921
       2.222ba...2.    -0.0514516921
       - FCI and RDMs                             14.65
