--------------------------------------------------
JOB FRONT-END 3110249 on wux25
SLURM ENVIRONMENT
--------------------------------------------------
SLURM_JOB_ID                   = 3110249             
SLURM_ARRAY_JOB_ID             = N/A                 
SLURM_ARRAY_TASK_ID            = N/A                 
SLURM_JOB_NAME                 = bagel               
SLURM_JOB_PARTITION            = batch               
SLURM_JOB_NUM_NODES            = 1                   
SLURM_JOB_CPUS_PER_NODE        = 20                  
SLURM_NTASKS                   = 20                  
SLURM_NTASKS_PER_NODE          = N/A                 
--------------------------------------------------
--------------------------------------------------
PBS ENVIRONMENT
--------------------------------------------------
PBS_JOBID                      = 3110249             
PBS_ARRAYID                    = N/A                 
PBS_JOBNAME                    = bagel               
PBS_QUEUE                      = batch               
PBS_NUM_NODES                  = 1                   
PBS_NUM_PPN                    = 1                   
PBS_NP                         = 20                  
PBS_NODEFILE                   = /tmp/3110249/nodes  
--------------------------------------------------
  * process grid (5, 4) will be used
    wux25                           
    wux25                           
    wux25                           
    wux25                           
    wux25                           
    wux25                           
    wux25                           
    wux25                           
    wux25                           
    wux25                           
    wux25                           
    wux25                           
    wux25                           
    wux25                           
    wux25                           
    wux25                           
    wux25                           
    wux25                           
    wux25                           
    wux25                           

  * using 20 threads per process

  ===============================================================
    BAGEL - Freshly leavened quantum chemistry                   
  ===============================================================

  *** Geometry ***

  { "atom" : "C", "xyz" : [      4.333534,     -1.152275,      1.883811 ] },
  { "atom" : "C", "xyz" : [      4.082571,      1.547320,      1.793694 ] },
  { "atom" : "C", "xyz" : [      1.998918,      2.671803,      0.637394 ] },
  { "atom" : "N", "xyz" : [      0.263915,      1.079679,     -0.357893 ] },
  { "atom" : "B", "xyz" : [      0.263226,     -1.649025,     -0.289150 ] },
  { "atom" : "C", "xyz" : [      2.531644,     -2.859439,      0.942115 ] },
  { "atom" : "C", "xyz" : [     -2.332162,     -1.737569,     -1.923031 ] },
  { "atom" : "C", "xyz" : [     -4.793785,     -1.213623,     -0.494658 ] },
  { "atom" : "C", "xyz" : [     -4.531948,      1.348062,     -0.466372 ] },
  { "atom" : "C", "xyz" : [     -2.052115,      1.266542,     -1.929778 ] },
  { "atom" : "H", "xyz" : [      6.061504,     -1.887534,      2.764157 ] },
  { "atom" : "H", "xyz" : [      5.554437,      2.749963,      2.599527 ] },
  { "atom" : "H", "xyz" : [      1.735149,      4.719454,      0.486167 ] },
  { "atom" : "H", "xyz" : [      2.940505,     -4.882000,      1.095358 ] },
  { "atom" : "H", "xyz" : [     -2.439621,     -2.766089,     -3.723015 ] },
  { "atom" : "H", "xyz" : [     -6.217731,     -2.490783,      0.284671 ] },
  { "atom" : "H", "xyz" : [     -5.590322,      2.904135,      0.382250 ] },
  { "atom" : "H", "xyz" : [     -1.807719,      2.351380,     -3.685249 ] },

  Number of auxiliary basis functions:      884

  Since a DF basis is specified, we compute 2- and 3-index integrals:
    o Being stored without compression. Storage requirement is 0.079 GB
       - 3-index ints prep                         0.00
       - 3-index ints                              0.04
       - 2-index ints                              0.08
       - computing inverse                         0.34
        elapsed time:        0.57 sec.


  Number of basis functions:      106
  Number of electrons      :       68


    * METHOD: MOLECULE                             0.61

       - Overlap matrix                            0.01
       - Hcore matrix                              0.01
       - Overlap orthog                            0.01

  *** RHF ***

  === Nuclear Repulsion ===
  
   457.0283762074

      * DIIS with orbital gradients will be used.

       - SCF startup                               0.42

  === RHF iteration (/home/miaoxin/software/bagel-1.2.2/obj/share/3-21g.json) ===
  
               o Fock build                                  0.26
      0       -384.35402968          0.01183386           0.27
               o DIIS                                        0.00
               o Diag                                        0.01
               o Post process                                0.00
               o Fock build                                  0.16
      1       -384.49775271          0.00407310           0.17
               o DIIS                                        0.00
               o Diag                                        0.01
               o Post process                                0.00
               o Fock build                                  0.19
      2       -384.51305877          0.00159364           0.21
               o DIIS                                        0.00
               o Diag                                        0.01
               o Post process                                0.00
               o Fock build                                  0.22
      3       -384.51552879          0.00029012           0.23
               o DIIS                                        0.00
               o Diag                                        0.01
               o Post process                                0.00
               o Fock build                                  0.35
      4       -384.51562842          0.00008209           0.36
               o DIIS                                        0.00
               o Diag                                        0.01
               o Post process                                0.00
               o Fock build                                  0.15
      5       -384.51564188          0.00002921           0.17
               o DIIS                                        0.00
               o Diag                                        0.01
               o Post process                                0.00
               o Fock build                                  0.15
      6       -384.51564398          0.00001746           0.17
               o DIIS                                        0.00
               o Diag                                        0.01
               o Post process                                0.00
               o Fock build                                  0.20
      7       -384.51564492          0.00000634           0.21
               o DIIS                                        0.00
               o Diag                                        0.06
               o Post process                                0.00
               o Fock build                                  0.15
      8       -384.51564511          0.00000323           0.22
               o DIIS                                        0.00
               o Diag                                        0.01
               o Post process                                0.00
               o Fock build                                  0.31
      9       -384.51564514          0.00000143           0.33
               o DIIS                                        0.00
               o Diag                                        0.01
               o Post process                                0.00
               o Fock build                                  0.19
     10       -384.51564515          0.00000066           0.20
               o DIIS                                        0.00
               o Diag                                        0.01
               o Post process                                0.00
               o Fock build                                  0.16
     11       -384.51564515          0.00000029           0.18
               o DIIS                                        0.00
               o Diag                                        0.01
               o Post process                                0.00
               o Fock build                                  0.25
     12       -384.51564515          0.00000010           0.26
               o DIIS                                        0.00
               o Diag                                        0.01
               o Post process                                0.00
               o Fock build                                  0.20
     13       -384.51564515          0.00000005           0.22
               o DIIS                                        0.00
               o Diag                                        0.01
               o Post process                                0.00
               o Fock build                                  0.16
     14       -384.51564515          0.00000002           0.18
               o DIIS                                        0.00
               o Diag                                        0.01
               o Post process                                0.00
               o Fock build                                  0.16
     15       -384.51564515          0.00000001           0.17
               o DIIS                                        0.00
               o Diag                                        0.01
               o Post process                                0.00
               o Fock build                                  0.16
     16       -384.51564515          0.00000000           0.17
  
    * SCF iteration converged.

    * Permanent dipole moment:
           (    0.154170,    -0.539760,     0.133079) a.u.

  ---------------------------
      CASSCF calculation     
  ---------------------------

 
    ==== Active orbitals : ===== 
         Orbital 32
         Orbital 33
         Orbital 34
         Orbital 35
         Orbital 36
         Orbital 37
    ============================ 

    * nstate   :      4
    * nclosed  :     31
    * nact     :      6
    * nvirt    :     69
  === CASSCF iteration (/home/miaoxin/software/bagel-1.2.2/obj/share/3-21g.json) ===

    * Using the second-order algorithm

      0  0      -384.55394415     2.61e-03      0.39
      0  1      -384.31645438     0.00e+00      0.39
      0  2      -384.28172244     0.00e+00      0.39
      0  3      -384.24449257     0.00e+00      0.39

         res : 6.46e-02   lamb: 1.00e+00   eps : -1.77e-02   step: 3.42e-01    0.20
         res : 2.30e-02   lamb: 1.00e+00   eps : -1.91e-02   step: 3.86e-01    0.25
         res : 7.12e-03   lamb: 1.00e+00   eps : -1.92e-02   step: 3.89e-01    0.24
         res : 2.33e-03   lamb: 1.00e+00   eps : -1.92e-02   step: 3.90e-01    0.19
         res : 7.04e-04   lamb: 1.00e+00   eps : -1.93e-02   step: 3.91e-01    0.19
         res : 2.24e-04   lamb: 1.00e+00   eps : -1.93e-02   step: 3.92e-01    0.24
         res : 6.52e-05   lamb: 1.00e+00   eps : -1.93e-02   step: 3.92e-01    0.26
         res : 2.31e-05   lamb: 1.00e+00   eps : -1.93e-02   step: 3.92e-01    0.20

      1  0      -384.56636027     2.20e-03      2.67
      1  1      -384.33468611     0.00e+00      2.67
      1  2      -384.30080105     0.00e+00      2.67
      1  3      -384.26830237     0.00e+00      2.67

         res : 8.45e-02   lamb: 1.00e+00   eps : -1.78e-02   step: 2.99e-01    0.17
         res : 2.40e-02   lamb: 1.00e+00   eps : -1.98e-02   step: 3.59e-01    0.31
         res : 9.78e-03   lamb: 1.00e+00   eps : -2.00e-02   step: 3.68e-01    0.24
         res : 3.06e-03   lamb: 1.00e+00   eps : -2.01e-02   step: 3.69e-01    0.23
         res : 9.29e-04   lamb: 1.00e+00   eps : -2.01e-02   step: 3.70e-01    0.19
         res : 2.73e-04   lamb: 1.00e+00   eps : -2.01e-02   step: 3.70e-01    0.19
         res : 8.16e-05   lamb: 1.00e+00   eps : -2.01e-02   step: 3.70e-01    0.25
         res : 2.08e-05   lamb: 1.00e+00   eps : -2.01e-02   step: 3.70e-01    0.23

      2  0      -384.57721743     1.18e-03      2.64
      2  1      -384.35681835     0.00e+00      2.64
      2  2      -384.31677576     0.00e+00      2.64
      2  3      -384.29477752     0.00e+00      2.64

         res : 4.39e-02   lamb: 1.00e+00   eps : -1.09e-02   step: 2.52e-01    0.30
         res : 1.45e-02   lamb: 1.00e+00   eps : -1.15e-02   step: 2.70e-01    0.20
         res : 5.54e-03   lamb: 1.00e+00   eps : -1.16e-02   step: 2.70e-01    0.20
         res : 1.99e-03   lamb: 1.00e+00   eps : -1.16e-02   step: 2.70e-01    0.28
         res : 5.73e-04   lamb: 1.00e+00   eps : -1.16e-02   step: 2.70e-01    0.32
         res : 1.60e-04   lamb: 1.00e+00   eps : -1.16e-02   step: 2.70e-01    0.20
         res : 4.44e-05   lamb: 1.00e+00   eps : -1.16e-02   step: 2.70e-01    0.20
         res : 1.29e-05   lamb: 1.00e+00   eps : -1.16e-02   step: 2.70e-01    0.30

      3  0      -384.58323287     4.45e-04      2.88
      3  1      -384.36350564     0.00e+00      2.88
      3  2      -384.32347283     0.00e+00      2.88
      3  3      -384.30759879     0.00e+00      2.88

         res : 1.67e-02   lamb: 1.00e+00   eps : -1.06e-03   step: 6.85e-02    0.26
         res : 4.89e-03   lamb: 1.00e+00   eps : -1.13e-03   step: 7.49e-02    0.20
         res : 1.39e-03   lamb: 1.00e+00   eps : -1.14e-03   step: 7.45e-02    0.20
         res : 4.93e-04   lamb: 1.00e+00   eps : -1.14e-03   step: 7.43e-02    0.23
         res : 1.61e-04   lamb: 1.00e+00   eps : -1.14e-03   step: 7.43e-02    0.25
         res : 5.97e-05   lamb: 1.00e+00   eps : -1.14e-03   step: 7.43e-02    0.25
         res : 2.10e-05   lamb: 1.00e+00   eps : -1.14e-03   step: 7.43e-02    0.19
         res : 9.38e-06   lamb: 1.00e+00   eps : -1.14e-03   step: 7.43e-02    0.19
         res : 3.58e-06   lamb: 1.00e+00   eps : -1.14e-03   step: 7.43e-02    0.24

      4  0      -384.58440438     1.57e-04      2.97
      4  1      -384.36240587     0.00e+00      2.97
      4  2      -384.32368804     0.00e+00      2.97
      4  3      -384.31016291     0.00e+00      2.97

         res : 6.10e-03   lamb: 1.00e+00   eps : -7.20e-05   step: 1.52e-02    0.21
         res : 1.47e-03   lamb: 1.00e+00   eps : -8.09e-05   step: 1.84e-02    0.26
         res : 4.42e-04   lamb: 1.00e+00   eps : -8.21e-05   step: 1.83e-02    0.20
         res : 1.76e-04   lamb: 1.00e+00   eps : -8.21e-05   step: 1.82e-02    0.20
         res : 4.69e-05   lamb: 1.00e+00   eps : -8.21e-05   step: 1.82e-02    0.33
         res : 1.85e-05   lamb: 1.00e+00   eps : -8.21e-05   step: 1.82e-02    0.24
         res : 6.96e-06   lamb: 1.00e+00   eps : -8.21e-05   step: 1.82e-02    0.19
         res : 2.96e-06   lamb: 1.00e+00   eps : -8.21e-05   step: 1.82e-02    0.20
         res : 1.00e-06   lamb: 1.00e+00   eps : -8.21e-05   step: 1.82e-02    0.23

      5  0      -384.58469074     6.18e-05      2.99
      5  1      -384.36210432     0.00e+00      2.99
      5  2      -384.32327085     0.00e+00      2.99
      5  3      -384.31080794     0.00e+00      2.99

         res : 2.09e-03   lamb: 1.00e+00   eps : -6.59e-06   step: 3.68e-03    0.32
         res : 4.77e-04   lamb: 1.00e+00   eps : -7.76e-06   step: 5.04e-03    0.20
         res : 1.67e-04   lamb: 1.00e+00   eps : -7.89e-06   step: 5.01e-03    0.20
         res : 5.31e-05   lamb: 1.00e+00   eps : -7.90e-06   step: 5.00e-03    0.30
         res : 1.51e-05   lamb: 1.00e+00   eps : -7.90e-06   step: 4.99e-03    0.24
         res : 6.33e-06   lamb: 1.00e+00   eps : -7.90e-06   step: 4.99e-03    0.25
         res : 2.31e-06   lamb: 1.00e+00   eps : -7.90e-06   step: 4.99e-03    0.20
         res : 8.51e-07   lamb: 1.00e+00   eps : -7.90e-06   step: 4.99e-03    0.20
         res : 2.88e-07   lamb: 1.00e+00   eps : -7.90e-06   step: 4.99e-03    0.35

      6  0      -384.58478771     2.45e-05      3.06
      6  1      -384.36206593     0.00e+00      3.06
      6  2      -384.32302870     0.00e+00      3.06
      6  3      -384.31101266     0.00e+00      3.06

         res : 7.18e-04   lamb: 1.00e+00   eps : -7.78e-07   step: 1.06e-03    0.19
         res : 1.73e-04   lamb: 1.00e+00   eps : -9.35e-07   step: 1.56e-03    0.23
         res : 6.39e-05   lamb: 1.00e+00   eps : -9.50e-07   step: 1.57e-03    0.20
         res : 1.80e-05   lamb: 1.00e+00   eps : -9.51e-07   step: 1.56e-03    0.19
         res : 5.39e-06   lamb: 1.00e+00   eps : -9.51e-07   step: 1.56e-03    0.24
         res : 2.16e-06   lamb: 1.00e+00   eps : -9.51e-07   step: 1.56e-03    0.25
         res : 8.26e-07   lamb: 1.00e+00   eps : -9.51e-07   step: 1.56e-03    0.19
         res : 2.85e-07   lamb: 1.00e+00   eps : -9.51e-07   step: 1.56e-03    0.19
         res : 8.80e-08   lamb: 1.00e+00   eps : -9.51e-07   step: 1.56e-03    0.30

      7  0      -384.58482376     9.67e-06      2.75
      7  1      -384.36206933     0.00e+00      2.75
      7  2      -384.32292070     0.00e+00      2.75
      7  3      -384.31108379     0.00e+00      2.75

         res : 2.58e-04   lamb: 1.00e+00   eps : -1.05e-07   step: 3.51e-04    0.22
         res : 6.59e-05   lamb: 1.00e+00   eps : -1.27e-07   step: 5.33e-04    0.28
         res : 2.47e-05   lamb: 1.00e+00   eps : -1.29e-07   step: 5.39e-04    0.25
         res : 6.72e-06   lamb: 1.00e+00   eps : -1.29e-07   step: 5.39e-04    0.20
         res : 2.03e-06   lamb: 1.00e+00   eps : -1.29e-07   step: 5.39e-04    0.20
         res : 7.57e-07   lamb: 1.00e+00   eps : -1.29e-07   step: 5.39e-04    0.24
         res : 3.08e-07   lamb: 1.00e+00   eps : -1.29e-07   step: 5.39e-04    0.30
         res : 1.02e-07   lamb: 1.00e+00   eps : -1.29e-07   step: 5.39e-04    0.20
         res : 2.84e-08   lamb: 1.00e+00   eps : -1.29e-07   step: 5.39e-04    0.20

      8  0      -384.58483751     3.80e-06      3.04
      8  1      -384.36207464     0.00e+00      3.04
      8  2      -384.32287617     0.00e+00      3.04
      8  3      -384.31110963     0.00e+00      3.04

         res : 9.61e-05   lamb: 1.00e+00   eps : -1.51e-08   step: 1.26e-04    0.21
         res : 2.54e-05   lamb: 1.00e+00   eps : -1.83e-08   step: 1.93e-04    0.23
         res : 9.62e-06   lamb: 1.00e+00   eps : -1.86e-08   step: 1.97e-04    0.27
         res : 2.58e-06   lamb: 1.00e+00   eps : -1.86e-08   step: 1.97e-04    0.20
         res : 7.84e-07   lamb: 1.00e+00   eps : -1.86e-08   step: 1.97e-04    0.19
         res : 2.73e-07   lamb: 1.00e+00   eps : -1.86e-08   step: 1.97e-04    0.36
         res : 1.16e-07   lamb: 1.00e+00   eps : -1.86e-08   step: 1.97e-04    0.25
         res : 3.78e-08   lamb: 1.00e+00   eps : -1.86e-08   step: 1.97e-04    0.19
         res : 9.77e-09   lamb: 1.00e+00   eps : -1.86e-08   step: 1.97e-04    0.20

      9  0      -384.58484278     1.49e-06      2.96
      9  1      -384.36207757     0.00e+00      2.96
      9  2      -384.32285839     0.00e+00      2.96
      9  3      -384.31111925     0.00e+00      2.96

         res : 3.64e-05   lamb: 1.00e+00   eps : -2.23e-09   step: 4.67e-05    0.23
         res : 9.86e-06   lamb: 1.00e+00   eps : -2.69e-09   step: 7.22e-05    0.26
         res : 3.75e-06   lamb: 1.00e+00   eps : -2.73e-09   step: 7.38e-05    0.26
         res : 1.00e-06   lamb: 1.00e+00   eps : -2.73e-09   step: 7.38e-05    0.19
         res : 3.04e-07   lamb: 1.00e+00   eps : -2.73e-09   step: 7.39e-05    0.31
         res : 1.01e-07   lamb: 1.00e+00   eps : -2.73e-09   step: 7.39e-05    0.23
         res : 4.40e-08   lamb: 1.00e+00   eps : -2.73e-09   step: 7.39e-05    0.24
         res : 1.42e-08   lamb: 1.00e+00   eps : -2.73e-09   step: 7.39e-05    0.19
         res : 3.53e-09   lamb: 1.00e+00   eps : -2.73e-09   step: 7.39e-05    0.19

     10  0      -384.58484482     5.80e-07      3.02
     10  1      -384.36207891     0.00e+00      3.02
     10  2      -384.32285139     0.00e+00      3.02
     10  3      -384.31112289     0.00e+00      3.02

         res : 1.39e-05   lamb: 1.00e+00   eps : -3.32e-10   step: 1.77e-05    0.20
         res : 3.82e-06   lamb: 1.00e+00   eps : -4.00e-10   step: 2.74e-05    0.26
         res : 1.46e-06   lamb: 1.00e+00   eps : -4.06e-10   step: 2.81e-05    0.24
         res : 3.90e-07   lamb: 1.00e+00   eps : -4.06e-10   step: 2.81e-05    0.20
         res : 1.18e-07   lamb: 1.00e+00   eps : -4.06e-10   step: 2.81e-05    0.20
         res : 3.80e-08   lamb: 1.00e+00   eps : -4.06e-10   step: 2.82e-05    0.26
         res : 1.68e-08   lamb: 1.00e+00   eps : -4.06e-10   step: 2.82e-05    0.26
         res : 5.42e-09   lamb: 1.00e+00   eps : -4.06e-10   step: 2.81e-05    0.20
         res : 1.31e-09   lamb: 1.00e+00   eps : -4.06e-10   step: 2.81e-05    0.19

     11  0      -384.58484560     2.26e-07      2.87
     11  1      -384.36207947     0.00e+00      2.87
     11  2      -384.32284865     0.00e+00      2.87
     11  3      -384.31112428     0.00e+00      2.87

         res : 5.34e-06   lamb: 1.00e+00   eps : -4.95e-11   step: 6.77e-06    0.17
         res : 1.48e-06   lamb: 1.00e+00   eps : -5.97e-11   step: 1.05e-05    0.29
         res : 5.66e-07   lamb: 1.00e+00   eps : -6.05e-11   step: 1.08e-05    0.23
         res : 1.51e-07   lamb: 1.00e+00   eps : -6.06e-11   step: 1.08e-05    0.19
         res : 4.60e-08   lamb: 1.00e+00   eps : -6.06e-11   step: 1.08e-05    0.20
         res : 1.45e-08   lamb: 1.00e+00   eps : -6.06e-11   step: 1.08e-05    0.24
         res : 6.43e-09   lamb: 1.00e+00   eps : -6.06e-11   step: 1.08e-05    0.26
         res : 2.07e-09   lamb: 1.00e+00   eps : -6.06e-11   step: 1.08e-05    0.24

     12  0      -384.58484591     8.76e-08      2.51
     12  1      -384.36207970     0.00e+00      2.51
     12  2      -384.32284759     0.00e+00      2.51
     12  3      -384.31112482     0.00e+00      2.51

         res : 2.06e-06   lamb: 1.00e+00   eps : -7.41e-12   step: 2.60e-06    0.19
         res : 5.73e-07   lamb: 1.00e+00   eps : -8.93e-12   step: 4.04e-06    0.19
         res : 2.20e-07   lamb: 1.00e+00   eps : -9.05e-12   step: 4.15e-06    0.20
         res : 5.87e-08   lamb: 1.00e+00   eps : -9.06e-12   step: 4.16e-06    0.28
         res : 1.79e-08   lamb: 1.00e+00   eps : -9.06e-12   step: 4.16e-06    0.25
         res : 5.54e-09   lamb: 1.00e+00   eps : -9.06e-12   step: 4.16e-06    0.20
         res : 2.47e-09   lamb: 1.00e+00   eps : -9.06e-12   step: 4.16e-06    0.19

     13  0      -384.58484602     3.40e-08      2.57
     13  1      -384.36207979     0.00e+00      2.57
     13  2      -384.32284718     0.00e+00      2.57
     13  3      -384.31112502     0.00e+00      2.57

         res : 7.94e-07   lamb: 1.00e+00   eps : -1.11e-12   step: 1.00e-06    0.23
         res : 2.22e-07   lamb: 1.00e+00   eps : -1.34e-12   step: 1.56e-06    0.19
         res : 8.52e-08   lamb: 1.00e+00   eps : -1.35e-12   step: 1.60e-06    0.28
         res : 2.27e-08   lamb: 1.00e+00   eps : -1.35e-12   step: 1.60e-06    0.20
         res : 6.91e-09   lamb: 1.00e+00   eps : -1.35e-12   step: 1.60e-06    0.20
         res : 2.12e-09   lamb: 1.00e+00   eps : -1.35e-12   step: 1.60e-06    0.20

     14  0      -384.58484607     1.32e-08      2.16
     14  1      -384.36207983     0.00e+00      2.16
     14  2      -384.32284702     0.00e+00      2.16
     14  3      -384.31112510     0.00e+00      2.16

         res : 3.07e-07   lamb: 1.00e+00   eps : -1.66e-13   step: 3.87e-07    0.18
         res : 8.58e-08   lamb: 1.00e+00   eps : -2.00e-13   step: 6.00e-07    0.29
         res : 3.31e-08   lamb: 1.00e+00   eps : -2.02e-13   step: 6.18e-07    0.19
         res : 8.84e-09   lamb: 1.00e+00   eps : -2.03e-13   step: 6.19e-07    0.19
         res : 2.70e-09   lamb: 1.00e+00   eps : -2.03e-13   step: 6.19e-07    0.24

     15  0      -384.58484608     5.10e-09      2.07
     15  1      -384.36207984     0.00e+00      2.07
     15  2      -384.32284695     0.00e+00      2.07
     15  3      -384.31112513     0.00e+00      2.07

    * Second-order optimization converged. *   

    * Integral transformation done. Elapsed time: 0.15

     guess   0:   closed 111...               open ......              
     guess   1:   closed 11....               open ..11..              
     guess   2:   closed 1.1...               open .1..1.              
     guess   3:   closed .11...               open 1..1..              

  === FCI iteration ===

      0  0      -384.51546971     9.97e-03      0.00
      0  1      -384.25418585     9.58e-03      0.00
      0  2      -384.17095498     1.15e-02      0.00
      0  3      -384.10371466     8.54e-03      0.00

      1  0      -384.57851623     3.93e-03      0.00
      1  1      -384.31452434     4.42e-03      0.00
      1  2      -384.28627736     7.81e-03      0.00
      1  3      -384.16098059     4.73e-03      0.00

      2  0      -384.58452090     1.00e-03      0.00
      2  1      -384.33876480     5.40e-03      0.00
      2  2      -384.31862279     3.15e-03      0.00
      2  3      -384.17458231     2.05e-03      0.00

      3  0      -384.58483629     1.75e-04      0.03
      3  1      -384.35914685     2.47e-03      0.00
      3  2      -384.32240387     8.42e-04      0.00
      3  3      -384.17949486     2.07e-03      0.00

      4  0      -384.58484532     4.15e-05      0.03
      4  1      -384.36193029     5.13e-04      0.00
      4  2      -384.32274421     2.66e-04      0.00
      4  3      -384.21280071     6.79e-03      0.00

      5  0      -384.58484601     1.32e-05      0.00
      5  1      -384.36205806     1.68e-04      0.00
      5  2      -384.32279588     1.51e-04      0.00
      5  3      -384.27869101     6.05e-03      0.00

      6  0      -384.58484608     2.57e-06      0.00
      6  1      -384.36207718     6.03e-05      0.00
      6  2      -384.32282877     1.38e-04      0.00
      6  3      -384.30660129     2.59e-03      0.00

      7  0      -384.58484608     4.71e-07      0.00
      7  1      -384.36207950     2.01e-05      0.00
      7  2      -384.32284409     5.79e-05      0.00
      7  3      -384.31062640     7.95e-04      0.00

      8  0      -384.58484608     9.48e-08      0.00
      8  1      -384.36207978     7.96e-06      0.00
      8  2      -384.32284650     2.34e-05      0.00
      8  3      -384.31105443     2.95e-04      0.00

      9  0      -384.58484608     1.80e-08      0.01
      9  1      -384.36207983     2.89e-06      0.00
      9  2      -384.32284691     8.32e-06      0.00
      9  3      -384.31111740     1.05e-04      0.00

     10  0      -384.58484608     4.18e-09      0.01
     10  1      -384.36207984     9.87e-07      0.00
     10  2      -384.32284695     2.73e-06      0.00
     10  3      -384.31112431     3.50e-05      0.00

     11  0      -384.58484608     7.73e-10      0.01
     11  1      -384.36207984     2.78e-07      0.00
     11  2      -384.32284695     7.78e-07      0.00
     11  3      -384.31112507     1.03e-05      0.00

     12  0      -384.58484608     1.07e-10      0.01
     12  1      -384.36207984     5.62e-08      0.00
     12  2      -384.32284695     2.13e-07      0.00
     12  3      -384.31112513     2.87e-06      0.00

     13  0 *    -384.58484608     1.74e-11      0.01
     13  1      -384.36207984     1.41e-08      0.00
     13  2      -384.32284695     4.78e-08      0.00
     13  3      -384.31112513     6.74e-07      0.00

     14  0 *    -384.58484608     1.12e-11      0.01
     14  1      -384.36207984     3.22e-09      0.00
     14  2      -384.32284695     1.01e-08      0.00
     14  3      -384.31112513     1.49e-07      0.00

     15  0 *    -384.58484608     1.10e-11      0.01
     15  1      -384.36207984     7.29e-10      0.00
     15  2      -384.32284695     2.39e-09      0.00
     15  3      -384.31112513     3.59e-08      0.00

     16  0 *    -384.58484608     1.10e-11      0.01
     16  1      -384.36207984     1.54e-10      0.00
     16  2      -384.32284695     5.05e-10      0.00
     16  3      -384.31112513     7.67e-09      0.00

     17  0 *    -384.58484608     1.06e-11      0.01
     17  1 *    -384.36207984     2.95e-11      0.00
     17  2 *    -384.32284695     9.55e-11      0.00
     17  3      -384.31112513     1.48e-09      0.00

     18  0 *    -384.58484608     1.06e-11      0.01
     18  1 *    -384.36207984     2.10e-11      0.00
     18  2 *    -384.32284695     2.20e-11      0.00
     18  3      -384.31112513     3.47e-10      0.00

     19  0 *    -384.58484608     1.06e-11      0.01
     19  1 *    -384.36207984     1.96e-11      0.00
     19  2 *    -384.32284695     1.24e-11      0.00
     19  3 *    -384.31112513     7.32e-11      0.00

     * ci vector, state   0, <S^2> = 0.0000
       222...     0.8715282447
       22ab..     0.2462070211
       22ba..     0.2462070211
       2.2.2.    -0.1976342528
       22.2..    -0.0997846859
       b2aa.b     0.0917381328
       a2bb.a     0.0917381328
       .22..2    -0.0850355510
       .222..    -0.0605720545
       22...2    -0.0589098274
       2.ab2.    -0.0560352439
       2.ba2.    -0.0560352439
       a2ab.b    -0.0526705842
       b2ba.a    -0.0526705842

     * ci vector, state   1, <S^2> = 0.0000
       b22a..    -0.3971497510
       a22b..    -0.3971497510
       22.2..    -0.3564268000
       22a..b    -0.3357637305
       22b..a    -0.3357637305
       .222..     0.1955335318
       22...2     0.1743251242
       .22..2    -0.1388453868
       b2ab.a    -0.1367404520
       a2ba.b    -0.1367404520
       222...     0.1232284443
       b2aa.b    -0.1098377300
       a2bb.a    -0.1098377300
       b2a2..    -0.1082579558
       a2b2..    -0.1082579558
       22ab..    -0.0992709372
       22ba..    -0.0992709372
       22.a.b    -0.0936180002
       22.b.a    -0.0936180002
       b.2a2.    -0.0915360311
       a.2b2.    -0.0915360311
       2..22.     0.0820214487
       a22..b     0.0812044624
       b22..a     0.0812044624
       2.a.2b    -0.0776549229
       2.b.2a    -0.0776549229
       b2.a.2    -0.0579275804
       a2.b.2    -0.0579275804
       2b2a..     0.0540855537
       2a2b..     0.0540855537

     * ci vector, state   2, <S^2> = 0.0000
       22ab..     0.5874620381
       22ba..     0.5874620381
       222...    -0.3622887310
       2.ab2.    -0.1349290660
       2.ba2.    -0.1349290660
       22.2..    -0.1036966088
       a22b..    -0.0865778285
       b22a..    -0.0865778285
       22b..a    -0.0849749948
       22a..b    -0.0849749948
       .222..     0.0805858396
       b2aa.b     0.0777659773
       a2bb.a     0.0777659773
       2.2.2.     0.0769209481
       2baab.     0.0697304837
       2abba.     0.0697304837
       .2ab.2    -0.0677869826
       .2ba.2    -0.0677869826
       22...2     0.0652881296
       a2b2..     0.0627341040
       b2a2..     0.0627341040
       a2ab.b    -0.0602637216
       b2ba.a    -0.0602637216
       22.a.b     0.0501019908
       22.b.a     0.0501019908

     * ci vector, state   3, <S^2> = -0.0000
       2baab.     0.5024319479
       2abba.     0.5024319479
       2bbaa.    -0.2560446435
       2aabb.    -0.2560446435
       2abab.     0.2463873043
       2baba.     0.2463873043
       22b.a.     0.1354455311
       22a.b.     0.1354455311
       ba2.ab    -0.1130347853
       ab2.ba    -0.1130347853
       2ab2..     0.0989468754
       2ba2..     0.0989468754
       22.ab.    -0.0934840799
       22.ba.    -0.0934840799
       2b2a..    -0.0786301751
       2a2b..    -0.0786301751
       .baab2    -0.0690180933
       .abba2    -0.0690180933
       22ba..    -0.0667235443
       22ab..    -0.0667235443
       2.2ba.     0.0654512272
       2.2ab.     0.0654512272
       2ab.2.    -0.0639847388
       2ba.2.    -0.0639847388
       babaab    -0.0587600516
       ababba    -0.0587600516
       bb2.aa     0.0567298966
       aa2.bb     0.0567298966
       ba2.ba    -0.0563048887
       ab2.ab    -0.0563048887
       abbaba    -0.0560463839
       baabab    -0.0560463839

    * METHOD: CASSCF                              46.45

  Number of auxiliary basis functions:      884

  Since a DF basis is specified, we compute 2- and 3-index integrals:
    o Being stored without compression. Storage requirement is 0.645 GB
       - 3-index ints prep                         0.00
       - 3-index ints                              0.20
       - 2-index ints                              0.06
       - computing inverse                         0.25
        elapsed time:        0.52 sec.


  Number of basis functions:      302
  Number of electrons      :       68


    * METHOD: MOLECULE                             0.74

  ---------------------------
      CASSCF calculation     
  ---------------------------

 
    ==== Active orbitals : ===== 
         Orbital 32
         Orbital 33
         Orbital 34
         Orbital 35
         Orbital 36
         Orbital 37
    ============================ 

    * nstate   :      4
    * nclosed  :     31
    * nact     :      6
    * nvirt    :    265
  === CASSCF iteration (/home/miaoxin/software/bagel-1.2.2/obj/share/aug-cc-pVDZ.json) ===

    * Using the second-order algorithm

      0  0      -386.54028751     2.42e-02      0.36
      0  1      -386.32122550     0.00e+00      0.36
      0  2      -386.28058264     0.00e+00      0.36
      0  3      -386.27158562     0.00e+00      0.36

         res : 7.58e-01   lamb: 1.00e+00   eps : -3.75e-01   step: 2.07e-01    0.33
         res : 3.11e-01   lamb: 1.00e+00   eps : -4.21e-01   step: 2.29e-01    0.35
         res : 1.68e-01   lamb: 1.00e+00   eps : -4.31e-01   step: 2.40e-01    0.22
         res : 7.86e-02   lamb: 1.00e+00   eps : -4.33e-01   step: 2.46e-01    0.27
         res : 3.99e-02   lamb: 1.00e+00   eps : -4.34e-01   step: 2.49e-01    0.27
         res : 2.55e-02   lamb: 1.00e+00   eps : -4.34e-01   step: 2.50e-01    0.26
         res : 1.34e-02   lamb: 1.00e+00   eps : -4.34e-01   step: 2.50e-01    0.21
         res : 6.43e-03   lamb: 1.00e+00   eps : -4.34e-01   step: 2.51e-01    0.27
         res : 3.76e-03   lamb: 1.00e+00   eps : -4.34e-01   step: 2.51e-01    0.36
         res : 2.00e-03   lamb: 1.00e+00   eps : -4.34e-01   step: 2.51e-01    0.22
         res : 1.01e-03   lamb: 1.00e+00   eps : -4.34e-01   step: 2.51e-01    0.22
         res : 6.20e-04   lamb: 1.00e+00   eps : -4.34e-01   step: 2.51e-01    0.31
         res : 3.44e-04   lamb: 1.00e+00   eps : -4.34e-01   step: 2.51e-01    0.31
         res : 1.87e-04   lamb: 1.00e+00   eps : -4.34e-01   step: 2.51e-01    0.22
         res : 1.18e-04   lamb: 1.00e+00   eps : -4.34e-01   step: 2.51e-01    0.21
         res : 6.31e-05   lamb: 1.00e+00   eps : -4.34e-01   step: 2.51e-01    0.40
         res : 3.49e-05   lamb: 1.00e+00   eps : -4.34e-01   step: 2.51e-01    0.31
         res : 2.13e-05   lamb: 1.00e+00   eps : -4.34e-01   step: 2.51e-01    0.22

      1  0      -386.76794566     1.13e-03      6.96
      1  1      -386.55196975     0.00e+00      6.96
      1  2      -386.51743622     0.00e+00      6.96
      1  3      -386.49991346     0.00e+00      6.96

         res : 7.09e-02   lamb: 1.00e+00   eps : -4.46e-03   step: 6.68e-02    0.32
         res : 4.82e-02   lamb: 1.00e+00   eps : -5.90e-03   step: 9.28e-02    0.30
         res : 3.22e-02   lamb: 1.00e+00   eps : -6.53e-03   step: 1.07e-01    0.21
         res : 2.53e-02   lamb: 1.00e+00   eps : -6.85e-03   step: 1.17e-01    0.21
         res : 2.01e-02   lamb: 1.00e+00   eps : -7.05e-03   step: 1.23e-01    0.47
         res : 1.46e-02   lamb: 1.00e+00   eps : -7.16e-03   step: 1.28e-01    0.22
         res : 1.13e-02   lamb: 1.00e+00   eps : -7.22e-03   step: 1.31e-01    0.22
         res : 8.38e-03   lamb: 1.00e+00   eps : -7.26e-03   step: 1.33e-01    0.27
         res : 6.01e-03   lamb: 1.00e+00   eps : -7.28e-03   step: 1.34e-01    0.32
         res : 4.28e-03   lamb: 1.00e+00   eps : -7.29e-03   step: 1.35e-01    0.22
         res : 3.24e-03   lamb: 1.00e+00   eps : -7.30e-03   step: 1.36e-01    0.22
         res : 2.65e-03   lamb: 1.00e+00   eps : -7.30e-03   step: 1.36e-01    0.31
         res : 2.12e-03   lamb: 1.00e+00   eps : -7.30e-03   step: 1.36e-01    0.29
         res : 1.52e-03   lamb: 1.00e+00   eps : -7.30e-03   step: 1.37e-01    0.22
         res : 1.09e-03   lamb: 1.00e+00   eps : -7.30e-03   step: 1.37e-01    0.22
         res : 7.99e-04   lamb: 1.00e+00   eps : -7.30e-03   step: 1.37e-01    0.26
         res : 5.38e-04   lamb: 1.00e+00   eps : -7.30e-03   step: 1.37e-01    0.31
         res : 3.64e-04   lamb: 1.00e+00   eps : -7.30e-03   step: 1.37e-01    0.22
         res : 2.45e-04   lamb: 1.00e+00   eps : -7.30e-03   step: 1.37e-01    0.22
         res : 1.60e-04   lamb: 1.00e+00   eps : -7.30e-03   step: 1.37e-01    0.41
         res : 1.09e-04   lamb: 1.00e+00   eps : -7.30e-03   step: 1.37e-01    0.22
         res : 7.61e-05   lamb: 1.00e+00   eps : -7.30e-03   step: 1.37e-01    0.22
         res : 5.48e-05   lamb: 1.00e+00   eps : -7.30e-03   step: 1.37e-01    0.27
         res : 3.84e-05   lamb: 1.00e+00   eps : -7.30e-03   step: 1.37e-01    0.36
         res : 2.71e-05   lamb: 1.00e+00   eps : -7.30e-03   step: 1.37e-01    0.22
         res : 1.84e-05   lamb: 1.00e+00   eps : -7.30e-03   step: 1.37e-01    0.22
         res : 1.27e-05   lamb: 1.00e+00   eps : -7.30e-03   step: 1.37e-01    0.36

      2  0      -386.76789571     6.29e-05      9.41
      2  1      -386.55562248     0.00e+00      9.41
      2  2      -386.52575629     0.00e+00      9.41
      2  3      -386.50303213     0.00e+00      9.41

         res : 3.72e-03   lamb: 1.00e+00   eps : -1.82e-05   step: 5.63e-03    0.22
         res : 2.38e-03   lamb: 1.00e+00   eps : -2.43e-05   step: 8.74e-03    0.22
         res : 1.89e-03   lamb: 1.00e+00   eps : -2.65e-05   step: 9.73e-03    0.25
         res : 1.71e-03   lamb: 1.00e+00   eps : -2.83e-05   step: 1.05e-02    0.27
         res : 1.42e-03   lamb: 1.00e+00   eps : -2.95e-05   step: 1.12e-02    0.26
         res : 1.02e-03   lamb: 1.00e+00   eps : -3.02e-05   step: 1.18e-02    0.22
         res : 7.14e-04   lamb: 1.00e+00   eps : -3.05e-05   step: 1.20e-02    0.27
         res : 5.40e-04   lamb: 1.00e+00   eps : -3.06e-05   step: 1.21e-02    0.34
         res : 4.14e-04   lamb: 1.00e+00   eps : -3.07e-05   step: 1.22e-02    0.22
         res : 3.37e-04   lamb: 1.00e+00   eps : -3.08e-05   step: 1.22e-02    0.22
         res : 2.62e-04   lamb: 1.00e+00   eps : -3.08e-05   step: 1.22e-02    0.31
         res : 2.06e-04   lamb: 1.00e+00   eps : -3.09e-05   step: 1.22e-02    0.32
         res : 1.51e-04   lamb: 1.00e+00   eps : -3.09e-05   step: 1.22e-02    0.22
         res : 1.11e-04   lamb: 1.00e+00   eps : -3.09e-05   step: 1.22e-02    0.22
         res : 8.06e-05   lamb: 1.00e+00   eps : -3.09e-05   step: 1.22e-02    0.50
         res : 5.71e-05   lamb: 1.00e+00   eps : -3.09e-05   step: 1.23e-02    0.22
         res : 3.87e-05   lamb: 1.00e+00   eps : -3.09e-05   step: 1.23e-02    0.22
         res : 2.65e-05   lamb: 1.00e+00   eps : -3.09e-05   step: 1.23e-02    0.26
         res : 1.79e-05   lamb: 1.00e+00   eps : -3.09e-05   step: 1.23e-02    0.31
         res : 1.25e-05   lamb: 1.00e+00   eps : -3.09e-05   step: 1.23e-02    0.22
         res : 8.77e-06   lamb: 1.00e+00   eps : -3.09e-05   step: 1.23e-02    0.22
         res : 6.57e-06   lamb: 1.00e+00   eps : -3.09e-05   step: 1.23e-02    0.38
         res : 4.75e-06   lamb: 1.00e+00   eps : -3.09e-05   step: 1.23e-02    0.27
         res : 3.44e-06   lamb: 1.00e+00   eps : -3.09e-05   step: 1.23e-02    0.22
         res : 2.38e-06   lamb: 1.00e+00   eps : -3.09e-05   step: 1.23e-02    0.30
         res : 1.59e-06   lamb: 1.00e+00   eps : -3.09e-05   step: 1.23e-02    0.32
         res : 1.07e-06   lamb: 1.00e+00   eps : -3.09e-05   step: 1.23e-02    0.22

      3  0      -386.76766310     1.41e-05      9.50
      3  1      -386.55563002     0.00e+00      9.50
      3  2      -386.52629681     0.00e+00      9.50
      3  3      -386.50278784     0.00e+00      9.50

         res : 8.08e-04   lamb: 1.00e+00   eps : -1.00e-06   step: 1.27e-03    0.21
         res : 3.57e-04   lamb: 1.00e+00   eps : -1.22e-06   step: 1.83e-03    0.44
         res : 2.27e-04   lamb: 1.00e+00   eps : -1.26e-06   step: 1.91e-03    0.22
         res : 1.63e-04   lamb: 1.00e+00   eps : -1.28e-06   step: 1.93e-03    0.22
         res : 1.50e-04   lamb: 1.00e+00   eps : -1.29e-06   step: 1.97e-03    0.31
         res : 1.22e-04   lamb: 1.00e+00   eps : -1.30e-06   step: 2.01e-03    0.26
         res : 9.34e-05   lamb: 1.00e+00   eps : -1.30e-06   step: 2.04e-03    0.22
         res : 7.15e-05   lamb: 1.00e+00   eps : -1.31e-06   step: 2.05e-03    0.22
         res : 4.95e-05   lamb: 1.00e+00   eps : -1.31e-06   step: 2.06e-03    0.32
         res : 3.72e-05   lamb: 1.00e+00   eps : -1.31e-06   step: 2.06e-03    0.32
         res : 2.95e-05   lamb: 1.00e+00   eps : -1.31e-06   step: 2.06e-03    0.22
         res : 2.58e-05   lamb: 1.00e+00   eps : -1.31e-06   step: 2.06e-03    0.22
         res : 1.97e-05   lamb: 1.00e+00   eps : -1.31e-06   step: 2.07e-03    0.33
         res : 1.31e-05   lamb: 1.00e+00   eps : -1.31e-06   step: 2.06e-03    0.27
         res : 9.61e-06   lamb: 1.00e+00   eps : -1.31e-06   step: 2.06e-03    0.22
         res : 7.23e-06   lamb: 1.00e+00   eps : -1.31e-06   step: 2.06e-03    0.27
         res : 5.48e-06   lamb: 1.00e+00   eps : -1.31e-06   step: 2.07e-03    0.38
         res : 3.77e-06   lamb: 1.00e+00   eps : -1.31e-06   step: 2.07e-03    0.22
         res : 2.63e-06   lamb: 1.00e+00   eps : -1.31e-06   step: 2.07e-03    0.22
         res : 1.68e-06   lamb: 1.00e+00   eps : -1.31e-06   step: 2.07e-03    0.30
         res : 1.06e-06   lamb: 1.00e+00   eps : -1.31e-06   step: 2.07e-03    0.26
         res : 7.23e-07   lamb: 1.00e+00   eps : -1.31e-06   step: 2.07e-03    0.22
         res : 5.13e-07   lamb: 1.00e+00   eps : -1.31e-06   step: 2.07e-03    0.22
         res : 3.78e-07   lamb: 1.00e+00   eps : -1.31e-06   step: 2.07e-03    0.51
         res : 2.93e-07   lamb: 1.00e+00   eps : -1.31e-06   step: 2.07e-03    0.22
         res : 2.23e-07   lamb: 1.00e+00   eps : -1.31e-06   step: 2.07e-03    0.22
         res : 1.54e-07   lamb: 1.00e+00   eps : -1.31e-06   step: 2.07e-03    0.27

      4  0      -386.76762378     5.96e-06      9.38
      4  1      -386.55562568     0.00e+00      9.38
      4  2      -386.52641252     0.00e+00      9.38
      4  3      -386.50271930     0.00e+00      9.38

         res : 2.79e-04   lamb: 1.00e+00   eps : -1.34e-07   step: 3.88e-04    0.31
         res : 1.28e-04   lamb: 1.00e+00   eps : -1.60e-07   step: 5.61e-04    0.21
         res : 7.15e-05   lamb: 1.00e+00   eps : -1.64e-07   step: 5.89e-04    0.22
         res : 4.72e-05   lamb: 1.00e+00   eps : -1.65e-07   step: 5.97e-04    0.52
         res : 3.61e-05   lamb: 1.00e+00   eps : -1.66e-07   step: 6.01e-04    0.22
         res : 2.93e-05   lamb: 1.00e+00   eps : -1.66e-07   step: 6.05e-04    0.21
         res : 2.36e-05   lamb: 1.00e+00   eps : -1.67e-07   step: 6.10e-04    0.26
         res : 2.03e-05   lamb: 1.00e+00   eps : -1.67e-07   step: 6.12e-04    0.33
         res : 1.49e-05   lamb: 1.00e+00   eps : -1.67e-07   step: 6.14e-04    0.22
         res : 1.06e-05   lamb: 1.00e+00   eps : -1.67e-07   step: 6.15e-04    0.22
         res : 7.96e-06   lamb: 1.00e+00   eps : -1.67e-07   step: 6.16e-04    0.36
         res : 7.04e-06   lamb: 1.00e+00   eps : -1.67e-07   step: 6.16e-04    0.26
         res : 5.77e-06   lamb: 1.00e+00   eps : -1.67e-07   step: 6.17e-04    0.22
         res : 3.83e-06   lamb: 1.00e+00   eps : -1.67e-07   step: 6.17e-04    0.30
         res : 2.57e-06   lamb: 1.00e+00   eps : -1.67e-07   step: 6.17e-04    0.26
         res : 1.75e-06   lamb: 1.00e+00   eps : -1.67e-07   step: 6.17e-04    0.30
         res : 1.32e-06   lamb: 1.00e+00   eps : -1.67e-07   step: 6.17e-04    0.22
         res : 9.55e-07   lamb: 1.00e+00   eps : -1.67e-07   step: 6.17e-04    0.41
         res : 7.28e-07   lamb: 1.00e+00   eps : -1.67e-07   step: 6.17e-04    0.27
         res : 5.02e-07   lamb: 1.00e+00   eps : -1.67e-07   step: 6.17e-04    0.22
         res : 3.19e-07   lamb: 1.00e+00   eps : -1.67e-07   step: 6.17e-04    0.27
         res : 2.07e-07   lamb: 1.00e+00   eps : -1.67e-07   step: 6.17e-04    0.27
         res : 1.37e-07   lamb: 1.00e+00   eps : -1.67e-07   step: 6.17e-04    0.27
         res : 9.24e-08   lamb: 1.00e+00   eps : -1.67e-07   step: 6.17e-04    0.22
         res : 6.67e-08   lamb: 1.00e+00   eps : -1.67e-07   step: 6.17e-04    0.23
         res : 4.97e-08   lamb: 1.00e+00   eps : -1.67e-07   step: 6.17e-04    0.36

      5  0      -386.76761061     2.54e-06      9.32
      5  1      -386.55562224     0.00e+00      9.32
      5  2      -386.52645243     0.00e+00      9.32
      5  3      -386.50269646     0.00e+00      9.32

         res : 1.14e-04   lamb: 1.00e+00   eps : -2.31e-08   step: 1.54e-04    0.22
         res : 5.35e-05   lamb: 1.00e+00   eps : -2.73e-08   step: 2.20e-04    0.28
         res : 2.97e-05   lamb: 1.00e+00   eps : -2.80e-08   step: 2.32e-04    0.32
         res : 1.95e-05   lamb: 1.00e+00   eps : -2.82e-08   step: 2.35e-04    0.22
         res : 1.44e-05   lamb: 1.00e+00   eps : -2.83e-08   step: 2.36e-04    0.21
         res : 1.11e-05   lamb: 1.00e+00   eps : -2.84e-08   step: 2.38e-04    0.31
         res : 8.53e-06   lamb: 1.00e+00   eps : -2.84e-08   step: 2.39e-04    0.29
         res : 7.17e-06   lamb: 1.00e+00   eps : -2.85e-08   step: 2.39e-04    0.22
         res : 5.29e-06   lamb: 1.00e+00   eps : -2.85e-08   step: 2.39e-04    0.22
         res : 3.84e-06   lamb: 1.00e+00   eps : -2.85e-08   step: 2.40e-04    0.28
         res : 2.94e-06   lamb: 1.00e+00   eps : -2.85e-08   step: 2.40e-04    0.30
         res : 2.70e-06   lamb: 1.00e+00   eps : -2.85e-08   step: 2.40e-04    0.22
         res : 2.32e-06   lamb: 1.00e+00   eps : -2.85e-08   step: 2.41e-04    0.21
         res : 1.56e-06   lamb: 1.00e+00   eps : -2.85e-08   step: 2.41e-04    0.47
         res : 1.02e-06   lamb: 1.00e+00   eps : -2.85e-08   step: 2.41e-04    0.22
         res : 6.41e-07   lamb: 1.00e+00   eps : -2.85e-08   step: 2.41e-04    0.22
         res : 4.40e-07   lamb: 1.00e+00   eps : -2.85e-08   step: 2.41e-04    0.27
         res : 3.02e-07   lamb: 1.00e+00   eps : -2.85e-08   step: 2.41e-04    0.33
         res : 2.27e-07   lamb: 1.00e+00   eps : -2.85e-08   step: 2.41e-04    0.22
         res : 1.65e-07   lamb: 1.00e+00   eps : -2.85e-08   step: 2.41e-04    0.22
         res : 1.13e-07   lamb: 1.00e+00   eps : -2.85e-08   step: 2.41e-04    0.38
         res : 7.73e-08   lamb: 1.00e+00   eps : -2.85e-08   step: 2.41e-04    0.26
         res : 5.27e-08   lamb: 1.00e+00   eps : -2.85e-08   step: 2.41e-04    0.22
         res : 3.47e-08   lamb: 1.00e+00   eps : -2.85e-08   step: 2.41e-04    0.31
         res : 2.37e-08   lamb: 1.00e+00   eps : -2.85e-08   step: 2.41e-04    0.26

      6  0      -386.76760550     1.09e-06      8.92
      6  1      -386.55562054     0.00e+00      8.92
      6  2      -386.52646813     0.00e+00      8.92
      6  3      -386.50268765     0.00e+00      8.92

         res : 4.90e-05   lamb: 1.00e+00   eps : -4.27e-09   step: 6.64e-05    0.22
         res : 2.32e-05   lamb: 1.00e+00   eps : -5.05e-09   step: 9.42e-05    0.22
         res : 1.31e-05   lamb: 1.00e+00   eps : -5.18e-09   step: 9.92e-05    0.33
         res : 8.64e-06   lamb: 1.00e+00   eps : -5.23e-09   step: 1.01e-04    0.29
         res : 6.43e-06   lamb: 1.00e+00   eps : -5.26e-09   step: 1.01e-04    0.21
         res : 4.83e-06   lamb: 1.00e+00   eps : -5.27e-09   step: 1.02e-04    0.22
         res : 3.62e-06   lamb: 1.00e+00   eps : -5.28e-09   step: 1.02e-04    0.27
         res : 2.94e-06   lamb: 1.00e+00   eps : -5.28e-09   step: 1.03e-04    0.31
         res : 2.11e-06   lamb: 1.00e+00   eps : -5.28e-09   step: 1.03e-04    0.22
         res : 1.52e-06   lamb: 1.00e+00   eps : -5.28e-09   step: 1.03e-04    0.22
         res : 1.17e-06   lamb: 1.00e+00   eps : -5.29e-09   step: 1.03e-04    0.40
         res : 1.10e-06   lamb: 1.00e+00   eps : -5.29e-09   step: 1.03e-04    0.26
         res : 9.69e-07   lamb: 1.00e+00   eps : -5.29e-09   step: 1.03e-04    0.21
         res : 6.70e-07   lamb: 1.00e+00   eps : -5.29e-09   step: 1.03e-04    0.28
         res : 4.43e-07   lamb: 1.00e+00   eps : -5.29e-09   step: 1.03e-04    0.32
         res : 2.76e-07   lamb: 1.00e+00   eps : -5.29e-09   step: 1.03e-04    0.22
         res : 1.84e-07   lamb: 1.00e+00   eps : -5.29e-09   step: 1.03e-04    0.22
         res : 1.22e-07   lamb: 1.00e+00   eps : -5.29e-09   step: 1.03e-04    0.31
         res : 8.72e-08   lamb: 1.00e+00   eps : -5.29e-09   step: 1.03e-04    0.29
         res : 6.20e-08   lamb: 1.00e+00   eps : -5.29e-09   step: 1.03e-04    0.22
         res : 4.28e-08   lamb: 1.00e+00   eps : -5.29e-09   step: 1.03e-04    0.22
         res : 3.00e-08   lamb: 1.00e+00   eps : -5.29e-09   step: 1.03e-04    0.26
         res : 2.10e-08   lamb: 1.00e+00   eps : -5.29e-09   step: 1.03e-04    0.30
         res : 1.40e-08   lamb: 1.00e+00   eps : -5.29e-09   step: 1.03e-04    0.22
         res : 9.49e-09   lamb: 1.00e+00   eps : -5.29e-09   step: 1.03e-04    0.22

      7  0      -386.76760340     4.71e-07      8.60
      7  1      -386.55561978     0.00e+00      8.60
      7  2      -386.52647465     0.00e+00      8.60
      7  3      -386.50268401     0.00e+00      8.60

         res : 2.14e-05   lamb: 1.00e+00   eps : -8.09e-10   step: 2.91e-05    0.37
         res : 1.02e-05   lamb: 1.00e+00   eps : -9.57e-10   step: 4.12e-05    0.22
         res : 5.77e-06   lamb: 1.00e+00   eps : -9.82e-10   step: 4.34e-05    0.22
         res : 3.84e-06   lamb: 1.00e+00   eps : -9.93e-10   step: 4.41e-05    0.28
         res : 2.88e-06   lamb: 1.00e+00   eps : -9.97e-10   step: 4.44e-05    0.30
         res : 2.14e-06   lamb: 1.00e+00   eps : -1.00e-09   step: 4.47e-05    0.22
         res : 1.58e-06   lamb: 1.00e+00   eps : -1.00e-09   step: 4.49e-05    0.22
         res : 1.26e-06   lamb: 1.00e+00   eps : -1.00e-09   step: 4.49e-05    0.44
         res : 8.91e-07   lamb: 1.00e+00   eps : -1.00e-09   step: 4.50e-05    0.26
         res : 6.39e-07   lamb: 1.00e+00   eps : -1.00e-09   step: 4.50e-05    0.22
         res : 4.89e-07   lamb: 1.00e+00   eps : -1.00e-09   step: 4.50e-05    0.22
         res : 4.62e-07   lamb: 1.00e+00   eps : -1.00e-09   step: 4.51e-05    0.27
         res : 4.12e-07   lamb: 1.00e+00   eps : -1.00e-09   step: 4.51e-05    0.27
         res : 2.90e-07   lamb: 1.00e+00   eps : -1.00e-09   step: 4.51e-05    0.22
         res : 1.94e-07   lamb: 1.00e+00   eps : -1.00e-09   step: 4.51e-05    0.26
         res : 1.22e-07   lamb: 1.00e+00   eps : -1.00e-09   step: 4.51e-05    0.36
         res : 8.04e-08   lamb: 1.00e+00   eps : -1.00e-09   step: 4.51e-05    0.22
         res : 5.27e-08   lamb: 1.00e+00   eps : -1.00e-09   step: 4.51e-05    0.22
         res : 3.70e-08   lamb: 1.00e+00   eps : -1.00e-09   step: 4.51e-05    0.33
         res : 2.60e-08   lamb: 1.00e+00   eps : -1.00e-09   step: 4.51e-05    0.30
         res : 1.79e-08   lamb: 1.00e+00   eps : -1.00e-09   step: 4.51e-05    0.22
         res : 1.26e-08   lamb: 1.00e+00   eps : -1.00e-09   step: 4.51e-05    0.22
         res : 8.90e-09   lamb: 1.00e+00   eps : -1.00e-09   step: 4.51e-05    0.51
         res : 5.97e-09   lamb: 1.00e+00   eps : -1.00e-09   step: 4.51e-05    0.22
         res : 4.06e-09   lamb: 1.00e+00   eps : -1.00e-09   step: 4.51e-05    0.22

      8  0      -386.76760250     2.05e-07      8.93
      8  1      -386.55561945     0.00e+00      8.93
      8  2      -386.52647744     0.00e+00      8.93
      8  3      -386.50268246     0.00e+00      8.93

         res : 9.36e-06   lamb: 1.00e+00   eps : -1.54e-10   step: 1.28e-05    0.31
         res : 4.46e-06   lamb: 1.00e+00   eps : -1.82e-10   step: 1.81e-05    0.25
         res : 2.54e-06   lamb: 1.00e+00   eps : -1.87e-10   step: 1.90e-05    0.22
         res : 1.69e-06   lamb: 1.00e+00   eps : -1.89e-10   step: 1.93e-05    0.26
         res : 1.28e-06   lamb: 1.00e+00   eps : -1.90e-10   step: 1.95e-05    0.42
         res : 9.44e-07   lamb: 1.00e+00   eps : -1.91e-10   step: 1.96e-05    0.22
         res : 6.95e-07   lamb: 1.00e+00   eps : -1.91e-10   step: 1.97e-05    0.22
         res : 5.49e-07   lamb: 1.00e+00   eps : -1.91e-10   step: 1.97e-05    0.26
         res : 3.85e-07   lamb: 1.00e+00   eps : -1.91e-10   step: 1.97e-05    0.32
         res : 2.75e-07   lamb: 1.00e+00   eps : -1.91e-10   step: 1.98e-05    0.22
         res : 2.10e-07   lamb: 1.00e+00   eps : -1.91e-10   step: 1.98e-05    0.22
         res : 1.98e-07   lamb: 1.00e+00   eps : -1.91e-10   step: 1.98e-05    0.36
         res : 1.78e-07   lamb: 1.00e+00   eps : -1.91e-10   step: 1.98e-05    0.26
         res : 1.26e-07   lamb: 1.00e+00   eps : -1.91e-10   step: 1.98e-05    0.22
         res : 8.52e-08   lamb: 1.00e+00   eps : -1.91e-10   step: 1.98e-05    0.31
         res : 5.35e-08   lamb: 1.00e+00   eps : -1.91e-10   step: 1.98e-05    0.27
         res : 3.53e-08   lamb: 1.00e+00   eps : -1.91e-10   step: 1.98e-05    0.22
         res : 2.31e-08   lamb: 1.00e+00   eps : -1.91e-10   step: 1.98e-05    0.22
         res : 1.61e-08   lamb: 1.00e+00   eps : -1.91e-10   step: 1.98e-05    0.36
         res : 1.12e-08   lamb: 1.00e+00   eps : -1.91e-10   step: 1.98e-05    0.31
         res : 7.74e-09   lamb: 1.00e+00   eps : -1.91e-10   step: 1.98e-05    0.21
         res : 5.47e-09   lamb: 1.00e+00   eps : -1.91e-10   step: 1.98e-05    0.22
         res : 3.87e-09   lamb: 1.00e+00   eps : -1.91e-10   step: 1.98e-05    0.26

      9  0      -386.76760212     8.92e-08      8.32
      9  1      -386.55561930     0.00e+00      8.32
      9  2      -386.52647864     0.00e+00      8.32
      9  3      -386.50268178     0.00e+00      8.32

         res : 4.10e-06   lamb: 1.00e+00   eps : -2.94e-11   step: 5.59e-06    0.22
         res : 1.95e-06   lamb: 1.00e+00   eps : -3.49e-11   step: 7.92e-06    0.22
         res : 1.12e-06   lamb: 1.00e+00   eps : -3.58e-11   step: 8.34e-06    0.27
         res : 7.44e-07   lamb: 1.00e+00   eps : -3.62e-11   step: 8.48e-06    0.43
         res : 5.62e-07   lamb: 1.00e+00   eps : -3.64e-11   step: 8.55e-06    0.22
         res : 4.15e-07   lamb: 1.00e+00   eps : -3.65e-11   step: 8.61e-06    0.22
         res : 3.05e-07   lamb: 1.00e+00   eps : -3.65e-11   step: 8.64e-06    0.26
         res : 2.40e-07   lamb: 1.00e+00   eps : -3.66e-11   step: 8.66e-06    0.35
         res : 1.67e-07   lamb: 1.00e+00   eps : -3.66e-11   step: 8.66e-06    0.22
         res : 1.19e-07   lamb: 1.00e+00   eps : -3.66e-11   step: 8.66e-06    0.22
         res : 9.09e-08   lamb: 1.00e+00   eps : -3.66e-11   step: 8.67e-06    0.43
         res : 8.59e-08   lamb: 1.00e+00   eps : -3.66e-11   step: 8.68e-06    0.22
         res : 7.72e-08   lamb: 1.00e+00   eps : -3.66e-11   step: 8.68e-06    0.22
         res : 5.51e-08   lamb: 1.00e+00   eps : -3.66e-11   step: 8.68e-06    0.31
         res : 3.73e-08   lamb: 1.00e+00   eps : -3.66e-11   step: 8.69e-06    0.29
         res : 2.35e-08   lamb: 1.00e+00   eps : -3.66e-11   step: 8.69e-06    0.22
         res : 1.55e-08   lamb: 1.00e+00   eps : -3.66e-11   step: 8.69e-06    0.22
         res : 1.01e-08   lamb: 1.00e+00   eps : -3.66e-11   step: 8.69e-06    0.42
         res : 7.02e-09   lamb: 1.00e+00   eps : -3.66e-11   step: 8.69e-06    0.27
         res : 4.88e-09   lamb: 1.00e+00   eps : -3.66e-11   step: 8.69e-06    0.22

     10  0      -386.76760195     3.89e-08      7.59
     10  1      -386.55561924     0.00e+00      7.59
     10  2      -386.52647916     0.00e+00      7.59
     10  3      -386.50268149     0.00e+00      7.59

         res : 1.80e-06   lamb: 1.00e+00   eps : -5.63e-12   step: 2.45e-06    0.29
         res : 8.54e-07   lamb: 1.00e+00   eps : -6.67e-12   step: 3.47e-06    0.29
         res : 4.89e-07   lamb: 1.00e+00   eps : -6.86e-12   step: 3.65e-06    0.21
         res : 3.26e-07   lamb: 1.00e+00   eps : -6.93e-12   step: 3.71e-06    0.22
         res : 2.47e-07   lamb: 1.00e+00   eps : -6.97e-12   step: 3.75e-06    0.43
         res : 1.82e-07   lamb: 1.00e+00   eps : -6.98e-12   step: 3.77e-06    0.26
         res : 1.33e-07   lamb: 1.00e+00   eps : -6.99e-12   step: 3.79e-06    0.22
         res : 1.05e-07   lamb: 1.00e+00   eps : -7.00e-12   step: 3.79e-06    0.27
         res : 7.30e-08   lamb: 1.00e+00   eps : -7.00e-12   step: 3.79e-06    0.32
         res : 5.21e-08   lamb: 1.00e+00   eps : -7.00e-12   step: 3.80e-06    0.22
         res : 3.97e-08   lamb: 1.00e+00   eps : -7.00e-12   step: 3.80e-06    0.21
         res : 3.75e-08   lamb: 1.00e+00   eps : -7.00e-12   step: 3.80e-06    0.22
         res : 3.37e-08   lamb: 1.00e+00   eps : -7.00e-12   step: 3.80e-06    0.35
         res : 2.40e-08   lamb: 1.00e+00   eps : -7.00e-12   step: 3.80e-06    0.22
         res : 1.63e-08   lamb: 1.00e+00   eps : -7.00e-12   step: 3.81e-06    0.22
         res : 1.03e-08   lamb: 1.00e+00   eps : -7.00e-12   step: 3.81e-06    0.33
         res : 6.82e-09   lamb: 1.00e+00   eps : -7.00e-12   step: 3.81e-06    0.30
         res : 4.46e-09   lamb: 1.00e+00   eps : -7.01e-12   step: 3.81e-06    0.22

     11  0      -386.76760188     1.70e-08      7.03
     11  1      -386.55561922     0.00e+00      7.03
     11  2      -386.52647939     0.00e+00      7.03
     11  3      -386.50268136     0.00e+00      7.03

         res : 7.86e-07   lamb: 1.00e+00   eps : -1.08e-12   step: 1.07e-06    0.32
         res : 3.74e-07   lamb: 1.00e+00   eps : -1.28e-12   step: 1.52e-06    0.32
         res : 2.14e-07   lamb: 1.00e+00   eps : -1.31e-12   step: 1.60e-06    0.22
         res : 1.43e-07   lamb: 1.00e+00   eps : -1.33e-12   step: 1.63e-06    0.26
         res : 1.08e-07   lamb: 1.00e+00   eps : -1.33e-12   step: 1.64e-06    0.31
         res : 7.99e-08   lamb: 1.00e+00   eps : -1.34e-12   step: 1.65e-06    0.26
         res : 5.85e-08   lamb: 1.00e+00   eps : -1.34e-12   step: 1.66e-06    0.22
         res : 4.59e-08   lamb: 1.00e+00   eps : -1.34e-12   step: 1.66e-06    0.26
         res : 3.20e-08   lamb: 1.00e+00   eps : -1.34e-12   step: 1.66e-06    0.38
         res : 2.29e-08   lamb: 1.00e+00   eps : -1.34e-12   step: 1.66e-06    0.21
         res : 1.75e-08   lamb: 1.00e+00   eps : -1.34e-12   step: 1.66e-06    0.22
         res : 1.65e-08   lamb: 1.00e+00   eps : -1.34e-12   step: 1.67e-06    0.27
         res : 1.48e-08   lamb: 1.00e+00   eps : -1.34e-12   step: 1.67e-06    0.32
         res : 1.05e-08   lamb: 1.00e+00   eps : -1.34e-12   step: 1.67e-06    0.22
         res : 7.08e-09   lamb: 1.00e+00   eps : -1.34e-12   step: 1.67e-06    0.22
         res : 4.49e-09   lamb: 1.00e+00   eps : -1.34e-12   step: 1.67e-06    0.36

     12  0      -386.76760185     7.44e-09      6.42
     12  1      -386.55561920     0.00e+00      6.42
     12  2      -386.52647949     0.00e+00      6.42
     12  3      -386.50268130     0.00e+00      6.42

    * Second-order optimization converged. *   

    * Integral transformation done. Elapsed time: 0.26

     guess   0:   closed 111...               open ......              
     guess   1:   closed 11....               open ..11..              
     guess   2:   closed .11...               open 1..1..              
     guess   3:   closed 1.1...               open .1..1.              

  === FCI iteration ===

      0  0      -386.70486487     9.39e-03      0.00
      0  1      -386.46378509     9.15e-03      0.00
      0  2      -386.38332576     1.07e-02      0.00
      0  3      -386.31322263     7.95e-03      0.00

      1  0      -386.76209317     3.61e-03      0.00
      1  1      -386.52014222     4.11e-03      0.00
      1  2      -386.48961518     7.20e-03      0.00
      1  3      -386.36349163     4.23e-03      0.00

      2  0      -386.76733563     8.92e-04      0.00
      2  1      -386.53834474     4.35e-03      0.00
      2  2      -386.52126505     3.51e-03      0.00
      2  3      -386.37505478     1.89e-03      0.00

      3  0      -386.76759382     1.55e-04      0.00
      3  1      -386.55330467     2.12e-03      0.00
      3  2      -386.52605553     8.95e-04      0.00
      3  3      -386.38048186     2.38e-03      0.00

      4  0      -386.76760120     3.71e-05      0.00
      4  1      -386.55549835     4.52e-04      0.00
      4  2      -386.52644387     2.38e-04      0.00
      4  3      -386.41301980     5.33e-03      0.00

      5  0      -386.76760179     1.16e-05      0.00
      5  1      -386.55560225     1.45e-04      0.00
      5  2      -386.52647408     7.30e-05      0.00
      5  3      -386.46515167     6.13e-03      0.00

      6  0      -386.76760185     2.36e-06      0.00
      6  1      -386.55561720     5.19e-05      0.00
      6  2      -386.52647832     3.56e-05      0.00
      6  3      -386.49722012     2.79e-03      0.00

      7  0      -386.76760185     4.42e-07      0.00
      7  1      -386.55561896     1.70e-05      0.00
      7  2      -386.52647928     1.43e-05      0.00
      7  3      -386.50203299     8.72e-04      0.00

      8  0      -386.76760185     7.95e-08      0.00
      8  1      -386.55561916     6.91e-06      0.00
      8  2      -386.52647945     6.54e-06      0.00
      8  3      -386.50258362     3.18e-04      0.00

      9  0      -386.76760185     1.38e-08      0.01
      9  1      -386.55561920     2.59e-06      0.00
      9  2      -386.52647948     2.64e-06      0.00
      9  3      -386.50266937     1.28e-04      0.00

     10  0      -386.76760185     2.81e-09      0.01
     10  1      -386.55561920     7.85e-07      0.00
     10  2      -386.52647949     7.62e-07      0.00
     10  3      -386.50268043     3.90e-05      0.00

     11  0      -386.76760185     5.90e-10      0.01
     11  1      -386.55561920     2.06e-07      0.00
     11  2      -386.52647949     1.75e-07      0.00
     11  3      -386.50268126     9.32e-06      0.00

     12  0      -386.76760185     1.02e-10      0.01
     12  1      -386.55561920     4.35e-08      0.00
     12  2      -386.52647949     4.34e-08      0.00
     12  3      -386.50268130     2.39e-06      0.00

     13  0 *    -386.76760185     1.52e-11      0.01
     13  1      -386.55561920     9.51e-09      0.00
     13  2      -386.52647949     1.03e-08      0.00
     13  3      -386.50268130     5.81e-07      0.00

     14  0 *    -386.76760185     1.13e-11      0.01
     14  1      -386.55561920     2.02e-09      0.00
     14  2      -386.52647949     2.60e-09      0.00
     14  3      -386.50268130     1.53e-07      0.00

     15  0 *    -386.76760185     1.13e-11      0.01
     15  1      -386.55561920     3.88e-10      0.00
     15  2      -386.52647949     6.34e-10      0.00
     15  3      -386.50268130     4.10e-08      0.00

     16  0 *    -386.76760185     1.12e-11      0.01
     16  1 *    -386.55561920     7.63e-11      0.00
     16  2      -386.52647949     1.32e-10      0.00
     16  3      -386.50268130     9.04e-09      0.00

     17  0 *    -386.76760185     1.10e-11      0.01
     17  1 *    -386.55561920     4.38e-11      0.00
     17  2 *    -386.52647949     2.42e-11      0.00
     17  3      -386.50268130     1.79e-09      0.00

     18  0 *    -386.76760185     1.10e-11      0.01
     18  1 *    -386.55561920     4.37e-11      0.00
     18  2 *    -386.52647949     6.26e-12      0.00
     18  3      -386.50268130     4.06e-10      0.00

     19  0 *    -386.76760185     1.09e-11      0.01
     19  1 *    -386.55561920     4.37e-11      0.00
     19  2 *    -386.52647949     4.02e-12      0.00
     19  3 *    -386.50268130     8.70e-11      0.00

     * ci vector, state   0, <S^2> = -0.0000
       222...     0.8834412207
       22ab..     0.2331429279
       22ba..     0.2331429279
       2.2.2.    -0.1906193630
       22.2..    -0.1007982492
       a2bb.a     0.0864829405
       b2aa.b     0.0864829405
       .22..2    -0.0833135892
       .222..    -0.0601280390
       22...2    -0.0585044408
       a2ab.b    -0.0523797180
       b2ba.a    -0.0523797180
       2.ab2.    -0.0504021427
       2.ba2.    -0.0504021427

     * ci vector, state   1, <S^2> = -0.0000
       a22b..     0.4051098090
       b22a..     0.4051098090
       22.2..     0.3631320574
       22a..b     0.3103034264
       22b..a     0.3103034264
       .222..    -0.1927660318
       22...2    -0.1586487111
       22ba..     0.1536798820
       22ab..     0.1536798820
       222...    -0.1372292061
       a2ba.b     0.1334227130
       b2ab.a     0.1334227130
       .22..2     0.1299606017
       b2aa.b     0.1099375476
       a2bb.a     0.1099375476
       b2a2..     0.1034784608
       a2b2..     0.1034784608
       22.b.a     0.1006454671
       22.a.b     0.1006454671
       a.2b2.     0.0889974337
       b.2a2.     0.0889974337
       b22..a    -0.0818002556
       a22..b    -0.0818002556
       2..22.    -0.0791920129
       2.a.2b     0.0684210906
       2.b.2a     0.0684210906
       2a2b..     0.0592205052
       2b2a..     0.0592205052
       a2.b.2     0.0564040742
       b2.a.2     0.0564040742

     * ci vector, state   2, <S^2> = -0.0000
       22ba..    -0.5888699237
       22ab..    -0.5888699237
       222...     0.3338277323
       2.ba2.     0.1290803133
       2.ab2.     0.1290803133
       b22a..     0.1267814471
       a22b..     0.1267814471
       22.2..     0.1257846200
       22b..a     0.1051722080
       22a..b     0.1051722080
       .222..    -0.0927216070
       22...2    -0.0718729882
       2.2.2.    -0.0691937936
       b2a2..    -0.0660658732
       a2b2..    -0.0660658732
       .2ba.2     0.0654425336
       .2ab.2     0.0654425336
       b2aa.b    -0.0648389068
       a2bb.a    -0.0648389068
       b2ba.a     0.0592948267
       a2ab.b     0.0592948267

     * ci vector, state   3, <S^2> = 0.0000
       2abba.     0.5071565315
       2baab.     0.5071565315
       2bbaa.    -0.2595402425
       2aabb.    -0.2595402425
       2abab.     0.2476162890
       2baba.     0.2476162890
       22a.b.    -0.1338967020
       22b.a.    -0.1338967020
       ab2.ba    -0.1035586740
       ba2.ab    -0.1035586740
       22.ba.     0.0992283094
       22.ab.     0.0992283094
       2ba2..     0.0988077191
       2ab2..     0.0988077191
       2a2b..    -0.0891786846
       2b2a..    -0.0891786846
       2.2ba.    -0.0687897171
       2.2ab.    -0.0687897171
       .abba2    -0.0661978795
       .baab2    -0.0661978795
       2ba.2.    -0.0631316576
       2ab.2.    -0.0631316576
       baabab    -0.0548012685
       abbaba    -0.0548012685
       a2bba.    -0.0521998137
       b2aab.    -0.0521998137
       bb2.aa     0.0520359554
       aa2.bb     0.0520359554
       ba2.ba    -0.0515227186
       ab2.ab    -0.0515227186
       ababba    -0.0506589789
       babaab    -0.0506589789

    * METHOD: CASSCF                             102.13

  === SMITH program ===

    * freezing 10 orbitals
    * SS-SR internal contraction is used

    * Approximate memory requirement for SMITH calulation per MPI process:
      o Storage requirement for T-amplitude, lambda, and residual is 0.14 GB
      o Storage requirement for MO integrals is 0.02 GB
       - MO integral evaluation                    3.92

  ++ State-averaged Fock matrix over basis states ++

                         0                   1                   2                   3
     0       -1.6981780551        0.0373780416       -0.0698391511        0.0066569641
     1        0.0373780416       -1.2769624692        0.0787449829       -0.0063464793
     2       -0.0698391511        0.0787449829       -1.4448367282        0.0232976831
     3        0.0066569641       -0.0063464793        0.0232976831       -1.0643815059


  ++ Extended multi-state CASPT2 (XMS-CASPT2) rotation matrix ++

                         0                   1                   2                   3
     0       -0.9521150170        0.3049737578       -0.0213365735        0.0035710042
     1        0.1287145253        0.3366701585       -0.9327547615       -0.0073708978
     2       -0.2765576577       -0.8892466813       -0.3595936239        0.0587250156
     3        0.0206258904        0.0537080180        0.0143433298        0.9982405974


  ++ Reference energies in XMS basis ++

                         0                   1                   2                   3
     0     -386.7455351015        0.0687783354       -0.0013928419        0.0013374588
     1        0.0687783354     -386.5521402829        0.0107381039        0.0010856192
     2       -0.0013928419        0.0107381039     -386.5519368316        0.0001587740
     3        0.0013374588        0.0010856192        0.0001587740     -386.5027696292

    * Calculating and saving rdm4f

    - linear dependency detected:    1 /   72    min eigenvalue:    -3.7552e-15    max eigenvalue:    -3.7552e-15
    - linear dependency detected:    1 /   72    min eigenvalue:    -1.9134e-15    max eigenvalue:    -1.9134e-15
    - linear dependency detected:    1 /   72    min eigenvalue:    -4.8913e-16    max eigenvalue:    -4.8913e-16
    - linear dependency detected:    1 /   72    min eigenvalue:    -1.3192e-15    max eigenvalue:    -1.3192e-15
    - linear dependency detected:   19 /  216    min eigenvalue:    -1.0771e-14    max eigenvalue:     9.8209e-10
    - linear dependency detected:   11 /  216    min eigenvalue:    -3.5693e-15    max eigenvalue:     8.3579e-10
    - linear dependency detected:   13 /  216    min eigenvalue:    -1.2442e-15    max eigenvalue:     9.4558e-10
    - linear dependency detected:   10 /  216    min eigenvalue:    -2.0971e-15    max eigenvalue:     3.2429e-10
    - linear dependency detected:   18 /  216    min eigenvalue:    -3.6740e-16    max eigenvalue:     9.8854e-10
    - linear dependency detected:   11 /  216    min eigenvalue:    -8.8892e-16    max eigenvalue:     6.6689e-10
    - linear dependency detected:   12 /  216    min eigenvalue:    -4.7462e-16    max eigenvalue:     8.4135e-10
    - linear dependency detected:   10 /  216    min eigenvalue:    -4.9655e-16    max eigenvalue:     7.5691e-10
       - RDM + denominator evaluation              1.88

    * Zeroth order energy : state  0       -1.7236612733
    * Zeroth order energy : state  1       -1.4521049588
    * Zeroth order energy : state  2       -1.2456522643
    * Zeroth order energy : state  3       -1.0629402621

    * CASPT2 iteration is performed using redundant basis

      ---- iteration ----

        0    -1.10807110     0.00102461      3.14
        1    -1.10861974     0.00006145      3.45
        2    -1.10862236     0.00000468      3.30
        3    -1.10862238     0.00000048      3.32

        0    -1.12904409     0.00098188      3.61
        1    -1.12967097     0.00006080      3.36
        2    -1.12967479     0.00000536      3.24
        3    -1.12967483     0.00000055      3.34

        0    -1.09496934     0.00087792      3.71
        1    -1.09545963     0.00005324      3.20
        2    -1.09546252     0.00000459      3.32
        3    -1.09546255     0.00000050      3.42

        0    -1.08729231     0.00086682      3.72
        1    -1.08779069     0.00006254      3.27
        2    -1.08779805     0.00000838      3.43
        3    -1.08780024     0.00000448      3.41
        4    -1.08780324     0.00000275      3.42
        5    -1.08780426     0.00000120      3.39
        6    -1.08780440     0.00000058      3.50

      -------------------

       - CASPT2 energy evaluation                 67.08

    * CASPT2 energy : state  0     -388.0220608936
        w/o shift correction       -387.8541574786
        reference weight              0.7486112344

    * CASPT2 energy : state  1     -387.8605964443
        w/o shift correction       -387.6818151107
        reference weight              0.7366142456

    * CASPT2 energy : state  2     -387.8165387005
        w/o shift correction       -387.6473993825
        reference weight              0.7472285465

    * CASPT2 energy : state  3     -387.7586428062
        w/o shift correction       -387.5905740298
        reference weight              0.7484259371


    * MS-CASPT2 Heff
           -388.0220608936        0.0432346696        0.0029128508        0.0013041905
              0.0432346696     -387.8605964443        0.0147801994        0.0012319324
              0.0029128508        0.0147801994     -387.8165387005       -0.0004213818
              0.0013041905        0.0012319324       -0.0004213818     -387.7586428062


    * MS-CASPT2 rotation matrix
             -0.9698580864        0.2284752723       -0.0843835111        0.0073324765
              0.2436188734        0.9045204029       -0.3496794131        0.0147306951
             -0.0035780432       -0.3596965431       -0.9330571773       -0.0031461699
              0.0035120220       -0.0161334344        0.0028346024        0.9998596617


    * XMS-CASPT2 rotation matrix
              0.9978026964        0.0659373278       -0.0063818711        0.0011487461
             -0.0395040684        0.6695606948        0.7417046243        0.0014679232
              0.0530772910       -0.7391312053        0.6699760375        0.0447210426
             -0.0034653779        0.0320282086       -0.0310746050        0.9989977747

    * MS-CASPT2 energy : state  0     -388.0329149966
    * MS-CASPT2 energy : state  1     -387.8555752298
    * MS-CASPT2 energy : state  2     -387.8107348521
    * MS-CASPT2 energy : state  3     -387.7586137662



    * METHOD: SMITH                               92.35


  
  ===============================================================

