--------------------------------------------------
JOB FRONT-END 3110243 on wux38
SLURM ENVIRONMENT
--------------------------------------------------
SLURM_JOB_ID                   = 3110243             
SLURM_ARRAY_JOB_ID             = N/A                 
SLURM_ARRAY_TASK_ID            = N/A                 
SLURM_JOB_NAME                 = bagel               
SLURM_JOB_PARTITION            = batch               
SLURM_JOB_NUM_NODES            = 1                   
SLURM_JOB_CPUS_PER_NODE        = 20                  
SLURM_NTASKS                   = 20                  
SLURM_NTASKS_PER_NODE          = N/A                 
--------------------------------------------------
--------------------------------------------------
PBS ENVIRONMENT
--------------------------------------------------
PBS_JOBID                      = 3110243             
PBS_ARRAYID                    = N/A                 
PBS_JOBNAME                    = bagel               
PBS_QUEUE                      = batch               
PBS_NUM_NODES                  = 1                   
PBS_NUM_PPN                    = 1                   
PBS_NP                         = 20                  
PBS_NODEFILE                   = /tmp/3110243/nodes  
--------------------------------------------------
  * process grid (5, 4) will be used
    wux38                           
    wux38                           
    wux38                           
    wux38                           
    wux38                           
    wux38                           
    wux38                           
    wux38                           
    wux38                           
    wux38                           
    wux38                           
    wux38                           
    wux38                           
    wux38                           
    wux38                           
    wux38                           
    wux38                           
    wux38                           
    wux38                           
    wux38                           

  * using 20 threads per process

  ===============================================================
    BAGEL - Freshly leavened quantum chemistry                   
  ===============================================================

  *** Geometry ***

  { "atom" : "C", "xyz" : [      4.531004,     -1.133567,      1.605583 ] },
  { "atom" : "C", "xyz" : [      4.182375,      1.552076,      1.740604 ] },
  { "atom" : "C", "xyz" : [      1.907033,      2.658764,      0.996694 ] },
  { "atom" : "N", "xyz" : [      0.014770,      1.081708,      0.301758 ] },
  { "atom" : "B", "xyz" : [      0.095548,     -1.653133,      0.296650 ] },
  { "atom" : "C", "xyz" : [      2.585434,     -2.850369,      1.022553 ] },
  { "atom" : "C", "xyz" : [     -2.373136,     -1.810656,     -1.532677 ] },
  { "atom" : "C", "xyz" : [     -5.047160,     -1.121204,     -0.678805 ] },
  { "atom" : "C", "xyz" : [     -4.714625,      1.428635,     -0.804983 ] },
  { "atom" : "C", "xyz" : [     -2.001907,      1.176425,     -1.675004 ] },
  { "atom" : "H", "xyz" : [      6.454284,     -1.836339,      1.899512 ] },
  { "atom" : "H", "xyz" : [      5.749466,      2.765092,      2.303572 ] },
  { "atom" : "H", "xyz" : [      1.615945,      4.696701,      0.901951 ] },
  { "atom" : "H", "xyz" : [      3.085269,     -4.855138,      0.872310 ] },
  { "atom" : "H", "xyz" : [     -2.174234,     -2.927174,     -3.270376 ] },
  { "atom" : "H", "xyz" : [     -6.674744,     -2.284108,     -0.153745 ] },
  { "atom" : "H", "xyz" : [     -5.904620,      3.067124,     -0.394021 ] },
  { "atom" : "H", "xyz" : [     -1.330702,      2.045165,     -3.431575 ] },

  Number of auxiliary basis functions:      884

  Since a DF basis is specified, we compute 2- and 3-index integrals:
    o Being stored without compression. Storage requirement is 0.079 GB
       - 3-index ints prep                         0.00
       - 3-index ints                              0.06
       - 2-index ints                              0.03
       - computing inverse                         0.32
        elapsed time:        0.42 sec.


  Number of basis functions:      106
  Number of electrons      :       68


    * METHOD: MOLECULE                             0.46

       - Overlap matrix                            0.01
       - Hcore matrix                              0.01
       - Overlap orthog                            0.01

  *** RHF ***

  === Nuclear Repulsion ===
  
   455.6646851775

      * DIIS with orbital gradients will be used.

       - SCF startup                               0.49

  === RHF iteration (/home/miaoxin/software/bagel-1.2.2/obj/share/3-21g.json) ===
  
               o Fock build                                  0.21
      0       -384.33948062          0.01182373           0.21
               o DIIS                                        0.00
               o Diag                                        0.01
               o Post process                                0.00
               o Fock build                                  0.16
      1       -384.48353289          0.00410641           0.18
               o DIIS                                        0.00
               o Diag                                        0.01
               o Post process                                0.00
               o Fock build                                  0.22
      2       -384.49888676          0.00161176           0.23
               o DIIS                                        0.00
               o Diag                                        0.01
               o Post process                                0.00
               o Fock build                                  0.23
      3       -384.50139704          0.00030160           0.25
               o DIIS                                        0.00
               o Diag                                        0.01
               o Post process                                0.00
               o Fock build                                  0.25
      4       -384.50150462          0.00008738           0.26
               o DIIS                                        0.00
               o Diag                                        0.01
               o Post process                                0.00
               o Fock build                                  0.20
      5       -384.50151960          0.00003134           0.22
               o DIIS                                        0.00
               o Diag                                        0.01
               o Post process                                0.00
               o Fock build                                  0.21
      6       -384.50152204          0.00001867           0.22
               o DIIS                                        0.00
               o Diag                                        0.03
               o Post process                                0.00
               o Fock build                                  0.23
      7       -384.50152317          0.00000688           0.26
               o DIIS                                        0.00
               o Diag                                        0.01
               o Post process                                0.00
               o Fock build                                  0.18
      8       -384.50152340          0.00000343           0.20
               o DIIS                                        0.00
               o Diag                                        0.01
               o Post process                                0.00
               o Fock build                                  0.16
      9       -384.50152343          0.00000153           0.18
               o DIIS                                        0.00
               o Diag                                        0.01
               o Post process                                0.00
               o Fock build                                  0.16
     10       -384.50152344          0.00000072           0.17
               o DIIS                                        0.00
               o Diag                                        0.01
               o Post process                                0.00
               o Fock build                                  0.25
     11       -384.50152344          0.00000031           0.26
               o DIIS                                        0.00
               o Diag                                        0.01
               o Post process                                0.00
               o Fock build                                  0.20
     12       -384.50152344          0.00000011           0.22
               o DIIS                                        0.00
               o Diag                                        0.01
               o Post process                                0.00
               o Fock build                                  0.23
     13       -384.50152344          0.00000005           0.25
               o DIIS                                        0.00
               o Diag                                        0.01
               o Post process                                0.00
               o Fock build                                  0.19
     14       -384.50152344          0.00000002           0.21
               o DIIS                                        0.00
               o Diag                                        0.01
               o Post process                                0.00
               o Fock build                                  0.19
     15       -384.50152344          0.00000001           0.21
               o DIIS                                        0.00
               o Diag                                        0.01
               o Post process                                0.00
               o Fock build                                  0.17
     16       -384.50152344          0.00000000           0.19
  
    * SCF iteration converged.

    * Permanent dipole moment:
           (    0.023966,    -0.503225,     0.345810) a.u.

  ---------------------------
      CASSCF calculation     
  ---------------------------

 
    ==== Active orbitals : ===== 
         Orbital 32
         Orbital 33
         Orbital 34
         Orbital 35
         Orbital 36
         Orbital 37
    ============================ 

    * nstate   :      4
    * nclosed  :     31
    * nact     :      6
    * nvirt    :     69
  === CASSCF iteration (/home/miaoxin/software/bagel-1.2.2/obj/share/3-21g.json) ===

    * Using the second-order algorithm

      0  0      -384.53742142     3.29e-03      0.29
      0  1      -384.30355344     0.00e+00      0.29
      0  2      -384.26742713     0.00e+00      0.29
      0  3      -384.22855290     0.00e+00      0.29

         res : 7.30e-02   lamb: 1.00e+00   eps : -1.74e-02   step: 3.16e-01    0.20
         res : 2.60e-02   lamb: 1.00e+00   eps : -1.96e-02   step: 3.79e-01    0.22
         res : 9.00e-03   lamb: 1.00e+00   eps : -1.98e-02   step: 3.79e-01    0.20
         res : 2.75e-03   lamb: 1.00e+00   eps : -1.99e-02   step: 3.79e-01    0.21
         res : 7.99e-04   lamb: 1.00e+00   eps : -1.99e-02   step: 3.80e-01    0.20
         res : 2.26e-04   lamb: 1.00e+00   eps : -1.99e-02   step: 3.81e-01    0.22
         res : 6.36e-05   lamb: 1.00e+00   eps : -1.99e-02   step: 3.80e-01    0.22
         res : 2.34e-05   lamb: 1.00e+00   eps : -1.99e-02   step: 3.80e-01    0.21

      1  0      -384.54935638     2.58e-03      2.58
      1  1      -384.31826502     0.00e+00      2.58
      1  2      -384.28709398     0.00e+00      2.58
      1  3      -384.24824154     0.00e+00      2.58

         res : 8.64e-02   lamb: 1.00e+00   eps : -1.40e-02   step: 2.46e-01    0.20
         res : 2.35e-02   lamb: 1.00e+00   eps : -1.63e-02   step: 3.34e-01    0.23
         res : 1.23e-02   lamb: 1.00e+00   eps : -1.66e-02   step: 3.49e-01    0.21
         res : 3.25e-03   lamb: 1.00e+00   eps : -1.66e-02   step: 3.52e-01    0.22
         res : 1.12e-03   lamb: 1.00e+00   eps : -1.66e-02   step: 3.54e-01    0.20
         res : 3.49e-04   lamb: 1.00e+00   eps : -1.66e-02   step: 3.55e-01    0.22
         res : 1.01e-04   lamb: 1.00e+00   eps : -1.66e-02   step: 3.55e-01    0.21
         res : 2.81e-05   lamb: 1.00e+00   eps : -1.66e-02   step: 3.55e-01    0.21

      2  0      -384.55905885     1.52e-03      2.54
      2  1      -384.33463829     0.00e+00      2.54
      2  2      -384.30550430     0.00e+00      2.54
      2  3      -384.27259873     0.00e+00      2.54

         res : 6.87e-02   lamb: 1.00e+00   eps : -1.56e-02   step: 3.35e-01    0.25
         res : 1.89e-02   lamb: 1.00e+00   eps : -1.67e-02   step: 3.71e-01    0.21
         res : 8.13e-03   lamb: 1.00e+00   eps : -1.68e-02   step: 3.73e-01    0.22
         res : 2.57e-03   lamb: 1.00e+00   eps : -1.68e-02   step: 3.73e-01    0.22
         res : 7.23e-04   lamb: 1.00e+00   eps : -1.68e-02   step: 3.73e-01    0.19
         res : 2.40e-04   lamb: 1.00e+00   eps : -1.68e-02   step: 3.73e-01    0.21
         res : 7.07e-05   lamb: 1.00e+00   eps : -1.68e-02   step: 3.73e-01    0.20
         res : 2.83e-05   lamb: 1.00e+00   eps : -1.68e-02   step: 3.73e-01    0.20

      3  0      -384.56791345     7.14e-04      2.60
      3  1      -384.35089497     0.00e+00      2.60
      3  2      -384.31541375     0.00e+00      2.60
      3  3      -384.29240097     0.00e+00      2.60

         res : 3.05e-02   lamb: 1.00e+00   eps : -2.74e-03   step: 1.15e-01    0.19
         res : 7.67e-03   lamb: 1.00e+00   eps : -2.95e-03   step: 1.27e-01    0.22
         res : 3.01e-03   lamb: 1.00e+00   eps : -2.98e-03   step: 1.26e-01    0.21
         res : 1.12e-03   lamb: 1.00e+00   eps : -2.98e-03   step: 1.26e-01    0.20
         res : 3.04e-04   lamb: 1.00e+00   eps : -2.98e-03   step: 1.26e-01    0.21
         res : 1.01e-04   lamb: 1.00e+00   eps : -2.98e-03   step: 1.26e-01    0.24
         res : 2.99e-05   lamb: 1.00e+00   eps : -2.98e-03   step: 1.26e-01    0.22
         res : 1.36e-05   lamb: 1.00e+00   eps : -2.98e-03   step: 1.26e-01    0.22
         res : 5.40e-06   lamb: 1.00e+00   eps : -2.98e-03   step: 1.26e-01    0.20

      4  0      -384.57036836     2.56e-04      2.74
      4  1      -384.35020087     0.00e+00      2.74
      4  2      -384.31612543     0.00e+00      2.74
      4  3      -384.29734889     0.00e+00      2.74

         res : 1.04e-02   lamb: 1.00e+00   eps : -1.72e-04   step: 2.33e-02    0.20
         res : 2.33e-03   lamb: 1.00e+00   eps : -1.99e-04   step: 2.96e-02    0.21
         res : 7.40e-04   lamb: 1.00e+00   eps : -2.02e-04   step: 2.94e-02    0.20
         res : 2.71e-04   lamb: 1.00e+00   eps : -2.02e-04   step: 2.93e-02    0.21
         res : 8.45e-05   lamb: 1.00e+00   eps : -2.02e-04   step: 2.93e-02    0.25
         res : 3.10e-05   lamb: 1.00e+00   eps : -2.02e-04   step: 2.93e-02    0.20
         res : 1.08e-05   lamb: 1.00e+00   eps : -2.02e-04   step: 2.93e-02    0.21
         res : 4.61e-06   lamb: 1.00e+00   eps : -2.02e-04   step: 2.93e-02    0.20
         res : 1.35e-06   lamb: 1.00e+00   eps : -2.02e-04   step: 2.93e-02    0.21

      5  0      -384.57089258     1.04e-04      2.69
      5  1      -384.34983192     0.00e+00      2.69
      5  2      -384.31535578     0.00e+00      2.69
      5  3      -384.29848392     0.00e+00      2.69

         res : 3.27e-03   lamb: 1.00e+00   eps : -1.52e-05   step: 5.17e-03    0.23
         res : 7.85e-04   lamb: 1.00e+00   eps : -1.85e-05   step: 7.69e-03    0.20
         res : 2.94e-04   lamb: 1.00e+00   eps : -1.88e-05   step: 7.69e-03    0.22
         res : 8.94e-05   lamb: 1.00e+00   eps : -1.88e-05   step: 7.66e-03    0.21
         res : 2.68e-05   lamb: 1.00e+00   eps : -1.88e-05   step: 7.66e-03    0.20
         res : 1.06e-05   lamb: 1.00e+00   eps : -1.88e-05   step: 7.66e-03    0.20
         res : 4.02e-06   lamb: 1.00e+00   eps : -1.88e-05   step: 7.66e-03    0.20
         res : 1.35e-06   lamb: 1.00e+00   eps : -1.88e-05   step: 7.66e-03    0.19
         res : 3.48e-07   lamb: 1.00e+00   eps : -1.88e-05   step: 7.66e-03    0.20

      6  0      -384.57106193     4.09e-05      2.78
      6  1      -384.34981509     0.00e+00      2.78
      6  2      -384.31490909     0.00e+00      2.78
      6  3      -384.29882844     0.00e+00      2.78

         res : 1.07e-03   lamb: 1.00e+00   eps : -1.79e-06   step: 1.45e-03    0.21
         res : 2.86e-04   lamb: 1.00e+00   eps : -2.19e-06   step: 2.31e-03    0.21
         res : 1.12e-04   lamb: 1.00e+00   eps : -2.23e-06   step: 2.34e-03    0.21
         res : 3.08e-05   lamb: 1.00e+00   eps : -2.23e-06   step: 2.34e-03    0.20
         res : 9.33e-06   lamb: 1.00e+00   eps : -2.23e-06   step: 2.34e-03    0.22
         res : 3.52e-06   lamb: 1.00e+00   eps : -2.23e-06   step: 2.34e-03    0.21
         res : 1.43e-06   lamb: 1.00e+00   eps : -2.23e-06   step: 2.34e-03    0.22
         res : 4.48e-07   lamb: 1.00e+00   eps : -2.23e-06   step: 2.34e-03    0.20
         res : 1.04e-07   lamb: 1.00e+00   eps : -2.23e-06   step: 2.34e-03    0.24

      7  0      -384.57112329     1.58e-05      2.75
      7  1      -384.34983642     0.00e+00      2.75
      7  2      -384.31471611     0.00e+00      2.75
      7  3      -384.29894479     0.00e+00      2.75

         res : 3.72e-04   lamb: 1.00e+00   eps : -2.36e-07   step: 4.75e-04    0.20
         res : 1.07e-04   lamb: 1.00e+00   eps : -2.88e-07   step: 7.73e-04    0.22
         res : 4.23e-05   lamb: 1.00e+00   eps : -2.93e-07   step: 7.92e-04    0.24
         res : 1.14e-05   lamb: 1.00e+00   eps : -2.93e-07   step: 7.92e-04    0.22
         res : 3.45e-06   lamb: 1.00e+00   eps : -2.93e-07   step: 7.92e-04    0.20
         res : 1.21e-06   lamb: 1.00e+00   eps : -2.93e-07   step: 7.92e-04    0.22
         res : 5.23e-07   lamb: 1.00e+00   eps : -2.93e-07   step: 7.92e-04    0.20
         res : 1.63e-07   lamb: 1.00e+00   eps : -2.93e-07   step: 7.92e-04    0.20
         res : 3.55e-08   lamb: 1.00e+00   eps : -2.93e-07   step: 7.92e-04    0.21

      8  0      -384.57114614     6.01e-06      2.71
      8  1      -384.34985000     0.00e+00      2.71
      8  2      -384.31463932     0.00e+00      2.71
      8  3      -384.29898596     0.00e+00      2.71

         res : 1.35e-04   lamb: 1.00e+00   eps : -3.24e-08   step: 1.67e-04    0.19
         res : 4.01e-05   lamb: 1.00e+00   eps : -3.95e-08   step: 2.73e-04    0.22
         res : 1.60e-05   lamb: 1.00e+00   eps : -4.01e-08   step: 2.82e-04    0.23
         res : 4.29e-06   lamb: 1.00e+00   eps : -4.02e-08   step: 2.83e-04    0.21
         res : 1.30e-06   lamb: 1.00e+00   eps : -4.02e-08   step: 2.83e-04    0.22
         res : 4.32e-07   lamb: 1.00e+00   eps : -4.02e-08   step: 2.83e-04    0.20
         res : 1.93e-07   lamb: 1.00e+00   eps : -4.02e-08   step: 2.83e-04    0.20
         res : 6.06e-08   lamb: 1.00e+00   eps : -4.02e-08   step: 2.83e-04    0.20
         res : 1.30e-08   lamb: 1.00e+00   eps : -4.02e-08   step: 2.83e-04    0.27

      9  0      -384.57115470     2.28e-06      2.79
      9  1      -384.34985623     0.00e+00      2.79
      9  2      -384.31460972     0.00e+00      2.79
      9  3      -384.29900088     0.00e+00      2.79

         res : 4.95e-05   lamb: 1.00e+00   eps : -4.52e-09   step: 6.07e-05    0.19
         res : 1.51e-05   lamb: 1.00e+00   eps : -5.50e-09   step: 9.95e-05    0.21
         res : 6.04e-06   lamb: 1.00e+00   eps : -5.58e-09   step: 1.03e-04    0.19
         res : 1.62e-06   lamb: 1.00e+00   eps : -5.59e-09   step: 1.03e-04    0.23
         res : 4.92e-07   lamb: 1.00e+00   eps : -5.59e-09   step: 1.03e-04    0.23
         res : 1.57e-07   lamb: 1.00e+00   eps : -5.59e-09   step: 1.03e-04    0.21
         res : 7.17e-08   lamb: 1.00e+00   eps : -5.59e-09   step: 1.03e-04    0.20
         res : 2.27e-08   lamb: 1.00e+00   eps : -5.59e-09   step: 1.03e-04    0.20
         res : 4.87e-09   lamb: 1.00e+00   eps : -5.59e-09   step: 1.03e-04    0.22

     10  0      -384.57115791     8.60e-07      2.74
     10  1      -384.34985880     0.00e+00      2.74
     10  2      -384.31459847     0.00e+00      2.74
     10  3      -384.29900636     0.00e+00      2.74

         res : 1.84e-05   lamb: 1.00e+00   eps : -6.34e-10   step: 2.24e-05    0.20
         res : 5.66e-06   lamb: 1.00e+00   eps : -7.70e-10   step: 3.67e-05    0.25
         res : 2.27e-06   lamb: 1.00e+00   eps : -7.82e-10   step: 3.82e-05    0.20
         res : 6.13e-07   lamb: 1.00e+00   eps : -7.82e-10   step: 3.82e-05    0.20
         res : 1.86e-07   lamb: 1.00e+00   eps : -7.83e-10   step: 3.82e-05    0.22
         res : 5.81e-08   lamb: 1.00e+00   eps : -7.83e-10   step: 3.83e-05    0.19
         res : 2.67e-08   lamb: 1.00e+00   eps : -7.83e-10   step: 3.83e-05    0.21
         res : 8.55e-09   lamb: 1.00e+00   eps : -7.83e-10   step: 3.83e-05    0.20
         res : 1.84e-09   lamb: 1.00e+00   eps : -7.83e-10   step: 3.83e-05    0.21

     11  0      -384.57115911     3.24e-07      2.75
     11  1      -384.34985982     0.00e+00      2.75
     11  2      -384.31459422     0.00e+00      2.75
     11  3      -384.29900840     0.00e+00      2.75

         res : 6.84e-06   lamb: 1.00e+00   eps : -8.92e-11   step: 8.33e-06    0.21
         res : 2.13e-06   lamb: 1.00e+00   eps : -1.08e-10   step: 1.36e-05    0.20
         res : 8.56e-07   lamb: 1.00e+00   eps : -1.10e-10   step: 1.42e-05    0.20
         res : 2.31e-07   lamb: 1.00e+00   eps : -1.10e-10   step: 1.42e-05    0.20
         res : 7.03e-08   lamb: 1.00e+00   eps : -1.10e-10   step: 1.42e-05    0.19
         res : 2.16e-08   lamb: 1.00e+00   eps : -1.10e-10   step: 1.42e-05    0.19
         res : 9.99e-09   lamb: 1.00e+00   eps : -1.10e-10   step: 1.42e-05    0.22
         res : 3.21e-09   lamb: 1.00e+00   eps : -1.10e-10   step: 1.42e-05    0.22

     12  0      -384.57115956     1.22e-07      2.45
     12  1      -384.34986021     0.00e+00      2.45
     12  2      -384.31459262     0.00e+00      2.45
     12  3      -384.29900915     0.00e+00      2.45

         res : 2.56e-06   lamb: 1.00e+00   eps : -1.25e-11   step: 3.11e-06    0.20
         res : 7.98e-07   lamb: 1.00e+00   eps : -1.52e-11   step: 5.09e-06    0.22
         res : 3.22e-07   lamb: 1.00e+00   eps : -1.54e-11   step: 5.30e-06    0.20
         res : 8.69e-08   lamb: 1.00e+00   eps : -1.54e-11   step: 5.32e-06    0.20
         res : 2.65e-08   lamb: 1.00e+00   eps : -1.54e-11   step: 5.32e-06    0.24
         res : 8.06e-09   lamb: 1.00e+00   eps : -1.54e-11   step: 5.32e-06    0.23
         res : 3.74e-09   lamb: 1.00e+00   eps : -1.54e-11   step: 5.32e-06    0.21

     13  0      -384.57115973     4.58e-08      2.31
     13  1      -384.34986036     0.00e+00      2.31
     13  2      -384.31459201     0.00e+00      2.31
     13  3      -384.29900943     0.00e+00      2.31

         res : 9.56e-07   lamb: 1.00e+00   eps : -1.76e-12   step: 1.16e-06    0.20
         res : 2.99e-07   lamb: 1.00e+00   eps : -2.13e-12   step: 1.90e-06    0.20
         res : 1.21e-07   lamb: 1.00e+00   eps : -2.17e-12   step: 1.98e-06    0.21
         res : 3.26e-08   lamb: 1.00e+00   eps : -2.17e-12   step: 1.99e-06    0.22
         res : 9.93e-09   lamb: 1.00e+00   eps : -2.17e-12   step: 1.99e-06    0.22
         res : 3.01e-09   lamb: 1.00e+00   eps : -2.17e-12   step: 1.99e-06    0.20

     14  0      -384.57115979     1.72e-08      2.10
     14  1      -384.34986042     0.00e+00      2.10
     14  2      -384.31459179     0.00e+00      2.10
     14  3      -384.29900954     0.00e+00      2.10

         res : 3.58e-07   lamb: 1.00e+00   eps : -2.48e-13   step: 4.35e-07    0.19
         res : 1.12e-07   lamb: 1.00e+00   eps : -3.00e-13   step: 7.12e-07    0.21
         res : 4.56e-08   lamb: 1.00e+00   eps : -3.04e-13   step: 7.43e-07    0.23
         res : 1.23e-08   lamb: 1.00e+00   eps : -3.05e-13   step: 7.45e-07    0.25
         res : 3.77e-09   lamb: 1.00e+00   eps : -3.05e-13   step: 7.45e-07    0.21

     15  0      -384.57115982     6.45e-09      1.91
     15  1      -384.34986044     0.00e+00      1.91
     15  2      -384.31459170     0.00e+00      1.91
     15  3      -384.29900958     0.00e+00      1.91

    * Second-order optimization converged. *   

    * Integral transformation done. Elapsed time: 0.22

     guess   0:   closed 111...               open ......              
     guess   1:   closed 11....               open ..11..              
     guess   2:   closed 1.1...               open .1..1.              
     guess   3:   closed .11...               open 1..1..              

  === FCI iteration ===

      0  0      -384.50168158     9.96e-03      0.00
      0  1      -384.24620337     9.55e-03      0.00
      0  2      -384.15938299     1.15e-02      0.00
      0  3      -384.09022959     8.49e-03      0.00

      1  0      -384.56496671     3.89e-03      0.00
      1  1      -384.30516509     4.27e-03      0.00
      1  2      -384.27561344     7.86e-03      0.00
      1  3      -384.14743794     4.67e-03      0.00

      2  0      -384.57084713     9.89e-04      0.00
      2  1      -384.32615202     5.37e-03      0.00
      2  2      -384.31083262     3.22e-03      0.00
      2  3      -384.15949976     1.88e-03      0.00

      3  0      -384.57115160     1.68e-04      0.00
      3  1      -384.34716966     2.48e-03      0.00
      3  2      -384.31432791     7.36e-04      0.00
      3  3      -384.16129177     6.93e-04      0.00

      4  0      -384.57115946     3.21e-05      0.00
      4  1      -384.34976909     4.38e-04      0.00
      4  2      -384.31456333     2.16e-04      0.00
      4  3      -384.16201982     1.03e-03      0.00

      5  0      -384.57115980     6.71e-06      0.00
      5  1      -384.34985544     8.82e-05      0.00
      5  2      -384.31458646     5.45e-05      0.00
      5  3      -384.19066925     3.80e-03      0.00

      6  0      -384.57115982     1.47e-06      0.00
      6  1      -384.34986008     2.27e-05      0.00
      6  2      -384.31458883     2.82e-05      0.00
      6  3      -384.22784144     7.21e-03      0.00

      7  0      -384.57115982     2.87e-07      0.01
      7  1      -384.34986039     7.54e-06      0.00
      7  2      -384.31459054     3.35e-05      0.00
      7  3      -384.29069846     3.45e-03      0.00

      8  0      -384.57115982     5.25e-08      0.01
      8  1      -384.34986043     2.78e-06      0.00
      8  2      -384.31459155     1.24e-05      0.00
      8  3      -384.29826510     8.87e-04      0.00

      9  0      -384.57115982     7.52e-09      0.01
      9  1      -384.34986044     1.35e-06      0.00
      9  2      -384.31459167     5.07e-06      0.00
      9  3      -384.29886061     3.44e-04      0.00

     10  0      -384.57115982     1.38e-09      0.01
     10  1      -384.34986044     4.64e-07      0.00
     10  2      -384.31459170     2.28e-06      0.00
     10  3      -384.29898178     1.67e-04      0.00

     11  0      -384.57115982     2.23e-10      0.01
     11  1      -384.34986044     1.48e-07      0.00
     11  2      -384.31459170     9.00e-07      0.00
     11  3      -384.29900633     7.07e-05      0.00

     12  0 *    -384.57115982     3.72e-11      0.01
     12  1      -384.34986044     3.20e-08      0.00
     12  2      -384.31459170     2.13e-07      0.00
     12  3      -384.29900939     1.77e-05      0.00

     13  0 *    -384.57115982     2.14e-11      0.01
     13  1      -384.34986044     5.47e-09      0.00
     13  2      -384.31459170     4.10e-08      0.00
     13  3      -384.29900957     3.58e-06      0.00

     14  0 *    -384.57115982     2.09e-11      0.01
     14  1      -384.34986044     1.00e-09      0.00
     14  2      -384.31459170     8.23e-09      0.00
     14  3      -384.29900958     7.41e-07      0.00

     15  0 *    -384.57115982     1.88e-11      0.01
     15  1      -384.34986044     2.17e-10      0.00
     15  2      -384.31459170     2.03e-09      0.00
     15  3      -384.29900958     1.90e-07      0.00

     16  0 *    -384.57115982     1.88e-11      0.01
     16  1 *    -384.34986044     4.27e-11      0.00
     16  2      -384.31459170     4.75e-10      0.00
     16  3      -384.29900958     4.63e-08      0.00

     17  0 *    -384.57115982     1.87e-11      0.01
     17  1 *    -384.34986044     1.44e-11      0.00
     17  2 *    -384.31459170     9.79e-11      0.00
     17  3      -384.29900958     9.98e-09      0.00

     18  0 *    -384.57115982     1.83e-11      0.01
     18  1 *    -384.34986044     1.22e-11      0.00
     18  2 *    -384.31459170     1.91e-11      0.00
     18  3      -384.29900958     1.91e-09      0.00

     19  0 *    -384.57115982     1.82e-11      0.01
     19  1 *    -384.34986044     1.21e-11      0.00
     19  2 *    -384.31459170     5.13e-12      0.00
     19  3      -384.29900958     3.21e-10      0.00

     20  0 *    -384.57115982     1.81e-11      0.01
     20  1 *    -384.34986044     1.20e-11      0.00
     20  2 *    -384.31459170     4.33e-12      0.00
     20  3 *    -384.29900958     7.75e-11      0.00

     * ci vector, state   0, <S^2> = -0.0000
       222...     0.8734294300
       22ab..    -0.2421073735
       22ba..    -0.2421073735
       2.2.2.    -0.2043401680
       22.2..    -0.1085331400
       a2bb.a     0.0956541955
       b2aa.b     0.0956541955
       .22..2    -0.0844073847
       .222..    -0.0643642300
       22...2    -0.0604908842
       2.ab2.     0.0569616393
       2.ba2.     0.0569616393
       b2ba.a    -0.0534915514
       a2ab.b    -0.0534915514

     * ci vector, state   1, <S^2> = -0.0000
       b22a..    -0.3994128922
       a22b..    -0.3994128922
       22.2..    -0.3815694797
       22b..a    -0.3393054401
       22a..b    -0.3393054401
       .222..     0.2050829562
       22...2     0.1821297107
       .22..2    -0.1410736746
       b2ab.a    -0.1360240529
       a2ba.b    -0.1360240529
       a2b2..     0.1083790531
       b2a2..     0.1083790531
       222...     0.1075416437
       b2aa.b    -0.1038183375
       a2bb.a    -0.1038183375
       b.2a2.    -0.0937411462
       a.2b2.    -0.0937411462
       2..22.     0.0895796157
       a22..b    -0.0853622731
       b22..a    -0.0853622731
       22.a.b     0.0800496130
       22.b.a     0.0800496130
       2.b.2a    -0.0796420677
       2.a.2b    -0.0796420677
       22ab..     0.0767787540
       22ba..     0.0767787540
       b2.a.2    -0.0600365522
       a2.b.2    -0.0600365522
       .2b2.a    -0.0542701939
       .2a2.b    -0.0542701939

     * ci vector, state   2, <S^2> = 0.0000
       22ba..     0.5968986828
       22ab..     0.5968986827
       222...     0.3658765550
       2.ba2.    -0.1398244480
       2.ab2.    -0.1398244480
       22.2..     0.0996920213
       a2bb.a    -0.0836017034
       b2aa.b    -0.0836017034
       2.2.2.    -0.0822258663
       .222..    -0.0770528151
       b2a2..     0.0740200975
       a2b2..     0.0740200975
       b22a..     0.0710416367
       a22b..     0.0710416367
       22b..a     0.0679528279
       22a..b     0.0679528279
       .2ba.2    -0.0668909382
       .2ab.2    -0.0668909382
       b2ba.a     0.0599583921
       a2ab.b     0.0599583921
       22.b.a     0.0597645239
       22.a.b     0.0597645239
       22...2    -0.0559044738

     * ci vector, state   3, <S^2> = 0.0000
       2abba.     0.5388085497
       2baab.     0.5388085497
       2aabb.    -0.2702436983
       2bbaa.    -0.2702436983
       2abab.     0.2685648514
       2baba.     0.2685648513
       ba2.ab    -0.1184403918
       ab2.ba    -0.1184403918
       .abba2    -0.0732822003
       .baab2    -0.0732822003
       babaab     0.0622640134
       ababba     0.0622640134
       aa2.bb     0.0592555455
       bb2.aa     0.0592555455
       ba2.ba    -0.0591848463
       ab2.ab    -0.0591848463
       abbaba     0.0578656335
       baabab     0.0578656334
       2b2a..     0.0530227556
       2a2b..     0.0530227555

    * METHOD: CASSCF                              43.74

  Number of auxiliary basis functions:      884

  Since a DF basis is specified, we compute 2- and 3-index integrals:
    o Being stored without compression. Storage requirement is 0.645 GB
       - 3-index ints prep                         0.00
       - 3-index ints                              0.21
       - 2-index ints                              0.03
       - computing inverse                         0.33
        elapsed time:        0.58 sec.


  Number of basis functions:      302
  Number of electrons      :       68


    * METHOD: MOLECULE                             0.85

  ---------------------------
      CASSCF calculation     
  ---------------------------

 
    ==== Active orbitals : ===== 
         Orbital 32
         Orbital 33
         Orbital 34
         Orbital 35
         Orbital 36
         Orbital 37
    ============================ 

    * nstate   :      4
    * nclosed  :     31
    * nact     :      6
    * nvirt    :    265
  === CASSCF iteration (/home/miaoxin/software/bagel-1.2.2/obj/share/aug-cc-pVDZ.json) ===

    * Using the second-order algorithm

      0  0      -386.52779856     2.43e-02      0.47
      0  1      -386.31023921     0.00e+00      0.47
      0  2      -386.27334505     0.00e+00      0.47
      0  3      -386.26091967     0.00e+00      0.47

         res : 7.55e-01   lamb: 1.00e+00   eps : -3.80e-01   step: 2.09e-01    0.27
         res : 3.03e-01   lamb: 1.00e+00   eps : -4.27e-01   step: 2.31e-01    0.34
         res : 1.68e-01   lamb: 1.00e+00   eps : -4.36e-01   step: 2.40e-01    0.26
         res : 7.94e-02   lamb: 1.00e+00   eps : -4.39e-01   step: 2.46e-01    0.27
         res : 4.00e-02   lamb: 1.00e+00   eps : -4.39e-01   step: 2.49e-01    0.24
         res : 2.57e-02   lamb: 1.00e+00   eps : -4.39e-01   step: 2.50e-01    0.26
         res : 1.37e-02   lamb: 1.00e+00   eps : -4.40e-01   step: 2.51e-01    0.24
         res : 6.66e-03   lamb: 1.00e+00   eps : -4.40e-01   step: 2.51e-01    0.24
         res : 3.91e-03   lamb: 1.00e+00   eps : -4.40e-01   step: 2.51e-01    0.33
         res : 2.09e-03   lamb: 1.00e+00   eps : -4.40e-01   step: 2.51e-01    0.27
         res : 1.07e-03   lamb: 1.00e+00   eps : -4.40e-01   step: 2.51e-01    0.24
         res : 6.65e-04   lamb: 1.00e+00   eps : -4.40e-01   step: 2.51e-01    0.27
         res : 3.70e-04   lamb: 1.00e+00   eps : -4.40e-01   step: 2.51e-01    0.25
         res : 1.97e-04   lamb: 1.00e+00   eps : -4.40e-01   step: 2.51e-01    0.26
         res : 1.24e-04   lamb: 1.00e+00   eps : -4.40e-01   step: 2.51e-01    0.24
         res : 6.97e-05   lamb: 1.00e+00   eps : -4.40e-01   step: 2.51e-01    0.28
         res : 3.88e-05   lamb: 1.00e+00   eps : -4.40e-01   step: 2.51e-01    0.29
         res : 2.38e-05   lamb: 1.00e+00   eps : -4.40e-01   step: 2.51e-01    0.27

      1  0      -386.75869767     1.15e-03      7.25
      1  1      -386.54398499     0.00e+00      7.25
      1  2      -386.51324635     0.00e+00      7.25
      1  3      -386.49180030     0.00e+00      7.25

         res : 7.11e-02   lamb: 1.00e+00   eps : -4.40e-03   step: 6.66e-02    0.26
         res : 4.73e-02   lamb: 1.00e+00   eps : -5.79e-03   step: 9.11e-02    0.24
         res : 3.21e-02   lamb: 1.00e+00   eps : -6.38e-03   step: 1.05e-01    0.24
         res : 2.54e-02   lamb: 1.00e+00   eps : -6.70e-03   step: 1.13e-01    0.26
         res : 1.92e-02   lamb: 1.00e+00   eps : -6.88e-03   step: 1.19e-01    0.31
         res : 1.47e-02   lamb: 1.00e+00   eps : -6.98e-03   step: 1.23e-01    0.24
         res : 1.11e-02   lamb: 1.00e+00   eps : -7.04e-03   step: 1.26e-01    0.26
         res : 8.10e-03   lamb: 1.00e+00   eps : -7.08e-03   step: 1.28e-01    0.24
         res : 5.83e-03   lamb: 1.00e+00   eps : -7.10e-03   step: 1.29e-01    0.25
         res : 4.19e-03   lamb: 1.00e+00   eps : -7.11e-03   step: 1.30e-01    0.24
         res : 3.18e-03   lamb: 1.00e+00   eps : -7.11e-03   step: 1.30e-01    0.25
         res : 2.40e-03   lamb: 1.00e+00   eps : -7.11e-03   step: 1.30e-01    0.28
         res : 1.88e-03   lamb: 1.00e+00   eps : -7.12e-03   step: 1.31e-01    0.28
         res : 1.34e-03   lamb: 1.00e+00   eps : -7.12e-03   step: 1.31e-01    0.25
         res : 9.72e-04   lamb: 1.00e+00   eps : -7.12e-03   step: 1.31e-01    0.27
         res : 7.24e-04   lamb: 1.00e+00   eps : -7.12e-03   step: 1.31e-01    0.25
         res : 5.11e-04   lamb: 1.00e+00   eps : -7.12e-03   step: 1.31e-01    0.26
         res : 3.48e-04   lamb: 1.00e+00   eps : -7.12e-03   step: 1.31e-01    0.24
         res : 2.51e-04   lamb: 1.00e+00   eps : -7.12e-03   step: 1.31e-01    0.29
         res : 1.71e-04   lamb: 1.00e+00   eps : -7.12e-03   step: 1.31e-01    0.34
         res : 1.14e-04   lamb: 1.00e+00   eps : -7.12e-03   step: 1.31e-01    0.25
         res : 7.46e-05   lamb: 1.00e+00   eps : -7.12e-03   step: 1.31e-01    0.27
         res : 4.78e-05   lamb: 1.00e+00   eps : -7.12e-03   step: 1.31e-01    0.24
         res : 3.53e-05   lamb: 1.00e+00   eps : -7.12e-03   step: 1.31e-01    0.25
         res : 2.61e-05   lamb: 1.00e+00   eps : -7.12e-03   step: 1.31e-01    0.25
         res : 1.88e-05   lamb: 1.00e+00   eps : -7.12e-03   step: 1.31e-01    0.24
         res : 1.27e-05   lamb: 1.00e+00   eps : -7.12e-03   step: 1.31e-01    0.30

      2  0      -386.75875326     5.94e-05      9.65
      2  1      -386.54734279     0.00e+00      9.65
      2  2      -386.52132691     0.00e+00      9.65
      2  3      -386.49493156     0.00e+00      9.65

         res : 3.43e-03   lamb: 1.00e+00   eps : -1.58e-05   step: 5.15e-03    0.29
         res : 2.24e-03   lamb: 1.00e+00   eps : -2.09e-05   step: 7.89e-03    0.24
         res : 1.82e-03   lamb: 1.00e+00   eps : -2.28e-05   step: 8.90e-03    0.25
         res : 1.55e-03   lamb: 1.00e+00   eps : -2.42e-05   step: 9.58e-03    0.24
         res : 1.23e-03   lamb: 1.00e+00   eps : -2.51e-05   step: 1.01e-02    0.24
         res : 9.44e-04   lamb: 1.00e+00   eps : -2.57e-05   step: 1.06e-02    0.27
         res : 6.22e-04   lamb: 1.00e+00   eps : -2.60e-05   step: 1.09e-02    0.27
         res : 4.67e-04   lamb: 1.00e+00   eps : -2.62e-05   step: 1.10e-02    0.25
         res : 3.60e-04   lamb: 1.00e+00   eps : -2.62e-05   step: 1.10e-02    0.26
         res : 2.75e-04   lamb: 1.00e+00   eps : -2.63e-05   step: 1.11e-02    0.24
         res : 2.06e-04   lamb: 1.00e+00   eps : -2.63e-05   step: 1.11e-02    0.26
         res : 1.50e-04   lamb: 1.00e+00   eps : -2.63e-05   step: 1.11e-02    0.24
         res : 1.14e-04   lamb: 1.00e+00   eps : -2.63e-05   step: 1.11e-02    0.27
         res : 8.64e-05   lamb: 1.00e+00   eps : -2.63e-05   step: 1.11e-02    0.28
         res : 6.08e-05   lamb: 1.00e+00   eps : -2.63e-05   step: 1.11e-02    0.26
         res : 4.49e-05   lamb: 1.00e+00   eps : -2.63e-05   step: 1.11e-02    0.27
         res : 3.23e-05   lamb: 1.00e+00   eps : -2.64e-05   step: 1.11e-02    0.25
         res : 2.23e-05   lamb: 1.00e+00   eps : -2.64e-05   step: 1.11e-02    0.26
         res : 1.57e-05   lamb: 1.00e+00   eps : -2.64e-05   step: 1.11e-02    0.24
         res : 1.15e-05   lamb: 1.00e+00   eps : -2.64e-05   step: 1.11e-02    0.25
         res : 7.64e-06   lamb: 1.00e+00   eps : -2.64e-05   step: 1.11e-02    0.32
         res : 5.33e-06   lamb: 1.00e+00   eps : -2.64e-05   step: 1.11e-02    0.28
         res : 3.65e-06   lamb: 1.00e+00   eps : -2.64e-05   step: 1.11e-02    0.24
         res : 2.63e-06   lamb: 1.00e+00   eps : -2.64e-05   step: 1.11e-02    0.27
         res : 1.99e-06   lamb: 1.00e+00   eps : -2.64e-05   step: 1.11e-02    0.25
         res : 1.58e-06   lamb: 1.00e+00   eps : -2.64e-05   step: 1.11e-02    0.26
         res : 1.12e-06   lamb: 1.00e+00   eps : -2.64e-05   step: 1.11e-02    0.25
         res : 7.81e-07   lamb: 1.00e+00   eps : -2.64e-05   step: 1.11e-02    0.26

      3  0      -386.75853693     1.31e-05      9.86
      3  1      -386.54730259     0.00e+00      9.86
      3  2      -386.52185701     0.00e+00      9.86
      3  3      -386.49471839     0.00e+00      9.86

         res : 7.13e-04   lamb: 1.00e+00   eps : -8.05e-07   step: 1.12e-03    0.24
         res : 3.33e-04   lamb: 1.00e+00   eps : -9.91e-07   step: 1.64e-03    0.26
         res : 2.21e-04   lamb: 1.00e+00   eps : -1.03e-06   step: 1.72e-03    0.25
         res : 1.55e-04   lamb: 1.00e+00   eps : -1.04e-06   step: 1.76e-03    0.26
         res : 1.32e-04   lamb: 1.00e+00   eps : -1.05e-06   step: 1.78e-03    0.25
         res : 1.12e-04   lamb: 1.00e+00   eps : -1.06e-06   step: 1.82e-03    0.27
         res : 7.81e-05   lamb: 1.00e+00   eps : -1.06e-06   step: 1.84e-03    0.31
         res : 5.60e-05   lamb: 1.00e+00   eps : -1.07e-06   step: 1.85e-03    0.25
         res : 4.14e-05   lamb: 1.00e+00   eps : -1.07e-06   step: 1.86e-03    0.26
         res : 3.05e-05   lamb: 1.00e+00   eps : -1.07e-06   step: 1.86e-03    0.24
         res : 2.33e-05   lamb: 1.00e+00   eps : -1.07e-06   step: 1.86e-03    0.26
         res : 1.83e-05   lamb: 1.00e+00   eps : -1.07e-06   step: 1.86e-03    0.24
         res : 1.43e-05   lamb: 1.00e+00   eps : -1.07e-06   step: 1.86e-03    0.24
         res : 1.04e-05   lamb: 1.00e+00   eps : -1.07e-06   step: 1.86e-03    0.32
         res : 7.73e-06   lamb: 1.00e+00   eps : -1.07e-06   step: 1.86e-03    0.28
         res : 5.90e-06   lamb: 1.00e+00   eps : -1.07e-06   step: 1.86e-03    0.24
         res : 4.46e-06   lamb: 1.00e+00   eps : -1.07e-06   step: 1.86e-03    0.27
         res : 3.38e-06   lamb: 1.00e+00   eps : -1.07e-06   step: 1.86e-03    0.25
         res : 2.37e-06   lamb: 1.00e+00   eps : -1.07e-06   step: 1.87e-03    0.25
         res : 1.54e-06   lamb: 1.00e+00   eps : -1.07e-06   step: 1.87e-03    0.25
         res : 1.04e-06   lamb: 1.00e+00   eps : -1.07e-06   step: 1.87e-03    0.28
         res : 7.41e-07   lamb: 1.00e+00   eps : -1.07e-06   step: 1.87e-03    0.33
         res : 4.91e-07   lamb: 1.00e+00   eps : -1.07e-06   step: 1.87e-03    0.25
         res : 3.48e-07   lamb: 1.00e+00   eps : -1.07e-06   step: 1.87e-03    0.27
         res : 2.39e-07   lamb: 1.00e+00   eps : -1.07e-06   step: 1.87e-03    0.25
         res : 1.82e-07   lamb: 1.00e+00   eps : -1.07e-06   step: 1.87e-03    0.25

      4  0      -386.75850068     5.48e-06      9.37
      4  1      -386.54728292     0.00e+00      9.37
      4  2      -386.52197562     0.00e+00      9.37
      4  3      -386.49465853     0.00e+00      9.37

         res : 2.36e-04   lamb: 1.00e+00   eps : -1.03e-07   step: 3.27e-04    0.28
         res : 1.15e-04   lamb: 1.00e+00   eps : -1.23e-07   step: 4.84e-04    0.27
         res : 6.79e-05   lamb: 1.00e+00   eps : -1.26e-07   step: 5.14e-04    0.25
         res : 4.36e-05   lamb: 1.00e+00   eps : -1.27e-07   step: 5.23e-04    0.27
         res : 3.35e-05   lamb: 1.00e+00   eps : -1.28e-07   step: 5.28e-04    0.26
         res : 2.82e-05   lamb: 1.00e+00   eps : -1.28e-07   step: 5.33e-04    0.26
         res : 2.14e-05   lamb: 1.00e+00   eps : -1.29e-07   step: 5.36e-04    0.24
         res : 1.58e-05   lamb: 1.00e+00   eps : -1.29e-07   step: 5.39e-04    0.25
         res : 1.19e-05   lamb: 1.00e+00   eps : -1.29e-07   step: 5.40e-04    0.26
         res : 9.03e-06   lamb: 1.00e+00   eps : -1.29e-07   step: 5.41e-04    0.26
         res : 6.67e-06   lamb: 1.00e+00   eps : -1.29e-07   step: 5.41e-04    0.24
         res : 5.25e-06   lamb: 1.00e+00   eps : -1.29e-07   step: 5.42e-04    0.26
         res : 4.12e-06   lamb: 1.00e+00   eps : -1.29e-07   step: 5.42e-04    0.24
         res : 2.93e-06   lamb: 1.00e+00   eps : -1.29e-07   step: 5.42e-04    0.26
         res : 2.13e-06   lamb: 1.00e+00   eps : -1.29e-07   step: 5.42e-04    0.24
         res : 1.61e-06   lamb: 1.00e+00   eps : -1.29e-07   step: 5.42e-04    0.28
         res : 1.26e-06   lamb: 1.00e+00   eps : -1.29e-07   step: 5.42e-04    0.33
         res : 9.66e-07   lamb: 1.00e+00   eps : -1.29e-07   step: 5.42e-04    0.26
         res : 6.83e-07   lamb: 1.00e+00   eps : -1.29e-07   step: 5.42e-04    0.27
         res : 4.38e-07   lamb: 1.00e+00   eps : -1.29e-07   step: 5.42e-04    0.25
         res : 2.92e-07   lamb: 1.00e+00   eps : -1.29e-07   step: 5.42e-04    0.27
         res : 2.10e-07   lamb: 1.00e+00   eps : -1.29e-07   step: 5.42e-04    0.25
         res : 1.43e-07   lamb: 1.00e+00   eps : -1.29e-07   step: 5.42e-04    0.27
         res : 1.01e-07   lamb: 1.00e+00   eps : -1.29e-07   step: 5.42e-04    0.27
         res : 6.76e-08   lamb: 1.00e+00   eps : -1.29e-07   step: 5.42e-04    0.26
         res : 4.74e-08   lamb: 1.00e+00   eps : -1.29e-07   step: 5.42e-04    0.25

      5  0      -386.75848835     2.28e-06      9.31
      5  1      -386.54727426     0.00e+00      9.31
      5  2      -386.52201651     0.00e+00      9.31
      5  3      -386.49463900     0.00e+00      9.31

         res : 9.14e-05   lamb: 1.00e+00   eps : -1.63e-08   step: 1.22e-04    0.26
         res : 4.53e-05   lamb: 1.00e+00   eps : -1.93e-08   step: 1.79e-04    0.24
         res : 2.60e-05   lamb: 1.00e+00   eps : -1.98e-08   step: 1.90e-04    0.27
         res : 1.65e-05   lamb: 1.00e+00   eps : -1.99e-08   step: 1.94e-04    0.30
         res : 1.21e-05   lamb: 1.00e+00   eps : -2.00e-08   step: 1.95e-04    0.24
         res : 9.81e-06   lamb: 1.00e+00   eps : -2.01e-08   step: 1.96e-04    0.27
         res : 7.47e-06   lamb: 1.00e+00   eps : -2.01e-08   step: 1.97e-04    0.24
         res : 5.58e-06   lamb: 1.00e+00   eps : -2.01e-08   step: 1.98e-04    0.26
         res : 4.22e-06   lamb: 1.00e+00   eps : -2.01e-08   step: 1.98e-04    0.24
         res : 3.26e-06   lamb: 1.00e+00   eps : -2.01e-08   step: 1.98e-04    0.24
         res : 2.44e-06   lamb: 1.00e+00   eps : -2.01e-08   step: 1.99e-04    0.32
         res : 1.97e-06   lamb: 1.00e+00   eps : -2.01e-08   step: 1.99e-04    0.29
         res : 1.58e-06   lamb: 1.00e+00   eps : -2.01e-08   step: 1.99e-04    0.25
         res : 1.09e-06   lamb: 1.00e+00   eps : -2.01e-08   step: 1.99e-04    0.27
         res : 7.63e-07   lamb: 1.00e+00   eps : -2.01e-08   step: 1.99e-04    0.25
         res : 5.55e-07   lamb: 1.00e+00   eps : -2.01e-08   step: 1.99e-04    0.27
         res : 4.29e-07   lamb: 1.00e+00   eps : -2.01e-08   step: 1.99e-04    0.25
         res : 3.33e-07   lamb: 1.00e+00   eps : -2.01e-08   step: 1.99e-04    0.26
         res : 2.44e-07   lamb: 1.00e+00   eps : -2.01e-08   step: 1.99e-04    0.29
         res : 1.63e-07   lamb: 1.00e+00   eps : -2.01e-08   step: 1.99e-04    0.25
         res : 1.10e-07   lamb: 1.00e+00   eps : -2.01e-08   step: 1.99e-04    0.26
         res : 7.88e-08   lamb: 1.00e+00   eps : -2.01e-08   step: 1.99e-04    0.25
         res : 5.36e-08   lamb: 1.00e+00   eps : -2.01e-08   step: 1.99e-04    0.26
         res : 3.75e-08   lamb: 1.00e+00   eps : -2.01e-08   step: 1.99e-04    0.25
         res : 2.49e-08   lamb: 1.00e+00   eps : -2.01e-08   step: 1.99e-04    0.25
         res : 1.69e-08   lamb: 1.00e+00   eps : -2.01e-08   step: 1.99e-04    0.31

      6  0      -386.75848358     9.44e-07      9.47
      6  1      -386.54727081     0.00e+00      9.47
      6  2      -386.52203212     0.00e+00      9.47
      6  3      -386.49463167     0.00e+00      9.47

         res : 3.76e-05   lamb: 1.00e+00   eps : -2.78e-09   step: 4.99e-05    0.28
         res : 1.86e-05   lamb: 1.00e+00   eps : -3.27e-09   step: 7.26e-05    0.24
         res : 1.06e-05   lamb: 1.00e+00   eps : -3.35e-09   step: 7.73e-05    0.25
         res : 6.79e-06   lamb: 1.00e+00   eps : -3.38e-09   step: 7.87e-05    0.24
         res : 4.96e-06   lamb: 1.00e+00   eps : -3.40e-09   step: 7.94e-05    0.26
         res : 3.93e-06   lamb: 1.00e+00   eps : -3.40e-09   step: 7.99e-05    0.28
         res : 2.95e-06   lamb: 1.00e+00   eps : -3.41e-09   step: 8.02e-05    0.27
         res : 2.19e-06   lamb: 1.00e+00   eps : -3.41e-09   step: 8.03e-05    0.28
         res : 1.64e-06   lamb: 1.00e+00   eps : -3.41e-09   step: 8.04e-05    0.27
         res : 1.28e-06   lamb: 1.00e+00   eps : -3.41e-09   step: 8.04e-05    0.27
         res : 9.72e-07   lamb: 1.00e+00   eps : -3.41e-09   step: 8.05e-05    0.25
         res : 8.06e-07   lamb: 1.00e+00   eps : -3.41e-09   step: 8.06e-05    0.25
         res : 6.51e-07   lamb: 1.00e+00   eps : -3.41e-09   step: 8.07e-05    0.33
         res : 4.45e-07   lamb: 1.00e+00   eps : -3.41e-09   step: 8.07e-05    0.27
         res : 3.06e-07   lamb: 1.00e+00   eps : -3.41e-09   step: 8.07e-05    0.25
         res : 2.16e-07   lamb: 1.00e+00   eps : -3.41e-09   step: 8.07e-05    0.28
         res : 1.64e-07   lamb: 1.00e+00   eps : -3.41e-09   step: 8.07e-05    0.24
         res : 1.27e-07   lamb: 1.00e+00   eps : -3.41e-09   step: 8.07e-05    0.26
         res : 9.41e-08   lamb: 1.00e+00   eps : -3.41e-09   step: 8.07e-05    0.25
         res : 6.46e-08   lamb: 1.00e+00   eps : -3.41e-09   step: 8.07e-05    0.28
         res : 4.45e-08   lamb: 1.00e+00   eps : -3.41e-09   step: 8.07e-05    0.32
         res : 3.20e-08   lamb: 1.00e+00   eps : -3.41e-09   step: 8.07e-05    0.24
         res : 2.20e-08   lamb: 1.00e+00   eps : -3.41e-09   step: 8.07e-05    0.27
         res : 1.54e-08   lamb: 1.00e+00   eps : -3.41e-09   step: 8.07e-05    0.25
         res : 1.02e-08   lamb: 1.00e+00   eps : -3.41e-09   step: 8.07e-05    0.27
         res : 6.84e-09   lamb: 1.00e+00   eps : -3.41e-09   step: 8.07e-05    0.25

      7  0      -386.75848165     3.93e-07      9.45
      7  1      -386.54726947     0.00e+00      9.45
      7  2      -386.52203833     0.00e+00      9.45
      7  3      -386.49462873     0.00e+00      9.45

         res : 1.57e-05   lamb: 1.00e+00   eps : -4.85e-10   step: 2.09e-05    0.27
         res : 7.80e-06   lamb: 1.00e+00   eps : -5.70e-10   step: 3.04e-05    0.24
         res : 4.46e-06   lamb: 1.00e+00   eps : -5.85e-10   step: 3.24e-05    0.26
         res : 2.85e-06   lamb: 1.00e+00   eps : -5.90e-10   step: 3.30e-05    0.24
         res : 2.09e-06   lamb: 1.00e+00   eps : -5.92e-10   step: 3.32e-05    0.26
         res : 1.63e-06   lamb: 1.00e+00   eps : -5.94e-10   step: 3.35e-05    0.24
         res : 1.22e-06   lamb: 1.00e+00   eps : -5.94e-10   step: 3.36e-05    0.24
         res : 9.01e-07   lamb: 1.00e+00   eps : -5.95e-10   step: 3.36e-05    0.30
         res : 6.69e-07   lamb: 1.00e+00   eps : -5.95e-10   step: 3.36e-05    0.26
         res : 5.24e-07   lamb: 1.00e+00   eps : -5.95e-10   step: 3.37e-05    0.24
         res : 4.01e-07   lamb: 1.00e+00   eps : -5.95e-10   step: 3.37e-05    0.27
         res : 3.37e-07   lamb: 1.00e+00   eps : -5.95e-10   step: 3.37e-05    0.25
         res : 2.73e-07   lamb: 1.00e+00   eps : -5.95e-10   step: 3.38e-05    0.26
         res : 1.86e-07   lamb: 1.00e+00   eps : -5.95e-10   step: 3.38e-05    0.25
         res : 1.27e-07   lamb: 1.00e+00   eps : -5.95e-10   step: 3.38e-05    0.28
         res : 8.84e-08   lamb: 1.00e+00   eps : -5.95e-10   step: 3.38e-05    0.34
         res : 6.60e-08   lamb: 1.00e+00   eps : -5.95e-10   step: 3.38e-05    0.25
         res : 5.07e-08   lamb: 1.00e+00   eps : -5.95e-10   step: 3.38e-05    0.26
         res : 3.78e-08   lamb: 1.00e+00   eps : -5.95e-10   step: 3.38e-05    0.24
         res : 2.63e-08   lamb: 1.00e+00   eps : -5.95e-10   step: 3.38e-05    0.27
         res : 1.83e-08   lamb: 1.00e+00   eps : -5.95e-10   step: 3.38e-05    0.25
         res : 1.32e-08   lamb: 1.00e+00   eps : -5.95e-10   step: 3.38e-05    0.25
         res : 9.18e-09   lamb: 1.00e+00   eps : -5.95e-10   step: 3.38e-05    0.30
         res : 6.45e-09   lamb: 1.00e+00   eps : -5.95e-10   step: 3.38e-05    0.28
         res : 4.31e-09   lamb: 1.00e+00   eps : -5.95e-10   step: 3.38e-05    0.26

      8  0      -386.75848086     1.64e-07      9.05
      8  1      -386.54726894     0.00e+00      9.05
      8  2      -386.52204086     0.00e+00      9.05
      8  3      -386.49462752     0.00e+00      9.05

         res : 6.63e-06   lamb: 1.00e+00   eps : -8.52e-11   step: 8.83e-06    0.29
         res : 3.28e-06   lamb: 1.00e+00   eps : -1.00e-10   step: 1.28e-05    0.25
         res : 1.88e-06   lamb: 1.00e+00   eps : -1.03e-10   step: 1.36e-05    0.28
         res : 1.20e-06   lamb: 1.00e+00   eps : -1.04e-10   step: 1.39e-05    0.30
         res : 8.82e-07   lamb: 1.00e+00   eps : -1.04e-10   step: 1.40e-05    0.24
         res : 6.86e-07   lamb: 1.00e+00   eps : -1.04e-10   step: 1.41e-05    0.28
         res : 5.08e-07   lamb: 1.00e+00   eps : -1.05e-10   step: 1.42e-05    0.24
         res : 3.76e-07   lamb: 1.00e+00   eps : -1.05e-10   step: 1.42e-05    0.26
         res : 2.78e-07   lamb: 1.00e+00   eps : -1.05e-10   step: 1.42e-05    0.24
         res : 2.18e-07   lamb: 1.00e+00   eps : -1.05e-10   step: 1.42e-05    0.24
         res : 1.68e-07   lamb: 1.00e+00   eps : -1.05e-10   step: 1.42e-05    0.32
         res : 1.42e-07   lamb: 1.00e+00   eps : -1.05e-10   step: 1.42e-05    0.29
         res : 1.15e-07   lamb: 1.00e+00   eps : -1.05e-10   step: 1.42e-05    0.25
         res : 7.85e-08   lamb: 1.00e+00   eps : -1.05e-10   step: 1.42e-05    0.26
         res : 5.34e-08   lamb: 1.00e+00   eps : -1.05e-10   step: 1.42e-05    0.25
         res : 3.68e-08   lamb: 1.00e+00   eps : -1.05e-10   step: 1.42e-05    0.26
         res : 2.72e-08   lamb: 1.00e+00   eps : -1.05e-10   step: 1.42e-05    0.24
         res : 2.08e-08   lamb: 1.00e+00   eps : -1.05e-10   step: 1.42e-05    0.27
         res : 1.55e-08   lamb: 1.00e+00   eps : -1.05e-10   step: 1.42e-05    0.31
         res : 1.09e-08   lamb: 1.00e+00   eps : -1.05e-10   step: 1.42e-05    0.25
         res : 7.61e-09   lamb: 1.00e+00   eps : -1.05e-10   step: 1.42e-05    0.27
         res : 5.50e-09   lamb: 1.00e+00   eps : -1.05e-10   step: 1.42e-05    0.25
         res : 3.84e-09   lamb: 1.00e+00   eps : -1.05e-10   step: 1.42e-05    0.27

      9  0      -386.75848053     6.87e-08      8.70
      9  1      -386.54726873     0.00e+00      8.70
      9  2      -386.52204191     0.00e+00      8.70
      9  3      -386.49462701     0.00e+00      8.70

         res : 2.79e-06   lamb: 1.00e+00   eps : -1.50e-11   step: 3.73e-06    0.28
         res : 1.38e-06   lamb: 1.00e+00   eps : -1.77e-11   step: 5.42e-06    0.30
         res : 7.90e-07   lamb: 1.00e+00   eps : -1.82e-11   step: 5.76e-06    0.25
         res : 5.05e-07   lamb: 1.00e+00   eps : -1.83e-11   step: 5.87e-06    0.27
         res : 3.72e-07   lamb: 1.00e+00   eps : -1.84e-11   step: 5.92e-06    0.25
         res : 2.88e-07   lamb: 1.00e+00   eps : -1.85e-11   step: 5.96e-06    0.27
         res : 2.13e-07   lamb: 1.00e+00   eps : -1.85e-11   step: 5.98e-06    0.24
         res : 1.58e-07   lamb: 1.00e+00   eps : -1.85e-11   step: 5.99e-06    0.25
         res : 1.16e-07   lamb: 1.00e+00   eps : -1.85e-11   step: 5.99e-06    0.30
         res : 9.10e-08   lamb: 1.00e+00   eps : -1.85e-11   step: 6.00e-06    0.29
         res : 7.04e-08   lamb: 1.00e+00   eps : -1.85e-11   step: 6.00e-06    0.24
         res : 5.98e-08   lamb: 1.00e+00   eps : -1.85e-11   step: 6.01e-06    0.27
         res : 4.86e-08   lamb: 1.00e+00   eps : -1.85e-11   step: 6.01e-06    0.26
         res : 3.31e-08   lamb: 1.00e+00   eps : -1.85e-11   step: 6.01e-06    0.26
         res : 2.25e-08   lamb: 1.00e+00   eps : -1.85e-11   step: 6.02e-06    0.24
         res : 1.54e-08   lamb: 1.00e+00   eps : -1.85e-11   step: 6.02e-06    0.28
         res : 1.13e-08   lamb: 1.00e+00   eps : -1.85e-11   step: 6.02e-06    0.28
         res : 8.63e-09   lamb: 1.00e+00   eps : -1.85e-11   step: 6.02e-06    0.24
         res : 6.42e-09   lamb: 1.00e+00   eps : -1.85e-11   step: 6.02e-06    0.26
         res : 4.51e-09   lamb: 1.00e+00   eps : -1.85e-11   step: 6.02e-06    0.25

     10  0      -386.75848039     2.88e-08      7.69
     10  1      -386.54726865     0.00e+00      7.69
     10  2      -386.52204235     0.00e+00      7.69
     10  3      -386.49462680     0.00e+00      7.69

         res : 1.18e-06   lamb: 1.00e+00   eps : -2.66e-12   step: 1.57e-06    0.28
         res : 5.80e-07   lamb: 1.00e+00   eps : -3.13e-12   step: 2.29e-06    0.32
         res : 3.32e-07   lamb: 1.00e+00   eps : -3.22e-12   step: 2.43e-06    0.32
         res : 2.12e-07   lamb: 1.00e+00   eps : -3.24e-12   step: 2.48e-06    0.25
         res : 1.57e-07   lamb: 1.00e+00   eps : -3.26e-12   step: 2.50e-06    0.28
         res : 1.21e-07   lamb: 1.00e+00   eps : -3.27e-12   step: 2.52e-06    0.24
         res : 8.94e-08   lamb: 1.00e+00   eps : -3.27e-12   step: 2.53e-06    0.26
         res : 6.61e-08   lamb: 1.00e+00   eps : -3.27e-12   step: 2.53e-06    0.25
         res : 4.86e-08   lamb: 1.00e+00   eps : -3.27e-12   step: 2.53e-06    0.24
         res : 3.82e-08   lamb: 1.00e+00   eps : -3.27e-12   step: 2.53e-06    0.30
         res : 2.97e-08   lamb: 1.00e+00   eps : -3.27e-12   step: 2.53e-06    0.30
         res : 2.53e-08   lamb: 1.00e+00   eps : -3.27e-12   step: 2.54e-06    0.25
         res : 2.05e-08   lamb: 1.00e+00   eps : -3.27e-12   step: 2.54e-06    0.26
         res : 1.40e-08   lamb: 1.00e+00   eps : -3.27e-12   step: 2.54e-06    0.24
         res : 9.49e-09   lamb: 1.00e+00   eps : -3.27e-12   step: 2.54e-06    0.26
         res : 6.48e-09   lamb: 1.00e+00   eps : -3.27e-12   step: 2.54e-06    0.25
         res : 4.74e-09   lamb: 1.00e+00   eps : -3.27e-12   step: 2.54e-06    0.28

     11  0      -386.75848033     1.21e-08      7.03
     11  1      -386.54726861     0.00e+00      7.03
     11  2      -386.52204253     0.00e+00      7.03
     11  3      -386.49462671     0.00e+00      7.03

         res : 4.96e-07   lamb: 1.00e+00   eps : -4.70e-13   step: 6.63e-07    0.28
         res : 2.45e-07   lamb: 1.00e+00   eps : -5.55e-13   step: 9.66e-07    0.30
         res : 1.41e-07   lamb: 1.00e+00   eps : -5.69e-13   step: 1.03e-06    0.28
         res : 9.00e-08   lamb: 1.00e+00   eps : -5.74e-13   step: 1.04e-06    0.28
         res : 6.62e-08   lamb: 1.00e+00   eps : -5.77e-13   step: 1.05e-06    0.25
         res : 5.09e-08   lamb: 1.00e+00   eps : -5.78e-13   step: 1.06e-06    0.29
         res : 3.77e-08   lamb: 1.00e+00   eps : -5.79e-13   step: 1.07e-06    0.28
         res : 2.80e-08   lamb: 1.00e+00   eps : -5.79e-13   step: 1.07e-06    0.25
         res : 2.05e-08   lamb: 1.00e+00   eps : -5.79e-13   step: 1.07e-06    0.28
         res : 1.62e-08   lamb: 1.00e+00   eps : -5.79e-13   step: 1.07e-06    0.25
         res : 1.28e-08   lamb: 1.00e+00   eps : -5.79e-13   step: 1.07e-06    0.26
         res : 1.09e-08   lamb: 1.00e+00   eps : -5.80e-13   step: 1.07e-06    0.24
         res : 8.84e-09   lamb: 1.00e+00   eps : -5.80e-13   step: 1.07e-06    0.24
         res : 5.97e-09   lamb: 1.00e+00   eps : -5.80e-13   step: 1.07e-06    0.29
         res : 4.01e-09   lamb: 1.00e+00   eps : -5.80e-13   step: 1.07e-06    0.29

     12  0      -386.75848031     5.09e-09      6.36
     12  1      -386.54726860     0.00e+00      6.36
     12  2      -386.52204260     0.00e+00      6.36
     12  3      -386.49462667     0.00e+00      6.36

    * Second-order optimization converged. *   

    * Integral transformation done. Elapsed time: 0.31

     guess   0:   closed 111...               open ......              
     guess   1:   closed 11....               open ..11..              
     guess   2:   closed .11...               open 1..1..              
     guess   3:   closed 1.1...               open .1..1.              

  === FCI iteration ===

      0  0      -386.69549273     9.39e-03      0.00
      0  1      -386.45927334     9.12e-03      0.00
      0  2      -386.37512822     1.08e-02      0.00
      0  3      -386.30382995     7.91e-03      0.00

      1  0      -386.75308563     3.58e-03      0.00
      1  1      -386.51416613     4.00e-03      0.00
      1  2      -386.48252496     7.27e-03      0.00
      1  3      -386.35370576     4.18e-03      0.00

      2  0      -386.75822299     8.81e-04      0.00
      2  1      -386.52957263     4.15e-03      0.00
      2  2      -386.51688732     3.79e-03      0.00
      2  3      -386.36375010     1.69e-03      0.00

      3  0      -386.75847351     1.51e-04      0.00
      3  1      -386.54510729     2.16e-03      0.00
      3  2      -386.52174886     7.87e-04      0.00
      3  3      -386.36541749     7.28e-04      0.00

      4  0      -386.75848000     2.89e-05      0.00
      4  1      -386.54719756     3.78e-04      0.00
      4  2      -386.52202043     1.99e-04      0.00
      4  3      -386.36784568     3.14e-03      0.00

      5  0      -386.75848029     5.59e-06      0.00
      5  1      -386.54726457     7.49e-05      0.00
      5  2      -386.52204021     4.94e-05      0.00
      5  3      -386.39550881     2.51e-03      0.00

      6  0      -386.75848031     1.16e-06      0.00
      6  1      -386.54726822     2.13e-05      0.00
      6  2      -386.52204194     1.87e-05      0.00
      6  3      -386.41919165     6.93e-03      0.00

      7  0      -386.75848031     2.46e-07      0.00
      7  1      -386.54726854     8.68e-06      0.00
      7  2      -386.52204240     1.44e-05      0.00
      7  3      -386.48499713     3.49e-03      0.00

      8  0      -386.75848031     4.87e-08      0.01
      8  1      -386.54726859     2.94e-06      0.00
      8  2      -386.52204258     5.28e-06      0.00
      8  3      -386.49373349     1.09e-03      0.00

      9  0      -386.75848031     7.50e-09      0.01
      9  1      -386.54726860     1.04e-06      0.00
      9  2      -386.52204260     1.52e-06      0.00
      9  3      -386.49451840     3.07e-04      0.00

     10  0      -386.75848031     1.56e-09      0.01
     10  1      -386.54726860     4.25e-07      0.00
     10  2      -386.52204260     6.83e-07      0.00
     10  3      -386.49460980     1.33e-04      0.00

     11  0      -386.75848031     2.83e-10      0.01
     11  1      -386.54726860     1.31e-07      0.00
     11  2      -386.52204260     2.44e-07      0.00
     11  3      -386.49462449     5.04e-05      0.00

     12  0 *    -386.75848031     4.72e-11      0.02
     12  1      -386.54726860     3.06e-08      0.00
     12  2      -386.52204260     6.59e-08      0.00
     12  3      -386.49462652     1.56e-05      0.00

     13  0 *    -386.75848031     2.31e-11      0.01
     13  1      -386.54726860     6.26e-09      0.00
     13  2      -386.52204260     1.42e-08      0.00
     13  3      -386.49462666     3.65e-06      0.00

     14  0 *    -386.75848031     2.20e-11      0.03
     14  1      -386.54726860     1.18e-09      0.00
     14  2      -386.52204260     3.04e-09      0.00
     14  3      -386.49462667     8.81e-07      0.00

     15  0 *    -386.75848031     2.15e-11      0.01
     15  1      -386.54726860     2.60e-10      0.00
     15  2      -386.52204260     6.80e-10      0.00
     15  3      -386.49462667     1.99e-07      0.00

     16  0 *    -386.75848031     2.11e-11      0.01
     16  1 *    -386.54726860     5.07e-11      0.00
     16  2      -386.52204260     1.33e-10      0.00
     16  3      -386.49462667     3.95e-08      0.00

     17  0 *    -386.75848031     2.00e-11      0.01
     17  1 *    -386.54726860     1.17e-11      0.00
     17  2 *    -386.52204260     2.64e-11      0.00
     17  3      -386.49462667     7.96e-09      0.00

     18  0 *    -386.75848031     2.00e-11      0.01
     18  1 *    -386.54726860     7.38e-12      0.00
     18  2 *    -386.52204260     8.61e-12      0.00
     18  3      -386.49462667     1.55e-09      0.00

     19  0 *    -386.75848031     2.00e-11      0.01
     19  1 *    -386.54726860     7.03e-12      0.00
     19  2 *    -386.52204260     5.93e-12      0.00
     19  3      -386.49462667     2.75e-10      0.00

     20  0 *    -386.75848031     2.00e-11      0.01
     20  1 *    -386.54726860     7.03e-12      0.00
     20  2 *    -386.52204260     5.66e-12      0.00
     20  3 *    -386.49462667     5.99e-11      0.00

     * ci vector, state   0, <S^2> = 0.0000
       222...    -0.8859673828
       22ba..    -0.2272496004
       22ab..    -0.2272496004
       2.2.2.     0.1980426911
       22.2..     0.1105562962
       b2aa.b    -0.0908885862
       a2bb.a    -0.0908885862
       .22..2     0.0827055220
       .222..     0.0642356654
       22...2     0.0601386875
       b2ba.a     0.0531618381
       a2ab.b     0.0531618381
       2.ba2.     0.0510505416
       2.ab2.     0.0510505416

     * ci vector, state   1, <S^2> = 0.0000
       b22a..     0.4091303782
       a22b..     0.4091303782
       22.2..     0.3923130072
       22b..a     0.3169071291
       22a..b     0.3169071291
       .222..    -0.2045052111
       22...2    -0.1686636695
       b2ab.a     0.1334112622
       a2ba.b     0.1334112622
       .22..2     0.1332853783
       22ab..     0.1248419768
       22ba..     0.1248419768
       222...    -0.1175214786
       a2b2..     0.1034017804
       b2a2..     0.1034017804
       a2bb.a     0.1032774510
       b2aa.b     0.1032774510
       b.2a2.     0.0917509450
       a.2b2.     0.0917509450
       2..22.    -0.0878906848
       22.a.b     0.0857135976
       22.b.a     0.0857135976
       a22..b    -0.0855005042
       b22..a    -0.0855005042
       2.b.2a     0.0710404439
       2.a.2b     0.0710404439
       b2.a.2     0.0587202181
       a2.b.2     0.0587202181

     * ci vector, state   2, <S^2> = 0.0000
       22ba..     0.5993361312
       22ab..     0.5993361311
       222...    -0.3354081976
       2.ba2.    -0.1340236591
       2.ab2.    -0.1340236591
       22.2..    -0.1225282901
       b22a..    -0.1062131905
       a22b..    -0.1062131905
       .222..     0.0876386872
       22b..a    -0.0859704991
       22a..b    -0.0859704991
       b2a2..     0.0786876443
       a2b2..     0.0786876443
       2.2.2.     0.0724038741
       b2aa.b     0.0711982038
       a2bb.a     0.0711982038
       .2ba.2    -0.0641459734
       .2ab.2    -0.0641459734
       22...2     0.0615723998
       b2ba.a    -0.0589938487
       a2ab.b    -0.0589938487

     * ci vector, state   3, <S^2> = 0.0000
       2abba.    -0.5414680145
       2baab.    -0.5414680145
       2aabb.     0.2715621740
       2bbaa.     0.2715621740
       2abab.    -0.2699058405
       2baba.    -0.2699058405
       ba2.ab     0.1096542069
       ab2.ba     0.1096542069
       .abba2     0.0699086923
       .baab2     0.0699086923
       abbaba     0.0558403043
       baabab     0.0558403043
       2b2a..     0.0550230883
       2a2b..     0.0550230882
       aa2.bb    -0.0548618397
       bb2.aa    -0.0548618397
       ba2.ba     0.0547923672
       ab2.ab     0.0547923672
       babaab     0.0543239025
       ababba     0.0543239025

    * METHOD: CASSCF                             105.86

  === SMITH program ===

    * freezing 10 orbitals
    * SS-SR internal contraction is used

    * Approximate memory requirement for SMITH calulation per MPI process:
      o Storage requirement for T-amplitude, lambda, and residual is 0.14 GB
      o Storage requirement for MO integrals is 0.02 GB
       - MO integral evaluation                    4.00

  ++ State-averaged Fock matrix over basis states ++

                         0                   1                   2                   3
     0       -1.7015467757       -0.0344187631       -0.0708560735       -0.0007407343
     1       -0.0344187631       -1.2767866629       -0.0707027707       -0.0003499467
     2       -0.0708560735       -0.0707027707       -1.4647635726        0.0013267108
     3       -0.0007407343       -0.0003499467        0.0013267108       -1.0614523683


  ++ Extended multi-state CASPT2 (XMS-CASPT2) rotation matrix ++

                         0                   1                   2                   3
     0       -0.9502926715       -0.3104199582       -0.0241074033       -0.0014564331
     1       -0.1178304967        0.2868981467        0.9506829494       -0.0027124144
     2       -0.2882004783        0.9062659073       -0.3092028828        0.0040208070
     3       -0.0005448514       -0.0033178821        0.0037868289        0.9999871773


  ++ Reference energies in XMS basis ++

                         0                   1                   2                   3
     0     -386.7359093596       -0.0688938906       -0.0025908268       -0.0003502385
     1       -0.0688938906     -386.5469019345       -0.0086500767       -0.0001782260
     2       -0.0025908268       -0.0086500767     -386.5449788272        0.0001605655
     3       -0.0003502385       -0.0001782260        0.0001605655     -386.4946280627

    * Calculating and saving rdm4f

    - linear dependency detected:    1 /   72    min eigenvalue:     6.9955e-16    max eigenvalue:     6.9955e-16
    - linear dependency detected:    1 /   72    min eigenvalue:     5.7024e-17    max eigenvalue:     5.7024e-17
    - linear dependency detected:    1 /   72    min eigenvalue:    -6.8675e-17    max eigenvalue:    -6.8675e-17
    - linear dependency detected:    1 /   72    min eigenvalue:    -1.5082e-15    max eigenvalue:    -1.5082e-15
    - linear dependency detected:   24 /  216    min eigenvalue:    -5.3377e-15    max eigenvalue:     9.6168e-10
    - linear dependency detected:   15 /  216    min eigenvalue:    -8.4695e-16    max eigenvalue:     8.9092e-10
    - linear dependency detected:   14 /  216    min eigenvalue:    -2.9191e-15    max eigenvalue:     8.9911e-10
    - linear dependency detected:   15 /  216    min eigenvalue:    -2.0761e-15    max eigenvalue:     5.7647e-10
    - linear dependency detected:   22 /  216    min eigenvalue:    -1.2977e-15    max eigenvalue:     8.2446e-10
    - linear dependency detected:   14 /  216    min eigenvalue:    -1.7534e-16    max eigenvalue:     5.0107e-10
    - linear dependency detected:   14 /  216    min eigenvalue:    -8.8892e-16    max eigenvalue:     9.7407e-10
    - linear dependency detected:   15 /  216    min eigenvalue:    -5.9087e-16    max eigenvalue:     6.4035e-10
       - RDM + denominator evaluation              1.64

    * Zeroth order energy : state  0       -1.7273038278
    * Zeroth order energy : state  1       -1.4628808540
    * Zeroth order energy : state  2       -1.2529196919
    * Zeroth order energy : state  3       -1.0614450057

    * CASPT2 iteration is performed using redundant basis

      ---- iteration ----

        0    -1.10800930     0.00102869      3.16
        1    -1.10856123     0.00006137      3.44
        2    -1.10856382     0.00000463      3.40
        3    -1.10856384     0.00000047      3.41

        0    -1.12907111     0.00098812      3.72
        1    -1.12970269     0.00006100      3.49
        2    -1.12970648     0.00000533      3.39
        3    -1.12970652     0.00000055      3.57

        0    -1.09462400     0.00088347      3.68
        1    -1.09511863     0.00005382      3.49
        2    -1.09512153     0.00000461      3.39
        3    -1.09512156     0.00000050      3.42

        0    -1.08466819     0.00086574      3.67
        1    -1.08515005     0.00006249      3.50
        2    -1.08515411     0.00000657      3.52
        3    -1.08515433     0.00000149      3.43
        4    -1.08515449     0.00000105      3.57
        5    -1.08515478     0.00000061      3.74

      -------------------

       - CASPT2 energy evaluation                 65.47

    * CASPT2 energy : state  0     -388.0125187633
        w/o shift correction       -387.8444731972
        reference weight              0.7484519401

    * CASPT2 energy : state  1     -387.8555844646
        w/o shift correction       -387.6766084568
        reference weight              0.7364030456

    * CASPT2 energy : state  2     -387.8092997578
        w/o shift correction       -387.6401003838
        reference weight              0.7471614879

    * CASPT2 energy : state  3     -387.7455467478
        w/o shift correction       -387.5797828433
        reference weight              0.7510169846


    * MS-CASPT2 Heff
           -388.0125187633       -0.0430248645        0.0018749102       -0.0003186612
             -0.0430248645     -387.8555844646       -0.0131600073       -0.0001660691
              0.0018749102       -0.0131600073     -387.8092997578        0.0002335484
             -0.0003186612       -0.0001660691        0.0002335484     -387.7455467478


    * MS-CASPT2 rotation matrix
             -0.9685725176       -0.2379817080       -0.0723268265       -0.0009027807
             -0.2486353566        0.9184355662        0.3076587538       -0.0016313780
             -0.0067946702        0.3159759747       -0.9487345403        0.0039734056
             -0.0012530409        0.0000279698        0.0042063601        0.9999903678


    * XMS-CASPT2 rotation matrix
              0.9977743691       -0.0665658580       -0.0039063645       -0.0001878894
              0.0363381795        0.5919318604       -0.8051681282        0.0007033965
              0.0559092092        0.8032327139        0.5930336335        0.0015738994
              0.0000739157       -0.0016930798       -0.0003677574        0.9999984964

    * MS-CASPT2 energy : state  0     -388.0235506295
    * MS-CASPT2 energy : state  1     -387.8489635538
    * MS-CASPT2 energy : state  2     -387.8048902890
    * MS-CASPT2 energy : state  3     -387.7455452612



    * METHOD: SMITH                               90.48


  
  ===============================================================

