--------------------------------------------------
JOB FRONT-END 484547 on wux54
SLURM ENVIRONMENT
--------------------------------------------------
SLURM_JOB_ID                   = 484547              
SLURM_ARRAY_JOB_ID             = N/A                 
SLURM_ARRAY_TASK_ID            = N/A                 
SLURM_JOB_NAME                 = bagel-chain         
SLURM_JOB_PARTITION            = wux5x               
SLURM_JOB_NUM_NODES            = 1                   
SLURM_JOB_CPUS_PER_NODE        = 20                  
SLURM_NTASKS                   = 20                  
SLURM_NTASKS_PER_NODE          = N/A                 
--------------------------------------------------
--------------------------------------------------
PBS ENVIRONMENT
--------------------------------------------------
PBS_JOBID                      = 484547              
PBS_ARRAYID                    = N/A                 
PBS_JOBNAME                    = bagel-chain         
PBS_QUEUE                      = wux5x               
PBS_NUM_NODES                  = 1                   
PBS_NUM_PPN                    = 1                   
PBS_NP                         = 20                  
PBS_NODEFILE                   = /tmp/484547/nodes   
--------------------------------------------------
  * process grid (5, 4) will be used
    wux54                           
    wux54                           
    wux54                           
    wux54                           
    wux54                           
    wux54                           
    wux54                           
    wux54                           
    wux54                           
    wux54                           
    wux54                           
    wux54                           
    wux54                           
    wux54                           
    wux54                           
    wux54                           
    wux54                           
    wux54                           
    wux54                           
    wux54                           

  * using 20 threads per process

  ===============================================================
    BAGEL - Freshly leavened quantum chemistry                   
  ===============================================================

  *** Geometry ***

  { "atom" : "C", "xyz" : [      4.362724,     -1.152493,      1.848754 ] },
  { "atom" : "C", "xyz" : [      4.101718,      1.548427,      1.785044 ] },
  { "atom" : "C", "xyz" : [      1.989361,      2.672614,      0.688796 ] },
  { "atom" : "N", "xyz" : [      0.225258,      1.077963,     -0.251060 ] },
  { "atom" : "B", "xyz" : [      0.236186,     -1.648380,     -0.200875 ] },
  { "atom" : "C", "xyz" : [      2.541585,     -2.860102,      0.954857 ] },
  { "atom" : "C", "xyz" : [     -2.333792,     -1.746038,     -1.863319 ] },
  { "atom" : "C", "xyz" : [     -4.839250,     -1.201591,     -0.522421 ] },
  { "atom" : "C", "xyz" : [     -4.573007,      1.358084,     -0.510096 ] },
  { "atom" : "C", "xyz" : [     -2.045763,      1.254928,     -1.885124 ] },
  { "atom" : "H", "xyz" : [      6.135741,     -1.887242,      2.637436 ] },
  { "atom" : "H", "xyz" : [      5.595797,      2.752214,      2.548216 ] },
  { "atom" : "H", "xyz" : [      1.730346,      4.721524,      0.532207 ] },
  { "atom" : "H", "xyz" : [      2.962564,     -4.882596,      1.072554 ] },
  { "atom" : "H", "xyz" : [     -2.390058,     -2.783133,     -3.660705 ] },
  { "atom" : "H", "xyz" : [     -6.300022,     -2.467944,      0.204002 ] },
  { "atom" : "H", "xyz" : [     -5.662131,      2.929558,      0.268467 ] },
  { "atom" : "H", "xyz" : [     -1.737256,      2.314207,     -3.646732 ] },

  Number of auxiliary basis functions:      884

  Since a DF basis is specified, we compute 2- and 3-index integrals:
    o Being stored without compression. Storage requirement is 0.645 GB
       - 3-index ints prep                         0.00
       - 3-index ints                              0.15
       - 2-index ints                              0.02
       - computing inverse                         0.10
        elapsed time:        0.26 sec.


  Number of basis functions:      302
  Number of electrons      :       68


    * METHOD: MOLECULE                             0.29

       - 3-index ints prep                         0.00
       - 3-index ints                              0.12
       - 2-index ints                              0.02
       - computing inverse                         0.07

  Using the coefficient projected to the input geometry 


    * METHOD: LOAD_REF                             0.31

  ---------------------------
      CASSCF calculation     
  ---------------------------

    * nstate   :      2
    * nclosed  :     28
    * nact     :     12
    * nvirt    :    262
  === CASSCF iteration (/home/buehlerm/software/bagel/installation/share/aug-cc-pVDZ.json) ===

    * Using the second-order algorithm

      0  0      -386.79907121     1.01e-02     15.94
      0  1      -386.62045735     0.00e+00     15.94

         res : 6.87e-02   lamb: 1.00e+00   eps : -6.36e-02   step: 1.01e-01    0.07
         res : 2.35e-02   lamb: 1.00e+00   eps : -6.45e-02   step: 1.06e-01    0.07
         res : 5.83e-03   lamb: 1.00e+00   eps : -6.45e-02   step: 1.08e-01    0.07
         res : 1.99e-03   lamb: 1.00e+00   eps : -6.45e-02   step: 1.08e-01    0.07
         res : 4.97e-04   lamb: 1.00e+00   eps : -6.45e-02   step: 1.08e-01    0.07
         res : 2.22e-04   lamb: 1.00e+00   eps : -6.45e-02   step: 1.08e-01    0.07
         res : 8.94e-05   lamb: 1.00e+00   eps : -6.45e-02   step: 1.08e-01    0.07
         res : 4.05e-05   lamb: 1.00e+00   eps : -6.45e-02   step: 1.08e-01    0.07
         res : 1.27e-05   lamb: 1.00e+00   eps : -6.45e-02   step: 1.08e-01    0.07
         res : 4.70e-06   lamb: 1.00e+00   eps : -6.45e-02   step: 1.08e-01    0.07

      1  0      -386.83182777     1.09e-04     17.51
      1  1      -386.65303975     0.00e+00     17.51

         res : 5.12e-03   lamb: 1.00e+00   eps : -7.94e-05   step: 1.76e-02    0.07
         res : 2.16e-03   lamb: 1.00e+00   eps : -8.72e-05   step: 2.13e-02    0.07
         res : 7.96e-04   lamb: 1.00e+00   eps : -8.94e-05   step: 2.34e-02    0.07
         res : 5.66e-04   lamb: 1.00e+00   eps : -8.99e-05   step: 2.46e-02    0.07
         res : 3.05e-04   lamb: 1.00e+00   eps : -9.01e-05   step: 2.51e-02    0.07
         res : 1.74e-04   lamb: 1.00e+00   eps : -9.01e-05   step: 2.52e-02    0.07
         res : 9.11e-05   lamb: 1.00e+00   eps : -9.01e-05   step: 2.52e-02    0.07
         res : 5.38e-05   lamb: 1.00e+00   eps : -9.01e-05   step: 2.52e-02    0.07
         res : 2.40e-05   lamb: 1.00e+00   eps : -9.01e-05   step: 2.52e-02    0.07
         res : 9.45e-06   lamb: 1.00e+00   eps : -9.01e-05   step: 2.52e-02    0.07
         res : 4.23e-06   lamb: 1.00e+00   eps : -9.01e-05   step: 2.52e-02    0.07
         res : 1.59e-06   lamb: 1.00e+00   eps : -9.01e-05   step: 2.52e-02    0.07

      2  0      -386.83185887     1.69e-05     17.38
      2  1      -386.65310302     0.00e+00     17.38

         res : 6.77e-04   lamb: 1.00e+00   eps : -7.89e-07   step: 1.08e-03    0.06
         res : 1.70e-04   lamb: 1.00e+00   eps : -8.88e-07   step: 1.50e-03    0.06
         res : 7.50e-05   lamb: 1.00e+00   eps : -9.00e-07   step: 1.64e-03    0.06
         res : 3.16e-05   lamb: 1.00e+00   eps : -9.02e-07   step: 1.68e-03    0.06
         res : 1.62e-05   lamb: 1.00e+00   eps : -9.03e-07   step: 1.69e-03    0.06
         res : 9.11e-06   lamb: 1.00e+00   eps : -9.03e-07   step: 1.70e-03    0.06
         res : 5.12e-06   lamb: 1.00e+00   eps : -9.03e-07   step: 1.70e-03    0.06
         res : 3.09e-06   lamb: 1.00e+00   eps : -9.03e-07   step: 1.70e-03    0.06
         res : 1.65e-06   lamb: 1.00e+00   eps : -9.03e-07   step: 1.70e-03    0.06
         res : 8.17e-07   lamb: 1.00e+00   eps : -9.03e-07   step: 1.70e-03    0.06
         res : 3.22e-07   lamb: 1.00e+00   eps : -9.03e-07   step: 1.70e-03    0.06
         res : 1.34e-07   lamb: 1.00e+00   eps : -9.03e-07   step: 1.70e-03    0.06

      3  0      -386.83186177     4.71e-06     17.02
      3  1      -386.65310125     0.00e+00     17.02

         res : 1.89e-04   lamb: 1.00e+00   eps : -6.29e-08   step: 3.36e-04    0.07
         res : 4.43e-05   lamb: 1.00e+00   eps : -7.20e-08   step: 4.97e-04    0.07
         res : 2.16e-05   lamb: 1.00e+00   eps : -7.30e-08   step: 5.35e-04    0.07
         res : 7.49e-06   lamb: 1.00e+00   eps : -7.31e-08   step: 5.43e-04    0.07
         res : 3.43e-06   lamb: 1.00e+00   eps : -7.31e-08   step: 5.44e-04    0.07
         res : 1.80e-06   lamb: 1.00e+00   eps : -7.31e-08   step: 5.45e-04    0.07
         res : 1.10e-06   lamb: 1.00e+00   eps : -7.31e-08   step: 5.45e-04    0.07
         res : 6.90e-07   lamb: 1.00e+00   eps : -7.31e-08   step: 5.45e-04    0.07
         res : 3.47e-07   lamb: 1.00e+00   eps : -7.31e-08   step: 5.45e-04    0.07
         res : 1.74e-07   lamb: 1.00e+00   eps : -7.31e-08   step: 5.45e-04    0.07
         res : 7.12e-08   lamb: 1.00e+00   eps : -7.31e-08   step: 5.45e-04    0.07
         res : 3.28e-08   lamb: 1.00e+00   eps : -7.31e-08   step: 5.45e-04    0.07

      4  0      -386.83186376     1.64e-06     17.59
      4  1      -386.65309937     0.00e+00     17.59

         res : 6.90e-05   lamb: 1.00e+00   eps : -8.49e-09   step: 1.40e-04    0.07
         res : 1.59e-05   lamb: 1.00e+00   eps : -9.84e-09   step: 2.13e-04    0.07
         res : 7.57e-06   lamb: 1.00e+00   eps : -9.95e-09   step: 2.24e-04    0.07
         res : 2.38e-06   lamb: 1.00e+00   eps : -9.97e-09   step: 2.26e-04    0.07
         res : 1.04e-06   lamb: 1.00e+00   eps : -9.97e-09   step: 2.27e-04    0.07
         res : 4.02e-07   lamb: 1.00e+00   eps : -9.97e-09   step: 2.27e-04    0.07
         res : 1.82e-07   lamb: 1.00e+00   eps : -9.97e-09   step: 2.27e-04    0.07
         res : 1.11e-07   lamb: 1.00e+00   eps : -9.97e-09   step: 2.27e-04    0.07
         res : 6.04e-08   lamb: 1.00e+00   eps : -9.97e-09   step: 2.27e-04    0.07
         res : 3.46e-08   lamb: 1.00e+00   eps : -9.97e-09   step: 2.27e-04    0.07
         res : 1.71e-08   lamb: 1.00e+00   eps : -9.97e-09   step: 2.27e-04    0.07

      5  0      -386.83186486     6.58e-07     17.42
      5  1      -386.65309828     0.00e+00     17.42

         res : 3.08e-05   lamb: 1.00e+00   eps : -1.61e-09   step: 6.73e-05    0.07
         res : 6.77e-06   lamb: 1.00e+00   eps : -1.87e-09   step: 1.00e-04    0.07
         res : 3.06e-06   lamb: 1.00e+00   eps : -1.89e-09   step: 1.04e-04    0.07
         res : 9.25e-07   lamb: 1.00e+00   eps : -1.89e-09   step: 1.05e-04    0.07
         res : 4.06e-07   lamb: 1.00e+00   eps : -1.89e-09   step: 1.05e-04    0.06
         res : 1.51e-07   lamb: 1.00e+00   eps : -1.89e-09   step: 1.05e-04    0.07
         res : 5.72e-08   lamb: 1.00e+00   eps : -1.89e-09   step: 1.05e-04    0.07
         res : 2.85e-08   lamb: 1.00e+00   eps : -1.89e-09   step: 1.05e-04    0.06
         res : 1.31e-08   lamb: 1.00e+00   eps : -1.89e-09   step: 1.05e-04    0.07
         res : 6.26e-09   lamb: 1.00e+00   eps : -1.89e-09   step: 1.05e-04    0.07

      6  0      -386.83186543     2.91e-07     16.84
      6  1      -386.65309771     0.00e+00     16.84

         res : 1.48e-05   lamb: 1.00e+00   eps : -3.59e-10   step: 3.36e-05    0.06
         res : 3.13e-06   lamb: 1.00e+00   eps : -4.16e-10   step: 4.89e-05    0.07
         res : 1.37e-06   lamb: 1.00e+00   eps : -4.20e-10   step: 5.06e-05    0.07
         res : 4.01e-07   lamb: 1.00e+00   eps : -4.21e-10   step: 5.08e-05    0.06
         res : 1.78e-07   lamb: 1.00e+00   eps : -4.21e-10   step: 5.10e-05    0.06
         res : 6.83e-08   lamb: 1.00e+00   eps : -4.21e-10   step: 5.10e-05    0.07
         res : 2.55e-08   lamb: 1.00e+00   eps : -4.21e-10   step: 5.10e-05    0.06
         res : 1.37e-08   lamb: 1.00e+00   eps : -4.21e-10   step: 5.10e-05    0.06
         res : 7.57e-09   lamb: 1.00e+00   eps : -4.21e-10   step: 5.10e-05    0.07
         res : 4.46e-09   lamb: 1.00e+00   eps : -4.21e-10   step: 5.10e-05    0.07

      7  0      -386.83186572     1.35e-07     16.95
      7  1      -386.65309742     0.00e+00     16.95

         res : 7.26e-06   lamb: 1.00e+00   eps : -8.51e-11   step: 1.69e-05    0.07
         res : 1.51e-06   lamb: 1.00e+00   eps : -9.83e-11   step: 2.40e-05    0.07
         res : 6.43e-07   lamb: 1.00e+00   eps : -9.93e-11   step: 2.48e-05    0.07
         res : 1.86e-07   lamb: 1.00e+00   eps : -9.94e-11   step: 2.49e-05    0.07
         res : 8.23e-08   lamb: 1.00e+00   eps : -9.95e-11   step: 2.50e-05    0.07
         res : 3.23e-08   lamb: 1.00e+00   eps : -9.95e-11   step: 2.50e-05    0.07
         res : 1.20e-08   lamb: 1.00e+00   eps : -9.95e-11   step: 2.50e-05    0.07
         res : 6.52e-09   lamb: 1.00e+00   eps : -9.95e-11   step: 2.50e-05    0.07
         res : 3.79e-09   lamb: 1.00e+00   eps : -9.95e-11   step: 2.50e-05    0.07

      8  0      -386.83186587     6.47e-08     17.21
      8  1      -386.65309727     0.00e+00     17.21

         res : 3.58e-06   lamb: 1.00e+00   eps : -2.06e-11   step: 8.43e-06    0.07
         res : 7.37e-07   lamb: 1.00e+00   eps : -2.38e-11   step: 1.18e-05    0.06
         res : 3.10e-07   lamb: 1.00e+00   eps : -2.40e-11   step: 1.22e-05    0.06
         res : 8.90e-08   lamb: 1.00e+00   eps : -2.40e-11   step: 1.23e-05    0.06
         res : 3.94e-08   lamb: 1.00e+00   eps : -2.40e-11   step: 1.23e-05    0.06
         res : 1.56e-08   lamb: 1.00e+00   eps : -2.40e-11   step: 1.23e-05    0.06
         res : 5.79e-09   lamb: 1.00e+00   eps : -2.40e-11   step: 1.23e-05    0.06
         res : 3.13e-09   lamb: 1.00e+00   eps : -2.40e-11   step: 1.23e-05    0.06

      9  0      -386.83186594     3.14e-08     16.87
      9  1      -386.65309720     0.00e+00     16.87

         res : 1.77e-06   lamb: 1.00e+00   eps : -5.04e-12   step: 4.20e-06    0.07
         res : 3.63e-07   lamb: 1.00e+00   eps : -5.79e-12   step: 5.84e-06    0.07
         res : 1.51e-07   lamb: 1.00e+00   eps : -5.84e-12   step: 6.03e-06    0.07
         res : 4.34e-08   lamb: 1.00e+00   eps : -5.85e-12   step: 6.06e-06    0.07
         res : 1.92e-08   lamb: 1.00e+00   eps : -5.85e-12   step: 6.07e-06    0.06
         res : 7.69e-09   lamb: 1.00e+00   eps : -5.85e-12   step: 6.08e-06    0.06
         res : 2.86e-09   lamb: 1.00e+00   eps : -5.85e-12   step: 6.07e-06    0.06

     10  0      -386.83186598     1.54e-08     16.74
     10  1      -386.65309716     0.00e+00     16.74

         res : 8.72e-07   lamb: 1.00e+00   eps : -1.23e-12   step: 2.08e-06    0.07
         res : 1.79e-07   lamb: 1.00e+00   eps : -1.41e-12   step: 2.89e-06    0.07
         res : 7.44e-08   lamb: 1.00e+00   eps : -1.43e-12   step: 2.98e-06    0.07
         res : 2.14e-08   lamb: 1.00e+00   eps : -1.43e-12   step: 2.99e-06    0.06
         res : 9.48e-09   lamb: 1.00e+00   eps : -1.43e-12   step: 3.00e-06    0.07
         res : 3.82e-09   lamb: 1.00e+00   eps : -1.43e-12   step: 3.00e-06    0.07

     11  0      -386.83186600     7.57e-09     16.75
     11  1      -386.65309715     0.00e+00     16.75

    * Second-order optimization converged. *   

    * Integral transformation done. Elapsed time: 0.08

       - jop, kop                                  0.00
       - denom                                     0.02
     guess   0:   closed 111111......         open ............        
     guess   1:   closed 11111.......         open .....11.....        

  === FCI iteration ===

      0  0      -386.69916289     3.86e-04      0.61
      0  1      -386.46142515     4.10e-04      0.00

      1  0      -386.80973108     1.82e-04      0.61
      1  1      -386.59580287     2.49e-04      0.00

      2  0      -386.82816375     8.06e-05      0.63
      2  1      -386.63834493     1.33e-04      0.00

      3  0      -386.83128284     3.35e-05      0.63
      3  1      -386.64908080     6.98e-05      0.00

      4  0      -386.83177930     1.32e-05      0.62
      4  1      -386.65187947     3.82e-05      0.00

      5  0      -386.83185269     5.26e-06      0.63
      5  1      -386.65271128     2.11e-05      0.00

      6  0      -386.83186390     2.08e-06      0.62
      6  1      -386.65295681     1.18e-05      0.00

      7  0      -386.83186565     8.19e-07      0.63
      7  1      -386.65303524     7.01e-06      0.00

      8  0      -386.83186594     3.47e-07      0.62
      8  1      -386.65307079     5.19e-06      0.00

      9  0      -386.83186599     1.38e-07      0.62
      9  1      -386.65308925     3.46e-06      0.00

     10  0      -386.83186600     5.14e-08      0.62
     10  1      -386.65309537     1.77e-06      0.00

     11  0      -386.83186600     1.77e-08      0.62
     11  1      -386.65309678     7.68e-07      0.00

     12  0      -386.83186600     6.09e-09      0.62
     12  1      -386.65309706     3.56e-07      0.00

     13  0      -386.83186600     2.39e-09      0.63
     13  1      -386.65309712     1.85e-07      0.00

     14  0      -386.83186600     9.69e-10      0.63
     14  1      -386.65309714     9.25e-08      0.00

     15  0      -386.83186600     3.86e-10      0.63
     15  1      -386.65309714     4.53e-08      0.00

     16  0      -386.83186600     1.54e-10      0.64
     16  1      -386.65309715     2.44e-08      0.00

     17  0 *    -386.83186600     6.08e-11      0.53
     17  1      -386.65309715     1.38e-08      0.00

     18  0 *    -386.83186600     5.80e-11      0.34
     18  1      -386.65309715     7.18e-09      0.00

     19  0 *    -386.83186600     5.77e-11      0.33
     19  1      -386.65309715     3.35e-09      0.00

     20  0 *    -386.83186600     5.78e-11      0.35
     20  1      -386.65309715     1.58e-09      0.00

     21  0 *    -386.83186600     5.77e-11      0.36
     21  1      -386.65309715     7.87e-10      0.00
    ** throwing out 1 trial vectors **

     22  0 *    -386.83186600     5.77e-11      0.35
     22  1      -386.65309715     4.19e-10      0.00
    ** throwing out 1 trial vectors **

     23  0 *    -386.83186600     5.76e-11      0.36
     23  1      -386.65309715     2.32e-10      0.00
    ** throwing out 1 trial vectors **

     24  0 *    -386.83186600     5.76e-11      0.36
     24  1      -386.65309715     1.25e-10      0.00
    ** throwing out 1 trial vectors **

     25  0 *    -386.83186600     5.76e-11      0.25
     25  1 *    -386.65309715     6.22e-11      0.00

     * ci vector   0, <S^2> = -0.0000, E =     -386.83186600
       222222......     0.9102906813
       222.22..2...    -0.1789104817
       2222.22.....    -0.1271240585
       22222..2....    -0.1167807992
       2.2222....2.    -0.0888089330
       2222aabb....    -0.0685099273
       2222bbaa....    -0.0685099273
       2222abab....    -0.0679654439
       2222baba....    -0.0679654439
       .22222.....2    -0.0672508455
       22222.2.....    -0.0622861662
       22222ab.....     0.0575330293
       22222ba.....     0.0575330293

     * ci vector   1, <S^2> = -0.0000, E =     -386.65309715
       22222ab.....     0.5609859201
       22222ba.....     0.5609859201
       2222b2.a....    -0.2495866197
       2222a2.b....    -0.2495866197
       222.2ab.2...    -0.1097145034
       222.2ba.2...    -0.1097145034
       22a2b22.....     0.0946827041
       22b2a22.....     0.0946827041
       222222......    -0.0939675109
       22222..a.b..     0.0741980520
       22222..b.a..     0.0741980520
       22222.a..b..     0.0628538503
       22222.b..a..     0.0628538503
       22b22aab....    -0.0605614331
       22a22bba....    -0.0605614331
       2222.2b..a..    -0.0592795161
       2222.2a..b..    -0.0592795161
       2222ab2.....    -0.0578298350
       2222ba2.....    -0.0578298350
       2222.2.2....     0.0546454597
       2.222ab...2.    -0.0545726982
       2.222ba...2.    -0.0545726982
       2222abb..a..    -0.0543253907
       2222baa..b..    -0.0543253907
       2222baba....     0.0541133482
       2222abab....     0.0541133482
       2222ba.a.b..     0.0528908829
       2222ab.b.a..     0.0528908829
       22a22b2.....     0.0519133170
       22b22a2.....     0.0519133170
       22b22a.2....    -0.0516523741
       22a22b.2....    -0.0516523741
       22a2b2ba....     0.0515744986
       22b2a2ab....     0.0515744986

    * METHOD: CASSCF                             220.11


    * METHOD: PRINT                                0.07


    * METHOD: SAVE_REF                             0.16

  === SMITH program ===

    * freezing 10 orbitals
    * SS-SR internal contraction is used

    * Approximate memory requirement for SMITH calculation per MPI process:
      o Storage requirement for T-amplitude, lambda, and residual is 0.43 GB
      o Storage requirement for MO integrals is 0.03 GB
       - MO integral evaluation                    0.76

  ++ State-averaged Fock matrix over basis states ++

                         0                   1
     0       -4.8852741393        0.0183786966
     1        0.0183786966       -4.5018150642


  ++ Extended multi-state CASPT2 (XMS-CASPT2) rotation matrix ++

                         0                   1
     0       -0.9988586236       -0.0477645277
     1        0.0477645277       -0.9988586236


     * ci vector, state   0, <S^2> = 0.0000
       222222......    -0.9137400108
       222.22..2...     0.1795226948
       2222.22.....     0.1265749552
       22222..2....     0.1168672185
       2.2222....2.     0.0891552008
       2222baba....     0.0704725683
       2222abab....     0.0704725683
       2222bbaa....     0.0690187026
       2222aabb....     0.0690187026
       .22222.....2     0.0674795475
       22222.2.....     0.0635736840

     * ci vector, state   1, <S^2> = -0.0000
       22222ab.....    -0.5630936620
       22222ba.....    -0.5630936620
       2222b2.a....     0.2512778235
       2222a2.b....     0.2512778235
       222.2ab.2...     0.1101382919
       222.2ba.2...     0.1101382919
       22a2b22.....    -0.0946883225
       22b2a22.....    -0.0946883225
       22222..a.b..    -0.0744398331
       22222..b.a..    -0.0744398331
       22222.a..b..    -0.0631647481
       22222.b..a..    -0.0631647481
       22b22aab....     0.0611735035
       22a22bba....     0.0611735035
       2222.2b..a..     0.0605343940
       2222.2a..b..     0.0605343940
       2222ab2.....     0.0587964217
       2222ba2.....     0.0587964217
       2222abb..a..     0.0553548796
       2222baa..b..     0.0553548796
       2.222ab...2.     0.0547731188
       2.222ba...2.     0.0547731188
       2222.2.2....    -0.0536174874
       22b22a.2....     0.0530472173
       22a22b.2....     0.0530472173
       22a22b2.....    -0.0524055060
       22b22a2.....    -0.0524055060
       2222ba.a.b..    -0.0520973220
       2222ab.b.a..    -0.0520973220
       22a2b2ba....    -0.0508347055
       22b2a2ab....    -0.0508347055
       2222baba....    -0.0508052472
       2222abab....    -0.0508052472
       222222......     0.0503806541

  ++ Reference energies in XMS basis ++

                         0                   1
     0     -386.8314581465       -0.0085290638
     1       -0.0085290638     -386.6535049988

    * Calculating and saving rdm4f

    * Third and Fock-weighted fourth order RDM ( 1, 1) evaluation
      will be done with 40 passes
       - RDM evaluation (multipassing)            38.58
    * Third and Fock-weighted fourth order RDM ( 2, 1) evaluation
      will be done with 40 passes
       - RDM evaluation (multipassing)            62.32
    * Third and Fock-weighted fourth order RDM ( 1, 2) evaluation
      will be done with 40 passes
       - RDM evaluation (multipassing)            61.87
    * Third and Fock-weighted fourth order RDM ( 2, 2) evaluation
      will be done with 40 passes
       - RDM evaluation (multipassing)            39.65
    - linear dependency detected:    1 /  288    min eigenvalue:    -6.8949e-14    max eigenvalue:    -6.8949e-14
    - linear dependency detected:    1 /  288    min eigenvalue:    -6.6477e-14    max eigenvalue:    -6.6477e-14
    - linear dependency detected:   12 / 1728    min eigenvalue:    -2.6703e-13    max eigenvalue:     2.8069e-15
    - linear dependency detected:   12 / 1728    min eigenvalue:    -1.5899e-13    max eigenvalue:     7.3110e-14
    - linear dependency detected:   12 / 1728    min eigenvalue:    -4.0321e-15    max eigenvalue:     4.2066e-15
    - linear dependency detected:   12 / 1728    min eigenvalue:    -4.0173e-15    max eigenvalue:     3.2630e-15
       - RDM + denominator evaluation            241.43

    * Zeroth order energy : state  0       -4.8861529922
    * Zeroth order energy : state  1       -4.5009362113

    * CASPT2 iteration is performed using redundant basis

      ---- iteration ----

        0    -1.03994810     0.00252332      6.59
        1    -1.04290244     0.00034807      6.66
        2    -1.04296191     0.00004909      6.85
        3    -1.04296335     0.00000879      6.93
        4    -1.04296340     0.00000146      7.02
        5    -1.04296340     0.00000030      7.12

        0    -1.04809329     0.00248118      7.46
        1    -1.05114794     0.00034635      7.43
        2    -1.05121230     0.00004945      6.69
        3    -1.05121389     0.00000899      6.60
        4    -1.05121395     0.00000149      6.79
        5    -1.05121395     0.00000030      6.81

      -------------------

       - CASPT2 energy evaluation                 84.71

    * CASPT2 energy : state  0     -388.0281877224
        w/o shift correction       -387.8744215449
        reference weight              0.7647994301

    * CASPT2 energy : state  1     -387.8651783225
        w/o shift correction       -387.7047189467
        reference weight              0.7570488335


    * MS-CASPT2 Heff
           -388.0281877224       -0.0060795361
             -0.0060795361     -387.8651783225


    * MS-CASPT2 rotation matrix
             -0.9993071673        0.0372180797
             -0.0372180797       -0.9993071673


    * XMS-CASPT2 rotation matrix
              0.9999442856        0.0105558350
             -0.0105558350        0.9999442856

    * MS-CASPT2 energy : state  0     -388.0284141480
    * MS-CASPT2 energy : state  1     -387.8649518969



    * METHOD: SMITH                              336.85


  
  ===============================================================

