    * Using parallel algorithm in FCI.
    * Parallel algorithm will be used.
  ---------------------------
        FCI calculation      
  ---------------------------

 Constructing space of all determinants that can formed by removing 1 electron from 6 alpha and 6 beta electrons.

 Space is made up of 4 determinants.
  o forming links
    * Integral transformation done. Elapsed time: 0.09

       - jop, kop                                  0.00
       - denom                                     0.02
     guess   0:   closed 111111......         open ............        
     guess   1:   closed 11111.......         open .....11.....        

  === FCI iteration ===

      0  0      -386.66639109     3.86e-04      0.61
      0  1      -386.42908406     4.10e-04      0.00

      1  0      -386.77694896     1.82e-04      0.61
      1  1      -386.56342668     2.49e-04      0.00

      2  0      -386.79536258     8.05e-05      0.62
      2  1      -386.60574095     1.33e-04      0.00

      3  0      -386.79848348     3.36e-05      0.62
      3  1      -386.61643416     6.96e-05      0.00

      4  0      -386.79898350     1.33e-05      0.62
      4  1      -386.61923091     3.82e-05      0.00

      5  0      -386.79905775     5.29e-06      0.62
      5  1      -386.62006528     2.11e-05      0.00

      6  0      -386.79906910     2.09e-06      0.63
      6  1      -386.62031239     1.18e-05      0.00

      7  0      -386.79907086     8.22e-07      0.63
      7  1      -386.62039242     7.14e-06      0.00

      8  0      -386.79907116     3.50e-07      0.64
      8  1      -386.62042981     5.36e-06      0.00

      9  0      -386.79907121     1.39e-07      0.66
      9  1      -386.62044931     3.53e-06      0.00

     10  0      -386.79907121     5.15e-08      0.65
     10  1      -386.62045561     1.76e-06      0.00

     11  0      -386.79907121     1.76e-08      0.66
     11  1      -386.62045700     7.59e-07      0.00

     12  0      -386.79907121     6.11e-09      0.66
     12  1      -386.62045727     3.46e-07      0.00

     13  0      -386.79907121     2.41e-09      0.66
     13  1      -386.62045733     1.78e-07      0.00

     14  0      -386.79907121     9.82e-10      0.65
     14  1      -386.62045735     8.84e-08      0.00

     15  0      -386.79907121     3.90e-10      0.66
     15  1      -386.62045735     4.25e-08      0.00

     16  0      -386.79907121     1.55e-10      0.67
     16  1      -386.62045735     2.25e-08      0.00

     17  0 *    -386.79907121     6.22e-11      0.56
     17  1      -386.62045735     1.27e-08      0.00

     18  0 *    -386.79907121     5.76e-11      0.35
     18  1      -386.62045735     6.96e-09      0.00

     19  0 *    -386.79907121     5.72e-11      0.35
     19  1      -386.62045735     3.38e-09      0.00

     20  0 *    -386.79907121     5.72e-11      0.35
     20  1      -386.62045735     1.61e-09      0.00

     21  0 *    -386.79907121     5.71e-11      0.35
     21  1      -386.62045735     7.71e-10      0.00
    ** throwing out 1 trial vectors **

     22  0 *    -386.79907121     5.71e-11      0.36
     22  1      -386.62045735     3.94e-10      0.00
    ** throwing out 1 trial vectors **

     23  0 *    -386.79907121     5.70e-11      0.36
     23  1      -386.62045735     2.13e-10      0.00
    ** throwing out 1 trial vectors **

     24  0 *    -386.79907121     5.70e-11      0.35
     24  1      -386.62045735     1.14e-10      0.00
    ** throwing out 1 trial vectors **

     25  0 *    -386.79907121     5.70e-11      0.25
     25  1 *    -386.62045735     5.71e-11      0.00

     * ci vector   0, <S^2> = -0.0000, E =     -386.79907121
       222222......    -0.9098854706
       222.22..2...     0.1811862631
       2222.22.....     0.1266801725
       22222..2....     0.1170333566
       2.2222....2.     0.0883706771
       2222aabb....    -0.0686355873
       2222bbaa....    -0.0686355873
       2222abab....    -0.0679170053
       2222baba....    -0.0679170053
       .22222.....2     0.0669254226
       22222.2.....     0.0622421518
       22222ab.....    -0.0594321109
       22222ba.....    -0.0594321109

     * ci vector   1, <S^2> = -0.0000, E =     -386.62045735
       22222ab.....     0.5609585918
       22222ba.....     0.5609585918
       2222b2.a....     0.2492908247
       2222a2.b....     0.2492908247
       222.2ab.2...    -0.1110826767
       222.2ba.2...    -0.1110826767
       222222......    -0.0965300843
       22a2b22.....     0.0939752699
       22b2a22.....     0.0939752699
       22222..a.b..     0.0754932394
       22222..b.a..     0.0754932394
       22222.a..b..    -0.0622788666
       22222.b..a..    -0.0622788666
       22b22aab....     0.0598872581
       22a22bba....     0.0598872581
       2222.2b..a..     0.0585326363
       2222.2a..b..     0.0585326363
       2222ab2.....    -0.0580413368
       2222ba2.....    -0.0580413368
       2222abb..a..     0.0564456995
       2222baa..b..     0.0564456995
       2222.2.2....     0.0545147930
       2.222ab...2.    -0.0543492437
       2.222ba...2.    -0.0543492437
       22a22b2.....     0.0534305307
       22b22a2.....     0.0534305307
       22a2b2ba....    -0.0532899344
       22b2a2ab....    -0.0532899344
       2222baba....    -0.0531928798
       2222abab....    -0.0531928798
       22b22a.2....    -0.0524399434
       22a22b.2....    -0.0524399434
       2222ba.a.b..     0.0522601637
       2222ab.b.a..     0.0522601637
       - FCI and RDMs                             15.82
    * Integral transformation done. Elapsed time: 0.09

       - jop, kop                                  0.00
       - denom                                     0.02
     guess   0:   closed 111111......         open ............        
     guess   1:   closed 11111.......         open .....11.....        

  === FCI iteration ===

      0  0      -386.69923170     3.86e-04      0.64
      0  1      -386.46162440     4.10e-04      0.00

      1  0      -386.80975013     1.82e-04      0.64
      1  1      -386.59591237     2.49e-04      0.00

      2  0      -386.82813497     8.05e-05      0.64
      2  1      -386.63833849     1.33e-04      0.00

      3  0      -386.83124425     3.35e-05      0.64
      3  1      -386.64903694     6.96e-05      0.00

      4  0      -386.83174075     1.33e-05      0.64
      4  1      -386.65182679     3.81e-05      0.00

      5  0      -386.83181440     5.27e-06      0.65
      5  1      -386.65265538     2.11e-05      0.00

      6  0      -386.83182567     2.08e-06      0.65
      6  1      -386.65289947     1.17e-05      0.00

      7  0      -386.83182743     8.19e-07      0.66
      7  1      -386.65297761     7.01e-06      0.00

      8  0      -386.83182771     3.48e-07      0.64
      8  1      -386.65301332     5.22e-06      0.00

      9  0      -386.83182776     1.38e-07      0.66
      9  1      -386.65303189     3.47e-06      0.00

     10  0      -386.83182777     5.15e-08      0.65
     10  1      -386.65303801     1.75e-06      0.00

     11  0      -386.83182777     1.76e-08      0.65
     11  1      -386.65303939     7.60e-07      0.00

     12  0      -386.83182777     6.09e-09      0.65
     12  1      -386.65303966     3.50e-07      0.00

     13  0      -386.83182777     2.40e-09      0.66
     13  1      -386.65303973     1.83e-07      0.00

     14  0      -386.83182777     9.78e-10      0.66
     14  1      -386.65303975     9.18e-08      0.00

     15  0      -386.83182777     3.90e-10      0.66
     15  1      -386.65303975     4.49e-08      0.00

     16  0      -386.83182777     1.56e-10      0.66
     16  1      -386.65303975     2.43e-08      0.00

     17  0 *    -386.83182777     6.22e-11      0.56
     17  1      -386.65303975     1.37e-08      0.00

     18  0 *    -386.83182777     5.79e-11      0.35
     18  1      -386.65303975     7.25e-09      0.00

     19  0 *    -386.83182777     5.76e-11      0.34
     19  1      -386.65303975     3.42e-09      0.00

     20  0 *    -386.83182777     5.76e-11      0.35
     20  1      -386.65303975     1.61e-09      0.00

     21  0 *    -386.83182777     5.75e-11      0.35
     21  1      -386.65303975     7.81e-10      0.00
    ** throwing out 1 trial vectors **

     22  0 *    -386.83182777     5.74e-11      0.35
     22  1      -386.65303975     4.08e-10      0.00
    ** throwing out 1 trial vectors **

     23  0 *    -386.83182777     5.74e-11      0.35
     23  1      -386.65303975     2.23e-10      0.00
    ** throwing out 1 trial vectors **

     24  0 *    -386.83182777     5.74e-11      0.35
     24  1      -386.65303975     1.20e-10      0.00
    ** throwing out 1 trial vectors **

     25  0 *    -386.83182777     5.74e-11      0.25
     25  1 *    -386.65303975     5.91e-11      0.00

     * ci vector   0, <S^2> = 0.0000, E =     -386.83182777
       222222......    -0.9102683788
       222.22..2...     0.1799341263
       2222.22.....     0.1268073910
       22222..2....     0.1169059208
       2.2222....2.     0.0886566103
       2222aabb....     0.0685197454
       2222bbaa....     0.0685197454
       2222abab....     0.0678180582
       2222baba....     0.0678180582
       .22222.....2     0.0671581120
       22222.2.....     0.0623087792
       22222ba.....    -0.0580150994
       22222ab.....    -0.0580150994

     * ci vector   1, <S^2> = -0.0000, E =     -386.65303975
       22222ba.....    -0.5611998988
       22222ab.....    -0.5611998988
       2222b2.a....     0.2491022101
       2222a2.b....     0.2491022101
       222.2ab.2...     0.1103548503
       222.2ba.2...     0.1103548503
       222222......     0.0943308809
       22b2a22.....     0.0943057143
       22a2b22.....     0.0943057143
       22222..b.a..    -0.0748567746
       22222..a.b..    -0.0748567746
       22222.b..a..     0.0623867152
       22222.a..b..     0.0623867152
       22a22bba....    -0.0599691557
       22b22aab....    -0.0599691557
       2222.2b..a..    -0.0586946859
       2222.2a..b..    -0.0586946859
       2222ab2.....    -0.0580023045
       2222ba2.....    -0.0580023045
       2222baa..b..     0.0554867900
       2222abb..a..     0.0554867900
       2.222ba...2.     0.0545049326
       2.222ab...2.     0.0545049326
       2222.2.2....    -0.0544811927
       2222baba....    -0.0540038941
       2222abab....    -0.0540038941
       22b22a2.....    -0.0526765001
       22a22b2.....    -0.0526765001
       2222ab.b.a..     0.0524057348
       2222ba.a.b..     0.0524057348
       22b2a2ab....    -0.0521918464
       22a2b2ba....    -0.0521918464
       22a22b.2....     0.0521077467
       22b22a.2....     0.0521077467
       - FCI and RDMs                             15.94
    * Integral transformation done. Elapsed time: 0.09

       - jop, kop                                  0.00
       - denom                                     0.02
     guess   0:   closed 111111......         open ............        
     guess   1:   closed 11111.......         open .....11.....        

  === FCI iteration ===

      0  0      -386.69920430     3.86e-04      0.63
      0  1      -386.46157361     4.10e-04      0.00

      1  0      -386.80974569     1.82e-04      0.64
      1  1      -386.59588996     2.49e-04      0.00

      2  0      -386.82816014     8.06e-05      0.64
      2  1      -386.63837859     1.33e-04      0.00

      3  0      -386.83127571     3.35e-05      0.64
      3  1      -386.64909517     6.97e-05      0.00

      4  0      -386.83177210     1.32e-05      0.64
      4  1      -386.65188795     3.81e-05      0.00

      5  0      -386.83184554     5.26e-06      0.64
      5  1      -386.65271781     2.11e-05      0.00

      6  0      -386.83185677     2.08e-06      0.63
      6  1      -386.65296281     1.17e-05      0.00

      7  0      -386.83185852     8.19e-07      0.63
      7  1      -386.65304114     7.01e-06      0.00

      8  0      -386.83185881     3.47e-07      0.64
      8  1      -386.65307672     5.20e-06      0.00

      9  0      -386.83185886     1.38e-07      0.64
      9  1      -386.65309517     3.46e-06      0.00

     10  0      -386.83185887     5.14e-08      0.64
     10  1      -386.65310127     1.76e-06      0.00

     11  0      -386.83185887     1.76e-08      0.64
     11  1      -386.65310266     7.63e-07      0.00

     12  0      -386.83185887     6.09e-09      0.64
     12  1      -386.65310293     3.53e-07      0.00

     13  0      -386.83185887     2.39e-09      0.65
     13  1      -386.65310300     1.84e-07      0.00

     14  0      -386.83185887     9.72e-10      0.64
     14  1      -386.65310302     9.24e-08      0.00

     15  0      -386.83185887     3.88e-10      0.64
     15  1      -386.65310302     4.52e-08      0.00

     16  0      -386.83185887     1.54e-10      0.64
     16  1      -386.65310302     2.44e-08      0.00

     17  0 *    -386.83185887     6.13e-11      0.55
     17  1      -386.65310302     1.38e-08      0.00

     18  0 *    -386.83185887     5.80e-11      0.34
     18  1      -386.65310302     7.23e-09      0.00

     19  0 *    -386.83185887     5.78e-11      0.34
     19  1      -386.65310302     3.40e-09      0.00

     20  0 *    -386.83185887     5.78e-11      0.34
     20  1      -386.65310302     1.60e-09      0.00

     21  0 *    -386.83185887     5.77e-11      0.34
     21  1      -386.65310302     7.93e-10      0.00
    ** throwing out 1 trial vectors **

     22  0 *    -386.83185887     5.77e-11      0.35
     22  1      -386.65310302     4.19e-10      0.00
    ** throwing out 1 trial vectors **

     23  0 *    -386.83185887     5.76e-11      0.35
     23  1      -386.65310302     2.31e-10      0.00
    ** throwing out 1 trial vectors **

     24  0 *    -386.83185887     5.77e-11      0.35
     24  1      -386.65310302     1.24e-10      0.00
    ** throwing out 1 trial vectors **

     25  0 *    -386.83185887     5.77e-11      0.24
     25  1 *    -386.65310302     6.11e-11      0.00

     * ci vector   0, <S^2> = -0.0000, E =     -386.83185887
       222222......    -0.9102921078
       222.22..2...     0.1792074927
       2222.22.....     0.1269545496
       22222..2....     0.1168751637
       2.2222....2.     0.0886651917
       2222bbaa....    -0.0685061515
       2222aabb....    -0.0685061515
       2222baba....    -0.0678774834
       2222abab....    -0.0678774834
       .22222.....2     0.0671472183
       22222.2.....     0.0622769112
       22222ba.....    -0.0576059916
       22222ab.....    -0.0576059916

     * ci vector   1, <S^2> = 0.0000, E =     -386.65310302
       22222ba.....     0.5611327939
       22222ab.....     0.5611327939
       2222a2.b....     0.2493273388
       2222b2.a....     0.2493273388
       222.2ba.2...    -0.1099145829
       222.2ab.2...    -0.1099145829
       22b2a22.....    -0.0943728330
       22a2b22.....    -0.0943728330
       222222......    -0.0939623970
       22222..b.a..     0.0745408303
       22222..a.b..     0.0745408303
       22222.b..a..    -0.0625509464
       22222.a..b..    -0.0625509464
       22a22bba....    -0.0601697449
       22b22aab....    -0.0601697449
       2222.2a..b..     0.0589802757
       2222.2b..a..     0.0589802757
       2222ba2.....    -0.0579461741
       2222ab2.....    -0.0579461741
       2222baa..b..     0.0548579233
       2222abb..a..     0.0548579233
       2222.2.2....     0.0545793704
       2.222ba...2.    -0.0545007192
       2.222ab...2.    -0.0545007192
       2222abab....    -0.0540694538
       2222baba....    -0.0540694538
       2222ab.b.a..     0.0525990806
       2222ba.a.b..     0.0525990806
       22b22a2.....    -0.0523317194
       22a22b2.....    -0.0523317194
       22a22b.2....     0.0519365571
       22b22a.2....     0.0519365571
       22b2a2ab....     0.0518745453
       22a2b2ba....     0.0518745453
       - FCI and RDMs                             15.69
    * Integral transformation done. Elapsed time: 0.08

       - jop, kop                                  0.00
       - denom                                     0.02
     guess   0:   closed 111111......         open ............        
     guess   1:   closed 11111.......         open .....11.....        

  === FCI iteration ===

      0  0      -386.69917830     3.86e-04      0.60
      0  1      -386.46149328     4.10e-04      0.00

      1  0      -386.80973275     1.82e-04      0.61
      1  1      -386.59583908     2.49e-04      0.00

      2  0      -386.82816022     8.06e-05      0.61
      2  1      -386.63836040     1.33e-04      0.00

      3  0      -386.83127855     3.35e-05      0.62
      3  1      -386.64908875     6.98e-05      0.00

      4  0      -386.83177505     1.32e-05      0.62
      4  1      -386.65188468     3.82e-05      0.00

      5  0      -386.83184846     5.26e-06      0.62
      5  1      -386.65271560     2.11e-05      0.00

      6  0      -386.83185968     2.08e-06      0.62
      6  1      -386.65296094     1.17e-05      0.00

      7  0      -386.83186143     8.19e-07      0.62
      7  1      -386.65303936     7.01e-06      0.00

      8  0      -386.83186172     3.47e-07      0.62
      8  1      -386.65307492     5.20e-06      0.00

      9  0      -386.83186177     1.38e-07      0.64
      9  1      -386.65309338     3.46e-06      0.00

     10  0      -386.83186177     5.14e-08      0.63
     10  1      -386.65309949     1.76e-06      0.00

     11  0      -386.83186177     1.77e-08      0.63
     11  1      -386.65310089     7.66e-07      0.00

     12  0      -386.83186177     6.09e-09      0.63
     12  1      -386.65310116     3.55e-07      0.00

     13  0      -386.83186177     2.39e-09      0.63
     13  1      -386.65310123     1.85e-07      0.00

     14  0      -386.83186177     9.71e-10      0.64
     14  1      -386.65310125     9.25e-08      0.00

     15  0      -386.83186177     3.87e-10      0.64
     15  1      -386.65310125     4.53e-08      0.00

     16  0      -386.83186177     1.54e-10      0.64
     16  1      -386.65310125     2.44e-08      0.00

     17  0 *    -386.83186177     6.10e-11      0.54
     17  1      -386.65310125     1.38e-08      0.00

     18  0 *    -386.83186177     5.81e-11      0.34
     18  1      -386.65310125     7.20e-09      0.00

     19  0 *    -386.83186177     5.78e-11      0.34
     19  1      -386.65310125     3.37e-09      0.00

     20  0 *    -386.83186177     5.78e-11      0.34
     20  1      -386.65310125     1.59e-09      0.00

     21  0 *    -386.83186177     5.78e-11      0.34
     21  1      -386.65310125     7.91e-10      0.00
    ** throwing out 1 trial vectors **

     22  0 *    -386.83186177     5.77e-11      0.34
     22  1      -386.65310125     4.20e-10      0.00
    ** throwing out 1 trial vectors **

     23  0 *    -386.83186177     5.77e-11      0.34
     23  1      -386.65310125     2.32e-10      0.00
    ** throwing out 1 trial vectors **

     24  0 *    -386.83186177     5.77e-11      0.35
     24  1      -386.65310125     1.25e-10      0.00
    ** throwing out 1 trial vectors **

     25  0 *    -386.83186177     5.77e-11      0.25
     25  1 *    -386.65310125     6.18e-11      0.00

     * ci vector   0, <S^2> = -0.0000, E =     -386.83186177
       222222......    -0.9102897037
       222.22..2...     0.1789675380
       2222.22.....     0.1270456925
       22222..2....     0.1168192406
       2.2222....2.     0.0887625117
       2222bbaa....     0.0685068303
       2222aabb....     0.0685068303
       2222abab....     0.0679269357
       2222baba....     0.0679269357
       .22222.....2     0.0672188309
       22222.2.....     0.0622777944
       22222ba.....    -0.0575717714
       22222ab.....    -0.0575717714

     * ci vector   1, <S^2> = -0.0000, E =     -386.65310125
       22222ba.....    -0.5610526868
       22222ab.....    -0.5610526867
       2222a2.b....     0.2494687226
       2222b2.a....     0.2494687226
       222.2ba.2...     0.1097598458
       222.2ab.2...     0.1097598458
       22b2a22.....    -0.0945190728
       22a2b22.....    -0.0945190728
       222222......     0.0939798956
       22222..b.a..     0.0743526155
       22222..a.b..     0.0743526155
       22222.b..a..     0.0627023715
       22222.a..b..     0.0627023715
       22a22bba....     0.0603721991
       22b22aab....     0.0603721991
       2222.2a..b..    -0.0591394020
       2222.2b..a..    -0.0591394020
       2222ba2.....     0.0579131161
       2222ab2.....     0.0579131161
       2222.2.2....    -0.0546189986
       2222baa..b..    -0.0545541703
       2222abb..a..    -0.0545541703
       2.222ba...2.     0.0545514295
       2.222ab...2.     0.0545514295
       2222abab....    -0.0540719201
       2222baba....    -0.0540719201
       2222ab.b.a..     0.0527630684
       2222ba.a.b..     0.0527630684
       22b22a2.....    -0.0520748764
       22a22b2.....    -0.0520748764
       22a22b.2....     0.0517767230
       22b22a.2....     0.0517767230
       22b2a2ab....    -0.0517040222
       22a2b2ba....    -0.0517040222
       - FCI and RDMs                             15.45
    * Integral transformation done. Elapsed time: 0.09

       - jop, kop                                  0.00
       - denom                                     0.02
     guess   0:   closed 111111......         open ............        
     guess   1:   closed 11111.......         open .....11.....        

  === FCI iteration ===

      0  0      -386.69916921     3.86e-04      0.63
      0  1      -386.46145624     4.10e-04      0.00

      1  0      -386.80973094     1.82e-04      0.63
      1  1      -386.59581916     2.49e-04      0.00

      2  0      -386.82816167     8.06e-05      0.63
      2  1      -386.63835206     1.33e-04      0.00

      3  0      -386.83128054     3.35e-05      0.63
      3  1      -386.64908472     6.98e-05      0.00

      4  0      -386.83177704     1.32e-05      0.64
      4  1      -386.65188215     3.82e-05      0.00

      5  0      -386.83185044     5.26e-06      0.64
      5  1      -386.65271357     2.11e-05      0.00

      6  0      -386.83186166     2.08e-06      0.64
      6  1      -386.65295903     1.17e-05      0.00

      7  0      -386.83186341     8.19e-07      0.65
      7  1      -386.65303746     7.01e-06      0.00

      8  0      -386.83186370     3.47e-07      0.65
      8  1      -386.65307302     5.19e-06      0.00

      9  0      -386.83186375     1.38e-07      0.65
      9  1      -386.65309148     3.46e-06      0.00

     10  0      -386.83186375     5.14e-08      0.65
     10  1      -386.65309760     1.76e-06      0.00

     11  0      -386.83186376     1.77e-08      0.65
     11  1      -386.65309900     7.67e-07      0.00

     12  0      -386.83186376     6.09e-09      0.66
     12  1      -386.65309928     3.55e-07      0.00

     13  0      -386.83186376     2.39e-09      0.65
     13  1      -386.65309935     1.85e-07      0.00

     14  0      -386.83186376     9.70e-10      0.65
     14  1      -386.65309937     9.25e-08      0.00

     15  0      -386.83186376     3.86e-10      0.65
     15  1      -386.65309937     4.53e-08      0.00

     16  0      -386.83186376     1.54e-10      0.66
     16  1      -386.65309937     2.44e-08      0.00

     17  0 *    -386.83186376     6.09e-11      0.56
     17  1      -386.65309937     1.38e-08      0.00

     18  0 *    -386.83186376     5.80e-11      0.34
     18  1      -386.65309937     7.19e-09      0.00

     19  0 *    -386.83186376     5.78e-11      0.34
     19  1      -386.65309937     3.36e-09      0.00

     20  0 *    -386.83186376     5.78e-11      0.35
     20  1      -386.65309937     1.58e-09      0.00

     21  0 *    -386.83186376     5.78e-11      0.35
     21  1      -386.65309937     7.89e-10      0.00
    ** throwing out 1 trial vectors **

     22  0 *    -386.83186376     5.77e-11      0.36
     22  1      -386.65309937     4.20e-10      0.00
    ** throwing out 1 trial vectors **

     23  0 *    -386.83186376     5.77e-11      0.36
     23  1      -386.65309937     2.32e-10      0.00
    ** throwing out 1 trial vectors **

     24  0 *    -386.83186376     5.77e-11      0.35
     24  1      -386.65309937     1.25e-10      0.00
    ** throwing out 1 trial vectors **

     25  0 *    -386.83186376     5.77e-11      0.26
     25  1 *    -386.65309937     6.21e-11      0.00

     * ci vector   0, <S^2> = -0.0000, E =     -386.83186376
       222222......    -0.9102894092
       222.22..2...     0.1789246699
       2222.22.....     0.1270857331
       22222..2....     0.1167977640
       2.2222....2.     0.0887924486
       2222aabb....    -0.0685083677
       2222bbaa....    -0.0685083677
       2222abab....    -0.0679482848
       2222baba....    -0.0679482848
       .22222.....2     0.0672406030
       22222.2.....     0.0622809898
       22222ba.....    -0.0575570589
       22222ab.....    -0.0575570589

     * ci vector   1, <S^2> = -0.0000, E =     -386.65309937
       22222ab.....    -0.5610154404
       22222ba.....    -0.5610154404
       2222b2.a....    -0.2495338563
       2222a2.b....    -0.2495338563
       222.2ab.2...     0.1097284489
       222.2ba.2...     0.1097284489
       22a2b22.....    -0.0946045069
       22b2a22.....    -0.0946045069
       222222......     0.0939812562
       22222..a.b..    -0.0742704450
       22222..b.a..    -0.0742704450
       22222.a..b..     0.0627800144
       22222.b..a..     0.0627800144
       22b22aab....    -0.0604732749
       22a22bba....    -0.0604732749
       2222.2b..a..    -0.0592127046
       2222.2a..b..    -0.0592127046
       2222ab2.....     0.0578761651
       2222ba2.....     0.0578761651
       2222.2.2....    -0.0546318669
       2.222ab...2.     0.0545657142
       2.222ba...2.     0.0545657142
       2222abb..a..    -0.0544302517
       2222baa..b..    -0.0544302517
       2222baba....     0.0540865427
       2222abab....     0.0540865427
       2222ba.a.b..    -0.0528316170
       2222ab.b.a..    -0.0528316170
       22a22b2.....    -0.0519841686
       22b22a2.....    -0.0519841686
       22b22a.2....     0.0517114228
       22a22b.2....     0.0517114228
       22a2b2ba....     0.0516372642
       22b2a2ab....     0.0516372642
       - FCI and RDMs                             15.89
    * Integral transformation done. Elapsed time: 0.09

       - jop, kop                                  0.00
       - denom                                     0.02
     guess   0:   closed 111111......         open ............        
     guess   1:   closed 11111.......         open .....11.....        

  === FCI iteration ===

      0  0      -386.69916568     3.86e-04      0.62
      0  1      -386.46143970     4.10e-04      0.00

      1  0      -386.80973079     1.82e-04      0.63
      1  1      -386.59581045     2.49e-04      0.00

      2  0      -386.82816264     8.06e-05      0.62
      2  1      -386.63834828     1.33e-04      0.00

      3  0      -386.83128167     3.35e-05      0.63
      3  1      -386.64908270     6.98e-05      0.00

      4  0      -386.83177815     1.32e-05      0.63
      4  1      -386.65188080     3.82e-05      0.00

      5  0      -386.83185155     5.26e-06      0.63
      5  1      -386.65271243     2.11e-05      0.00

      6  0      -386.83186276     2.08e-06      0.63
      6  1      -386.65295793     1.18e-05      0.00

      7  0      -386.83186451     8.19e-07      0.63
      7  1      -386.65303637     7.01e-06      0.00

      8  0      -386.83186480     3.47e-07      0.63
      8  1      -386.65307193     5.19e-06      0.00

      9  0      -386.83186485     1.38e-07      0.63
      9  1      -386.65309039     3.46e-06      0.00

     10  0      -386.83186486     5.14e-08      0.65
     10  1      -386.65309651     1.77e-06      0.00

     11  0      -386.83186486     1.77e-08      0.66
     11  1      -386.65309792     7.67e-07      0.00

     12  0      -386.83186486     6.09e-09      0.65
     12  1      -386.65309819     3.56e-07      0.00

     13  0      -386.83186486     2.39e-09      0.65
     13  1      -386.65309826     1.85e-07      0.00

     14  0      -386.83186486     9.70e-10      0.66
     14  1      -386.65309828     9.25e-08      0.00

     15  0      -386.83186486     3.86e-10      0.66
     15  1      -386.65309828     4.53e-08      0.00

     16  0      -386.83186486     1.54e-10      0.66
     16  1      -386.65309828     2.44e-08      0.00

     17  0 *    -386.83186486     6.09e-11      0.56
     17  1      -386.65309828     1.38e-08      0.00

     18  0 *    -386.83186486     5.80e-11      0.35
     18  1      -386.65309828     7.19e-09      0.00

     19  0 *    -386.83186486     5.78e-11      0.35
     19  1      -386.65309828     3.35e-09      0.00

     20  0 *    -386.83186486     5.78e-11      0.34
     20  1      -386.65309828     1.58e-09      0.00

     21  0 *    -386.83186486     5.77e-11      0.35
     21  1      -386.65309828     7.88e-10      0.00
    ** throwing out 1 trial vectors **

     22  0 *    -386.83186486     5.77e-11      0.35
     22  1      -386.65309828     4.19e-10      0.00
    ** throwing out 1 trial vectors **

     23  0 *    -386.83186486     5.77e-11      0.35
     23  1      -386.65309828     2.32e-10      0.00
    ** throwing out 1 trial vectors **

     24  0 *    -386.83186486     5.77e-11      0.35
     24  1      -386.65309828     1.25e-10      0.00
    ** throwing out 1 trial vectors **

     25  0 *    -386.83186486     5.77e-11      0.25
     25  1 *    -386.65309828     6.21e-11      0.00

     * ci vector   0, <S^2> = -0.0000, E =     -386.83186486
       222222......    -0.9102897479
       222.22..2...     0.1789139336
       2222.22.....     0.1271050743
       22222..2....     0.1167885681
       2.2222....2.     0.0888023747
       2222bbaa....     0.0685092021
       2222aabb....     0.0685092021
       2222abab....     0.0679575680
       2222baba....     0.0679575680
       .22222.....2     0.0672473192
       22222.2.....     0.0622832790
       22222ab.....    -0.0575470788
       22222ba.....    -0.0575470788

     * ci vector   1, <S^2> = 0.0000, E =     -386.65309828
       22222ab.....    -0.5609992396
       22222ba.....    -0.5609992396
       2222a2.b....     0.2495625462
       2222b2.a....     0.2495625462
       222.2ba.2...     0.1097192134
       222.2ab.2...     0.1097192134
       22b2a22.....    -0.0946453513
       22a2b22.....    -0.0946453513
       222222......     0.0939771112
       22222..b.a..     0.0742325162
       22222..a.b..     0.0742325162
       22222.b..a..     0.0628178707
       22222.a..b..     0.0628178707
       22a22bba....     0.0605198005
       22b22aab....     0.0605198005
       2222.2a..b..    -0.0592472532
       2222.2b..a..    -0.0592472532
       2222ba2.....     0.0578536365
       2222ab2.....     0.0578536365
       2222.2.2....    -0.0546383200
       2.222ab...2.     0.0545700810
       2.222ba...2.     0.0545700810
       2222baa..b..    -0.0543749736
       2222abb..a..    -0.0543749736
       2222abab....    -0.0540981833
       2222baba....    -0.0540981833
       2222ab.b.a..     0.0528627664
       2222ba.a.b..     0.0528627664
       22b22a2.....    -0.0519460467
       22a22b2.....    -0.0519460467
       22a22b.2....     0.0516808917
       22b22a.2....     0.0516808917
       22b2a2ab....    -0.0516052052
       22a2b2ba....    -0.0516052052
       - FCI and RDMs                             15.82
    * Integral transformation done. Elapsed time: 0.08

       - jop, kop                                  0.00
       - denom                                     0.02
     guess   0:   closed 111111......         open ............        
     guess   1:   closed 11111.......         open .....11.....        

  === FCI iteration ===

      0  0      -386.69916417     3.86e-04      0.63
      0  1      -386.46143207     4.10e-04      0.00

      1  0      -386.80973088     1.82e-04      0.61
      1  1      -386.59580646     2.49e-04      0.00

      2  0      -386.82816319     8.06e-05      0.60
      2  1      -386.63834652     1.33e-04      0.00

      3  0      -386.83128226     3.35e-05      0.61
      3  1      -386.64908171     6.98e-05      0.00

      4  0      -386.83177873     1.32e-05      0.61
      4  1      -386.65188012     3.82e-05      0.00

      5  0      -386.83185212     5.26e-06      0.61
      5  1      -386.65271185     2.11e-05      0.00

      6  0      -386.83186334     2.08e-06      0.63
      6  1      -386.65295737     1.18e-05      0.00

      7  0      -386.83186509     8.19e-07      0.62
      7  1      -386.65303580     7.01e-06      0.00

      8  0      -386.83186537     3.47e-07      0.62
      8  1      -386.65307135     5.19e-06      0.00

      9  0      -386.83186542     1.38e-07      0.62
      9  1      -386.65308981     3.46e-06      0.00

     10  0      -386.83186543     5.14e-08      0.62
     10  1      -386.65309594     1.77e-06      0.00

     11  0      -386.83186543     1.77e-08      0.63
     11  1      -386.65309734     7.68e-07      0.00

     12  0      -386.83186543     6.09e-09      0.63
     12  1      -386.65309762     3.56e-07      0.00

     13  0      -386.83186543     2.39e-09      0.63
     13  1      -386.65309769     1.85e-07      0.00

     14  0      -386.83186543     9.69e-10      0.63
     14  1      -386.65309771     9.25e-08      0.00

     15  0      -386.83186543     3.86e-10      0.63
     15  1      -386.65309771     4.53e-08      0.00

     16  0      -386.83186543     1.54e-10      0.63
     16  1      -386.65309771     2.44e-08      0.00

     17  0 *    -386.83186543     6.08e-11      0.53
     17  1      -386.65309771     1.38e-08      0.00

     18  0 *    -386.83186543     5.80e-11      0.34
     18  1      -386.65309771     7.19e-09      0.00

     19  0 *    -386.83186543     5.78e-11      0.34
     19  1      -386.65309771     3.35e-09      0.00

     20  0 *    -386.83186543     5.78e-11      0.34
     20  1      -386.65309771     1.58e-09      0.00

     21  0 *    -386.83186543     5.77e-11      0.34
     21  1      -386.65309771     7.87e-10      0.00
    ** throwing out 1 trial vectors **

     22  0 *    -386.83186543     5.77e-11      0.35
     22  1      -386.65309771     4.19e-10      0.00
    ** throwing out 1 trial vectors **

     23  0 *    -386.83186543     5.77e-11      0.35
     23  1      -386.65309771     2.32e-10      0.00
    ** throwing out 1 trial vectors **

     24  0 *    -386.83186543     5.77e-11      0.34
     24  1      -386.65309771     1.25e-10      0.00
    ** throwing out 1 trial vectors **

     25  0 *    -386.83186543     5.77e-11      0.25
     25  1 *    -386.65309771     6.22e-11      0.00

     * ci vector   0, <S^2> = 0.0000, E =     -386.83186543
       222222......    -0.9102901149
       222.22..2...     0.1789111598
       2222.22.....     0.1271146849
       22222..2....     0.1167844331
       2.2222....2.     0.0888060712
       2222bbaa....     0.0685095937
       2222aabb....     0.0685095937
       2222baba....     0.0679617567
       2222abab....     0.0679617567
       .22222.....2     0.0672494968
       22222.2.....     0.0622846402
       22222ba.....    -0.0575406780
       22222ab.....    -0.0575406780

     * ci vector   1, <S^2> = -0.0000, E =     -386.65309771
       22222ba.....    -0.5609920641
       22222ab.....    -0.5609920641
       2222a2.b....     0.2495754464
       2222b2.a....     0.2495754464
       222.2ba.2...     0.1097161916
       222.2ab.2...     0.1097161916
       22b2a22.....    -0.0946647684
       22a2b22.....    -0.0946647684
       222222......     0.0939731245
       22222..b.a..    -0.0742145694
       22222..a.b..    -0.0742145694
       22222.a..b..    -0.0628363355
       22222.b..a..    -0.0628363355
       22a22bba....     0.0605415693
       22b22aab....     0.0605415693
       2222.2a..b..     0.0592638832
       2222.2b..a..     0.0592638832
       2222ba2.....     0.0578416516
       2222ab2.....     0.0578416516
       2222.2.2....    -0.0546417941
       2.222ba...2.     0.0545715944
       2.222ab...2.     0.0545715944
       2222baa..b..     0.0543491406
       2222abb..a..     0.0543491406
       2222abab....    -0.0541053207
       2222baba....    -0.0541053207
       2222ab.b.a..    -0.0528774127
       2222ba.a.b..    -0.0528774127
       22b22a2.....    -0.0519287968
       22a22b2.....    -0.0519287968
       22a22b.2....     0.0516661993
       22b22a.2....     0.0516661993
       22b2a2ab....    -0.0515895039
       22a2b2ba....    -0.0515895039
       - FCI and RDMs                             15.34
    * Integral transformation done. Elapsed time: 0.08

       - jop, kop                                  0.00
       - denom                                     0.02
     guess   0:   closed 111111......         open ............        
     guess   1:   closed 11111.......         open .....11.....        

  === FCI iteration ===

      0  0      -386.69916349     3.86e-04      0.61
      0  1      -386.46142845     4.10e-04      0.00

      1  0      -386.80973097     1.82e-04      0.62
      1  1      -386.59580457     2.49e-04      0.00

      2  0      -386.82816347     8.06e-05      0.62
      2  1      -386.63834568     1.33e-04      0.00

      3  0      -386.83128256     3.35e-05      0.62
      3  1      -386.64908123     6.98e-05      0.00

      4  0      -386.83177902     1.32e-05      0.62
      4  1      -386.65187978     3.82e-05      0.00

      5  0      -386.83185241     5.26e-06      0.63
      5  1      -386.65271155     2.11e-05      0.00

      6  0      -386.83186363     2.08e-06      0.63
      6  1      -386.65295708     1.18e-05      0.00

      7  0      -386.83186538     8.19e-07      0.63
      7  1      -386.65303551     7.01e-06      0.00

      8  0      -386.83186567     3.47e-07      0.63
      8  1      -386.65307106     5.19e-06      0.00

      9  0      -386.83186572     1.38e-07      0.62
      9  1      -386.65308952     3.46e-06      0.00

     10  0      -386.83186572     5.14e-08      0.63
     10  1      -386.65309565     1.77e-06      0.00

     11  0      -386.83186572     1.77e-08      0.64
     11  1      -386.65309705     7.68e-07      0.00

     12  0      -386.83186572     6.09e-09      0.64
     12  1      -386.65309733     3.56e-07      0.00

     13  0      -386.83186572     2.39e-09      0.64
     13  1      -386.65309740     1.85e-07      0.00

     14  0      -386.83186572     9.69e-10      0.63
     14  1      -386.65309741     9.25e-08      0.00

     15  0      -386.83186572     3.86e-10      0.63
     15  1      -386.65309742     4.53e-08      0.00

     16  0      -386.83186572     1.54e-10      0.64
     16  1      -386.65309742     2.44e-08      0.00

     17  0 *    -386.83186572     6.08e-11      0.54
     17  1      -386.65309742     1.38e-08      0.00

     18  0 *    -386.83186572     5.80e-11      0.34
     18  1      -386.65309742     7.19e-09      0.00

     19  0 *    -386.83186572     5.78e-11      0.34
     19  1      -386.65309742     3.35e-09      0.00

     20  0 *    -386.83186572     5.78e-11      0.34
     20  1      -386.65309742     1.58e-09      0.00

     21  0 *    -386.83186572     5.77e-11      0.34
     21  1      -386.65309742     7.87e-10      0.00
    ** throwing out 1 trial vectors **

     22  0 *    -386.83186572     5.77e-11      0.34
     22  1      -386.65309742     4.19e-10      0.00
    ** throwing out 1 trial vectors **

     23  0 *    -386.83186572     5.76e-11      0.34
     23  1      -386.65309742     2.32e-10      0.00
    ** throwing out 1 trial vectors **

     24  0 *    -386.83186572     5.77e-11      0.34
     24  1      -386.65309742     1.25e-10      0.00
    ** throwing out 1 trial vectors **

     25  0 *    -386.83186572     5.76e-11      0.24
     25  1 *    -386.65309742     6.22e-11      0.00

     * ci vector   0, <S^2> = 0.0000, E =     -386.83186572
       222222......     0.9102903676
       222.22..2...    -0.1789105162
       2222.22.....    -0.1271194809
       22222..2....    -0.1167825146
       2.2222....2.    -0.0888076166
       2222aabb....    -0.0685097744
       2222bbaa....    -0.0685097744
       2222baba....    -0.0679637067
       2222abab....    -0.0679637067
       .22222.....2    -0.0672502806
       22222.2.....    -0.0622853906
       22222ab.....     0.0575369740
       22222ba.....     0.0575369740

     * ci vector   1, <S^2> = 0.0000, E =     -386.65309742
       22222ab.....     0.5609887772
       22222ba.....     0.5609887772
       2222b2.a....    -0.2495814206
       2222a2.b....    -0.2495814206
       222.2ab.2...    -0.1097151425
       222.2ba.2...    -0.1097151425
       22a2b22.....     0.0946741053
       22b2a22.....     0.0946741053
       222222......    -0.0939705020
       22222..a.b..     0.0742059481
       22222..b.a..     0.0742059481
       22222.a..b..     0.0628453949
       22222.b..a..     0.0628453949
       22b22aab....    -0.0605519466
       22a22bba....    -0.0605519466
       2222.2b..a..    -0.0592719744
       2222.2a..b..    -0.0592719744
       2222ab2.....    -0.0578355725
       2222ba2.....    -0.0578355725
       2222.2.2....     0.0546436345
       2.222ab...2.    -0.0545721966
       2.222ba...2.    -0.0545721966
       2222abb..a..    -0.0543367762
       2222baa..b..    -0.0543367762
       2222baba....     0.0541092740
       2222abab....     0.0541092740
       2222ba.a.b..     0.0528844268
       2222ab.b.a..     0.0528844268
       22a22b2.....     0.0519206944
       22b22a2.....     0.0519206944
       22b22a.2....    -0.0516590544
       22a22b.2....    -0.0516590544
       22a2b2ba....     0.0515817889
       22b2a2ab....     0.0515817889
       - FCI and RDMs                             15.47
    * Integral transformation done. Elapsed time: 0.09

       - jop, kop                                  0.00
       - denom                                     0.02
     guess   0:   closed 111111......         open ............        
     guess   1:   closed 11111.......         open .....11.....        

  === FCI iteration ===

      0  0      -386.69916317     3.86e-04      0.62
      0  1      -386.46142670     4.10e-04      0.00

      1  0      -386.80973102     1.82e-04      0.63
      1  1      -386.59580366     2.49e-04      0.00

      2  0      -386.82816362     8.06e-05      0.62
      2  1      -386.63834528     1.33e-04      0.00

      3  0      -386.83128271     3.35e-05      0.64
      3  1      -386.64908100     6.98e-05      0.00

      4  0      -386.83177917     1.32e-05      0.64
      4  1      -386.65187962     3.82e-05      0.00

      5  0      -386.83185256     5.26e-06      0.63
      5  1      -386.65271141     2.11e-05      0.00

      6  0      -386.83186378     2.08e-06      0.64
      6  1      -386.65295693     1.18e-05      0.00

      7  0      -386.83186553     8.19e-07      0.64
      7  1      -386.65303537     7.01e-06      0.00

      8  0      -386.83186581     3.47e-07      0.64
      8  1      -386.65307091     5.19e-06      0.00

      9  0      -386.83186586     1.38e-07      0.64
      9  1      -386.65308937     3.46e-06      0.00

     10  0      -386.83186587     5.14e-08      0.64
     10  1      -386.65309550     1.77e-06      0.00

     11  0      -386.83186587     1.77e-08      0.64
     11  1      -386.65309691     7.68e-07      0.00

     12  0      -386.83186587     6.09e-09      0.65
     12  1      -386.65309718     3.56e-07      0.00

     13  0      -386.83186587     2.39e-09      0.64
     13  1      -386.65309725     1.85e-07      0.00

     14  0      -386.83186587     9.69e-10      0.65
     14  1      -386.65309727     9.25e-08      0.00

     15  0      -386.83186587     3.86e-10      0.65
     15  1      -386.65309727     4.53e-08      0.00

     16  0      -386.83186587     1.54e-10      0.66
     16  1      -386.65309727     2.44e-08      0.00

     17  0 *    -386.83186587     6.08e-11      0.56
     17  1      -386.65309727     1.38e-08      0.00

     18  0 *    -386.83186587     5.80e-11      0.35
     18  1      -386.65309727     7.19e-09      0.00

     19  0 *    -386.83186587     5.78e-11      0.35
     19  1      -386.65309727     3.35e-09      0.00

     20  0 *    -386.83186587     5.78e-11      0.35
     20  1      -386.65309727     1.58e-09      0.00

     21  0 *    -386.83186587     5.77e-11      0.35
     21  1      -386.65309727     7.87e-10      0.00
    ** throwing out 1 trial vectors **

     22  0 *    -386.83186587     5.77e-11      0.35
     22  1      -386.65309727     4.19e-10      0.00
    ** throwing out 1 trial vectors **

     23  0 *    -386.83186587     5.76e-11      0.34
     23  1      -386.65309727     2.32e-10      0.00
    ** throwing out 1 trial vectors **

     24  0 *    -386.83186587     5.77e-11      0.35
     24  1      -386.65309727     1.25e-10      0.00
    ** throwing out 1 trial vectors **

     25  0 *    -386.83186587     5.76e-11      0.25
     25  1 *    -386.65309727     6.22e-11      0.00

     * ci vector   0, <S^2> = 0.0000, E =     -386.83186587
       222222......     0.9102905166
       222.22..2...    -0.1789104134
       2222.22.....    -0.1271218706
       22222..2....    -0.1167816056
       2.2222....2.    -0.0888083172
       2222bbaa....    -0.0685098590
       2222aabb....    -0.0685098590
       2222abab....    -0.0679646348
       2222baba....    -0.0679646348
       .22222.....2    -0.0672505954
       22222.2.....    -0.0622857875
       22222ba.....     0.0575349651
       22222ab.....     0.0575349651

     * ci vector   1, <S^2> = -0.0000, E =     -386.65309727
       22222ba.....     0.5609872280
       22222ab.....     0.5609872280
       2222a2.b....    -0.2495842548
       2222b2.a....    -0.2495842548
       222.2ba.2...    -0.1097147548
       222.2ab.2...    -0.1097147548
       22b2a22.....     0.0946786390
       22a2b22.....     0.0946786390
       222222......    -0.0939689990
       22222..b.a..    -0.0742017657
       22222..a.b..    -0.0742017657
       22222.b..a..    -0.0628498556
       22222.a..b..    -0.0628498556
       22a22bba....    -0.0605569588
       22b22aab....    -0.0605569588
       2222.2a..b..     0.0592759338
       2222.2b..a..     0.0592759338
       2222ba2.....    -0.0578325449
       2222ab2.....    -0.0578325449
       2222.2.2....     0.0546445871
       2.222ba...2.    -0.0545724625
       2.222ab...2.    -0.0545724625
       2222baa..b..     0.0543307807
       2222abb..a..     0.0543307807
       2222abab....     0.0541113581
       2222baba....     0.0541113581
       2222ab.b.a..    -0.0528878234
       2222ba.a.b..    -0.0528878234
       22b22a2.....     0.0519168105
       22a22b2.....     0.0519168105
       22a22b.2....    -0.0516555608
       22b22a.2....    -0.0516555608
       22b2a2ab....     0.0515779920
       22a2b2ba....     0.0515779920
       - FCI and RDMs                             15.73
    * Integral transformation done. Elapsed time: 0.08

       - jop, kop                                  0.00
       - denom                                     0.02
     guess   0:   closed 111111......         open ............        
     guess   1:   closed 11111.......         open .....11.....        

  === FCI iteration ===

      0  0      -386.69916302     3.86e-04      0.61
      0  1      -386.46142585     4.10e-04      0.00

      1  0      -386.80973106     1.82e-04      0.61
      1  1      -386.59580322     2.49e-04      0.00

      2  0      -386.82816369     8.06e-05      0.64
      2  1      -386.63834508     1.33e-04      0.00

      3  0      -386.83128278     3.35e-05      0.65
      3  1      -386.64908088     6.98e-05      0.00

      4  0      -386.83177924     1.32e-05      0.65
      4  1      -386.65187953     3.82e-05      0.00

      5  0      -386.83185263     5.26e-06      0.63
      5  1      -386.65271133     2.11e-05      0.00

      6  0      -386.83186385     2.08e-06      0.63
      6  1      -386.65295686     1.18e-05      0.00

      7  0      -386.83186560     8.19e-07      0.62
      7  1      -386.65303529     7.01e-06      0.00

      8  0      -386.83186589     3.47e-07      0.63
      8  1      -386.65307084     5.19e-06      0.00

      9  0      -386.83186594     1.38e-07      0.63
      9  1      -386.65308930     3.46e-06      0.00

     10  0      -386.83186594     5.14e-08      0.63
     10  1      -386.65309543     1.77e-06      0.00

     11  0      -386.83186594     1.77e-08      0.63
     11  1      -386.65309683     7.68e-07      0.00

     12  0      -386.83186594     6.09e-09      0.63
     12  1      -386.65309711     3.56e-07      0.00

     13  0      -386.83186594     2.39e-09      0.64
     13  1      -386.65309718     1.85e-07      0.00

     14  0      -386.83186594     9.69e-10      0.64
     14  1      -386.65309720     9.25e-08      0.00

     15  0      -386.83186594     3.86e-10      0.64
     15  1      -386.65309720     4.53e-08      0.00

     16  0      -386.83186594     1.54e-10      0.63
     16  1      -386.65309720     2.44e-08      0.00

     17  0 *    -386.83186594     6.08e-11      0.54
     17  1      -386.65309720     1.38e-08      0.00

     18  0 *    -386.83186594     5.80e-11      0.34
     18  1      -386.65309720     7.19e-09      0.00

     19  0 *    -386.83186594     5.78e-11      0.34
     19  1      -386.65309720     3.35e-09      0.00

     20  0 *    -386.83186594     5.78e-11      0.33
     20  1      -386.65309720     1.58e-09      0.00

     21  0 *    -386.83186594     5.77e-11      0.34
     21  1      -386.65309720     7.87e-10      0.00
    ** throwing out 1 trial vectors **

     22  0 *    -386.83186594     5.77e-11      0.34
     22  1      -386.65309720     4.19e-10      0.00
    ** throwing out 1 trial vectors **

     23  0 *    -386.83186594     5.76e-11      0.34
     23  1      -386.65309720     2.32e-10      0.00
    ** throwing out 1 trial vectors **

     24  0 *    -386.83186594     5.77e-11      0.34
     24  1      -386.65309720     1.25e-10      0.00
    ** throwing out 1 trial vectors **

     25  0 *    -386.83186594     5.76e-11      0.25
     25  1 *    -386.65309720     6.22e-11      0.00

     * ci vector   0, <S^2> = -0.0000, E =     -386.83186594
       222222......     0.9102905979
       222.22..2...    -0.1789104264
       2222.22.....    -0.1271230586
       22222..2....    -0.1167811688
       2.2222....2.    -0.0888086500
       2222aabb....    -0.0685098993
       2222bbaa....    -0.0685098993
       2222abab....    -0.0679650830
       2222baba....    -0.0679650830
       .22222.....2    -0.0672507330
       22222.2.....    -0.0622859920
       22222ba.....     0.0575339170
       22222ab.....     0.0575339170

     * ci vector   1, <S^2> = -0.0000, E =     -386.65309720
       22222ab.....     0.5609864837
       22222ba.....     0.5609864837
       2222b2.a....    -0.2495856213
       2222a2.b....    -0.2495856213
       222.2ab.2...    -0.1097146018
       222.2ba.2...    -0.1097146018
       22a2b22.....     0.0946808547
       22b2a22.....     0.0946808547
       222222......    -0.0939681929
       22222..a.b..    -0.0741997235
       22222..b.a..    -0.0741997235
       22222.a..b..    -0.0628520559
       22222.b..a..    -0.0628520559
       22b22aab....    -0.0605594003
       22a22bba....    -0.0605594003
       2222.2b..a..     0.0592778779
       2222.2a..b..     0.0592778779
       2222ab2.....    -0.0578310476
       2222ba2.....    -0.0578310476
       2222.2.2....     0.0546450716
       2.222ab...2.    -0.0545725874
       2.222ba...2.    -0.0545725874
       2222abb..a..     0.0543278519
       2222baa..b..     0.0543278519
       2222baba....     0.0541124278
       2222abab....     0.0541124278
       2222ba.a.b..    -0.0528894802
       2222ab.b.a..    -0.0528894802
       22a22b2.....     0.0519149265
       22b22a2.....     0.0519149265
       22b22a.2....    -0.0516538468
       22a22b.2....    -0.0516538468
       22a2b2ba....     0.0515761211
       22b2a2ab....     0.0515761211
       - FCI and RDMs                             15.53
    * Integral transformation done. Elapsed time: 0.08

       - jop, kop                                  0.00
       - denom                                     0.02
     guess   0:   closed 111111......         open ............        
     guess   1:   closed 11111.......         open .....11.....        

  === FCI iteration ===

      0  0      -386.69916294     3.86e-04      0.62
      0  1      -386.46142543     4.10e-04      0.00

      1  0      -386.80973107     1.82e-04      0.62
      1  1      -386.59580301     2.49e-04      0.00

      2  0      -386.82816373     8.06e-05      0.62
      2  1      -386.63834498     1.33e-04      0.00

      3  0      -386.83128282     3.35e-05      0.62
      3  1      -386.64908082     6.98e-05      0.00

      4  0      -386.83177928     1.32e-05      0.62
      4  1      -386.65187949     3.82e-05      0.00

      5  0      -386.83185267     5.26e-06      0.62
      5  1      -386.65271130     2.11e-05      0.00

      6  0      -386.83186389     2.08e-06      0.62
      6  1      -386.65295683     1.18e-05      0.00

      7  0      -386.83186564     8.19e-07      0.62
      7  1      -386.65303526     7.01e-06      0.00

      8  0      -386.83186592     3.47e-07      0.61
      8  1      -386.65307080     5.19e-06      0.00

      9  0      -386.83186597     1.38e-07      0.62
      9  1      -386.65308926     3.46e-06      0.00

     10  0      -386.83186598     5.14e-08      0.63
     10  1      -386.65309539     1.77e-06      0.00

     11  0      -386.83186598     1.77e-08      0.63
     11  1      -386.65309680     7.68e-07      0.00

     12  0      -386.83186598     6.09e-09      0.63
     12  1      -386.65309707     3.56e-07      0.00

     13  0      -386.83186598     2.39e-09      0.63
     13  1      -386.65309714     1.85e-07      0.00

     14  0      -386.83186598     9.69e-10      0.64
     14  1      -386.65309716     9.25e-08      0.00

     15  0      -386.83186598     3.86e-10      0.64
     15  1      -386.65309716     4.53e-08      0.00

     16  0      -386.83186598     1.54e-10      0.64
     16  1      -386.65309716     2.44e-08      0.00

     17  0 *    -386.83186598     6.08e-11      0.55
     17  1      -386.65309716     1.38e-08      0.00

     18  0 *    -386.83186598     5.80e-11      0.34
     18  1      -386.65309716     7.18e-09      0.00

     19  0 *    -386.83186598     5.78e-11      0.35
     19  1      -386.65309716     3.35e-09      0.00

     20  0 *    -386.83186598     5.78e-11      0.34
     20  1      -386.65309716     1.58e-09      0.00

     21  0 *    -386.83186598     5.77e-11      0.35
     21  1      -386.65309716     7.87e-10      0.00
    ** throwing out 1 trial vectors **

     22  0 *    -386.83186598     5.77e-11      0.34
     22  1      -386.65309716     4.19e-10      0.00
    ** throwing out 1 trial vectors **

     23  0 *    -386.83186598     5.76e-11      0.34
     23  1      -386.65309716     2.32e-10      0.00
    ** throwing out 1 trial vectors **

     24  0 *    -386.83186598     5.76e-11      0.34
     24  1      -386.65309716     1.25e-10      0.00
    ** throwing out 1 trial vectors **

     25  0 *    -386.83186598     5.76e-11      0.25
     25  1 *    -386.65309716     6.22e-11      0.00

     * ci vector   0, <S^2> = 0.0000, E =     -386.83186598
       222222......     0.9102906406
       222.22..2...    -0.1789104517
       2222.22.....    -0.1271236481
       22222..2....    -0.1167809568
       2.2222....2.    -0.0888088119
       2222aabb....    -0.0685099189
       2222bbaa....    -0.0685099189
       2222abab....    -0.0679653015
       2222baba....    -0.0679653015
       .22222.....2    -0.0672507966
       22222.2.....    -0.0622860958
       22222ba.....     0.0575333819
       22222ab.....     0.0575333819

     * ci vector   1, <S^2> = -0.0000, E =     -386.65309716
       22222ba.....     0.5609861218
       22222ab.....     0.5609861218
       2222a2.b....    -0.2495862871
       2222b2.a....    -0.2495862871
       222.2ba.2...    -0.1097145374
       222.2ab.2...    -0.1097145374
       22b2a22.....     0.0946819421
       22a2b22.....     0.0946819421
       222222......    -0.0939677754
       22222..b.a..    -0.0741987219
       22222..a.b..    -0.0741987219
       22222.b..a..    -0.0628531424
       22222.a..b..    -0.0628531424
       22a22bba....    -0.0605605961
       22b22aab....    -0.0605605961
       2222.2a..b..     0.0592788347
       2222.2b..a..     0.0592788347
       2222ba2.....    -0.0578303087
       2222ab2.....    -0.0578303087
       2222.2.2....     0.0546453155
       2.222ba...2.    -0.0545726479
       2.222ab...2.    -0.0545726479
       2222baa..b..     0.0543264147
       2222abb..a..     0.0543264147
       2222abab....     0.0541129683
       2222baba....     0.0541129683
       2222ab.b.a..    -0.0528902921
       2222ba.a.b..    -0.0528902921
       22b22a2.....     0.0519140059
       22a22b2.....     0.0519140059
       22a22b.2....    -0.0516530037
       22b22a.2....    -0.0516530037
       22b2a2ab....     0.0515751984
       22a2b2ba....     0.0515751984
       - FCI and RDMs                             15.45
    * Integral transformation done. Elapsed time: 0.08

       - jop, kop                                  0.00
       - denom                                     0.02
     guess   0:   closed 111111......         open ............        
     guess   1:   closed 11111.......         open .....11.....        

  === FCI iteration ===

      0  0      -386.69916291     3.86e-04      0.63
      0  1      -386.46142523     4.10e-04      0.00

      1  0      -386.80973108     1.82e-04      0.62
      1  1      -386.59580290     2.49e-04      0.00

      2  0      -386.82816375     8.06e-05      0.63
      2  1      -386.63834493     1.33e-04      0.00

      3  0      -386.83128284     3.35e-05      0.63
      3  1      -386.64908079     6.98e-05      0.00

      4  0      -386.83177930     1.32e-05      0.62
      4  1      -386.65187947     3.82e-05      0.00

      5  0      -386.83185269     5.26e-06      0.63
      5  1      -386.65271128     2.11e-05      0.00

      6  0      -386.83186390     2.08e-06      0.62
      6  1      -386.65295681     1.18e-05      0.00

      7  0      -386.83186565     8.19e-07      0.63
      7  1      -386.65303524     7.01e-06      0.00

      8  0      -386.83186594     3.47e-07      0.63
      8  1      -386.65307079     5.19e-06      0.00

      9  0      -386.83186599     1.38e-07      0.63
      9  1      -386.65308925     3.46e-06      0.00

     10  0      -386.83186600     5.14e-08      0.63
     10  1      -386.65309537     1.77e-06      0.00

     11  0      -386.83186600     1.77e-08      0.63
     11  1      -386.65309678     7.68e-07      0.00

     12  0      -386.83186600     6.09e-09      0.63
     12  1      -386.65309706     3.56e-07      0.00

     13  0      -386.83186600     2.39e-09      0.63
     13  1      -386.65309712     1.85e-07      0.00

     14  0      -386.83186600     9.69e-10      0.64
     14  1      -386.65309714     9.25e-08      0.00

     15  0      -386.83186600     3.86e-10      0.63
     15  1      -386.65309714     4.53e-08      0.00

     16  0      -386.83186600     1.54e-10      0.65
     16  1      -386.65309715     2.44e-08      0.00

     17  0 *    -386.83186600     6.08e-11      0.55
     17  1      -386.65309715     1.38e-08      0.00

     18  0 *    -386.83186600     5.80e-11      0.34
     18  1      -386.65309715     7.18e-09      0.00

     19  0 *    -386.83186600     5.78e-11      0.33
     19  1      -386.65309715     3.35e-09      0.00

     20  0 *    -386.83186600     5.78e-11      0.34
     20  1      -386.65309715     1.58e-09      0.00

     21  0 *    -386.83186600     5.77e-11      0.35
     21  1      -386.65309715     7.87e-10      0.00
    ** throwing out 1 trial vectors **

     22  0 *    -386.83186600     5.77e-11      0.34
     22  1      -386.65309715     4.19e-10      0.00
    ** throwing out 1 trial vectors **

     23  0 *    -386.83186600     5.76e-11      0.35
     23  1      -386.65309715     2.32e-10      0.00
    ** throwing out 1 trial vectors **

     24  0 *    -386.83186600     5.76e-11      0.35
     24  1      -386.65309715     1.25e-10      0.00
    ** throwing out 1 trial vectors **

     25  0 *    -386.83186600     5.76e-11      0.24
     25  1 *    -386.65309715     6.22e-11      0.00

     * ci vector   0, <S^2> = -0.0000, E =     -386.83186600
       222222......     0.9102906624
       222.22..2...    -0.1789104697
       2222.22.....    -0.1271239402
       22222..2....    -0.1167808532
       2.2222....2.    -0.0888088915
       2222aabb....    -0.0685099284
       2222bbaa....    -0.0685099284
       2222abab....    -0.0679654087
       2222baba....    -0.0679654087
       .22222.....2    -0.0672508269
       22222.2.....    -0.0622861479
       22222ba.....     0.0575331130
       22222ab.....     0.0575331130

     * ci vector   1, <S^2> = -0.0000, E =     -386.65309715
       22222ab.....     0.5609859444
       22222ba.....     0.5609859444
       2222b2.a....    -0.2495866135
       2222a2.b....    -0.2495866135
       222.2ab.2...    -0.1097145088
       222.2ba.2...    -0.1097145088
       22a2b22.....     0.0946824772
       22b2a22.....     0.0946824772
       222222......    -0.0939675639
       22222..a.b..     0.0741982294
       22222..b.a..     0.0741982294
       22222.a..b..     0.0628536790
       22222.b..a..     0.0628536790
       22b22aab....    -0.0605611838
       22a22bba....    -0.0605611838
       2222.2b..a..    -0.0592793062
       2222.2a..b..    -0.0592793062
       2222ab2.....    -0.0578299438
       2222ba2.....    -0.0578299438
       2222.2.2....     0.0546454373
       2.222ab...2.    -0.0545726776
       2.222ba...2.    -0.0545726776
       2222abb..a..    -0.0543257077
       2222baa..b..    -0.0543257077
       2222baba....     0.0541132390
       2222abab....     0.0541132390
       2222ba.a.b..     0.0528906913
       2222ab.b.a..     0.0528906913
       22a22b2.....     0.0519135541
       22b22a2.....     0.0519135541
       22b22a.2....    -0.0516525884
       22a22b.2....    -0.0516525884
       22a2b2ba....     0.0515747430
       22b2a2ab....     0.0515747430
       - FCI and RDMs                             15.52
