--------------------------------------------------
JOB FRONT-END 484547 on wux54
SLURM ENVIRONMENT
--------------------------------------------------
SLURM_JOB_ID                   = 484547              
SLURM_ARRAY_JOB_ID             = N/A                 
SLURM_ARRAY_TASK_ID            = N/A                 
SLURM_JOB_NAME                 = bagel-chain         
SLURM_JOB_PARTITION            = wux5x               
SLURM_JOB_NUM_NODES            = 1                   
SLURM_JOB_CPUS_PER_NODE        = 20                  
SLURM_NTASKS                   = 20                  
SLURM_NTASKS_PER_NODE          = N/A                 
--------------------------------------------------
--------------------------------------------------
PBS ENVIRONMENT
--------------------------------------------------
PBS_JOBID                      = 484547              
PBS_ARRAYID                    = N/A                 
PBS_JOBNAME                    = bagel-chain         
PBS_QUEUE                      = wux5x               
PBS_NUM_NODES                  = 1                   
PBS_NUM_PPN                    = 1                   
PBS_NP                         = 20                  
PBS_NODEFILE                   = /tmp/484547/nodes   
--------------------------------------------------
  * process grid (5, 4) will be used
    wux54                           
    wux54                           
    wux54                           
    wux54                           
    wux54                           
    wux54                           
    wux54                           
    wux54                           
    wux54                           
    wux54                           
    wux54                           
    wux54                           
    wux54                           
    wux54                           
    wux54                           
    wux54                           
    wux54                           
    wux54                           
    wux54                           
    wux54                           

  * using 20 threads per process

  ===============================================================
    BAGEL - Freshly leavened quantum chemistry                   
  ===============================================================

  *** Geometry ***

  { "atom" : "C", "xyz" : [      4.456692,     -1.072375,      1.150405 ] },
  { "atom" : "C", "xyz" : [      4.220456,      1.635060,      1.508621 ] },
  { "atom" : "C", "xyz" : [      1.941948,      2.838892,      1.370891 ] },
  { "atom" : "N", "xyz" : [     -0.392384,      1.564282,      1.055996 ] },
  { "atom" : "B", "xyz" : [     -0.262218,     -1.296873,      0.087610 ] },
  { "atom" : "C", "xyz" : [      2.424125,     -2.491721,      0.416021 ] },
  { "atom" : "C", "xyz" : [     -2.571732,     -2.681631,     -0.907121 ] },
  { "atom" : "C", "xyz" : [     -4.878796,     -1.236483,     -1.227284 ] },
  { "atom" : "C", "xyz" : [     -4.393738,      1.305477,     -1.148541 ] },
  { "atom" : "C", "xyz" : [     -1.594706,      1.719611,     -1.252072 ] },
  { "atom" : "H", "xyz" : [      6.309559,     -1.939573,      1.468216 ] },
  { "atom" : "H", "xyz" : [      5.890472,      2.782930,      1.903317 ] },
  { "atom" : "H", "xyz" : [      1.760131,      4.882471,      1.617713 ] },
  { "atom" : "H", "xyz" : [      2.681912,     -4.540282,      0.208791 ] },
  { "atom" : "H", "xyz" : [     -2.483538,     -4.682542,     -1.457101 ] },
  { "atom" : "H", "xyz" : [     -6.757814,     -2.091609,     -1.213188 ] },
  { "atom" : "H", "xyz" : [     -5.718609,      2.817193,     -0.651586 ] },
  { "atom" : "H", "xyz" : [     -0.631759,      2.487173,     -2.930687 ] },

  Number of auxiliary basis functions:      884

  Since a DF basis is specified, we compute 2- and 3-index integrals:
    o Being stored without compression. Storage requirement is 0.645 GB
       - 3-index ints prep                         0.00
       - 3-index ints                              0.15
       - 2-index ints                              0.02
       - computing inverse                         0.10
        elapsed time:        0.28 sec.


  Number of basis functions:      302
  Number of electrons      :       68


    * METHOD: MOLECULE                             0.30

       - 3-index ints prep                         0.00
       - 3-index ints                              0.13
       - 2-index ints                              0.02
       - computing inverse                         0.08

  Using the coefficient projected to the input geometry 


    * METHOD: LOAD_REF                             0.32

  ---------------------------
      CASSCF calculation     
  ---------------------------

    * nstate   :      2
    * nclosed  :     28
    * nact     :     12
    * nvirt    :    262
  === CASSCF iteration (/home/buehlerm/software/bagel/installation/share/aug-cc-pVDZ.json) ===

    * Using the second-order algorithm

      0  0      -386.75576938     7.67e-03     17.04
      0  1      -386.66246625     0.00e+00     17.04

         res : 5.44e-02   lamb: 1.00e+00   eps : -3.84e-02   step: 8.55e-02    0.06
         res : 2.05e-02   lamb: 1.00e+00   eps : -3.89e-02   step: 8.88e-02    0.06
         res : 5.31e-03   lamb: 1.00e+00   eps : -3.90e-02   step: 9.15e-02    0.06
         res : 1.69e-03   lamb: 1.00e+00   eps : -3.90e-02   step: 9.26e-02    0.06
         res : 5.11e-04   lamb: 1.00e+00   eps : -3.90e-02   step: 9.28e-02    0.06
         res : 2.41e-04   lamb: 1.00e+00   eps : -3.90e-02   step: 9.28e-02    0.06
         res : 7.81e-05   lamb: 1.00e+00   eps : -3.90e-02   step: 9.28e-02    0.06
         res : 3.32e-05   lamb: 1.00e+00   eps : -3.90e-02   step: 9.28e-02    0.06
         res : 1.44e-05   lamb: 1.00e+00   eps : -3.90e-02   step: 9.28e-02    0.06
         res : 5.62e-06   lamb: 1.00e+00   eps : -3.90e-02   step: 9.28e-02    0.06

      1  0      -386.77582643     1.19e-04     18.08
      1  1      -386.68178969     0.00e+00     18.08

         res : 6.18e-03   lamb: 1.00e+00   eps : -6.32e-05   step: 1.68e-02    0.06
         res : 1.76e-03   lamb: 1.00e+00   eps : -7.41e-05   step: 2.42e-02    0.06
         res : 6.86e-04   lamb: 1.00e+00   eps : -7.58e-05   step: 2.60e-02    0.06
         res : 3.43e-04   lamb: 1.00e+00   eps : -7.60e-05   step: 2.64e-02    0.06
         res : 1.44e-04   lamb: 1.00e+00   eps : -7.60e-05   step: 2.65e-02    0.06
         res : 6.13e-05   lamb: 1.00e+00   eps : -7.60e-05   step: 2.65e-02    0.06
         res : 3.57e-05   lamb: 1.00e+00   eps : -7.60e-05   step: 2.65e-02    0.06
         res : 1.93e-05   lamb: 1.00e+00   eps : -7.60e-05   step: 2.65e-02    0.06
         res : 8.26e-06   lamb: 1.00e+00   eps : -7.60e-05   step: 2.65e-02    0.06
         res : 3.62e-06   lamb: 1.00e+00   eps : -7.60e-05   step: 2.65e-02    0.06
         res : 1.70e-06   lamb: 1.00e+00   eps : -7.60e-05   step: 2.65e-02    0.06

      2  0      -386.77597325     3.61e-05     18.19
      2  1      -386.68173237     0.00e+00     18.19

         res : 1.29e-03   lamb: 1.00e+00   eps : -3.60e-06   step: 2.79e-03    0.06
         res : 3.26e-04   lamb: 1.00e+00   eps : -4.17e-06   step: 4.63e-03    0.06
         res : 1.46e-04   lamb: 1.00e+00   eps : -4.23e-06   step: 4.94e-03    0.06
         res : 5.84e-05   lamb: 1.00e+00   eps : -4.23e-06   step: 5.00e-03    0.06
         res : 2.37e-05   lamb: 1.00e+00   eps : -4.23e-06   step: 5.02e-03    0.06
         res : 1.26e-05   lamb: 1.00e+00   eps : -4.23e-06   step: 5.02e-03    0.06
         res : 5.34e-06   lamb: 1.00e+00   eps : -4.23e-06   step: 5.02e-03    0.06
         res : 2.08e-06   lamb: 1.00e+00   eps : -4.23e-06   step: 5.02e-03    0.06
         res : 9.65e-07   lamb: 1.00e+00   eps : -4.23e-06   step: 5.02e-03    0.06
         res : 5.25e-07   lamb: 1.00e+00   eps : -4.23e-06   step: 5.02e-03    0.06
         res : 2.65e-07   lamb: 1.00e+00   eps : -4.23e-06   step: 5.02e-03    0.06

      3  0      -386.77601322     1.37e-05     18.18
      3  1      -386.68169814     0.00e+00     18.18

         res : 4.63e-04   lamb: 1.00e+00   eps : -4.92e-07   step: 1.02e-03    0.06
         res : 1.24e-04   lamb: 1.00e+00   eps : -5.72e-07   step: 1.76e-03    0.06
         res : 5.35e-05   lamb: 1.00e+00   eps : -5.79e-07   step: 1.86e-03    0.06
         res : 2.10e-05   lamb: 1.00e+00   eps : -5.80e-07   step: 1.88e-03    0.06
         res : 7.96e-06   lamb: 1.00e+00   eps : -5.80e-07   step: 1.89e-03    0.06
         res : 4.37e-06   lamb: 1.00e+00   eps : -5.80e-07   step: 1.89e-03    0.06
         res : 2.18e-06   lamb: 1.00e+00   eps : -5.80e-07   step: 1.89e-03    0.06
         res : 1.00e-06   lamb: 1.00e+00   eps : -5.80e-07   step: 1.89e-03    0.06
         res : 5.14e-07   lamb: 1.00e+00   eps : -5.80e-07   step: 1.89e-03    0.06
         res : 2.68e-07   lamb: 1.00e+00   eps : -5.80e-07   step: 1.89e-03    0.06
         res : 1.24e-07   lamb: 1.00e+00   eps : -5.80e-07   step: 1.89e-03    0.06

      4  0      -386.77602869     5.66e-06     18.26
      4  1      -386.68168349     0.00e+00     18.26

         res : 1.94e-04   lamb: 1.00e+00   eps : -8.45e-08   step: 4.56e-04    0.06
         res : 5.48e-05   lamb: 1.00e+00   eps : -9.92e-08   step: 8.01e-04    0.06
         res : 2.33e-05   lamb: 1.00e+00   eps : -1.01e-07   step: 8.40e-04    0.06
         res : 9.46e-06   lamb: 1.00e+00   eps : -1.01e-07   step: 8.49e-04    0.06
         res : 3.47e-06   lamb: 1.00e+00   eps : -1.01e-07   step: 8.54e-04    0.06
         res : 1.92e-06   lamb: 1.00e+00   eps : -1.01e-07   step: 8.54e-04    0.06
         res : 1.05e-06   lamb: 1.00e+00   eps : -1.01e-07   step: 8.54e-04    0.06
         res : 5.25e-07   lamb: 1.00e+00   eps : -1.01e-07   step: 8.54e-04    0.06
         res : 2.51e-07   lamb: 1.00e+00   eps : -1.01e-07   step: 8.54e-04    0.06
         res : 1.11e-07   lamb: 1.00e+00   eps : -1.01e-07   step: 8.54e-04    0.06
         res : 4.88e-08   lamb: 1.00e+00   eps : -1.01e-07   step: 8.54e-04    0.06

      5  0      -386.77603582     2.46e-06     18.26
      5  1      -386.68167651     0.00e+00     18.26

         res : 8.96e-05   lamb: 1.00e+00   eps : -1.70e-08   step: 2.29e-04    0.06
         res : 2.60e-05   lamb: 1.00e+00   eps : -2.02e-08   step: 4.02e-04    0.06
         res : 1.11e-05   lamb: 1.00e+00   eps : -2.05e-08   step: 4.20e-04    0.06
         res : 4.68e-06   lamb: 1.00e+00   eps : -2.05e-08   step: 4.24e-04    0.06
         res : 1.66e-06   lamb: 1.00e+00   eps : -2.05e-08   step: 4.27e-04    0.06
         res : 9.34e-07   lamb: 1.00e+00   eps : -2.05e-08   step: 4.27e-04    0.06
         res : 5.29e-07   lamb: 1.00e+00   eps : -2.05e-08   step: 4.27e-04    0.06
         res : 2.73e-07   lamb: 1.00e+00   eps : -2.05e-08   step: 4.27e-04    0.06
         res : 1.21e-07   lamb: 1.00e+00   eps : -2.05e-08   step: 4.27e-04    0.06
         res : 4.86e-08   lamb: 1.00e+00   eps : -2.05e-08   step: 4.27e-04    0.06
         res : 2.05e-08   lamb: 1.00e+00   eps : -2.05e-08   step: 4.27e-04    0.06

      6  0      -386.77603935     1.11e-06     18.33
      6  1      -386.68167300     0.00e+00     18.33

         res : 4.45e-05   lamb: 1.00e+00   eps : -3.83e-09   step: 1.22e-04    0.07
         res : 1.28e-05   lamb: 1.00e+00   eps : -4.60e-09   step: 2.11e-04    0.06
         res : 5.51e-06   lamb: 1.00e+00   eps : -4.68e-09   step: 2.20e-04    0.06
         res : 2.40e-06   lamb: 1.00e+00   eps : -4.69e-09   step: 2.22e-04    0.06
         res : 8.24e-07   lamb: 1.00e+00   eps : -4.69e-09   step: 2.24e-04    0.06
         res : 4.69e-07   lamb: 1.00e+00   eps : -4.69e-09   step: 2.24e-04    0.07
         res : 2.71e-07   lamb: 1.00e+00   eps : -4.69e-09   step: 2.24e-04    0.07
         res : 1.42e-07   lamb: 1.00e+00   eps : -4.69e-09   step: 2.24e-04    0.07
         res : 5.95e-08   lamb: 1.00e+00   eps : -4.69e-09   step: 2.24e-04    0.07
         res : 2.30e-08   lamb: 1.00e+00   eps : -4.69e-09   step: 2.24e-04    0.07
         res : 9.51e-09   lamb: 1.00e+00   eps : -4.69e-09   step: 2.24e-04    0.07

      7  0      -386.77604116     5.23e-07     18.43
      7  1      -386.68167120     0.00e+00     18.43

         res : 2.29e-05   lamb: 1.00e+00   eps : -9.33e-10   step: 6.63e-05    0.06
         res : 6.41e-06   lamb: 1.00e+00   eps : -1.13e-09   step: 1.12e-04    0.06
         res : 2.79e-06   lamb: 1.00e+00   eps : -1.15e-09   step: 1.16e-04    0.06
         res : 1.24e-06   lamb: 1.00e+00   eps : -1.15e-09   step: 1.18e-04    0.06
         res : 4.14e-07   lamb: 1.00e+00   eps : -1.16e-09   step: 1.19e-04    0.06
         res : 2.38e-07   lamb: 1.00e+00   eps : -1.16e-09   step: 1.19e-04    0.06
         res : 1.41e-07   lamb: 1.00e+00   eps : -1.16e-09   step: 1.19e-04    0.06
         res : 7.33e-08   lamb: 1.00e+00   eps : -1.16e-09   step: 1.19e-04    0.06
         res : 2.96e-08   lamb: 1.00e+00   eps : -1.16e-09   step: 1.19e-04    0.06
         res : 1.13e-08   lamb: 1.00e+00   eps : -1.16e-09   step: 1.19e-04    0.06

      8  0      -386.77604209     2.52e-07     18.20
      8  1      -386.68167027     0.00e+00     18.20

         res : 1.19e-05   lamb: 1.00e+00   eps : -2.39e-10   step: 3.60e-05    0.06
         res : 3.27e-06   lamb: 1.00e+00   eps : -2.90e-10   step: 5.96e-05    0.06
         res : 1.42e-06   lamb: 1.00e+00   eps : -2.97e-10   step: 6.18e-05    0.06
         res : 6.46e-07   lamb: 1.00e+00   eps : -2.97e-10   step: 6.27e-05    0.06
         res : 2.11e-07   lamb: 1.00e+00   eps : -2.97e-10   step: 6.31e-05    0.06
         res : 1.22e-07   lamb: 1.00e+00   eps : -2.97e-10   step: 6.31e-05    0.06
         res : 7.32e-08   lamb: 1.00e+00   eps : -2.97e-10   step: 6.31e-05    0.06
         res : 3.80e-08   lamb: 1.00e+00   eps : -2.97e-10   step: 6.31e-05    0.06
         res : 1.49e-08   lamb: 1.00e+00   eps : -2.97e-10   step: 6.31e-05    0.06
         res : 5.67e-09   lamb: 1.00e+00   eps : -2.97e-10   step: 6.31e-05    0.06

      9  0      -386.77604258     1.24e-07     18.21
      9  1      -386.68166979     0.00e+00     18.21

         res : 6.27e-06   lamb: 1.00e+00   eps : -6.30e-11   step: 1.95e-05    0.06
         res : 1.68e-06   lamb: 1.00e+00   eps : -7.66e-11   step: 3.15e-05    0.06
         res : 7.32e-07   lamb: 1.00e+00   eps : -7.83e-11   step: 3.27e-05    0.06
         res : 3.36e-07   lamb: 1.00e+00   eps : -7.85e-11   step: 3.32e-05    0.06
         res : 1.08e-07   lamb: 1.00e+00   eps : -7.85e-11   step: 3.34e-05    0.06
         res : 6.24e-08   lamb: 1.00e+00   eps : -7.85e-11   step: 3.34e-05    0.06
         res : 3.82e-08   lamb: 1.00e+00   eps : -7.86e-11   step: 3.34e-05    0.06
         res : 1.98e-08   lamb: 1.00e+00   eps : -7.86e-11   step: 3.34e-05    0.06
         res : 7.56e-09   lamb: 1.00e+00   eps : -7.86e-11   step: 3.34e-05    0.06
         res : 2.86e-09   lamb: 1.00e+00   eps : -7.86e-11   step: 3.34e-05    0.06

     10  0      -386.77604283     6.25e-08     18.19
     10  1      -386.68166954     0.00e+00     18.19

         res : 3.29e-06   lamb: 1.00e+00   eps : -1.69e-11   step: 1.04e-05    0.06
         res : 8.72e-07   lamb: 1.00e+00   eps : -2.05e-11   step: 1.66e-05    0.06
         res : 3.78e-07   lamb: 1.00e+00   eps : -2.10e-11   step: 1.73e-05    0.06
         res : 1.75e-07   lamb: 1.00e+00   eps : -2.10e-11   step: 1.75e-05    0.06
         res : 5.60e-08   lamb: 1.00e+00   eps : -2.11e-11   step: 1.76e-05    0.06
         res : 3.22e-08   lamb: 1.00e+00   eps : -2.11e-11   step: 1.76e-05    0.06
         res : 1.99e-08   lamb: 1.00e+00   eps : -2.11e-11   step: 1.76e-05    0.06
         res : 1.03e-08   lamb: 1.00e+00   eps : -2.11e-11   step: 1.76e-05    0.06
         res : 3.87e-09   lamb: 1.00e+00   eps : -2.11e-11   step: 1.76e-05    0.06

     11  0      -386.77604296     3.18e-08     18.15
     11  1      -386.68166941     0.00e+00     18.15

         res : 1.73e-06   lamb: 1.00e+00   eps : -4.57e-12   step: 5.56e-06    0.06
         res : 4.54e-07   lamb: 1.00e+00   eps : -5.55e-12   step: 8.75e-06    0.06
         res : 1.96e-07   lamb: 1.00e+00   eps : -5.67e-12   step: 9.08e-06    0.06
         res : 9.08e-08   lamb: 1.00e+00   eps : -5.69e-12   step: 9.23e-06    0.06
         res : 2.92e-08   lamb: 1.00e+00   eps : -5.69e-12   step: 9.28e-06    0.06
         res : 1.68e-08   lamb: 1.00e+00   eps : -5.69e-12   step: 9.28e-06    0.06
         res : 1.04e-08   lamb: 1.00e+00   eps : -5.69e-12   step: 9.28e-06    0.06
         res : 5.37e-09   lamb: 1.00e+00   eps : -5.69e-12   step: 9.28e-06    0.06
         res : 2.00e-09   lamb: 1.00e+00   eps : -5.69e-12   step: 9.28e-06    0.06

     12  0      -386.77604303     1.63e-08     18.08
     12  1      -386.68166934     0.00e+00     18.08

         res : 9.07e-07   lamb: 1.00e+00   eps : -1.24e-12   step: 2.94e-06    0.06
         res : 2.37e-07   lamb: 1.00e+00   eps : -1.51e-12   step: 4.59e-06    0.06
         res : 1.02e-07   lamb: 1.00e+00   eps : -1.54e-12   step: 4.77e-06    0.06
         res : 4.73e-08   lamb: 1.00e+00   eps : -1.55e-12   step: 4.85e-06    0.06
         res : 1.52e-08   lamb: 1.00e+00   eps : -1.55e-12   step: 4.87e-06    0.06
         res : 8.71e-09   lamb: 1.00e+00   eps : -1.55e-12   step: 4.87e-06    0.06
         res : 5.45e-09   lamb: 1.00e+00   eps : -1.55e-12   step: 4.87e-06    0.06
         res : 2.80e-09   lamb: 1.00e+00   eps : -1.55e-12   step: 4.87e-06    0.06

     13  0      -386.77604306     8.40e-09     18.17
     13  1      -386.68166930     0.00e+00     18.17

    * Second-order optimization converged. *   

    * Integral transformation done. Elapsed time: 0.09

       - jop, kop                                  0.00
       - denom                                     0.02
     guess   0:   closed 111111......         open ............        
     guess   1:   closed 11111.......         open .....11.....        

  === FCI iteration ===

      0  0      -386.63407238     3.76e-04      0.62
      0  1      -386.53976015     3.71e-04      0.00

      1  0      -386.74738068     1.91e-04      0.63
      1  1      -386.64943950     1.90e-04      0.00

      2  0      -386.77037385     9.35e-05      0.61
      2  1      -386.67353540     9.76e-05      0.00

      3  0      -386.77510177     4.02e-05      0.61
      3  1      -386.67924279     5.07e-05      0.00

      4  0      -386.77587354     1.67e-05      0.61
      4  1      -386.68079821     2.90e-05      0.00

      5  0      -386.77600203     7.57e-06      0.62
      5  1      -386.68134898     1.79e-05      0.00

      6  0      -386.77603186     3.87e-06      0.62
      6  1      -386.68154884     1.07e-05      0.00

      7  0      -386.77603983     2.15e-06      0.61
      7  1      -386.68161788     6.33e-06      0.00

      8  0      -386.77604213     1.15e-06      0.62
      8  1      -386.68164622     4.34e-06      0.00

      9  0      -386.77604280     6.35e-07      0.62
      9  1      -386.68166002     3.04e-06      0.00

     10  0      -386.77604300     3.22e-07      0.62
     10  1      -386.68166598     1.88e-06      0.00

     11  0      -386.77604305     1.45e-07      0.63
     11  1      -386.68166815     1.12e-06      0.00

     12  0      -386.77604306     6.81e-08      0.63
     12  1      -386.68166894     6.69e-07      0.00

     13  0      -386.77604306     3.32e-08      0.63
     13  1      -386.68166920     3.74e-07      0.00

     14  0      -386.77604306     1.57e-08      0.63
     14  1      -386.68166928     1.94e-07      0.00

     15  0      -386.77604306     7.66e-09      0.63
     15  1      -386.68166930     1.02e-07      0.00

     16  0      -386.77604306     3.89e-09      0.63
     16  1      -386.68166930     5.73e-08      0.00

     17  0      -386.77604306     1.90e-09      0.63
     17  1      -386.68166930     3.32e-08      0.00

     18  0      -386.77604306     9.09e-10      0.64
     18  1      -386.68166930     1.86e-08      0.00

     19  0      -386.77604306     4.31e-10      0.64
     19  1      -386.68166930     1.00e-08      0.00
    ** throwing out 2 trial vectors **

     20  0      -386.77604306     1.93e-10      0.64
     20  1      -386.68166930     5.11e-09      0.00
    ** throwing out 2 trial vectors **

     21  0 *    -386.77604306     8.51e-11      0.54
     21  1      -386.68166930     2.55e-09      0.00
    ** throwing out 1 trial vectors **

     22  0 *    -386.77604306     7.09e-11      0.34
     22  1      -386.68166930     1.28e-09      0.00
    ** throwing out 1 trial vectors **

     23  0 *    -386.77604306     6.92e-11      0.33
     23  1      -386.68166930     6.43e-10      0.00
    ** throwing out 1 trial vectors **

     24  0 *    -386.77604306     6.88e-11      0.34
     24  1      -386.68166930     3.26e-10      0.00
    ** throwing out 1 trial vectors **

     25  0 *    -386.77604306     6.88e-11      0.34
     25  1      -386.68166930     1.68e-10      0.00
    ** throwing out 1 trial vectors **

     26  0 *    -386.77604306     6.88e-11      0.24
     26  1 *    -386.68166930     8.48e-11      0.00

     * ci vector   0, <S^2> = 0.0000, E =     -386.77604306
       222222......     0.7765687715
       22222ba.....     0.3136720721
       22222ab.....     0.3136720721
       2222.2.2....    -0.0777195392
       22222..2....    -0.0760387108
       222.22..2...    -0.0684419590
       222b2aa.b...     0.0592299887
       222a2bb.a...     0.0592299887
       22b2a2.a.b..    -0.0536794200
       22a2b2.b.a..    -0.0536794200
       22.222.2....    -0.0526270568
       22.222...2..    -0.0518094079
       22222.ab....    -0.0511764281
       22222.ba....    -0.0511764281
       2.22222.....    -0.0500581371

     * ci vector   1, <S^2> = -0.0000, E =     -386.68166930
       22222ba.....    -0.5415276753
       22222ab.....    -0.5415276753
       222222......     0.4315070207
       2222baab....     0.0836502269
       2222abba....     0.0836502269
       222b2aa.b...    -0.0705590555
       222a2bb.a...    -0.0705590555
       22222..2....    -0.0703262404
       2222.ba2....     0.0672727257
       2222.ab2....     0.0672727257
       2a222b2.....    -0.0647946411
       2b222a2.....    -0.0647946411
       2222bbaa....    -0.0631764033
       2222aabb....    -0.0631764033
       2.22222.....    -0.0621207963
       222.2ba.2...     0.0556487941
       222.2ab.2...     0.0556487941

    * METHOD: CASSCF                             271.00


    * METHOD: PRINT                                0.07


    * METHOD: SAVE_REF                             0.18

  === SMITH program ===

    * freezing 10 orbitals
    * SS-SR internal contraction is used

    * Approximate memory requirement for SMITH calculation per MPI process:
      o Storage requirement for T-amplitude, lambda, and residual is 0.43 GB
      o Storage requirement for MO integrals is 0.03 GB
       - MO integral evaluation                    0.70

  ++ State-averaged Fock matrix over basis states ++

                         0                   1
     0       -4.6077270391       -0.0494102068
     1       -0.0494102068       -4.4589877512


  ++ Extended multi-state CASPT2 (XMS-CASPT2) rotation matrix ++

                         0                   1
     0       -0.9573206656        0.2890279279
     1       -0.2890279279       -0.9573206656


     * ci vector, state   0, <S^2> = 0.0000
       222222......    -0.8681429133
       22222ab.....    -0.1437681349
       22222ba.....    -0.1437681349
       22222..2....     0.0931196768
       2222.2.2....     0.0828976423
       222.22..2...     0.0743246826
       2.22222.....     0.0658763341
       22b2a2.a.b..     0.0587481005
       22a2b2.b.a..     0.0587481005
       22.222.2....     0.0580697159
       22.222...2..     0.0571684273
       22222...2...     0.0565284121
       .22222.....2     0.0527695137
       22222a.b....    -0.0511006039
       22222b.a....    -0.0511006039

     * ci vector, state   1, <S^2> = 0.0000
       22222ba.....     0.6090756236
       22222ab.....     0.6090756236
       222222......    -0.1886405253
       2222baab....    -0.0894765603
       2222abba....    -0.0894765603
       222b2aa.b...     0.0846667629
       222a2bb.a...     0.0846667629
       2222.ba2....    -0.0753626202
       2222.ab2....    -0.0753626202
       2a222b2.....     0.0673897606
       2b222a2.....     0.0673897606
       2222bbaa....     0.0634164411
       2222aabb....     0.0634164411
       222.2ba.2...    -0.0630374117
       222.2ab.2...    -0.0630374117
       22222.ab....    -0.0512188118
       22222.ba....    -0.0512188118

  ++ Reference energies in XMS basis ++

                         0                   1
     0     -386.7681593486        0.0261125026
     1        0.0261125026     -386.6895530182

    * Calculating and saving rdm4f

    * Third and Fock-weighted fourth order RDM ( 1, 1) evaluation
      will be done with 40 passes
       - RDM evaluation (multipassing)            36.66
    * Third and Fock-weighted fourth order RDM ( 2, 1) evaluation
      will be done with 40 passes
       - RDM evaluation (multipassing)            58.90
    * Third and Fock-weighted fourth order RDM ( 1, 2) evaluation
      will be done with 40 passes
       - RDM evaluation (multipassing)            58.65
    * Third and Fock-weighted fourth order RDM ( 2, 2) evaluation
      will be done with 40 passes
       - RDM evaluation (multipassing)            35.70
    - linear dependency detected:    1 /  288    min eigenvalue:     2.0292e-14    max eigenvalue:     2.0292e-14
    - linear dependency detected:    1 /  288    min eigenvalue:    -3.4847e-14    max eigenvalue:    -3.4847e-14
    - linear dependency detected:   12 / 1728    min eigenvalue:    -8.3725e-14    max eigenvalue:     1.7500e-13
    - linear dependency detected:   12 / 1728    min eigenvalue:    -1.7746e-13    max eigenvalue:     4.4218e-14
    - linear dependency detected:   12 / 1728    min eigenvalue:    -1.8888e-15    max eigenvalue:     6.5156e-15
    - linear dependency detected:   12 / 1728    min eigenvalue:    -1.7928e-15    max eigenvalue:     3.7306e-15
       - RDM + denominator evaluation            225.48

    * Zeroth order energy : state  0       -4.6226446422
    * Zeroth order energy : state  1       -4.4440701481

    * CASPT2 iteration is performed using redundant basis

      ---- iteration ----

        0    -1.04599062     0.00213295      5.89
        1    -1.04821358     0.00023401      6.15
        2    -1.04824160     0.00002918      6.48
        3    -1.04824207     0.00000439      6.07
        4    -1.04824208     0.00000062      6.09

        0    -1.06095872     0.00208063      6.49
        1    -1.06323133     0.00022916      6.84
        2    -1.06326102     0.00002888      6.20
        3    -1.06326152     0.00000432      6.10
        4    -1.06326153     0.00000061      6.16

      -------------------

       - CASPT2 energy evaluation                 64.01

    * CASPT2 energy : state  0     -387.9734867845
        w/o shift correction       -387.8164014246
        reference weight              0.7609361440

    * CASPT2 energy : state  1     -387.9147679802
        w/o shift correction       -387.7528145448
        reference weight              0.7553401391


    * MS-CASPT2 Heff
           -387.9734867845        0.0205991000
              0.0205991000     -387.9147679802


    * MS-CASPT2 rotation matrix
             -0.9535745879       -0.3011569446
              0.3011569446       -0.9535745879


    * XMS-CASPT2 rotation matrix
              0.9999194269        0.0126940794
             -0.0126940794        0.9999194269

    * MS-CASPT2 energy : state  0     -387.9799923710
    * MS-CASPT2 energy : state  1     -387.9082623936



    * METHOD: SMITH                              299.84


  
  ===============================================================

