    * Using parallel algorithm in FCI.
    * Parallel algorithm will be used.
  ---------------------------
        FCI calculation      
  ---------------------------

 Constructing space of all determinants that can formed by removing 1 electron from 6 alpha and 6 beta electrons.

 Space is made up of 4 determinants.
  o forming links
    * Integral transformation done. Elapsed time: 0.09

       - jop, kop                                  0.00
       - denom                                     0.02
     guess   0:   closed 111111......         open ............        
     guess   1:   closed 11111.......         open .....11.....        

  === FCI iteration ===

      0  0      -386.61327176     3.77e-04      0.62
      0  1      -386.52002129     3.71e-04      0.00

      1  0      -386.72708489     1.91e-04      0.62
      1  1      -386.63061380     1.90e-04      0.00

      2  0      -386.75014017     9.33e-05      0.63
      2  1      -386.65449922     9.67e-05      0.00

      3  0      -386.75483966     4.00e-05      0.63
      3  1      -386.66013301     4.96e-05      0.00

      4  0      -386.75560072     1.65e-05      0.63
      4  1      -386.66163812     2.83e-05      0.00

      5  0      -386.75572786     7.54e-06      0.61
      5  1      -386.66216290     1.75e-05      0.00

      6  0      -386.75575789     3.88e-06      0.61
      6  1      -386.66235431     1.04e-05      0.00

      7  0      -386.75576613     2.15e-06      0.62
      7  1      -386.66241918     6.12e-06      0.00

      8  0      -386.75576847     1.14e-06      0.62
      8  1      -386.66244540     4.16e-06      0.00

      9  0      -386.75576913     6.28e-07      0.62
      9  1      -386.66245778     2.88e-06      0.00

     10  0      -386.75576932     3.18e-07      0.62
     10  1      -386.66246312     1.80e-06      0.00

     11  0      -386.75576937     1.44e-07      0.62
     11  1      -386.66246515     1.10e-06      0.00

     12  0      -386.75576938     6.67e-08      0.62
     12  1      -386.66246590     6.59e-07      0.00

     13  0      -386.75576938     3.17e-08      0.63
     13  1      -386.66246616     3.63e-07      0.00

     14  0      -386.75576938     1.48e-08      0.63
     14  1      -386.66246623     1.85e-07      0.00

     15  0      -386.75576938     7.06e-09      0.63
     15  1      -386.66246625     9.59e-08      0.00

     16  0      -386.75576938     3.58e-09      0.63
     16  1      -386.66246625     5.35e-08      0.00

     17  0      -386.75576938     1.79e-09      0.62
     17  1      -386.66246625     3.09e-08      0.00

     18  0      -386.75576938     8.54e-10      0.63
     18  1      -386.66246625     1.72e-08      0.00

     19  0      -386.75576938     3.98e-10      0.62
     19  1      -386.66246625     9.07e-09      0.00
    ** throwing out 2 trial vectors **

     20  0      -386.75576938     1.75e-10      0.64
     20  1      -386.66246625     4.55e-09      0.00
    ** throwing out 2 trial vectors **

     21  0 *    -386.75576938     7.68e-11      0.54
     21  1      -386.66246625     2.27e-09      0.00
    ** throwing out 1 trial vectors **

     22  0 *    -386.75576938     6.59e-11      0.34
     22  1      -386.66246625     1.16e-09      0.00
    ** throwing out 1 trial vectors **

     23  0 *    -386.75576938     6.44e-11      0.35
     23  1      -386.66246625     5.84e-10      0.00
    ** throwing out 1 trial vectors **

     24  0 *    -386.75576938     6.43e-11      0.35
     24  1      -386.66246625     2.92e-10      0.00
    ** throwing out 1 trial vectors **

     25  0 *    -386.75576938     6.43e-11      0.35
     25  1      -386.66246625     1.45e-10      0.00
    ** throwing out 1 trial vectors **

     26  0 *    -386.75576938     6.42e-11      0.25
     26  1 *    -386.66246625     7.14e-11      0.00

     * ci vector   0, <S^2> = -0.0000, E =     -386.75576938
       222222......     0.7579834830
       22222ba.....     0.3372304783
       22222ab.....     0.3372304783
       2222.2.2....    -0.0793966942
       22222..2....    -0.0717423513
       222.22..2...    -0.0686447373
       222b2aa.b...     0.0603691227
       222a2bb.a...     0.0603691227
       22a2b2.b.a..    -0.0541738640
       22b2a2.a.b..    -0.0541738640
       2.22222.....    -0.0534266041
       22.222.2....    -0.0526130012
       22222.ab....    -0.0510310086
       22222.ba....    -0.0510310086
       22.222...2..    -0.0505640908

     * ci vector   1, <S^2> = -0.0000, E =     -386.66246625
       22222ba.....     0.5280187295
       22222ab.....     0.5280187295
       222222......    -0.4618029962
       2222baab....    -0.0819496613
       2222abba....    -0.0819496613
       222b2aa.b...     0.0721195350
       222a2bb.a...     0.0721195350
       2a222b2.....    -0.0683927629
       2b222a2.....    -0.0683927629
       22222..2....     0.0678047254
       2222.ba2....    -0.0671520076
       2222.ab2....    -0.0671520076
       2.22222.....     0.0662340619
       2222bbaa....     0.0650860287
       2222aabb....     0.0650860287
       222.2ba.2...    -0.0562386029
       222.2ab.2...    -0.0562386029
       - FCI and RDMs                             16.94
    * Integral transformation done. Elapsed time: 0.08

       - jop, kop                                  0.00
       - denom                                     0.02
     guess   0:   closed 111111......         open ............        
     guess   1:   closed 11111.......         open .....11.....        

  === FCI iteration ===

      0  0      -386.63376087     3.77e-04      0.60
      0  1      -386.53967246     3.71e-04      0.00

      1  0      -386.74720114     1.91e-04      0.61
      1  1      -386.64967251     1.90e-04      0.00

      2  0      -386.77017847     9.34e-05      0.61
      2  1      -386.67369753     9.73e-05      0.00

      3  0      -386.77488662     4.02e-05      0.61
      3  1      -386.67938496     5.04e-05      0.00

      4  0      -386.77565570     1.67e-05      0.61
      4  1      -386.68092707     2.89e-05      0.00

      5  0      -386.77578486     7.59e-06      0.61
      5  1      -386.68147375     1.78e-05      0.00

      6  0      -386.77581503     3.89e-06      0.62
      6  1      -386.68167230     1.06e-05      0.00

      7  0      -386.77582318     2.15e-06      0.61
      7  1      -386.68173989     6.25e-06      0.00

      8  0      -386.77582551     1.15e-06      0.61
      8  1      -386.68176743     4.27e-06      0.00

      9  0      -386.77582617     6.35e-07      0.61
      9  1      -386.68178067     2.99e-06      0.00

     10  0      -386.77582637     3.22e-07      0.61
     10  1      -386.68178641     1.86e-06      0.00

     11  0      -386.77582642     1.45e-07      0.62
     11  1      -386.68178854     1.12e-06      0.00

     12  0      -386.77582643     6.75e-08      0.62
     12  1      -386.68178932     6.71e-07      0.00

     13  0      -386.77582643     3.24e-08      0.62
     13  1      -386.68178959     3.72e-07      0.00

     14  0      -386.77582643     1.52e-08      0.62
     14  1      -386.68178966     1.91e-07      0.00

     15  0      -386.77582643     7.33e-09      0.62
     15  1      -386.68178968     9.95e-08      0.00

     16  0      -386.77582643     3.75e-09      0.63
     16  1      -386.68178969     5.56e-08      0.00

     17  0      -386.77582643     1.85e-09      0.62
     17  1      -386.68178969     3.21e-08      0.00

     18  0      -386.77582643     8.82e-10      0.63
     18  1      -386.68178969     1.79e-08      0.00

     19  0      -386.77582643     4.14e-10      0.63
     19  1      -386.68178969     9.57e-09      0.00
    ** throwing out 2 trial vectors **

     20  0      -386.77582643     1.84e-10      0.64
     20  1      -386.68178969     4.88e-09      0.00
    ** throwing out 2 trial vectors **

     21  0 *    -386.77582643     8.03e-11      0.54
     21  1      -386.68178969     2.44e-09      0.00
    ** throwing out 1 trial vectors **

     22  0 *    -386.77582643     6.76e-11      0.33
     22  1      -386.68178969     1.23e-09      0.00
    ** throwing out 1 trial vectors **

     23  0 *    -386.77582643     6.59e-11      0.33
     23  1      -386.68178969     6.22e-10      0.00
    ** throwing out 1 trial vectors **

     24  0 *    -386.77582643     6.57e-11      0.34
     24  1      -386.68178969     3.13e-10      0.00
    ** throwing out 1 trial vectors **

     25  0 *    -386.77582643     6.57e-11      0.34
     25  1      -386.68178969     1.59e-10      0.00
    ** throwing out 1 trial vectors **

     26  0 *    -386.77582643     6.57e-11      0.24
     26  1 *    -386.68178969     7.83e-11      0.00

     * ci vector   0, <S^2> = -0.0000, E =     -386.77582643
       222222......     0.7704219742
       22222ab.....    -0.3222715180
       22222ba.....    -0.3222715180
       2222.2.2....    -0.0785044206
       22222..2....    -0.0739021876
       222.22..2...    -0.0684385004
       222a2bb.a...    -0.0601306555
       222b2aa.b...    -0.0601306555
       22a2b2.b.a..     0.0538749952
       22b2a2.a.b..     0.0538749952
       22.222.2....    -0.0529189760
       2.22222.....    -0.0515350327
       22.222...2..    -0.0512742947
       22222.ba....    -0.0512267550
       22222.ab....    -0.0512267550

     * ci vector   1, <S^2> = -0.0000, E =     -386.68178969
       22222ab.....    -0.5366708851
       22222ba.....    -0.5366708851
       222222......    -0.4425441101
       2222abba....    -0.0828112460
       2222baab....    -0.0828112460
       222a2bb.a...    -0.0708867968
       222b2aa.b...    -0.0708867968
       22222..2....     0.0693176376
       2222.ab2....     0.0671313028
       2222.ba2....     0.0671313028
       2b222a2.....     0.0668210353
       2a222b2.....     0.0668210353
       2.22222.....     0.0636778875
       2222aabb....     0.0632287262
       2222bbaa....     0.0632287262
       222.2ab.2...     0.0558731188
       222.2ba.2...     0.0558731188
       - FCI and RDMs                             16.68
    * Integral transformation done. Elapsed time: 0.08

       - jop, kop                                  0.00
       - denom                                     0.02
     guess   0:   closed 111111......         open ............        
     guess   1:   closed 11111.......         open .....11.....        

  === FCI iteration ===

      0  0      -386.63401956     3.76e-04      0.60
      0  1      -386.53975595     3.71e-04      0.00

      1  0      -386.74734235     1.91e-04      0.61
      1  1      -386.64954845     1.90e-04      0.00

      2  0      -386.77031201     9.35e-05      0.61
      2  1      -386.67362179     9.75e-05      0.00

      3  0      -386.77503200     4.02e-05      0.61
      3  1      -386.67931820     5.05e-05      0.00

      4  0      -386.77580326     1.67e-05      0.61
      4  1      -386.68086633     2.89e-05      0.00

      5  0      -386.77593213     7.58e-06      0.61
      5  1      -386.68141503     1.79e-05      0.00

      6  0      -386.77596204     3.87e-06      0.61
      6  1      -386.68161381     1.06e-05      0.00

      7  0      -386.77597003     2.15e-06      0.62
      7  1      -386.68168192     6.28e-06      0.00

      8  0      -386.77597233     1.15e-06      0.62
      8  1      -386.68170975     4.29e-06      0.00

      9  0      -386.77597299     6.34e-07      0.62
      9  1      -386.68172323     3.01e-06      0.00

     10  0      -386.77597319     3.21e-07      0.62
     10  1      -386.68172908     1.86e-06      0.00

     11  0      -386.77597324     1.45e-07      0.62
     11  1      -386.68173123     1.12e-06      0.00

     12  0      -386.77597325     6.79e-08      0.62
     12  1      -386.68173201     6.68e-07      0.00

     13  0      -386.77597325     3.29e-08      0.62
     13  1      -386.68173227     3.72e-07      0.00

     14  0      -386.77597325     1.55e-08      0.62
     14  1      -386.68173234     1.92e-07      0.00

     15  0      -386.77597325     7.54e-09      0.63
     15  1      -386.68173236     1.01e-07      0.00

     16  0      -386.77597325     3.85e-09      0.63
     16  1      -386.68173237     5.65e-08      0.00

     17  0      -386.77597325     1.88e-09      0.63
     17  1      -386.68173237     3.27e-08      0.00

     18  0      -386.77597325     9.00e-10      0.63
     18  1      -386.68173237     1.84e-08      0.00

     19  0      -386.77597325     4.25e-10      0.63
     19  1      -386.68173237     9.87e-09      0.00
    ** throwing out 2 trial vectors **

     20  0      -386.77597325     1.90e-10      0.64
     20  1      -386.68173237     5.04e-09      0.00
    ** throwing out 2 trial vectors **

     21  0 *    -386.77597325     8.37e-11      0.54
     21  1      -386.68173237     2.51e-09      0.00
    ** throwing out 1 trial vectors **

     22  0 *    -386.77597325     6.97e-11      0.34
     22  1      -386.68173237     1.26e-09      0.00
    ** throwing out 1 trial vectors **

     23  0 *    -386.77597325     6.80e-11      0.34
     23  1      -386.68173237     6.34e-10      0.00
    ** throwing out 1 trial vectors **

     24  0 *    -386.77597325     6.76e-11      0.34
     24  1      -386.68173237     3.20e-10      0.00
    ** throwing out 1 trial vectors **

     25  0 *    -386.77597325     6.76e-11      0.34
     25  1      -386.68173237     1.64e-10      0.00
    ** throwing out 1 trial vectors **

     26  0 *    -386.77597325     6.76e-11      0.24
     26  1 *    -386.68173237     8.21e-11      0.00

     * ci vector   0, <S^2> = 0.0000, E =     -386.77597325
       222222......     0.7749886200
       22222ba.....    -0.3159832962
       22222ab.....    -0.3159832962
       2222.2.2....    -0.0780087528
       22222..2....    -0.0752949708
       222.22..2...    -0.0685244515
       222b2aa.b...    -0.0595238089
       222a2bb.a...    -0.0595238089
       22b2a2.a.b..    -0.0537740903
       22a2b2.b.a..    -0.0537740903
       22.222.2....    -0.0527609439
       22.222...2..    -0.0516913964
       22222.ab....    -0.0510556063
       22222.ba....    -0.0510556063
       2.22222.....    -0.0507715525

     * ci vector   1, <S^2> = -0.0000, E =     -386.68173237
       22222ba.....     0.5402408600
       22222ab.....     0.5402408599
       222222......     0.4343695066
       2222baab....     0.0832570563
       2222abba....     0.0832570563
       222b2aa.b...     0.0706524546
       222a2bb.a...     0.0706524546
       22222..2....    -0.0698184071
       2222.ba2....    -0.0672306849
       2222.ab2....    -0.0672306849
       2a222b2.....     0.0658346639
       2b222a2.....     0.0658346639
       2222bbaa....    -0.0630032294
       2222aabb....    -0.0630032294
       2.22222.....    -0.0628622774
       222.2ba.2...    -0.0557711111
       222.2ab.2...    -0.0557711111
       - FCI and RDMs                             16.72
    * Integral transformation done. Elapsed time: 0.08

       - jop, kop                                  0.00
       - denom                                     0.02
     guess   0:   closed 111111......         open ............        
     guess   1:   closed 11111.......         open .....11.....        

  === FCI iteration ===

      0  0      -386.63404924     3.76e-04      0.60
      0  1      -386.53976602     3.71e-04      0.00

      1  0      -386.74735788     1.91e-04      0.61
      1  1      -386.64948902     1.90e-04      0.00

      2  0      -386.77034406     9.35e-05      0.61
      2  1      -386.67357586     9.75e-05      0.00

      3  0      -386.77507103     4.02e-05      0.61
      3  1      -386.67927733     5.06e-05      0.00

      4  0      -386.77584332     1.67e-05      0.61
      4  1      -386.68082925     2.89e-05      0.00

      5  0      -386.77597213     7.58e-06      0.62
      5  1      -386.68137904     1.79e-05      0.00

      6  0      -386.77600201     3.87e-06      0.61
      6  1      -386.68157841     1.07e-05      0.00

      7  0      -386.77601000     2.15e-06      0.62
      7  1      -386.68164708     6.31e-06      0.00

      8  0      -386.77601229     1.15e-06      0.61
      8  1      -386.68167522     4.32e-06      0.00

      9  0      -386.77601296     6.35e-07      0.61
      9  1      -386.68168891     3.03e-06      0.00

     10  0      -386.77601316     3.22e-07      0.61
     10  1      -386.68169483     1.87e-06      0.00

     11  0      -386.77601321     1.46e-07      0.62
     11  1      -386.68169700     1.12e-06      0.00

     12  0      -386.77601322     6.81e-08      0.62
     12  1      -386.68169778     6.68e-07      0.00

     13  0      -386.77601322     3.31e-08      0.62
     13  1      -386.68169804     3.73e-07      0.00

     14  0      -386.77601322     1.57e-08      0.62
     14  1      -386.68169812     1.93e-07      0.00

     15  0      -386.77601322     7.63e-09      0.62
     15  1      -386.68169814     1.02e-07      0.00

     16  0      -386.77601322     3.88e-09      0.62
     16  1      -386.68169814     5.71e-08      0.00

     17  0      -386.77601322     1.89e-09      0.62
     17  1      -386.68169814     3.31e-08      0.00

     18  0      -386.77601322     9.07e-10      0.62
     18  1      -386.68169814     1.86e-08      0.00

     19  0      -386.77601322     4.30e-10      0.62
     19  1      -386.68169814     1.00e-08      0.00
    ** throwing out 2 trial vectors **

     20  0      -386.77601322     1.93e-10      0.63
     20  1      -386.68169814     5.10e-09      0.00
    ** throwing out 2 trial vectors **

     21  0 *    -386.77601322     8.49e-11      0.53
     21  1      -386.68169814     2.55e-09      0.00
    ** throwing out 1 trial vectors **

     22  0 *    -386.77601322     7.06e-11      0.33
     22  1      -386.68169814     1.28e-09      0.00
    ** throwing out 1 trial vectors **

     23  0 *    -386.77601322     6.89e-11      0.35
     23  1      -386.68169814     6.41e-10      0.00
    ** throwing out 1 trial vectors **

     24  0 *    -386.77601322     6.85e-11      0.35
     24  1      -386.68169814     3.24e-10      0.00
    ** throwing out 1 trial vectors **

     25  0 *    -386.77601322     6.85e-11      0.35
     25  1      -386.68169814     1.67e-10      0.00
    ** throwing out 1 trial vectors **

     26  0 *    -386.77601322     6.85e-11      0.24
     26  1 *    -386.68169814     8.41e-11      0.00

     * ci vector   0, <S^2> = 0.0000, E =     -386.77601322
       222222......    -0.7761897098
       22222ba.....     0.3142234749
       22222ab.....     0.3142234749
       2222.2.2....     0.0777980849
       22222..2....     0.0757800128
       222.22..2...     0.0684630033
       222b2aa.b...    -0.0593081267
       222a2bb.a...    -0.0593081267
       22a2b2.b.a..     0.0536867232
       22b2a2.a.b..     0.0536867232
       22.222.2....     0.0526847031
       22.222...2..     0.0517303433
       22222.ab....     0.0511083848
       22222.ba....     0.0511083848
       2.22222.....     0.0503154923

     * ci vector   1, <S^2> = 0.0000, E =     -386.68169814
       22222ba.....     0.5412344512
       22222ab.....     0.5412344512
       222222......     0.4321505736
       2222baab....     0.0834834649
       2222abba....     0.0834834649
       222b2aa.b...    -0.0705782064
       222a2bb.a...    -0.0705782064
       22222..2....    -0.0700952834
       2222.ba2....    -0.0672293379
       2222.ab2....    -0.0672293379
       2a222b2.....    -0.0652001491
       2b222a2.....    -0.0652001491
       2222bbaa....    -0.0630681251
       2222aabb....    -0.0630681251
       2.22222.....    -0.0623404109
       222.2ba.2...    -0.0556789734
       222.2ab.2...    -0.0556789734
       - FCI and RDMs                             16.72
    * Integral transformation done. Elapsed time: 0.08

       - jop, kop                                  0.00
       - denom                                     0.02
     guess   0:   closed 111111......         open ............        
     guess   1:   closed 11111.......         open .....11.....        

  === FCI iteration ===

      0  0      -386.63406019     3.76e-04      0.61
      0  1      -386.53976297     3.71e-04      0.00

      1  0      -386.74736699     1.91e-04      0.61
      1  1      -386.64946150     1.90e-04      0.00

      2  0      -386.77035851     9.35e-05      0.61
      2  1      -386.67355461     9.76e-05      0.00

      3  0      -386.77508674     4.02e-05      0.61
      3  1      -386.67925945     5.07e-05      0.00

      4  0      -386.77585895     1.67e-05      0.62
      4  1      -386.68081337     2.90e-05      0.00

      5  0      -386.77598762     7.58e-06      0.61
      5  1      -386.68136370     1.79e-05      0.00

      6  0      -386.77601748     3.87e-06      0.62
      6  1      -386.68156333     1.07e-05      0.00

      7  0      -386.77602546     2.15e-06      0.62
      7  1      -386.68163222     6.32e-06      0.00

      8  0      -386.77602776     1.15e-06      0.62
      8  1      -386.68166047     4.33e-06      0.00

      9  0      -386.77602842     6.35e-07      0.62
      9  1      -386.68167422     3.04e-06      0.00

     10  0      -386.77602863     3.22e-07      0.62
     10  1      -386.68168017     1.88e-06      0.00

     11  0      -386.77602868     1.46e-07      0.62
     11  1      -386.68168234     1.12e-06      0.00

     12  0      -386.77602869     6.81e-08      0.63
     12  1      -386.68168313     6.69e-07      0.00

     13  0      -386.77602869     3.32e-08      0.63
     13  1      -386.68168339     3.74e-07      0.00

     14  0      -386.77602869     1.57e-08      0.63
     14  1      -386.68168346     1.94e-07      0.00

     15  0      -386.77602869     7.65e-09      0.63
     15  1      -386.68168348     1.02e-07      0.00

     16  0      -386.77602869     3.89e-09      0.63
     16  1      -386.68168349     5.72e-08      0.00

     17  0      -386.77602869     1.90e-09      0.63
     17  1      -386.68168349     3.32e-08      0.00

     18  0      -386.77602869     9.09e-10      0.63
     18  1      -386.68168349     1.86e-08      0.00

     19  0      -386.77602869     4.31e-10      0.63
     19  1      -386.68168349     1.00e-08      0.00
    ** throwing out 2 trial vectors **

     20  0      -386.77602869     1.94e-10      0.64
     20  1      -386.68168349     5.11e-09      0.00
    ** throwing out 2 trial vectors **

     21  0 *    -386.77602869     8.52e-11      0.55
     21  1      -386.68168349     2.55e-09      0.00
    ** throwing out 1 trial vectors **

     22  0 *    -386.77602869     7.09e-11      0.34
     22  1      -386.68168349     1.28e-09      0.00
    ** throwing out 1 trial vectors **

     23  0 *    -386.77602869     6.91e-11      0.34
     23  1      -386.68168349     6.43e-10      0.00
    ** throwing out 1 trial vectors **

     24  0 *    -386.77602869     6.88e-11      0.33
     24  1      -386.68168349     3.25e-10      0.00
    ** throwing out 1 trial vectors **

     25  0 *    -386.77602869     6.88e-11      0.34
     25  1      -386.68168349     1.68e-10      0.00
    ** throwing out 1 trial vectors **

     26  0 *    -386.77602869     6.88e-11      0.24
     26  1 *    -386.68168349     8.46e-11      0.00

     * ci vector   0, <S^2> = 0.0000, E =     -386.77602869
       222222......    -0.7764726128
       22222ab.....    -0.3138078378
       22222ba.....    -0.3138078378
       2222.2.2....     0.0777325410
       22222..2....     0.0759488722
       222.22..2...     0.0684483054
       222a2bb.a...    -0.0592489969
       222b2aa.b...    -0.0592489969
       22b2a2.a.b..    -0.0536672364
       22a2b2.b.a..    -0.0536672364
       22.222.2....     0.0526497568
       22.222...2..     0.0517628033
       22222.ba....     0.0511457645
       22222.ab....     0.0511457645
       2.22222.....     0.0501452270

     * ci vector   1, <S^2> = 0.0000, E =     -386.68168349
       22222ab.....     0.5414590225
       22222ba.....     0.5414590225
       222222......    -0.4316511390
       2222abba....     0.0835748863
       2222baab....     0.0835748863
       222a2bb.a...     0.0705621385
       222b2aa.b...     0.0705621385
       22222..2....     0.0702271701
       2222.ab2....    -0.0672412250
       2222.ba2....    -0.0672412250
       2b222a2.....    -0.0649634599
       2a222b2.....    -0.0649634599
       2222aabb....    -0.0631189258
       2222bbaa....    -0.0631189258
       2.22222.....     0.0621801910
       222.2ab.2...    -0.0556559492
       222.2ba.2...    -0.0556559492
       - FCI and RDMs                             16.79
    * Integral transformation done. Elapsed time: 0.08

       - jop, kop                                  0.00
       - denom                                     0.02
     guess   0:   closed 111111......         open ............        
     guess   1:   closed 11111.......         open .....11.....        

  === FCI iteration ===

      0  0      -386.63406559     3.76e-04      0.60
      0  1      -386.53976106     3.71e-04      0.00

      1  0      -386.74737274     1.91e-04      0.61
      1  1      -386.64944935     1.90e-04      0.00

      2  0      -386.77036580     9.35e-05      0.61
      2  1      -386.67354470     9.76e-05      0.00

      3  0      -386.77509414     4.02e-05      0.62
      3  1      -386.67925106     5.07e-05      0.00

      4  0      -386.77586617     1.67e-05      0.61
      4  1      -386.68080585     2.90e-05      0.00

      5  0      -386.77599476     7.58e-06      0.62
      5  1      -386.68135643     1.79e-05      0.00

      6  0      -386.77602461     3.87e-06      0.62
      6  1      -386.68155618     1.07e-05      0.00

      7  0      -386.77603259     2.15e-06      0.62
      7  1      -386.68162515     6.33e-06      0.00

      8  0      -386.77603488     1.15e-06      0.62
      8  1      -386.68165346     4.33e-06      0.00

      9  0      -386.77603555     6.35e-07      0.62
      9  1      -386.68166723     3.04e-06      0.00

     10  0      -386.77603575     3.22e-07      0.62
     10  1      -386.68167319     1.88e-06      0.00

     11  0      -386.77603580     1.45e-07      0.63
     11  1      -386.68167536     1.12e-06      0.00

     12  0      -386.77603581     6.81e-08      0.63
     12  1      -386.68167614     6.69e-07      0.00

     13  0      -386.77603582     3.32e-08      0.62
     13  1      -386.68167641     3.74e-07      0.00

     14  0      -386.77603582     1.57e-08      0.63
     14  1      -386.68167648     1.94e-07      0.00

     15  0      -386.77603582     7.66e-09      0.63
     15  1      -386.68167650     1.02e-07      0.00

     16  0      -386.77603582     3.89e-09      0.63
     16  1      -386.68167651     5.73e-08      0.00

     17  0      -386.77603582     1.90e-09      0.63
     17  1      -386.68167651     3.32e-08      0.00

     18  0      -386.77603582     9.09e-10      0.63
     18  1      -386.68167651     1.86e-08      0.00

     19  0      -386.77603582     4.31e-10      0.64
     19  1      -386.68167651     1.00e-08      0.00
    ** throwing out 2 trial vectors **

     20  0      -386.77603582     1.94e-10      0.64
     20  1      -386.68167651     5.11e-09      0.00
    ** throwing out 2 trial vectors **

     21  0 *    -386.77603582     8.52e-11      0.54
     21  1      -386.68167651     2.55e-09      0.00
    ** throwing out 1 trial vectors **

     22  0 *    -386.77603582     7.09e-11      0.34
     22  1      -386.68167651     1.28e-09      0.00
    ** throwing out 1 trial vectors **

     23  0 *    -386.77603582     6.92e-11      0.34
     23  1      -386.68167651     6.43e-10      0.00
    ** throwing out 1 trial vectors **

     24  0 *    -386.77603582     6.88e-11      0.34
     24  1      -386.68167651     3.26e-10      0.00
    ** throwing out 1 trial vectors **

     25  0 *    -386.77603582     6.88e-11      0.34
     25  1      -386.68167651     1.68e-10      0.00
    ** throwing out 1 trial vectors **

     26  0 *    -386.77603582     6.89e-11      0.24
     26  1 *    -386.68167651     8.47e-11      0.00

     * ci vector   0, <S^2> = 0.0000, E =     -386.77603582
       222222......     0.7765479378
       22222ba.....     0.3136990078
       22222ab.....     0.3136990078
       2222.2.2....    -0.0777156249
       22222..2....    -0.0760089564
       222.22..2...    -0.0684447976
       222b2aa.b...     0.0592327555
       222a2bb.a...     0.0592327555
       22a2b2.b.a..    -0.0536668615
       22b2a2.a.b..    -0.0536668615
       22.222.2....    -0.0526357922
       22.222...2..    -0.0517833107
       22222.ab....    -0.0511640109
       22222.ba....    -0.0511640109
       2.22222.....    -0.0500866346

     * ci vector   1, <S^2> = 0.0000, E =     -386.68167651
       22222ab.....    -0.5415151842
       22222ba.....    -0.5415151842
       222222......     0.4315283089
       2222abba....     0.0836149111
       2222baab....     0.0836149111
       222a2bb.a...    -0.0705587554
       222b2aa.b...    -0.0705587554
       22222..2....    -0.0702848628
       2222.ab2....     0.0672531305
       2222.ba2....     0.0672531305
       2b222a2.....    -0.0648682838
       2a222b2.....    -0.0648682838
       2222aabb....    -0.0631468501
       2222bbaa....    -0.0631468501
       2.22222.....    -0.0621329265
       222.2ab.2...     0.0556503039
       222.2ba.2...     0.0556503039
       - FCI and RDMs                             16.80
    * Integral transformation done. Elapsed time: 0.08

       - jop, kop                                  0.00
       - denom                                     0.02
     guess   0:   closed 111111......         open ............        
     guess   1:   closed 11111.......         open .....11.....        

  === FCI iteration ===

      0  0      -386.63406858     3.76e-04      0.60
      0  1      -386.53976026     3.71e-04      0.00

      1  0      -386.74737621     1.91e-04      0.61
      1  1      -386.64944394     1.90e-04      0.00

      2  0      -386.77036962     9.35e-05      0.61
      2  1      -386.67353995     9.76e-05      0.00

      3  0      -386.77509784     4.02e-05      0.61
      3  1      -386.67924695     5.07e-05      0.00

      4  0      -386.77586976     1.67e-05      0.61
      4  1      -386.68080211     2.90e-05      0.00

      5  0      -386.77599831     7.58e-06      0.62
      5  1      -386.68135279     1.79e-05      0.00

      6  0      -386.77602815     3.87e-06      0.62
      6  1      -386.68155260     1.07e-05      0.00

      7  0      -386.77603613     2.15e-06      0.62
      7  1      -386.68162161     6.33e-06      0.00

      8  0      -386.77603842     1.15e-06      0.62
      8  1      -386.68164993     4.33e-06      0.00

      9  0      -386.77603909     6.35e-07      0.62
      9  1      -386.68166372     3.04e-06      0.00

     10  0      -386.77603929     3.22e-07      0.62
     10  1      -386.68166968     1.88e-06      0.00

     11  0      -386.77603934     1.45e-07      0.62
     11  1      -386.68167185     1.12e-06      0.00

     12  0      -386.77603935     6.81e-08      0.62
     12  1      -386.68167264     6.69e-07      0.00

     13  0      -386.77603935     3.32e-08      0.62
     13  1      -386.68167290     3.74e-07      0.00

     14  0      -386.77603935     1.57e-08      0.61
     14  1      -386.68167297     1.94e-07      0.00

     15  0      -386.77603935     7.66e-09      0.63
     15  1      -386.68167299     1.02e-07      0.00

     16  0      -386.77603935     3.89e-09      0.63
     16  1      -386.68167300     5.73e-08      0.00

     17  0      -386.77603935     1.90e-09      0.63
     17  1      -386.68167300     3.32e-08      0.00

     18  0      -386.77603935     9.09e-10      0.62
     18  1      -386.68167300     1.86e-08      0.00

     19  0      -386.77603935     4.31e-10      0.63
     19  1      -386.68167300     1.00e-08      0.00
    ** throwing out 2 trial vectors **

     20  0      -386.77603935     1.94e-10      0.63
     20  1      -386.68167300     5.11e-09      0.00
    ** throwing out 2 trial vectors **

     21  0 *    -386.77603935     8.52e-11      0.55
     21  1      -386.68167300     2.55e-09      0.00
    ** throwing out 1 trial vectors **

     22  0 *    -386.77603935     7.09e-11      0.35
     22  1      -386.68167300     1.28e-09      0.00
    ** throwing out 1 trial vectors **

     23  0 *    -386.77603935     6.92e-11      0.35
     23  1      -386.68167300     6.43e-10      0.00
    ** throwing out 1 trial vectors **

     24  0 *    -386.77603935     6.88e-11      0.35
     24  1      -386.68167300     3.26e-10      0.00
    ** throwing out 1 trial vectors **

     25  0 *    -386.77603935     6.88e-11      0.35
     25  1      -386.68167300     1.68e-10      0.00
    ** throwing out 1 trial vectors **

     26  0 *    -386.77603935     6.89e-11      0.24
     26  1 *    -386.68167300     8.48e-11      0.00

     * ci vector   0, <S^2> = -0.0000, E =     -386.77603935
       222222......     0.7765675662
       22222ab.....     0.3136717297
       22222ba.....     0.3136717297
       2222.2.2....    -0.0777133558
       22222..2....    -0.0760298929
       222.22..2...    -0.0684435338
       222a2bb.a...     0.0592289263
       222b2aa.b...     0.0592289263
       22b2a2.a.b..     0.0536704410
       22a2b2.b.a..     0.0536704410
       22.222.2....    -0.0526303529
       22.222...2..    -0.0517951463
       22222.ba....    -0.0511718170
       22222.ab....    -0.0511718170
       2.22222.....    -0.0500670567

     * ci vector   1, <S^2> = 0.0000, E =     -386.68167300
       22222ab.....    -0.5415284817
       22222ba.....    -0.5415284816
       222222......     0.4315007879
       2222abba....     0.0836333425
       2222baab....     0.0836333425
       222a2bb.a...    -0.0705583253
       222b2aa.b...    -0.0705583253
       22222..2....    -0.0703092050
       2222.ab2....     0.0672613669
       2222.ba2....     0.0672613669
       2b222a2.....     0.0648280305
       2a222b2.....     0.0648280305
       2222aabb....    -0.0631613401
       2222bbaa....    -0.0631613401
       2.22222.....    -0.0621205260
       222.2ab.2...     0.0556489526
       222.2ba.2...     0.0556489526
       - FCI and RDMs                             16.86
    * Integral transformation done. Elapsed time: 0.08

       - jop, kop                                  0.00
       - denom                                     0.02
     guess   0:   closed 111111......         open ............        
     guess   1:   closed 11111.......         open .....11.....        

  === FCI iteration ===

      0  0      -386.63407028     3.76e-04      0.62
      0  1      -386.53976001     3.71e-04      0.00

      1  0      -386.74737822     1.91e-04      0.63
      1  1      -386.64944151     1.90e-04      0.00

      2  0      -386.77037164     9.35e-05      0.63
      2  1      -386.67353764     9.76e-05      0.00

      3  0      -386.77509975     4.02e-05      0.61
      3  1      -386.67924489     5.07e-05      0.00

      4  0      -386.77587160     1.67e-05      0.62
      4  1      -386.68080020     2.90e-05      0.00

      5  0      -386.77600012     7.57e-06      0.62
      5  1      -386.68135093     1.79e-05      0.00

      6  0      -386.77602996     3.87e-06      0.62
      6  1      -386.68155077     1.07e-05      0.00

      7  0      -386.77603793     2.15e-06      0.62
      7  1      -386.68161980     6.33e-06      0.00

      8  0      -386.77604023     1.15e-06      0.62
      8  1      -386.68164813     4.34e-06      0.00

      9  0      -386.77604089     6.35e-07      0.62
      9  1      -386.68166192     3.04e-06      0.00

     10  0      -386.77604110     3.22e-07      0.62
     10  1      -386.68166788     1.88e-06      0.00

     11  0      -386.77604115     1.45e-07      0.62
     11  1      -386.68167006     1.12e-06      0.00

     12  0      -386.77604116     6.81e-08      0.63
     12  1      -386.68167084     6.69e-07      0.00

     13  0      -386.77604116     3.32e-08      0.63
     13  1      -386.68167110     3.74e-07      0.00

     14  0      -386.77604116     1.57e-08      0.62
     14  1      -386.68167118     1.94e-07      0.00

     15  0      -386.77604116     7.66e-09      0.63
     15  1      -386.68167120     1.02e-07      0.00

     16  0      -386.77604116     3.89e-09      0.63
     16  1      -386.68167120     5.73e-08      0.00

     17  0      -386.77604116     1.90e-09      0.63
     17  1      -386.68167120     3.32e-08      0.00

     18  0      -386.77604116     9.09e-10      0.63
     18  1      -386.68167120     1.86e-08      0.00

     19  0      -386.77604116     4.31e-10      0.63
     19  1      -386.68167120     1.00e-08      0.00
    ** throwing out 2 trial vectors **

     20  0      -386.77604116     1.93e-10      0.64
     20  1      -386.68167120     5.11e-09      0.00
    ** throwing out 2 trial vectors **

     21  0 *    -386.77604116     8.52e-11      0.54
     21  1      -386.68167120     2.55e-09      0.00
    ** throwing out 1 trial vectors **

     22  0 *    -386.77604116     7.09e-11      0.34
     22  1      -386.68167120     1.28e-09      0.00
    ** throwing out 1 trial vectors **

     23  0 *    -386.77604116     6.92e-11      0.34
     23  1      -386.68167120     6.43e-10      0.00
    ** throwing out 1 trial vectors **

     24  0 *    -386.77604116     6.88e-11      0.34
     24  1      -386.68167120     3.26e-10      0.00
    ** throwing out 1 trial vectors **

     25  0 *    -386.77604116     6.88e-11      0.34
     25  1      -386.68167120     1.68e-10      0.00
    ** throwing out 1 trial vectors **

     26  0 *    -386.77604116     6.89e-11      0.24
     26  1 *    -386.68167120     8.48e-11      0.00

     * ci vector   0, <S^2> = 0.0000, E =     -386.77604116
       222222......     0.7765715258
       22222ba.....     0.3136668746
       22222ab.....     0.3136668746
       2222.2.2....    -0.0777146931
       22222..2....    -0.0760367856
       222.22..2...    -0.0684428611
       222b2aa.b...    -0.0592285260
       222a2bb.a...    -0.0592285260
       22a2b2.b.a..     0.0536737857
       22b2a2.a.b..     0.0536737857
       22.222.2....    -0.0526282490
       22.222...2..    -0.0518017416
       22222.ab....    -0.0511748794
       22222.ba....    -0.0511748794
       2.22222.....    -0.0500607097

     * ci vector   1, <S^2> = 0.0000, E =     -386.68167120
       22222ab.....    -0.5415305478
       22222ba.....    -0.5415305477
       222222......     0.4314978135
       2222abba....     0.0836420809
       2222baab....     0.0836420809
       222a2bb.a...     0.0705584989
       222b2aa.b...     0.0705584989
       22222..2....    -0.0703193127
       2222.ab2....     0.0672663956
       2222.ba2....     0.0672663955
       2b222a2.....    -0.0648102448
       2a222b2.....    -0.0648102448
       2222aabb....    -0.0631687533
       2222bbaa....    -0.0631687533
       2.22222.....    -0.0621183080
       222.2ab.2...     0.0556486780
       222.2ba.2...     0.0556486780
       - FCI and RDMs                             16.88
    * Integral transformation done. Elapsed time: 0.08

       - jop, kop                                  0.00
       - denom                                     0.02
     guess   0:   closed 111111......         open ............        
     guess   1:   closed 11111.......         open .....11.....        

  === FCI iteration ===

      0  0      -386.63407124     3.76e-04      0.60
      0  1      -386.53975998     3.71e-04      0.00

      1  0      -386.74737936     1.91e-04      0.62
      1  1      -386.64944041     1.90e-04      0.00

      2  0      -386.77037270     9.35e-05      0.61
      2  1      -386.67353650     9.76e-05      0.00

      3  0      -386.77510073     4.02e-05      0.61
      3  1      -386.67924385     5.07e-05      0.00

      4  0      -386.77587255     1.67e-05      0.61
      4  1      -386.68079922     2.90e-05      0.00

      5  0      -386.77600106     7.57e-06      0.62
      5  1      -386.68134998     1.79e-05      0.00

      6  0      -386.77603089     3.87e-06      0.62
      6  1      -386.68154982     1.07e-05      0.00

      7  0      -386.77603886     2.15e-06      0.61
      7  1      -386.68161886     6.33e-06      0.00

      8  0      -386.77604116     1.15e-06      0.62
      8  1      -386.68164720     4.34e-06      0.00

      9  0      -386.77604183     6.35e-07      0.62
      9  1      -386.68166099     3.04e-06      0.00

     10  0      -386.77604203     3.22e-07      0.62
     10  1      -386.68166695     1.88e-06      0.00

     11  0      -386.77604208     1.45e-07      0.62
     11  1      -386.68166912     1.12e-06      0.00

     12  0      -386.77604209     6.81e-08      0.62
     12  1      -386.68166991     6.69e-07      0.00

     13  0      -386.77604209     3.32e-08      0.63
     13  1      -386.68167017     3.74e-07      0.00

     14  0      -386.77604209     1.57e-08      0.63
     14  1      -386.68167025     1.94e-07      0.00

     15  0      -386.77604209     7.66e-09      0.63
     15  1      -386.68167027     1.02e-07      0.00

     16  0      -386.77604209     3.89e-09      0.63
     16  1      -386.68167027     5.73e-08      0.00

     17  0      -386.77604209     1.90e-09      0.63
     17  1      -386.68167027     3.32e-08      0.00

     18  0      -386.77604209     9.09e-10      0.63
     18  1      -386.68167027     1.86e-08      0.00

     19  0      -386.77604209     4.31e-10      0.63
     19  1      -386.68167027     1.00e-08      0.00
    ** throwing out 2 trial vectors **

     20  0      -386.77604209     1.93e-10      0.64
     20  1      -386.68167027     5.11e-09      0.00
    ** throwing out 2 trial vectors **

     21  0 *    -386.77604209     8.52e-11      0.55
     21  1      -386.68167027     2.55e-09      0.00
    ** throwing out 1 trial vectors **

     22  0 *    -386.77604209     7.09e-11      0.34
     22  1      -386.68167027     1.28e-09      0.00
    ** throwing out 1 trial vectors **

     23  0 *    -386.77604209     6.92e-11      0.34
     23  1      -386.68167027     6.43e-10      0.00
    ** throwing out 1 trial vectors **

     24  0 *    -386.77604209     6.88e-11      0.34
     24  1      -386.68167027     3.26e-10      0.00
    ** throwing out 1 trial vectors **

     25  0 *    -386.77604209     6.88e-11      0.34
     25  1      -386.68167027     1.68e-10      0.00
    ** throwing out 1 trial vectors **

     26  0 *    -386.77604209     6.88e-11      0.24
     26  1 *    -386.68167027     8.48e-11      0.00

     * ci vector   0, <S^2> = 0.0000, E =     -386.77604209
       222222......     0.7765714164
       22222ba.....     0.3136675741
       22222ab.....     0.3136675741
       2222.2.2....    -0.0777163849
       22222..2....    -0.0760387801
       222.22..2...    -0.0684424642
       222a2bb.a...    -0.0592288925
       222b2aa.b...    -0.0592288925
       22a2b2.b.a..    -0.0536761198
       22b2a2.a.b..    -0.0536761198
       22.222.2....    -0.0526274528
       22.222...2..    -0.0518053456
       22222.ab....    -0.0511759836
       22222.ba....    -0.0511759836
       2.22222.....    -0.0500587601

     * ci vector   1, <S^2> = 0.0000, E =     -386.68167027
       22222ba.....    -0.5415300156
       22222ab.....    -0.5415300156
       222222......     0.4315001383
       2222baab....    -0.0836462950
       2222abba....    -0.0836462950
       222b2aa.b...     0.0705587158
       222a2bb.a...     0.0705587158
       22222..2....    -0.0703234679
       2222.ba2....     0.0672692969
       2222.ab2....     0.0672692969
       2a222b2.....     0.0648020916
       2b222a2.....     0.0648020916
       2222bbaa....     0.0631725321
       2222aabb....     0.0631725321
       2.22222.....    -0.0621186573
       222.2ba.2...     0.0556486659
       222.2ab.2...     0.0556486659
       - FCI and RDMs                             16.80
    * Integral transformation done. Elapsed time: 0.08

       - jop, kop                                  0.00
       - denom                                     0.02
     guess   0:   closed 111111......         open ............        
     guess   1:   closed 11111.......         open .....11.....        

  === FCI iteration ===

      0  0      -386.63407178     3.76e-04      0.61
      0  1      -386.53976002     3.71e-04      0.00

      1  0      -386.74737999     1.91e-04      0.61
      1  1      -386.64943991     1.90e-04      0.00

      2  0      -386.77037327     9.35e-05      0.61
      2  1      -386.67353594     9.76e-05      0.00

      3  0      -386.77510125     4.02e-05      0.61
      3  1      -386.67924332     5.07e-05      0.00

      4  0      -386.77587304     1.67e-05      0.61
      4  1      -386.68079872     2.90e-05      0.00

      5  0      -386.77600154     7.57e-06      0.62
      5  1      -386.68134948     1.79e-05      0.00

      6  0      -386.77603137     3.87e-06      0.62
      6  1      -386.68154933     1.07e-05      0.00

      7  0      -386.77603935     2.15e-06      0.61
      7  1      -386.68161837     6.33e-06      0.00

      8  0      -386.77604164     1.15e-06      0.62
      8  1      -386.68164671     4.34e-06      0.00

      9  0      -386.77604231     6.35e-07      0.61
      9  1      -386.68166050     3.04e-06      0.00

     10  0      -386.77604251     3.22e-07      0.61
     10  1      -386.68166647     1.88e-06      0.00

     11  0      -386.77604256     1.45e-07      0.62
     11  1      -386.68166864     1.12e-06      0.00

     12  0      -386.77604257     6.81e-08      0.62
     12  1      -386.68166942     6.69e-07      0.00

     13  0      -386.77604258     3.32e-08      0.63
     13  1      -386.68166969     3.74e-07      0.00

     14  0      -386.77604258     1.57e-08      0.63
     14  1      -386.68166976     1.94e-07      0.00

     15  0      -386.77604258     7.66e-09      0.63
     15  1      -386.68166978     1.02e-07      0.00

     16  0      -386.77604258     3.89e-09      0.64
     16  1      -386.68166979     5.73e-08      0.00

     17  0      -386.77604258     1.90e-09      0.63
     17  1      -386.68166979     3.32e-08      0.00

     18  0      -386.77604258     9.09e-10      0.64
     18  1      -386.68166979     1.86e-08      0.00

     19  0      -386.77604258     4.31e-10      0.63
     19  1      -386.68166979     1.00e-08      0.00
    ** throwing out 2 trial vectors **

     20  0      -386.77604258     1.93e-10      0.65
     20  1      -386.68166979     5.11e-09      0.00
    ** throwing out 2 trial vectors **

     21  0 *    -386.77604258     8.51e-11      0.55
     21  1      -386.68166979     2.55e-09      0.00
    ** throwing out 1 trial vectors **

     22  0 *    -386.77604258     7.09e-11      0.34
     22  1      -386.68166979     1.28e-09      0.00
    ** throwing out 1 trial vectors **

     23  0 *    -386.77604258     6.92e-11      0.34
     23  1      -386.68166979     6.43e-10      0.00
    ** throwing out 1 trial vectors **

     24  0 *    -386.77604258     6.88e-11      0.34
     24  1      -386.68166979     3.26e-10      0.00
    ** throwing out 1 trial vectors **

     25  0 *    -386.77604258     6.88e-11      0.34
     25  1      -386.68166979     1.68e-10      0.00
    ** throwing out 1 trial vectors **

     26  0 *    -386.77604258     6.88e-11      0.24
     26  1 *    -386.68166979     8.48e-11      0.00

     * ci vector   0, <S^2> = -0.0000, E =     -386.77604258
       222222......     0.7765705712
       22222ba.....     0.3136691079
       22222ab.....     0.3136691079
       2222.2.2....    -0.0777176682
       22222..2....    -0.0760391713
       222.22..2...    -0.0684422334
       222b2aa.b...    -0.0592292979
       222a2bb.a...    -0.0592292979
       22a2b2.b.a..     0.0536775764
       22b2a2.a.b..     0.0536775764
       22.222.2....    -0.0526271657
       22.222...2..    -0.0518072899
       22222.ab....    -0.0511763357
       22222.ba....    -0.0511763357
       2.22222.....    -0.0500582265

     * ci vector   1, <S^2> = -0.0000, E =     -386.68166979
       22222ab.....    -0.5415291792
       22222ba.....    -0.5415291792
       222222......     0.4315027434
       2222abba....    -0.0836483505
       2222baab....    -0.0836483505
       222a2bb.a...     0.0705588699
       222b2aa.b...     0.0705588699
       22222..2....    -0.0703251599
       2222.ab2....     0.0672709201
       2222.ba2....     0.0672709201
       2b222a2.....     0.0647982394
       2a222b2.....     0.0647982394
       2222aabb....     0.0631744596
       2222bbaa....     0.0631744596
       2.22222.....    -0.0621193832
       222.2ab.2...     0.0556487043
       222.2ba.2...     0.0556487043
       - FCI and RDMs                             16.81
    * Integral transformation done. Elapsed time: 0.08

       - jop, kop                                  0.00
       - denom                                     0.02
     guess   0:   closed 111111......         open ............        
     guess   1:   closed 11111.......         open .....11.....        

  === FCI iteration ===

      0  0      -386.63407207     3.76e-04      0.60
      0  1      -386.53976007     3.71e-04      0.00

      1  0      -386.74738033     1.91e-04      0.61
      1  1      -386.64943968     1.90e-04      0.00

      2  0      -386.77037356     9.35e-05      0.61
      2  1      -386.67353565     9.76e-05      0.00

      3  0      -386.77510151     4.02e-05      0.62
      3  1      -386.67924305     5.07e-05      0.00

      4  0      -386.77587330     1.67e-05      0.61
      4  1      -386.68079846     2.90e-05      0.00

      5  0      -386.77600179     7.57e-06      0.61
      5  1      -386.68134922     1.79e-05      0.00

      6  0      -386.77603162     3.87e-06      0.61
      6  1      -386.68154907     1.07e-05      0.00

      7  0      -386.77603960     2.15e-06      0.61
      7  1      -386.68161812     6.33e-06      0.00

      8  0      -386.77604190     1.15e-06      0.62
      8  1      -386.68164646     4.34e-06      0.00

      9  0      -386.77604256     6.35e-07      0.62
      9  1      -386.68166025     3.04e-06      0.00

     10  0      -386.77604276     3.22e-07      0.62
     10  1      -386.68166622     1.88e-06      0.00

     11  0      -386.77604281     1.45e-07      0.62
     11  1      -386.68166839     1.12e-06      0.00

     12  0      -386.77604283     6.81e-08      0.62
     12  1      -386.68166917     6.69e-07      0.00

     13  0      -386.77604283     3.32e-08      0.63
     13  1      -386.68166943     3.74e-07      0.00

     14  0      -386.77604283     1.57e-08      0.63
     14  1      -386.68166951     1.94e-07      0.00

     15  0      -386.77604283     7.66e-09      0.63
     15  1      -386.68166953     1.02e-07      0.00

     16  0      -386.77604283     3.89e-09      0.63
     16  1      -386.68166954     5.73e-08      0.00

     17  0      -386.77604283     1.90e-09      0.63
     17  1      -386.68166954     3.32e-08      0.00

     18  0      -386.77604283     9.09e-10      0.63
     18  1      -386.68166954     1.86e-08      0.00

     19  0      -386.77604283     4.31e-10      0.63
     19  1      -386.68166954     1.00e-08      0.00
    ** throwing out 2 trial vectors **

     20  0      -386.77604283     1.93e-10      0.64
     20  1      -386.68166954     5.11e-09      0.00
    ** throwing out 2 trial vectors **

     21  0 *    -386.77604283     8.51e-11      0.54
     21  1      -386.68166954     2.55e-09      0.00
    ** throwing out 1 trial vectors **

     22  0 *    -386.77604283     7.09e-11      0.34
     22  1      -386.68166954     1.28e-09      0.00
    ** throwing out 1 trial vectors **

     23  0 *    -386.77604283     6.92e-11      0.34
     23  1      -386.68166954     6.43e-10      0.00
    ** throwing out 1 trial vectors **

     24  0 *    -386.77604283     6.88e-11      0.34
     24  1      -386.68166954     3.26e-10      0.00
    ** throwing out 1 trial vectors **

     25  0 *    -386.77604283     6.88e-11      0.34
     25  1      -386.68166954     1.68e-10      0.00
    ** throwing out 1 trial vectors **

     26  0 *    -386.77604283     6.88e-11      0.24
     26  1 *    -386.68166954     8.48e-11      0.00

     * ci vector   0, <S^2> = -0.0000, E =     -386.77604283
       222222......     0.7765698376
       22222ab.....     0.3136703426
       22222ba.....     0.3136703426
       2222.2.2....    -0.0777185023
       22222..2....    -0.0760391080
       222.22..2...    -0.0684421031
       222a2bb.a...    -0.0592295912
       222b2aa.b...    -0.0592295912
       22a2b2.b.a..    -0.0536784346
       22b2a2.a.b..    -0.0536784346
       22.222.2....    -0.0526270719
       22.222...2..    -0.0518083299
       22222.ab....    -0.0511764217
       22222.ba....    -0.0511764217
       2.22222.....    -0.0500581218

     * ci vector   1, <S^2> = 0.0000, E =     -386.68166954
       22222ba.....    -0.5415285431
       22222ab.....    -0.5415285431
       222222......     0.4315046184
       2222baab....    -0.0836493619
       2222abba....    -0.0836493619
       222b2aa.b...     0.0705589634
       222a2bb.a...     0.0705589634
       22222..2....    -0.0703258404
       2222.ba2....     0.0672718114
       2222.ab2....     0.0672718114
       2a222b2.....     0.0647963756
       2b222a2.....     0.0647963756
       2222bbaa....     0.0631754448
       2222aabb....     0.0631754448
       2.22222.....    -0.0621199612
       222.2ba.2...     0.0556487406
       222.2ab.2...     0.0556487406
       - FCI and RDMs                             16.78
    * Integral transformation done. Elapsed time: 0.08

       - jop, kop                                  0.00
       - denom                                     0.02
     guess   0:   closed 111111......         open ............        
     guess   1:   closed 11111.......         open .....11.....        

  === FCI iteration ===

      0  0      -386.63407223     3.76e-04      0.60
      0  1      -386.53976011     3.71e-04      0.00

      1  0      -386.74738051     1.91e-04      0.61
      1  1      -386.64943958     1.90e-04      0.00

      2  0      -386.77037372     9.35e-05      0.61
      2  1      -386.67353551     9.76e-05      0.00

      3  0      -386.77510165     4.02e-05      0.61
      3  1      -386.67924291     5.07e-05      0.00

      4  0      -386.77587343     1.67e-05      0.61
      4  1      -386.68079832     2.90e-05      0.00

      5  0      -386.77600193     7.57e-06      0.62
      5  1      -386.68134909     1.79e-05      0.00

      6  0      -386.77603176     3.87e-06      0.62
      6  1      -386.68154894     1.07e-05      0.00

      7  0      -386.77603973     2.15e-06      0.62
      7  1      -386.68161799     6.33e-06      0.00

      8  0      -386.77604203     1.15e-06      0.62
      8  1      -386.68164633     4.34e-06      0.00

      9  0      -386.77604269     6.35e-07      0.62
      9  1      -386.68166012     3.04e-06      0.00

     10  0      -386.77604290     3.22e-07      0.62
     10  1      -386.68166608     1.88e-06      0.00

     11  0      -386.77604295     1.45e-07      0.63
     11  1      -386.68166826     1.12e-06      0.00

     12  0      -386.77604296     6.81e-08      0.62
     12  1      -386.68166904     6.69e-07      0.00

     13  0      -386.77604296     3.32e-08      0.63
     13  1      -386.68166930     3.74e-07      0.00

     14  0      -386.77604296     1.57e-08      0.63
     14  1      -386.68166938     1.94e-07      0.00

     15  0      -386.77604296     7.66e-09      0.63
     15  1      -386.68166940     1.02e-07      0.00

     16  0      -386.77604296     3.89e-09      0.63
     16  1      -386.68166941     5.73e-08      0.00

     17  0      -386.77604296     1.90e-09      0.63
     17  1      -386.68166941     3.32e-08      0.00

     18  0      -386.77604296     9.09e-10      0.64
     18  1      -386.68166941     1.86e-08      0.00

     19  0      -386.77604296     4.31e-10      0.63
     19  1      -386.68166941     1.00e-08      0.00
    ** throwing out 2 trial vectors **

     20  0      -386.77604296     1.93e-10      0.64
     20  1      -386.68166941     5.11e-09      0.00
    ** throwing out 2 trial vectors **

     21  0 *    -386.77604296     8.51e-11      0.54
     21  1      -386.68166941     2.55e-09      0.00
    ** throwing out 1 trial vectors **

     22  0 *    -386.77604296     7.09e-11      0.34
     22  1      -386.68166941     1.28e-09      0.00
    ** throwing out 1 trial vectors **

     23  0 *    -386.77604296     6.92e-11      0.34
     23  1      -386.68166941     6.43e-10      0.00
    ** throwing out 1 trial vectors **

     24  0 *    -386.77604296     6.88e-11      0.34
     24  1      -386.68166941     3.26e-10      0.00
    ** throwing out 1 trial vectors **

     25  0 *    -386.77604296     6.88e-11      0.34
     25  1      -386.68166941     1.68e-10      0.00
    ** throwing out 1 trial vectors **

     26  0 *    -386.77604296     6.88e-11      0.24
     26  1 *    -386.68166941     8.48e-11      0.00

     * ci vector   0, <S^2> = -0.0000, E =     -386.77604296
       222222......     0.7765693435
       22222ba.....     0.3136711528
       22222ab.....     0.3136711528
       2222.2.2....    -0.0777190057
       22222..2....    -0.0760389635
       222.22..2...    -0.0684420312
       222b2aa.b...     0.0592297762
       222a2bb.a...     0.0592297762
       22a2b2.b.a..     0.0536789232
       22b2a2.a.b..     0.0536789232
       22.222.2....    -0.0526270476
       22.222...2..    -0.0518088827
       22222.ab....    -0.0511764245
       22222.ba....    -0.0511764245
       2.22222.....    -0.0500581302

     * ci vector   1, <S^2> = 0.0000, E =     -386.68166941
       22222ba.....    -0.5415281378
       22222ab.....    -0.5415281378
       222222......     0.4315057935
       2222baab....    -0.0836498634
       2222abba....    -0.0836498634
       222b2aa.b...    -0.0705590162
       222a2bb.a...    -0.0705590162
       22222..2....    -0.0703261096
       2222.ba2....     0.0672722947
       2222.ab2....     0.0672722947
       2a222b2.....    -0.0647954566
       2b222a2.....    -0.0647954566
       2222bbaa....     0.0631759501
       2222aabb....     0.0631759501
       2.22222.....    -0.0621203368
       222.2ba.2...     0.0556487657
       222.2ab.2...     0.0556487657
       - FCI and RDMs                             16.80
    * Integral transformation done. Elapsed time: 0.08

       - jop, kop                                  0.00
       - denom                                     0.02
     guess   0:   closed 111111......         open ............        
     guess   1:   closed 11111.......         open .....11.....        

  === FCI iteration ===

      0  0      -386.63407232     3.76e-04      0.59
      0  1      -386.53976013     3.71e-04      0.00

      1  0      -386.74738061     1.91e-04      0.61
      1  1      -386.64943953     1.90e-04      0.00

      2  0      -386.77037380     9.35e-05      0.61
      2  1      -386.67353544     9.76e-05      0.00

      3  0      -386.77510173     4.02e-05      0.61
      3  1      -386.67924283     5.07e-05      0.00

      4  0      -386.77587350     1.67e-05      0.62
      4  1      -386.68079825     2.90e-05      0.00

      5  0      -386.77600199     7.57e-06      0.61
      5  1      -386.68134902     1.79e-05      0.00

      6  0      -386.77603182     3.87e-06      0.62
      6  1      -386.68154887     1.07e-05      0.00

      7  0      -386.77603980     2.15e-06      0.62
      7  1      -386.68161792     6.33e-06      0.00

      8  0      -386.77604209     1.15e-06      0.62
      8  1      -386.68164626     4.34e-06      0.00

      9  0      -386.77604276     6.35e-07      0.62
      9  1      -386.68166005     3.04e-06      0.00

     10  0      -386.77604296     3.22e-07      0.62
     10  1      -386.68166602     1.88e-06      0.00

     11  0      -386.77604301     1.45e-07      0.62
     11  1      -386.68166819     1.12e-06      0.00

     12  0      -386.77604302     6.81e-08      0.63
     12  1      -386.68166897     6.69e-07      0.00

     13  0      -386.77604303     3.32e-08      0.62
     13  1      -386.68166924     3.74e-07      0.00

     14  0      -386.77604303     1.57e-08      0.62
     14  1      -386.68166931     1.94e-07      0.00

     15  0      -386.77604303     7.66e-09      0.63
     15  1      -386.68166933     1.02e-07      0.00

     16  0      -386.77604303     3.89e-09      0.63
     16  1      -386.68166934     5.73e-08      0.00

     17  0      -386.77604303     1.90e-09      0.63
     17  1      -386.68166934     3.32e-08      0.00

     18  0      -386.77604303     9.09e-10      0.63
     18  1      -386.68166934     1.86e-08      0.00

     19  0      -386.77604303     4.31e-10      0.63
     19  1      -386.68166934     1.00e-08      0.00
    ** throwing out 2 trial vectors **

     20  0      -386.77604303     1.93e-10      0.64
     20  1      -386.68166934     5.11e-09      0.00
    ** throwing out 2 trial vectors **

     21  0 *    -386.77604303     8.51e-11      0.55
     21  1      -386.68166934     2.55e-09      0.00
    ** throwing out 1 trial vectors **

     22  0 *    -386.77604303     7.09e-11      0.34
     22  1      -386.68166934     1.28e-09      0.00
    ** throwing out 1 trial vectors **

     23  0 *    -386.77604303     6.92e-11      0.34
     23  1      -386.68166934     6.43e-10      0.00
    ** throwing out 1 trial vectors **

     24  0 *    -386.77604303     6.88e-11      0.33
     24  1      -386.68166934     3.26e-10      0.00
    ** throwing out 1 trial vectors **

     25  0 *    -386.77604303     6.88e-11      0.34
     25  1      -386.68166934     1.68e-10      0.00
    ** throwing out 1 trial vectors **

     26  0 *    -386.77604303     6.88e-11      0.24
     26  1 *    -386.68166934     8.48e-11      0.00

     * ci vector   0, <S^2> = -0.0000, E =     -386.77604303
       222222......     0.7765690429
       22222ab.....     0.3136716395
       22222ba.....     0.3136716395
       2222.2.2....    -0.0777192971
       22222..2....    -0.0760388412
       222.22..2...    -0.0684419922
       222a2bb.a...     0.0592298854
       222b2aa.b...     0.0592298854
       22b2a2.a.b..     0.0536791954
       22a2b2.b.a..     0.0536791954
       22.222.2....    -0.0526270459
       22.222...2..    -0.0518091754
       22222.ab....    -0.0511764080
       22222.ba....    -0.0511764080
       2.22222.....    -0.0500581578

     * ci vector   1, <S^2> = -0.0000, E =     -386.68166934
       22222ba.....    -0.5415278991
       22222ab.....    -0.5415278990
       222222......     0.4315064826
       2222baab....    -0.0836501137
       2222abba....    -0.0836501137
       222b2aa.b...    -0.0705590449
       222a2bb.a...    -0.0705590449
       22222..2....    -0.0703262134
       2222.ba2....     0.0672725546
       2222.ab2....     0.0672725546
       2a222b2.....     0.0647949974
       2b222a2.....     0.0647949974
       2222bbaa....     0.0631762101
       2222aabb....     0.0631762101
       2.22222.....    -0.0621205606
       222.2ba.2...     0.0556487812
       222.2ab.2...     0.0556487812
       - FCI and RDMs                             16.75
    * Integral transformation done. Elapsed time: 0.08

       - jop, kop                                  0.00
       - denom                                     0.02
     guess   0:   closed 111111......         open ............        
     guess   1:   closed 11111.......         open .....11.....        

  === FCI iteration ===

      0  0      -386.63407236     3.76e-04      0.60
      0  1      -386.53976015     3.71e-04      0.00

      1  0      -386.74738066     1.91e-04      0.61
      1  1      -386.64943951     1.90e-04      0.00

      2  0      -386.77037384     9.35e-05      0.61
      2  1      -386.67353540     9.76e-05      0.00

      3  0      -386.77510176     4.02e-05      0.61
      3  1      -386.67924280     5.07e-05      0.00

      4  0      -386.77587353     1.67e-05      0.61
      4  1      -386.68079821     2.90e-05      0.00

      5  0      -386.77600203     7.57e-06      0.62
      5  1      -386.68134898     1.79e-05      0.00

      6  0      -386.77603186     3.87e-06      0.61
      6  1      -386.68154884     1.07e-05      0.00

      7  0      -386.77603983     2.15e-06      0.62
      7  1      -386.68161788     6.33e-06      0.00

      8  0      -386.77604213     1.15e-06      0.62
      8  1      -386.68164622     4.34e-06      0.00

      9  0      -386.77604280     6.35e-07      0.62
      9  1      -386.68166002     3.04e-06      0.00

     10  0      -386.77604300     3.22e-07      0.62
     10  1      -386.68166598     1.88e-06      0.00

     11  0      -386.77604305     1.45e-07      0.62
     11  1      -386.68166815     1.12e-06      0.00

     12  0      -386.77604306     6.81e-08      0.62
     12  1      -386.68166894     6.69e-07      0.00

     13  0      -386.77604306     3.32e-08      0.62
     13  1      -386.68166920     3.74e-07      0.00

     14  0      -386.77604306     1.57e-08      0.62
     14  1      -386.68166928     1.94e-07      0.00

     15  0      -386.77604306     7.66e-09      0.62
     15  1      -386.68166930     1.02e-07      0.00

     16  0      -386.77604306     3.89e-09      0.62
     16  1      -386.68166930     5.73e-08      0.00

     17  0      -386.77604306     1.90e-09      0.62
     17  1      -386.68166930     3.32e-08      0.00

     18  0      -386.77604306     9.09e-10      0.63
     18  1      -386.68166930     1.86e-08      0.00

     19  0      -386.77604306     4.31e-10      0.65
     19  1      -386.68166930     1.00e-08      0.00
    ** throwing out 2 trial vectors **

     20  0      -386.77604306     1.93e-10      0.66
     20  1      -386.68166930     5.11e-09      0.00
    ** throwing out 2 trial vectors **

     21  0 *    -386.77604306     8.51e-11      0.56
     21  1      -386.68166930     2.55e-09      0.00
    ** throwing out 1 trial vectors **

     22  0 *    -386.77604306     7.09e-11      0.35
     22  1      -386.68166930     1.28e-09      0.00
    ** throwing out 1 trial vectors **

     23  0 *    -386.77604306     6.92e-11      0.35
     23  1      -386.68166930     6.43e-10      0.00
    ** throwing out 1 trial vectors **

     24  0 *    -386.77604306     6.88e-11      0.35
     24  1      -386.68166930     3.26e-10      0.00
    ** throwing out 1 trial vectors **

     25  0 *    -386.77604306     6.88e-11      0.35
     25  1      -386.68166930     1.68e-10      0.00
    ** throwing out 1 trial vectors **

     26  0 *    -386.77604306     6.88e-11      0.24
     26  1 *    -386.68166930     8.48e-11      0.00

     * ci vector   0, <S^2> = -0.0000, E =     -386.77604306
       222222......     0.7765688694
       22222ab.....     0.3136719188
       22222ba.....     0.3136719188
       2222.2.2....    -0.0777194613
       22222..2....    -0.0760387575
       222.22..2...    -0.0684419713
       222a2bb.a...    -0.0592299475
       222b2aa.b...    -0.0592299475
       22b2a2.a.b..    -0.0536793447
       22a2b2.b.a..    -0.0536793447
       22.222.2....    -0.0526270498
       22.222...2..    -0.0518093298
       22222.ab....    -0.0511763918
       22222.ba....    -0.0511763918
       2.22222.....    -0.0500581808

     * ci vector   1, <S^2> = -0.0000, E =     -386.68166930
       22222ab.....    -0.5415277641
       22222ba.....    -0.5415277641
       222222......     0.4315068722
       2222abba....    -0.0836502393
       2222baab....    -0.0836502393
       222a2bb.a...     0.0705590602
       222b2aa.b...     0.0705590602
       22222..2....    -0.0703262517
       2222.ab2....     0.0672726934
       2222.ba2....     0.0672726934
       2b222a2.....    -0.0647947653
       2a222b2.....    -0.0647947653
       2222aabb....     0.0631763444
       2222bbaa....     0.0631763444
       2.22222.....    -0.0621206880
       222.2ab.2...     0.0556487903
       222.2ba.2...     0.0556487903
       - FCI and RDMs                             16.90
