--------------------------------------------------
JOB FRONT-END 3110251 on wux10
SLURM ENVIRONMENT
--------------------------------------------------
SLURM_JOB_ID                   = 3110251             
SLURM_ARRAY_JOB_ID             = N/A                 
SLURM_ARRAY_TASK_ID            = N/A                 
SLURM_JOB_NAME                 = bagel               
SLURM_JOB_PARTITION            = batch               
SLURM_JOB_NUM_NODES            = 1                   
SLURM_JOB_CPUS_PER_NODE        = 20                  
SLURM_NTASKS                   = 20                  
SLURM_NTASKS_PER_NODE          = N/A                 
--------------------------------------------------
--------------------------------------------------
PBS ENVIRONMENT
--------------------------------------------------
PBS_JOBID                      = 3110251             
PBS_ARRAYID                    = N/A                 
PBS_JOBNAME                    = bagel               
PBS_QUEUE                      = batch               
PBS_NUM_NODES                  = 1                   
PBS_NUM_PPN                    = 1                   
PBS_NP                         = 20                  
PBS_NODEFILE                   = /tmp/3110251/nodes  
--------------------------------------------------
  * process grid (5, 4) will be used
    wux10                           
    wux10                           
    wux10                           
    wux10                           
    wux10                           
    wux10                           
    wux10                           
    wux10                           
    wux10                           
    wux10                           
    wux10                           
    wux10                           
    wux10                           
    wux10                           
    wux10                           
    wux10                           
    wux10                           
    wux10                           
    wux10                           
    wux10                           

  * using 20 threads per process

  ===============================================================
    BAGEL - Freshly leavened quantum chemistry                   
  ===============================================================

  *** Geometry ***

  { "atom" : "C", "xyz" : [      4.236404,     -1.150526,      1.983905 ] },
  { "atom" : "C", "xyz" : [      4.021035,      1.545754,      1.823812 ] },
  { "atom" : "C", "xyz" : [      2.025884,      2.670299,      0.509280 ] },
  { "atom" : "N", "xyz" : [      0.349119,      1.085108,     -0.590745 ] },
  { "atom" : "B", "xyz" : [      0.333348,     -1.648807,     -0.501337 ] },
  { "atom" : "C", "xyz" : [      2.508279,     -2.856835,      0.896668 ] },
  { "atom" : "C", "xyz" : [     -2.327093,     -1.714747,     -2.052225 ] },
  { "atom" : "C", "xyz" : [     -4.680700,     -1.246562,     -0.433125 ] },
  { "atom" : "C", "xyz" : [     -4.428350,      1.318503,     -0.358408 ] },
  { "atom" : "C", "xyz" : [     -2.065935,      1.295398,     -2.012357 ] },
  { "atom" : "H", "xyz" : [      5.864104,     -1.884694,      3.034985 ] },
  { "atom" : "H", "xyz" : [      5.435739,      2.746389,      2.726973 ] },
  { "atom" : "H", "xyz" : [      1.786825,      4.715297,      0.315066 ] },
  { "atom" : "H", "xyz" : [      2.870143,     -4.878617,      1.146446 ] },
  { "atom" : "H", "xyz" : [     -2.551857,     -2.714422,     -3.857722 ] },
  { "atom" : "H", "xyz" : [     -6.006314,     -2.554327,      0.461585 ] },
  { "atom" : "H", "xyz" : [     -5.403922,      2.832730,      0.649839 ] },
  { "atom" : "H", "xyz" : [     -1.966710,      2.440057,     -3.742641 ] },

  Number of auxiliary basis functions:      884

  Since a DF basis is specified, we compute 2- and 3-index integrals:
    o Being stored without compression. Storage requirement is 0.079 GB
       - 3-index ints prep                         0.00
       - 3-index ints                              0.04
       - 2-index ints                              0.03
       - computing inverse                         0.37
        elapsed time:        0.46 sec.


  Number of basis functions:      106
  Number of electrons      :       68


    * METHOD: MOLECULE                             0.50

       - Overlap matrix                            0.00
       - Hcore matrix                              0.01
       - Overlap orthog                            0.01

  *** RHF ***

  === Nuclear Repulsion ===
  
   457.4347819468

      * DIIS with orbital gradients will be used.

       - SCF startup                               0.40

  === RHF iteration (/home/miaoxin/software/bagel-1.2.2/obj/share/3-21g.json) ===
  
               o Fock build                                  0.18
      0       -384.35480047          0.01181884           0.19
               o DIIS                                        0.00
               o Diag                                        0.01
               o Post process                                0.00
               o Fock build                                  0.15
      1       -384.49819842          0.00407299           0.16
               o DIIS                                        0.00
               o Diag                                        0.01
               o Post process                                0.00
               o Fock build                                  0.15
      2       -384.51350225          0.00159347           0.16
               o DIIS                                        0.00
               o Diag                                        0.01
               o Post process                                0.00
               o Fock build                                  0.17
      3       -384.51597539          0.00029007           0.18
               o DIIS                                        0.00
               o Diag                                        0.01
               o Post process                                0.00
               o Fock build                                  0.20
      4       -384.51607517          0.00008220           0.21
               o DIIS                                        0.00
               o Diag                                        0.01
               o Post process                                0.00
               o Fock build                                  0.25
      5       -384.51608865          0.00002901           0.27
               o DIIS                                        0.00
               o Diag                                        0.01
               o Post process                                0.00
               o Fock build                                  0.27
      6       -384.51609071          0.00001729           0.28
               o DIIS                                        0.00
               o Diag                                        0.01
               o Post process                                0.00
               o Fock build                                  0.15
      7       -384.51609163          0.00000628           0.16
               o DIIS                                        0.00
               o Diag                                        0.01
               o Post process                                0.00
               o Fock build                                  0.15
      8       -384.51609181          0.00000325           0.16
               o DIIS                                        0.00
               o Diag                                        0.01
               o Post process                                0.00
               o Fock build                                  0.15
      9       -384.51609184          0.00000145           0.17
               o DIIS                                        0.00
               o Diag                                        0.01
               o Post process                                0.00
               o Fock build                                  0.28
     10       -384.51609185          0.00000067           0.29
               o DIIS                                        0.00
               o Diag                                        0.01
               o Post process                                0.02
               o Fock build                                  0.15
     11       -384.51609185          0.00000029           0.18
               o DIIS                                        0.00
               o Diag                                        0.01
               o Post process                                0.00
               o Fock build                                  0.15
     12       -384.51609185          0.00000010           0.16
               o DIIS                                        0.00
               o Diag                                        0.01
               o Post process                                0.00
               o Fock build                                  0.16
     13       -384.51609185          0.00000005           0.17
               o DIIS                                        0.00
               o Diag                                        0.01
               o Post process                                0.00
               o Fock build                                  0.15
     14       -384.51609185          0.00000002           0.17
               o DIIS                                        0.00
               o Diag                                        0.01
               o Post process                                0.00
               o Fock build                                  0.21
     15       -384.51609185          0.00000001           0.22
               o DIIS                                        0.00
               o Diag                                        0.01
               o Post process                                0.00
               o Fock build                                  0.25
     16       -384.51609185          0.00000000           0.26
  
    * SCF iteration converged.

    * Permanent dipole moment:
           (    0.181672,    -0.537160,     0.051050) a.u.

  ---------------------------
      CASSCF calculation     
  ---------------------------

 
    ==== Active orbitals : ===== 
         Orbital 32
         Orbital 33
         Orbital 34
         Orbital 35
         Orbital 36
         Orbital 37
    ============================ 

    * nstate   :      4
    * nclosed  :     31
    * nact     :      6
    * nvirt    :     69
  === CASSCF iteration (/home/miaoxin/software/bagel-1.2.2/obj/share/3-21g.json) ===

    * Using the second-order algorithm

      0  0      -384.55508435     2.44e-03      0.29
      0  1      -384.31996058     0.00e+00      0.29
      0  2      -384.28458286     0.00e+00      0.29
      0  3      -384.24895355     0.00e+00      0.29

         res : 6.20e-02   lamb: 1.00e+00   eps : -1.96e-02   step: 3.68e-01    0.20
         res : 2.36e-02   lamb: 1.00e+00   eps : -2.10e-02   step: 4.05e-01    0.21
         res : 6.19e-03   lamb: 1.00e+00   eps : -2.11e-02   step: 4.07e-01    0.20
         res : 2.25e-03   lamb: 1.00e+00   eps : -2.11e-02   step: 4.09e-01    0.22
         res : 6.80e-04   lamb: 1.00e+00   eps : -2.11e-02   step: 4.10e-01    0.25
         res : 2.70e-04   lamb: 1.00e+00   eps : -2.11e-02   step: 4.10e-01    0.22
         res : 6.22e-05   lamb: 1.00e+00   eps : -2.11e-02   step: 4.10e-01    0.21
         res : 2.08e-05   lamb: 1.00e+00   eps : -2.11e-02   step: 4.10e-01    0.20

      1  0      -384.56865965     1.87e-03      2.64
      1  1      -384.34046805     0.00e+00      2.64
      1  2      -384.30456935     0.00e+00      2.64
      1  3      -384.27731500     0.00e+00      2.64

         res : 6.90e-02   lamb: 1.00e+00   eps : -1.75e-02   step: 3.16e-01    0.20
         res : 2.34e-02   lamb: 1.00e+00   eps : -1.90e-02   step: 3.60e-01    0.25
         res : 8.79e-03   lamb: 1.00e+00   eps : -1.92e-02   step: 3.67e-01    0.24
         res : 3.11e-03   lamb: 1.00e+00   eps : -1.92e-02   step: 3.68e-01    0.21
         res : 8.93e-04   lamb: 1.00e+00   eps : -1.92e-02   step: 3.69e-01    0.20
         res : 2.46e-04   lamb: 1.00e+00   eps : -1.92e-02   step: 3.69e-01    0.22
         res : 7.35e-05   lamb: 1.00e+00   eps : -1.92e-02   step: 3.69e-01    0.22
         res : 1.90e-05   lamb: 1.00e+00   eps : -1.92e-02   step: 3.69e-01    0.22

      2  0      -384.57906366     1.05e-03      2.52
      2  1      -384.36132361     0.00e+00      2.52
      2  2      -384.32024161     0.00e+00      2.52
      2  3      -384.30181680     0.00e+00      2.52

         res : 3.70e-02   lamb: 1.00e+00   eps : -9.00e-03   step: 2.24e-01    0.18
         res : 1.33e-02   lamb: 1.00e+00   eps : -9.44e-03   step: 2.38e-01    0.21
         res : 4.35e-03   lamb: 1.00e+00   eps : -9.50e-03   step: 2.38e-01    0.23
         res : 1.68e-03   lamb: 1.00e+00   eps : -9.50e-03   step: 2.38e-01    0.21
         res : 5.34e-04   lamb: 1.00e+00   eps : -9.50e-03   step: 2.38e-01    0.24
         res : 1.58e-04   lamb: 1.00e+00   eps : -9.50e-03   step: 2.38e-01    0.20
         res : 4.12e-05   lamb: 1.00e+00   eps : -9.50e-03   step: 2.38e-01    0.20
         res : 1.22e-05   lamb: 1.00e+00   eps : -9.50e-03   step: 2.38e-01    0.26

      3  0      -384.58419533     3.80e-04      2.68
      3  1      -384.36533233     0.00e+00      2.68
      3  2      -384.32637716     0.00e+00      2.68
      3  3      -384.31215046     0.00e+00      2.68

         res : 1.37e-02   lamb: 1.00e+00   eps : -7.57e-04   step: 5.76e-02    0.21
         res : 4.29e-03   lamb: 1.00e+00   eps : -8.08e-04   step: 6.29e-02    0.24
         res : 1.12e-03   lamb: 1.00e+00   eps : -8.15e-04   step: 6.26e-02    0.21
         res : 4.19e-04   lamb: 1.00e+00   eps : -8.16e-04   step: 6.25e-02    0.20
         res : 1.18e-04   lamb: 1.00e+00   eps : -8.16e-04   step: 6.24e-02    0.25
         res : 4.16e-05   lamb: 1.00e+00   eps : -8.16e-04   step: 6.24e-02    0.26
         res : 1.61e-05   lamb: 1.00e+00   eps : -8.16e-04   step: 6.25e-02    0.20
         res : 7.10e-06   lamb: 1.00e+00   eps : -8.16e-04   step: 6.25e-02    0.20
         res : 3.03e-06   lamb: 1.00e+00   eps : -8.16e-04   step: 6.25e-02    0.24

      4  0      -384.58512858     1.30e-04      2.82
      4  1      -384.36425320     0.00e+00      2.82
      4  2      -384.32658605     0.00e+00      2.82
      4  3      -384.31412125     0.00e+00      2.82

         res : 4.97e-03   lamb: 1.00e+00   eps : -5.08e-05   step: 1.29e-02    0.21
         res : 1.25e-03   lamb: 1.00e+00   eps : -5.67e-05   step: 1.55e-02    0.26
         res : 3.84e-04   lamb: 1.00e+00   eps : -5.75e-05   step: 1.54e-02    0.23
         res : 1.54e-04   lamb: 1.00e+00   eps : -5.75e-05   step: 1.53e-02    0.21
         res : 4.00e-05   lamb: 1.00e+00   eps : -5.75e-05   step: 1.53e-02    0.20
         res : 1.65e-05   lamb: 1.00e+00   eps : -5.75e-05   step: 1.53e-02    0.22
         res : 5.89e-06   lamb: 1.00e+00   eps : -5.75e-05   step: 1.53e-02    0.24
         res : 2.52e-06   lamb: 1.00e+00   eps : -5.75e-05   step: 1.53e-02    0.20
         res : 8.12e-07   lamb: 1.00e+00   eps : -5.75e-05   step: 1.53e-02    0.19

      5  0      -384.58536091     4.93e-05      2.79
      5  1      -384.36397608     0.00e+00      2.79
      5  2      -384.32628373     0.00e+00      2.79
      5  3      -384.31461677     0.00e+00      2.79

         res : 1.70e-03   lamb: 1.00e+00   eps : -4.45e-06   step: 3.12e-03    0.17
         res : 3.90e-04   lamb: 1.00e+00   eps : -5.20e-06   step: 4.20e-03    0.22
         res : 1.36e-04   lamb: 1.00e+00   eps : -5.29e-06   step: 4.18e-03    0.22
         res : 4.47e-05   lamb: 1.00e+00   eps : -5.29e-06   step: 4.16e-03    0.21
         res : 1.30e-05   lamb: 1.00e+00   eps : -5.29e-06   step: 4.16e-03    0.20
         res : 5.54e-06   lamb: 1.00e+00   eps : -5.29e-06   step: 4.16e-03    0.20
         res : 1.95e-06   lamb: 1.00e+00   eps : -5.29e-06   step: 4.16e-03    0.23
         res : 7.25e-07   lamb: 1.00e+00   eps : -5.29e-06   step: 4.16e-03    0.30
         res : 2.35e-07   lamb: 1.00e+00   eps : -5.29e-06   step: 4.16e-03    0.21

      6  0      -384.58543875     1.91e-05      2.75
      6  1      -384.36393453     0.00e+00      2.75
      6  2      -384.32610699     0.00e+00      2.75
      6  3      -384.31477129     0.00e+00      2.75

         res : 5.79e-04   lamb: 1.00e+00   eps : -4.98e-07   step: 8.78e-04    0.20
         res : 1.37e-04   lamb: 1.00e+00   eps : -5.97e-07   step: 1.28e-03    0.20
         res : 5.00e-05   lamb: 1.00e+00   eps : -6.07e-07   step: 1.28e-03    0.22
         res : 1.46e-05   lamb: 1.00e+00   eps : -6.07e-07   step: 1.27e-03    0.24
         res : 4.51e-06   lamb: 1.00e+00   eps : -6.07e-07   step: 1.27e-03    0.21
         res : 1.86e-06   lamb: 1.00e+00   eps : -6.07e-07   step: 1.27e-03    0.19
         res : 6.83e-07   lamb: 1.00e+00   eps : -6.07e-07   step: 1.27e-03    0.20
         res : 2.35e-07   lamb: 1.00e+00   eps : -6.07e-07   step: 1.27e-03    0.22
         res : 7.09e-08   lamb: 1.00e+00   eps : -6.07e-07   step: 1.27e-03    0.22

      7  0      -384.58546728     7.42e-06      2.66
      7  1      -384.36393374     0.00e+00      2.66
      7  2      -384.32602832     0.00e+00      2.66
      7  3      -384.31482388     0.00e+00      2.66

         res : 2.06e-04   lamb: 1.00e+00   eps : -6.49e-08   step: 2.83e-04    0.19
         res : 5.16e-05   lamb: 1.00e+00   eps : -7.85e-08   step: 4.28e-04    0.24
         res : 1.90e-05   lamb: 1.00e+00   eps : -7.98e-08   step: 4.31e-04    0.19
         res : 5.26e-06   lamb: 1.00e+00   eps : -7.98e-08   step: 4.31e-04    0.20
         res : 1.66e-06   lamb: 1.00e+00   eps : -7.99e-08   step: 4.31e-04    0.22
         res : 6.42e-07   lamb: 1.00e+00   eps : -7.99e-08   step: 4.31e-04    0.22
         res : 2.52e-07   lamb: 1.00e+00   eps : -7.99e-08   step: 4.31e-04    0.22
         res : 8.25e-08   lamb: 1.00e+00   eps : -7.99e-08   step: 4.31e-04    0.21
         res : 2.25e-08   lamb: 1.00e+00   eps : -7.99e-08   step: 4.31e-04    0.20

      8  0      -384.58547802     2.90e-06      2.84
      8  1      -384.36393682     0.00e+00      2.84
      8  2      -384.32599596     0.00e+00      2.84
      8  3      -384.31484263     0.00e+00      2.84

         res : 7.61e-05   lamb: 1.00e+00   eps : -9.13e-09   step: 9.91e-05    0.20
         res : 1.98e-05   lamb: 1.00e+00   eps : -1.11e-08   step: 1.53e-04    0.20
         res : 7.31e-06   lamb: 1.00e+00   eps : -1.12e-08   step: 1.55e-04    0.23
         res : 1.99e-06   lamb: 1.00e+00   eps : -1.13e-08   step: 1.55e-04    0.20
         res : 6.29e-07   lamb: 1.00e+00   eps : -1.13e-08   step: 1.55e-04    0.20
         res : 2.28e-07   lamb: 1.00e+00   eps : -1.13e-08   step: 1.55e-04    0.27
         res : 9.41e-08   lamb: 1.00e+00   eps : -1.13e-08   step: 1.55e-04    0.25
         res : 3.02e-08   lamb: 1.00e+00   eps : -1.13e-08   step: 1.55e-04    0.20
         res : 7.68e-09   lamb: 1.00e+00   eps : -1.13e-08   step: 1.55e-04    0.21

      9  0      -384.58548210     1.13e-06      2.79
      9  1      -384.36393876     0.00e+00      2.79
      9  2      -384.32598307     0.00e+00      2.79
      9  3      -384.31484952     0.00e+00      2.79

         res : 2.87e-05   lamb: 1.00e+00   eps : -1.33e-09   step: 3.64e-05    0.17
         res : 7.65e-06   lamb: 1.00e+00   eps : -1.61e-09   step: 5.65e-05    0.21
         res : 2.84e-06   lamb: 1.00e+00   eps : -1.64e-09   step: 5.77e-05    0.25
         res : 7.66e-07   lamb: 1.00e+00   eps : -1.64e-09   step: 5.77e-05    0.21
         res : 2.42e-07   lamb: 1.00e+00   eps : -1.64e-09   step: 5.77e-05    0.20
         res : 8.32e-08   lamb: 1.00e+00   eps : -1.64e-09   step: 5.77e-05    0.20
         res : 3.52e-08   lamb: 1.00e+00   eps : -1.64e-09   step: 5.77e-05    0.21
         res : 1.13e-08   lamb: 1.00e+00   eps : -1.64e-09   step: 5.77e-05    0.21
         res : 2.76e-09   lamb: 1.00e+00   eps : -1.64e-09   step: 5.77e-05    0.22

     10  0      -384.58548366     4.40e-07      2.65
     10  1      -384.36393969     0.00e+00      2.65
     10  2      -384.32597801     0.00e+00      2.65
     10  3      -384.31485210     0.00e+00      2.65

         res : 1.09e-05   lamb: 1.00e+00   eps : -1.96e-10   step: 1.37e-05    0.21
         res : 2.96e-06   lamb: 1.00e+00   eps : -2.38e-10   step: 2.13e-05    0.20
         res : 1.10e-06   lamb: 1.00e+00   eps : -2.41e-10   step: 2.18e-05    0.23
         res : 2.96e-07   lamb: 1.00e+00   eps : -2.41e-10   step: 2.18e-05    0.23
         res : 9.32e-08   lamb: 1.00e+00   eps : -2.41e-10   step: 2.19e-05    0.23
         res : 3.10e-08   lamb: 1.00e+00   eps : -2.41e-10   step: 2.19e-05    0.20
         res : 1.33e-08   lamb: 1.00e+00   eps : -2.41e-10   step: 2.19e-05    0.20
         res : 4.30e-09   lamb: 1.00e+00   eps : -2.41e-10   step: 2.19e-05    0.25

     11  0      -384.58548426     1.71e-07      2.69
     11  1      -384.36394009     0.00e+00      2.69
     11  2      -384.32597604     0.00e+00      2.69
     11  3      -384.31485307     0.00e+00      2.69

         res : 4.18e-06   lamb: 1.00e+00   eps : -2.91e-11   step: 5.22e-06    0.22
         res : 1.14e-06   lamb: 1.00e+00   eps : -3.53e-11   step: 8.12e-06    0.21
         res : 4.27e-07   lamb: 1.00e+00   eps : -3.58e-11   step: 8.34e-06    0.21
         res : 1.15e-07   lamb: 1.00e+00   eps : -3.58e-11   step: 8.35e-06    0.21
         res : 3.60e-08   lamb: 1.00e+00   eps : -3.58e-11   step: 8.35e-06    0.22
         res : 1.17e-08   lamb: 1.00e+00   eps : -3.58e-11   step: 8.35e-06    0.26
         res : 5.04e-09   lamb: 1.00e+00   eps : -3.58e-11   step: 8.35e-06    0.23
         res : 1.64e-09   lamb: 1.00e+00   eps : -3.58e-11   step: 8.35e-06    0.20

     12  0      -384.58548449     6.61e-08      2.61
     12  1      -384.36394025     0.00e+00      2.61
     12  2      -384.32597528     0.00e+00      2.61
     12  3      -384.31485344     0.00e+00      2.61

         res : 1.60e-06   lamb: 1.00e+00   eps : -4.33e-12   step: 2.00e-06    0.19
         res : 4.42e-07   lamb: 1.00e+00   eps : -5.24e-12   step: 3.11e-06    0.22
         res : 1.65e-07   lamb: 1.00e+00   eps : -5.32e-12   step: 3.20e-06    0.24
         res : 4.43e-08   lamb: 1.00e+00   eps : -5.32e-12   step: 3.20e-06    0.21
         res : 1.39e-08   lamb: 1.00e+00   eps : -5.32e-12   step: 3.20e-06    0.21
         res : 4.46e-09   lamb: 1.00e+00   eps : -5.32e-12   step: 3.21e-06    0.20

     13  0      -384.58548458     2.56e-08      2.14
     13  1      -384.36394032     0.00e+00      2.14
     13  2      -384.32597498     0.00e+00      2.14
     13  3      -384.31485358     0.00e+00      2.14

         res : 6.17e-07   lamb: 1.00e+00   eps : -6.45e-13   step: 7.68e-07    0.18
         res : 1.71e-07   lamb: 1.00e+00   eps : -7.80e-13   step: 1.20e-06    0.24
         res : 6.43e-08   lamb: 1.00e+00   eps : -7.91e-13   step: 1.23e-06    0.26
         res : 1.72e-08   lamb: 1.00e+00   eps : -7.92e-13   step: 1.23e-06    0.20
         res : 5.43e-09   lamb: 1.00e+00   eps : -7.92e-13   step: 1.23e-06    0.20
         res : 1.72e-09   lamb: 1.00e+00   eps : -7.92e-13   step: 1.23e-06    0.24

     14  0      -384.58548462     9.90e-09      2.10
     14  1      -384.36394034     0.00e+00      2.10
     14  2      -384.32597486     0.00e+00      2.10
     14  3      -384.31485364     0.00e+00      2.10

    * Second-order optimization converged. *   

    * Integral transformation done. Elapsed time: 0.16

     guess   0:   closed 111...               open ......              
     guess   1:   closed 11....               open ..11..              
     guess   2:   closed 1.1...               open .1..1.              
     guess   3:   closed .11...               open 1..1..              

  === FCI iteration ===

      0  0      -384.51577260     9.97e-03      0.00
      0  1      -384.25679056     9.59e-03      0.00
      0  2      -384.17059105     1.15e-02      0.00
      0  3      -384.10437306     8.54e-03      0.00

      1  0      -384.57899456     3.96e-03      0.00
      1  1      -384.31726569     4.36e-03      0.00
      1  2      -384.28727160     7.86e-03      0.00
      1  3      -384.16241774     4.76e-03      0.00

      2  0      -384.58514469     1.02e-03      0.00
      2  1      -384.34048772     5.39e-03      0.00
      2  2      -384.32144347     3.26e-03      0.00
      2  3      -384.17679334     2.18e-03      0.00

      3  0      -384.58547341     1.80e-04      0.00
      3  1      -384.36080263     2.51e-03      0.00
      3  2      -384.32532031     8.68e-04      0.00
      3  3      -384.18447094     3.08e-03      0.00

      4  0      -384.58548358     4.71e-05      0.00
      4  1      -384.36375829     5.47e-04      0.00
      4  2      -384.32570446     3.14e-04      0.00
      4  3      -384.23474097     6.63e-03      0.00

      5  0      -384.58548452     1.54e-05      0.00
      5  1      -384.36391168     1.99e-04      0.00
      5  2      -384.32581995     2.96e-04      0.00
      5  3      -384.29451475     5.26e-03      0.00

      6  0      -384.58548461     2.89e-06      0.00
      6  1      -384.36393708     6.65e-05      0.00
      6  2      -384.32593186     2.20e-04      0.00
      6  3      -384.31233954     1.89e-03      0.00

      7  0      -384.58548462     5.71e-07      0.00
      7  1      -384.36393989     2.32e-05      0.00
      7  2      -384.32596855     8.43e-05      0.00
      7  3      -384.31456256     5.92e-04      0.00

      8  0      -384.58548462     1.22e-07      0.01
      8  1      -384.36394026     9.65e-06      0.00
      8  2      -384.32597368     3.54e-05      0.00
      8  3      -384.31480210     2.32e-04      0.00

      9  0      -384.58548462     3.09e-08      0.01
      9  1      -384.36394033     4.53e-06      0.00
      9  2      -384.32597468     1.56e-05      0.00
      9  3      -384.31484502     1.03e-04      0.00

     10  0      -384.58548462     8.35e-09      0.01
     10  1      -384.36394034     1.88e-06      0.00
     10  2      -384.32597484     6.02e-06      0.00
     10  3      -384.31485213     4.19e-05      0.00

     11  0      -384.58548462     1.55e-09      0.01
     11  1      -384.36394034     5.27e-07      0.00
     11  2      -384.32597486     1.88e-06      0.00
     11  3      -384.31485352     1.40e-05      0.00

     12  0      -384.58548462     2.47e-10      0.01
     12  1      -384.36394034     1.14e-07      0.00
     12  2      -384.32597486     4.67e-07      0.00
     12  3      -384.31485363     3.51e-06      0.00

     13  0 *    -384.58548462     4.13e-11      0.01
     13  1      -384.36394034     2.86e-08      0.00
     13  2      -384.32597486     1.25e-07      0.00
     13  3      -384.31485364     9.64e-07      0.00

     14  0 *    -384.58548462     2.48e-11      0.01
     14  1      -384.36394034     6.59e-09      0.00
     14  2      -384.32597486     3.09e-08      0.00
     14  3      -384.31485364     2.46e-07      0.00

     15  0 *    -384.58548462     2.44e-11      0.01
     15  1      -384.36394034     1.47e-09      0.00
     15  2      -384.32597486     7.77e-09      0.00
     15  3      -384.31485364     6.37e-08      0.00

     16  0 *    -384.58548462     2.43e-11      0.01
     16  1      -384.36394034     3.01e-10      0.00
     16  2      -384.32597486     1.67e-09      0.00
     16  3      -384.31485364     1.39e-08      0.00

     17  0 *    -384.58548462     2.38e-11      0.01
     17  1 *    -384.36394034     5.14e-11      0.00
     17  2      -384.32597486     3.01e-10      0.00
     17  3      -384.31485364     2.59e-09      0.00

     18  0 *    -384.58548462     2.38e-11      0.01
     18  1 *    -384.36394034     1.68e-11      0.00
     18  2 *    -384.32597486     6.31e-11      0.00
     18  3      -384.31485364     5.61e-10      0.00

     19  0 *    -384.58548462     2.29e-11      0.01
     19  1 *    -384.36394034     1.26e-11      0.00
     19  2 *    -384.32597486     1.39e-11      0.00
     19  3      -384.31485364     1.12e-10      0.00

     20  0 *    -384.58548462     2.29e-11      0.01
     20  1 *    -384.36394034     1.26e-11      0.00
     20  2 *    -384.32597486     6.44e-12      0.00
     20  3 *    -384.31485364     2.22e-11      0.00

     * ci vector, state   0, <S^2> = 0.0000
       222...     0.8672943255
       22ba..     0.2526551344
       22ab..     0.2526551344
       2.2.2.    -0.1940097971
       22.2..    -0.0957873293
       b2aa.b     0.0908842725
       a2bb.a     0.0908842725
       .22..2    -0.0844205465
       .222..    -0.0597495728
       22...2    -0.0584149302
       2.ba2.    -0.0567278741
       2.ab2.    -0.0567278741
       b2ba.a    -0.0522989692
       a2ab.b    -0.0522989692

     * ci vector, state   1, <S^2> = 0.0000
       a22b..    -0.3919766765
       b22a..    -0.3919766765
       22.2..    -0.3548553740
       22a..b    -0.3339107700
       22b..a    -0.3339107700
       .222..     0.1937198524
       22...2     0.1730536741
       .22..2    -0.1366354399
       a2ba.b    -0.1351315878
       b2ab.a    -0.1351315878
       222...     0.1272702305
       b2a2..    -0.1116192581
       a2b2..    -0.1116192581
       a2bb.a    -0.1098704910
       b2aa.b    -0.1098704910
       22ba..    -0.1016792643
       22ab..    -0.1016792643
       22.b.a    -0.0970020692
       22.a.b    -0.0970020692
       a.2b2.    -0.0897572214
       b.2a2.    -0.0897572214
       2..22.     0.0809995287
       b22..a     0.0803898888
       a22..b     0.0803898888
       2.a.2b    -0.0768744737
       2.b.2a    -0.0768744737
       2a2b..     0.0666656574
       2b2a..     0.0666656574
       a2.b.2    -0.0567360106
       b2.a.2    -0.0567360106

     * ci vector, state   2, <S^2> = -0.0000
       22ba..    -0.5756885313
       22ab..    -0.5756885312
       222...     0.3644201359
       2.ba2.     0.1309669889
       2.ab2.     0.1309669889
       2abba.    -0.1142940080
       2baab.    -0.1142940080
       22.2..     0.1042150100
       b22a..     0.0899900339
       a22b..     0.0899900339
       22b..a     0.0869535184
       22a..b     0.0869535184
       .222..    -0.0815910385
       b2aa.b    -0.0755591158
       a2bb.a    -0.0755591158
       2.2.2.    -0.0739082179
       .2ba.2     0.0671435064
       .2ab.2     0.0671435064
       22...2    -0.0664253315
       2aabb.     0.0645780039
       2bbaa.     0.0645780039
       b2ba.a     0.0593333649
       a2ab.b     0.0593333649
       b2a2..    -0.0588370257
       a2b2..    -0.0588370257

     * ci vector, state   3, <S^2> = -0.0000
       2abba.     0.4786843126
       2baab.     0.4786843126
       2aabb.    -0.2456069877
       2bbaa.    -0.2456069876
       2baba.     0.2330773249
       2abab.     0.2330773249
       22a.b.     0.1657432515
       22b.a.     0.1657432515
       22ab..    -0.1169074720
       22ba..    -0.1169074717
       2ba2..     0.1165812526
       2ab2..     0.1165812526
       22.ba.    -0.1099857043
       22.ab.    -0.1099857042
       ab2.ba    -0.1068546584
       ba2.ab    -0.1068546584
       2a2b..    -0.0885505218
       2b2a..    -0.0885505218
       222...     0.0772009499
       2.2ba.     0.0743773627
       2.2ab.     0.0743773627
       2ba.2.    -0.0724714800
       2ab.2.    -0.0724714800
       .abba2    -0.0658095176
       .baab2    -0.0658095176
       ababba    -0.0576260311
       babaab    -0.0576260311
       a2bba.     0.0556098099
       b2aab.     0.0556098099
       baabab    -0.0540827378
       abbaba    -0.0540827378
       aa2.bb     0.0537797632
       bb2.aa     0.0537797632
       ab2.ab    -0.0530748952
       ba2.ba    -0.0530748952

    * METHOD: CASSCF                              41.37

  Number of auxiliary basis functions:      884

  Since a DF basis is specified, we compute 2- and 3-index integrals:
    o Being stored without compression. Storage requirement is 0.645 GB
       - 3-index ints prep                         0.00
       - 3-index ints                              0.21
       - 2-index ints                              0.06
       - computing inverse                         0.32
        elapsed time:        0.59 sec.


  Number of basis functions:      302
  Number of electrons      :       68


    * METHOD: MOLECULE                             0.85

  ---------------------------
      CASSCF calculation     
  ---------------------------

 
    ==== Active orbitals : ===== 
         Orbital 32
         Orbital 33
         Orbital 34
         Orbital 35
         Orbital 36
         Orbital 37
    ============================ 

    * nstate   :      4
    * nclosed  :     31
    * nact     :      6
    * nvirt    :    265
  === CASSCF iteration (/home/miaoxin/software/bagel-1.2.2/obj/share/aug-cc-pVDZ.json) ===

    * Using the second-order algorithm

      0  0      -386.54068680     2.42e-02      0.43
      0  1      -386.32284947     0.00e+00      0.43
      0  2      -386.28350161     0.00e+00      0.43
      0  3      -386.27490584     0.00e+00      0.43

         res : 7.40e-01   lamb: 1.00e+00   eps : -3.76e-01   step: 2.08e-01    0.27
         res : 3.07e-01   lamb: 1.00e+00   eps : -4.21e-01   step: 2.29e-01    0.29
         res : 1.70e-01   lamb: 1.00e+00   eps : -4.30e-01   step: 2.39e-01    0.25
         res : 8.05e-02   lamb: 1.00e+00   eps : -4.33e-01   step: 2.46e-01    0.25
         res : 4.12e-02   lamb: 1.00e+00   eps : -4.33e-01   step: 2.49e-01    0.32
         res : 2.65e-02   lamb: 1.00e+00   eps : -4.33e-01   step: 2.50e-01    0.30
         res : 1.41e-02   lamb: 1.00e+00   eps : -4.33e-01   step: 2.51e-01    0.25
         res : 6.90e-03   lamb: 1.00e+00   eps : -4.34e-01   step: 2.51e-01    0.29
         res : 4.11e-03   lamb: 1.00e+00   eps : -4.34e-01   step: 2.51e-01    0.27
         res : 2.24e-03   lamb: 1.00e+00   eps : -4.34e-01   step: 2.51e-01    0.26
         res : 1.14e-03   lamb: 1.00e+00   eps : -4.34e-01   step: 2.51e-01    0.25
         res : 7.07e-04   lamb: 1.00e+00   eps : -4.34e-01   step: 2.51e-01    0.29
         res : 3.93e-04   lamb: 1.00e+00   eps : -4.34e-01   step: 2.51e-01    0.31
         res : 2.07e-04   lamb: 1.00e+00   eps : -4.34e-01   step: 2.51e-01    0.25
         res : 1.28e-04   lamb: 1.00e+00   eps : -4.34e-01   step: 2.51e-01    0.25
         res : 6.94e-05   lamb: 1.00e+00   eps : -4.34e-01   step: 2.51e-01    0.27
         res : 3.71e-05   lamb: 1.00e+00   eps : -4.34e-01   step: 2.51e-01    0.29
         res : 2.35e-05   lamb: 1.00e+00   eps : -4.34e-01   step: 2.51e-01    0.25

      1  0      -386.76804112     1.13e-03      7.10
      1  1      -386.55321733     0.00e+00      7.10
      1  2      -386.51980771     0.00e+00      7.10
      1  3      -386.50321756     0.00e+00      7.10

         res : 7.01e-02   lamb: 1.00e+00   eps : -4.43e-03   step: 6.68e-02    0.25
         res : 4.79e-02   lamb: 1.00e+00   eps : -5.85e-03   step: 9.17e-02    0.35
         res : 3.29e-02   lamb: 1.00e+00   eps : -6.44e-03   step: 1.06e-01    0.25
         res : 2.59e-02   lamb: 1.00e+00   eps : -6.76e-03   step: 1.14e-01    0.25
         res : 2.02e-02   lamb: 1.00e+00   eps : -6.96e-03   step: 1.21e-01    0.29
         res : 1.48e-02   lamb: 1.00e+00   eps : -7.08e-03   step: 1.26e-01    0.28
         res : 1.14e-02   lamb: 1.00e+00   eps : -7.15e-03   step: 1.29e-01    0.25
         res : 8.37e-03   lamb: 1.00e+00   eps : -7.19e-03   step: 1.31e-01    0.26
         res : 6.22e-03   lamb: 1.00e+00   eps : -7.21e-03   step: 1.32e-01    0.31
         res : 4.59e-03   lamb: 1.00e+00   eps : -7.22e-03   step: 1.33e-01    0.27
         res : 3.52e-03   lamb: 1.00e+00   eps : -7.22e-03   step: 1.33e-01    0.25
         res : 2.70e-03   lamb: 1.00e+00   eps : -7.23e-03   step: 1.34e-01    0.29
         res : 2.06e-03   lamb: 1.00e+00   eps : -7.23e-03   step: 1.34e-01    0.27
         res : 1.55e-03   lamb: 1.00e+00   eps : -7.23e-03   step: 1.34e-01    0.25
         res : 1.13e-03   lamb: 1.00e+00   eps : -7.23e-03   step: 1.34e-01    0.25
         res : 8.15e-04   lamb: 1.00e+00   eps : -7.23e-03   step: 1.34e-01    0.28
         res : 5.57e-04   lamb: 1.00e+00   eps : -7.23e-03   step: 1.34e-01    0.32
         res : 3.82e-04   lamb: 1.00e+00   eps : -7.23e-03   step: 1.34e-01    0.25
         res : 2.56e-04   lamb: 1.00e+00   eps : -7.23e-03   step: 1.34e-01    0.29
         res : 1.75e-04   lamb: 1.00e+00   eps : -7.23e-03   step: 1.34e-01    0.30
         res : 1.22e-04   lamb: 1.00e+00   eps : -7.23e-03   step: 1.34e-01    0.25
         res : 8.78e-05   lamb: 1.00e+00   eps : -7.23e-03   step: 1.34e-01    0.25
         res : 5.93e-05   lamb: 1.00e+00   eps : -7.23e-03   step: 1.34e-01    0.29
         res : 3.91e-05   lamb: 1.00e+00   eps : -7.23e-03   step: 1.34e-01    0.32
         res : 2.59e-05   lamb: 1.00e+00   eps : -7.23e-03   step: 1.34e-01    0.26
         res : 1.73e-05   lamb: 1.00e+00   eps : -7.23e-03   step: 1.34e-01    0.28
         res : 1.25e-05   lamb: 1.00e+00   eps : -7.23e-03   step: 1.34e-01    0.29

      2  0      -386.76808559     5.98e-05      9.61
      2  1      -386.55691717     0.00e+00      9.61
      2  2      -386.52779337     0.00e+00      9.61
      2  3      -386.50636250     0.00e+00      9.61

         res : 3.56e-03   lamb: 1.00e+00   eps : -1.71e-05   step: 5.53e-03    0.25
         res : 2.28e-03   lamb: 1.00e+00   eps : -2.25e-05   step: 8.41e-03    0.25
         res : 1.84e-03   lamb: 1.00e+00   eps : -2.45e-05   step: 9.29e-03    0.31
         res : 1.60e-03   lamb: 1.00e+00   eps : -2.61e-05   step: 9.93e-03    0.26
         res : 1.36e-03   lamb: 1.00e+00   eps : -2.72e-05   step: 1.06e-02    0.24
         res : 9.91e-04   lamb: 1.00e+00   eps : -2.77e-05   step: 1.11e-02    0.27
         res : 7.18e-04   lamb: 1.00e+00   eps : -2.80e-05   step: 1.14e-02    0.27
         res : 5.55e-04   lamb: 1.00e+00   eps : -2.82e-05   step: 1.15e-02    0.26
         res : 4.15e-04   lamb: 1.00e+00   eps : -2.83e-05   step: 1.15e-02    0.25
         res : 3.41e-04   lamb: 1.00e+00   eps : -2.84e-05   step: 1.15e-02    0.31
         res : 2.65e-04   lamb: 1.00e+00   eps : -2.84e-05   step: 1.15e-02    0.32
         res : 2.06e-04   lamb: 1.00e+00   eps : -2.84e-05   step: 1.16e-02    0.25
         res : 1.52e-04   lamb: 1.00e+00   eps : -2.84e-05   step: 1.16e-02    0.30
         res : 1.16e-04   lamb: 1.00e+00   eps : -2.84e-05   step: 1.16e-02    0.27
         res : 8.39e-05   lamb: 1.00e+00   eps : -2.84e-05   step: 1.16e-02    0.27
         res : 5.87e-05   lamb: 1.00e+00   eps : -2.84e-05   step: 1.16e-02    0.25
         res : 3.92e-05   lamb: 1.00e+00   eps : -2.85e-05   step: 1.16e-02    0.32
         res : 2.71e-05   lamb: 1.00e+00   eps : -2.85e-05   step: 1.16e-02    0.30
         res : 1.83e-05   lamb: 1.00e+00   eps : -2.85e-05   step: 1.16e-02    0.25
         res : 1.25e-05   lamb: 1.00e+00   eps : -2.85e-05   step: 1.16e-02    0.29
         res : 8.85e-06   lamb: 1.00e+00   eps : -2.85e-05   step: 1.16e-02    0.27
         res : 6.43e-06   lamb: 1.00e+00   eps : -2.85e-05   step: 1.16e-02    0.27
         res : 4.60e-06   lamb: 1.00e+00   eps : -2.85e-05   step: 1.16e-02    0.26
         res : 3.20e-06   lamb: 1.00e+00   eps : -2.85e-05   step: 1.16e-02    0.31
         res : 2.23e-06   lamb: 1.00e+00   eps : -2.85e-05   step: 1.16e-02    0.29
         res : 1.52e-06   lamb: 1.00e+00   eps : -2.85e-05   step: 1.16e-02    0.26
         res : 1.06e-06   lamb: 1.00e+00   eps : -2.85e-05   step: 1.16e-02    0.31

      3  0      -386.76787350     1.32e-05      9.64
      3  1      -386.55694200     0.00e+00      9.64
      3  2      -386.52827356     0.00e+00      9.64
      3  3      -386.50613512     0.00e+00      9.64

         res : 7.73e-04   lamb: 1.00e+00   eps : -9.27e-07   step: 1.26e-03    0.28
         res : 3.33e-04   lamb: 1.00e+00   eps : -1.12e-06   step: 1.78e-03    0.24
         res : 2.23e-04   lamb: 1.00e+00   eps : -1.16e-06   step: 1.85e-03    0.25
         res : 1.48e-04   lamb: 1.00e+00   eps : -1.17e-06   step: 1.87e-03    0.29
         res : 1.41e-04   lamb: 1.00e+00   eps : -1.18e-06   step: 1.89e-03    0.33
         res : 1.17e-04   lamb: 1.00e+00   eps : -1.19e-06   step: 1.93e-03    0.25
         res : 9.14e-05   lamb: 1.00e+00   eps : -1.20e-06   step: 1.95e-03    0.30
         res : 6.98e-05   lamb: 1.00e+00   eps : -1.20e-06   step: 1.97e-03    0.27
         res : 4.83e-05   lamb: 1.00e+00   eps : -1.20e-06   step: 1.97e-03    0.26
         res : 3.70e-05   lamb: 1.00e+00   eps : -1.20e-06   step: 1.97e-03    0.25
         res : 2.91e-05   lamb: 1.00e+00   eps : -1.20e-06   step: 1.97e-03    0.32
         res : 2.47e-05   lamb: 1.00e+00   eps : -1.20e-06   step: 1.98e-03    0.31
         res : 1.83e-05   lamb: 1.00e+00   eps : -1.20e-06   step: 1.98e-03    0.25
         res : 1.32e-05   lamb: 1.00e+00   eps : -1.20e-06   step: 1.98e-03    0.29
         res : 1.00e-05   lamb: 1.00e+00   eps : -1.20e-06   step: 1.98e-03    0.28
         res : 7.35e-06   lamb: 1.00e+00   eps : -1.20e-06   step: 1.98e-03    0.27
         res : 5.23e-06   lamb: 1.00e+00   eps : -1.20e-06   step: 1.98e-03    0.25
         res : 3.69e-06   lamb: 1.00e+00   eps : -1.20e-06   step: 1.98e-03    0.31
         res : 2.61e-06   lamb: 1.00e+00   eps : -1.20e-06   step: 1.98e-03    0.30
         res : 1.66e-06   lamb: 1.00e+00   eps : -1.20e-06   step: 1.98e-03    0.25
         res : 1.10e-06   lamb: 1.00e+00   eps : -1.20e-06   step: 1.98e-03    0.32
         res : 7.59e-07   lamb: 1.00e+00   eps : -1.20e-06   step: 1.98e-03    0.28
         res : 5.49e-07   lamb: 1.00e+00   eps : -1.20e-06   step: 1.98e-03    0.27
         res : 4.05e-07   lamb: 1.00e+00   eps : -1.20e-06   step: 1.98e-03    0.25
         res : 3.00e-07   lamb: 1.00e+00   eps : -1.20e-06   step: 1.98e-03    0.31
         res : 2.03e-07   lamb: 1.00e+00   eps : -1.20e-06   step: 1.98e-03    0.30
         res : 1.40e-07   lamb: 1.00e+00   eps : -1.20e-06   step: 1.98e-03    0.26

      4  0      -386.76783798     5.54e-06      9.73
      4  1      -386.55694266     0.00e+00      9.73
      4  2      -386.52837706     0.00e+00      9.73
      4  3      -386.50606969     0.00e+00      9.73

         res : 2.69e-04   lamb: 1.00e+00   eps : -1.23e-07   step: 3.82e-04    0.30
         res : 1.20e-04   lamb: 1.00e+00   eps : -1.46e-07   step: 5.48e-04    0.29
         res : 7.19e-05   lamb: 1.00e+00   eps : -1.50e-07   step: 5.72e-04    0.25
         res : 4.42e-05   lamb: 1.00e+00   eps : -1.51e-07   step: 5.78e-04    0.25
         res : 3.46e-05   lamb: 1.00e+00   eps : -1.51e-07   step: 5.81e-04    0.32
         res : 2.91e-05   lamb: 1.00e+00   eps : -1.52e-07   step: 5.85e-04    0.27
         res : 2.35e-05   lamb: 1.00e+00   eps : -1.52e-07   step: 5.89e-04    0.25
         res : 2.01e-05   lamb: 1.00e+00   eps : -1.52e-07   step: 5.91e-04    0.27
         res : 1.45e-05   lamb: 1.00e+00   eps : -1.52e-07   step: 5.92e-04    0.29
         res : 1.08e-05   lamb: 1.00e+00   eps : -1.52e-07   step: 5.93e-04    0.25
         res : 8.25e-06   lamb: 1.00e+00   eps : -1.52e-07   step: 5.94e-04    0.25
         res : 6.85e-06   lamb: 1.00e+00   eps : -1.52e-07   step: 5.95e-04    0.30
         res : 5.17e-06   lamb: 1.00e+00   eps : -1.52e-07   step: 5.95e-04    0.32
         res : 3.75e-06   lamb: 1.00e+00   eps : -1.52e-07   step: 5.95e-04    0.25
         res : 2.78e-06   lamb: 1.00e+00   eps : -1.52e-07   step: 5.95e-04    0.29
         res : 1.90e-06   lamb: 1.00e+00   eps : -1.52e-07   step: 5.95e-04    0.28
         res : 1.30e-06   lamb: 1.00e+00   eps : -1.52e-07   step: 5.96e-04    0.27
         res : 8.95e-07   lamb: 1.00e+00   eps : -1.52e-07   step: 5.96e-04    0.25
         res : 6.74e-07   lamb: 1.00e+00   eps : -1.52e-07   step: 5.96e-04    0.31
         res : 4.61e-07   lamb: 1.00e+00   eps : -1.52e-07   step: 5.96e-04    0.31
         res : 3.10e-07   lamb: 1.00e+00   eps : -1.52e-07   step: 5.96e-04    0.25
         res : 2.10e-07   lamb: 1.00e+00   eps : -1.52e-07   step: 5.96e-04    0.29
         res : 1.45e-07   lamb: 1.00e+00   eps : -1.52e-07   step: 5.96e-04    0.27
         res : 1.01e-07   lamb: 1.00e+00   eps : -1.52e-07   step: 5.96e-04    0.27
         res : 7.26e-08   lamb: 1.00e+00   eps : -1.52e-07   step: 5.96e-04    0.26
         res : 5.00e-08   lamb: 1.00e+00   eps : -1.52e-07   step: 5.96e-04    0.31

      5  0      -386.76782597     2.36e-06      9.42
      5  1      -386.55694089     0.00e+00      9.42
      5  2      -386.52841335     0.00e+00      9.42
      5  3      -386.50604760     0.00e+00      9.42

         res : 1.09e-04   lamb: 1.00e+00   eps : -2.10e-08   step: 1.50e-04    0.27
         res : 5.05e-05   lamb: 1.00e+00   eps : -2.48e-08   step: 2.14e-04    0.25
         res : 3.01e-05   lamb: 1.00e+00   eps : -2.54e-08   step: 2.24e-04    0.27
         res : 1.87e-05   lamb: 1.00e+00   eps : -2.57e-08   step: 2.27e-04    0.26
         res : 1.41e-05   lamb: 1.00e+00   eps : -2.58e-08   step: 2.28e-04    0.26
         res : 1.14e-05   lamb: 1.00e+00   eps : -2.58e-08   step: 2.29e-04    0.25
         res : 8.75e-06   lamb: 1.00e+00   eps : -2.59e-08   step: 2.30e-04    0.30
         res : 7.27e-06   lamb: 1.00e+00   eps : -2.59e-08   step: 2.31e-04    0.31
         res : 5.26e-06   lamb: 1.00e+00   eps : -2.59e-08   step: 2.31e-04    0.25
         res : 3.96e-06   lamb: 1.00e+00   eps : -2.59e-08   step: 2.31e-04    0.29
         res : 3.08e-06   lamb: 1.00e+00   eps : -2.59e-08   step: 2.32e-04    0.29
         res : 2.66e-06   lamb: 1.00e+00   eps : -2.59e-08   step: 2.32e-04    0.26
         res : 2.06e-06   lamb: 1.00e+00   eps : -2.59e-08   step: 2.32e-04    0.25
         res : 1.49e-06   lamb: 1.00e+00   eps : -2.59e-08   step: 2.32e-04    0.27
         res : 1.11e-06   lamb: 1.00e+00   eps : -2.59e-08   step: 2.32e-04    0.32
         res : 7.35e-07   lamb: 1.00e+00   eps : -2.59e-08   step: 2.32e-04    0.25
         res : 4.71e-07   lamb: 1.00e+00   eps : -2.59e-08   step: 2.32e-04    0.25
         res : 3.01e-07   lamb: 1.00e+00   eps : -2.59e-08   step: 2.32e-04    0.28
         res : 2.11e-07   lamb: 1.00e+00   eps : -2.59e-08   step: 2.32e-04    0.29
         res : 1.38e-07   lamb: 1.00e+00   eps : -2.59e-08   step: 2.32e-04    0.25
         res : 9.32e-08   lamb: 1.00e+00   eps : -2.59e-08   step: 2.32e-04    0.25
         res : 6.45e-08   lamb: 1.00e+00   eps : -2.59e-08   step: 2.32e-04    0.37
         res : 4.72e-08   lamb: 1.00e+00   eps : -2.59e-08   step: 2.32e-04    0.24
         res : 3.54e-08   lamb: 1.00e+00   eps : -2.59e-08   step: 2.32e-04    0.26
         res : 2.67e-08   lamb: 1.00e+00   eps : -2.59e-08   step: 2.32e-04    0.28
         res : 1.87e-08   lamb: 1.00e+00   eps : -2.59e-08   step: 2.32e-04    0.30

      6  0      -386.76782127     1.02e-06      9.38
      6  1      -386.55693976     0.00e+00      9.38
      6  2      -386.52842780     0.00e+00      9.38
      6  3      -386.50603906     0.00e+00      9.38

         res : 4.71e-05   lamb: 1.00e+00   eps : -3.87e-09   step: 6.43e-05    0.25
         res : 2.20e-05   lamb: 1.00e+00   eps : -4.58e-09   step: 9.11e-05    0.31
         res : 1.33e-05   lamb: 1.00e+00   eps : -4.70e-09   step: 9.57e-05    0.32
         res : 8.37e-06   lamb: 1.00e+00   eps : -4.75e-09   step: 9.69e-05    0.25
         res : 6.34e-06   lamb: 1.00e+00   eps : -4.77e-09   step: 9.75e-05    0.32
         res : 5.06e-06   lamb: 1.00e+00   eps : -4.78e-09   step: 9.81e-05    0.27
         res : 3.77e-06   lamb: 1.00e+00   eps : -4.79e-09   step: 9.85e-05    0.27
         res : 3.02e-06   lamb: 1.00e+00   eps : -4.79e-09   step: 9.86e-05    0.25
         res : 2.13e-06   lamb: 1.00e+00   eps : -4.80e-09   step: 9.87e-05    0.27
         res : 1.58e-06   lamb: 1.00e+00   eps : -4.80e-09   step: 9.88e-05    0.30
         res : 1.22e-06   lamb: 1.00e+00   eps : -4.80e-09   step: 9.89e-05    0.25
         res : 1.08e-06   lamb: 1.00e+00   eps : -4.80e-09   step: 9.90e-05    0.25
         res : 8.59e-07   lamb: 1.00e+00   eps : -4.80e-09   step: 9.90e-05    0.28
         res : 6.38e-07   lamb: 1.00e+00   eps : -4.80e-09   step: 9.91e-05    0.29
         res : 4.83e-07   lamb: 1.00e+00   eps : -4.80e-09   step: 9.91e-05    0.25
         res : 3.23e-07   lamb: 1.00e+00   eps : -4.80e-09   step: 9.91e-05    0.27
         res : 2.05e-07   lamb: 1.00e+00   eps : -4.80e-09   step: 9.91e-05    0.32
         res : 1.30e-07   lamb: 1.00e+00   eps : -4.80e-09   step: 9.91e-05    0.26
         res : 8.82e-08   lamb: 1.00e+00   eps : -4.80e-09   step: 9.91e-05    0.25
         res : 5.57e-08   lamb: 1.00e+00   eps : -4.80e-09   step: 9.91e-05    0.31
         res : 3.63e-08   lamb: 1.00e+00   eps : -4.80e-09   step: 9.91e-05    0.30
         res : 2.46e-08   lamb: 1.00e+00   eps : -4.80e-09   step: 9.91e-05    0.25
         res : 1.84e-08   lamb: 1.00e+00   eps : -4.80e-09   step: 9.91e-05    0.27
         res : 1.46e-08   lamb: 1.00e+00   eps : -4.80e-09   step: 9.91e-05    0.37
         res : 1.12e-08   lamb: 1.00e+00   eps : -4.80e-09   step: 9.91e-05    0.25
         res : 7.86e-09   lamb: 1.00e+00   eps : -4.80e-09   step: 9.91e-05    0.25

      7  0      -386.76781932     4.40e-07      9.31
      7  1      -386.55693920     0.00e+00      9.31
      7  2      -386.52843384     0.00e+00      9.31
      7  3      -386.50603554     0.00e+00      9.31

         res : 2.05e-05   lamb: 1.00e+00   eps : -7.32e-10   step: 2.80e-05    0.27
         res : 9.65e-06   lamb: 1.00e+00   eps : -8.67e-10   step: 3.97e-05    0.27
         res : 5.88e-06   lamb: 1.00e+00   eps : -8.90e-10   step: 4.17e-05    0.25
         res : 3.73e-06   lamb: 1.00e+00   eps : -8.99e-10   step: 4.23e-05    0.33
         res : 2.83e-06   lamb: 1.00e+00   eps : -9.03e-10   step: 4.25e-05    0.30
         res : 2.26e-06   lamb: 1.00e+00   eps : -9.06e-10   step: 4.28e-05    0.25
         res : 1.66e-06   lamb: 1.00e+00   eps : -9.07e-10   step: 4.30e-05    0.27
         res : 1.30e-06   lamb: 1.00e+00   eps : -9.08e-10   step: 4.30e-05    0.29
         res : 9.03e-07   lamb: 1.00e+00   eps : -9.08e-10   step: 4.31e-05    0.26
         res : 6.64e-07   lamb: 1.00e+00   eps : -9.09e-10   step: 4.31e-05    0.25
         res : 5.10e-07   lamb: 1.00e+00   eps : -9.09e-10   step: 4.31e-05    0.25
         res : 4.50e-07   lamb: 1.00e+00   eps : -9.09e-10   step: 4.32e-05    0.37
         res : 3.64e-07   lamb: 1.00e+00   eps : -9.09e-10   step: 4.32e-05    0.25
         res : 2.75e-07   lamb: 1.00e+00   eps : -9.09e-10   step: 4.32e-05    0.25
         res : 2.12e-07   lamb: 1.00e+00   eps : -9.09e-10   step: 4.32e-05    0.28
         res : 1.43e-07   lamb: 1.00e+00   eps : -9.09e-10   step: 4.32e-05    0.28
         res : 9.10e-08   lamb: 1.00e+00   eps : -9.09e-10   step: 4.32e-05    0.25
         res : 5.79e-08   lamb: 1.00e+00   eps : -9.09e-10   step: 4.32e-05    0.27
         res : 3.91e-08   lamb: 1.00e+00   eps : -9.09e-10   step: 4.32e-05    0.35
         res : 2.45e-08   lamb: 1.00e+00   eps : -9.09e-10   step: 4.32e-05    0.25
         res : 1.59e-08   lamb: 1.00e+00   eps : -9.09e-10   step: 4.32e-05    0.25
         res : 1.08e-08   lamb: 1.00e+00   eps : -9.09e-10   step: 4.32e-05    0.28
         res : 8.21e-09   lamb: 1.00e+00   eps : -9.09e-10   step: 4.32e-05    0.29
         res : 6.53e-09   lamb: 1.00e+00   eps : -9.09e-10   step: 4.32e-05    0.25
         res : 4.98e-09   lamb: 1.00e+00   eps : -9.09e-10   step: 4.32e-05    0.26

      8  0      -386.76781850     1.91e-07      9.16
      8  1      -386.55693894     0.00e+00      9.16
      8  2      -386.52843644     0.00e+00      9.16
      8  3      -386.50603404     0.00e+00      9.16

         res : 8.97e-06   lamb: 1.00e+00   eps : -1.39e-10   step: 1.23e-05    0.35
         res : 4.23e-06   lamb: 1.00e+00   eps : -1.65e-10   step: 1.73e-05    0.25
         res : 2.59e-06   lamb: 1.00e+00   eps : -1.70e-10   step: 1.82e-05    0.25
         res : 1.65e-06   lamb: 1.00e+00   eps : -1.71e-10   step: 1.85e-05    0.28
         res : 1.26e-06   lamb: 1.00e+00   eps : -1.72e-10   step: 1.86e-05    0.28
         res : 9.97e-07   lamb: 1.00e+00   eps : -1.73e-10   step: 1.87e-05    0.25
         res : 7.28e-07   lamb: 1.00e+00   eps : -1.73e-10   step: 1.88e-05    0.27
         res : 5.66e-07   lamb: 1.00e+00   eps : -1.73e-10   step: 1.88e-05    0.31
         res : 3.90e-07   lamb: 1.00e+00   eps : -1.73e-10   step: 1.88e-05    0.28
         res : 2.85e-07   lamb: 1.00e+00   eps : -1.73e-10   step: 1.89e-05    0.25
         res : 2.18e-07   lamb: 1.00e+00   eps : -1.73e-10   step: 1.89e-05    0.32
         res : 1.92e-07   lamb: 1.00e+00   eps : -1.73e-10   step: 1.89e-05    0.29
         res : 1.57e-07   lamb: 1.00e+00   eps : -1.73e-10   step: 1.89e-05    0.25
         res : 1.19e-07   lamb: 1.00e+00   eps : -1.73e-10   step: 1.89e-05    0.25
         res : 9.28e-08   lamb: 1.00e+00   eps : -1.73e-10   step: 1.89e-05    0.33
         res : 6.29e-08   lamb: 1.00e+00   eps : -1.73e-10   step: 1.89e-05    0.27
         res : 4.02e-08   lamb: 1.00e+00   eps : -1.73e-10   step: 1.89e-05    0.25
         res : 2.57e-08   lamb: 1.00e+00   eps : -1.73e-10   step: 1.89e-05    0.29
         res : 1.73e-08   lamb: 1.00e+00   eps : -1.73e-10   step: 1.89e-05    0.30
         res : 1.08e-08   lamb: 1.00e+00   eps : -1.73e-10   step: 1.89e-05    0.25
         res : 7.04e-09   lamb: 1.00e+00   eps : -1.73e-10   step: 1.89e-05    0.25
         res : 4.81e-09   lamb: 1.00e+00   eps : -1.73e-10   step: 1.89e-05    0.35

      9  0      -386.76781814     8.33e-08      8.21
      9  1      -386.55693882     0.00e+00      8.21
      9  2      -386.52843756     0.00e+00      8.21
      9  3      -386.50603339     0.00e+00      8.21

         res : 3.92e-06   lamb: 1.00e+00   eps : -2.66e-11   step: 5.37e-06    0.25
         res : 1.85e-06   lamb: 1.00e+00   eps : -3.15e-11   step: 7.59e-06    0.25
         res : 1.14e-06   lamb: 1.00e+00   eps : -3.24e-11   step: 7.98e-06    0.28
         res : 7.27e-07   lamb: 1.00e+00   eps : -3.27e-11   step: 8.09e-06    0.29
         res : 5.53e-07   lamb: 1.00e+00   eps : -3.29e-11   step: 8.15e-06    0.25
         res : 4.39e-07   lamb: 1.00e+00   eps : -3.30e-11   step: 8.20e-06    0.25
         res : 3.20e-07   lamb: 1.00e+00   eps : -3.30e-11   step: 8.24e-06    0.33
         res : 2.47e-07   lamb: 1.00e+00   eps : -3.31e-11   step: 8.25e-06    0.27
         res : 1.70e-07   lamb: 1.00e+00   eps : -3.31e-11   step: 8.25e-06    0.25
         res : 1.24e-07   lamb: 1.00e+00   eps : -3.31e-11   step: 8.26e-06    0.30
         res : 9.43e-08   lamb: 1.00e+00   eps : -3.31e-11   step: 8.27e-06    0.30
         res : 8.32e-08   lamb: 1.00e+00   eps : -3.31e-11   step: 8.27e-06    0.25
         res : 6.79e-08   lamb: 1.00e+00   eps : -3.31e-11   step: 8.28e-06    0.25
         res : 5.19e-08   lamb: 1.00e+00   eps : -3.31e-11   step: 8.28e-06    0.33
         res : 4.05e-08   lamb: 1.00e+00   eps : -3.31e-11   step: 8.28e-06    0.27
         res : 2.75e-08   lamb: 1.00e+00   eps : -3.31e-11   step: 8.28e-06    0.25
         res : 1.76e-08   lamb: 1.00e+00   eps : -3.31e-11   step: 8.28e-06    0.27
         res : 1.13e-08   lamb: 1.00e+00   eps : -3.31e-11   step: 8.28e-06    0.28
         res : 7.59e-09   lamb: 1.00e+00   eps : -3.31e-11   step: 8.28e-06    0.27
         res : 4.73e-09   lamb: 1.00e+00   eps : -3.31e-11   step: 8.28e-06    0.25

     10  0      -386.76781799     3.64e-08      7.66
     10  1      -386.55693877     0.00e+00      7.66
     10  2      -386.52843805     0.00e+00      7.66
     10  3      -386.50603311     0.00e+00      7.66

         res : 1.72e-06   lamb: 1.00e+00   eps : -5.08e-12   step: 2.35e-06    0.33
         res : 8.10e-07   lamb: 1.00e+00   eps : -6.03e-12   step: 3.32e-06    0.27
         res : 4.99e-07   lamb: 1.00e+00   eps : -6.19e-12   step: 3.49e-06    0.25
         res : 3.19e-07   lamb: 1.00e+00   eps : -6.26e-12   step: 3.54e-06    0.26
         res : 2.43e-07   lamb: 1.00e+00   eps : -6.29e-12   step: 3.56e-06    0.27
         res : 1.93e-07   lamb: 1.00e+00   eps : -6.31e-12   step: 3.59e-06    0.26
         res : 1.40e-07   lamb: 1.00e+00   eps : -6.32e-12   step: 3.60e-06    0.25
         res : 1.08e-07   lamb: 1.00e+00   eps : -6.32e-12   step: 3.61e-06    0.31
         res : 7.41e-08   lamb: 1.00e+00   eps : -6.33e-12   step: 3.61e-06    0.31
         res : 5.40e-08   lamb: 1.00e+00   eps : -6.33e-12   step: 3.61e-06    0.25
         res : 4.12e-08   lamb: 1.00e+00   eps : -6.33e-12   step: 3.62e-06    0.32
         res : 3.63e-08   lamb: 1.00e+00   eps : -6.33e-12   step: 3.62e-06    0.27
         res : 2.96e-08   lamb: 1.00e+00   eps : -6.33e-12   step: 3.62e-06    0.26
         res : 2.26e-08   lamb: 1.00e+00   eps : -6.33e-12   step: 3.62e-06    0.25
         res : 1.76e-08   lamb: 1.00e+00   eps : -6.33e-12   step: 3.62e-06    0.33
         res : 1.20e-08   lamb: 1.00e+00   eps : -6.33e-12   step: 3.62e-06    0.31
         res : 7.71e-09   lamb: 1.00e+00   eps : -6.33e-12   step: 3.62e-06    0.25
         res : 4.94e-09   lamb: 1.00e+00   eps : -6.33e-12   step: 3.62e-06    0.29

     11  0      -386.76781792     1.59e-08      7.10
     11  1      -386.55693874     0.00e+00      7.10
     11  2      -386.52843826     0.00e+00      7.10
     11  3      -386.50603298     0.00e+00      7.10

         res : 7.51e-07   lamb: 1.00e+00   eps : -9.71e-13   step: 1.03e-06    0.29
         res : 3.54e-07   lamb: 1.00e+00   eps : -1.15e-12   step: 1.45e-06    0.25
         res : 2.18e-07   lamb: 1.00e+00   eps : -1.18e-12   step: 1.53e-06    0.25
         res : 1.40e-07   lamb: 1.00e+00   eps : -1.20e-12   step: 1.55e-06    0.34
         res : 1.06e-07   lamb: 1.00e+00   eps : -1.20e-12   step: 1.56e-06    0.28
         res : 8.43e-08   lamb: 1.00e+00   eps : -1.21e-12   step: 1.57e-06    0.25
         res : 6.14e-08   lamb: 1.00e+00   eps : -1.21e-12   step: 1.58e-06    0.27
         res : 4.73e-08   lamb: 1.00e+00   eps : -1.21e-12   step: 1.58e-06    0.28
         res : 3.26e-08   lamb: 1.00e+00   eps : -1.21e-12   step: 1.58e-06    0.26
         res : 2.37e-08   lamb: 1.00e+00   eps : -1.21e-12   step: 1.58e-06    0.25
         res : 1.81e-08   lamb: 1.00e+00   eps : -1.21e-12   step: 1.58e-06    0.31
         res : 1.61e-08   lamb: 1.00e+00   eps : -1.21e-12   step: 1.58e-06    0.32
         res : 1.30e-08   lamb: 1.00e+00   eps : -1.21e-12   step: 1.58e-06    0.25
         res : 9.76e-09   lamb: 1.00e+00   eps : -1.21e-12   step: 1.58e-06    0.31
         res : 7.46e-09   lamb: 1.00e+00   eps : -1.21e-12   step: 1.59e-06    0.27
         res : 5.11e-09   lamb: 1.00e+00   eps : -1.21e-12   step: 1.59e-06    0.27
         res : 3.32e-09   lamb: 1.00e+00   eps : -1.21e-12   step: 1.59e-06    0.25

     12  0      -386.76781789     6.95e-09      6.90
     12  1      -386.55693873     0.00e+00      6.90
     12  2      -386.52843835     0.00e+00      6.90
     12  3      -386.50603293     0.00e+00      6.90

    * Second-order optimization converged. *   

    * Integral transformation done. Elapsed time: 0.34

     guess   0:   closed 111...               open ......              
     guess   1:   closed 11....               open ..11..              
     guess   2:   closed .11...               open 1..1..              
     guess   3:   closed 1.1...               open .1..1.              

  === FCI iteration ===

      0  0      -386.70475102     9.40e-03      0.00
      0  1      -386.46547315     9.15e-03      0.00
      0  2      -386.38211590     1.07e-02      0.00
      0  3      -386.31329549     7.97e-03      0.00

      1  0      -386.76215975     3.64e-03      0.00
      1  1      -386.52185613     4.07e-03      0.00
      1  2      -386.49001417     7.25e-03      0.00
      1  3      -386.36450910     4.28e-03      0.00

      2  0      -386.76753913     9.08e-04      0.00
      2  1      -386.53950007     4.34e-03      0.00
      2  2      -386.52310132     3.60e-03      0.00
      2  3      -386.37690355     2.02e-03      0.00

      3  0      -386.76780873     1.60e-04      0.00
      3  1      -386.55445947     2.16e-03      0.00
      3  2      -386.52796711     9.13e-04      0.00
      3  3      -386.38523968     3.33e-03      0.00

      4  0      -386.76781701     4.20e-05      0.00
      4  1      -386.55678999     4.85e-04      0.00
      4  2      -386.52838090     2.53e-04      0.00
      4  3      -386.42920032     5.37e-03      0.00

      5  0      -386.76781781     1.36e-05      0.00
      5  1      -386.55691614     1.73e-04      0.00
      5  2      -386.52842276     1.15e-04      0.00
      5  3      -386.48198113     5.48e-03      0.00

      6  0      -386.76781789     2.72e-06      0.00
      6  1      -386.55693618     5.75e-05      0.00
      6  2      -386.52843502     6.11e-05      0.00
      6  3      -386.50289891     2.08e-03      0.00

      7  0      -386.76781789     5.54e-07      0.00
      7  1      -386.55693839     1.96e-05      0.00
      7  2      -386.52843778     2.35e-05      0.00
      7  3      -386.50564193     6.72e-04      0.00

      8  0      -386.76781789     1.16e-07      0.01
      8  1      -386.55693867     8.51e-06      0.00
      8  2      -386.52843825     1.09e-05      0.00
      8  3      -386.50597147     2.63e-04      0.00

      9  0      -386.76781789     2.48e-08      0.01
      9  1      -386.55693873     3.39e-06      0.00
      9  2      -386.52843834     3.85e-06      0.00
      9  3      -386.50602703     9.50e-05      0.00

     10  0      -386.76781789     6.02e-09      0.01
     10  1      -386.55693873     1.09e-06      0.00
     10  2      -386.52843835     1.07e-06      0.00
     10  3      -386.50603253     2.67e-05      0.00

     11  0      -386.76781789     1.17e-09      0.01
     11  1      -386.55693873     2.90e-07      0.00
     11  2      -386.52843835     2.38e-07      0.00
     11  3      -386.50603291     6.00e-06      0.00

     12  0      -386.76781789     2.06e-10      0.01
     12  1      -386.55693873     6.31e-08      0.00
     12  2      -386.52843835     6.13e-08      0.00
     12  3      -386.50603293     1.59e-06      0.00

     13  0 *    -386.76781789     3.49e-11      0.01
     13  1      -386.55693873     1.53e-08      0.00
     13  2      -386.52843835     1.60e-08      0.00
     13  3      -386.50603293     4.34e-07      0.00

     14  0 *    -386.76781789     2.28e-11      0.01
     14  1      -386.55693873     3.30e-09      0.00
     14  2      -386.52843835     3.93e-09      0.00
     14  3      -386.50603293     1.13e-07      0.00

     15  0 *    -386.76781789     2.27e-11      0.01
     15  1      -386.55693873     6.86e-10      0.00
     15  2      -386.52843835     9.47e-10      0.00
     15  3      -386.50603293     2.98e-08      0.00

     16  0 *    -386.76781789     2.26e-11      0.01
     16  1      -386.55693873     1.34e-10      0.00
     16  2      -386.52843835     2.11e-10      0.00
     16  3      -386.50603293     6.99e-09      0.00

     17  0 *    -386.76781789     2.21e-11      0.01
     17  1 *    -386.55693873     2.23e-11      0.00
     17  2 *    -386.52843835     4.04e-11      0.00
     17  3      -386.50603293     1.46e-09      0.00

     18  0 *    -386.76781789     2.21e-11      0.01
     18  1 *    -386.55693873     2.22e-11      0.00
     18  2 *    -386.52843835     1.11e-11      0.00
     18  3      -386.50603293     3.28e-10      0.00

     19  0 *    -386.76781789     2.20e-11      0.01
     19  1 *    -386.55693873     2.19e-11      0.00
     19  2 *    -386.52843835     7.22e-12      0.00
     19  3 *    -386.50603293     6.90e-11      0.00

     * ci vector, state   0, <S^2> = -0.0000
       222...    -0.8790602239
       22ba..    -0.2404523045
       22ab..    -0.2404523045
       2.2.2.     0.1869577921
       22.2..     0.0970909350
       a2bb.a    -0.0858075050
       b2aa.b    -0.0858075050
       .22..2     0.0826892245
       .222..     0.0594395410
       22...2     0.0579009771
       b2ba.a     0.0520303492
       a2ab.b     0.0520303492
       2.ba2.     0.0512464530
       2.ab2.     0.0512464530

     * ci vector, state   1, <S^2> = -0.0000
       a22b..    -0.3993027947
       b22a..    -0.3993027947
       22.2..    -0.3624125972
       22a..b    -0.3089189451
       22b..a    -0.3089189451
       .222..     0.1909765095
       22...2     0.1578424704
       22ba..    -0.1544724535
       22ab..    -0.1544724535
       222...     0.1413870870
       a2ba.b    -0.1318899436
       b2ab.a    -0.1318899436
       .22..2    -0.1279646280
       b2aa.b    -0.1099690541
       a2bb.a    -0.1099690541
       b2a2..    -0.1082502853
       a2b2..    -0.1082502853
       22.b.a    -0.1027981892
       22.a.b    -0.1027981892
       a.2b2.    -0.0871079863
       b.2a2.    -0.0871079863
       b22..a     0.0807745881
       a22..b     0.0807745881
       2..22.     0.0783093767
       2a2b..     0.0700306545
       2b2a..     0.0700306545
       2.a.2b    -0.0678329973
       2.b.2a    -0.0678329973
       a2.b.2    -0.0551182820
       b2.a.2    -0.0551182820

     * ci vector, state   2, <S^2> = -0.0000
       22ba..    -0.5838763316
       22ab..    -0.5838763316
       222...     0.3420431640
       b22a..     0.1285429861
       a22b..     0.1285429861
       2.ba2.     0.1269965823
       2.ab2.     0.1269965823
       22.2..     0.1234381721
       22a..b     0.1063545199
       22b..a     0.1063545199
       .222..    -0.0944022524
       22...2    -0.0728039591
       2.2.2.    -0.0691030898
       .2ba.2     0.0656411572
       .2ab.2     0.0656411572
       a2bb.a    -0.0643832788
       b2aa.b    -0.0643832788
       b2a2..    -0.0619113589
       a2b2..    -0.0619113589
       b2ba.a     0.0590504694
       a2ab.b     0.0590504694
       2abba.    -0.0555090112
       2baab.    -0.0555090112

     * ci vector, state   3, <S^2> = 0.0000
       2abba.     0.4907245489
       2baab.     0.4907245489
       2aabb.    -0.2534922006
       2bbaa.    -0.2534922005
       2baba.     0.2372323484
       2abab.     0.2372323484
       22a.b.     0.1586530194
       22b.a.     0.1586530194
       22.ba.    -0.1174571881
       22.ab.    -0.1174571881
       2ba2..     0.1124612973
       2ab2..     0.1124612973
       2a2b..    -0.1017811587
       2b2a..    -0.1017811587
       ab2.ba    -0.0993313628
       ba2.ab    -0.0993313628
       2.2ab.     0.0797711245
       2.2ba.     0.0797711245
       2ab.2.    -0.0709737310
       2ba.2.    -0.0709737310
       .abba2    -0.0641005587
       .baab2    -0.0641005587
       a2bba.     0.0600976035
       b2aab.     0.0600976035
       baabab    -0.0535637959
       abbaba    -0.0535637959
       ababba    -0.0506748074
       babaab    -0.0506748074
       aa2.bb     0.0500312310
       bb2.aa     0.0500312310

    * METHOD: CASSCF                             104.94

  === SMITH program ===

    * freezing 10 orbitals
    * SS-SR internal contraction is used

    * Approximate memory requirement for SMITH calulation per MPI process:
      o Storage requirement for T-amplitude, lambda, and residual is 0.14 GB
      o Storage requirement for MO integrals is 0.02 GB
       - MO integral evaluation                    4.43

  ++ State-averaged Fock matrix over basis states ++

                         0                   1                   2                   3
     0       -1.6954306027        0.0378123568        0.0703557277        0.0103052157
     1        0.0378123568       -1.2760798970       -0.0794680360       -0.0101710353
     2        0.0703557277       -0.0794680360       -1.4416562763       -0.0371008798
     3        0.0103052157       -0.0101710353       -0.0371008798       -1.0728311424


  ++ Extended multi-state CASPT2 (XMS-CASPT2) rotation matrix ++

                         0                   1                   2                   3
     0       -0.9502898180        0.3106208028        0.0209664416        0.0049383133
     1        0.1313648599        0.3391960874        0.9314307080       -0.0112304963
     2        0.2803423182        0.8836484328       -0.3624885710       -0.0957897057
     3        0.0331770997        0.0873279930       -0.0244802040        0.9953259875


  ++ Reference energies in XMS basis ++

                         0                   1                   2                   3
     0     -386.7450773806        0.0694549821        0.0012640189        0.0019052862
     1        0.0694549821     -386.5546431709       -0.0106112280        0.0016888487
     2        0.0012640189       -0.0106112280     -386.5532560365       -0.0002725846
     3        0.0019052862        0.0016888487       -0.0002725846     -386.5062513184

    * Calculating and saving rdm4f

    - linear dependency detected:    1 /   72    min eigenvalue:    -1.6047e-15    max eigenvalue:    -1.6047e-15
    - linear dependency detected:    1 /   72    min eigenvalue:     1.5301e-15    max eigenvalue:     1.5301e-15
    - linear dependency detected:    1 /   72    min eigenvalue:    -2.4054e-15    max eigenvalue:    -2.4054e-15
    - linear dependency detected:    1 /   72    min eigenvalue:    -1.1384e-16    max eigenvalue:    -1.1384e-16
    - linear dependency detected:   16 /  216    min eigenvalue:    -6.3762e-15    max eigenvalue:     9.2658e-10
    - linear dependency detected:   10 /  216    min eigenvalue:    -1.3371e-15    max eigenvalue:     6.6734e-10
    - linear dependency detected:   12 /  216    min eigenvalue:    -2.1901e-15    max eigenvalue:     5.7790e-10
    - linear dependency detected:   10 /  216    min eigenvalue:    -2.3569e-15    max eigenvalue:     4.7495e-10
    - linear dependency detected:   17 /  216    min eigenvalue:    -1.3271e-15    max eigenvalue:     9.7567e-10
    - linear dependency detected:   10 /  216    min eigenvalue:    -5.4911e-16    max eigenvalue:     6.8604e-10
    - linear dependency detected:   11 /  216    min eigenvalue:    -6.9473e-16    max eigenvalue:     6.3398e-10
    - linear dependency detected:   10 /  216    min eigenvalue:    -5.3599e-16    max eigenvalue:     8.5790e-10
       - RDM + denominator evaluation              1.81

    * Zeroth order energy : state  0       -1.7217728821
    * Zeroth order energy : state  1       -1.4510958219
    * Zeroth order energy : state  2       -1.2440345348
    * Zeroth order energy : state  3       -1.0690946797

    * CASPT2 iteration is performed using redundant basis

      ---- iteration ----

        0    -1.10871384     0.00102308      3.07
        1    -1.10926142     0.00006149      3.21
        2    -1.10926404     0.00000469      3.17
        3    -1.10926406     0.00000048      3.25

        0    -1.12891314     0.00097884      3.49
        1    -1.12953664     0.00006055      3.24
        2    -1.12954043     0.00000532      3.26
        3    -1.12954047     0.00000055      3.27

        0    -1.09511532     0.00087558      3.43
        1    -1.09560360     0.00005311      3.26
        2    -1.09560647     0.00000458      3.14
        3    -1.09560650     0.00000050      3.28

        0    -1.08863579     0.00086596      3.52
        1    -1.08913701     0.00006231      3.23
        2    -1.08914385     0.00000794      3.23
        3    -1.08914541     0.00000371      3.25
        4    -1.08914691     0.00000191      3.30
        5    -1.08914719     0.00000062      3.38

      -------------------

       - CASPT2 energy evaluation                 61.11

    * CASPT2 energy : state  0     -388.0225385065
        w/o shift correction       -387.8543414417
        reference weight              0.7482822454

    * CASPT2 energy : state  1     -387.8629896789
        w/o shift correction       -387.6841836401
        reference weight              0.7365874365

    * CASPT2 energy : state  2     -387.8181143572
        w/o shift correction       -387.6488625382
        reference weight              0.7471029377

    * CASPT2 energy : state  3     -387.7640690851
        w/o shift correction       -387.5953985053
        reference weight              0.7477523539


    * MS-CASPT2 Heff
           -388.0225385065        0.0436883392       -0.0029689631        0.0018097515
              0.0436883392     -387.8629896789       -0.0147545851        0.0018740151
             -0.0029689631       -0.0147545851     -387.8181143572        0.0004956660
              0.0018097515        0.0018740151        0.0004956660     -387.7640690851


    * MS-CASPT2 rotation matrix
             -0.9687070620        0.2329485858        0.0849828434        0.0109316374
              0.2481344309        0.9046865958        0.3455757926        0.0234273157
              0.0036301228        0.3559154792       -0.9345085809        0.0021693418
              0.0047701612       -0.0245212436       -0.0070000024        0.9996634204


    * XMS-CASPT2 rotation matrix
              0.9977278411        0.0669869950        0.0069568115        0.0018709224
             -0.0397602028        0.6692534044       -0.7419696596        0.0001763620
             -0.0540787929        0.7380638284        0.6686110031       -0.0727777150
             -0.0058108097        0.0536135086        0.0489076011        0.9973464156

    * MS-CASPT2 energy : state  0     -388.0337270657
    * MS-CASPT2 energy : state  1     -387.8575957685
    * MS-CASPT2 energy : state  2     -387.8123844922
    * MS-CASPT2 energy : state  3     -387.7640043013



    * METHOD: SMITH                               86.07


  
  ===============================================================

