--------------------------------------------------
JOB FRONT-END 484547 on wux54
SLURM ENVIRONMENT
--------------------------------------------------
SLURM_JOB_ID                   = 484547              
SLURM_ARRAY_JOB_ID             = N/A                 
SLURM_ARRAY_TASK_ID            = N/A                 
SLURM_JOB_NAME                 = bagel-chain         
SLURM_JOB_PARTITION            = wux5x               
SLURM_JOB_NUM_NODES            = 1                   
SLURM_JOB_CPUS_PER_NODE        = 20                  
SLURM_NTASKS                   = 20                  
SLURM_NTASKS_PER_NODE          = N/A                 
--------------------------------------------------
--------------------------------------------------
PBS ENVIRONMENT
--------------------------------------------------
PBS_JOBID                      = 484547              
PBS_ARRAYID                    = N/A                 
PBS_JOBNAME                    = bagel-chain         
PBS_QUEUE                      = wux5x               
PBS_NUM_NODES                  = 1                   
PBS_NUM_PPN                    = 1                   
PBS_NP                         = 20                  
PBS_NODEFILE                   = /tmp/484547/nodes   
--------------------------------------------------
  * process grid (5, 4) will be used
    wux54                           
    wux54                           
    wux54                           
    wux54                           
    wux54                           
    wux54                           
    wux54                           
    wux54                           
    wux54                           
    wux54                           
    wux54                           
    wux54                           
    wux54                           
    wux54                           
    wux54                           
    wux54                           
    wux54                           
    wux54                           
    wux54                           
    wux54                           

  * using 20 threads per process

  ===============================================================
    BAGEL - Freshly leavened quantum chemistry                   
  ===============================================================

  *** Geometry ***

  { "atom" : "C", "xyz" : [      4.471002,     -1.087548,      1.163278 ] },
  { "atom" : "C", "xyz" : [      4.233700,      1.625748,      1.504430 ] },
  { "atom" : "C", "xyz" : [      1.952895,      2.833864,      1.360840 ] },
  { "atom" : "N", "xyz" : [     -0.385463,      1.558669,      1.049594 ] },
  { "atom" : "B", "xyz" : [     -0.254977,     -1.313544,      0.047188 ] },
  { "atom" : "C", "xyz" : [      2.436027,     -2.507425,      0.417074 ] },
  { "atom" : "C", "xyz" : [     -2.570257,     -2.707801,     -0.913735 ] },
  { "atom" : "C", "xyz" : [     -4.876047,     -1.249347,     -1.233804 ] },
  { "atom" : "C", "xyz" : [     -4.402073,      1.295808,     -1.150722 ] },
  { "atom" : "C", "xyz" : [     -1.598255,      1.764802,     -1.241963 ] },
  { "atom" : "H", "xyz" : [      6.322227,     -1.954305,      1.497697 ] },
  { "atom" : "H", "xyz" : [      5.906344,      2.776242,      1.886008 ] },
  { "atom" : "H", "xyz" : [      1.769008,      4.878342,      1.582289 ] },
  { "atom" : "H", "xyz" : [      2.688869,     -4.560131,      0.235138 ] },
  { "atom" : "H", "xyz" : [     -2.507531,     -4.725353,     -1.414768 ] },
  { "atom" : "H", "xyz" : [     -6.757335,     -2.101408,     -1.212530 ] },
  { "atom" : "H", "xyz" : [     -5.756645,      2.798251,     -0.702097 ] },
  { "atom" : "H", "xyz" : [     -0.671490,      2.675137,     -2.873915 ] },

  Number of auxiliary basis functions:      884

  Since a DF basis is specified, we compute 2- and 3-index integrals:
    o Being stored without compression. Storage requirement is 0.645 GB
       - 3-index ints prep                         0.00
       - 3-index ints                              0.15
       - 2-index ints                              0.01
       - computing inverse                         0.10
        elapsed time:        0.26 sec.


  Number of basis functions:      302
  Number of electrons      :       68


    * METHOD: MOLECULE                             0.29

       - 3-index ints prep                         0.00
       - 3-index ints                              0.12
       - 2-index ints                              0.01
       - computing inverse                         0.07

  Using the coefficient projected to the input geometry 


    * METHOD: LOAD_REF                             0.31

  ---------------------------
      CASSCF calculation     
  ---------------------------

    * nstate   :      2
    * nclosed  :     28
    * nact     :     12
    * nvirt    :    262
  === CASSCF iteration (/home/buehlerm/software/bagel/installation/share/aug-cc-pVDZ.json) ===

    * Using the second-order algorithm

      0  0      -386.75433226     7.69e-03     16.84
      0  1      -386.67146630     0.00e+00     16.84

         res : 5.52e-02   lamb: 1.00e+00   eps : -3.88e-02   step: 8.72e-02    0.06
         res : 2.10e-02   lamb: 1.00e+00   eps : -3.93e-02   step: 9.03e-02    0.06
         res : 5.39e-03   lamb: 1.00e+00   eps : -3.94e-02   step: 9.30e-02    0.06
         res : 1.66e-03   lamb: 1.00e+00   eps : -3.94e-02   step: 9.42e-02    0.06
         res : 4.78e-04   lamb: 1.00e+00   eps : -3.94e-02   step: 9.44e-02    0.06
         res : 2.26e-04   lamb: 1.00e+00   eps : -3.94e-02   step: 9.44e-02    0.06
         res : 7.13e-05   lamb: 1.00e+00   eps : -3.94e-02   step: 9.44e-02    0.06
         res : 2.89e-05   lamb: 1.00e+00   eps : -3.94e-02   step: 9.44e-02    0.06
         res : 1.23e-05   lamb: 1.00e+00   eps : -3.94e-02   step: 9.44e-02    0.06
         res : 4.93e-06   lamb: 1.00e+00   eps : -3.94e-02   step: 9.44e-02    0.06

      1  0      -386.77464203     1.24e-04     18.00
      1  1      -386.69097936     0.00e+00     18.00

         res : 6.35e-03   lamb: 1.00e+00   eps : -6.81e-05   step: 1.72e-02    0.06
         res : 1.78e-03   lamb: 1.00e+00   eps : -7.95e-05   step: 2.47e-02    0.06
         res : 6.87e-04   lamb: 1.00e+00   eps : -8.13e-05   step: 2.65e-02    0.06
         res : 3.31e-04   lamb: 1.00e+00   eps : -8.15e-05   step: 2.68e-02    0.06
         res : 1.30e-04   lamb: 1.00e+00   eps : -8.15e-05   step: 2.69e-02    0.06
         res : 5.03e-05   lamb: 1.00e+00   eps : -8.15e-05   step: 2.69e-02    0.06
         res : 2.51e-05   lamb: 1.00e+00   eps : -8.15e-05   step: 2.69e-02    0.06
         res : 1.30e-05   lamb: 1.00e+00   eps : -8.15e-05   step: 2.69e-02    0.06
         res : 6.07e-06   lamb: 1.00e+00   eps : -8.15e-05   step: 2.69e-02    0.06
         res : 2.98e-06   lamb: 1.00e+00   eps : -8.15e-05   step: 2.69e-02    0.06
         res : 1.64e-06   lamb: 1.00e+00   eps : -8.15e-05   step: 2.69e-02    0.06

      2  0      -386.77480809     3.93e-05     18.05
      2  1      -386.69090973     0.00e+00     18.05

         res : 1.37e-03   lamb: 1.00e+00   eps : -4.22e-06   step: 2.99e-03    0.06
         res : 3.44e-04   lamb: 1.00e+00   eps : -4.87e-06   step: 4.95e-03    0.06
         res : 1.53e-04   lamb: 1.00e+00   eps : -4.93e-06   step: 5.24e-03    0.06
         res : 5.95e-05   lamb: 1.00e+00   eps : -4.93e-06   step: 5.30e-03    0.06
         res : 2.39e-05   lamb: 1.00e+00   eps : -4.94e-06   step: 5.32e-03    0.06
         res : 1.33e-05   lamb: 1.00e+00   eps : -4.94e-06   step: 5.32e-03    0.06
         res : 5.88e-06   lamb: 1.00e+00   eps : -4.94e-06   step: 5.32e-03    0.06
         res : 2.37e-06   lamb: 1.00e+00   eps : -4.94e-06   step: 5.32e-03    0.06
         res : 1.21e-06   lamb: 1.00e+00   eps : -4.94e-06   step: 5.32e-03    0.06
         res : 6.77e-07   lamb: 1.00e+00   eps : -4.94e-06   step: 5.32e-03    0.06
         res : 3.34e-07   lamb: 1.00e+00   eps : -4.94e-06   step: 5.32e-03    0.06

      3  0      -386.77485401     1.57e-05     18.37
      3  1      -386.69087061     0.00e+00     18.37

         res : 5.29e-04   lamb: 1.00e+00   eps : -6.50e-07   step: 1.21e-03    0.06
         res : 1.40e-04   lamb: 1.00e+00   eps : -7.55e-07   step: 2.07e-03    0.06
         res : 5.96e-05   lamb: 1.00e+00   eps : -7.64e-07   step: 2.17e-03    0.06
         res : 2.33e-05   lamb: 1.00e+00   eps : -7.65e-07   step: 2.19e-03    0.06
         res : 8.65e-06   lamb: 1.00e+00   eps : -7.65e-07   step: 2.20e-03    0.06
         res : 5.01e-06   lamb: 1.00e+00   eps : -7.65e-07   step: 2.20e-03    0.06
         res : 2.59e-06   lamb: 1.00e+00   eps : -7.65e-07   step: 2.20e-03    0.06
         res : 1.19e-06   lamb: 1.00e+00   eps : -7.65e-07   step: 2.20e-03    0.06
         res : 5.96e-07   lamb: 1.00e+00   eps : -7.65e-07   step: 2.20e-03    0.06
         res : 2.98e-07   lamb: 1.00e+00   eps : -7.65e-07   step: 2.20e-03    0.06
         res : 1.35e-07   lamb: 1.00e+00   eps : -7.65e-07   step: 2.20e-03    0.06

      4  0      -386.77487257     6.77e-06     18.22
      4  1      -386.69085314     0.00e+00     18.22

         res : 2.38e-04   lamb: 1.00e+00   eps : -1.25e-07   step: 5.89e-04    0.06
         res : 6.46e-05   lamb: 1.00e+00   eps : -1.47e-07   step: 1.02e-03    0.06
         res : 2.72e-05   lamb: 1.00e+00   eps : -1.49e-07   step: 1.05e-03    0.06
         res : 1.11e-05   lamb: 1.00e+00   eps : -1.49e-07   step: 1.06e-03    0.06
         res : 3.96e-06   lamb: 1.00e+00   eps : -1.49e-07   step: 1.07e-03    0.06
         res : 2.34e-06   lamb: 1.00e+00   eps : -1.49e-07   step: 1.07e-03    0.06
         res : 1.28e-06   lamb: 1.00e+00   eps : -1.49e-07   step: 1.07e-03    0.06
         res : 6.26e-07   lamb: 1.00e+00   eps : -1.49e-07   step: 1.07e-03    0.06
         res : 2.85e-07   lamb: 1.00e+00   eps : -1.49e-07   step: 1.07e-03    0.06
         res : 1.26e-07   lamb: 1.00e+00   eps : -1.49e-07   step: 1.07e-03    0.06
         res : 5.50e-08   lamb: 1.00e+00   eps : -1.49e-07   step: 1.07e-03    0.06

      5  0      -386.77488137     3.05e-06     18.22
      5  1      -386.69084456     0.00e+00     18.22

         res : 1.16e-04   lamb: 1.00e+00   eps : -2.75e-08   step: 3.08e-04    0.06
         res : 3.13e-05   lamb: 1.00e+00   eps : -3.26e-08   step: 5.25e-04    0.06
         res : 1.32e-05   lamb: 1.00e+00   eps : -3.31e-08   step: 5.42e-04    0.06
         res : 5.59e-06   lamb: 1.00e+00   eps : -3.32e-08   step: 5.46e-04    0.06
         res : 1.94e-06   lamb: 1.00e+00   eps : -3.32e-08   step: 5.50e-04    0.06
         res : 1.17e-06   lamb: 1.00e+00   eps : -3.32e-08   step: 5.50e-04    0.06
         res : 6.56e-07   lamb: 1.00e+00   eps : -3.32e-08   step: 5.50e-04    0.06
         res : 3.24e-07   lamb: 1.00e+00   eps : -3.32e-08   step: 5.50e-04    0.06
         res : 1.38e-07   lamb: 1.00e+00   eps : -3.32e-08   step: 5.50e-04    0.06
         res : 5.70e-08   lamb: 1.00e+00   eps : -3.32e-08   step: 5.50e-04    0.06
         res : 2.47e-08   lamb: 1.00e+00   eps : -3.32e-08   step: 5.50e-04    0.06

      6  0      -386.77488579     1.42e-06     18.23
      6  1      -386.69084020     0.00e+00     18.23

         res : 5.88e-05   lamb: 1.00e+00   eps : -6.57e-09   step: 1.65e-04    0.06
         res : 1.56e-05   lamb: 1.00e+00   eps : -7.84e-09   step: 2.76e-04    0.06
         res : 6.59e-06   lamb: 1.00e+00   eps : -7.96e-09   step: 2.84e-04    0.06
         res : 2.87e-06   lamb: 1.00e+00   eps : -7.98e-09   step: 2.86e-04    0.06
         res : 9.69e-07   lamb: 1.00e+00   eps : -7.98e-09   step: 2.88e-04    0.06
         res : 5.89e-07   lamb: 1.00e+00   eps : -7.98e-09   step: 2.88e-04    0.06
         res : 3.38e-07   lamb: 1.00e+00   eps : -7.98e-09   step: 2.88e-04    0.06
         res : 1.68e-07   lamb: 1.00e+00   eps : -7.98e-09   step: 2.88e-04    0.06
         res : 6.80e-08   lamb: 1.00e+00   eps : -7.98e-09   step: 2.88e-04    0.06
         res : 2.71e-08   lamb: 1.00e+00   eps : -7.98e-09   step: 2.88e-04    0.06

      7  0      -386.77488805     6.83e-07     18.28
      7  1      -386.69083795     0.00e+00     18.28

         res : 3.04e-05   lamb: 1.00e+00   eps : -1.65e-09   step: 8.84e-05    0.06
         res : 7.87e-06   lamb: 1.00e+00   eps : -1.97e-09   step: 1.45e-04    0.06
         res : 3.34e-06   lamb: 1.00e+00   eps : -2.01e-09   step: 1.49e-04    0.06
         res : 1.49e-06   lamb: 1.00e+00   eps : -2.01e-09   step: 1.50e-04    0.06
         res : 4.91e-07   lamb: 1.00e+00   eps : -2.01e-09   step: 1.51e-04    0.06
         res : 3.00e-07   lamb: 1.00e+00   eps : -2.01e-09   step: 1.51e-04    0.06
         res : 1.75e-07   lamb: 1.00e+00   eps : -2.01e-09   step: 1.51e-04    0.06
         res : 8.67e-08   lamb: 1.00e+00   eps : -2.01e-09   step: 1.51e-04    0.06
         res : 3.40e-08   lamb: 1.00e+00   eps : -2.01e-09   step: 1.51e-04    0.06
         res : 1.32e-08   lamb: 1.00e+00   eps : -2.01e-09   step: 1.51e-04    0.06

      8  0      -386.77488921     3.35e-07     18.03
      8  1      -386.69083679     0.00e+00     18.03

         res : 1.58e-05   lamb: 1.00e+00   eps : -4.25e-10   step: 4.72e-05    0.06
         res : 4.02e-06   lamb: 1.00e+00   eps : -5.09e-10   step: 7.59e-05    0.06
         res : 1.70e-06   lamb: 1.00e+00   eps : -5.18e-10   step: 7.80e-05    0.06
         res : 7.68e-07   lamb: 1.00e+00   eps : -5.19e-10   step: 7.89e-05    0.06
         res : 2.51e-07   lamb: 1.00e+00   eps : -5.19e-10   step: 7.93e-05    0.06
         res : 1.53e-07   lamb: 1.00e+00   eps : -5.19e-10   step: 7.93e-05    0.06
         res : 9.10e-08   lamb: 1.00e+00   eps : -5.19e-10   step: 7.93e-05    0.06
         res : 4.48e-08   lamb: 1.00e+00   eps : -5.19e-10   step: 7.93e-05    0.06
         res : 1.72e-08   lamb: 1.00e+00   eps : -5.19e-10   step: 7.93e-05    0.06
         res : 6.50e-09   lamb: 1.00e+00   eps : -5.19e-10   step: 7.93e-05    0.06

      9  0      -386.77488981     1.67e-07     18.09
      9  1      -386.69083619     0.00e+00     18.09

         res : 8.20e-06   lamb: 1.00e+00   eps : -1.11e-10   step: 2.50e-05    0.06
         res : 2.06e-06   lamb: 1.00e+00   eps : -1.33e-10   step: 3.96e-05    0.06
         res : 8.74e-07   lamb: 1.00e+00   eps : -1.36e-10   step: 4.07e-05    0.06
         res : 3.97e-07   lamb: 1.00e+00   eps : -1.36e-10   step: 4.12e-05    0.06
         res : 1.29e-07   lamb: 1.00e+00   eps : -1.36e-10   step: 4.14e-05    0.06
         res : 7.87e-08   lamb: 1.00e+00   eps : -1.36e-10   step: 4.14e-05    0.06
         res : 4.73e-08   lamb: 1.00e+00   eps : -1.36e-10   step: 4.14e-05    0.06
         res : 2.32e-08   lamb: 1.00e+00   eps : -1.36e-10   step: 4.14e-05    0.06
         res : 8.76e-09   lamb: 1.00e+00   eps : -1.36e-10   step: 4.14e-05    0.06
         res : 3.25e-09   lamb: 1.00e+00   eps : -1.36e-10   step: 4.14e-05    0.06

     10  0      -386.77489012     8.39e-08     18.19
     10  1      -386.69083588     0.00e+00     18.19

         res : 4.26e-06   lamb: 1.00e+00   eps : -2.94e-11   step: 1.32e-05    0.06
         res : 1.06e-06   lamb: 1.00e+00   eps : -3.52e-11   step: 2.06e-05    0.06
         res : 4.50e-07   lamb: 1.00e+00   eps : -3.59e-11   step: 2.12e-05    0.06
         res : 2.05e-07   lamb: 1.00e+00   eps : -3.60e-11   step: 2.15e-05    0.06
         res : 6.65e-08   lamb: 1.00e+00   eps : -3.60e-11   step: 2.16e-05    0.06
         res : 4.05e-08   lamb: 1.00e+00   eps : -3.60e-11   step: 2.16e-05    0.06
         res : 2.45e-08   lamb: 1.00e+00   eps : -3.60e-11   step: 2.16e-05    0.06
         res : 1.20e-08   lamb: 1.00e+00   eps : -3.60e-11   step: 2.16e-05    0.06
         res : 4.48e-09   lamb: 1.00e+00   eps : -3.60e-11   step: 2.16e-05    0.06

     11  0      -386.77489028     4.26e-08     18.11
     11  1      -386.69083572     0.00e+00     18.11

         res : 2.21e-06   lamb: 1.00e+00   eps : -7.81e-12   step: 6.90e-06    0.06
         res : 5.47e-07   lamb: 1.00e+00   eps : -9.35e-12   step: 1.07e-05    0.06
         res : 2.32e-07   lamb: 1.00e+00   eps : -9.53e-12   step: 1.10e-05    0.06
         res : 1.06e-07   lamb: 1.00e+00   eps : -9.55e-12   step: 1.12e-05    0.06
         res : 3.45e-08   lamb: 1.00e+00   eps : -9.55e-12   step: 1.12e-05    0.06
         res : 2.10e-08   lamb: 1.00e+00   eps : -9.55e-12   step: 1.12e-05    0.06
         res : 1.27e-08   lamb: 1.00e+00   eps : -9.55e-12   step: 1.12e-05    0.06
         res : 6.20e-09   lamb: 1.00e+00   eps : -9.55e-12   step: 1.12e-05    0.06
         res : 2.30e-09   lamb: 1.00e+00   eps : -9.55e-12   step: 1.12e-05    0.06

     12  0      -386.77489037     2.17e-08     18.23
     12  1      -386.69083563     0.00e+00     18.23

         res : 1.14e-06   lamb: 1.00e+00   eps : -2.08e-12   step: 3.60e-06    0.06
         res : 2.82e-07   lamb: 1.00e+00   eps : -2.49e-12   step: 5.55e-06    0.06
         res : 1.20e-07   lamb: 1.00e+00   eps : -2.54e-12   step: 5.72e-06    0.06
         res : 5.47e-08   lamb: 1.00e+00   eps : -2.54e-12   step: 5.79e-06    0.06
         res : 1.78e-08   lamb: 1.00e+00   eps : -2.54e-12   step: 5.82e-06    0.06
         res : 1.09e-08   lamb: 1.00e+00   eps : -2.54e-12   step: 5.82e-06    0.06
         res : 6.61e-09   lamb: 1.00e+00   eps : -2.54e-12   step: 5.82e-06    0.06
         res : 3.20e-09   lamb: 1.00e+00   eps : -2.54e-12   step: 5.82e-06    0.06

     13  0      -386.77489041     1.11e-08     17.90
     13  1      -386.69083559     0.00e+00     17.90

         res : 5.93e-07   lamb: 1.00e+00   eps : -5.55e-13   step: 1.87e-06    0.06
         res : 1.46e-07   lamb: 1.00e+00   eps : -6.64e-13   step: 2.87e-06    0.06
         res : 6.21e-08   lamb: 1.00e+00   eps : -6.76e-13   step: 2.96e-06    0.06
         res : 2.83e-08   lamb: 1.00e+00   eps : -6.78e-13   step: 3.00e-06    0.06
         res : 9.31e-09   lamb: 1.00e+00   eps : -6.78e-13   step: 3.01e-06    0.06
         res : 5.73e-09   lamb: 1.00e+00   eps : -6.78e-13   step: 3.01e-06    0.06
         res : 3.48e-09   lamb: 1.00e+00   eps : -6.78e-13   step: 3.01e-06    0.06

     14  0      -386.77489043     5.72e-09     17.90
     14  1      -386.69083557     0.00e+00     17.90

    * Second-order optimization converged. *   

    * Integral transformation done. Elapsed time: 0.08

       - jop, kop                                  0.00
       - denom                                     0.02
     guess   0:   closed 111111......         open ............        
     guess   1:   closed 11111.......         open .....11.....        

  === FCI iteration ===

      0  0      -386.63111109     3.77e-04      0.60
      0  1      -386.54934955     3.70e-04      0.00

      1  0      -386.74559219     1.93e-04      0.60
      1  1      -386.65935870     1.89e-04      0.00

      2  0      -386.76905021     9.45e-05      0.60
      2  1      -386.68311276     9.63e-05      0.00

      3  0      -386.77390359     4.08e-05      0.61
      3  1      -386.68865718     4.89e-05      0.00

      4  0      -386.77470595     1.71e-05      0.61
      4  1      -386.69008629     2.74e-05      0.00

      5  0      -386.77484402     7.92e-06      0.60
      5  1      -386.69056866     1.66e-05      0.00

      6  0      -386.77487752     4.09e-06      0.60
      6  1      -386.69073884     9.72e-06      0.00

      7  0      -386.77488674     2.26e-06      0.60
      7  1      -386.69079528     5.70e-06      0.00

      8  0      -386.77488937     1.22e-06      0.61
      8  1      -386.69081798     3.86e-06      0.00

      9  0      -386.77489013     6.81e-07      0.64
      9  1      -386.69082866     2.66e-06      0.00

     10  0      -386.77489036     3.49e-07      0.64
     10  1      -386.69083312     1.62e-06      0.00

     11  0      -386.77489041     1.60e-07      0.64
     11  1      -386.69083473     9.65e-07      0.00

     12  0      -386.77489043     7.59e-08      0.62
     12  1      -386.69083531     5.73e-07      0.00

     13  0      -386.77489043     3.62e-08      0.64
     13  1      -386.69083550     3.13e-07      0.00

     14  0      -386.77489043     1.68e-08      0.64
     14  1      -386.69083555     1.57e-07      0.00

     15  0      -386.77489043     7.99e-09      0.65
     15  1      -386.69083556     8.03e-08      0.00

     16  0      -386.77489043     4.06e-09      0.63
     16  1      -386.69083557     4.41e-08      0.00

     17  0      -386.77489043     2.03e-09      0.65
     17  1      -386.69083557     2.49e-08      0.00

     18  0      -386.77489043     9.67e-10      0.65
     18  1      -386.69083557     1.35e-08      0.00

     19  0      -386.77489043     4.47e-10      0.65
     19  1      -386.69083557     7.07e-09      0.00
    ** throwing out 2 trial vectors **

     20  0      -386.77489043     1.95e-10      0.66
     20  1      -386.69083557     3.55e-09      0.00
    ** throwing out 2 trial vectors **

     21  0 *    -386.77489043     8.48e-11      0.55
     21  1      -386.69083557     1.77e-09      0.00
    ** throwing out 1 trial vectors **

     22  0 *    -386.77489043     7.41e-11      0.35
     22  1      -386.69083557     9.08e-10      0.00
    ** throwing out 1 trial vectors **

     23  0 *    -386.77489043     7.28e-11      0.35
     23  1      -386.69083557     4.61e-10      0.00
    ** throwing out 1 trial vectors **

     24  0 *    -386.77489043     7.28e-11      0.35
     24  1      -386.69083557     2.31e-10      0.00
    ** throwing out 1 trial vectors **

     25  0 *    -386.77489043     7.28e-11      0.35
     25  1      -386.69083557     1.15e-10      0.00
    ** throwing out 1 trial vectors **

     26  0 *    -386.77489043     7.27e-11      0.24
     26  1 *    -386.69083557     5.60e-11      0.00

     * ci vector   0, <S^2> = -0.0000, E =     -386.77489043
       222222......     0.7612160767
       22222ba.....     0.3298536638
       22222ab.....     0.3298536638
       2222.2.2....    -0.0796686311
       22222..2....    -0.0734439974
       222.22..2...    -0.0687451796
       222b2aa.b...     0.0606106840
       222a2bb.a...     0.0606106840
       2.22222.....    -0.0553813250
       22b2a2.a.b..    -0.0544036472
       22a2b2.b.a..    -0.0544036472
       22222.ab....    -0.0529741591
       22222.ba....    -0.0529741591
       22.222.2....    -0.0528853776
       22.222...2..    -0.0508674477

     * ci vector   1, <S^2> = 0.0000, E =     -386.69083557
       22222ba.....     0.5330522543
       22222ab.....     0.5330522543
       222222......    -0.4557020607
       2222baab....    -0.0806414098
       2222abba....    -0.0806414098
       222b2aa.b...     0.0726723411
       222a2bb.a...     0.0726723411
       2222.ba2....    -0.0682508952
       2222.ab2....    -0.0682508952
       2.22222.....     0.0662009361
       22222..2....     0.0637071215
       2a222b2.....    -0.0635122273
       2b222a2.....    -0.0635122273
       2222bbaa....     0.0628678200
       2222aabb....     0.0628678200
       222.2ba.2...    -0.0566797683
       222.2ab.2...    -0.0566797683

    * METHOD: CASSCF                             288.01


    * METHOD: PRINT                                0.07


    * METHOD: SAVE_REF                             0.19

  === SMITH program ===

    * freezing 10 orbitals
    * SS-SR internal contraction is used

    * Approximate memory requirement for SMITH calculation per MPI process:
      o Storage requirement for T-amplitude, lambda, and residual is 0.43 GB
      o Storage requirement for MO integrals is 0.03 GB
       - MO integral evaluation                    0.74

  ++ State-averaged Fock matrix over basis states ++

                         0                   1
     0       -4.6034748684        0.0514577535
     1        0.0514577535       -4.4739833893


  ++ Extended multi-state CASPT2 (XMS-CASPT2) rotation matrix ++

                         0                   1
     0       -0.9441565959       -0.3294970751
     1        0.3294970751       -0.9441565959


     * ci vector, state   0, <S^2> = 0.0000
       222222......    -0.8688596758
       22222ab.....    -0.1357943537
       22222ba.....    -0.1357943537
       22222..2....     0.0903339447
       2222.2.2....     0.0875280325
       222.22..2...     0.0762162668
       2.22222.....     0.0741016581
       22b2a2.a.b..     0.0608366484
       22a2b2.b.a..     0.0608366484
       22.222.2....     0.0595697639
       22222...2...     0.0585411449
       22.222...2..     0.0573073463
       .22222.....2     0.0544208047
       22222a.b....    -0.0530794354
       22222b.a....    -0.0530794354

     * ci vector, state   1, <S^2> = 0.0000
       22222ba.....    -0.6119706193
       22222ab.....    -0.6119706193
       222222......     0.1794356356
       222b2aa.b...    -0.0885851133
       222a2bb.a...    -0.0885851133
       2222baab....     0.0858053206
       2222abba....     0.0858053206
       2222.ba2....     0.0780596882
       2222.ab2....     0.0780596882
       222.2ba.2...     0.0655216921
       222.2ab.2...     0.0655216921
       2a222b2.....     0.0646024723
       2b222a2.....     0.0646024723
       2222bbaa....    -0.0625287308
       2222aabb....    -0.0625287308
       22222.ab....     0.0542898830
       22222.ba....     0.0542898830
       222b2ba.a...     0.0514292148
       222a2ab.b...     0.0514292148

  ++ Reference energies in XMS basis ++

                         0                   1
     0     -386.7657647347       -0.0261492014
     1       -0.0261492014     -386.6999612643

    * Calculating and saving rdm4f

    * Third and Fock-weighted fourth order RDM ( 1, 1) evaluation
      will be done with 40 passes
       - RDM evaluation (multipassing)            35.94
    * Third and Fock-weighted fourth order RDM ( 2, 1) evaluation
      will be done with 40 passes
       - RDM evaluation (multipassing)            58.12
    * Third and Fock-weighted fourth order RDM ( 1, 2) evaluation
      will be done with 40 passes
       - RDM evaluation (multipassing)            58.49
    * Third and Fock-weighted fourth order RDM ( 2, 2) evaluation
      will be done with 40 passes
       - RDM evaluation (multipassing)            35.47
    - linear dependency detected:    1 /  288    min eigenvalue:     1.8500e-14    max eigenvalue:     1.8500e-14
    - linear dependency detected:    1 /  288    min eigenvalue:    -7.1559e-14    max eigenvalue:    -7.1559e-14
    - linear dependency detected:   12 / 1728    min eigenvalue:    -1.2126e-13    max eigenvalue:     1.8459e-13
    - linear dependency detected:   12 / 1728    min eigenvalue:    -1.9176e-13    max eigenvalue:     1.0583e-13
    - linear dependency detected:   12 / 1728    min eigenvalue:    -3.1722e-15    max eigenvalue:     2.1681e-15
    - linear dependency detected:   12 / 1728    min eigenvalue:    -3.3565e-15    max eigenvalue:     6.2731e-16
       - RDM + denominator evaluation            223.16

    * Zeroth order energy : state  0       -4.6214328844
    * Zeroth order energy : state  1       -4.4560253733

    * CASPT2 iteration is performed using redundant basis

      ---- iteration ----

        0    -1.04571571     0.00213235      6.06
        1    -1.04793475     0.00023493      6.25
        2    -1.04796276     0.00002946      6.10
        3    -1.04796323     0.00000444      6.18
        4    -1.04796324     0.00000063      6.21

        0    -1.05902637     0.00207778      6.52
        1    -1.06128056     0.00022946      6.19
        2    -1.06130990     0.00002900      6.14
        3    -1.06131039     0.00000434      6.17
        4    -1.06131041     0.00000061      6.20

      -------------------

       - CASPT2 energy evaluation                 63.55

    * CASPT2 energy : state  0     -387.9711647419
        w/o shift correction       -387.8137279770
        reference weight              0.7605294177

    * CASPT2 energy : state  1     -387.9228130160
        w/o shift correction       -387.7612716704
        reference weight              0.7558106584


    * MS-CASPT2 Heff
           -387.9711647419       -0.0204941585
             -0.0204941585     -387.9228130160


    * MS-CASPT2 rotation matrix
             -0.9388290724        0.3443834676
             -0.3443834676       -0.9388290724


    * XMS-CASPT2 rotation matrix
              0.9998750064       -0.0158104891
              0.0158104891        0.9998750064

    * MS-CASPT2 energy : state  0     -387.9786824569
    * MS-CASPT2 energy : state  1     -387.9152953011



    * METHOD: SMITH                              296.92


  
  ===============================================================

