    * Using parallel algorithm in FCI.
    * Parallel algorithm will be used.
  ---------------------------
        FCI calculation      
  ---------------------------

 Constructing space of all determinants that can formed by removing 1 electron from 6 alpha and 6 beta electrons.

 Space is made up of 4 determinants.
  o forming links
    * Integral transformation done. Elapsed time: 0.09

       - jop, kop                                  0.00
       - denom                                     0.02
     guess   0:   closed 111111......         open ............        
     guess   1:   closed 11111.......         open .....11.....        

  === FCI iteration ===

      0  0      -386.80118713     3.75e-04      0.60
      0  1      -386.54967724     3.88e-04      0.00

      1  0      -386.91301695     1.89e-04      0.60
      1  1      -386.67055868     2.30e-04      0.00

      2  0      -386.93499932     9.55e-05      0.60
      2  1      -386.71361390     1.60e-04      0.00

      3  0      -386.93967076     4.49e-05      0.60
      3  1      -386.73685538     1.31e-04      0.00

      4  0      -386.94052516     2.04e-05      0.61
      4  1      -386.75138105     1.02e-04      0.00

      5  0      -386.94069160     9.08e-06      0.61
      5  1      -386.75896998     7.39e-05      0.00

      6  0      -386.94072234     4.11e-06      0.61
      6  1      -386.76260023     5.12e-05      0.00

      7  0      -386.94072859     1.91e-06      0.61
      7  1      -386.76435052     3.77e-05      0.00

      8  0      -386.94072994     9.41e-07      0.61
      8  1      -386.76532948     3.05e-05      0.00

      9  0      -386.94073029     4.69e-07      0.61
      9  1      -386.76593979     2.44e-05      0.00

     10  0      -386.94073038     2.23e-07      0.61
     10  1      -386.76631579     1.82e-05      0.00

     11  0      -386.94073040     1.05e-07      0.62
     11  1      -386.76651762     1.34e-05      0.00

     12  0      -386.94073040     5.01e-08      0.62
     12  1      -386.76663904     1.06e-05      0.00

     13  0      -386.94073040     2.41e-08      0.62
     13  1      -386.76671811     8.93e-06      0.00

     14  0      -386.94073040     1.17e-08      0.62
     14  1      -386.76677610     7.97e-06      0.00

     15  0      -386.94073040     5.53e-09      0.62
     15  1      -386.76681932     6.63e-06      0.00

     16  0      -386.94073040     2.52e-09      0.63
     16  1      -386.76684523     4.83e-06      0.00

     17  0      -386.94073040     1.06e-09      0.63
     17  1      -386.76685748     3.02e-06      0.00

     18  0      -386.94073040     4.45e-10      0.63
     18  1      -386.76686231     1.82e-06      0.00

     19  0      -386.94073040     1.96e-10      0.63
     19  1      -386.76686398     1.06e-06      0.00
    ** throwing out 2 trial vectors **

     20  0 *    -386.94073040     9.06e-11      0.54
     20  1      -386.76686456     6.12e-07      0.00
    ** throwing out 1 trial vectors **

     21  0 *    -386.94073040     9.05e-11      0.33
     21  1      -386.76686476     3.65e-07      0.00
    ** throwing out 1 trial vectors **

     22  0 *    -386.94073040     9.04e-11      0.33
     22  1      -386.76686483     2.14e-07      0.00
    ** throwing out 1 trial vectors **

     23  0 *    -386.94073040     9.03e-11      0.34
     23  1      -386.76686485     1.22e-07      0.00
    ** throwing out 1 trial vectors **

     24  0 *    -386.94073040     9.03e-11      0.34
     24  1      -386.76686486     7.61e-08      0.00
    ** throwing out 1 trial vectors **

     25  0 *    -386.94073040     9.03e-11      0.33
     25  1      -386.76686487     4.90e-08      0.00
    ** throwing out 1 trial vectors **

     26  0 *    -386.94073040     9.03e-11      0.34
     26  1      -386.76686487     2.98e-08      0.00
    ** throwing out 1 trial vectors **

     27  0 *    -386.94073040     9.03e-11      0.34
     27  1      -386.76686487     1.73e-08      0.00
    ** throwing out 1 trial vectors **

     28  0 *    -386.94073040     9.03e-11      0.34
     28  1      -386.76686487     1.04e-08      0.00
    ** throwing out 1 trial vectors **

     29  0 *    -386.94073040     9.03e-11      0.33
     29  1      -386.76686487     6.78e-09      0.00
    ** throwing out 1 trial vectors **

     30  0 *    -386.94073040     9.02e-11      0.33
     30  1      -386.76686487     4.51e-09      0.00
    ** throwing out 1 trial vectors **

     31  0 *    -386.94073040     9.03e-11      0.34
     31  1      -386.76686487     2.82e-09      0.00
    ** throwing out 1 trial vectors **

     32  0 *    -386.94073040     9.03e-11      0.34
     32  1      -386.76686487     1.67e-09      0.00
    ** throwing out 1 trial vectors **

     33  0 *    -386.94073040     9.02e-11      0.34
     33  1      -386.76686487     9.70e-10      0.00
    ** throwing out 1 trial vectors **

     34  0 *    -386.94073040     9.01e-11      0.34
     34  1      -386.76686487     6.05e-10      0.00
    ** throwing out 1 trial vectors **

     35  0 *    -386.94073040     9.00e-11      0.34
     35  1      -386.76686487     4.15e-10      0.00
    ** throwing out 1 trial vectors **

     36  0 *    -386.94073040     8.99e-11      0.33
     36  1      -386.76686487     2.75e-10      0.00
    ** throwing out 1 trial vectors **

     37  0 *    -386.94073040     8.99e-11      0.34
     37  1      -386.76686487     1.62e-10      0.00
    ** throwing out 1 trial vectors **

     38  0 *    -386.94073040     8.99e-11      0.24
     38  1 *    -386.76686487     9.46e-11      0.00

     * ci vector   0, <S^2> = 0.0000, E =     -386.94073040
       222222......     0.9012823993
       22222.2.....    -0.0855197282
       2222.22.....    -0.0646686670
       .22222.....2    -0.0636262685
       2222bbaa....    -0.0614936582
       2222aabb....    -0.0614936582
       2222.2.2....    -0.0584744119
       22222..2....    -0.0573287494
       222.222.....    -0.0543753259
       22222...2...    -0.0517974671

     * ci vector   1, <S^2> = 0.0000, E =     -386.76686487
       2222a2b.....    -0.3146666770
       2222b2a.....    -0.3146666770
       22222a.b....    -0.3098230733
       22222b.a....    -0.3098230733
       22222ba.....    -0.3010124758
       22222ab.....    -0.3010124758
       2222a2.b....     0.2818297891
       2222b2.a....     0.2818297891
       22b2a2.2....     0.0652989506
       22a2b2.2....     0.0652989506
       22a22bab....     0.0640584999
       22b22aba....     0.0640584999
       22a222..b...     0.0570917432
       22b222..a...     0.0570917432
       22a22bba....     0.0570908454
       22b22aab....     0.0570908454
       22b2a22.....    -0.0569921809
       22a2b22.....    -0.0569921809
       222a22...b..     0.0563214007
       222b22...a..     0.0563214007
       2222.2.a.b..    -0.0543247516
       2222.2.b.a..    -0.0543247516
       2222aba..b..    -0.0543112340
       2222bab..a..    -0.0543112340
       22222..b.a..     0.0503129954
       22222..a.b..     0.0503129954
       - FCI and RDMs                             20.33
