--------------------------------------------------
JOB FRONT-END 3110230 on wux10
SLURM ENVIRONMENT
--------------------------------------------------
SLURM_JOB_ID                   = 3110230             
SLURM_ARRAY_JOB_ID             = N/A                 
SLURM_ARRAY_TASK_ID            = N/A                 
SLURM_JOB_NAME                 = bagel               
SLURM_JOB_PARTITION            = batch               
SLURM_JOB_NUM_NODES            = 1                   
SLURM_JOB_CPUS_PER_NODE        = 20                  
SLURM_NTASKS                   = 20                  
SLURM_NTASKS_PER_NODE          = N/A                 
--------------------------------------------------
--------------------------------------------------
PBS ENVIRONMENT
--------------------------------------------------
PBS_JOBID                      = 3110230             
PBS_ARRAYID                    = N/A                 
PBS_JOBNAME                    = bagel               
PBS_QUEUE                      = batch               
PBS_NUM_NODES                  = 1                   
PBS_NUM_PPN                    = 1                   
PBS_NP                         = 20                  
PBS_NODEFILE                   = /tmp/3110230/nodes  
--------------------------------------------------
  * process grid (5, 4) will be used
    wux10                           
    wux10                           
    wux10                           
    wux10                           
    wux10                           
    wux10                           
    wux10                           
    wux10                           
    wux10                           
    wux10                           
    wux10                           
    wux10                           
    wux10                           
    wux10                           
    wux10                           
    wux10                           
    wux10                           
    wux10                           
    wux10                           
    wux10                           

  * using 20 threads per process

  ===============================================================
    BAGEL - Freshly leavened quantum chemistry                   
  ===============================================================

  *** Geometry ***

  { "atom" : "C", "xyz" : [      4.439072,     -1.025938,      1.119003 ] },
  { "atom" : "C", "xyz" : [      4.192311,      1.657096,      1.553838 ] },
  { "atom" : "C", "xyz" : [      1.908322,      2.852414,      1.395635 ] },
  { "atom" : "N", "xyz" : [     -0.382986,      1.551293,      1.024899 ] },
  { "atom" : "B", "xyz" : [     -0.270463,     -1.282139,      0.278964 ] },
  { "atom" : "C", "xyz" : [      2.402332,     -2.477855,      0.465112 ] },
  { "atom" : "C", "xyz" : [     -2.576533,     -2.572673,     -0.887143 ] },
  { "atom" : "C", "xyz" : [     -4.927705,     -1.183289,     -1.176726 ] },
  { "atom" : "C", "xyz" : [     -4.398024,      1.348467,     -1.140876 ] },
  { "atom" : "C", "xyz" : [     -1.607172,      1.550332,     -1.310153 ] },
  { "atom" : "H", "xyz" : [      6.317597,     -1.870087,      1.314947 ] },
  { "atom" : "H", "xyz" : [      5.849338,      2.799468,      2.007810 ] },
  { "atom" : "H", "xyz" : [      1.714826,      4.887703,      1.707320 ] },
  { "atom" : "H", "xyz" : [      2.693061,     -4.504574,      0.150709 ] },
  { "atom" : "H", "xyz" : [     -2.374086,     -4.478237,     -1.672107 ] },
  { "atom" : "H", "xyz" : [     -6.795052,     -2.063086,     -1.172708 ] },
  { "atom" : "H", "xyz" : [     -5.600528,      2.929037,     -0.574439 ] },
  { "atom" : "H", "xyz" : [     -0.584308,      1.882069,     -3.084086 ] },

  Number of auxiliary basis functions:      884

  Since a DF basis is specified, we compute 2- and 3-index integrals:
    o Being stored without compression. Storage requirement is 0.079 GB
       - 3-index ints prep                         0.00
       - 3-index ints                              0.05
       - 2-index ints                              0.03
       - computing inverse                         0.32
        elapsed time:        0.40 sec.


  Number of basis functions:      106
  Number of electrons      :       68


    * METHOD: MOLECULE                             0.44

       - Overlap matrix                            0.01
       - Hcore matrix                              0.01
       - Overlap orthog                            0.01

  *** RHF ***

  === Nuclear Repulsion ===
  
   455.6060892614

      * DIIS with orbital gradients will be used.

       - SCF startup                               0.53

  === RHF iteration (/home/miaoxin/software/bagel-1.2.2/obj/share/3-21g.json) ===
  
               o Fock build                                  0.21
      0       -384.25199381          0.01240843           0.21
               o DIIS                                        0.00
               o Diag                                        0.01
               o Post process                                0.00
               o Fock build                                  0.24
      1       -384.40671377          0.00518513           0.26
               o DIIS                                        0.00
               o Diag                                        0.01
               o Post process                                0.00
               o Fock build                                  0.17
      2       -384.42931661          0.00190098           0.19
               o DIIS                                        0.00
               o Diag                                        0.01
               o Post process                                0.00
               o Fock build                                  0.22
      3       -384.43354344          0.00062057           0.24
               o DIIS                                        0.00
               o Diag                                        0.01
               o Post process                                0.00
               o Fock build                                  0.20
      4       -384.43398819          0.00016518           0.21
               o DIIS                                        0.00
               o Diag                                        0.01
               o Post process                                0.00
               o Fock build                                  0.17
      5       -384.43409305          0.00010342           0.19
               o DIIS                                        0.00
               o Diag                                        0.01
               o Post process                                0.00
               o Fock build                                  0.15
      6       -384.43412452          0.00005434           0.17
               o DIIS                                        0.00
               o Diag                                        0.01
               o Post process                                0.00
               o Fock build                                  0.28
      7       -384.43414147          0.00002615           0.30
               o DIIS                                        0.00
               o Diag                                        0.03
               o Post process                                0.00
               o Fock build                                  0.21
      8       -384.43414418          0.00001143           0.25
               o DIIS                                        0.00
               o Diag                                        0.01
               o Post process                                0.00
               o Fock build                                  0.17
      9       -384.43414454          0.00000784           0.18
               o DIIS                                        0.00
               o Diag                                        0.01
               o Post process                                0.00
               o Fock build                                  0.16
     10       -384.43414476          0.00000391           0.18
               o DIIS                                        0.00
               o Diag                                        0.01
               o Post process                                0.00
               o Fock build                                  0.27
     11       -384.43414480          0.00000174           0.28
               o DIIS                                        0.00
               o Diag                                        0.03
               o Post process                                0.00
               o Fock build                                  0.19
     12       -384.43414481          0.00000101           0.23
               o DIIS                                        0.00
               o Diag                                        0.01
               o Post process                                0.00
               o Fock build                                  0.17
     13       -384.43414482          0.00000060           0.19
               o DIIS                                        0.00
               o Diag                                        0.01
               o Post process                                0.00
               o Fock build                                  0.17
     14       -384.43414482          0.00000029           0.18
               o DIIS                                        0.00
               o Diag                                        0.01
               o Post process                                0.00
               o Fock build                                  0.22
     15       -384.43414482          0.00000016           0.24
               o DIIS                                        0.00
               o Diag                                        0.01
               o Post process                                0.00
               o Fock build                                  0.18
     16       -384.43414482          0.00000009           0.19
               o DIIS                                        0.00
               o Diag                                        0.01
               o Post process                                0.00
               o Fock build                                  0.18
     17       -384.43414482          0.00000005           0.20
               o DIIS                                        0.00
               o Diag                                        0.01
               o Post process                                0.00
               o Fock build                                  0.16
     18       -384.43414482          0.00000003           0.17
               o DIIS                                        0.00
               o Diag                                        0.01
               o Post process                                0.00
               o Fock build                                  0.20
     19       -384.43414482          0.00000002           0.22
               o DIIS                                        0.00
               o Diag                                        0.01
               o Post process                                0.00
               o Fock build                                  0.23
     20       -384.43414482          0.00000001           0.24
               o DIIS                                        0.00
               o Diag                                        0.01
               o Post process                                0.00
               o Fock build                                  0.32
     21       -384.43414482          0.00000001           0.33
  
    * SCF iteration converged.

    * Permanent dipole moment:
           (   -0.182119,    -0.383226,     0.558999) a.u.

  ---------------------------
      CASSCF calculation     
  ---------------------------

 
    ==== Active orbitals : ===== 
         Orbital 32
         Orbital 33
         Orbital 34
         Orbital 35
         Orbital 36
         Orbital 37
    ============================ 

    * nstate   :      4
    * nclosed  :     31
    * nact     :      6
    * nvirt    :     69
  === CASSCF iteration (/home/miaoxin/software/bagel-1.2.2/obj/share/3-21g.json) ===

    * Using the second-order algorithm

      0  0      -384.46786593     3.07e-03      0.28
      0  1      -384.32335301     0.00e+00      0.28
      0  2      -384.28104186     0.00e+00      0.28
      0  3      -384.26745885     0.00e+00      0.28

         res : 7.13e-02   lamb: 1.00e+00   eps : -2.79e-02   step: 6.04e-01    0.21
         res : 3.17e-02   lamb: 1.00e+00   eps : -3.01e-02   step: 6.22e-01    0.21
         res : 7.76e-03   lamb: 1.00e+00   eps : -3.03e-02   step: 6.12e-01    0.21
         res : 3.19e-03   lamb: 1.00e+00   eps : -3.03e-02   step: 6.12e-01    0.22
         res : 1.15e-03   lamb: 1.00e+00   eps : -3.03e-02   step: 6.13e-01    0.25
         res : 7.25e-04   lamb: 1.00e+00   eps : -3.03e-02   step: 6.13e-01    0.23
         res : 4.42e-04   lamb: 1.00e+00   eps : -3.03e-02   step: 6.13e-01    0.20
         res : 1.82e-04   lamb: 1.00e+00   eps : -3.03e-02   step: 6.13e-01    0.21
         res : 6.01e-05   lamb: 1.00e+00   eps : -3.03e-02   step: 6.13e-01    0.22

      1  0      -384.49198674     1.92e-03      2.84
      1  1      -384.35045373     0.00e+00      2.84
      1  2      -384.32497735     0.00e+00      2.84
      1  3      -384.29783972     0.00e+00      2.84

         res : 5.71e-02   lamb: 1.00e+00   eps : -1.23e-02   step: 2.40e-01    0.26
         res : 2.10e-02   lamb: 1.00e+00   eps : -1.33e-02   step: 2.63e-01    0.22
         res : 7.31e-03   lamb: 1.00e+00   eps : -1.35e-02   step: 2.62e-01    0.21
         res : 8.56e-03   lamb: 1.00e+00   eps : -1.35e-02   step: 2.65e-01    0.20
         res : 1.08e-02   lamb: 1.00e+00   eps : -1.36e-02   step: 2.79e-01    0.25
         res : 1.45e-02   lamb: 1.00e+00   eps : -1.38e-02   step: 3.53e-01    0.24
         res : 1.02e-02   lamb: 1.00e+00   eps : -1.39e-02   step: 4.12e-01    0.21
         res : 2.73e-03   lamb: 1.00e+00   eps : -1.39e-02   step: 4.27e-01    0.21
         res : 9.28e-04   lamb: 1.00e+00   eps : -1.39e-02   step: 4.29e-01    0.22
         res : 2.47e-04   lamb: 1.00e+00   eps : -1.39e-02   step: 4.29e-01    0.24
         res : 7.87e-05   lamb: 1.00e+00   eps : -1.39e-02   step: 4.29e-01    0.21
         res : 2.66e-05   lamb: 1.00e+00   eps : -1.39e-02   step: 4.29e-01    0.20

      2  0      -384.50076538     5.94e-04      3.51
      2  1      -384.35532515     0.00e+00      3.51
      2  2      -384.33962202     0.00e+00      3.51
      2  3      -384.30658052     0.00e+00      3.51

         res : 2.20e-02   lamb: 1.00e+00   eps : -1.01e-03   step: 5.42e-02    0.17
         res : 2.87e-02   lamb: 1.00e+00   eps : -1.49e-03   step: 1.05e-01    0.21
         res : 3.87e-02   lamb: 1.00e+00   eps : -2.68e-03   step: 3.15e-01    0.24
         res : 3.06e-02   lamb: 1.00e+00   eps : -3.44e-03   step: 4.73e-01    0.24
         res : 8.06e-03   lamb: 1.00e+00   eps : -3.64e-03   step: 5.19e-01    0.20
         res : 3.73e-03   lamb: 1.00e+00   eps : -3.66e-03   step: 5.24e-01    0.20
         res : 1.22e-03   lamb: 1.00e+00   eps : -3.66e-03   step: 5.24e-01    0.25
         res : 4.38e-04   lamb: 1.00e+00   eps : -3.66e-03   step: 5.25e-01    0.24
         res : 1.35e-04   lamb: 1.00e+00   eps : -3.66e-03   step: 5.25e-01    0.25
         res : 3.36e-05   lamb: 1.00e+00   eps : -3.66e-03   step: 5.25e-01    0.21

      3  0      -384.50843776     6.66e-04      3.11
      3  1      -384.35697001     0.00e+00      3.11
      3  2      -384.33251069     0.00e+00      3.11
      3  3      -384.30463307     0.00e+00      3.11

         res : 2.35e-02   lamb: 1.00e+00   eps : -3.48e-03   step: 1.38e-01    0.19
         res : 1.18e-02   lamb: 1.00e+00   eps : -3.74e-03   step: 1.54e-01    0.23
         res : 3.83e-03   lamb: 1.00e+00   eps : -3.78e-03   step: 1.57e-01    0.22
         res : 1.49e-03   lamb: 1.00e+00   eps : -3.78e-03   step: 1.57e-01    0.24
         res : 3.69e-04   lamb: 1.00e+00   eps : -3.78e-03   step: 1.57e-01    0.21
         res : 1.34e-04   lamb: 1.00e+00   eps : -3.78e-03   step: 1.57e-01    0.20
         res : 4.54e-05   lamb: 1.00e+00   eps : -3.78e-03   step: 1.57e-01    0.22
         res : 1.71e-05   lamb: 1.00e+00   eps : -3.78e-03   step: 1.57e-01    0.25
         res : 5.91e-06   lamb: 1.00e+00   eps : -3.78e-03   step: 1.57e-01    0.21

      4  0      -384.50792515     1.30e-04      2.88
      4  1      -384.35695515     0.00e+00      2.88
      4  2      -384.33674955     0.00e+00      2.88
      4  3      -384.30939789     0.00e+00      2.88

         res : 8.01e-03   lamb: 1.00e+00   eps : -1.30e-04   step: 3.12e-02    0.19
         res : 3.48e-03   lamb: 1.00e+00   eps : -1.55e-04   step: 3.84e-02    0.20
         res : 1.16e-03   lamb: 1.00e+00   eps : -1.59e-04   step: 3.91e-02    0.26
         res : 3.96e-04   lamb: 1.00e+00   eps : -1.59e-04   step: 3.91e-02    0.24
         res : 1.10e-04   lamb: 1.00e+00   eps : -1.59e-04   step: 3.91e-02    0.21
         res : 3.86e-05   lamb: 1.00e+00   eps : -1.59e-04   step: 3.91e-02    0.20
         res : 1.20e-05   lamb: 1.00e+00   eps : -1.59e-04   step: 3.91e-02    0.23
         res : 4.65e-06   lamb: 1.00e+00   eps : -1.59e-04   step: 3.91e-02    0.22
         res : 1.22e-06   lamb: 1.00e+00   eps : -1.59e-04   step: 3.91e-02    0.22

      5  0      -384.50738239     2.92e-05      2.79
      5  1      -384.35667190     0.00e+00      2.79
      5  2      -384.33762784     0.00e+00      2.79
      5  3      -384.30971033     0.00e+00      2.79

         res : 1.20e-03   lamb: 1.00e+00   eps : -5.06e-06   step: 5.20e-03    0.21
         res : 8.50e-04   lamb: 1.00e+00   eps : -6.61e-06   step: 7.46e-03    0.19
         res : 2.95e-04   lamb: 1.00e+00   eps : -6.82e-06   step: 7.89e-03    0.21
         res : 1.14e-04   lamb: 1.00e+00   eps : -6.85e-06   step: 7.97e-03    0.27
         res : 3.63e-05   lamb: 1.00e+00   eps : -6.85e-06   step: 7.99e-03    0.23
         res : 1.38e-05   lamb: 1.00e+00   eps : -6.85e-06   step: 7.99e-03    0.20
         res : 5.09e-06   lamb: 1.00e+00   eps : -6.85e-06   step: 7.99e-03    0.20
         res : 1.67e-06   lamb: 1.00e+00   eps : -6.85e-06   step: 7.99e-03    0.26
         res : 5.54e-07   lamb: 1.00e+00   eps : -6.85e-06   step: 7.99e-03    0.23

      6  0      -384.50724406     9.41e-06      2.87
      6  1      -384.35662149     0.00e+00      2.87
      6  2      -384.33782749     0.00e+00      2.87
      6  3      -384.30971658     0.00e+00      2.87

         res : 2.81e-04   lamb: 1.00e+00   eps : -4.07e-07   step: 1.20e-03    0.21
         res : 2.41e-04   lamb: 1.00e+00   eps : -5.05e-07   step: 1.66e-03    0.20
         res : 1.06e-04   lamb: 1.00e+00   eps : -5.26e-07   step: 1.84e-03    0.21
         res : 3.74e-05   lamb: 1.00e+00   eps : -5.30e-07   step: 1.90e-03    0.23
         res : 1.44e-05   lamb: 1.00e+00   eps : -5.30e-07   step: 1.91e-03    0.24
         res : 5.14e-06   lamb: 1.00e+00   eps : -5.30e-07   step: 1.91e-03    0.23
         res : 2.22e-06   lamb: 1.00e+00   eps : -5.30e-07   step: 1.91e-03    0.21
         res : 5.33e-07   lamb: 1.00e+00   eps : -5.30e-07   step: 1.91e-03    0.20
         res : 1.75e-07   lamb: 1.00e+00   eps : -5.30e-07   step: 1.91e-03    0.24

      7  0      -384.50720858     3.26e-06      2.83
      7  1      -384.35661374     0.00e+00      2.83
      7  2      -384.33787602     0.00e+00      2.83
      7  3      -384.30971267     0.00e+00      2.83

         res : 9.81e-05   lamb: 1.00e+00   eps : -4.26e-08   step: 3.63e-04    0.25
         res : 7.93e-05   lamb: 1.00e+00   eps : -5.14e-08   step: 4.81e-04    0.21
         res : 3.42e-05   lamb: 1.00e+00   eps : -5.38e-08   step: 5.41e-04    0.20
         res : 1.43e-05   lamb: 1.00e+00   eps : -5.42e-08   step: 5.62e-04    0.20
         res : 4.55e-06   lamb: 1.00e+00   eps : -5.42e-08   step: 5.67e-04    0.20
         res : 1.27e-06   lamb: 1.00e+00   eps : -5.43e-08   step: 5.68e-04    0.25
         res : 5.50e-07   lamb: 1.00e+00   eps : -5.43e-08   step: 5.68e-04    0.23
         res : 1.90e-07   lamb: 1.00e+00   eps : -5.43e-08   step: 5.68e-04    0.21
         res : 6.82e-08   lamb: 1.00e+00   eps : -5.43e-08   step: 5.68e-04    0.22
         res : 2.14e-08   lamb: 1.00e+00   eps : -5.43e-08   step: 5.68e-04    0.26

      8  0      -384.50719789     1.15e-06      3.16
      8  1      -384.35661212     0.00e+00      3.16
      8  2      -384.33788944     0.00e+00      3.16
      8  3      -384.30971171     0.00e+00      3.16

         res : 3.52e-05   lamb: 1.00e+00   eps : -4.74e-09   step: 1.17e-04    0.19
         res : 2.62e-05   lamb: 1.00e+00   eps : -5.66e-09   step: 1.54e-04    0.20
         res : 1.13e-05   lamb: 1.00e+00   eps : -5.94e-09   step: 1.74e-04    0.20
         res : 5.19e-06   lamb: 1.00e+00   eps : -5.99e-09   step: 1.81e-04    0.25
         res : 1.53e-06   lamb: 1.00e+00   eps : -6.00e-09   step: 1.83e-04    0.24
         res : 6.79e-07   lamb: 1.00e+00   eps : -6.00e-09   step: 1.83e-04    0.22
         res : 2.66e-07   lamb: 1.00e+00   eps : -6.00e-09   step: 1.83e-04    0.21
         res : 7.71e-08   lamb: 1.00e+00   eps : -6.00e-09   step: 1.83e-04    0.21
         res : 2.72e-08   lamb: 1.00e+00   eps : -6.00e-09   step: 1.83e-04    0.23
         res : 7.50e-09   lamb: 1.00e+00   eps : -6.00e-09   step: 1.83e-04    0.26

      9  0      -384.50719447     4.08e-07      3.04
      9  1      -384.35661172     0.00e+00      3.04
      9  2      -384.33789343     0.00e+00      3.04
      9  3      -384.30971156     0.00e+00      3.04

         res : 1.26e-05   lamb: 1.00e+00   eps : -5.48e-10   step: 3.91e-05    0.22
         res : 8.71e-06   lamb: 1.00e+00   eps : -6.51e-10   step: 5.13e-05    0.20
         res : 3.80e-06   lamb: 1.00e+00   eps : -6.85e-10   step: 5.81e-05    0.20
         res : 1.86e-06   lamb: 1.00e+00   eps : -6.91e-10   step: 6.05e-05    0.20
         res : 5.39e-07   lamb: 1.00e+00   eps : -6.92e-10   step: 6.12e-05    0.26
         res : 2.84e-07   lamb: 1.00e+00   eps : -6.92e-10   step: 6.13e-05    0.22
         res : 8.92e-08   lamb: 1.00e+00   eps : -6.92e-10   step: 6.13e-05    0.22
         res : 2.92e-08   lamb: 1.00e+00   eps : -6.92e-10   step: 6.13e-05    0.22
         res : 9.56e-09   lamb: 1.00e+00   eps : -6.92e-10   step: 6.13e-05    0.24
         res : 2.59e-09   lamb: 1.00e+00   eps : -6.92e-10   step: 6.13e-05    0.21

     10  0      -384.50719335     1.46e-07      3.10
     10  1      -384.35661161     0.00e+00      3.10
     10  2      -384.33789466     0.00e+00      3.10
     10  3      -384.30971155     0.00e+00      3.10

         res : 4.50e-06   lamb: 1.00e+00   eps : -6.54e-11   step: 1.33e-05    0.19
         res : 2.92e-06   lamb: 1.00e+00   eps : -7.74e-11   step: 1.75e-05    0.21
         res : 1.31e-06   lamb: 1.00e+00   eps : -8.15e-11   step: 1.98e-05    0.21
         res : 6.63e-07   lamb: 1.00e+00   eps : -8.22e-11   step: 2.06e-05    0.22
         res : 1.93e-07   lamb: 1.00e+00   eps : -8.23e-11   step: 2.08e-05    0.25
         res : 1.06e-07   lamb: 1.00e+00   eps : -8.24e-11   step: 2.09e-05    0.20
         res : 3.06e-08   lamb: 1.00e+00   eps : -8.24e-11   step: 2.09e-05    0.20
         res : 1.08e-08   lamb: 1.00e+00   eps : -8.24e-11   step: 2.09e-05    0.23
         res : 3.36e-09   lamb: 1.00e+00   eps : -8.24e-11   step: 2.09e-05    0.26

     11  0      -384.50719298     5.30e-08      2.89
     11  1      -384.35661158     0.00e+00      2.89
     11  2      -384.33789505     0.00e+00      2.89
     11  3      -384.30971157     0.00e+00      2.89

         res : 1.63e-06   lamb: 1.00e+00   eps : -8.02e-12   step: 4.61e-06    0.25
         res : 9.85e-07   lamb: 1.00e+00   eps : -9.47e-12   step: 6.04e-06    0.20
         res : 4.53e-07   lamb: 1.00e+00   eps : -9.97e-12   step: 6.82e-06    0.20
         res : 2.37e-07   lamb: 1.00e+00   eps : -1.01e-11   step: 7.10e-06    0.20
         res : 6.90e-08   lamb: 1.00e+00   eps : -1.01e-11   step: 7.20e-06    0.23
         res : 3.79e-08   lamb: 1.00e+00   eps : -1.01e-11   step: 7.21e-06    0.22
         res : 1.07e-08   lamb: 1.00e+00   eps : -1.01e-11   step: 7.21e-06    0.21
         res : 3.94e-09   lamb: 1.00e+00   eps : -1.01e-11   step: 7.21e-06    0.21

     12  0      -384.50719285     1.95e-08      2.78
     12  1      -384.35661158     0.00e+00      2.78
     12  2      -384.33789517     0.00e+00      2.78
     12  3      -384.30971157     0.00e+00      2.78

         res : 5.95e-07   lamb: 1.00e+00   eps : -1.01e-12   step: 1.61e-06    0.21
         res : 3.34e-07   lamb: 1.00e+00   eps : -1.19e-12   step: 2.11e-06    0.23
         res : 1.59e-07   lamb: 1.00e+00   eps : -1.25e-12   step: 2.38e-06    0.21
         res : 8.51e-08   lamb: 1.00e+00   eps : -1.26e-12   step: 2.47e-06    0.20
         res : 2.49e-08   lamb: 1.00e+00   eps : -1.26e-12   step: 2.51e-06    0.23
         res : 1.35e-08   lamb: 1.00e+00   eps : -1.26e-12   step: 2.52e-06    0.25
         res : 3.77e-09   lamb: 1.00e+00   eps : -1.26e-12   step: 2.52e-06    0.23

     13  0      -384.50719280     7.30e-09      2.43
     13  1      -384.35661158     0.00e+00      2.43
     13  2      -384.33789521     0.00e+00      2.43
     13  3      -384.30971158     0.00e+00      2.43

    * Second-order optimization converged. *   

    * Integral transformation done. Elapsed time: 0.23

     guess   0:   closed 111...               open ......              
     guess   1:   closed 11....               open ..11..              
     guess   2:   closed 11....               open ..1.1.              
     guess   3:   closed 1.1...               open .1.1..              

  === FCI iteration ===

      0  0      -384.43847918     9.26e-03      0.00
      0  1      -384.28789057     8.14e-03      0.00
      0  2      -384.18740108     8.79e-03      0.00
      0  3      -384.16485486     9.33e-03      0.00

      1  0      -384.49592914     4.46e-03      0.00
      1  1      -384.33438647     3.75e-03      0.00
      1  2      -384.26096441     6.84e-03      0.00
      1  3      -384.23851103     5.54e-03      0.00

      2  0      -384.50606354     1.60e-03      0.00
      2  1      -384.34633528     2.81e-03      0.00
      2  2      -384.31507651     5.42e-03      0.00
      2  3      -384.27283671     5.28e-03      0.00

      3  0      -384.50709355     5.03e-04      0.00
      3  1      -384.35411718     2.08e-03      0.00
      3  2      -384.33294387     2.74e-03      0.00
      3  3      -384.30077270     3.67e-03      0.00

      4  0      -384.50718081     1.53e-04      0.00
      4  1      -384.35630401     7.84e-04      0.00
      4  2      -384.33722003     9.94e-04      0.00
      4  3      -384.30856308     1.37e-03      0.00

      5  0      -384.50719091     5.37e-05      0.00
      5  1      -384.35656887     2.58e-04      0.00
      5  2      -384.33778332     3.79e-04      0.00
      5  3      -384.30951087     5.17e-04      0.00

      6  0      -384.50719248     2.25e-05      0.00
      6  1      -384.35660512     9.09e-05      0.00
      6  2      -384.33787415     1.59e-04      0.00
      6  3      -384.30967948     2.01e-04      0.00

      7  0      -384.50719276     9.67e-06      0.00
      7  1      -384.35661052     3.74e-05      0.00
      7  2      -384.33789093     7.00e-05      0.00
      7  3      -384.30970478     8.71e-05      0.00

      8  0      -384.50719280     3.79e-06      0.01
      8  1      -384.35661142     1.56e-05      0.00
      8  2      -384.33789428     3.27e-05      0.00
      8  3      -384.30970995     4.20e-05      0.00

      9  0      -384.50719280     9.14e-07      0.01
      9  1      -384.35661156     5.29e-06      0.00
      9  2      -384.33789510     1.33e-05      0.00
      9  3      -384.30971135     1.84e-05      0.00

     10  0      -384.50719280     2.08e-07      0.01
     10  1      -384.35661158     1.50e-06      0.00
     10  2      -384.33789520     4.10e-06      0.00
     10  3      -384.30971156     5.80e-06      0.00

     11  0      -384.50719280     3.83e-08      0.01
     11  1      -384.35661158     3.72e-07      0.00
     11  2      -384.33789521     1.08e-06      0.00
     11  3      -384.30971158     1.62e-06      0.00

     12  0      -384.50719280     9.37e-09      0.01
     12  1      -384.35661158     1.10e-07      0.00
     12  2      -384.33789521     3.28e-07      0.00
     12  3      -384.30971158     5.41e-07      0.00

     13  0      -384.50719280     1.94e-09      0.01
     13  1      -384.35661158     2.63e-08      0.00
     13  2      -384.33789521     8.80e-08      0.00
     13  3      -384.30971158     1.56e-07      0.00

     14  0      -384.50719280     4.27e-10      0.01
     14  1      -384.35661158     7.17e-09      0.00
     14  2      -384.33789521     2.05e-08      0.00
     14  3      -384.30971158     4.03e-08      0.00

     15  0 *    -384.50719280     9.70e-11      0.01
     15  1      -384.35661158     1.63e-09      0.00
     15  2      -384.33789521     5.34e-09      0.00
     15  3      -384.30971158     1.19e-08      0.00

     16  0 *    -384.50719280     8.35e-11      0.01
     16  1      -384.35661158     4.57e-10      0.00
     16  2      -384.33789521     1.53e-09      0.00
     16  3      -384.30971158     3.63e-09      0.00

     17  0 *    -384.50719280     8.09e-11      0.01
     17  1      -384.35661158     1.11e-10      0.00
     17  2      -384.33789521     3.91e-10      0.00
     17  3      -384.30971158     9.67e-10      0.00

     18  0 *    -384.50719280     8.05e-11      0.01
     18  1 *    -384.35661158     2.98e-11      0.00
     18  2 *    -384.33789521     8.96e-11      0.00
     18  3      -384.30971158     2.43e-10      0.00

     19  0 *    -384.50719280     8.03e-11      0.01
     19  1 *    -384.35661158     1.96e-11      0.00
     19  2 *    -384.33789521     5.33e-11      0.00
     19  3 *    -384.30971158     7.04e-11      0.00

     * ci vector, state   0, <S^2> = -0.0000
       222...     0.7306288908
       22ba..     0.4036990973
       22ab..     0.4036990973
       2.2.2.    -0.0892334148
       b2aa.b     0.0857141305
       a2bb.a     0.0857141305
       b22a..     0.0629137878
       a22b..     0.0629137878
       .22..2    -0.0532761529
       22.2..    -0.0530291422
       22.a.b     0.0506651450
       22.b.a     0.0506651450
       2.2..2    -0.0503788035
       2baa.b     0.0502617126
       2abb.a     0.0502617126

     * ci vector, state   1, <S^2> = -0.0000
       22ab..    -0.3642392645
       22ba..    -0.3642392644
       222...     0.3275392468
       b22a..     0.2546976736
       a22b..     0.2546976736
       2a2b..     0.2511865066
       2b2a..     0.2511865066
       22.a.b     0.2175164420
       22.b.a     0.2175164420
       22b.a.    -0.1284018498
       22a.b.    -0.1284018498
       22a..b     0.1256215722
       22b..a     0.1256215722
       2abba.     0.1179570802
       2baab.     0.1179570802
       22...2    -0.1011983286
       .22b.a    -0.0755324029
       .22a.b    -0.0755324029
       2ba2..    -0.0741531811
       2ab2..    -0.0741531811
       22.2..     0.0688714109
       2aabb.    -0.0680538475
       2bbaa.    -0.0680538475
       2.ab2.     0.0654817327
       2.ba2.     0.0654817327
       .222..    -0.0601083828
       b2.a.2     0.0600903895
       a2.b.2     0.0600903895
       2b.a.2     0.0567335081
       2a.b.2     0.0567335081
       ba2b.a    -0.0543515338
       ab2a.b    -0.0543515338
       b.2a2.     0.0528291880
       a.2b2.     0.0528291880
       2abb.a    -0.0516636160
       2baa.b    -0.0516636160
       2.2.2.    -0.0502831752

     * ci vector, state   2, <S^2> = -0.0000
       22.ab.     0.2863552950
       22.ba.     0.2863552950
       222...     0.2807410274
       2b2a..    -0.2601526904
       2a2b..    -0.2601526904
       2abba.     0.2019280549
       2baab.     0.2019280549
       22ab..    -0.1965232509
       22ba..    -0.1965232509
       b2aab.    -0.1619569363
       a2bba.    -0.1619569363
       22b.a.    -0.1606502595
       22a.b.    -0.1606502595
       22.b.a    -0.1344071862
       22.a.b    -0.1344071862
       22b..a    -0.1268397498
       22a..b    -0.1268397498
       a22b..    -0.1197496158
       b22a..    -0.1197496158
       b2baa.     0.1149713601
       a2abb.     0.1149713601
       2aabb.    -0.1098004120
       2bbaa.    -0.1098004120
       2baba.     0.0921276429
       2abab.     0.0921276429
       22.2..    -0.0907144767
       2baa.b     0.0804188113
       2abb.a     0.0804188113
       .22ab.    -0.0722569281
       .22ba.    -0.0722569281
       2.2ab.    -0.0630978487
       2.2ba.    -0.0630978487
       2aba.b     0.0592378396
       2bab.a     0.0592378396
       ab2a.b     0.0569980397
       ba2b.a     0.0569980397
       2a.b.2    -0.0539573746
       2b.a.2    -0.0539573746
       2a2..b     0.0521961234
       2b2..a     0.0521961234

     * ci vector, state   3, <S^2> = 0.0000
       222...     0.4193034389
       22ba..    -0.3088437864
       22ab..    -0.3088437864
       2abba.    -0.2093168002
       2baab.    -0.2093168002
       22.a.b    -0.2047970547
       22.b.a    -0.2047970547
       b22a..    -0.2004835658
       a22b..    -0.2004835658
       22b.a.     0.1841453705
       22a.b.     0.1841453705
       22.2..    -0.1654114974
       22.ab.    -0.1391099170
       22.ba.    -0.1391099170
       b2aab.     0.1242916706
       a2bba.     0.1242916706
       2baba.    -0.1073114946
       2abab.    -0.1073114946
       2aabb.     0.1020053055
       2bbaa.     0.1020053055
       22a..b    -0.0772541063
       22b..a    -0.0772541063
       2.2.2.    -0.0704228403
       b2baa.    -0.0667375933
       a2abb.    -0.0667375933
       .222..     0.0633587287
       ab2ab.    -0.0612360149
       ba2ba.    -0.0612360149
       a2bab.     0.0575540772
       b2aba.     0.0575540772
       ba2ab.    -0.0549005410
       ab2ba.    -0.0549005410

    * METHOD: CASSCF                              44.59

  Number of auxiliary basis functions:      884

  Since a DF basis is specified, we compute 2- and 3-index integrals:
    o Being stored without compression. Storage requirement is 0.645 GB
       - 3-index ints prep                         0.00
       - 3-index ints                              0.21
       - 2-index ints                              0.02
       - computing inverse                         0.35
        elapsed time:        0.59 sec.


  Number of basis functions:      302
  Number of electrons      :       68


    * METHOD: MOLECULE                             0.89

  ---------------------------
      CASSCF calculation     
  ---------------------------

 
    ==== Active orbitals : ===== 
         Orbital 32
         Orbital 33
         Orbital 34
         Orbital 35
         Orbital 36
         Orbital 37
    ============================ 

    * nstate   :      4
    * nclosed  :     31
    * nact     :      6
    * nvirt    :    265
  === CASSCF iteration (/home/miaoxin/software/bagel-1.2.2/obj/share/aug-cc-pVDZ.json) ===

    * Using the second-order algorithm

      0  0      -386.46468524     2.45e-02      0.52
      0  1      -386.31594186     0.00e+00      0.52
      0  2      -386.29814730     0.00e+00      0.52
      0  3      -386.26930692     0.00e+00      0.52

         res : 7.49e-01   lamb: 1.00e+00   eps : -3.90e-01   step: 2.12e-01    0.28
         res : 2.81e-01   lamb: 1.00e+00   eps : -4.39e-01   step: 2.35e-01    0.33
         res : 1.52e-01   lamb: 1.00e+00   eps : -4.48e-01   step: 2.45e-01    0.29
         res : 6.82e-02   lamb: 1.00e+00   eps : -4.50e-01   step: 2.51e-01    0.29
         res : 3.90e-02   lamb: 1.00e+00   eps : -4.50e-01   step: 2.54e-01    0.38
         res : 2.33e-02   lamb: 1.00e+00   eps : -4.50e-01   step: 2.55e-01    0.31
         res : 1.13e-02   lamb: 1.00e+00   eps : -4.50e-01   step: 2.55e-01    0.29
         res : 6.13e-03   lamb: 1.00e+00   eps : -4.50e-01   step: 2.55e-01    0.32
         res : 3.34e-03   lamb: 1.00e+00   eps : -4.50e-01   step: 2.55e-01    0.31
         res : 1.62e-03   lamb: 1.00e+00   eps : -4.50e-01   step: 2.55e-01    0.28
         res : 9.29e-04   lamb: 1.00e+00   eps : -4.50e-01   step: 2.55e-01    0.37
         res : 5.07e-04   lamb: 1.00e+00   eps : -4.50e-01   step: 2.55e-01    0.32
         res : 2.44e-04   lamb: 1.00e+00   eps : -4.50e-01   step: 2.55e-01    0.29
         res : 1.39e-04   lamb: 1.00e+00   eps : -4.50e-01   step: 2.55e-01    0.28
         res : 6.97e-05   lamb: 1.00e+00   eps : -4.50e-01   step: 2.55e-01    0.30
         res : 3.52e-05   lamb: 1.00e+00   eps : -4.50e-01   step: 2.55e-01    0.28
         res : 2.02e-05   lamb: 1.00e+00   eps : -4.50e-01   step: 2.55e-01    0.31

      1  0      -386.70496502     1.20e-03      7.63
      1  1      -386.55640893     0.00e+00      7.63
      1  2      -386.53657852     0.00e+00      7.63
      1  3      -386.51036769     0.00e+00      7.63

         res : 7.32e-02   lamb: 1.00e+00   eps : -4.56e-03   step: 6.63e-02    0.27
         res : 4.34e-02   lamb: 1.00e+00   eps : -5.90e-03   step: 8.86e-02    0.29
         res : 2.64e-02   lamb: 1.00e+00   eps : -6.42e-03   step: 9.89e-02    0.32
         res : 1.81e-02   lamb: 1.00e+00   eps : -6.61e-03   step: 1.03e-01    0.31
         res : 1.19e-02   lamb: 1.00e+00   eps : -6.71e-03   step: 1.06e-01    0.30
         res : 7.56e-03   lamb: 1.00e+00   eps : -6.75e-03   step: 1.08e-01    0.39
         res : 5.23e-03   lamb: 1.00e+00   eps : -6.76e-03   step: 1.08e-01    0.31
         res : 3.53e-03   lamb: 1.00e+00   eps : -6.77e-03   step: 1.09e-01    0.29
         res : 2.37e-03   lamb: 1.00e+00   eps : -6.77e-03   step: 1.09e-01    0.33
         res : 1.58e-03   lamb: 1.00e+00   eps : -6.77e-03   step: 1.09e-01    0.32
         res : 1.06e-03   lamb: 1.00e+00   eps : -6.77e-03   step: 1.09e-01    0.29
         res : 7.15e-04   lamb: 1.00e+00   eps : -6.78e-03   step: 1.09e-01    0.35
         res : 4.70e-04   lamb: 1.00e+00   eps : -6.78e-03   step: 1.09e-01    0.31
         res : 2.92e-04   lamb: 1.00e+00   eps : -6.78e-03   step: 1.09e-01    0.28
         res : 1.93e-04   lamb: 1.00e+00   eps : -6.78e-03   step: 1.09e-01    0.35
         res : 1.27e-04   lamb: 1.00e+00   eps : -6.78e-03   step: 1.09e-01    0.30
         res : 8.24e-05   lamb: 1.00e+00   eps : -6.78e-03   step: 1.09e-01    0.30
         res : 5.41e-05   lamb: 1.00e+00   eps : -6.78e-03   step: 1.09e-01    0.31
         res : 3.71e-05   lamb: 1.00e+00   eps : -6.78e-03   step: 1.09e-01    0.36
         res : 2.50e-05   lamb: 1.00e+00   eps : -6.78e-03   step: 1.09e-01    0.29
         res : 1.67e-05   lamb: 1.00e+00   eps : -6.78e-03   step: 1.09e-01    0.33
         res : 1.08e-05   lamb: 1.00e+00   eps : -6.78e-03   step: 1.09e-01    0.30

      2  0      -386.70638760     5.30e-05      9.38
      2  1      -386.56063785     0.00e+00      9.38
      2  2      -386.54052435     0.00e+00      9.38
      2  3      -386.51459363     0.00e+00      9.38

         res : 2.87e-03   lamb: 1.00e+00   eps : -1.41e-05   step: 5.37e-03    0.33
         res : 1.47e-03   lamb: 1.00e+00   eps : -1.71e-05   step: 7.39e-03    0.36
         res : 9.88e-04   lamb: 1.00e+00   eps : -1.81e-05   step: 7.84e-03    0.30
         res : 5.95e-04   lamb: 1.00e+00   eps : -1.84e-05   step: 7.96e-03    0.34
         res : 4.82e-04   lamb: 1.00e+00   eps : -1.86e-05   step: 8.10e-03    0.36
         res : 3.30e-04   lamb: 1.00e+00   eps : -1.87e-05   step: 8.19e-03    0.28
         res : 2.29e-04   lamb: 1.00e+00   eps : -1.87e-05   step: 8.21e-03    0.31
         res : 1.41e-04   lamb: 1.00e+00   eps : -1.87e-05   step: 8.19e-03    0.36
         res : 9.91e-05   lamb: 1.00e+00   eps : -1.87e-05   step: 8.19e-03    0.28
         res : 6.35e-05   lamb: 1.00e+00   eps : -1.87e-05   step: 8.19e-03    0.29
         res : 4.38e-05   lamb: 1.00e+00   eps : -1.87e-05   step: 8.19e-03    0.32
         res : 2.93e-05   lamb: 1.00e+00   eps : -1.87e-05   step: 8.19e-03    0.30
         res : 2.01e-05   lamb: 1.00e+00   eps : -1.87e-05   step: 8.19e-03    0.29
         res : 1.24e-05   lamb: 1.00e+00   eps : -1.87e-05   step: 8.19e-03    0.38
         res : 8.25e-06   lamb: 1.00e+00   eps : -1.87e-05   step: 8.19e-03    0.31
         res : 5.41e-06   lamb: 1.00e+00   eps : -1.87e-05   step: 8.19e-03    0.29
         res : 3.53e-06   lamb: 1.00e+00   eps : -1.87e-05   step: 8.19e-03    0.33
         res : 2.24e-06   lamb: 1.00e+00   eps : -1.87e-05   step: 8.19e-03    0.31
         res : 1.49e-06   lamb: 1.00e+00   eps : -1.87e-05   step: 8.19e-03    0.29
         res : 9.91e-07   lamb: 1.00e+00   eps : -1.87e-05   step: 8.19e-03    0.35
         res : 6.90e-07   lamb: 1.00e+00   eps : -1.87e-05   step: 8.19e-03    0.32

      3  0      -386.70621350     1.13e-05      9.09
      3  1      -386.56080451     0.00e+00      9.09
      3  2      -386.54061672     0.00e+00      9.09
      3  3      -386.51455398     0.00e+00      9.09

         res : 6.35e-04   lamb: 1.00e+00   eps : -9.66e-07   step: 1.55e-03    0.34
         res : 2.91e-04   lamb: 1.00e+00   eps : -1.10e-06   step: 1.98e-03    0.32
         res : 1.85e-04   lamb: 1.00e+00   eps : -1.14e-06   step: 2.08e-03    0.30
         res : 1.04e-04   lamb: 1.00e+00   eps : -1.15e-06   step: 2.10e-03    0.35
         res : 7.18e-05   lamb: 1.00e+00   eps : -1.16e-06   step: 2.13e-03    0.33
         res : 4.80e-05   lamb: 1.00e+00   eps : -1.16e-06   step: 2.14e-03    0.29
         res : 3.30e-05   lamb: 1.00e+00   eps : -1.16e-06   step: 2.15e-03    0.28
         res : 2.03e-05   lamb: 1.00e+00   eps : -1.16e-06   step: 2.15e-03    0.33
         res : 1.36e-05   lamb: 1.00e+00   eps : -1.16e-06   step: 2.14e-03    0.28
         res : 8.54e-06   lamb: 1.00e+00   eps : -1.16e-06   step: 2.14e-03    0.33
         res : 5.51e-06   lamb: 1.00e+00   eps : -1.16e-06   step: 2.14e-03    0.34
         res : 3.70e-06   lamb: 1.00e+00   eps : -1.16e-06   step: 2.14e-03    0.28
         res : 2.62e-06   lamb: 1.00e+00   eps : -1.16e-06   step: 2.14e-03    0.29
         res : 1.77e-06   lamb: 1.00e+00   eps : -1.16e-06   step: 2.14e-03    0.33
         res : 1.20e-06   lamb: 1.00e+00   eps : -1.16e-06   step: 2.14e-03    0.28
         res : 8.01e-07   lamb: 1.00e+00   eps : -1.16e-06   step: 2.14e-03    0.29
         res : 5.38e-07   lamb: 1.00e+00   eps : -1.16e-06   step: 2.14e-03    0.33
         res : 3.43e-07   lamb: 1.00e+00   eps : -1.16e-06   step: 2.14e-03    0.30
         res : 2.25e-07   lamb: 1.00e+00   eps : -1.16e-06   step: 2.14e-03    0.28
         res : 1.37e-07   lamb: 1.00e+00   eps : -1.16e-06   step: 2.14e-03    0.29

      4  0      -386.70617148     3.82e-06      8.64
      4  1      -386.56085119     0.00e+00      8.64
      4  2      -386.54065047     0.00e+00      8.64
      4  3      -386.51451862     0.00e+00      8.64

         res : 2.16e-04   lamb: 1.00e+00   eps : -1.02e-07   step: 4.83e-04    0.29
         res : 9.71e-05   lamb: 1.00e+00   eps : -1.18e-07   step: 6.40e-04    0.37
         res : 6.53e-05   lamb: 1.00e+00   eps : -1.22e-07   step: 6.78e-04    0.33
         res : 3.54e-05   lamb: 1.00e+00   eps : -1.23e-07   step: 6.90e-04    0.30
         res : 2.49e-05   lamb: 1.00e+00   eps : -1.24e-07   step: 6.99e-04    0.28
         res : 1.60e-05   lamb: 1.00e+00   eps : -1.24e-07   step: 7.04e-04    0.33
         res : 1.08e-05   lamb: 1.00e+00   eps : -1.24e-07   step: 7.05e-04    0.28
         res : 6.57e-06   lamb: 1.00e+00   eps : -1.24e-07   step: 7.05e-04    0.33
         res : 4.16e-06   lamb: 1.00e+00   eps : -1.24e-07   step: 7.05e-04    0.34
         res : 2.86e-06   lamb: 1.00e+00   eps : -1.24e-07   step: 7.04e-04    0.28
         res : 1.84e-06   lamb: 1.00e+00   eps : -1.24e-07   step: 7.04e-04    0.28
         res : 1.25e-06   lamb: 1.00e+00   eps : -1.24e-07   step: 7.04e-04    0.32
         res : 9.05e-07   lamb: 1.00e+00   eps : -1.24e-07   step: 7.04e-04    0.30
         res : 6.10e-07   lamb: 1.00e+00   eps : -1.24e-07   step: 7.04e-04    0.29
         res : 4.28e-07   lamb: 1.00e+00   eps : -1.24e-07   step: 7.04e-04    0.33
         res : 2.86e-07   lamb: 1.00e+00   eps : -1.24e-07   step: 7.04e-04    0.32
         res : 1.93e-07   lamb: 1.00e+00   eps : -1.24e-07   step: 7.04e-04    0.29
         res : 1.24e-07   lamb: 1.00e+00   eps : -1.24e-07   step: 7.04e-04    0.35
         res : 8.19e-08   lamb: 1.00e+00   eps : -1.24e-07   step: 7.04e-04    0.30
         res : 5.03e-08   lamb: 1.00e+00   eps : -1.24e-07   step: 7.04e-04    0.28

      5  0      -386.70615747     1.43e-06      8.69
      5  1      -386.56086726     0.00e+00      8.69
      5  2      -386.54066212     0.00e+00      8.69
      5  3      -386.51450524     0.00e+00      8.69

         res : 7.87e-05   lamb: 1.00e+00   eps : -1.23e-08   step: 1.57e-04    0.29
         res : 3.51e-05   lamb: 1.00e+00   eps : -1.45e-08   step: 2.17e-04    0.30
         res : 2.47e-05   lamb: 1.00e+00   eps : -1.50e-08   step: 2.32e-04    0.31
         res : 1.31e-05   lamb: 1.00e+00   eps : -1.52e-08   step: 2.37e-04    0.35
         res : 9.29e-06   lamb: 1.00e+00   eps : -1.53e-08   step: 2.41e-04    0.30
         res : 5.79e-06   lamb: 1.00e+00   eps : -1.53e-08   step: 2.43e-04    0.31
         res : 3.98e-06   lamb: 1.00e+00   eps : -1.53e-08   step: 2.43e-04    0.38
         res : 2.44e-06   lamb: 1.00e+00   eps : -1.53e-08   step: 2.43e-04    0.29
         res : 1.67e-06   lamb: 1.00e+00   eps : -1.53e-08   step: 2.43e-04    0.31
         res : 1.13e-06   lamb: 1.00e+00   eps : -1.53e-08   step: 2.43e-04    0.35
         res : 7.59e-07   lamb: 1.00e+00   eps : -1.53e-08   step: 2.43e-04    0.29
         res : 5.10e-07   lamb: 1.00e+00   eps : -1.53e-08   step: 2.43e-04    0.31
         res : 3.65e-07   lamb: 1.00e+00   eps : -1.53e-08   step: 2.43e-04    0.34
         res : 2.46e-07   lamb: 1.00e+00   eps : -1.53e-08   step: 2.43e-04    0.29
         res : 1.73e-07   lamb: 1.00e+00   eps : -1.53e-08   step: 2.43e-04    0.29
         res : 1.15e-07   lamb: 1.00e+00   eps : -1.53e-08   step: 2.43e-04    0.31
         res : 7.67e-08   lamb: 1.00e+00   eps : -1.53e-08   step: 2.43e-04    0.29
         res : 4.81e-08   lamb: 1.00e+00   eps : -1.53e-08   step: 2.43e-04    0.29
         res : 3.14e-08   lamb: 1.00e+00   eps : -1.53e-08   step: 2.43e-04    0.34
         res : 1.97e-08   lamb: 1.00e+00   eps : -1.53e-08   step: 2.43e-04    0.33

      6  0      -386.70615244     5.66e-07      8.75
      6  1      -386.56087326     0.00e+00      8.75
      6  2      -386.54066609     0.00e+00      8.75
      6  3      -386.51450035     0.00e+00      8.75

         res : 2.98e-05   lamb: 1.00e+00   eps : -1.68e-09   step: 5.34e-05    0.32
         res : 1.33e-05   lamb: 1.00e+00   eps : -1.99e-09   step: 7.66e-05    0.34
         res : 9.49e-06   lamb: 1.00e+00   eps : -2.08e-09   step: 8.26e-05    0.30
         res : 5.07e-06   lamb: 1.00e+00   eps : -2.10e-09   step: 8.48e-05    0.38
         res : 3.56e-06   lamb: 1.00e+00   eps : -2.11e-09   step: 8.62e-05    0.33
         res : 2.20e-06   lamb: 1.00e+00   eps : -2.11e-09   step: 8.70e-05    0.28
         res : 1.56e-06   lamb: 1.00e+00   eps : -2.11e-09   step: 8.73e-05    0.35
         res : 1.02e-06   lamb: 1.00e+00   eps : -2.12e-09   step: 8.73e-05    0.32
         res : 7.13e-07   lamb: 1.00e+00   eps : -2.12e-09   step: 8.72e-05    0.29
         res : 4.69e-07   lamb: 1.00e+00   eps : -2.12e-09   step: 8.72e-05    0.33
         res : 3.15e-07   lamb: 1.00e+00   eps : -2.12e-09   step: 8.72e-05    0.30
         res : 2.11e-07   lamb: 1.00e+00   eps : -2.12e-09   step: 8.71e-05    0.29
         res : 1.52e-07   lamb: 1.00e+00   eps : -2.12e-09   step: 8.71e-05    0.30
         res : 1.03e-07   lamb: 1.00e+00   eps : -2.12e-09   step: 8.71e-05    0.31
         res : 7.15e-08   lamb: 1.00e+00   eps : -2.12e-09   step: 8.71e-05    0.29
         res : 4.75e-08   lamb: 1.00e+00   eps : -2.12e-09   step: 8.72e-05    0.33
         res : 3.15e-08   lamb: 1.00e+00   eps : -2.12e-09   step: 8.71e-05    0.37
         res : 1.97e-08   lamb: 1.00e+00   eps : -2.12e-09   step: 8.72e-05    0.29
         res : 1.27e-08   lamb: 1.00e+00   eps : -2.12e-09   step: 8.72e-05    0.33
         res : 8.07e-09   lamb: 1.00e+00   eps : -2.12e-09   step: 8.72e-05    0.30

      7  0      -386.70615057     2.34e-07      8.85
      7  1      -386.56087562     0.00e+00      8.85
      7  2      -386.54066744     0.00e+00      8.85
      7  3      -386.51449852     0.00e+00      8.85

         res : 1.17e-05   lamb: 1.00e+00   eps : -2.59e-10   step: 1.95e-05    0.31
         res : 5.24e-06   lamb: 1.00e+00   eps : -3.08e-10   step: 2.85e-05    0.36
         res : 3.72e-06   lamb: 1.00e+00   eps : -3.20e-10   step: 3.08e-05    0.30
         res : 2.03e-06   lamb: 1.00e+00   eps : -3.24e-10   step: 3.17e-05    0.31
         res : 1.41e-06   lamb: 1.00e+00   eps : -3.26e-10   step: 3.23e-05    0.36
         res : 8.79e-07   lamb: 1.00e+00   eps : -3.26e-10   step: 3.26e-05    0.28
         res : 6.38e-07   lamb: 1.00e+00   eps : -3.26e-10   step: 3.27e-05    0.34
         res : 4.30e-07   lamb: 1.00e+00   eps : -3.27e-10   step: 3.27e-05    0.38
         res : 3.00e-07   lamb: 1.00e+00   eps : -3.27e-10   step: 3.27e-05    0.29
         res : 1.97e-07   lamb: 1.00e+00   eps : -3.27e-10   step: 3.27e-05    0.32
         res : 1.34e-07   lamb: 1.00e+00   eps : -3.27e-10   step: 3.27e-05    0.30
         res : 9.01e-08   lamb: 1.00e+00   eps : -3.27e-10   step: 3.27e-05    0.31
         res : 6.46e-08   lamb: 1.00e+00   eps : -3.27e-10   step: 3.27e-05    0.29
         res : 4.39e-08   lamb: 1.00e+00   eps : -3.27e-10   step: 3.27e-05    0.35
         res : 2.99e-08   lamb: 1.00e+00   eps : -3.27e-10   step: 3.27e-05    0.31
         res : 1.99e-08   lamb: 1.00e+00   eps : -3.27e-10   step: 3.27e-05    0.29
         res : 1.29e-08   lamb: 1.00e+00   eps : -3.27e-10   step: 3.27e-05    0.33
         res : 8.16e-09   lamb: 1.00e+00   eps : -3.27e-10   step: 3.27e-05    0.30
         res : 5.26e-09   lamb: 1.00e+00   eps : -3.27e-10   step: 3.27e-05    0.29
         res : 3.35e-09   lamb: 1.00e+00   eps : -3.27e-10   step: 3.27e-05    0.35

      8  0      -386.70614986     1.00e-07      8.76
      8  1      -386.56087659     0.00e+00      8.76
      8  2      -386.54066789     0.00e+00      8.76
      8  3      -386.51449782     0.00e+00      8.76

         res : 4.85e-06   lamb: 1.00e+00   eps : -4.45e-11   step: 7.66e-06    0.30
         res : 2.14e-06   lamb: 1.00e+00   eps : -5.29e-11   step: 1.12e-05    0.33
         res : 1.50e-06   lamb: 1.00e+00   eps : -5.49e-11   step: 1.21e-05    0.31
         res : 8.39e-07   lamb: 1.00e+00   eps : -5.55e-11   step: 1.25e-05    0.29
         res : 5.77e-07   lamb: 1.00e+00   eps : -5.58e-11   step: 1.27e-05    0.33
         res : 3.65e-07   lamb: 1.00e+00   eps : -5.58e-11   step: 1.29e-05    0.31
         res : 2.70e-07   lamb: 1.00e+00   eps : -5.59e-11   step: 1.29e-05    0.29
         res : 1.85e-07   lamb: 1.00e+00   eps : -5.59e-11   step: 1.29e-05    0.32
         res : 1.29e-07   lamb: 1.00e+00   eps : -5.59e-11   step: 1.29e-05    0.33
         res : 8.52e-08   lamb: 1.00e+00   eps : -5.59e-11   step: 1.29e-05    0.29
         res : 5.84e-08   lamb: 1.00e+00   eps : -5.59e-11   step: 1.29e-05    0.32
         res : 3.93e-08   lamb: 1.00e+00   eps : -5.59e-11   step: 1.29e-05    0.36
         res : 2.80e-08   lamb: 1.00e+00   eps : -5.59e-11   step: 1.29e-05    0.29
         res : 1.91e-08   lamb: 1.00e+00   eps : -5.59e-11   step: 1.29e-05    0.33
         res : 1.27e-08   lamb: 1.00e+00   eps : -5.59e-11   step: 1.29e-05    0.30
         res : 8.41e-09   lamb: 1.00e+00   eps : -5.59e-11   step: 1.29e-05    0.29
         res : 5.40e-09   lamb: 1.00e+00   eps : -5.59e-11   step: 1.29e-05    0.35
         res : 3.44e-09   lamb: 1.00e+00   eps : -5.59e-11   step: 1.29e-05    0.39

      9  0      -386.70614958     4.41e-08      8.28
      9  1      -386.56087700     0.00e+00      8.28
      9  2      -386.54066804     0.00e+00      8.28
      9  3      -386.51449754     0.00e+00      8.28

         res : 2.10e-06   lamb: 1.00e+00   eps : -8.36e-12   step: 3.23e-06    0.34
         res : 9.09e-07   lamb: 1.00e+00   eps : -9.92e-12   step: 4.70e-06    0.34
         res : 6.23e-07   lamb: 1.00e+00   eps : -1.03e-11   step: 5.05e-06    0.29
         res : 3.56e-07   lamb: 1.00e+00   eps : -1.04e-11   step: 5.20e-06    0.32
         res : 2.45e-07   lamb: 1.00e+00   eps : -1.04e-11   step: 5.29e-06    0.33
         res : 1.57e-07   lamb: 1.00e+00   eps : -1.04e-11   step: 5.34e-06    0.29
         res : 1.17e-07   lamb: 1.00e+00   eps : -1.04e-11   step: 5.36e-06    0.33
         res : 8.12e-08   lamb: 1.00e+00   eps : -1.04e-11   step: 5.36e-06    0.34
         res : 5.72e-08   lamb: 1.00e+00   eps : -1.04e-11   step: 5.36e-06    0.28
         res : 3.79e-08   lamb: 1.00e+00   eps : -1.05e-11   step: 5.36e-06    0.34
         res : 2.59e-08   lamb: 1.00e+00   eps : -1.05e-11   step: 5.36e-06    0.32
         res : 1.74e-08   lamb: 1.00e+00   eps : -1.05e-11   step: 5.36e-06    0.29
         res : 1.23e-08   lamb: 1.00e+00   eps : -1.05e-11   step: 5.36e-06    0.30
         res : 8.37e-09   lamb: 1.00e+00   eps : -1.05e-11   step: 5.36e-06    0.33
         res : 5.49e-09   lamb: 1.00e+00   eps : -1.05e-11   step: 5.36e-06    0.28
         res : 3.62e-09   lamb: 1.00e+00   eps : -1.05e-11   step: 5.36e-06    0.33

     10  0      -386.70614947     1.99e-08      7.56
     10  1      -386.56087718     0.00e+00      7.56
     10  2      -386.54066809     0.00e+00      7.56
     10  3      -386.51449742     0.00e+00      7.56

         res : 9.37e-07   lamb: 1.00e+00   eps : -1.68e-12   step: 1.43e-06    0.30
         res : 3.99e-07   lamb: 1.00e+00   eps : -1.98e-12   step: 2.07e-06    0.31
         res : 2.67e-07   lamb: 1.00e+00   eps : -2.04e-12   step: 2.21e-06    0.34
         res : 1.55e-07   lamb: 1.00e+00   eps : -2.07e-12   step: 2.26e-06    0.28
         res : 1.07e-07   lamb: 1.00e+00   eps : -2.07e-12   step: 2.30e-06    0.30
         res : 6.90e-08   lamb: 1.00e+00   eps : -2.08e-12   step: 2.32e-06    0.35
         res : 5.22e-08   lamb: 1.00e+00   eps : -2.08e-12   step: 2.32e-06    0.28
         res : 3.65e-08   lamb: 1.00e+00   eps : -2.08e-12   step: 2.33e-06    0.28
         res : 2.58e-08   lamb: 1.00e+00   eps : -2.08e-12   step: 2.32e-06    0.30
         res : 1.72e-08   lamb: 1.00e+00   eps : -2.08e-12   step: 2.32e-06    0.31
         res : 1.17e-08   lamb: 1.00e+00   eps : -2.08e-12   step: 2.32e-06    0.29
         res : 7.82e-09   lamb: 1.00e+00   eps : -2.08e-12   step: 2.32e-06    0.32
         res : 5.47e-09   lamb: 1.00e+00   eps : -2.08e-12   step: 2.32e-06    0.34
         res : 3.71e-09   lamb: 1.00e+00   eps : -2.08e-12   step: 2.32e-06    0.29

     11  0      -386.70614942     9.09e-09      6.81
     11  1      -386.56087726     0.00e+00      6.81
     11  2      -386.54066810     0.00e+00      6.81
     11  3      -386.51449737     0.00e+00      6.81

    * Second-order optimization converged. *   

    * Integral transformation done. Elapsed time: 0.36

     guess   0:   closed 111...               open ......              
     guess   1:   closed 11....               open ..11..              
     guess   2:   closed 11....               open ..1.1.              
     guess   3:   closed 1.1...               open .1.1..              

  === FCI iteration ===

      0  0      -386.64333734     8.82e-03      0.01
      0  1      -386.50140935     7.78e-03      0.00
      0  2      -386.40227986     8.58e-03      0.00
      0  3      -386.37786377     9.05e-03      0.00

      1  0      -386.69617493     4.15e-03      0.00
      1  1      -386.54514987     3.49e-03      0.00
      1  2      -386.47073804     6.22e-03      0.00
      1  3      -386.44854954     5.42e-03      0.00

      2  0      -386.70517890     1.46e-03      0.00
      2  1      -386.55462159     2.17e-03      0.00
      2  2      -386.51893724     5.25e-03      0.00
      2  3      -386.47933014     4.80e-03      0.00

      3  0      -386.70606029     4.70e-04      0.00
      3  1      -386.55923152     1.61e-03      0.00
      3  2      -386.53632188     2.63e-03      0.00
      3  3      -386.50497243     3.62e-03      0.00

      4  0      -386.70613846     1.42e-04      0.00
      4  1      -386.56064449     6.66e-04      0.00
      4  2      -386.54013652     9.11e-04      0.00
      4  3      -386.51311557     1.48e-03      0.00

      5  0      -386.70614760     5.10e-05      0.00
      5  1      -386.56084570     2.20e-04      0.00
      5  2      -386.54057976     3.58e-04      0.00
      5  3      -386.51426272     5.64e-04      0.00

      6  0      -386.70614912     2.14e-05      0.00
      6  1      -386.56087277     7.54e-05      0.00
      6  2      -386.54065148     1.48e-04      0.00
      6  3      -386.51446158     2.20e-04      0.00

      7  0      -386.70614938     8.33e-06      0.00
      7  1      -386.56087637     3.19e-05      0.00
      7  2      -386.54066531     6.07e-05      0.00
      7  3      -386.51448993     9.25e-05      0.00

      8  0      -386.70614942     2.80e-06      0.01
      8  1      -386.56087709     1.43e-05      0.00
      8  2      -386.54066757     2.48e-05      0.00
      8  3      -386.51449561     4.17e-05      0.00

      9  0      -386.70614942     6.96e-07      0.01
      9  1      -386.56087723     5.86e-06      0.00
      9  2      -386.54066802     1.06e-05      0.00
      9  3      -386.51449706     1.99e-05      0.00

     10  0      -386.70614942     1.61e-07      0.01
     10  1      -386.56087725     1.79e-06      0.00
     10  2      -386.54066809     3.40e-06      0.00
     10  3      -386.51449734     6.54e-06      0.00

     11  0      -386.70614942     3.35e-08      0.01
     11  1      -386.56087726     4.84e-07      0.00
     11  2      -386.54066810     9.57e-07      0.00
     11  3      -386.51449737     1.82e-06      0.00

     12  0      -386.70614942     7.74e-09      0.01
     12  1      -386.56087726     1.32e-07      0.00
     12  2      -386.54066810     2.63e-07      0.00
     12  3      -386.51449737     5.64e-07      0.00

     13  0      -386.70614942     1.66e-09      0.01
     13  1      -386.56087726     3.00e-08      0.00
     13  2      -386.54066810     6.77e-08      0.00
     13  3      -386.51449737     1.63e-07      0.00

     14  0      -386.70614942     3.63e-10      0.01
     14  1      -386.56087726     7.43e-09      0.00
     14  2      -386.54066810     1.65e-08      0.00
     14  3      -386.51449737     4.42e-08      0.00

     15  0 *    -386.70614942     7.17e-11      0.01
     15  1      -386.56087726     1.73e-09      0.00
     15  2      -386.54066810     4.33e-09      0.00
     15  3      -386.51449737     1.21e-08      0.00

     16  0 *    -386.70614942     4.74e-11      0.01
     16  1      -386.56087726     4.40e-10      0.00
     16  2      -386.54066810     1.24e-09      0.00
     16  3      -386.51449737     3.66e-09      0.00

     17  0 *    -386.70614942     4.50e-11      0.01
     17  1      -386.56087726     1.12e-10      0.00
     17  2      -386.54066810     3.06e-10      0.00
     17  3      -386.51449737     9.37e-10      0.00

     18  0 *    -386.70614942     4.49e-11      0.01
     18  1 *    -386.56087726     2.75e-11      0.00
     18  2 *    -386.54066810     7.01e-11      0.00
     18  3      -386.51449737     2.36e-10      0.00

     19  0 *    -386.70614942     4.49e-11      0.01
     19  1 *    -386.56087726     2.50e-11      0.00
     19  2 *    -386.54066810     5.21e-11      0.00
     19  3 *    -386.51449737     6.67e-11      0.00

     * ci vector, state   0, <S^2> = -0.0000
       222...    -0.7495030689
       22ab..     0.3914172933
       22ba..     0.3914172933
       2.2.2.     0.0900511804
       a2bb.a    -0.0814683440
       b2aa.b    -0.0814683440
       a22b..    -0.0610830452
       b22a..    -0.0610830452
       22...2     0.0511716940
       .22..2     0.0510821427

     * ci vector, state   1, <S^2> = -0.0000
       22ab..     0.4389037837
       22ba..     0.4389037837
       222...     0.4105023266
       b22a..     0.2051878899
       a22b..     0.2051878899
       2a2b..    -0.1831926773
       2b2a..    -0.1831926773
       22b.a.    -0.1510578403
       22a.b.    -0.1510578403
       22.a.b    -0.1505652740
       22.b.a    -0.1505652740
       2abba.    -0.1381250556
       2baab.    -0.1381250556
       22...2    -0.0955473690
       22a..b     0.0822786135
       22b..a     0.0822786135
       2aabb.     0.0806989207
       2bbaa.     0.0806989207
       2.ab2.    -0.0719236816
       2.ba2.    -0.0719236816
       2ba2..    -0.0710505870
       2ab2..    -0.0710505870
       .22b.a     0.0602658898
       .22a.b     0.0602658898
       2baba.    -0.0574261349
       2abab.    -0.0574261349
       a2bb.a    -0.0524436171
       b2aa.b    -0.0524436171
       2.2.2.    -0.0513667970

     * ci vector, state   2, <S^2> = -0.0000
       2b2a..     0.3299436863
       2a2b..     0.3299436863
       22.ab.    -0.2767925446
       22.ba.    -0.2767925446
       222...     0.2184438420
       22.b.a     0.1777757223
       22.a.b     0.1777757223
       a22b..    -0.1777107588
       b22a..    -0.1777107588
       2abba.    -0.1581926431
       2baab.    -0.1581926431
       22b..a    -0.1535985022
       22a..b    -0.1535985022
       b2aab.    -0.1509372233
       a2bba.    -0.1509372233
       22ab..     0.1240519152
       22ba..     0.1240519152
       22a.b.    -0.1209904611
       22b.a.    -0.1209904611
       22.2..    -0.1173701882
       a2abb.     0.1101132359
       b2baa.     0.1101132359
       2baa.b    -0.0849652954
       2abb.a    -0.0849652954
       2aabb.     0.0833575503
       2bbaa.     0.0833575503
       2baba.    -0.0748350929
       2abab.    -0.0748350929
       .22ba.     0.0720480504
       .22ab.     0.0720480504
       ba2b.a     0.0650376523
       ab2a.b     0.0650376523
       2a.b.2     0.0640752269
       2b.a.2     0.0640752269
       2aba.b    -0.0631135258
       2bab.a    -0.0631135258
       2a2..b     0.0591339029
       2b2..a     0.0591339029
       ab2b.a     0.0565987121
       ba2a.b     0.0565987121
       2.2ba.     0.0563507756
       2.2ab.     0.0563507756
       .222..     0.0550375327
       2.22..    -0.0517678663

     * ci vector, state   3, <S^2> = 0.0000
       222...     0.3547513366
       22ba..     0.2648580636
       22ab..     0.2648580636
       b22a..    -0.2308592439
       a22b..    -0.2308592439
       2abba.     0.2250885056
       2baab.     0.2250885056
       22b.a.     0.2249720910
       22a.b.     0.2249720910
       22.a.b     0.2159477097
       22.b.a     0.2159477097
       22.2..    -0.1634970911
       22.ab.     0.1344143650
       22.ba.     0.1344143650
       b2aab.     0.1321706812
       a2bba.     0.1321706812
       2baba.     0.1155694133
       2abab.     0.1155694133
       2aabb.    -0.1095190923
       2bbaa.    -0.1095190923
       22a..b    -0.0753254398
       22b..a    -0.0753254398
       b2baa.    -0.0690333612
       a2abb.    -0.0690333612
       .222..     0.0670347782
       ab2ab.    -0.0667292223
       ba2ba.    -0.0667292223
       2.2.2.    -0.0643954964
       a2bab.     0.0631373200
       b2aba.     0.0631373200
       ba2ab.    -0.0596004592
       ab2ba.    -0.0596004592

    * METHOD: CASSCF                              94.40

  === SMITH program ===

    * freezing 10 orbitals
    * SS-SR internal contraction is used

    * Approximate memory requirement for SMITH calulation per MPI process:
      o Storage requirement for T-amplitude, lambda, and residual is 0.14 GB
      o Storage requirement for MO integrals is 0.02 GB
       - MO integral evaluation                    4.83

  ++ State-averaged Fock matrix over basis states ++

                         0                   1                   2                   3
     0       -1.6197370042        0.0454708387        0.0322724614        0.0601938508
     1        0.0454708387       -1.4037257181       -0.0551040239       -0.1412750296
     2        0.0322724614       -0.0551040239       -1.2450545152       -0.0723859634
     3        0.0601938508       -0.1412750296       -0.0723859634       -1.3012286359


  ++ Extended multi-state CASPT2 (XMS-CASPT2) rotation matrix ++

                         0                   1                   2                   3
     0       -0.8660115464        0.4961114158       -0.0560288058        0.0275361114
     1        0.3531459306        0.6948118787        0.5284490298       -0.3365501862
     2        0.1662839499        0.2337803816       -0.7761245301       -0.5615399317
     3        0.3125085618        0.4652490187       -0.3394600265        0.7554128936


  ++ Reference energies in XMS basis ++

                         0                   1                   2                   3
     0     -386.6647395683        0.0699434531       -0.0145771419        0.0125262525
     1        0.0699434531     -386.5854888601       -0.0069536760        0.0116628894
     2       -0.0145771419       -0.0069536760     -386.5438154260       -0.0028615273
     3        0.0125262525        0.0116628894       -0.0028615273     -386.5281482953

    * Calculating and saving rdm4f

    - linear dependency detected:    1 /   72    min eigenvalue:     1.1022e-15    max eigenvalue:     1.1022e-15
    - linear dependency detected:    1 /   72    min eigenvalue:    -1.2519e-15    max eigenvalue:    -1.2519e-15
    - linear dependency detected:    1 /   72    min eigenvalue:     2.8878e-16    max eigenvalue:     2.8878e-16
    - linear dependency detected:    1 /   72    min eigenvalue:     4.0182e-16    max eigenvalue:     4.0182e-16
    - linear dependency detected:   10 /  216    min eigenvalue:    -5.9484e-15    max eigenvalue:     6.7150e-10
    - linear dependency detected:    7 /  216    min eigenvalue:    -9.4978e-15    max eigenvalue:     6.3919e-12
    - linear dependency detected:    8 /  216    min eigenvalue:    -3.6584e-15    max eigenvalue:     8.2503e-10
    - linear dependency detected:    8 /  216    min eigenvalue:    -3.9847e-15    max eigenvalue:     5.7740e-10
    - linear dependency detected:   10 /  216    min eigenvalue:    -9.3058e-16    max eigenvalue:     8.5609e-10
    - linear dependency detected:    8 /  216    min eigenvalue:    -1.2090e-15    max eigenvalue:     9.9022e-10
    - linear dependency detected:    7 /  216    min eigenvalue:    -4.7505e-17    max eigenvalue:     6.2208e-11
    - linear dependency detected:    7 /  216    min eigenvalue:    -2.9619e-16    max eigenvalue:     1.0752e-10
       - RDM + denominator evaluation              2.01

    * Zeroth order energy : state  0       -1.6661975022
    * Zeroth order energy : state  1       -1.4843974916
    * Zeroth order energy : state  2       -1.2368654757
    * Zeroth order energy : state  3       -1.1822854039

    * CASPT2 iteration is performed using redundant basis

      ---- iteration ----

        0    -1.12537610     0.00112370      3.09
        1    -1.12608029     0.00007401      3.39
        2    -1.12608504     0.00000680      3.38
        3    -1.12608509     0.00000080      3.44

        0    -1.12876596     0.00102533      3.64
        1    -1.12944252     0.00006860      3.36
        2    -1.12944732     0.00000642      3.31
        3    -1.12944737     0.00000073      3.47

        0    -1.10688542     0.00094260      3.65
        1    -1.10749783     0.00006668      3.42
        2    -1.10750295     0.00000673      3.30
        3    -1.10750301     0.00000078      3.43

        0    -1.11027731     0.00087263      3.61
        1    -1.11084322     0.00006602      3.30
        2    -1.11084892     0.00000888      3.38
        3    -1.11084901     0.00000098      3.37

      -------------------

       - CASPT2 energy evaluation                 56.67

    * CASPT2 energy : state  0     -387.9658505565
        w/o shift correction       -387.7908246601
        reference weight              0.7407123233

    * CASPT2 energy : state  1     -387.8929094489
        w/o shift correction       -387.7149362333
        reference weight              0.7374922615

    * CASPT2 energy : state  2     -387.8247269419
        w/o shift correction       -387.6513184371
        reference weight              0.7424913652

    * CASPT2 energy : state  3     -387.8158373603
        w/o shift correction       -387.6389973051
        reference weight              0.7387269654


    * MS-CASPT2 Heff
           -387.9658505565        0.0453280315       -0.0075937873        0.0090512614
              0.0453280315     -387.8929094489       -0.0044637831        0.0097667985
             -0.0075937873       -0.0044637831     -387.8247269419       -0.0018340860
              0.0090512614        0.0097667985       -0.0018340860     -387.8158373603


    * MS-CASPT2 rotation matrix
             -0.9031477468        0.4072570069       -0.0480870392        0.1270964773
              0.4276597906        0.8803232139       -0.0508674745        0.1988734338
             -0.0300930551        0.1325706767        0.9506293909       -0.2789680713
              0.0229272559       -0.2039553509        0.3023307754        0.9308451310


    * XMS-CASPT2 rotation matrix
              0.9966206865        0.0710052118       -0.0285296192        0.0298584670
             -0.0454186669        0.8941782376        0.3482846329       -0.2776332808
             -0.0397191170        0.2851603202       -0.9274655128       -0.2385659366
             -0.0557381715        0.3377678657       -0.1330097664        0.9301153301

    * MS-CASPT2 energy : state  0     -387.9877971509
    * MS-CASPT2 energy : state  1     -387.8748747082
    * MS-CASPT2 energy : state  2     -387.8246872592
    * MS-CASPT2 energy : state  3     -387.8119651891



    * METHOD: SMITH                               82.62


  
  ===============================================================

