--------------------------------------------------
JOB FRONT-END 484547 on wux54
SLURM ENVIRONMENT
--------------------------------------------------
SLURM_JOB_ID                   = 484547              
SLURM_ARRAY_JOB_ID             = N/A                 
SLURM_ARRAY_TASK_ID            = N/A                 
SLURM_JOB_NAME                 = bagel-chain         
SLURM_JOB_PARTITION            = wux5x               
SLURM_JOB_NUM_NODES            = 1                   
SLURM_JOB_CPUS_PER_NODE        = 20                  
SLURM_NTASKS                   = 20                  
SLURM_NTASKS_PER_NODE          = N/A                 
--------------------------------------------------
--------------------------------------------------
PBS ENVIRONMENT
--------------------------------------------------
PBS_JOBID                      = 484547              
PBS_ARRAYID                    = N/A                 
PBS_JOBNAME                    = bagel-chain         
PBS_QUEUE                      = wux5x               
PBS_NUM_NODES                  = 1                   
PBS_NUM_PPN                    = 1                   
PBS_NP                         = 20                  
PBS_NODEFILE                   = /tmp/484547/nodes   
--------------------------------------------------
  * process grid (5, 4) will be used
    wux54                           
    wux54                           
    wux54                           
    wux54                           
    wux54                           
    wux54                           
    wux54                           
    wux54                           
    wux54                           
    wux54                           
    wux54                           
    wux54                           
    wux54                           
    wux54                           
    wux54                           
    wux54                           
    wux54                           
    wux54                           
    wux54                           
    wux54                           

  * using 20 threads per process

  ===============================================================
    BAGEL - Freshly leavened quantum chemistry                   
  ===============================================================

  *** Geometry ***

  { "atom" : "C", "xyz" : [      4.537293,     -1.102536,      1.429141 ] },
  { "atom" : "C", "xyz" : [      4.177607,      1.581064,      1.735571 ] },
  { "atom" : "C", "xyz" : [      1.854433,      2.690825,      1.192664 ] },
  { "atom" : "N", "xyz" : [     -0.113239,      1.131025,      0.609664 ] },
  { "atom" : "B", "xyz" : [     -0.008521,     -1.607550,      0.565992 ] },
  { "atom" : "C", "xyz" : [      2.562076,     -2.800191,      0.962809 ] },
  { "atom" : "C", "xyz" : [     -2.399473,     -1.900129,     -1.293220 ] },
  { "atom" : "C", "xyz" : [     -5.116742,     -1.091013,     -0.774828 ] },
  { "atom" : "C", "xyz" : [     -4.699960,      1.451823,     -0.988558 ] },
  { "atom" : "C", "xyz" : [     -1.932926,      1.096731,     -1.568561 ] },
  { "atom" : "H", "xyz" : [      6.496343,     -1.785971,      1.460790 ] },
  { "atom" : "H", "xyz" : [      5.789474,      2.783091,      2.199169 ] },
  { "atom" : "H", "xyz" : [      1.571300,      4.742959,      1.165624 ] },
  { "atom" : "H", "xyz" : [      3.029891,     -4.781990,      0.590529 ] },
  { "atom" : "H", "xyz" : [     -2.054912,     -3.170008,     -2.893136 ] },
  { "atom" : "H", "xyz" : [     -6.831700,     -2.200653,     -0.415560 ] },
  { "atom" : "H", "xyz" : [     -5.823423,      3.161307,     -0.678516 ] },
  { "atom" : "H", "xyz" : [     -1.037522,      1.801215,     -3.299576 ] },

  Number of auxiliary basis functions:      884

  Since a DF basis is specified, we compute 2- and 3-index integrals:
    o Being stored without compression. Storage requirement is 0.645 GB
       - 3-index ints prep                         0.00
       - 3-index ints                              0.16
       - 2-index ints                              0.01
       - computing inverse                         0.10
        elapsed time:        0.27 sec.


  Number of basis functions:      302
  Number of electrons      :       68


    * METHOD: MOLECULE                             0.30

       - 3-index ints prep                         0.00
       - 3-index ints                              0.13
       - 2-index ints                              0.01
       - computing inverse                         0.07

  Using the coefficient projected to the input geometry 


    * METHOD: LOAD_REF                             0.32

  ---------------------------
      CASSCF calculation     
  ---------------------------

    * nstate   :      2
    * nclosed  :     28
    * nact     :     12
    * nvirt    :    262
  === CASSCF iteration (/home/buehlerm/software/bagel/installation/share/aug-cc-pVDZ.json) ===

    * Using the second-order algorithm

      0  0      -386.75043773     1.36e-02     15.45
      0  1      -386.57777123     0.00e+00     15.45

         res : 9.43e-02   lamb: 1.00e+00   eps : -1.15e-01   step: 1.36e-01    0.07
         res : 3.30e-02   lamb: 1.00e+00   eps : -1.16e-01   step: 1.36e-01    0.06
         res : 8.95e-03   lamb: 1.00e+00   eps : -1.17e-01   step: 1.38e-01    0.06
         res : 2.76e-03   lamb: 1.00e+00   eps : -1.17e-01   step: 1.38e-01    0.06
         res : 7.78e-04   lamb: 1.00e+00   eps : -1.17e-01   step: 1.38e-01    0.06
         res : 2.55e-04   lamb: 1.00e+00   eps : -1.17e-01   step: 1.38e-01    0.06
         res : 7.85e-05   lamb: 1.00e+00   eps : -1.17e-01   step: 1.38e-01    0.06
         res : 2.35e-05   lamb: 1.00e+00   eps : -1.17e-01   step: 1.38e-01    0.06
         res : 8.66e-06   lamb: 1.00e+00   eps : -1.17e-01   step: 1.38e-01    0.06

      1  0      -386.81002647     2.31e-04     16.36
      1  1      -386.63710633     0.00e+00     16.36

         res : 1.27e-02   lamb: 1.00e+00   eps : -3.10e-04   step: 3.43e-02    0.06
         res : 4.12e-03   lamb: 1.00e+00   eps : -3.50e-04   step: 4.40e-02    0.06
         res : 1.57e-03   lamb: 1.00e+00   eps : -3.59e-04   step: 4.89e-02    0.06
         res : 9.69e-04   lamb: 1.00e+00   eps : -3.61e-04   step: 5.06e-02    0.06
         res : 5.48e-04   lamb: 1.00e+00   eps : -3.61e-04   step: 5.14e-02    0.06
         res : 2.99e-04   lamb: 1.00e+00   eps : -3.61e-04   step: 5.16e-02    0.06
         res : 1.55e-04   lamb: 1.00e+00   eps : -3.61e-04   step: 5.16e-02    0.06
         res : 8.66e-05   lamb: 1.00e+00   eps : -3.61e-04   step: 5.16e-02    0.06
         res : 4.79e-05   lamb: 1.00e+00   eps : -3.61e-04   step: 5.16e-02    0.06
         res : 2.45e-05   lamb: 1.00e+00   eps : -3.61e-04   step: 5.16e-02    0.06
         res : 1.10e-05   lamb: 1.00e+00   eps : -3.61e-04   step: 5.16e-02    0.06
         res : 4.14e-06   lamb: 1.00e+00   eps : -3.61e-04   step: 5.16e-02    0.06

      2  0      -386.81024840     5.67e-05     16.36
      2  1      -386.63727303     0.00e+00     16.36

         res : 2.20e-03   lamb: 1.00e+00   eps : -8.54e-06   step: 4.08e-03    0.06
         res : 6.63e-04   lamb: 1.00e+00   eps : -1.02e-05   step: 7.03e-03    0.06
         res : 2.99e-04   lamb: 1.00e+00   eps : -1.04e-05   step: 7.68e-03    0.06
         res : 1.11e-04   lamb: 1.00e+00   eps : -1.05e-05   step: 7.82e-03    0.06
         res : 5.06e-05   lamb: 1.00e+00   eps : -1.05e-05   step: 7.86e-03    0.06
         res : 2.28e-05   lamb: 1.00e+00   eps : -1.05e-05   step: 7.87e-03    0.06
         res : 1.21e-05   lamb: 1.00e+00   eps : -1.05e-05   step: 7.87e-03    0.06
         res : 7.72e-06   lamb: 1.00e+00   eps : -1.05e-05   step: 7.87e-03    0.06
         res : 4.43e-06   lamb: 1.00e+00   eps : -1.05e-05   step: 7.87e-03    0.06
         res : 2.26e-06   lamb: 1.00e+00   eps : -1.05e-05   step: 7.87e-03    0.06
         res : 1.02e-06   lamb: 1.00e+00   eps : -1.05e-05   step: 7.87e-03    0.06
         res : 4.87e-07   lamb: 1.00e+00   eps : -1.05e-05   step: 7.87e-03    0.06

      3  0      -386.81029132     2.51e-05     16.42
      3  1      -386.63724570     0.00e+00     16.42

         res : 1.21e-03   lamb: 1.00e+00   eps : -2.23e-06   step: 2.45e-03    0.06
         res : 3.08e-04   lamb: 1.00e+00   eps : -2.71e-06   step: 4.03e-03    0.06
         res : 1.44e-04   lamb: 1.00e+00   eps : -2.76e-06   step: 4.29e-03    0.06
         res : 5.19e-05   lamb: 1.00e+00   eps : -2.77e-06   step: 4.34e-03    0.06
         res : 2.16e-05   lamb: 1.00e+00   eps : -2.77e-06   step: 4.36e-03    0.06
         res : 9.19e-06   lamb: 1.00e+00   eps : -2.77e-06   step: 4.36e-03    0.06
         res : 3.68e-06   lamb: 1.00e+00   eps : -2.77e-06   step: 4.36e-03    0.06
         res : 1.69e-06   lamb: 1.00e+00   eps : -2.77e-06   step: 4.36e-03    0.06
         res : 9.40e-07   lamb: 1.00e+00   eps : -2.77e-06   step: 4.36e-03    0.06
         res : 5.92e-07   lamb: 1.00e+00   eps : -2.77e-06   step: 4.36e-03    0.06
         res : 3.34e-07   lamb: 1.00e+00   eps : -2.77e-06   step: 4.36e-03    0.06

      4  0      -386.81031827     1.31e-05     16.18
      4  1      -386.63722309     0.00e+00     16.18

         res : 7.21e-04   lamb: 1.00e+00   eps : -7.31e-07   step: 1.52e-03    0.06
         res : 1.69e-04   lamb: 1.00e+00   eps : -8.87e-07   step: 2.41e-03    0.06
         res : 7.91e-05   lamb: 1.00e+00   eps : -9.03e-07   step: 2.54e-03    0.06
         res : 2.90e-05   lamb: 1.00e+00   eps : -9.05e-07   step: 2.57e-03    0.06
         res : 1.13e-05   lamb: 1.00e+00   eps : -9.06e-07   step: 2.58e-03    0.06
         res : 5.02e-06   lamb: 1.00e+00   eps : -9.06e-07   step: 2.58e-03    0.06
         res : 1.92e-06   lamb: 1.00e+00   eps : -9.06e-07   step: 2.58e-03    0.06
         res : 7.46e-07   lamb: 1.00e+00   eps : -9.06e-07   step: 2.58e-03    0.06
         res : 3.09e-07   lamb: 1.00e+00   eps : -9.06e-07   step: 2.58e-03    0.06
         res : 1.36e-07   lamb: 1.00e+00   eps : -9.06e-07   step: 2.58e-03    0.06

      5  0      -386.81033452     7.33e-06     16.19
      5  1      -386.63720827     0.00e+00     16.19

         res : 4.29e-04   lamb: 1.00e+00   eps : -2.52e-07   step: 9.25e-04    0.06
         res : 9.81e-05   lamb: 1.00e+00   eps : -3.05e-07   step: 1.43e-03    0.06
         res : 4.54e-05   lamb: 1.00e+00   eps : -3.10e-07   step: 1.51e-03    0.06
         res : 1.69e-05   lamb: 1.00e+00   eps : -3.11e-07   step: 1.52e-03    0.06
         res : 6.46e-06   lamb: 1.00e+00   eps : -3.11e-07   step: 1.53e-03    0.06
         res : 2.92e-06   lamb: 1.00e+00   eps : -3.11e-07   step: 1.53e-03    0.06
         res : 1.12e-06   lamb: 1.00e+00   eps : -3.11e-07   step: 1.53e-03    0.06
         res : 4.45e-07   lamb: 1.00e+00   eps : -3.11e-07   step: 1.53e-03    0.06
         res : 2.00e-07   lamb: 1.00e+00   eps : -3.11e-07   step: 1.53e-03    0.06
         res : 1.09e-07   lamb: 1.00e+00   eps : -3.11e-07   step: 1.53e-03    0.06

      6  0      -386.81034415     4.25e-06     16.12
      6  1      -386.63719914     0.00e+00     16.12

         res : 2.54e-04   lamb: 1.00e+00   eps : -8.80e-08   step: 5.54e-04    0.06
         res : 5.79e-05   lamb: 1.00e+00   eps : -1.06e-07   step: 8.48e-04    0.06
         res : 2.66e-05   lamb: 1.00e+00   eps : -1.08e-07   step: 8.94e-04    0.06
         res : 9.91e-06   lamb: 1.00e+00   eps : -1.08e-07   step: 9.02e-04    0.06
         res : 3.78e-06   lamb: 1.00e+00   eps : -1.08e-07   step: 9.06e-04    0.06
         res : 1.72e-06   lamb: 1.00e+00   eps : -1.08e-07   step: 9.06e-04    0.06
         res : 6.67e-07   lamb: 1.00e+00   eps : -1.08e-07   step: 9.05e-04    0.06
         res : 2.65e-07   lamb: 1.00e+00   eps : -1.08e-07   step: 9.05e-04    0.06
         res : 1.23e-07   lamb: 1.00e+00   eps : -1.08e-07   step: 9.05e-04    0.07
         res : 7.10e-08   lamb: 1.00e+00   eps : -1.08e-07   step: 9.05e-04    0.07

      7  0      -386.81034983     2.49e-06     16.35
      7  1      -386.63719363     0.00e+00     16.35

         res : 1.50e-04   lamb: 1.00e+00   eps : -3.08e-08   step: 3.30e-04    0.07
         res : 3.43e-05   lamb: 1.00e+00   eps : -3.71e-08   step: 5.02e-04    0.06
         res : 1.56e-05   lamb: 1.00e+00   eps : -3.78e-08   step: 5.29e-04    0.06
         res : 5.85e-06   lamb: 1.00e+00   eps : -3.79e-08   step: 5.34e-04    0.06
         res : 2.23e-06   lamb: 1.00e+00   eps : -3.79e-08   step: 5.36e-04    0.06
         res : 1.02e-06   lamb: 1.00e+00   eps : -3.79e-08   step: 5.36e-04    0.06
         res : 3.95e-07   lamb: 1.00e+00   eps : -3.79e-08   step: 5.36e-04    0.06
         res : 1.57e-07   lamb: 1.00e+00   eps : -3.79e-08   step: 5.36e-04    0.06
         res : 7.30e-08   lamb: 1.00e+00   eps : -3.79e-08   step: 5.36e-04    0.06
         res : 4.21e-08   lamb: 1.00e+00   eps : -3.79e-08   step: 5.36e-04    0.06

      8  0      -386.81035318     1.47e-06     16.30
      8  1      -386.63719034     0.00e+00     16.30

         res : 8.91e-05   lamb: 1.00e+00   eps : -1.08e-08   step: 1.96e-04    0.06
         res : 2.03e-05   lamb: 1.00e+00   eps : -1.30e-08   step: 2.97e-04    0.06
         res : 9.25e-06   lamb: 1.00e+00   eps : -1.32e-08   step: 3.13e-04    0.06
         res : 3.46e-06   lamb: 1.00e+00   eps : -1.33e-08   step: 3.16e-04    0.06
         res : 1.32e-06   lamb: 1.00e+00   eps : -1.33e-08   step: 3.17e-04    0.06
         res : 6.02e-07   lamb: 1.00e+00   eps : -1.33e-08   step: 3.17e-04    0.06
         res : 2.34e-07   lamb: 1.00e+00   eps : -1.33e-08   step: 3.17e-04    0.06
         res : 9.30e-08   lamb: 1.00e+00   eps : -1.33e-08   step: 3.17e-04    0.06
         res : 4.29e-08   lamb: 1.00e+00   eps : -1.33e-08   step: 3.17e-04    0.06
         res : 2.46e-08   lamb: 1.00e+00   eps : -1.33e-08   step: 3.17e-04    0.06

      9  0      -386.81035516     8.69e-07     16.22
      9  1      -386.63718839     0.00e+00     16.22

         res : 5.27e-05   lamb: 1.00e+00   eps : -3.79e-09   step: 1.16e-04    0.06
         res : 1.20e-05   lamb: 1.00e+00   eps : -4.56e-09   step: 1.76e-04    0.06
         res : 5.47e-06   lamb: 1.00e+00   eps : -4.64e-09   step: 1.85e-04    0.06
         res : 2.05e-06   lamb: 1.00e+00   eps : -4.65e-09   step: 1.87e-04    0.06
         res : 7.84e-07   lamb: 1.00e+00   eps : -4.65e-09   step: 1.88e-04    0.06
         res : 3.57e-07   lamb: 1.00e+00   eps : -4.66e-09   step: 1.88e-04    0.06
         res : 1.39e-07   lamb: 1.00e+00   eps : -4.66e-09   step: 1.88e-04    0.06
         res : 5.51e-08   lamb: 1.00e+00   eps : -4.66e-09   step: 1.88e-04    0.06
         res : 2.53e-08   lamb: 1.00e+00   eps : -4.66e-09   step: 1.88e-04    0.06
         res : 1.44e-08   lamb: 1.00e+00   eps : -4.66e-09   step: 1.88e-04    0.06

     10  0      -386.81035632     5.15e-07     16.26
     10  1      -386.63718723     0.00e+00     16.26

         res : 3.12e-05   lamb: 1.00e+00   eps : -1.33e-09   step: 6.87e-05    0.06
         res : 7.13e-06   lamb: 1.00e+00   eps : -1.60e-09   step: 1.04e-04    0.06
         res : 3.24e-06   lamb: 1.00e+00   eps : -1.63e-09   step: 1.10e-04    0.06
         res : 1.21e-06   lamb: 1.00e+00   eps : -1.63e-09   step: 1.11e-04    0.06
         res : 4.65e-07   lamb: 1.00e+00   eps : -1.63e-09   step: 1.11e-04    0.06
         res : 2.11e-07   lamb: 1.00e+00   eps : -1.63e-09   step: 1.11e-04    0.06
         res : 8.25e-08   lamb: 1.00e+00   eps : -1.63e-09   step: 1.11e-04    0.06
         res : 3.26e-08   lamb: 1.00e+00   eps : -1.63e-09   step: 1.11e-04    0.06
         res : 1.49e-08   lamb: 1.00e+00   eps : -1.63e-09   step: 1.11e-04    0.06
         res : 8.43e-09   lamb: 1.00e+00   eps : -1.63e-09   step: 1.11e-04    0.06

     11  0      -386.81035702     3.05e-07     16.14
     11  1      -386.63718654     0.00e+00     16.14

         res : 1.85e-05   lamb: 1.00e+00   eps : -4.66e-10   step: 4.07e-05    0.06
         res : 4.23e-06   lamb: 1.00e+00   eps : -5.61e-10   step: 6.17e-05    0.06
         res : 1.92e-06   lamb: 1.00e+00   eps : -5.71e-10   step: 6.50e-05    0.06
         res : 7.17e-07   lamb: 1.00e+00   eps : -5.72e-10   step: 6.56e-05    0.06
         res : 2.75e-07   lamb: 1.00e+00   eps : -5.73e-10   step: 6.59e-05    0.06
         res : 1.25e-07   lamb: 1.00e+00   eps : -5.73e-10   step: 6.59e-05    0.06
         res : 4.89e-08   lamb: 1.00e+00   eps : -5.73e-10   step: 6.59e-05    0.06
         res : 1.93e-08   lamb: 1.00e+00   eps : -5.73e-10   step: 6.59e-05    0.06
         res : 8.83e-09   lamb: 1.00e+00   eps : -5.73e-10   step: 6.59e-05    0.06
         res : 4.97e-09   lamb: 1.00e+00   eps : -5.73e-10   step: 6.59e-05    0.06

     12  0      -386.81035742     1.80e-07     16.12
     12  1      -386.63718613     0.00e+00     16.12

         res : 1.09e-05   lamb: 1.00e+00   eps : -1.64e-10   step: 2.41e-05    0.06
         res : 2.50e-06   lamb: 1.00e+00   eps : -1.97e-10   step: 3.65e-05    0.06
         res : 1.14e-06   lamb: 1.00e+00   eps : -2.00e-10   step: 3.85e-05    0.06
         res : 4.25e-07   lamb: 1.00e+00   eps : -2.01e-10   step: 3.89e-05    0.06
         res : 1.63e-07   lamb: 1.00e+00   eps : -2.01e-10   step: 3.90e-05    0.06
         res : 7.43e-08   lamb: 1.00e+00   eps : -2.01e-10   step: 3.90e-05    0.06
         res : 2.90e-08   lamb: 1.00e+00   eps : -2.01e-10   step: 3.90e-05    0.06
         res : 1.14e-08   lamb: 1.00e+00   eps : -2.01e-10   step: 3.90e-05    0.06
         res : 5.22e-09   lamb: 1.00e+00   eps : -2.01e-10   step: 3.90e-05    0.06
         res : 2.93e-09   lamb: 1.00e+00   eps : -2.01e-10   step: 3.90e-05    0.06

     13  0      -386.81035767     1.07e-07     16.22
     13  1      -386.63718589     0.00e+00     16.22

         res : 6.48e-06   lamb: 1.00e+00   eps : -5.74e-11   step: 1.43e-05    0.06
         res : 1.48e-06   lamb: 1.00e+00   eps : -6.90e-11   step: 2.16e-05    0.06
         res : 6.73e-07   lamb: 1.00e+00   eps : -7.03e-11   step: 2.28e-05    0.06
         res : 2.52e-07   lamb: 1.00e+00   eps : -7.04e-11   step: 2.30e-05    0.06
         res : 9.66e-08   lamb: 1.00e+00   eps : -7.05e-11   step: 2.31e-05    0.06
         res : 4.40e-08   lamb: 1.00e+00   eps : -7.05e-11   step: 2.31e-05    0.06
         res : 1.72e-08   lamb: 1.00e+00   eps : -7.05e-11   step: 2.31e-05    0.06
         res : 6.78e-09   lamb: 1.00e+00   eps : -7.05e-11   step: 2.31e-05    0.06
         res : 3.09e-09   lamb: 1.00e+00   eps : -7.05e-11   step: 2.31e-05    0.06

     14  0      -386.81035781     6.33e-08     16.43
     14  1      -386.63718575     0.00e+00     16.43

         res : 3.84e-06   lamb: 1.00e+00   eps : -2.01e-11   step: 8.45e-06    0.06
         res : 8.78e-07   lamb: 1.00e+00   eps : -2.42e-11   step: 1.28e-05    0.06
         res : 3.99e-07   lamb: 1.00e+00   eps : -2.47e-11   step: 1.35e-05    0.06
         res : 1.49e-07   lamb: 1.00e+00   eps : -2.47e-11   step: 1.36e-05    0.06
         res : 5.73e-08   lamb: 1.00e+00   eps : -2.47e-11   step: 1.37e-05    0.06
         res : 2.61e-08   lamb: 1.00e+00   eps : -2.47e-11   step: 1.37e-05    0.06
         res : 1.02e-08   lamb: 1.00e+00   eps : -2.47e-11   step: 1.37e-05    0.06
         res : 4.04e-09   lamb: 1.00e+00   eps : -2.47e-11   step: 1.37e-05    0.06

     15  0      -386.81035789     3.75e-08     16.24
     15  1      -386.63718566     0.00e+00     16.24

         res : 2.27e-06   lamb: 1.00e+00   eps : -7.06e-12   step: 5.00e-06    0.06
         res : 5.20e-07   lamb: 1.00e+00   eps : -8.49e-12   step: 7.59e-06    0.06
         res : 2.36e-07   lamb: 1.00e+00   eps : -8.65e-12   step: 8.00e-06    0.06
         res : 8.83e-08   lamb: 1.00e+00   eps : -8.67e-12   step: 8.07e-06    0.06
         res : 3.39e-08   lamb: 1.00e+00   eps : -8.67e-12   step: 8.10e-06    0.06
         res : 1.55e-08   lamb: 1.00e+00   eps : -8.67e-12   step: 8.10e-06    0.06
         res : 6.05e-09   lamb: 1.00e+00   eps : -8.67e-12   step: 8.10e-06    0.06
         res : 2.41e-09   lamb: 1.00e+00   eps : -8.67e-12   step: 8.10e-06    0.06

     16  0      -386.81035794     2.22e-08     16.24
     16  1      -386.63718561     0.00e+00     16.24

         res : 1.35e-06   lamb: 1.00e+00   eps : -2.48e-12   step: 2.96e-06    0.06
         res : 3.08e-07   lamb: 1.00e+00   eps : -2.98e-12   step: 4.49e-06    0.06
         res : 1.40e-07   lamb: 1.00e+00   eps : -3.03e-12   step: 4.74e-06    0.06
         res : 5.23e-08   lamb: 1.00e+00   eps : -3.04e-12   step: 4.78e-06    0.06
         res : 2.01e-08   lamb: 1.00e+00   eps : -3.04e-12   step: 4.80e-06    0.06
         res : 9.17e-09   lamb: 1.00e+00   eps : -3.04e-12   step: 4.80e-06    0.06
         res : 3.59e-09   lamb: 1.00e+00   eps : -3.04e-12   step: 4.80e-06    0.06

     17  0      -386.81035797     1.32e-08     16.11
     17  1      -386.63718558     0.00e+00     16.11

         res : 7.98e-07   lamb: 1.00e+00   eps : -8.69e-13   step: 1.76e-06    0.06
         res : 1.83e-07   lamb: 1.00e+00   eps : -1.05e-12   step: 2.66e-06    0.06
         res : 8.28e-08   lamb: 1.00e+00   eps : -1.06e-12   step: 2.81e-06    0.06
         res : 3.11e-08   lamb: 1.00e+00   eps : -1.07e-12   step: 2.83e-06    0.06
         res : 1.20e-08   lamb: 1.00e+00   eps : -1.07e-12   step: 2.84e-06    0.06
         res : 5.45e-09   lamb: 1.00e+00   eps : -1.07e-12   step: 2.84e-06    0.06
         res : 2.14e-09   lamb: 1.00e+00   eps : -1.07e-12   step: 2.84e-06    0.06

     18  0      -386.81035799     7.79e-09     16.04
     18  1      -386.63718556     0.00e+00     16.04

    * Second-order optimization converged. *   

    * Integral transformation done. Elapsed time: 0.08

       - jop, kop                                  0.00
       - denom                                     0.02
     guess   0:   closed 111111......         open ............        
     guess   1:   closed 11111.......         open .....11.....        

  === FCI iteration ===

      0  0      -386.67843686     3.82e-04      0.60
      0  1      -386.45581514     4.03e-04      0.00

      1  0      -386.78851400     1.80e-04      0.61
      1  1      -386.58545643     2.39e-04      0.00

      2  0      -386.80663822     7.96e-05      0.61
      2  1      -386.62360336     1.29e-04      0.00

      3  0      -386.80973863     3.37e-05      0.61
      3  1      -386.63334614     6.75e-05      0.00

      4  0      -386.81026121     1.37e-05      0.61
      4  1      -386.63601533     3.78e-05      0.00

      5  0      -386.81034279     5.57e-06      0.61
      5  1      -386.63683038     2.07e-05      0.00

      6  0      -386.81035551     2.25e-06      0.61
      6  1      -386.63706079     1.12e-05      0.00

      7  0      -386.81035755     9.13e-07      0.61
      7  1      -386.63712958     6.42e-06      0.00

      8  0      -386.81035791     3.97e-07      0.62
      8  1      -386.63715984     4.84e-06      0.00

      9  0      -386.81035798     1.69e-07      0.62
      9  1      -386.63717720     3.50e-06      0.00

     10  0      -386.81035799     6.61e-08      0.62
     10  1      -386.63718363     1.82e-06      0.00

     11  0      -386.81035799     2.35e-08      0.62
     11  1      -386.63718514     8.05e-07      0.00

     12  0      -386.81035799     8.63e-09      0.62
     12  1      -386.63718545     3.87e-07      0.00

     13  0      -386.81035799     3.41e-09      0.62
     13  1      -386.63718553     2.08e-07      0.00

     14  0      -386.81035799     1.43e-09      0.62
     14  1      -386.63718556     1.05e-07      0.00

     15  0      -386.81035799     5.71e-10      0.63
     15  1      -386.63718556     5.10e-08      0.00

     16  0      -386.81035799     2.21e-10      0.62
     16  1      -386.63718556     2.76e-08      0.00

     17  0 *    -386.81035799     8.73e-11      0.53
     17  1      -386.63718556     1.63e-08      0.00

     18  0 *    -386.81035799     8.57e-11      0.33
     18  1      -386.63718556     8.86e-09      0.00

     19  0 *    -386.81035799     8.56e-11      0.33
     19  1      -386.63718556     4.48e-09      0.00

     20  0 *    -386.81035799     8.55e-11      0.33
     20  1      -386.63718556     2.15e-09      0.00

     21  0 *    -386.81035799     8.55e-11      0.33
     21  1      -386.63718556     9.74e-10      0.00
    ** throwing out 1 trial vectors **

     22  0 *    -386.81035799     8.55e-11      0.34
     22  1      -386.63718556     4.37e-10      0.00
    ** throwing out 1 trial vectors **

     23  0 *    -386.81035799     8.55e-11      0.34
     23  1      -386.63718556     1.93e-10      0.00
    ** throwing out 1 trial vectors **

     24  0 *    -386.81035799     8.54e-11      0.24
     24  1 *    -386.63718556     8.69e-11      0.00

     * ci vector   0, <S^2> = 0.0000, E =     -386.81035799
       222222......     0.9052102848
       222.22..2...    -0.1916182381
       2222.22.....    -0.1213149691
       22222..2....    -0.1116328617
       2.2222....2.    -0.0832554747
       22222ba.....    -0.0804414462
       22222ab.....    -0.0804414462
       2222aabb....    -0.0664491211
       2222bbaa....    -0.0664491211
       2222abab....    -0.0618643480
       2222baba....    -0.0618643480
       22222.2.....    -0.0613187225
       .22222.....2    -0.0611200893

     * ci vector   1, <S^2> = 0.0000, E =     -386.63718556
       22222ab.....    -0.5741106511
       22222ba.....    -0.5741106511
       2222a2.b....     0.2132537345
       2222b2.a....     0.2132537345
       222222......    -0.1232120072
       222.2ab.2...     0.1210961530
       222.2ba.2...     0.1210961530
       22a2b22.....    -0.0920298233
       22b2a22.....    -0.0920298233
       22222..a.b..    -0.0802245854
       22222..b.a..    -0.0802245854
       2222baa..b..     0.0680479545
       2222abb..a..     0.0680479545
       2222ab2.....    -0.0641097652
       2222ba2.....    -0.0641097652
       22a2b2ba....    -0.0608893031
       22b2a2ab....    -0.0608893031
       22a22b2.....    -0.0558851054
       22b22a2.....    -0.0558851054
       22b22aab....     0.0535884277
       22a22bba....     0.0535884277
       2.222ab...2.     0.0523484918
       2.222ba...2.     0.0523484918
       2222.2b..a..     0.0520161135
       2222.2a..b..     0.0520161135
       22b22a.2....     0.0515085051
       22a22b.2....     0.0515085051

    * METHOD: CASSCF                             322.97


    * METHOD: PRINT                                0.07


    * METHOD: SAVE_REF                             0.17

  === SMITH program ===

    * freezing 10 orbitals
    * SS-SR internal contraction is used

    * Approximate memory requirement for SMITH calculation per MPI process:
      o Storage requirement for T-amplitude, lambda, and residual is 0.43 GB
      o Storage requirement for MO integrals is 0.03 GB
       - MO integral evaluation                    0.71

  ++ State-averaged Fock matrix over basis states ++

                         0                   1
     0       -4.8594024704        0.0223088893
     1        0.0223088893       -4.5008159964


  ++ Extended multi-state CASPT2 (XMS-CASPT2) rotation matrix ++

                         0                   1
     0       -0.9980850972       -0.0618557891
     1        0.0618557891       -0.9980850972


     * ci vector, state   0, <S^2> = 0.0000
       222222......    -0.9110982710
       222.22..2...     0.1927771129
       2222.22.....     0.1227071251
       22222..2....     0.1127324575
       2.2222....2.     0.0838352023
       2222aabb....     0.0674991309
       2222bbaa....     0.0674991309
       2222abab....     0.0644232312
       2222baba....     0.0644232312
       22222.2.....     0.0623204952
       .22222.....2     0.0614929114

     * ci vector, state   1, <S^2> = 0.0000
       22222ab.....     0.5779870542
       22222ba.....     0.5779870542
       2222a2.b....    -0.2156870836
       2222b2.a....    -0.2156870836
       222.2ab.2...    -0.1219416707
       222.2ba.2...    -0.1219416707
       22a2b22.....     0.0921606459
       22b2a22.....     0.0921606459
       22222..a.b..     0.0805648749
       22222..b.a..     0.0805648749
       2222baa..b..    -0.0696720597
       2222abb..a..    -0.0696720597
       222222......     0.0669835716
       2222ab2.....     0.0652839613
       2222ba2.....     0.0652839613
       22a2b2ba....     0.0598097688
       22b2a2ab....     0.0598097688
       22a22b2.....     0.0564062355
       22b22a2.....     0.0564062355
       22b22aab....    -0.0546967798
       22a22bba....    -0.0546967798
       2222.2b..a..    -0.0540677629
       2222.2a..b..    -0.0540677629
       22b22a.2....    -0.0539730085
       22a22b.2....    -0.0539730085
       2.222ab...2.    -0.0526932839
       2.222ba...2.    -0.0526932839
       22222.ba....     0.0515447757
       22222.ab....     0.0515447757

  ++ Reference energies in XMS basis ++

                         0                   1
     0     -386.8096954098       -0.0106912053
     1       -0.0106912053     -386.6378481446

    * Calculating and saving rdm4f

    * Third and Fock-weighted fourth order RDM ( 1, 1) evaluation
      will be done with 40 passes
       - RDM evaluation (multipassing)            35.95
    * Third and Fock-weighted fourth order RDM ( 2, 1) evaluation
      will be done with 40 passes
       - RDM evaluation (multipassing)            58.63
    * Third and Fock-weighted fourth order RDM ( 1, 2) evaluation
      will be done with 40 passes
       - RDM evaluation (multipassing)            58.80
    * Third and Fock-weighted fourth order RDM ( 2, 2) evaluation
      will be done with 40 passes
       - RDM evaluation (multipassing)            35.66
    - linear dependency detected:    1 /  288    min eigenvalue:    -1.9230e-13    max eigenvalue:    -1.9230e-13
    - linear dependency detected:    1 /  288    min eigenvalue:    -7.0388e-14    max eigenvalue:    -7.0388e-14
    - linear dependency detected:   12 / 1728    min eigenvalue:    -3.8356e-13    max eigenvalue:     6.8597e-16
    - linear dependency detected:   12 / 1728    min eigenvalue:    -1.1719e-13    max eigenvalue:     6.2061e-15
    - linear dependency detected:   12 / 1728    min eigenvalue:    -3.1991e-15    max eigenvalue:     2.6140e-15
    - linear dependency detected:   12 / 1728    min eigenvalue:    -1.1833e-15    max eigenvalue:     3.5203e-15
       - RDM + denominator evaluation            224.38

    * Zeroth order energy : state  0       -4.8607850518
    * Zeroth order energy : state  1       -4.4994334149

    * CASPT2 iteration is performed using redundant basis

      ---- iteration ----

        0    -1.04332879     0.00248665      5.87
        1    -1.04621617     0.00033186      6.08
        2    -1.04627061     0.00004616      6.01
        3    -1.04627188     0.00000810      6.02
        4    -1.04627192     0.00000131      6.02
        5    -1.04627192     0.00000026      6.46

        0    -1.05430939     0.00244291      6.62
        1    -1.05731691     0.00033029      6.07
        2    -1.05737622     0.00004637      6.00
        3    -1.05737762     0.00000821      6.54
        4    -1.05737767     0.00000132      6.55
        5    -1.05737767     0.00000026      6.13

      -------------------

       - CASPT2 energy evaluation                 76.05

    * CASPT2 energy : state  0     -388.0107074788
        w/o shift correction       -387.8559673299
        reference weight              0.7636617380

    * CASPT2 energy : state  1     -387.8573510629
        w/o shift correction       -387.6952258133
        reference weight              0.7551441367


    * MS-CASPT2 Heff
           -388.0107074788       -0.0069165641
             -0.0069165641     -387.8573510629


    * MS-CASPT2 rotation matrix
             -0.9989885924        0.0449643438
             -0.0449643438       -0.9989885924


    * XMS-CASPT2 rotation matrix
              0.9998569314        0.0169149863
             -0.0169149863        0.9998569314

    * MS-CASPT2 energy : state  0     -388.0110187924
    * MS-CASPT2 energy : state  1     -387.8570397492



    * METHOD: SMITH                              310.76


  
  ===============================================================

