    * Using parallel algorithm in FCI.
    * Parallel algorithm will be used.
  ---------------------------
        FCI calculation      
  ---------------------------

 Constructing space of all determinants that can formed by removing 1 electron from 6 alpha and 6 beta electrons.

 Space is made up of 4 determinants.
  o forming links
    * Integral transformation done. Elapsed time: 0.09

       - jop, kop                                  0.00
       - denom                                     0.02
     guess   0:   closed 111111......         open ............        
     guess   1:   closed 11111.......         open .....11.....        

  === FCI iteration ===

      0  0      -386.63100035     3.82e-04      0.60
      0  1      -386.40490844     4.05e-04      0.00

      1  0      -386.74094432     1.80e-04      0.60
      1  1      -386.53549047     2.42e-04      0.00

      2  0      -386.75906850     7.97e-05      0.60
      2  1      -386.57488258     1.30e-04      0.00

      3  0      -386.76218125     3.37e-05      0.61
      3  1      -386.58493333     6.81e-05      0.00

      4  0      -386.76270371     1.36e-05      0.60
      4  1      -386.58765461     3.82e-05      0.00

      5  0      -386.76278404     5.52e-06      0.61
      5  1      -386.58849634     2.12e-05      0.00

      6  0      -386.76279643     2.22e-06      0.61
      6  1      -386.58874354     1.17e-05      0.00

      7  0      -386.76279842     9.02e-07      0.61
      7  1      -386.58882295     7.10e-06      0.00

      8  0      -386.76279878     3.97e-07      0.64
      8  1      -386.58886157     5.55e-06      0.00

      9  0      -386.76279885     1.63e-07      0.64
      9  1      -386.58888290     3.71e-06      0.00

     10  0      -386.76279886     6.19e-08      0.63
     10  1      -386.58888967     1.81e-06      0.00

     11  0      -386.76279886     2.16e-08      0.62
     11  1      -386.58889112     7.80e-07      0.00

     12  0      -386.76279886     7.92e-09      0.62
     12  1      -386.58889140     3.59e-07      0.00

     13  0      -386.76279886     3.19e-09      0.63
     13  1      -386.58889147     1.87e-07      0.00

     14  0      -386.76279886     1.35e-09      0.63
     14  1      -386.58889149     9.38e-08      0.00

     15  0      -386.76279886     5.28e-10      0.63
     15  1      -386.58889149     4.60e-08      0.00

     16  0      -386.76279886     2.02e-10      0.63
     16  1      -386.58889149     2.39e-08      0.00

     17  0 *    -386.76279886     7.90e-11      0.54
     17  1      -386.58889149     1.32e-08      0.00

     18  0 *    -386.76279886     7.19e-11      0.33
     18  1      -386.58889149     7.24e-09      0.00

     19  0 *    -386.76279886     7.12e-11      0.33
     19  1      -386.58889149     3.86e-09      0.00

     20  0 *    -386.76279886     7.12e-11      0.34
     20  1      -386.58889149     1.90e-09      0.00

     21  0 *    -386.76279886     7.11e-11      0.33
     21  1      -386.58889149     8.70e-10      0.00
    ** throwing out 1 trial vectors **

     22  0 *    -386.76279886     7.09e-11      0.34
     22  1      -386.58889149     3.95e-10      0.00
    ** throwing out 1 trial vectors **

     23  0 *    -386.76279886     7.05e-11      0.35
     23  1      -386.58889149     1.84e-10      0.00
    ** throwing out 1 trial vectors **

     24  0 *    -386.76279886     7.05e-11      0.24
     24  1 *    -386.58889149     9.06e-11      0.00

     * ci vector   0, <S^2> = 0.0000, E =     -386.76279886
       222222......     0.9070406340
       222.22..2...    -0.1883807946
       2222.22.....    -0.1230326466
       22222..2....    -0.1143309791
       2.2222....2.    -0.0818922260
       22222ab.....    -0.0715622614
       22222ba.....    -0.0715622614
       2222aabb....    -0.0678021464
       2222bbaa....    -0.0678021464
       2222abab....    -0.0646044700
       2222baba....    -0.0646044700
       .22222.....2    -0.0633252529
       22222.2.....    -0.0629772607

     * ci vector   1, <S^2> = -0.0000, E =     -386.58889149
       22222ab.....     0.5695269868
       22222ba.....     0.5695269868
       2222b2.a....    -0.2291386400
       2222a2.b....    -0.2291386400
       222.2ab.2...    -0.1178566858
       222.2ba.2...    -0.1178566858
       222222......     0.1096068989
       22a2b22.....    -0.0914153433
       22b2a22.....    -0.0914153433
       22222..b.a..    -0.0812766027
       22222..a.b..    -0.0812766027
       2222abb..a..     0.0676483146
       2222baa..b..     0.0676483146
       22a2b2ba....     0.0604741206
       22b2a2ab....     0.0604741206
       2222ab2.....    -0.0596742659
       2222ba2.....    -0.0596742659
       22a22b2.....     0.0593332897
       22b22a2.....     0.0593332897
       22b22aab....     0.0548147366
       22a22bba....     0.0548147366
       2222.2b..a..    -0.0544654186
       2222.2a..b..    -0.0544654186
       22b22a.2....    -0.0539613462
       22a22b.2....    -0.0539613462
       22222.a..b..     0.0536492342
       22222.b..a..     0.0536492342
       2.222ab...2.    -0.0512367418
       2.222ba...2.    -0.0512367418
       - FCI and RDMs                             14.91
    * Integral transformation done. Elapsed time: 0.08

       - jop, kop                                  0.00
       - denom                                     0.02
     guess   0:   closed 111111......         open ............        
     guess   1:   closed 11111.......         open .....11.....        

  === FCI iteration ===

      0  0      -386.68699113     3.83e-04      0.61
      0  1      -386.45949524     4.05e-04      0.00

      1  0      -386.79688591     1.80e-04      0.61
      1  1      -386.59094711     2.43e-04      0.00

      2  0      -386.81497632     7.95e-05      0.61
      2  1      -386.63071357     1.30e-04      0.00

      3  0      -386.81806363     3.36e-05      0.63
      3  1      -386.64075420     6.77e-05      0.00

      4  0      -386.81858143     1.36e-05      0.64
      4  1      -386.64342910     3.76e-05      0.00

      5  0      -386.81866127     5.51e-06      0.63
      5  1      -386.64423821     2.06e-05      0.00

      6  0      -386.81867358     2.20e-06      0.62
      6  1      -386.64446868     1.12e-05      0.00

      7  0      -386.81867552     8.75e-07      0.62
      7  1      -386.64453864     6.55e-06      0.00

      8  0      -386.81867586     3.81e-07      0.62
      8  1      -386.64457074     5.01e-06      0.00

      9  0      -386.81867592     1.57e-07      0.63
      9  1      -386.64458857     3.44e-06      0.00

     10  0      -386.81867593     5.97e-08      0.63
     10  1      -386.64459455     1.72e-06      0.00

     11  0      -386.81867593     2.07e-08      0.62
     11  1      -386.64459588     7.51e-07      0.00

     12  0      -386.81867593     7.48e-09      0.63
     12  1      -386.64459614     3.49e-07      0.00

     13  0      -386.81867593     2.98e-09      0.62
     13  1      -386.64459620     1.85e-07      0.00

     14  0      -386.81867593     1.24e-09      0.63
     14  1      -386.64459622     9.45e-08      0.00

     15  0      -386.81867593     4.87e-10      0.63
     15  1      -386.64459622     4.67e-08      0.00

     16  0      -386.81867593     1.89e-10      0.63
     16  1      -386.64459622     2.43e-08      0.00

     17  0 *    -386.81867593     7.48e-11      0.53
     17  1      -386.64459622     1.37e-08      0.00

     18  0 *    -386.81867593     6.76e-11      0.33
     18  1      -386.64459622     7.48e-09      0.00

     19  0 *    -386.81867593     6.71e-11      0.33
     19  1      -386.64459622     3.85e-09      0.00

     20  0 *    -386.81867593     6.71e-11      0.33
     20  1      -386.64459622     1.82e-09      0.00

     21  0 *    -386.81867593     6.69e-11      0.33
     21  1      -386.64459622     8.13e-10      0.00
    ** throwing out 1 trial vectors **

     22  0 *    -386.81867593     6.68e-11      0.34
     22  1      -386.64459622     3.54e-10      0.00
    ** throwing out 1 trial vectors **

     23  0 *    -386.81867593     6.65e-11      0.34
     23  1      -386.64459622     1.56e-10      0.00
    ** throwing out 1 trial vectors **

     24  0 *    -386.81867593     6.65e-11      0.24
     24  1 *    -386.64459622     7.30e-11      0.00

     * ci vector   0, <S^2> = 0.0000, E =     -386.81867593
       222222......     0.9080664205
       222.22..2...    -0.1879738787
       2222.22.....    -0.1242987146
       22222..2....    -0.1149518489
       2.2222....2.    -0.0816618724
       22222ba.....     0.0686304484
       22222ab.....     0.0686304484
       2222bbaa....    -0.0678293338
       2222aabb....    -0.0678293338
       2222baba....    -0.0648058432
       2222abab....    -0.0648058432
       22222.2.....    -0.0631907991
       .22222.....2    -0.0612123801

     * ci vector   1, <S^2> = -0.0000, E =     -386.64459622
       22222ba.....     0.5688668782
       22222ab.....     0.5688668782
       2222a2.b....    -0.2292800022
       2222b2.a....    -0.2292800022
       222.2ba.2...    -0.1173565280
       222.2ab.2...    -0.1173565280
       222222......    -0.1081228520
       22b2a22.....    -0.0914022814
       22a2b22.....    -0.0914022814
       22222..b.a..    -0.0813540823
       22222..a.b..    -0.0813540823
       2222baa..b..     0.0677166747
       2222abb..a..     0.0677166747
       2222ba2.....    -0.0636344773
       2222ab2.....    -0.0636344773
       22b22a2.....    -0.0594943622
       22a22b2.....    -0.0594943622
       22b2a2ab....    -0.0585997946
       22a2b2ba....    -0.0585997946
       22a22b.2....     0.0544088176
       22b22a.2....     0.0544088176
       22a22bba....     0.0543127506
       22b22aab....     0.0543127506
       2222.2a..b..     0.0539384503
       2222.2b..a..     0.0539384503
       22222.b..a..    -0.0537590832
       22222.a..b..    -0.0537590832
       2.222ba...2.    -0.0509259521
       2.222ab...2.    -0.0509259521
       - FCI and RDMs                             14.97
    * Integral transformation done. Elapsed time: 0.08

       - jop, kop                                  0.00
       - denom                                     0.02
     guess   0:   closed 111111......         open ............        
     guess   1:   closed 11111.......         open .....11.....        

  === FCI iteration ===

      0  0      -386.68682309     3.83e-04      0.60
      0  1      -386.45882055     4.06e-04      0.00

      1  0      -386.79697421     1.81e-04      0.61
      1  1      -386.59055935     2.44e-04      0.00

      2  0      -386.81514578     7.97e-05      0.60
      2  1      -386.63071026     1.31e-04      0.00

      3  0      -386.81824366     3.36e-05      0.61
      3  1      -386.64085531     6.81e-05      0.00

      4  0      -386.81875975     1.36e-05      0.61
      4  1      -386.64356057     3.78e-05      0.00

      5  0      -386.81883872     5.47e-06      0.61
      5  1      -386.64438080     2.08e-05      0.00

      6  0      -386.81885084     2.18e-06      0.61
      6  1      -386.64461527     1.13e-05      0.00

      7  0      -386.81885275     8.70e-07      0.61
      7  1      -386.64468697     6.66e-06      0.00

      8  0      -386.81885308     3.80e-07      0.62
      8  1      -386.64472002     5.09e-06      0.00

      9  0      -386.81885314     1.56e-07      0.62
      9  1      -386.64473839     3.50e-06      0.00

     10  0      -386.81885315     5.93e-08      0.62
     10  1      -386.64474458     1.75e-06      0.00

     11  0      -386.81885315     2.06e-08      0.62
     11  1      -386.64474596     7.65e-07      0.00

     12  0      -386.81885315     7.41e-09      0.62
     12  1      -386.64474623     3.53e-07      0.00

     13  0      -386.81885315     2.94e-09      0.62
     13  1      -386.64474630     1.88e-07      0.00

     14  0      -386.81885315     1.22e-09      0.63
     14  1      -386.64474632     9.60e-08      0.00

     15  0      -386.81885315     4.77e-10      0.63
     15  1      -386.64474632     4.75e-08      0.00

     16  0      -386.81885315     1.86e-10      0.63
     16  1      -386.64474632     2.47e-08      0.00

     17  0 *    -386.81885315     7.44e-11      0.53
     17  1      -386.64474632     1.40e-08      0.00

     18  0 *    -386.81885315     6.69e-11      0.33
     18  1      -386.64474632     7.71e-09      0.00

     19  0 *    -386.81885315     6.62e-11      0.34
     19  1      -386.64474632     3.97e-09      0.00

     20  0 *    -386.81885315     6.62e-11      0.33
     20  1      -386.64474632     1.88e-09      0.00

     21  0 *    -386.81885315     6.61e-11      0.33
     21  1      -386.64474632     8.31e-10      0.00
    ** throwing out 1 trial vectors **

     22  0 *    -386.81885315     6.60e-11      0.34
     22  1      -386.64474632     3.58e-10      0.00
    ** throwing out 1 trial vectors **

     23  0 *    -386.81885315     6.57e-11      0.34
     23  1      -386.64474632     1.55e-10      0.00
    ** throwing out 1 trial vectors **

     24  0 *    -386.81885315     6.57e-11      0.24
     24  1 *    -386.64474632     7.06e-11      0.00

     * ci vector   0, <S^2> = -0.0000, E =     -386.81885315
       222222......     0.9075174433
       222.22..2...    -0.1875414429
       2222.22.....    -0.1248013702
       22222..2....    -0.1149704514
       2.2222....2.    -0.0825058977
       22222ba.....    -0.0715450848
       22222ab.....    -0.0715450848
       2222bbaa....    -0.0681558890
       2222aabb....    -0.0681558890
       2222abab....    -0.0653886971
       2222baba....    -0.0653886971
       22222.2.....    -0.0627870101
       .22222.....2    -0.0620097031

     * ci vector   1, <S^2> = -0.0000, E =     -386.64474632
       22222ba.....     0.5678812223
       22222ab.....     0.5678812223
       2222a2.b....    -0.2307932900
       2222b2.a....    -0.2307932900
       222.2ba.2...    -0.1169759746
       222.2ab.2...    -0.1169759746
       222222......     0.1112379849
       22b2a22.....     0.0919015849
       22a2b22.....     0.0919015849
       22222..b.a..    -0.0811353854
       22222..a.b..    -0.0811353854
       2222baa..b..     0.0671070951
       2222abb..a..     0.0671070951
       2222ba2.....    -0.0633716956
       2222ab2.....    -0.0633716956
       22b22a2.....    -0.0588396010
       22a22b2.....    -0.0588396010
       22b2a2ab....    -0.0587434330
       22a2b2ba....    -0.0587434330
       22a22bba....    -0.0551013155
       22b22aab....    -0.0551013155
       2222.2a..b..    -0.0546439562
       2222.2b..a..    -0.0546439562
       22222.b..a..     0.0543921312
       22222.a..b..     0.0543921312
       22a22b.2....     0.0542606611
       22b22a.2....     0.0542606611
       2.222ba...2.    -0.0513750537
       2.222ab...2.    -0.0513750537
       - FCI and RDMs                             14.81
    * Integral transformation done. Elapsed time: 0.08

       - jop, kop                                  0.00
       - denom                                     0.02
     guess   0:   closed 111111......         open ............        
     guess   1:   closed 11111.......         open .....11.....        

  === FCI iteration ===

      0  0      -386.68670470     3.84e-04      0.60
      0  1      -386.45838532     4.06e-04      0.00

      1  0      -386.79696179     1.81e-04      0.61
      1  1      -386.59026055     2.44e-04      0.00

      2  0      -386.81517145     7.98e-05      0.61
      2  1      -386.63061574     1.31e-04      0.00

      3  0      -386.81827377     3.36e-05      0.62
      3  1      -386.64081558     6.83e-05      0.00

      4  0      -386.81878923     1.36e-05      0.61
      4  1      -386.64353584     3.80e-05      0.00

      5  0      -386.81886802     5.46e-06      0.61
      5  1      -386.64436015     2.08e-05      0.00

      6  0      -386.81888012     2.18e-06      0.62
      6  1      -386.64459542     1.13e-05      0.00

      7  0      -386.81888203     8.70e-07      0.62
      7  1      -386.64466729     6.66e-06      0.00

      8  0      -386.81888236     3.80e-07      0.62
      8  1      -386.64470031     5.09e-06      0.00

      9  0      -386.81888242     1.56e-07      0.62
      9  1      -386.64471871     3.51e-06      0.00

     10  0      -386.81888243     5.94e-08      0.63
     10  1      -386.64472499     1.77e-06      0.00

     11  0      -386.81888243     2.06e-08      0.63
     11  1      -386.64472639     7.72e-07      0.00

     12  0      -386.81888243     7.43e-09      0.62
     12  1      -386.64472667     3.56e-07      0.00

     13  0      -386.81888243     2.94e-09      0.62
     13  1      -386.64472674     1.89e-07      0.00

     14  0      -386.81888243     1.21e-09      0.63
     14  1      -386.64472676     9.68e-08      0.00

     15  0      -386.81888243     4.74e-10      0.63
     15  1      -386.64472676     4.78e-08      0.00

     16  0      -386.81888243     1.85e-10      0.63
     16  1      -386.64472676     2.49e-08      0.00

     17  0 *    -386.81888243     7.44e-11      0.53
     17  1      -386.64472676     1.42e-08      0.00

     18  0 *    -386.81888243     6.69e-11      0.33
     18  1      -386.64472676     7.83e-09      0.00

     19  0 *    -386.81888243     6.61e-11      0.33
     19  1      -386.64472676     4.02e-09      0.00

     20  0 *    -386.81888243     6.61e-11      0.33
     20  1      -386.64472676     1.90e-09      0.00

     21  0 *    -386.81888243     6.60e-11      0.33
     21  1      -386.64472676     8.41e-10      0.00
    ** throwing out 1 trial vectors **

     22  0 *    -386.81888243     6.59e-11      0.34
     22  1      -386.64472676     3.63e-10      0.00
    ** throwing out 1 trial vectors **

     23  0 *    -386.81888243     6.56e-11      0.34
     23  1      -386.64472676     1.57e-10      0.00
    ** throwing out 1 trial vectors **

     24  0 *    -386.81888243     6.56e-11      0.24
     24  1 *    -386.64472676     7.13e-11      0.00

     * ci vector   0, <S^2> = 0.0000, E =     -386.81888243
       222222......     0.9074025501
       222.22..2...    -0.1873632615
       2222.22.....    -0.1252216786
       22222..2....    -0.1149207371
       2.2222....2.    -0.0829004212
       22222ba.....    -0.0720558518
       22222ab.....    -0.0720558518
       2222bbaa....    -0.0682385869
       2222aabb....    -0.0682385869
       2222baba....    -0.0657011223
       2222abab....    -0.0657011223
       22222.2.....    -0.0627679143
       .22222.....2    -0.0622585273

     * ci vector   1, <S^2> = -0.0000, E =     -386.64472676
       22222ba.....     0.5673462669
       22222ab.....     0.5673462669
       2222a2.b....    -0.2316515329
       2222b2.a....    -0.2316515329
       222.2ba.2...    -0.1167781064
       222.2ab.2...    -0.1167781064
       222222......     0.1118854343
       22b2a22.....    -0.0925081610
       22a2b22.....    -0.0925081610
       22222..b.a..    -0.0808420415
       22222..a.b..    -0.0808420415
       2222baa..b..     0.0664841459
       2222abb..a..     0.0664841459
       2222ba2.....    -0.0633725428
       2222ab2.....    -0.0633725428
       22b2a2ab....     0.0585850008
       22a2b2ba....     0.0585850008
       22b22a2.....     0.0584558072
       22a22b2.....     0.0584558072
       22a22bba....     0.0557140496
       22b22aab....     0.0557140496
       2222.2a..b..    -0.0551858759
       2222.2b..a..    -0.0551858759
       22222.b..a..     0.0549638241
       22222.a..b..     0.0549638241
       22a22b.2....    -0.0540397627
       22b22a.2....    -0.0540397627
       2.222ba...2.    -0.0515670416
       2.222ab...2.    -0.0515670416
       - FCI and RDMs                             14.87
    * Integral transformation done. Elapsed time: 0.08

       - jop, kop                                  0.00
       - denom                                     0.02
     guess   0:   closed 111111......         open ............        
     guess   1:   closed 11111.......         open .....11.....        

  === FCI iteration ===

      0  0      -386.68665621     3.84e-04      0.60
      0  1      -386.45816413     4.07e-04      0.00

      1  0      -386.79696208     1.81e-04      0.61
      1  1      -386.59010928     2.45e-04      0.00

      2  0      -386.81518748     7.98e-05      0.61
      2  1      -386.63056129     1.31e-04      0.00

      3  0      -386.81829165     3.36e-05      0.62
      3  1      -386.64078800     6.84e-05      0.00

      4  0      -386.81880687     1.36e-05      0.62
      4  1      -386.64351687     3.81e-05      0.00

      5  0      -386.81888560     5.46e-06      0.62
      5  1      -386.64434389     2.09e-05      0.00

      6  0      -386.81889770     2.18e-06      0.62
      6  1      -386.64457974     1.14e-05      0.00

      7  0      -386.81889960     8.71e-07      0.62
      7  1      -386.64465174     6.66e-06      0.00

      8  0      -386.81889993     3.80e-07      0.62
      8  1      -386.64468475     5.09e-06      0.00

      9  0      -386.81889999     1.56e-07      0.62
      9  1      -386.64470316     3.52e-06      0.00

     10  0      -386.81890000     5.94e-08      0.62
     10  1      -386.64470948     1.78e-06      0.00

     11  0      -386.81890000     2.07e-08      0.62
     11  1      -386.64471090     7.76e-07      0.00

     12  0      -386.81890000     7.44e-09      0.62
     12  1      -386.64471118     3.58e-07      0.00

     13  0      -386.81890000     2.95e-09      0.62
     13  1      -386.64471125     1.90e-07      0.00

     14  0      -386.81890000     1.21e-09      0.63
     14  1      -386.64471126     9.69e-08      0.00

     15  0      -386.81890000     4.73e-10      0.63
     15  1      -386.64471127     4.78e-08      0.00

     16  0      -386.81890000     1.84e-10      0.63
     16  1      -386.64471127     2.49e-08      0.00

     17  0 *    -386.81890000     7.44e-11      0.53
     17  1      -386.64471127     1.42e-08      0.00

     18  0 *    -386.81890000     6.68e-11      0.33
     18  1      -386.64471127     7.86e-09      0.00

     19  0 *    -386.81890000     6.60e-11      0.33
     19  1      -386.64471127     4.04e-09      0.00

     20  0 *    -386.81890000     6.60e-11      0.33
     20  1      -386.64471127     1.91e-09      0.00

     21  0 *    -386.81890000     6.59e-11      0.33
     21  1      -386.64471127     8.45e-10      0.00
    ** throwing out 1 trial vectors **

     22  0 *    -386.81890000     6.58e-11      0.34
     22  1      -386.64471127     3.66e-10      0.00
    ** throwing out 1 trial vectors **

     23  0 *    -386.81890000     6.55e-11      0.34
     23  1      -386.64471127     1.59e-10      0.00
    ** throwing out 1 trial vectors **

     24  0 *    -386.81890000     6.55e-11      0.24
     24  1 *    -386.64471127     7.20e-11      0.00

     * ci vector   0, <S^2> = 0.0000, E =     -386.81890000
       222222......     0.9073798774
       222.22..2...    -0.1872970624
       2222.22.....    -0.1254569403
       22222..2....    -0.1148700482
       2.2222....2.    -0.0830545027
       22222ab.....    -0.0721007298
       22222ba.....    -0.0721007298
       2222bbaa....    -0.0682702563
       2222aabb....    -0.0682702563
       2222abab....    -0.0658539592
       2222baba....    -0.0658539592
       22222.2.....    -0.0627985748
       .22222.....2    -0.0623473649

     * ci vector   1, <S^2> = 0.0000, E =     -386.64471127
       22222ab.....     0.5670929591
       22222ba.....     0.5670929591
       2222b2.a....    -0.2321050050
       2222a2.b....    -0.2321050050
       222.2ab.2...    -0.1166903299
       222.2ba.2...    -0.1166903299
       222222......     0.1119860778
       22a2b22.....     0.0929120885
       22b2a22.....     0.0929120885
       22222..a.b..    -0.0806143189
       22222..b.a..    -0.0806143189
       2222abb..a..     0.0660580625
       2222baa..b..     0.0660580625
       2222ab2.....    -0.0632630699
       2222ba2.....    -0.0632630699
       22a2b2ba....    -0.0584442988
       22b2a2ab....    -0.0584442988
       22a22b2.....    -0.0582895004
       22b22a2.....    -0.0582895004
       22b22aab....    -0.0561336626
       22a22bba....    -0.0561336626
       2222.2b..a..    -0.0555646657
       2222.2a..b..    -0.0555646657
       22222.a..b..     0.0553647608
       22222.b..a..     0.0553647608
       22b22a.2....     0.0538669760
       22a22b.2....     0.0538669760
       2.222ab...2.    -0.0516369486
       2.222ba...2.    -0.0516369486
       - FCI and RDMs                             14.87
    * Integral transformation done. Elapsed time: 0.08

       - jop, kop                                  0.00
       - denom                                     0.02
     guess   0:   closed 111111......         open ............        
     guess   1:   closed 11111.......         open .....11.....        

  === FCI iteration ===

      0  0      -386.68663336     3.84e-04      0.60
      0  1      -386.45805052     4.07e-04      0.00

      1  0      -386.79696382     1.81e-04      0.61
      1  1      -386.59003134     2.45e-04      0.00

      2  0      -386.81519681     7.98e-05      0.61
      2  1      -386.63053183     1.31e-04      0.00

      3  0      -386.81830180     3.36e-05      0.61
      3  1      -386.64077208     6.85e-05      0.00

      4  0      -386.81881689     1.36e-05      0.61
      4  1      -386.64350558     3.81e-05      0.00

      5  0      -386.81889559     5.46e-06      0.61
      5  1      -386.64433409     2.09e-05      0.00

      6  0      -386.81890768     2.18e-06      0.61
      6  1      -386.64457027     1.14e-05      0.00

      7  0      -386.81890959     8.71e-07      0.62
      7  1      -386.64464232     6.66e-06      0.00

      8  0      -386.81890992     3.80e-07      0.61
      8  1      -386.64467531     5.08e-06      0.00

      9  0      -386.81890998     1.56e-07      0.62
      9  1      -386.64469372     3.52e-06      0.00

     10  0      -386.81890999     5.94e-08      0.62
     10  1      -386.64470006     1.78e-06      0.00

     11  0      -386.81890999     2.07e-08      0.62
     11  1      -386.64470148     7.78e-07      0.00

     12  0      -386.81890999     7.45e-09      0.62
     12  1      -386.64470176     3.58e-07      0.00

     13  0      -386.81890999     2.95e-09      0.63
     13  1      -386.64470183     1.90e-07      0.00

     14  0      -386.81890999     1.21e-09      0.62
     14  1      -386.64470185     9.69e-08      0.00

     15  0      -386.81890999     4.73e-10      0.63
     15  1      -386.64470185     4.78e-08      0.00

     16  0      -386.81890999     1.84e-10      0.63
     16  1      -386.64470186     2.49e-08      0.00

     17  0 *    -386.81890999     7.44e-11      0.53
     17  1      -386.64470186     1.42e-08      0.00

     18  0 *    -386.81890999     6.68e-11      0.33
     18  1      -386.64470186     7.87e-09      0.00

     19  0 *    -386.81890999     6.59e-11      0.33
     19  1      -386.64470186     4.04e-09      0.00

     20  0 *    -386.81890999     6.59e-11      0.33
     20  1      -386.64470186     1.91e-09      0.00

     21  0 *    -386.81890999     6.59e-11      0.33
     21  1      -386.64470186     8.48e-10      0.00
    ** throwing out 1 trial vectors **

     22  0 *    -386.81890999     6.58e-11      0.33
     22  1      -386.64470186     3.67e-10      0.00
    ** throwing out 1 trial vectors **

     23  0 *    -386.81890999     6.55e-11      0.33
     23  1      -386.64470186     1.59e-10      0.00
    ** throwing out 1 trial vectors **

     24  0 *    -386.81890999     6.54e-11      0.23
     24  1 *    -386.64470186     7.24e-11      0.00

     * ci vector   0, <S^2> = 0.0000, E =     -386.81890999
       222222......     0.9073773445
       222.22..2...    -0.1872656354
       2222.22.....    -0.1255877347
       22222..2....    -0.1148380504
       2.2222....2.    -0.0831228037
       22222ba.....    -0.0720650867
       22222ab.....    -0.0720650867
       2222aabb....     0.0682835628
       2222bbaa....     0.0682835628
       2222baba....     0.0659289911
       2222abab....     0.0659289911
       22222.2.....    -0.0628248206
       .22222.....2    -0.0623825529

     * ci vector   1, <S^2> = -0.0000, E =     -386.64470186
       22222ba.....     0.5669686695
       22222ab.....     0.5669686695
       2222a2.b....     0.2323361585
       2222b2.a....     0.2323361585
       222.2ba.2...    -0.1166463859
       222.2ab.2...    -0.1166463859
       222222......     0.1119791737
       22b2a22.....    -0.0931437107
       22a2b22.....    -0.0931437107
       22222..b.a..     0.0804728110
       22222..a.b..     0.0804728110
       2222baa..b..     0.0658045879
       2222abb..a..     0.0658045879
       2222ab2.....    -0.0631846406
       2222ba2.....    -0.0631846406
       22b2a2ab....    -0.0583452236
       22a2b2ba....    -0.0583452236
       22b22a2.....     0.0581960734
       22a22b2.....     0.0581960734
       22a22bba....    -0.0563752396
       22b22aab....    -0.0563752396
       2222.2a..b..    -0.0557858609
       2222.2b..a..    -0.0557858609
       22222.b..a..     0.0556022316
       22222.a..b..     0.0556022316
       22a22b.2....    -0.0537577994
       22b22a.2....    -0.0537577994
       2.222ba...2.    -0.0516666282
       2.222ab...2.    -0.0516666282
       - FCI and RDMs                             14.83
    * Integral transformation done. Elapsed time: 0.08

       - jop, kop                                  0.00
       - denom                                     0.02
     guess   0:   closed 111111......         open ............        
     guess   1:   closed 11111.......         open .....11.....        

  === FCI iteration ===

      0  0      -386.68662176     3.84e-04      0.62
      0  1      -386.45799068     4.07e-04      0.00

      1  0      -386.79696514     1.81e-04      0.62
      1  1      -386.58999023     2.45e-04      0.00

      2  0      -386.81520204     7.99e-05      0.62
      2  1      -386.63051591     1.31e-04      0.00

      3  0      -386.81830742     3.36e-05      0.63
      3  1      -386.64076322     6.85e-05      0.00

      4  0      -386.81882244     1.35e-05      0.66
      4  1      -386.64349921     3.81e-05      0.00

      5  0      -386.81890112     5.46e-06      0.67
      5  1      -386.64432854     2.09e-05      0.00

      6  0      -386.81891321     2.18e-06      0.65
      6  1      -386.64456488     1.14e-05      0.00

      7  0      -386.81891512     8.71e-07      0.64
      7  1      -386.64463696     6.66e-06      0.00

      8  0      -386.81891545     3.80e-07      0.64
      8  1      -386.64466994     5.08e-06      0.00

      9  0      -386.81891551     1.56e-07      0.65
      9  1      -386.64468835     3.52e-06      0.00

     10  0      -386.81891552     5.95e-08      0.65
     10  1      -386.64469469     1.78e-06      0.00

     11  0      -386.81891552     2.07e-08      0.65
     11  1      -386.64469612     7.79e-07      0.00

     12  0      -386.81891552     7.45e-09      0.65
     12  1      -386.64469640     3.58e-07      0.00

     13  0      -386.81891552     2.95e-09      0.64
     13  1      -386.64469647     1.90e-07      0.00

     14  0      -386.81891552     1.21e-09      0.64
     14  1      -386.64469649     9.68e-08      0.00

     15  0      -386.81891552     4.72e-10      0.63
     15  1      -386.64469649     4.77e-08      0.00

     16  0      -386.81891552     1.84e-10      0.63
     16  1      -386.64469649     2.49e-08      0.00

     17  0 *    -386.81891552     7.44e-11      0.54
     17  1      -386.64469649     1.42e-08      0.00

     18  0 *    -386.81891552     6.68e-11      0.33
     18  1      -386.64469649     7.87e-09      0.00

     19  0 *    -386.81891552     6.59e-11      0.33
     19  1      -386.64469649     4.04e-09      0.00

     20  0 *    -386.81891552     6.59e-11      0.33
     20  1      -386.64469649     1.91e-09      0.00

     21  0 *    -386.81891552     6.58e-11      0.33
     21  1      -386.64469649     8.49e-10      0.00
    ** throwing out 1 trial vectors **

     22  0 *    -386.81891552     6.57e-11      0.34
     22  1      -386.64469649     3.68e-10      0.00
    ** throwing out 1 trial vectors **

     23  0 *    -386.81891552     6.54e-11      0.34
     23  1      -386.64469649     1.60e-10      0.00
    ** throwing out 1 trial vectors **

     24  0 *    -386.81891552     6.54e-11      0.24
     24  1 *    -386.64469649     7.26e-11      0.00

     * ci vector   0, <S^2> = -0.0000, E =     -386.81891552
       222222......     0.9073786241
       222.22..2...    -0.1872497694
       2222.22.....    -0.1256601142
       22222..2....    -0.1148194174
       2.2222....2.    -0.0831561281
       22222ba.....    -0.0720290460
       22222ab.....    -0.0720290460
       2222bbaa....     0.0682896598
       2222aabb....     0.0682896598
       2222abab....     0.0659673439
       2222baba....     0.0659673439
       22222.2.....    -0.0628416400
       .22222.....2    -0.0623980928

     * ci vector   1, <S^2> = 0.0000, E =     -386.64469649
       22222ba.....     0.5669052882
       22222ab.....     0.5669052882
       2222a2.b....     0.2324563321
       2222b2.a....     0.2324563321
       222.2ba.2...    -0.1166236223
       222.2ab.2...    -0.1166236223
       222222......     0.1119585206
       22b2a22.....     0.0932728545
       22a2b22.....     0.0932728545
       22222..b.a..    -0.0803905493
       22222..a.b..    -0.0803905493
       2222baa..b..    -0.0656597883
       2222abb..a..    -0.0656597883
       2222ba2.....     0.0631373748
       2222ab2.....     0.0631373748
       22b2a2ab....    -0.0582843855
       22a2b2ba....    -0.0582843855
       22b22a2.....     0.0581425729
       22a22b2.....     0.0581425729
       22a22bba....     0.0565102551
       22b22aab....     0.0565102551
       2222.2a..b..    -0.0559104900
       2222.2b..a..    -0.0559104900
       22222.b..a..     0.0557365747
       22222.a..b..     0.0557365747
       22a22b.2....    -0.0536936443
       22b22a.2....    -0.0536936443
       2.222ba...2.    -0.0516807719
       2.222ab...2.    -0.0516807719
       - FCI and RDMs                             15.26
    * Integral transformation done. Elapsed time: 0.08

       - jop, kop                                  0.00
       - denom                                     0.02
     guess   0:   closed 111111......         open ............        
     guess   1:   closed 11111.......         open .....11.....        

  === FCI iteration ===

      0  0      -386.68661568     3.84e-04      0.60
      0  1      -386.45795864     4.07e-04      0.00

      1  0      -386.79696596     1.81e-04      0.61
      1  1      -386.58996821     2.45e-04      0.00

      2  0      -386.81520493     7.99e-05      0.61
      2  1      -386.63050728     1.31e-04      0.00

      3  0      -386.81831051     3.36e-05      0.61
      3  1      -386.64075834     6.86e-05      0.00

      4  0      -386.81882549     1.35e-05      0.61
      4  1      -386.64349568     3.81e-05      0.00

      5  0      -386.81890415     5.46e-06      0.61
      5  1      -386.64432546     2.09e-05      0.00

      6  0      -386.81891624     2.18e-06      0.61
      6  1      -386.64456190     1.14e-05      0.00

      7  0      -386.81891815     8.72e-07      0.61
      7  1      -386.64463398     6.66e-06      0.00

      8  0      -386.81891848     3.80e-07      0.62
      8  1      -386.64466695     5.08e-06      0.00

      9  0      -386.81891854     1.56e-07      0.62
      9  1      -386.64468536     3.52e-06      0.00

     10  0      -386.81891855     5.95e-08      0.62
     10  1      -386.64469170     1.78e-06      0.00

     11  0      -386.81891855     2.07e-08      0.62
     11  1      -386.64469314     7.79e-07      0.00

     12  0      -386.81891855     7.45e-09      0.62
     12  1      -386.64469342     3.59e-07      0.00

     13  0      -386.81891855     2.95e-09      0.62
     13  1      -386.64469348     1.90e-07      0.00

     14  0      -386.81891855     1.21e-09      0.63
     14  1      -386.64469350     9.68e-08      0.00

     15  0      -386.81891855     4.72e-10      0.63
     15  1      -386.64469351     4.77e-08      0.00

     16  0      -386.81891855     1.84e-10      0.63
     16  1      -386.64469351     2.49e-08      0.00

     17  0 *    -386.81891855     7.44e-11      0.53
     17  1      -386.64469351     1.42e-08      0.00

     18  0 *    -386.81891855     6.68e-11      0.33
     18  1      -386.64469351     7.86e-09      0.00

     19  0 *    -386.81891855     6.59e-11      0.33
     19  1      -386.64469351     4.04e-09      0.00

     20  0 *    -386.81891855     6.59e-11      0.33
     20  1      -386.64469351     1.91e-09      0.00

     21  0 *    -386.81891855     6.58e-11      0.34
     21  1      -386.64469351     8.49e-10      0.00
    ** throwing out 1 trial vectors **

     22  0 *    -386.81891855     6.57e-11      0.34
     22  1      -386.64469351     3.68e-10      0.00
    ** throwing out 1 trial vectors **

     23  0 *    -386.81891855     6.54e-11      0.34
     23  1      -386.64469351     1.60e-10      0.00
    ** throwing out 1 trial vectors **

     24  0 *    -386.81891855     6.54e-11      0.24
     24  1 *    -386.64469351     7.27e-11      0.00

     * ci vector   0, <S^2> = 0.0000, E =     -386.81891855
       222222......     0.9073800608
       222.22..2...    -0.1872415012
       2222.22.....    -0.1256999753
       22222..2....    -0.1148088743
       2.2222....2.    -0.0831733278
       22222ab.....    -0.0720047848
       22222ba.....    -0.0720047848
       2222aabb....    -0.0682926560
       2222bbaa....    -0.0682926560
       2222baba....    -0.0659875198
       2222abab....    -0.0659875198
       22222.2.....    -0.0628515092
       .22222.....2    -0.0624056285

     * ci vector   1, <S^2> = -0.0000, E =     -386.64469351
       22222ab.....     0.5668720352
       22222ba.....     0.5668720352
       2222b2.a....    -0.2325200434
       2222a2.b....    -0.2325200434
       222.2ab.2...    -0.1166115803
       222.2ba.2...    -0.1166115803
       222222......     0.1119425776
       22a2b22.....    -0.0933441726
       22b2a22.....    -0.0933441726
       22222..a.b..    -0.0803441066
       22222..b.a..    -0.0803441066
       2222abb..a..     0.0655787225
       2222baa..b..     0.0655787225
       2222ab2.....    -0.0631103517
       2222ba2.....    -0.0631103517
       22a2b2ba....     0.0582491588
       22b2a2ab....     0.0582491588
       22a22b2.....     0.0581123591
       22b22a2.....     0.0581123591
       22b22aab....     0.0565849492
       22a22bba....     0.0565849492
       2222.2b..a..    -0.0559797160
       2222.2a..b..    -0.0559797160
       22222.a..b..     0.0558112853
       22222.b..a..     0.0558112853
       22b22a.2....    -0.0536572011
       22a22b.2....    -0.0536572011
       2.222ab...2.    -0.0516879913
       2.222ba...2.    -0.0516879913
       - FCI and RDMs                             14.85
    * Integral transformation done. Elapsed time: 0.08

       - jop, kop                                  0.00
       - denom                                     0.02
     guess   0:   closed 111111......         open ............        
     guess   1:   closed 11111.......         open .....11.....        

  === FCI iteration ===

      0  0      -386.68661242     3.84e-04      0.60
      0  1      -386.45794132     4.07e-04      0.00

      1  0      -386.79696644     1.81e-04      0.61
      1  1      -386.58995631     2.45e-04      0.00

      2  0      -386.81520652     7.99e-05      0.62
      2  1      -386.63050259     1.31e-04      0.00

      3  0      -386.81831220     3.36e-05      0.61
      3  1      -386.64075567     6.86e-05      0.00

      4  0      -386.81882716     1.35e-05      0.61
      4  1      -386.64349375     3.81e-05      0.00

      5  0      -386.81890581     5.46e-06      0.62
      5  1      -386.64432377     2.09e-05      0.00

      6  0      -386.81891790     2.18e-06      0.61
      6  1      -386.64456025     1.14e-05      0.00

      7  0      -386.81891981     8.72e-07      0.62
      7  1      -386.64463234     6.66e-06      0.00

      8  0      -386.81892014     3.80e-07      0.62
      8  1      -386.64466530     5.08e-06      0.00

      9  0      -386.81892020     1.56e-07      0.62
      9  1      -386.64468371     3.53e-06      0.00

     10  0      -386.81892021     5.95e-08      0.62
     10  1      -386.64469006     1.78e-06      0.00

     11  0      -386.81892021     2.07e-08      0.62
     11  1      -386.64469149     7.79e-07      0.00

     12  0      -386.81892021     7.45e-09      0.63
     12  1      -386.64469177     3.59e-07      0.00

     13  0      -386.81892021     2.95e-09      0.63
     13  1      -386.64469184     1.90e-07      0.00

     14  0      -386.81892021     1.21e-09      0.63
     14  1      -386.64469186     9.68e-08      0.00

     15  0      -386.81892021     4.72e-10      0.63
     15  1      -386.64469186     4.77e-08      0.00

     16  0      -386.81892021     1.84e-10      0.63
     16  1      -386.64469186     2.49e-08      0.00

     17  0 *    -386.81892021     7.44e-11      0.53
     17  1      -386.64469187     1.41e-08      0.00

     18  0 *    -386.81892021     6.68e-11      0.33
     18  1      -386.64469187     7.86e-09      0.00

     19  0 *    -386.81892021     6.59e-11      0.34
     19  1      -386.64469187     4.04e-09      0.00

     20  0 *    -386.81892021     6.59e-11      0.33
     20  1      -386.64469187     1.91e-09      0.00

     21  0 *    -386.81892021     6.58e-11      0.34
     21  1      -386.64469187     8.50e-10      0.00
    ** throwing out 1 trial vectors **

     22  0 *    -386.81892021     6.57e-11      0.34
     22  1      -386.64469187     3.68e-10      0.00
    ** throwing out 1 trial vectors **

     23  0 *    -386.81892021     6.54e-11      0.34
     23  1      -386.64469187     1.60e-10      0.00
    ** throwing out 1 trial vectors **

     24  0 *    -386.81892021     6.54e-11      0.24
     24  1 *    -386.64469187     7.28e-11      0.00

     * ci vector   0, <S^2> = -0.0000, E =     -386.81892021
       222222......     0.9073810519
       222.22..2...    -0.1872371018
       2222.22.....    -0.1257218564
       22222..2....    -0.1148029917
       2.2222....2.    -0.0831824641
       22222ab.....    -0.0719902712
       22222ba.....    -0.0719902712
       2222bbaa....     0.0682941989
       2222aabb....     0.0682941989
       2222abab....     0.0659983145
       2222baba....     0.0659983145
       22222.2.....    -0.0628570931
       .22222.....2    -0.0624095025

     * ci vector   1, <S^2> = -0.0000, E =     -386.64469187
       22222ba.....     0.5668542768
       22222ab.....     0.5668542768
       2222a2.b....     0.2325542570
       2222b2.a....     0.2325542570
       222.2ba.2...    -0.1166051204
       222.2ab.2...    -0.1166051204
       222222......     0.1119325797
       22b2a22.....     0.0933833828
       22a2b22.....     0.0933833828
       22222..b.a..    -0.0803182664
       22222..a.b..    -0.0803182664
       2222baa..b..    -0.0655338211
       2222abb..a..    -0.0655338211
       2222ab2.....    -0.0630952375
       2222ba2.....    -0.0630952375
       22b2a2ab....     0.0582293137
       22a2b2ba....     0.0582293137
       22b22a2.....    -0.0580955040
       22a22b2.....    -0.0580955040
       22a22bba....     0.0566260699
       22b22aab....     0.0566260699
       2222.2a..b..     0.0560178972
       2222.2b..a..     0.0560178972
       22222.b..a..    -0.0558525062
       22222.a..b..    -0.0558525062
       22a22b.2....     0.0536368530
       22b22a.2....     0.0536368530
       2.222ba...2.    -0.0516918073
       2.222ab...2.    -0.0516918073
       - FCI and RDMs                             14.90
    * Integral transformation done. Elapsed time: 0.08

       - jop, kop                                  0.00
       - denom                                     0.02
     guess   0:   closed 111111......         open ............        
     guess   1:   closed 11111.......         open .....11.....        

  === FCI iteration ===

      0  0      -386.68661067     3.84e-04      0.61
      0  1      -386.45793191     4.07e-04      0.00

      1  0      -386.79696670     1.81e-04      0.61
      1  1      -386.58994985     2.45e-04      0.00

      2  0      -386.81520739     7.99e-05      0.61
      2  1      -386.63050003     1.31e-04      0.00

      3  0      -386.81831312     3.36e-05      0.61
      3  1      -386.64075421     6.86e-05      0.00

      4  0      -386.81882807     1.35e-05      0.61
      4  1      -386.64349269     3.81e-05      0.00

      5  0      -386.81890672     5.46e-06      0.61
      5  1      -386.64432284     2.09e-05      0.00

      6  0      -386.81891881     2.18e-06      0.61
      6  1      -386.64455935     1.14e-05      0.00

      7  0      -386.81892071     8.72e-07      0.62
      7  1      -386.64463144     6.66e-06      0.00

      8  0      -386.81892104     3.80e-07      0.62
      8  1      -386.64466440     5.08e-06      0.00

      9  0      -386.81892111     1.56e-07      0.62
      9  1      -386.64468281     3.53e-06      0.00

     10  0      -386.81892112     5.95e-08      0.62
     10  1      -386.64468916     1.78e-06      0.00

     11  0      -386.81892112     2.07e-08      0.62
     11  1      -386.64469059     7.79e-07      0.00

     12  0      -386.81892112     7.45e-09      0.62
     12  1      -386.64469087     3.59e-07      0.00

     13  0      -386.81892112     2.95e-09      0.63
     13  1      -386.64469094     1.90e-07      0.00

     14  0      -386.81892112     1.21e-09      0.63
     14  1      -386.64469096     9.67e-08      0.00

     15  0      -386.81892112     4.72e-10      0.62
     15  1      -386.64469096     4.76e-08      0.00

     16  0      -386.81892112     1.84e-10      0.63
     16  1      -386.64469096     2.48e-08      0.00

     17  0 *    -386.81892112     7.44e-11      0.53
     17  1      -386.64469096     1.41e-08      0.00

     18  0 *    -386.81892112     6.67e-11      0.33
     18  1      -386.64469096     7.86e-09      0.00

     19  0 *    -386.81892112     6.58e-11      0.33
     19  1      -386.64469096     4.04e-09      0.00

     20  0 *    -386.81892112     6.58e-11      0.33
     20  1      -386.64469096     1.91e-09      0.00

     21  0 *    -386.81892112     6.58e-11      0.33
     21  1      -386.64469096     8.50e-10      0.00
    ** throwing out 1 trial vectors **

     22  0 *    -386.81892112     6.57e-11      0.33
     22  1      -386.64469096     3.69e-10      0.00
    ** throwing out 1 trial vectors **

     23  0 *    -386.81892112     6.54e-11      0.34
     23  1      -386.64469096     1.60e-10      0.00
    ** throwing out 1 trial vectors **

     24  0 *    -386.81892112     6.53e-11      0.24
     24  1 *    -386.64469096     7.28e-11      0.00

     * ci vector   0, <S^2> = -0.0000, E =     -386.81892112
       222222......     0.9073816512
       222.22..2...    -0.1872347317
       2222.22.....    -0.1257338444
       22222..2....    -0.1147997351
       2.2222....2.    -0.0831873865
       22222ab.....    -0.0719819957
       22222ba.....    -0.0719819957
       2222bbaa....     0.0682950158
       2222aabb....     0.0682950158
       2222baba....     0.0660041449
       2222abab....     0.0660041449
       22222.2.....    -0.0628601993
       .22222.....2    -0.0624115565

     * ci vector   1, <S^2> = -0.0000, E =     -386.64469096
       22222ab.....    -0.5668446955
       22222ba.....    -0.5668446955
       2222b2.a....    -0.2325727700
       2222a2.b....    -0.2325727700
       222.2ab.2...     0.1166016260
       222.2ba.2...     0.1166016260
       222222......    -0.1119267619
       22a2b22.....    -0.0934048886
       22b2a22.....    -0.0934048886
       22222..a.b..     0.0803040008
       22222..b.a..     0.0803040008
       2222abb..a..     0.0655090960
       2222baa..b..     0.0655090960
       2222ab2.....     0.0630868740
       2222ba2.....     0.0630868740
       22a2b2ba....    -0.0582182874
       22b2a2ab....    -0.0582182874
       22a22b2.....     0.0580861761
       22b22a2.....     0.0580861761
       22b22aab....    -0.0566486450
       22a22bba....    -0.0566486450
       2222.2b..a..    -0.0560388751
       2222.2a..b..    -0.0560388751
       22222.a..b..     0.0558751560
       22222.b..a..     0.0558751560
       22b22a.2....    -0.0536255964
       22a22b.2....    -0.0536255964
       2.222ab...2.     0.0516938589
       2.222ba...2.     0.0516938589
       - FCI and RDMs                             14.88
    * Integral transformation done. Elapsed time: 0.08

       - jop, kop                                  0.00
       - denom                                     0.02
     guess   0:   closed 111111......         open ............        
     guess   1:   closed 11111.......         open .....11.....        

  === FCI iteration ===

      0  0      -386.68660972     3.84e-04      0.60
      0  1      -386.45792679     4.07e-04      0.00

      1  0      -386.79696685     1.81e-04      0.61
      1  1      -386.58994634     2.45e-04      0.00

      2  0      -386.81520786     7.99e-05      0.61
      2  1      -386.63049864     1.31e-04      0.00

      3  0      -386.81831363     3.36e-05      0.62
      3  1      -386.64075341     6.86e-05      0.00

      4  0      -386.81882856     1.35e-05      0.61
      4  1      -386.64349210     3.81e-05      0.00

      5  0      -386.81890721     5.46e-06      0.62
      5  1      -386.64432233     2.09e-05      0.00

      6  0      -386.81891930     2.18e-06      0.61
      6  1      -386.64455886     1.14e-05      0.00

      7  0      -386.81892121     8.72e-07      0.62
      7  1      -386.64463095     6.66e-06      0.00

      8  0      -386.81892154     3.80e-07      0.62
      8  1      -386.64466391     5.08e-06      0.00

      9  0      -386.81892160     1.56e-07      0.61
      9  1      -386.64468231     3.53e-06      0.00

     10  0      -386.81892161     5.95e-08      0.62
     10  1      -386.64468866     1.78e-06      0.00

     11  0      -386.81892161     2.07e-08      0.62
     11  1      -386.64469010     7.79e-07      0.00

     12  0      -386.81892161     7.45e-09      0.62
     12  1      -386.64469038     3.59e-07      0.00

     13  0      -386.81892161     2.95e-09      0.62
     13  1      -386.64469045     1.90e-07      0.00

     14  0      -386.81892161     1.21e-09      0.63
     14  1      -386.64469046     9.67e-08      0.00

     15  0      -386.81892161     4.72e-10      0.63
     15  1      -386.64469047     4.76e-08      0.00

     16  0      -386.81892161     1.84e-10      0.63
     16  1      -386.64469047     2.48e-08      0.00

     17  0 *    -386.81892161     7.44e-11      0.53
     17  1      -386.64469047     1.41e-08      0.00

     18  0 *    -386.81892161     6.67e-11      0.33
     18  1      -386.64469047     7.86e-09      0.00

     19  0 *    -386.81892161     6.58e-11      0.33
     19  1      -386.64469047     4.04e-09      0.00

     20  0 *    -386.81892161     6.58e-11      0.33
     20  1      -386.64469047     1.91e-09      0.00

     21  0 *    -386.81892161     6.58e-11      0.33
     21  1      -386.64469047     8.50e-10      0.00
    ** throwing out 1 trial vectors **

     22  0 *    -386.81892161     6.57e-11      0.34
     22  1      -386.64469047     3.69e-10      0.00
    ** throwing out 1 trial vectors **

     23  0 *    -386.81892161     6.54e-11      0.34
     23  1      -386.64469047     1.60e-10      0.00
    ** throwing out 1 trial vectors **

     24  0 *    -386.81892161     6.53e-11      0.24
     24  1 *    -386.64469047     7.28e-11      0.00

     * ci vector   0, <S^2> = -0.0000, E =     -386.81892161
       222222......     0.9073819948
       222.22..2...    -0.1872334459
       2222.22.....    -0.1257404048
       22222..2....    -0.1147979405
       2.2222....2.    -0.0831900569
       22222ab.....    -0.0719773798
       22222ba.....    -0.0719773798
       2222aabb....     0.0682954550
       2222bbaa....     0.0682954550
       2222abab....     0.0660073107
       2222baba....     0.0660073107
       22222.2.....    -0.0628619127
       .22222.....2    -0.0624126623

     * ci vector   1, <S^2> = 0.0000, E =     -386.64469047
       22222ab.....    -0.5668394964
       22222ba.....    -0.5668394964
       2222b2.a....    -0.2325828306
       2222a2.b....    -0.2325828306
       222.2ab.2...     0.1165997267
       222.2ba.2...     0.1165997267
       222222......    -0.1119234858
       22a2b22.....    -0.0934166672
       22b2a22.....    -0.0934166672
       22222..a.b..     0.0802961590
       22222..b.a..     0.0802961590
       2222abb..a..     0.0654955254
       2222baa..b..     0.0654955254
       2222ab2.....     0.0630822716
       2222ba2.....     0.0630822716
       22a2b2ba....    -0.0582122057
       22b2a2ab....    -0.0582122057
       22a22b2.....     0.0580810390
       22b22a2.....     0.0580810390
       22b22aab....    -0.0566610180
       22a22bba....    -0.0566610180
       2222.2b..a..    -0.0560503757
       2222.2a..b..    -0.0560503757
       22222.a..b..     0.0558875732
       22222.b..a..     0.0558875732
       22b22a.2....    -0.0536194010
       22a22b.2....    -0.0536194010
       2.222ab...2.     0.0516949709
       2.222ba...2.     0.0516949709
       - FCI and RDMs                             14.82
    * Integral transformation done. Elapsed time: 0.08

       - jop, kop                                  0.00
       - denom                                     0.02
     guess   0:   closed 111111......         open ............        
     guess   1:   closed 11111.......         open .....11.....        

  === FCI iteration ===

      0  0      -386.68660920     3.84e-04      0.60
      0  1      -386.45792400     4.07e-04      0.00

      1  0      -386.79696693     1.81e-04      0.61
      1  1      -386.58994442     2.45e-04      0.00

      2  0      -386.81520812     7.99e-05      0.61
      2  1      -386.63049788     1.31e-04      0.00

      3  0      -386.81831390     3.36e-05      0.61
      3  1      -386.64075297     6.86e-05      0.00

      4  0      -386.81882883     1.35e-05      0.61
      4  1      -386.64349179     3.82e-05      0.00

      5  0      -386.81890748     5.46e-06      0.61
      5  1      -386.64432205     2.09e-05      0.00

      6  0      -386.81891957     2.18e-06      0.61
      6  1      -386.64455859     1.14e-05      0.00

      7  0      -386.81892148     8.72e-07      0.61
      7  1      -386.64463068     6.66e-06      0.00

      8  0      -386.81892181     3.80e-07      0.61
      8  1      -386.64466364     5.08e-06      0.00

      9  0      -386.81892187     1.56e-07      0.61
      9  1      -386.64468204     3.53e-06      0.00

     10  0      -386.81892188     5.95e-08      0.61
     10  1      -386.64468839     1.78e-06      0.00

     11  0      -386.81892188     2.07e-08      0.61
     11  1      -386.64468983     7.79e-07      0.00

     12  0      -386.81892188     7.45e-09      0.63
     12  1      -386.64469011     3.59e-07      0.00

     13  0      -386.81892188     2.95e-09      0.65
     13  1      -386.64469018     1.90e-07      0.00

     14  0      -386.81892188     1.21e-09      0.65
     14  1      -386.64469019     9.67e-08      0.00

     15  0      -386.81892188     4.72e-10      0.65
     15  1      -386.64469020     4.76e-08      0.00

     16  0      -386.81892188     1.84e-10      0.66
     16  1      -386.64469020     2.48e-08      0.00

     17  0 *    -386.81892188     7.44e-11      0.55
     17  1      -386.64469020     1.41e-08      0.00

     18  0 *    -386.81892188     6.67e-11      0.34
     18  1      -386.64469020     7.86e-09      0.00

     19  0 *    -386.81892188     6.58e-11      0.35
     19  1      -386.64469020     4.04e-09      0.00

     20  0 *    -386.81892188     6.58e-11      0.34
     20  1      -386.64469020     1.91e-09      0.00

     21  0 *    -386.81892188     6.58e-11      0.35
     21  1      -386.64469020     8.50e-10      0.00
    ** throwing out 1 trial vectors **

     22  0 *    -386.81892188     6.57e-11      0.35
     22  1      -386.64469020     3.69e-10      0.00
    ** throwing out 1 trial vectors **

     23  0 *    -386.81892188     6.54e-11      0.35
     23  1      -386.64469020     1.60e-10      0.00
    ** throwing out 1 trial vectors **

     24  0 *    -386.81892188     6.53e-11      0.24
     24  1 *    -386.64469020     7.28e-11      0.00

     * ci vector   0, <S^2> = -0.0000, E =     -386.81892188
       222222......     0.9073821870
       222.22..2...    -0.1872327457
       2222.22.....    -0.1257439926
       22222..2....    -0.1147969545
       2.2222....2.    -0.0831915107
       22222ba.....    -0.0719748324
       22222ab.....    -0.0719748324
       2222bbaa....     0.0682956930
       2222aabb....     0.0682956930
       2222baba....     0.0660090344
       2222abab....     0.0660090344
       22222.2.....    -0.0628628537
       .22222.....2    -0.0624132621

     * ci vector   1, <S^2> = -0.0000, E =     -386.64469020
       22222ba.....    -0.5668366663
       22222ab.....    -0.5668366663
       2222a2.b....    -0.2325883111
       2222b2.a....    -0.2325883111
       222.2ba.2...     0.1165986917
       222.2ab.2...     0.1165986917
       222222......    -0.1119216694
       22b2a22.....    -0.0934231128
       22a2b22.....    -0.0934231128
       22222..b.a..     0.0802918590
       22222..a.b..     0.0802918590
       2222baa..b..     0.0654880908
       2222abb..a..     0.0654880908
       2222ba2.....     0.0630797465
       2222ab2.....     0.0630797465
       22b2a2ab....    -0.0582088646
       22a2b2ba....    -0.0582088646
       22b22a2.....     0.0580782183
       22a22b2.....     0.0580782183
       22a22bba....    -0.0566677920
       22b22aab....    -0.0566677920
       2222.2a..b..    -0.0560566724
       2222.2b..a..    -0.0560566724
       22222.b..a..     0.0558943716
       22222.a..b..     0.0558943716
       22a22b.2....    -0.0536160012
       22b22a.2....    -0.0536160012
       2.222ba...2.     0.0516955760
       2.222ab...2.     0.0516955760
       - FCI and RDMs                             15.03
    * Integral transformation done. Elapsed time: 0.08

       - jop, kop                                  0.00
       - denom                                     0.02
     guess   0:   closed 111111......         open ............        
     guess   1:   closed 11111.......         open .....11.....        

  === FCI iteration ===

      0  0      -386.68660892     3.84e-04      0.60
      0  1      -386.45792247     4.07e-04      0.00

      1  0      -386.79696698     1.81e-04      0.60
      1  1      -386.58994337     2.45e-04      0.00

      2  0      -386.81520826     7.99e-05      0.61
      2  1      -386.63049746     1.31e-04      0.00

      3  0      -386.81831405     3.36e-05      0.61
      3  1      -386.64075273     6.86e-05      0.00

      4  0      -386.81882898     1.35e-05      0.61
      4  1      -386.64349161     3.82e-05      0.00

      5  0      -386.81890763     5.46e-06      0.61
      5  1      -386.64432190     2.09e-05      0.00

      6  0      -386.81891972     2.18e-06      0.61
      6  1      -386.64455844     1.14e-05      0.00

      7  0      -386.81892163     8.72e-07      0.61
      7  1      -386.64463054     6.66e-06      0.00

      8  0      -386.81892196     3.80e-07      0.61
      8  1      -386.64466349     5.08e-06      0.00

      9  0      -386.81892202     1.56e-07      0.61
      9  1      -386.64468189     3.53e-06      0.00

     10  0      -386.81892203     5.95e-08      0.61
     10  1      -386.64468824     1.78e-06      0.00

     11  0      -386.81892203     2.07e-08      0.62
     11  1      -386.64468968     7.79e-07      0.00

     12  0      -386.81892203     7.45e-09      0.62
     12  1      -386.64468996     3.59e-07      0.00

     13  0      -386.81892203     2.95e-09      0.61
     13  1      -386.64469003     1.90e-07      0.00

     14  0      -386.81892203     1.21e-09      0.61
     14  1      -386.64469005     9.67e-08      0.00

     15  0      -386.81892203     4.72e-10      0.61
     15  1      -386.64469005     4.76e-08      0.00

     16  0      -386.81892203     1.84e-10      0.64
     16  1      -386.64469005     2.48e-08      0.00

     17  0 *    -386.81892203     7.44e-11      0.55
     17  1      -386.64469005     1.41e-08      0.00

     18  0 *    -386.81892203     6.67e-11      0.35
     18  1      -386.64469005     7.86e-09      0.00

     19  0 *    -386.81892203     6.58e-11      0.35
     19  1      -386.64469005     4.04e-09      0.00

     20  0 *    -386.81892203     6.58e-11      0.34
     20  1      -386.64469005     1.91e-09      0.00

     21  0 *    -386.81892203     6.58e-11      0.35
     21  1      -386.64469005     8.50e-10      0.00
    ** throwing out 1 trial vectors **

     22  0 *    -386.81892203     6.57e-11      0.35
     22  1      -386.64469005     3.69e-10      0.00
    ** throwing out 1 trial vectors **

     23  0 *    -386.81892203     6.54e-11      0.35
     23  1      -386.64469005     1.60e-10      0.00
    ** throwing out 1 trial vectors **

     24  0 *    -386.81892203     6.53e-11      0.24
     24  1 *    -386.64469005     7.28e-11      0.00

     * ci vector   0, <S^2> = 0.0000, E =     -386.81892203
       222222......     0.9073822933
       222.22..2...    -0.1872323636
       2222.22.....    -0.1257459540
       22222..2....    -0.1147964138
       2.2222....2.    -0.0831923035
       22222ba.....    -0.0719734338
       22222ab.....    -0.0719734338
       2222bbaa....     0.0682958226
       2222aabb....     0.0682958226
       2222abab....     0.0660099746
       2222baba....     0.0660099746
       22222.2.....    -0.0628633693
       .22222.....2    -0.0624135886

     * ci vector   1, <S^2> = 0.0000, E =     -386.64469005
       22222ba.....    -0.5668351231
       22222ab.....    -0.5668351231
       2222a2.b....    -0.2325913007
       2222b2.a....    -0.2325913007
       222.2ba.2...     0.1165981269
       222.2ab.2...     0.1165981269
       222222......    -0.1119206700
       22b2a22.....    -0.0934266380
       22a2b22.....    -0.0934266380
       22222..b.a..     0.0802895045
       22222..a.b..     0.0802895045
       2222baa..b..     0.0654840221
       2222abb..a..     0.0654840221
       2222ba2.....     0.0630783634
       2222ab2.....     0.0630783634
       22b2a2ab....    -0.0582070333
       22a2b2ba....    -0.0582070333
       22b22a2.....     0.0580766723
       22a22b2.....     0.0580766723
       22a22bba....    -0.0566714983
       22b22aab....    -0.0566714983
       2222.2a..b..    -0.0560601173
       2222.2b..a..    -0.0560601173
       22222.b..a..     0.0558980908
       22222.a..b..     0.0558980908
       22a22b.2....    -0.0536141387
       22b22a.2....    -0.0536141387
       2.222ba...2.     0.0516959059
       2.222ab...2.     0.0516959059
       - FCI and RDMs                             14.95
    * Integral transformation done. Elapsed time: 0.08

       - jop, kop                                  0.00
       - denom                                     0.02
     guess   0:   closed 111111......         open ............        
     guess   1:   closed 11111.......         open .....11.....        

  === FCI iteration ===

      0  0      -386.68660877     3.84e-04      0.59
      0  1      -386.45792164     4.07e-04      0.00

      1  0      -386.79696700     1.81e-04      0.61
      1  1      -386.58994280     2.45e-04      0.00

      2  0      -386.81520834     7.99e-05      0.61
      2  1      -386.63049723     1.31e-04      0.00

      3  0      -386.81831413     3.36e-05      0.61
      3  1      -386.64075260     6.86e-05      0.00

      4  0      -386.81882906     1.35e-05      0.61
      4  1      -386.64349152     3.82e-05      0.00

      5  0      -386.81890771     5.46e-06      0.61
      5  1      -386.64432182     2.09e-05      0.00

      6  0      -386.81891980     2.18e-06      0.61
      6  1      -386.64455836     1.14e-05      0.00

      7  0      -386.81892171     8.72e-07      0.61
      7  1      -386.64463046     6.66e-06      0.00

      8  0      -386.81892204     3.80e-07      0.62
      8  1      -386.64466341     5.08e-06      0.00

      9  0      -386.81892210     1.56e-07      0.62
      9  1      -386.64468181     3.53e-06      0.00

     10  0      -386.81892211     5.95e-08      0.61
     10  1      -386.64468816     1.78e-06      0.00

     11  0      -386.81892211     2.07e-08      0.61
     11  1      -386.64468960     7.79e-07      0.00

     12  0      -386.81892211     7.45e-09      0.62
     12  1      -386.64468988     3.59e-07      0.00

     13  0      -386.81892211     2.95e-09      0.62
     13  1      -386.64468995     1.90e-07      0.00

     14  0      -386.81892211     1.21e-09      0.63
     14  1      -386.64468997     9.67e-08      0.00

     15  0      -386.81892211     4.72e-10      0.63
     15  1      -386.64468997     4.76e-08      0.00

     16  0      -386.81892211     1.84e-10      0.62
     16  1      -386.64468997     2.48e-08      0.00

     17  0 *    -386.81892211     7.44e-11      0.53
     17  1      -386.64468997     1.41e-08      0.00

     18  0 *    -386.81892211     6.67e-11      0.33
     18  1      -386.64468997     7.86e-09      0.00

     19  0 *    -386.81892211     6.58e-11      0.33
     19  1      -386.64468997     4.04e-09      0.00

     20  0 *    -386.81892211     6.58e-11      0.33
     20  1      -386.64468997     1.91e-09      0.00

     21  0 *    -386.81892211     6.58e-11      0.33
     21  1      -386.64468997     8.50e-10      0.00
    ** throwing out 1 trial vectors **

     22  0 *    -386.81892211     6.57e-11      0.33
     22  1      -386.64468997     3.69e-10      0.00
    ** throwing out 1 trial vectors **

     23  0 *    -386.81892211     6.54e-11      0.34
     23  1      -386.64468997     1.60e-10      0.00
    ** throwing out 1 trial vectors **

     24  0 *    -386.81892211     6.53e-11      0.24
     24  1 *    -386.64468997     7.29e-11      0.00

     * ci vector   0, <S^2> = 0.0000, E =     -386.81892211
       222222......     0.9073823517
       222.22..2...    -0.1872321549
       2222.22.....    -0.1257470261
       22222..2....    -0.1147961177
       2.2222....2.    -0.0831927363
       22222ab.....    -0.0719726681
       22222ba.....    -0.0719726681
       2222aabb....     0.0682958932
       2222bbaa....     0.0682958932
       2222baba....     0.0660104877
       2222abab....     0.0660104877
       22222.2.....    -0.0628636514
       .22222.....2    -0.0624137666

     * ci vector   1, <S^2> = 0.0000, E =     -386.64468997
       22222ba.....    -0.5668342808
       22222ab.....    -0.5668342808
       2222a2.b....    -0.2325929327
       2222b2.a....    -0.2325929327
       222.2ba.2...     0.1165978185
       222.2ab.2...     0.1165978185
       222222......    -0.1119201222
       22a2b22.....    -0.0934285654
       22b2a22.....    -0.0934285654
       22222..b.a..     0.0802882164
       22222..a.b..     0.0802882164
       2222abb..a..     0.0654817970
       2222baa..b..     0.0654817970
       2222ba2.....     0.0630776066
       2222ab2.....     0.0630776066
       22b2a2ab....    -0.0582060309
       22a2b2ba....    -0.0582060309
       22a22b2.....     0.0580758261
       22b22a2.....     0.0580758261
       22b22aab....    -0.0566735250
       22a22bba....    -0.0566735250
       2222.2a..b..    -0.0560620010
       2222.2b..a..    -0.0560620010
       22222.a..b..     0.0559001244
       22222.b..a..     0.0559001244
       22a22b.2....    -0.0536131195
       22b22a.2....    -0.0536131195
       2.222ba...2.     0.0516960860
       2.222ab...2.     0.0516960860
       - FCI and RDMs                             14.78
    * Integral transformation done. Elapsed time: 0.08

       - jop, kop                                  0.00
       - denom                                     0.02
     guess   0:   closed 111111......         open ............        
     guess   1:   closed 11111.......         open .....11.....        

  === FCI iteration ===

      0  0      -386.68660868     3.84e-04      0.60
      0  1      -386.45792118     4.07e-04      0.00

      1  0      -386.79696701     1.81e-04      0.61
      1  1      -386.58994249     2.45e-04      0.00

      2  0      -386.81520838     7.99e-05      0.61
      2  1      -386.63049711     1.31e-04      0.00

      3  0      -386.81831418     3.36e-05      0.61
      3  1      -386.64075253     6.86e-05      0.00

      4  0      -386.81882911     1.35e-05      0.61
      4  1      -386.64349147     3.82e-05      0.00

      5  0      -386.81890776     5.46e-06      0.61
      5  1      -386.64432177     2.09e-05      0.00

      6  0      -386.81891984     2.18e-06      0.61
      6  1      -386.64455831     1.14e-05      0.00

      7  0      -386.81892175     8.72e-07      0.61
      7  1      -386.64463041     6.66e-06      0.00

      8  0      -386.81892208     3.80e-07      0.61
      8  1      -386.64466337     5.08e-06      0.00

      9  0      -386.81892214     1.56e-07      0.62
      9  1      -386.64468177     3.53e-06      0.00

     10  0      -386.81892215     5.95e-08      0.62
     10  1      -386.64468812     1.78e-06      0.00

     11  0      -386.81892215     2.07e-08      0.62
     11  1      -386.64468956     7.79e-07      0.00

     12  0      -386.81892215     7.45e-09      0.62
     12  1      -386.64468984     3.59e-07      0.00

     13  0      -386.81892215     2.95e-09      0.62
     13  1      -386.64468990     1.90e-07      0.00

     14  0      -386.81892215     1.21e-09      0.63
     14  1      -386.64468992     9.67e-08      0.00

     15  0      -386.81892215     4.72e-10      0.62
     15  1      -386.64468993     4.76e-08      0.00

     16  0      -386.81892215     1.84e-10      0.62
     16  1      -386.64468993     2.48e-08      0.00

     17  0 *    -386.81892215     7.44e-11      0.53
     17  1      -386.64468993     1.41e-08      0.00

     18  0 *    -386.81892215     6.67e-11      0.33
     18  1      -386.64468993     7.86e-09      0.00

     19  0 *    -386.81892215     6.58e-11      0.33
     19  1      -386.64468993     4.04e-09      0.00

     20  0 *    -386.81892215     6.58e-11      0.33
     20  1      -386.64468993     1.91e-09      0.00

     21  0 *    -386.81892215     6.58e-11      0.33
     21  1      -386.64468993     8.50e-10      0.00
    ** throwing out 1 trial vectors **

     22  0 *    -386.81892215     6.57e-11      0.34
     22  1      -386.64468993     3.69e-10      0.00
    ** throwing out 1 trial vectors **

     23  0 *    -386.81892215     6.54e-11      0.34
     23  1      -386.64468993     1.60e-10      0.00
    ** throwing out 1 trial vectors **

     24  0 *    -386.81892215     6.53e-11      0.24
     24  1 *    -386.64468993     7.29e-11      0.00

     * ci vector   0, <S^2> = 0.0000, E =     -386.81892215
       222222......     0.9073823838
       222.22..2...    -0.1872320409
       2222.22.....    -0.1257476119
       22222..2....    -0.1147959556
       2.2222....2.    -0.0831929726
       22222ba.....    -0.0719722488
       22222ab.....    -0.0719722488
       2222bbaa....     0.0682959318
       2222aabb....     0.0682959318
       2222abab....     0.0660107679
       2222baba....     0.0660107679
       22222.2.....    -0.0628638057
       .22222.....2    -0.0624138638

     * ci vector   1, <S^2> = -0.0000, E =     -386.64468993
       22222ba.....    -0.5668338209
       22222ab.....    -0.5668338209
       2222b2.a....    -0.2325938239
       2222a2.b....    -0.2325938239
       222.2ba.2...     0.1165976501
       222.2ab.2...     0.1165976501
       222222......    -0.1119198220
       22b2a22.....    -0.0934296188
       22a2b22.....    -0.0934296188
       22222..b.a..     0.0802875120
       22222..a.b..     0.0802875120
       2222baa..b..     0.0654805806
       2222abb..a..     0.0654805806
       2222ab2.....     0.0630771931
       2222ba2.....     0.0630771931
       22b2a2ab....    -0.0582054825
       22a2b2ba....    -0.0582054825
       22b22a2.....     0.0580753631
       22a22b2.....     0.0580753631
       22a22bba....    -0.0566746330
       22b22aab....    -0.0566746330
       2222.2b..a..    -0.0560630308
       2222.2a..b..    -0.0560630308
       22222.b..a..     0.0559012363
       22222.a..b..     0.0559012363
       22a22b.2....    -0.0536125621
       22b22a.2....    -0.0536125621
       2.222ba...2.     0.0516961843
       2.222ab...2.     0.0516961843
       - FCI and RDMs                             14.78
    * Integral transformation done. Elapsed time: 0.08

       - jop, kop                                  0.00
       - denom                                     0.02
     guess   0:   closed 111111......         open ............        
     guess   1:   closed 11111.......         open .....11.....        

  === FCI iteration ===

      0  0      -386.68660864     3.84e-04      0.60
      0  1      -386.45792093     4.07e-04      0.00

      1  0      -386.79696702     1.81e-04      0.61
      1  1      -386.58994232     2.45e-04      0.00

      2  0      -386.81520840     7.99e-05      0.61
      2  1      -386.63049704     1.31e-04      0.00

      3  0      -386.81831420     3.36e-05      0.61
      3  1      -386.64075249     6.86e-05      0.00

      4  0      -386.81882913     1.35e-05      0.61
      4  1      -386.64349144     3.82e-05      0.00

      5  0      -386.81890778     5.46e-06      0.61
      5  1      -386.64432175     2.09e-05      0.00

      6  0      -386.81891987     2.18e-06      0.62
      6  1      -386.64455829     1.14e-05      0.00

      7  0      -386.81892178     8.72e-07      0.61
      7  1      -386.64463039     6.66e-06      0.00

      8  0      -386.81892211     3.80e-07      0.62
      8  1      -386.64466334     5.08e-06      0.00

      9  0      -386.81892217     1.56e-07      0.61
      9  1      -386.64468174     3.53e-06      0.00

     10  0      -386.81892218     5.95e-08      0.62
     10  1      -386.64468810     1.78e-06      0.00

     11  0      -386.81892218     2.07e-08      0.62
     11  1      -386.64468953     7.79e-07      0.00

     12  0      -386.81892218     7.45e-09      0.62
     12  1      -386.64468981     3.59e-07      0.00

     13  0      -386.81892218     2.95e-09      0.62
     13  1      -386.64468988     1.90e-07      0.00

     14  0      -386.81892218     1.21e-09      0.63
     14  1      -386.64468990     9.67e-08      0.00

     15  0      -386.81892218     4.72e-10      0.62
     15  1      -386.64468990     4.76e-08      0.00

     16  0      -386.81892218     1.84e-10      0.62
     16  1      -386.64468990     2.48e-08      0.00

     17  0 *    -386.81892218     7.44e-11      0.52
     17  1      -386.64468990     1.41e-08      0.00

     18  0 *    -386.81892218     6.67e-11      0.33
     18  1      -386.64468990     7.86e-09      0.00

     19  0 *    -386.81892218     6.58e-11      0.33
     19  1      -386.64468990     4.04e-09      0.00

     20  0 *    -386.81892218     6.58e-11      0.33
     20  1      -386.64468990     1.91e-09      0.00

     21  0 *    -386.81892218     6.58e-11      0.33
     21  1      -386.64468990     8.50e-10      0.00
    ** throwing out 1 trial vectors **

     22  0 *    -386.81892218     6.57e-11      0.33
     22  1      -386.64468990     3.69e-10      0.00
    ** throwing out 1 trial vectors **

     23  0 *    -386.81892218     6.54e-11      0.34
     23  1      -386.64468990     1.60e-10      0.00
    ** throwing out 1 trial vectors **

     24  0 *    -386.81892218     6.53e-11      0.24
     24  1 *    -386.64468990     7.29e-11      0.00

     * ci vector   0, <S^2> = 0.0000, E =     -386.81892218
       222222......     0.9073824012
       222.22..2...    -0.1872319786
       2222.22.....    -0.1257479321
       22222..2....    -0.1147958669
       2.2222....2.    -0.0831931017
       22222ab.....    -0.0719720201
       22222ba.....    -0.0719720201
       2222bbaa....     0.0682959529
       2222aabb....     0.0682959529
       2222baba....     0.0660109210
       2222abab....     0.0660109210
       22222.2.....    -0.0628638900
       .22222.....2    -0.0624139169

     * ci vector   1, <S^2> = 0.0000, E =     -386.64468990
       22222ab.....    -0.5668335697
       22222ba.....    -0.5668335697
       2222b2.a....    -0.2325943107
       2222a2.b....    -0.2325943107
       222.2ab.2...     0.1165975580
       222.2ba.2...     0.1165975580
       222222......    -0.1119196584
       22a2b22.....    -0.0934301946
       22b2a22.....    -0.0934301946
       22222..a.b..     0.0802871269
       22222..b.a..     0.0802871269
       2222abb..a..     0.0654799157
       2222baa..b..     0.0654799157
       2222ba2.....     0.0630769668
       2222ab2.....     0.0630769668
       22a2b2ba....    -0.0582051827
       22b2a2ab....    -0.0582051827
       22a22b2.....     0.0580751098
       22b22a2.....     0.0580751098
       22b22aab....    -0.0566752387
       22a22bba....    -0.0566752387
       2222.2b..a..    -0.0560635936
       2222.2a..b..    -0.0560635936
       22222.a..b..     0.0559018439
       22222.b..a..     0.0559018439
       22b22a.2....    -0.0536122573
       22a22b.2....    -0.0536122573
       2.222ab...2.     0.0516962380
       2.222ba...2.     0.0516962380
       - FCI and RDMs                             14.77
    * Integral transformation done. Elapsed time: 0.08

       - jop, kop                                  0.00
       - denom                                     0.02
     guess   0:   closed 111111......         open ............        
     guess   1:   closed 11111.......         open .....11.....        

  === FCI iteration ===

      0  0      -386.68660861     3.84e-04      0.60
      0  1      -386.45792080     4.07e-04      0.00

      1  0      -386.79696702     1.81e-04      0.60
      1  1      -386.58994223     2.45e-04      0.00

      2  0      -386.81520842     7.99e-05      0.61
      2  1      -386.63049701     1.31e-04      0.00

      3  0      -386.81831422     3.36e-05      0.61
      3  1      -386.64075247     6.86e-05      0.00

      4  0      -386.81882914     1.35e-05      0.61
      4  1      -386.64349142     3.82e-05      0.00

      5  0      -386.81890779     5.46e-06      0.61
      5  1      -386.64432173     2.09e-05      0.00

      6  0      -386.81891988     2.18e-06      0.61
      6  1      -386.64455828     1.14e-05      0.00

      7  0      -386.81892179     8.72e-07      0.61
      7  1      -386.64463038     6.66e-06      0.00

      8  0      -386.81892212     3.80e-07      0.62
      8  1      -386.64466333     5.08e-06      0.00

      9  0      -386.81892218     1.56e-07      0.62
      9  1      -386.64468173     3.53e-06      0.00

     10  0      -386.81892219     5.95e-08      0.62
     10  1      -386.64468808     1.78e-06      0.00

     11  0      -386.81892219     2.07e-08      0.62
     11  1      -386.64468952     7.79e-07      0.00

     12  0      -386.81892219     7.45e-09      0.62
     12  1      -386.64468980     3.59e-07      0.00

     13  0      -386.81892219     2.95e-09      0.62
     13  1      -386.64468987     1.90e-07      0.00

     14  0      -386.81892219     1.21e-09      0.62
     14  1      -386.64468989     9.67e-08      0.00

     15  0      -386.81892219     4.72e-10      0.62
     15  1      -386.64468989     4.76e-08      0.00

     16  0      -386.81892219     1.84e-10      0.63
     16  1      -386.64468989     2.48e-08      0.00

     17  0 *    -386.81892219     7.44e-11      0.53
     17  1      -386.64468989     1.41e-08      0.00

     18  0 *    -386.81892219     6.67e-11      0.33
     18  1      -386.64468989     7.86e-09      0.00

     19  0 *    -386.81892219     6.58e-11      0.33
     19  1      -386.64468989     4.04e-09      0.00

     20  0 *    -386.81892219     6.58e-11      0.33
     20  1      -386.64468989     1.91e-09      0.00

     21  0 *    -386.81892219     6.58e-11      0.33
     21  1      -386.64468989     8.50e-10      0.00
    ** throwing out 1 trial vectors **

     22  0 *    -386.81892219     6.57e-11      0.34
     22  1      -386.64468989     3.69e-10      0.00
    ** throwing out 1 trial vectors **

     23  0 *    -386.81892219     6.54e-11      0.33
     23  1      -386.64468989     1.60e-10      0.00
    ** throwing out 1 trial vectors **

     24  0 *    -386.81892219     6.53e-11      0.24
     24  1 *    -386.64468989     7.29e-11      0.00

     * ci vector   0, <S^2> = -0.0000, E =     -386.81892219
       222222......     0.9073824108
       222.22..2...    -0.1872319445
       2222.22.....    -0.1257481070
       22222..2....    -0.1147958184
       2.2222....2.    -0.0831931722
       22222ab.....    -0.0719718951
       22222ba.....    -0.0719718951
       2222bbaa....     0.0682959644
       2222aabb....     0.0682959644
       2222baba....     0.0660110046
       2222abab....     0.0660110046
       22222.2.....    -0.0628639362
       .22222.....2    -0.0624139459

     * ci vector   1, <S^2> = -0.0000, E =     -386.64468989
       22222ab.....    -0.5668334324
       22222ba.....    -0.5668334324
       2222b2.a....    -0.2325945767
       2222a2.b....    -0.2325945767
       222.2ab.2...     0.1165975077
       222.2ba.2...     0.1165975077
       222222......    -0.1119195690
       22a2b22.....    -0.0934305094
       22b2a22.....    -0.0934305094
       22222..a.b..     0.0802869164
       22222..b.a..     0.0802869164
       2222abb..a..     0.0654795522
       2222baa..b..     0.0654795522
       2222ab2.....     0.0630768430
       2222ba2.....     0.0630768430
       22a2b2ba....    -0.0582050188
       22b2a2ab....    -0.0582050188
       22a22b2.....     0.0580749713
       22b22a2.....     0.0580749713
       22b22aab....    -0.0566755698
       22a22bba....    -0.0566755698
       2222.2b..a..    -0.0560639013
       2222.2a..b..    -0.0560639013
       22222.a..b..     0.0559021760
       22222.b..a..     0.0559021760
       22b22a.2....    -0.0536120907
       22a22b.2....    -0.0536120907
       2.222ab...2.     0.0516962674
       2.222ba...2.     0.0516962674
       - FCI and RDMs                             14.73
