--------------------------------------------------
JOB FRONT-END 3110229 on wux10
SLURM ENVIRONMENT
--------------------------------------------------
SLURM_JOB_ID                   = 3110229             
SLURM_ARRAY_JOB_ID             = N/A                 
SLURM_ARRAY_TASK_ID            = N/A                 
SLURM_JOB_NAME                 = bagel               
SLURM_JOB_PARTITION            = batch               
SLURM_JOB_NUM_NODES            = 1                   
SLURM_JOB_CPUS_PER_NODE        = 20                  
SLURM_NTASKS                   = 20                  
SLURM_NTASKS_PER_NODE          = N/A                 
--------------------------------------------------
--------------------------------------------------
PBS ENVIRONMENT
--------------------------------------------------
PBS_JOBID                      = 3110229             
PBS_ARRAYID                    = N/A                 
PBS_JOBNAME                    = bagel               
PBS_QUEUE                      = batch               
PBS_NUM_NODES                  = 1                   
PBS_NUM_PPN                    = 1                   
PBS_NP                         = 20                  
PBS_NODEFILE                   = /tmp/3110229/nodes  
--------------------------------------------------
  * process grid (5, 4) will be used
    wux10                           
    wux10                           
    wux10                           
    wux10                           
    wux10                           
    wux10                           
    wux10                           
    wux10                           
    wux10                           
    wux10                           
    wux10                           
    wux10                           
    wux10                           
    wux10                           
    wux10                           
    wux10                           
    wux10                           
    wux10                           
    wux10                           
    wux10                           

  * using 20 threads per process

  ===============================================================
    BAGEL - Freshly leavened quantum chemistry                   
  ===============================================================

  *** Geometry ***

  { "atom" : "C", "xyz" : [      4.438550,     -1.038391,      1.134925 ] },
  { "atom" : "C", "xyz" : [      4.197855,      1.652889,      1.538395 ] },
  { "atom" : "C", "xyz" : [      1.916613,      2.849942,      1.389109 ] },
  { "atom" : "N", "xyz" : [     -0.388405,      1.558197,      1.037675 ] },
  { "atom" : "B", "xyz" : [     -0.270789,     -1.282101,      0.230603 ] },
  { "atom" : "C", "xyz" : [      2.405553,     -2.477292,      0.448426 ] },
  { "atom" : "C", "xyz" : [     -2.573860,     -2.598801,     -0.898702 ] },
  { "atom" : "C", "xyz" : [     -4.912797,     -1.196617,     -1.190090 ] },
  { "atom" : "C", "xyz" : [     -4.395209,      1.337723,     -1.139543 ] },
  { "atom" : "C", "xyz" : [     -1.602580,      1.592488,     -1.293574 ] },
  { "atom" : "H", "xyz" : [      6.309149,     -1.891167,      1.368576 ] },
  { "atom" : "H", "xyz" : [      5.860127,      2.797638,      1.966828 ] },
  { "atom" : "H", "xyz" : [      1.728610,      4.888021,      1.685632 ] },
  { "atom" : "H", "xyz" : [      2.687446,     -4.510099,      0.160766 ] },
  { "atom" : "H", "xyz" : [     -2.400705,     -4.531592,     -1.625022 ] },
  { "atom" : "H", "xyz" : [     -6.782731,     -2.070411,     -1.183920 ] },
  { "atom" : "H", "xyz" : [     -5.628768,      2.897529,     -0.577611 ] },
  { "atom" : "H", "xyz" : [     -0.588058,      2.022044,     -3.052471 ] },

  Number of auxiliary basis functions:      884

  Since a DF basis is specified, we compute 2- and 3-index integrals:
    o Being stored without compression. Storage requirement is 0.079 GB
       - 3-index ints prep                         0.00
       - 3-index ints                              0.05
       - 2-index ints                              0.04
       - computing inverse                         0.36
        elapsed time:        0.45 sec.


  Number of basis functions:      106
  Number of electrons      :       68


    * METHOD: MOLECULE                             0.49

       - Overlap matrix                            0.01
       - Hcore matrix                              0.01
       - Overlap orthog                            0.01

  *** RHF ***

  === Nuclear Repulsion ===
  
   455.1428726655

      * DIIS with orbital gradients will be used.

       - SCF startup                               0.51

  === RHF iteration (/home/miaoxin/software/bagel-1.2.2/obj/share/3-21g.json) ===
  
               o Fock build                                  0.17
      0       -384.24960499          0.01244538           0.17
               o DIIS                                        0.00
               o Diag                                        0.01
               o Post process                                0.00
               o Fock build                                  0.26
      1       -384.40485685          0.00527715           0.28
               o DIIS                                        0.00
               o Diag                                        0.01
               o Post process                                0.00
               o Fock build                                  0.25
      2       -384.42830232          0.00193337           0.27
               o DIIS                                        0.00
               o Diag                                        0.01
               o Post process                                0.00
               o Fock build                                  0.25
      3       -384.43272417          0.00064219           0.26
               o DIIS                                        0.00
               o Diag                                        0.01
               o Post process                                0.00
               o Fock build                                  0.20
      4       -384.43320137          0.00017263           0.22
               o DIIS                                        0.00
               o Diag                                        0.01
               o Post process                                0.00
               o Fock build                                  0.19
      5       -384.43331837          0.00011010           0.21
               o DIIS                                        0.00
               o Diag                                        0.01
               o Post process                                0.00
               o Fock build                                  0.16
      6       -384.43335491          0.00005904           0.18
               o DIIS                                        0.00
               o Diag                                        0.01
               o Post process                                0.00
               o Fock build                                  0.25
      7       -384.43337563          0.00002903           0.27
               o DIIS                                        0.00
               o Diag                                        0.01
               o Post process                                0.00
               o Fock build                                  0.17
      8       -384.43337920          0.00001283           0.19
               o DIIS                                        0.00
               o Diag                                        0.01
               o Post process                                0.00
               o Fock build                                  0.17
      9       -384.43337969          0.00000908           0.18
               o DIIS                                        0.00
               o Diag                                        0.01
               o Post process                                0.03
               o Fock build                                  0.29
     10       -384.43338001          0.00000452           0.33
               o DIIS                                        0.00
               o Diag                                        0.01
               o Post process                                0.00
               o Fock build                                  0.19
     11       -384.43338007          0.00000208           0.21
               o DIIS                                        0.00
               o Diag                                        0.01
               o Post process                                0.00
               o Fock build                                  0.16
     12       -384.43338009          0.00000119           0.18
               o DIIS                                        0.00
               o Diag                                        0.01
               o Post process                                0.00
               o Fock build                                  0.20
     13       -384.43338010          0.00000071           0.21
               o DIIS                                        0.00
               o Diag                                        0.01
               o Post process                                0.00
               o Fock build                                  0.20
     14       -384.43338010          0.00000034           0.21
               o DIIS                                        0.00
               o Diag                                        0.01
               o Post process                                0.00
               o Fock build                                  0.16
     15       -384.43338010          0.00000018           0.17
               o DIIS                                        0.00
               o Diag                                        0.01
               o Post process                                0.00
               o Fock build                                  0.26
     16       -384.43338010          0.00000011           0.28
               o DIIS                                        0.00
               o Diag                                        0.01
               o Post process                                0.00
               o Fock build                                  0.20
     17       -384.43338010          0.00000006           0.22
               o DIIS                                        0.00
               o Diag                                        0.01
               o Post process                                0.00
               o Fock build                                  0.20
     18       -384.43338010          0.00000004           0.21
               o DIIS                                        0.00
               o Diag                                        0.01
               o Post process                                0.00
               o Fock build                                  0.26
     19       -384.43338010          0.00000002           0.30
               o DIIS                                        0.03
               o Diag                                        0.01
               o Post process                                0.00
               o Fock build                                  0.20
     20       -384.43338010          0.00000001           0.21
               o DIIS                                        0.00
               o Diag                                        0.01
               o Post process                                0.00
               o Fock build                                  0.16
     21       -384.43338010          0.00000001           0.18
  
    * SCF iteration converged.

    * Permanent dipole moment:
           (   -0.172004,    -0.417157,     0.553288) a.u.

  ---------------------------
      CASSCF calculation     
  ---------------------------

 
    ==== Active orbitals : ===== 
         Orbital 32
         Orbital 33
         Orbital 34
         Orbital 35
         Orbital 36
         Orbital 37
    ============================ 

    * nstate   :      4
    * nclosed  :     31
    * nact     :      6
    * nvirt    :     69
  === CASSCF iteration (/home/miaoxin/software/bagel-1.2.2/obj/share/3-21g.json) ===

    * Using the second-order algorithm

      0  0      -384.46791692     3.08e-03      0.38
      0  1      -384.33071530     0.00e+00      0.38
      0  2      -384.28679392     0.00e+00      0.38
      0  3      -384.27099647     0.00e+00      0.38

         res : 7.10e-02   lamb: 1.00e+00   eps : -2.83e-02   step: 6.05e-01    0.19
         res : 3.15e-02   lamb: 1.00e+00   eps : -3.04e-02   step: 6.21e-01    0.24
         res : 7.77e-03   lamb: 1.00e+00   eps : -3.06e-02   step: 6.11e-01    0.24
         res : 3.17e-03   lamb: 1.00e+00   eps : -3.06e-02   step: 6.10e-01    0.20
         res : 1.16e-03   lamb: 1.00e+00   eps : -3.06e-02   step: 6.11e-01    0.20
         res : 7.60e-04   lamb: 1.00e+00   eps : -3.06e-02   step: 6.11e-01    0.21
         res : 4.70e-04   lamb: 1.00e+00   eps : -3.06e-02   step: 6.11e-01    0.22
         res : 1.91e-04   lamb: 1.00e+00   eps : -3.06e-02   step: 6.11e-01    0.21
         res : 6.36e-05   lamb: 1.00e+00   eps : -3.06e-02   step: 6.11e-01    0.25
         res : 1.84e-05   lamb: 1.00e+00   eps : -3.06e-02   step: 6.11e-01    0.22

      1  0      -384.49178496     1.88e-03      3.09
      1  1      -384.35738516     0.00e+00      3.09
      1  2      -384.33040199     0.00e+00      3.09
      1  3      -384.30448811     0.00e+00      3.09

         res : 5.66e-02   lamb: 1.00e+00   eps : -1.18e-02   step: 2.35e-01    0.19
         res : 2.09e-02   lamb: 1.00e+00   eps : -1.27e-02   step: 2.58e-01    0.20
         res : 8.11e-03   lamb: 1.00e+00   eps : -1.29e-02   step: 2.58e-01    0.23
         res : 1.21e-02   lamb: 1.00e+00   eps : -1.30e-02   step: 2.63e-01    0.22
         res : 1.76e-02   lamb: 1.00e+00   eps : -1.32e-02   step: 3.00e-01    0.20
         res : 2.53e-02   lamb: 1.00e+00   eps : -1.37e-02   step: 5.32e-01    0.21
         res : 1.69e-02   lamb: 1.00e+00   eps : -1.39e-02   step: 6.75e-01    0.24
         res : 4.49e-03   lamb: 1.00e+00   eps : -1.40e-02   step: 7.07e-01    0.22
         res : 1.57e-03   lamb: 1.00e+00   eps : -1.40e-02   step: 7.10e-01    0.20
         res : 4.00e-04   lamb: 1.00e+00   eps : -1.40e-02   step: 7.10e-01    0.20
         res : 1.30e-04   lamb: 1.00e+00   eps : -1.40e-02   step: 7.10e-01    0.22
         res : 4.31e-05   lamb: 1.00e+00   eps : -1.40e-02   step: 7.10e-01    0.26

      2  0      -384.50438347     1.18e-03      3.48
      2  1      -384.36139738     0.00e+00      3.48
      2  2      -384.34307646     0.00e+00      3.48
      2  3      -384.31232688     0.00e+00      3.48

         res : 2.55e-02   lamb: 1.00e+00   eps : -3.66e-03   step: 9.62e-02    0.20
         res : 1.18e-02   lamb: 1.00e+00   eps : -3.86e-03   step: 9.70e-02    0.20
         res : 6.24e-03   lamb: 1.00e+00   eps : -3.92e-03   step: 9.36e-02    0.21
         res : 4.27e-03   lamb: 1.00e+00   eps : -3.93e-03   step: 9.19e-02    0.22
         res : 1.39e-03   lamb: 1.00e+00   eps : -3.94e-03   step: 9.14e-02    0.21
         res : 6.28e-04   lamb: 1.00e+00   eps : -3.94e-03   step: 9.10e-02    0.22
         res : 2.26e-04   lamb: 1.00e+00   eps : -3.94e-03   step: 9.09e-02    0.20
         res : 6.93e-05   lamb: 1.00e+00   eps : -3.94e-03   step: 9.08e-02    0.20
         res : 2.44e-05   lamb: 1.00e+00   eps : -3.94e-03   step: 9.08e-02    0.25
         res : 5.96e-06   lamb: 1.00e+00   eps : -3.94e-03   step: 9.08e-02    0.27

      3  0      -384.50665338     1.84e-04      3.15
      3  1      -384.36259329     0.00e+00      3.15
      3  2      -384.34475928     0.00e+00      3.15
      3  3      -384.31584755     0.00e+00      3.15

         res : 5.70e-03   lamb: 1.00e+00   eps : -1.01e-04   step: 1.69e-02    0.23
         res : 2.72e-03   lamb: 1.00e+00   eps : -1.13e-04   step: 1.98e-02    0.20
         res : 1.66e-03   lamb: 1.00e+00   eps : -1.17e-04   step: 2.11e-02    0.23
         res : 9.44e-04   lamb: 1.00e+00   eps : -1.18e-04   step: 2.18e-02    0.24
         res : 3.27e-04   lamb: 1.00e+00   eps : -1.19e-04   step: 2.24e-02    0.21
         res : 1.48e-04   lamb: 1.00e+00   eps : -1.19e-04   step: 2.24e-02    0.19
         res : 4.27e-05   lamb: 1.00e+00   eps : -1.19e-04   step: 2.24e-02    0.21
         res : 1.70e-05   lamb: 1.00e+00   eps : -1.19e-04   step: 2.24e-02    0.23
         res : 5.01e-06   lamb: 1.00e+00   eps : -1.19e-04   step: 2.24e-02    0.27
         res : 1.51e-06   lamb: 1.00e+00   eps : -1.19e-04   step: 2.24e-02    0.23

      4  0      -384.50700775     6.40e-05      3.15
      4  1      -384.36260985     0.00e+00      3.15
      4  2      -384.34448744     0.00e+00      3.15
      4  3      -384.31606415     0.00e+00      3.15

         res : 1.96e-03   lamb: 1.00e+00   eps : -1.09e-05   step: 5.41e-03    0.19
         res : 9.03e-04   lamb: 1.00e+00   eps : -1.23e-05   step: 6.60e-03    0.21
         res : 5.34e-04   lamb: 1.00e+00   eps : -1.28e-05   step: 7.10e-03    0.21
         res : 2.90e-04   lamb: 1.00e+00   eps : -1.29e-05   step: 7.34e-03    0.20
         res : 1.00e-04   lamb: 1.00e+00   eps : -1.29e-05   step: 7.49e-03    0.22
         res : 4.39e-05   lamb: 1.00e+00   eps : -1.29e-05   step: 7.51e-03    0.20
         res : 1.24e-05   lamb: 1.00e+00   eps : -1.29e-05   step: 7.51e-03    0.21
         res : 5.31e-06   lamb: 1.00e+00   eps : -1.29e-05   step: 7.51e-03    0.26
         res : 1.51e-06   lamb: 1.00e+00   eps : -1.29e-05   step: 7.51e-03    0.22
         res : 4.95e-07   lamb: 1.00e+00   eps : -1.29e-05   step: 7.51e-03    0.20

      5  0      -384.50710389     2.23e-05      2.96
      5  1      -384.36261402     0.00e+00      2.96
      5  2      -384.34437896     0.00e+00      2.96
      5  3      -384.31610693     0.00e+00      2.96

         res : 6.66e-04   lamb: 1.00e+00   eps : -1.24e-06   step: 1.82e-03    0.18
         res : 3.02e-04   lamb: 1.00e+00   eps : -1.41e-06   step: 2.25e-03    0.21
         res : 1.72e-04   lamb: 1.00e+00   eps : -1.46e-06   step: 2.41e-03    0.26
         res : 9.45e-05   lamb: 1.00e+00   eps : -1.47e-06   step: 2.49e-03    0.24
         res : 3.20e-05   lamb: 1.00e+00   eps : -1.47e-06   step: 2.54e-03    0.20
         res : 1.43e-05   lamb: 1.00e+00   eps : -1.47e-06   step: 2.54e-03    0.21
         res : 4.00e-06   lamb: 1.00e+00   eps : -1.47e-06   step: 2.54e-03    0.26
         res : 1.74e-06   lamb: 1.00e+00   eps : -1.47e-06   step: 2.54e-03    0.25
         res : 4.88e-07   lamb: 1.00e+00   eps : -1.47e-06   step: 2.54e-03    0.25
         res : 1.62e-07   lamb: 1.00e+00   eps : -1.47e-06   step: 2.54e-03    0.20

      6  0      -384.50713304     7.75e-06      3.23
      6  1      -384.36261459     0.00e+00      3.23
      6  2      -384.34434586     0.00e+00      3.23
      6  3      -384.31611426     0.00e+00      3.23

         res : 2.28e-04   lamb: 1.00e+00   eps : -1.45e-07   step: 6.21e-04    0.19
         res : 1.01e-04   lamb: 1.00e+00   eps : -1.65e-07   step: 7.75e-04    0.22
         res : 5.53e-05   lamb: 1.00e+00   eps : -1.70e-07   step: 8.27e-04    0.25
         res : 3.18e-05   lamb: 1.00e+00   eps : -1.72e-07   step: 8.52e-04    0.22
         res : 1.05e-05   lamb: 1.00e+00   eps : -1.72e-07   step: 8.67e-04    0.21
         res : 4.79e-06   lamb: 1.00e+00   eps : -1.72e-07   step: 8.69e-04    0.22
         res : 1.33e-06   lamb: 1.00e+00   eps : -1.72e-07   step: 8.69e-04    0.29
         res : 5.87e-07   lamb: 1.00e+00   eps : -1.72e-07   step: 8.69e-04    0.22
         res : 1.63e-07   lamb: 1.00e+00   eps : -1.72e-07   step: 8.69e-04    0.20
         res : 5.42e-08   lamb: 1.00e+00   eps : -1.72e-07   step: 8.69e-04    0.20

      7  0      -384.50714248     2.71e-06      3.05
      7  1      -384.36261457     0.00e+00      3.05
      7  2      -384.34433637     0.00e+00      3.05
      7  3      -384.31611478     0.00e+00      3.05

         res : 7.91e-05   lamb: 1.00e+00   eps : -1.73e-08   step: 2.15e-04    0.20
         res : 3.41e-05   lamb: 1.00e+00   eps : -1.97e-08   step: 2.69e-04    0.25
         res : 1.79e-05   lamb: 1.00e+00   eps : -2.04e-08   step: 2.86e-04    0.23
         res : 1.08e-05   lamb: 1.00e+00   eps : -2.05e-08   step: 2.94e-04    0.21
         res : 3.54e-06   lamb: 1.00e+00   eps : -2.06e-08   step: 2.99e-04    0.21
         res : 1.63e-06   lamb: 1.00e+00   eps : -2.06e-08   step: 2.99e-04    0.21
         res : 4.54e-07   lamb: 1.00e+00   eps : -2.06e-08   step: 2.99e-04    0.28
         res : 2.00e-07   lamb: 1.00e+00   eps : -2.06e-08   step: 2.99e-04    0.23
         res : 5.58e-08   lamb: 1.00e+00   eps : -2.06e-08   step: 2.99e-04    0.20
         res : 1.85e-08   lamb: 1.00e+00   eps : -2.06e-08   step: 2.99e-04    0.20

      8  0      -384.50714565     9.55e-07      3.16
      8  1      -384.36261448     0.00e+00      3.16
      8  2      -384.34433372     0.00e+00      3.16
      8  3      -384.31611442     0.00e+00      3.16

         res : 2.78e-05   lamb: 1.00e+00   eps : -2.11e-09   step: 7.48e-05    0.20
         res : 1.16e-05   lamb: 1.00e+00   eps : -2.40e-09   step: 9.38e-05    0.19
         res : 5.87e-06   lamb: 1.00e+00   eps : -2.48e-09   step: 9.93e-05    0.21
         res : 3.71e-06   lamb: 1.00e+00   eps : -2.49e-09   step: 1.02e-04    0.20
         res : 1.21e-06   lamb: 1.00e+00   eps : -2.50e-09   step: 1.04e-04    0.21
         res : 5.60e-07   lamb: 1.00e+00   eps : -2.50e-09   step: 1.04e-04    0.29
         res : 1.57e-07   lamb: 1.00e+00   eps : -2.50e-09   step: 1.04e-04    0.22
         res : 6.89e-08   lamb: 1.00e+00   eps : -2.50e-09   step: 1.04e-04    0.21
         res : 1.93e-08   lamb: 1.00e+00   eps : -2.50e-09   step: 1.04e-04    0.21
         res : 6.43e-09   lamb: 1.00e+00   eps : -2.50e-09   step: 1.04e-04    0.22

      9  0      -384.50714672     3.40e-07      3.09
      9  1      -384.36261442     0.00e+00      3.09
      9  2      -384.34433298     0.00e+00      3.09
      9  3      -384.31611415     0.00e+00      3.09

         res : 9.85e-06   lamb: 1.00e+00   eps : -2.60e-10   step: 2.61e-05    0.27
         res : 3.94e-06   lamb: 1.00e+00   eps : -2.96e-10   step: 3.29e-05    0.24
         res : 1.95e-06   lamb: 1.00e+00   eps : -3.05e-10   step: 3.47e-05    0.20
         res : 1.27e-06   lamb: 1.00e+00   eps : -3.07e-10   step: 3.56e-05    0.21
         res : 4.17e-07   lamb: 1.00e+00   eps : -3.08e-10   step: 3.61e-05    0.22
         res : 1.93e-07   lamb: 1.00e+00   eps : -3.08e-10   step: 3.62e-05    0.23
         res : 5.46e-08   lamb: 1.00e+00   eps : -3.08e-10   step: 3.62e-05    0.23
         res : 2.38e-08   lamb: 1.00e+00   eps : -3.08e-10   step: 3.62e-05    0.20
         res : 6.73e-09   lamb: 1.00e+00   eps : -3.08e-10   step: 3.62e-05    0.20
         res : 2.26e-09   lamb: 1.00e+00   eps : -3.08e-10   step: 3.62e-05    0.24

     10  0      -384.50714710     1.22e-07      3.10
     10  1      -384.36261438     0.00e+00      3.10
     10  2      -384.34433278     0.00e+00      3.10
     10  3      -384.31611401     0.00e+00      3.10

         res : 3.52e-06   lamb: 1.00e+00   eps : -3.24e-11   step: 9.15e-06    0.20
         res : 1.35e-06   lamb: 1.00e+00   eps : -3.69e-11   step: 1.16e-05    0.24
         res : 6.57e-07   lamb: 1.00e+00   eps : -3.80e-11   step: 1.22e-05    0.21
         res : 4.38e-07   lamb: 1.00e+00   eps : -3.82e-11   step: 1.25e-05    0.21
         res : 1.45e-07   lamb: 1.00e+00   eps : -3.83e-11   step: 1.26e-05    0.28
         res : 6.71e-08   lamb: 1.00e+00   eps : -3.83e-11   step: 1.27e-05    0.25
         res : 1.91e-08   lamb: 1.00e+00   eps : -3.83e-11   step: 1.27e-05    0.21
         res : 8.29e-09   lamb: 1.00e+00   eps : -3.83e-11   step: 1.27e-05    0.20
         res : 2.35e-09   lamb: 1.00e+00   eps : -3.83e-11   step: 1.27e-05    0.21

     11  0      -384.50714723     4.42e-08      2.88
     11  1      -384.36261436     0.00e+00      2.88
     11  2      -384.34433273     0.00e+00      2.88
     11  3      -384.31611395     0.00e+00      2.88

         res : 1.27e-06   lamb: 1.00e+00   eps : -4.08e-12   step: 3.21e-06    0.25
         res : 4.64e-07   lamb: 1.00e+00   eps : -4.64e-12   step: 4.08e-06    0.22
         res : 2.23e-07   lamb: 1.00e+00   eps : -4.78e-12   step: 4.28e-06    0.20
         res : 1.51e-07   lamb: 1.00e+00   eps : -4.81e-12   step: 4.38e-06    0.21
         res : 5.08e-08   lamb: 1.00e+00   eps : -4.81e-12   step: 4.44e-06    0.24
         res : 2.34e-08   lamb: 1.00e+00   eps : -4.82e-12   step: 4.45e-06    0.24
         res : 6.73e-09   lamb: 1.00e+00   eps : -4.82e-12   step: 4.45e-06    0.27
         res : 2.90e-09   lamb: 1.00e+00   eps : -4.82e-12   step: 4.45e-06    0.21

     12  0      -384.50714728     1.61e-08      2.76
     12  1      -384.36261435     0.00e+00      2.76
     12  2      -384.34433272     0.00e+00      2.76
     12  3      -384.31611393     0.00e+00      2.76

         res : 4.60e-07   lamb: 1.00e+00   eps : -5.18e-13   step: 1.13e-06    0.20
         res : 1.60e-07   lamb: 1.00e+00   eps : -5.91e-13   step: 1.44e-06    0.21
         res : 7.69e-08   lamb: 1.00e+00   eps : -6.08e-13   step: 1.51e-06    0.22
         res : 5.25e-08   lamb: 1.00e+00   eps : -6.11e-13   step: 1.55e-06    0.25
         res : 1.79e-08   lamb: 1.00e+00   eps : -6.12e-13   step: 1.57e-06    0.20
         res : 8.15e-09   lamb: 1.00e+00   eps : -6.12e-13   step: 1.57e-06    0.21
         res : 2.37e-09   lamb: 1.00e+00   eps : -6.12e-13   step: 1.57e-06    0.26

     13  0      -384.50714729     5.96e-09      2.46
     13  1      -384.36261435     0.00e+00      2.46
     13  2      -384.34433271     0.00e+00      2.46
     13  3      -384.31611392     0.00e+00      2.46

    * Second-order optimization converged. *   

    * Integral transformation done. Elapsed time: 0.21

     guess   0:   closed 111...               open ......              
     guess   1:   closed 11....               open ..11..              
     guess   2:   closed 11....               open ..1.1.              
     guess   3:   closed 1.1...               open .1.1..              

  === FCI iteration ===

      0  0      -384.43834445     9.26e-03      0.00
      0  1      -384.29608442     8.15e-03      0.00
      0  2      -384.19072753     8.86e-03      0.00
      0  3      -384.16606188     9.48e-03      0.00

      1  0      -384.49587991     4.46e-03      0.00
      1  1      -384.34250945     3.70e-03      0.00
      1  2      -384.26611314     6.63e-03      0.00
      1  3      -384.24211959     5.92e-03      0.00

      2  0      -384.50601973     1.60e-03      0.00
      2  1      -384.35374611     2.64e-03      0.00
      2  2      -384.32095177     5.53e-03      0.00
      2  3      -384.28185717     5.57e-03      0.00

      3  0      -384.50704867     4.97e-04      0.00
      3  1      -384.36044289     1.94e-03      0.00
      3  2      -384.33973306     2.75e-03      0.00
      3  3      -384.30879515     3.38e-03      0.00

      4  0      -384.50713477     1.55e-04      0.00
      4  1      -384.36234586     7.33e-04      0.00
      4  2      -384.34377370     9.17e-04      0.00
      4  3      -384.31518293     1.24e-03      0.00

      5  0      -384.50714520     5.63e-05      0.00
      5  1      -384.36257635     2.44e-04      0.00
      5  2      -384.34423757     3.48e-04      0.00
      5  3      -384.31594376     4.84e-04      0.00

      6  0      -384.50714695     2.36e-05      0.00
      6  1      -384.36260892     8.54e-05      0.00
      6  2      -384.34431382     1.52e-04      0.00
      6  3      -384.31608789     1.89e-04      0.00

      7  0      -384.50714724     1.02e-05      0.00
      7  1      -384.36261357     3.28e-05      0.00
      7  2      -384.34432901     6.61e-05      0.00
      7  3      -384.31610931     7.46e-05      0.00

      8  0      -384.50714729     3.87e-06      0.01
      8  1      -384.36261425     1.18e-05      0.00
      8  2      -384.34433196     2.99e-05      0.00
      8  3      -384.31611300     3.17e-05      0.00

      9  0      -384.50714729     9.11e-07      0.01
      9  1      -384.36261434     3.99e-06      0.00
      9  2      -384.34433263     1.16e-05      0.00
      9  3      -384.31611380     1.30e-05      0.00

     10  0      -384.50714729     2.09e-07      0.01
     10  1      -384.36261435     1.14e-06      0.00
     10  2      -384.34433270     3.64e-06      0.00
     10  3      -384.31611391     4.00e-06      0.00

     11  0      -384.50714729     4.38e-08      0.01
     11  1      -384.36261435     3.16e-07      0.00
     11  2      -384.34433271     9.49e-07      0.00
     11  3      -384.31611392     1.18e-06      0.00

     12  0      -384.50714729     1.07e-08      0.01
     12  1      -384.36261435     8.92e-08      0.00
     12  2      -384.34433271     2.72e-07      0.00
     12  3      -384.31611392     3.84e-07      0.00

     13  0      -384.50714729     2.02e-09      0.01
     13  1      -384.36261435     2.24e-08      0.00
     13  2      -384.34433271     7.76e-08      0.00
     13  3      -384.31611392     1.20e-07      0.00

     14  0      -384.50714729     4.52e-10      0.01
     14  1      -384.36261435     6.62e-09      0.00
     14  2      -384.34433271     1.82e-08      0.00
     14  3      -384.31611392     3.19e-08      0.00

     15  0      -384.50714729     1.01e-10      0.01
     15  1      -384.36261435     1.54e-09      0.00
     15  2      -384.34433271     4.65e-09      0.00
     15  3      -384.31611392     9.57e-09      0.00

     16  0 *    -384.50714729     1.87e-11      0.01
     16  1      -384.36261435     4.02e-10      0.00
     16  2      -384.34433271     1.33e-09      0.00
     16  3      -384.31611392     2.96e-09      0.00

     17  0 *    -384.50714729     1.67e-11      0.01
     17  1 *    -384.36261435     8.93e-11      0.00
     17  2      -384.34433271     3.26e-10      0.00
     17  3      -384.31611392     7.41e-10      0.00

     18  0 *    -384.50714729     1.67e-11      0.04
     18  1 *    -384.36261435     6.69e-11      0.00
     18  2 *    -384.34433271     7.09e-11      0.00
     18  3      -384.31611392     1.85e-10      0.00

     19  0 *    -384.50714729     1.67e-11      0.01
     19  1 *    -384.36261435     6.32e-11      0.00
     19  2 *    -384.34433271     5.31e-11      0.00
     19  3 *    -384.31611392     5.03e-11      0.00

     * ci vector, state   0, <S^2> = 0.0000
       222...     0.7083153654
       22ba..     0.4230089964
       22ab..     0.4230089964
       2.2.2.    -0.0879798833
       a2bb.a     0.0875113294
       b2aa.b     0.0875113294
       b22a..    -0.0629999054
       a22b..    -0.0629999054
       2.ab2.    -0.0528800804
       2.ba2.    -0.0528800804
       .22..2    -0.0516967530
       2abb.a     0.0514631927
       2baa.b     0.0514631927

     * ci vector, state   1, <S^2> = -0.0000
       222...    -0.3864194783
       22ab..     0.3767698480
       22ba..     0.3767698480
       b22a..     0.2374141971
       a22b..     0.2374141971
       2a2b..     0.2245054344
       2b2a..     0.2245054344
       22.a.b     0.2021840057
       22.b.a     0.2021840057
       22b.a.     0.1421902238
       22a.b.     0.1421902238
       2abba.     0.1277661699
       2baab.     0.1277661699
       22a..b     0.1079546503
       22b..a     0.1079546503
       22...2     0.1049209703
       2ba2..    -0.0755503154
       2ab2..    -0.0755503154
       2aabb.    -0.0738330360
       2bbaa.    -0.0738330360
       .22b.a    -0.0714464468
       .22a.b    -0.0714464468
       2.ab2.    -0.0674170426
       2.ba2.    -0.0674170426
       22.2..    -0.0628069691
       .222..     0.0578582140
       2.2.2.     0.0570933873
       b2.a.2     0.0563443146
       a2.b.2     0.0563443146
       2baba.     0.0539331338
       2abab.     0.0539331338
       2b.a.2     0.0516761284
       2a.b.2     0.0516761284

     * ci vector, state   2, <S^2> = -0.0000
       22.ab.     0.2840804198
       22.ba.     0.2840804198
       2b2a..     0.2802069660
       2a2b..     0.2802069660
       222...     0.2547082485
       2abba.    -0.1925985656
       2baab.    -0.1925985656
       22b.a.    -0.1632046821
       22a.b.    -0.1632046821
       b2aab.     0.1592422412
       a2bba.     0.1592422412
       22.b.a     0.1566117013
       22.a.b     0.1566117013
       22ab..    -0.1545000881
       22ba..    -0.1545000881
       a22b..     0.1428891755
       b22a..     0.1428891755
       22b..a     0.1314444409
       22a..b     0.1314444409
       22.2..    -0.1208617632
       b2baa.    -0.1116213639
       a2abb.    -0.1116213639
       2aabb.     0.1026642436
       2bbaa.     0.1026642436
       2baba.    -0.0899343219
       2abab.    -0.0899343219
       2baa.b     0.0839176979
       2abb.a     0.0839176979
       .22ab.    -0.0691078762
       .22ba.    -0.0691078762
       2.2ab.    -0.0619179948
       2.2ba.    -0.0619179948
       2aba.b     0.0618084664
       2bab.a     0.0618084664
       ab2a.b    -0.0595026759
       ba2b.a    -0.0595026759
       2a.b.2     0.0587230227
       2b.a.2     0.0587230227
       2a2..b     0.0529065746
       2b2..a     0.0529065746
       ab2b.a    -0.0522336246
       ba2a.b    -0.0522336246

     * ci vector, state   3, <S^2> = -0.0000
       222...     0.4247915068
       22ba..    -0.2891272201
       22ab..    -0.2891272201
       2abba.     0.2132150018
       2baab.     0.2132150018
       22.a.b     0.2114103407
       22.b.a     0.2114103407
       b22a..     0.2102043146
       a22b..     0.2102043146
       22b.a.     0.1927024723
       22a.b.     0.1927024723
       22.2..    -0.1719842055
       22.ab.    -0.1323602918
       22.ba.    -0.1323602918
       b2aab.    -0.1236543554
       a2bba.    -0.1236543554
       2baba.     0.1097004944
       2abab.     0.1097004944
       2aabb.    -0.1035145074
       2bbaa.    -0.1035145074
       2.2.2.    -0.0692805952
       22a..b     0.0690737426
       22b..a     0.0690737426
       .222..     0.0646434207
       b2baa.     0.0639644318
       a2abb.     0.0639644318
       ab2ab.    -0.0605959088
       ba2ba.    -0.0605959088
       a2bab.    -0.0596899236
       b2aba.    -0.0596899236
       ba2ab.    -0.0542707444
       ab2ba.    -0.0542707444

    * METHOD: CASSCF                              46.14

  Number of auxiliary basis functions:      884

  Since a DF basis is specified, we compute 2- and 3-index integrals:
    o Being stored without compression. Storage requirement is 0.645 GB
       - 3-index ints prep                         0.00
       - 3-index ints                              0.27
       - 2-index ints                              0.02
       - computing inverse                         0.38
        elapsed time:        0.69 sec.


  Number of basis functions:      302
  Number of electrons      :       68


    * METHOD: MOLECULE                             1.01

  ---------------------------
      CASSCF calculation     
  ---------------------------

 
    ==== Active orbitals : ===== 
         Orbital 32
         Orbital 33
         Orbital 34
         Orbital 35
         Orbital 36
         Orbital 37
    ============================ 

    * nstate   :      4
    * nclosed  :     31
    * nact     :      6
    * nvirt    :    265
  === CASSCF iteration (/home/miaoxin/software/bagel-1.2.2/obj/share/aug-cc-pVDZ.json) ===

    * Using the second-order algorithm

      0  0      -386.46466572     2.45e-02      0.55
      0  1      -386.32174914     0.00e+00      0.55
      0  2      -386.30460816     0.00e+00      0.55
      0  3      -386.27571944     0.00e+00      0.55

         res : 7.54e-01   lamb: 1.00e+00   eps : -3.89e-01   step: 2.11e-01    0.28
         res : 2.83e-01   lamb: 1.00e+00   eps : -4.38e-01   step: 2.34e-01    0.30
         res : 1.53e-01   lamb: 1.00e+00   eps : -4.47e-01   step: 2.45e-01    0.33
         res : 6.91e-02   lamb: 1.00e+00   eps : -4.50e-01   step: 2.51e-01    0.28
         res : 3.95e-02   lamb: 1.00e+00   eps : -4.50e-01   step: 2.54e-01    0.32
         res : 2.38e-02   lamb: 1.00e+00   eps : -4.50e-01   step: 2.55e-01    0.29
         res : 1.15e-02   lamb: 1.00e+00   eps : -4.50e-01   step: 2.55e-01    0.29
         res : 6.16e-03   lamb: 1.00e+00   eps : -4.50e-01   step: 2.55e-01    0.32
         res : 3.36e-03   lamb: 1.00e+00   eps : -4.50e-01   step: 2.55e-01    0.32
         res : 1.62e-03   lamb: 1.00e+00   eps : -4.50e-01   step: 2.55e-01    0.28
         res : 9.33e-04   lamb: 1.00e+00   eps : -4.50e-01   step: 2.55e-01    0.28
         res : 5.03e-04   lamb: 1.00e+00   eps : -4.50e-01   step: 2.55e-01    0.35
         res : 2.39e-04   lamb: 1.00e+00   eps : -4.50e-01   step: 2.55e-01    0.29
         res : 1.34e-04   lamb: 1.00e+00   eps : -4.50e-01   step: 2.55e-01    0.29
         res : 6.64e-05   lamb: 1.00e+00   eps : -4.50e-01   step: 2.55e-01    0.33
         res : 3.35e-05   lamb: 1.00e+00   eps : -4.50e-01   step: 2.55e-01    0.33
         res : 1.96e-05   lamb: 1.00e+00   eps : -4.50e-01   step: 2.55e-01    0.31

      1  0      -386.70490641     1.20e-03      7.57
      1  1      -386.56294309     0.00e+00      7.57
      1  2      -386.54247081     0.00e+00      7.57
      1  3      -386.51644315     0.00e+00      7.57

         res : 7.28e-02   lamb: 1.00e+00   eps : -4.54e-03   step: 6.58e-02    0.29
         res : 4.34e-02   lamb: 1.00e+00   eps : -5.86e-03   step: 8.79e-02    0.29
         res : 2.61e-02   lamb: 1.00e+00   eps : -6.36e-03   step: 9.78e-02    0.30
         res : 1.79e-02   lamb: 1.00e+00   eps : -6.55e-03   step: 1.02e-01    0.34
         res : 1.20e-02   lamb: 1.00e+00   eps : -6.64e-03   step: 1.05e-01    0.29
         res : 7.58e-03   lamb: 1.00e+00   eps : -6.68e-03   step: 1.06e-01    0.28
         res : 5.28e-03   lamb: 1.00e+00   eps : -6.69e-03   step: 1.07e-01    0.35
         res : 3.38e-03   lamb: 1.00e+00   eps : -6.70e-03   step: 1.07e-01    0.28
         res : 2.24e-03   lamb: 1.00e+00   eps : -6.70e-03   step: 1.07e-01    0.34
         res : 1.52e-03   lamb: 1.00e+00   eps : -6.70e-03   step: 1.07e-01    0.35
         res : 1.04e-03   lamb: 1.00e+00   eps : -6.70e-03   step: 1.07e-01    0.30
         res : 6.90e-04   lamb: 1.00e+00   eps : -6.71e-03   step: 1.07e-01    0.33
         res : 4.53e-04   lamb: 1.00e+00   eps : -6.71e-03   step: 1.07e-01    0.30
         res : 2.85e-04   lamb: 1.00e+00   eps : -6.71e-03   step: 1.07e-01    0.29
         res : 1.87e-04   lamb: 1.00e+00   eps : -6.71e-03   step: 1.07e-01    0.29
         res : 1.17e-04   lamb: 1.00e+00   eps : -6.71e-03   step: 1.07e-01    0.29
         res : 7.47e-05   lamb: 1.00e+00   eps : -6.71e-03   step: 1.07e-01    0.34
         res : 4.94e-05   lamb: 1.00e+00   eps : -6.71e-03   step: 1.07e-01    0.30
         res : 3.45e-05   lamb: 1.00e+00   eps : -6.71e-03   step: 1.07e-01    0.36
         res : 2.30e-05   lamb: 1.00e+00   eps : -6.71e-03   step: 1.07e-01    0.32
         res : 1.58e-05   lamb: 1.00e+00   eps : -6.71e-03   step: 1.07e-01    0.31
         res : 1.03e-05   lamb: 1.00e+00   eps : -6.71e-03   step: 1.07e-01    0.33

      2  0      -386.70642455     5.07e-05      9.37
      2  1      -386.56730096     0.00e+00      9.37
      2  2      -386.54619603     0.00e+00      9.37
      2  3      -386.52051218     0.00e+00      9.37

         res : 2.75e-03   lamb: 1.00e+00   eps : -1.31e-05   step: 5.25e-03    0.29
         res : 1.39e-03   lamb: 1.00e+00   eps : -1.58e-05   step: 7.15e-03    0.31
         res : 9.09e-04   lamb: 1.00e+00   eps : -1.67e-05   step: 7.54e-03    0.30
         res : 5.40e-04   lamb: 1.00e+00   eps : -1.70e-05   step: 7.64e-03    0.28
         res : 4.49e-04   lamb: 1.00e+00   eps : -1.71e-05   step: 7.76e-03    0.30
         res : 3.00e-04   lamb: 1.00e+00   eps : -1.72e-05   step: 7.84e-03    0.31
         res : 2.07e-04   lamb: 1.00e+00   eps : -1.72e-05   step: 7.86e-03    0.28
         res : 1.25e-04   lamb: 1.00e+00   eps : -1.72e-05   step: 7.84e-03    0.33
         res : 8.67e-05   lamb: 1.00e+00   eps : -1.72e-05   step: 7.84e-03    0.33
         res : 5.46e-05   lamb: 1.00e+00   eps : -1.72e-05   step: 7.84e-03    0.29
         res : 3.75e-05   lamb: 1.00e+00   eps : -1.72e-05   step: 7.84e-03    0.29
         res : 2.56e-05   lamb: 1.00e+00   eps : -1.72e-05   step: 7.84e-03    0.33
         res : 1.72e-05   lamb: 1.00e+00   eps : -1.72e-05   step: 7.84e-03    0.31
         res : 1.06e-05   lamb: 1.00e+00   eps : -1.72e-05   step: 7.84e-03    0.29
         res : 7.12e-06   lamb: 1.00e+00   eps : -1.72e-05   step: 7.84e-03    0.39
         res : 4.67e-06   lamb: 1.00e+00   eps : -1.72e-05   step: 7.84e-03    0.28
         res : 3.08e-06   lamb: 1.00e+00   eps : -1.72e-05   step: 7.84e-03    0.29
         res : 1.96e-06   lamb: 1.00e+00   eps : -1.72e-05   step: 7.84e-03    0.31
         res : 1.31e-06   lamb: 1.00e+00   eps : -1.72e-05   step: 7.84e-03    0.36
         res : 8.79e-07   lamb: 1.00e+00   eps : -1.72e-05   step: 7.84e-03    0.31
         res : 6.24e-07   lamb: 1.00e+00   eps : -1.72e-05   step: 7.84e-03    0.39

      3  0      -386.70626302     1.07e-05      9.06
      3  1      -386.56748826     0.00e+00      9.06
      3  2      -386.54625600     0.00e+00      9.06
      3  3      -386.52046780     0.00e+00      9.06

         res : 5.96e-04   lamb: 1.00e+00   eps : -8.43e-07   step: 1.44e-03    0.28
         res : 2.62e-04   lamb: 1.00e+00   eps : -9.59e-07   step: 1.83e-03    0.30
         res : 1.64e-04   lamb: 1.00e+00   eps : -9.91e-07   step: 1.91e-03    0.31
         res : 8.83e-05   lamb: 1.00e+00   eps : -9.99e-07   step: 1.93e-03    0.28
         res : 6.32e-05   lamb: 1.00e+00   eps : -1.00e-06   step: 1.95e-03    0.34
         res : 4.08e-05   lamb: 1.00e+00   eps : -1.00e-06   step: 1.96e-03    0.30
         res : 2.96e-05   lamb: 1.00e+00   eps : -1.00e-06   step: 1.96e-03    0.28
         res : 1.82e-05   lamb: 1.00e+00   eps : -1.00e-06   step: 1.96e-03    0.30
         res : 1.17e-05   lamb: 1.00e+00   eps : -1.00e-06   step: 1.96e-03    0.35
         res : 7.05e-06   lamb: 1.00e+00   eps : -1.00e-06   step: 1.96e-03    0.28
         res : 4.66e-06   lamb: 1.00e+00   eps : -1.00e-06   step: 1.96e-03    0.31
         res : 3.09e-06   lamb: 1.00e+00   eps : -1.00e-06   step: 1.96e-03    0.35
         res : 2.17e-06   lamb: 1.00e+00   eps : -1.00e-06   step: 1.96e-03    0.29
         res : 1.44e-06   lamb: 1.00e+00   eps : -1.00e-06   step: 1.96e-03    0.28
         res : 9.98e-07   lamb: 1.00e+00   eps : -1.00e-06   step: 1.96e-03    0.29
         res : 6.74e-07   lamb: 1.00e+00   eps : -1.00e-06   step: 1.96e-03    0.31
         res : 4.50e-07   lamb: 1.00e+00   eps : -1.00e-06   step: 1.96e-03    0.28
         res : 2.91e-07   lamb: 1.00e+00   eps : -1.00e-06   step: 1.96e-03    0.40
         res : 1.88e-07   lamb: 1.00e+00   eps : -1.00e-06   step: 1.96e-03    0.31

      4  0      -386.70622565     3.59e-06      8.38
      4  1      -386.56753880     0.00e+00      8.38
      4  2      -386.54627884     0.00e+00      8.38
      4  3      -386.52043442     0.00e+00      8.38

         res : 1.98e-04   lamb: 1.00e+00   eps : -8.45e-08   step: 4.32e-04    0.32
         res : 8.45e-05   lamb: 1.00e+00   eps : -9.74e-08   step: 5.73e-04    0.28
         res : 5.58e-05   lamb: 1.00e+00   eps : -1.01e-07   step: 6.01e-04    0.34
         res : 2.93e-05   lamb: 1.00e+00   eps : -1.02e-07   step: 6.08e-04    0.33
         res : 2.11e-05   lamb: 1.00e+00   eps : -1.02e-07   step: 6.14e-04    0.28
         res : 1.31e-05   lamb: 1.00e+00   eps : -1.02e-07   step: 6.18e-04    0.28
         res : 9.39e-06   lamb: 1.00e+00   eps : -1.02e-07   step: 6.19e-04    0.36
         res : 5.89e-06   lamb: 1.00e+00   eps : -1.02e-07   step: 6.19e-04    0.30
         res : 3.88e-06   lamb: 1.00e+00   eps : -1.02e-07   step: 6.18e-04    0.29
         res : 2.42e-06   lamb: 1.00e+00   eps : -1.02e-07   step: 6.18e-04    0.37
         res : 1.61e-06   lamb: 1.00e+00   eps : -1.02e-07   step: 6.18e-04    0.29
         res : 1.08e-06   lamb: 1.00e+00   eps : -1.02e-07   step: 6.18e-04    0.29
         res : 7.60e-07   lamb: 1.00e+00   eps : -1.02e-07   step: 6.18e-04    0.30
         res : 5.09e-07   lamb: 1.00e+00   eps : -1.02e-07   step: 6.18e-04    0.31
         res : 3.58e-07   lamb: 1.00e+00   eps : -1.02e-07   step: 6.18e-04    0.28
         res : 2.42e-07   lamb: 1.00e+00   eps : -1.02e-07   step: 6.18e-04    0.30
         res : 1.62e-07   lamb: 1.00e+00   eps : -1.02e-07   step: 6.18e-04    0.32
         res : 1.04e-07   lamb: 1.00e+00   eps : -1.02e-07   step: 6.18e-04    0.29
         res : 6.72e-08   lamb: 1.00e+00   eps : -1.02e-07   step: 6.18e-04    0.31
         res : 4.10e-08   lamb: 1.00e+00   eps : -1.02e-07   step: 6.18e-04    0.39

      5  0      -386.70621364     1.33e-06      8.80
      5  1      -386.56755572     0.00e+00      8.80
      5  2      -386.54628645     0.00e+00      8.80
      5  3      -386.52042218     0.00e+00      8.80

         res : 7.09e-05   lamb: 1.00e+00   eps : -9.87e-09   step: 1.37e-04    0.32
         res : 2.99e-05   lamb: 1.00e+00   eps : -1.15e-08   step: 1.89e-04    0.29
         res : 2.05e-05   lamb: 1.00e+00   eps : -1.20e-08   step: 2.00e-04    0.28
         res : 1.06e-05   lamb: 1.00e+00   eps : -1.21e-08   step: 2.03e-04    0.28
         res : 7.61e-06   lamb: 1.00e+00   eps : -1.21e-08   step: 2.05e-04    0.33
         res : 4.68e-06   lamb: 1.00e+00   eps : -1.21e-08   step: 2.06e-04    0.31
         res : 3.29e-06   lamb: 1.00e+00   eps : -1.21e-08   step: 2.07e-04    0.29
         res : 2.05e-06   lamb: 1.00e+00   eps : -1.21e-08   step: 2.07e-04    0.35
         res : 1.39e-06   lamb: 1.00e+00   eps : -1.21e-08   step: 2.06e-04    0.28
         res : 9.13e-07   lamb: 1.00e+00   eps : -1.21e-08   step: 2.06e-04    0.29
         res : 6.18e-07   lamb: 1.00e+00   eps : -1.21e-08   step: 2.06e-04    0.32
         res : 4.21e-07   lamb: 1.00e+00   eps : -1.21e-08   step: 2.06e-04    0.34
         res : 3.00e-07   lamb: 1.00e+00   eps : -1.21e-08   step: 2.06e-04    0.29
         res : 2.03e-07   lamb: 1.00e+00   eps : -1.21e-08   step: 2.06e-04    0.35
         res : 1.42e-07   lamb: 1.00e+00   eps : -1.21e-08   step: 2.06e-04    0.30
         res : 9.53e-08   lamb: 1.00e+00   eps : -1.21e-08   step: 2.06e-04    0.28
         res : 6.25e-08   lamb: 1.00e+00   eps : -1.21e-08   step: 2.06e-04    0.32
         res : 3.98e-08   lamb: 1.00e+00   eps : -1.21e-08   step: 2.06e-04    0.35
         res : 2.54e-08   lamb: 1.00e+00   eps : -1.21e-08   step: 2.06e-04    0.31
         res : 1.57e-08   lamb: 1.00e+00   eps : -1.21e-08   step: 2.06e-04    0.31

      6  0      -386.70620945     5.22e-07      8.68
      6  1      -386.56756186     0.00e+00      8.68
      6  2      -386.54628891     0.00e+00      8.68
      6  3      -386.52041779     0.00e+00      8.68

         res : 2.64e-05   lamb: 1.00e+00   eps : -1.32e-09   step: 4.60e-05    0.28
         res : 1.12e-05   lamb: 1.00e+00   eps : -1.56e-09   step: 6.57e-05    0.30
         res : 7.70e-06   lamb: 1.00e+00   eps : -1.61e-09   step: 6.98e-05    0.33
         res : 4.06e-06   lamb: 1.00e+00   eps : -1.63e-09   step: 7.10e-05    0.29
         res : 2.86e-06   lamb: 1.00e+00   eps : -1.63e-09   step: 7.18e-05    0.29
         res : 1.76e-06   lamb: 1.00e+00   eps : -1.64e-09   step: 7.24e-05    0.34
         res : 1.23e-06   lamb: 1.00e+00   eps : -1.64e-09   step: 7.25e-05    0.29
         res : 7.74e-07   lamb: 1.00e+00   eps : -1.64e-09   step: 7.25e-05    0.28
         res : 5.25e-07   lamb: 1.00e+00   eps : -1.64e-09   step: 7.25e-05    0.33
         res : 3.57e-07   lamb: 1.00e+00   eps : -1.64e-09   step: 7.25e-05    0.31
         res : 2.46e-07   lamb: 1.00e+00   eps : -1.64e-09   step: 7.25e-05    0.29
         res : 1.71e-07   lamb: 1.00e+00   eps : -1.64e-09   step: 7.25e-05    0.37
         res : 1.21e-07   lamb: 1.00e+00   eps : -1.64e-09   step: 7.25e-05    0.29
         res : 8.25e-08   lamb: 1.00e+00   eps : -1.64e-09   step: 7.25e-05    0.29
         res : 5.66e-08   lamb: 1.00e+00   eps : -1.64e-09   step: 7.25e-05    0.31
         res : 3.78e-08   lamb: 1.00e+00   eps : -1.64e-09   step: 7.25e-05    0.31
         res : 2.45e-08   lamb: 1.00e+00   eps : -1.64e-09   step: 7.25e-05    0.30
         res : 1.54e-08   lamb: 1.00e+00   eps : -1.64e-09   step: 7.25e-05    0.36
         res : 9.74e-09   lamb: 1.00e+00   eps : -1.64e-09   step: 7.25e-05    0.33
         res : 6.08e-09   lamb: 1.00e+00   eps : -1.64e-09   step: 7.25e-05    0.31

      7  0      -386.70620794     2.13e-07      8.74
      7  1      -386.56756422     0.00e+00      8.74
      7  2      -386.54628969     0.00e+00      8.74
      7  3      -386.52041617     0.00e+00      8.74

         res : 1.03e-05   lamb: 1.00e+00   eps : -2.00e-10   step: 1.67e-05    0.31
         res : 4.37e-06   lamb: 1.00e+00   eps : -2.37e-10   step: 2.43e-05    0.28
         res : 2.98e-06   lamb: 1.00e+00   eps : -2.45e-10   step: 2.58e-05    0.31
         res : 1.61e-06   lamb: 1.00e+00   eps : -2.47e-10   step: 2.63e-05    0.30
         res : 1.11e-06   lamb: 1.00e+00   eps : -2.48e-10   step: 2.66e-05    0.29
         res : 6.92e-07   lamb: 1.00e+00   eps : -2.48e-10   step: 2.69e-05    0.30
         res : 4.87e-07   lamb: 1.00e+00   eps : -2.48e-10   step: 2.69e-05    0.35
         res : 3.27e-07   lamb: 1.00e+00   eps : -2.48e-10   step: 2.69e-05    0.29
         res : 2.33e-07   lamb: 1.00e+00   eps : -2.48e-10   step: 2.69e-05    0.32
         res : 1.58e-07   lamb: 1.00e+00   eps : -2.49e-10   step: 2.69e-05    0.32
         res : 1.10e-07   lamb: 1.00e+00   eps : -2.49e-10   step: 2.69e-05    0.29
         res : 7.39e-08   lamb: 1.00e+00   eps : -2.49e-10   step: 2.69e-05    0.29
         res : 5.09e-08   lamb: 1.00e+00   eps : -2.49e-10   step: 2.69e-05    0.36
         res : 3.45e-08   lamb: 1.00e+00   eps : -2.49e-10   step: 2.69e-05    0.32
         res : 2.31e-08   lamb: 1.00e+00   eps : -2.49e-10   step: 2.69e-05    0.31
         res : 1.53e-08   lamb: 1.00e+00   eps : -2.49e-10   step: 2.69e-05    0.35
         res : 9.75e-09   lamb: 1.00e+00   eps : -2.49e-10   step: 2.69e-05    0.30
         res : 6.13e-09   lamb: 1.00e+00   eps : -2.49e-10   step: 2.69e-05    0.28
         res : 3.86e-09   lamb: 1.00e+00   eps : -2.49e-10   step: 2.69e-05    0.37

      8  0      -386.70620737     8.96e-08      8.48
      8  1      -386.56756516     0.00e+00      8.48
      8  2      -386.54628993     0.00e+00      8.48
      8  3      -386.52041556     0.00e+00      8.48

         res : 4.22e-06   lamb: 1.00e+00   eps : -3.37e-11   step: 6.56e-06    0.30
         res : 1.78e-06   lamb: 1.00e+00   eps : -3.99e-11   step: 9.57e-06    0.33
         res : 1.19e-06   lamb: 1.00e+00   eps : -4.11e-11   step: 1.02e-05    0.28
         res : 6.56e-07   lamb: 1.00e+00   eps : -4.15e-11   step: 1.03e-05    0.28
         res : 4.50e-07   lamb: 1.00e+00   eps : -4.17e-11   step: 1.05e-05    0.30
         res : 2.83e-07   lamb: 1.00e+00   eps : -4.17e-11   step: 1.06e-05    0.32
         res : 2.04e-07   lamb: 1.00e+00   eps : -4.18e-11   step: 1.06e-05    0.29
         res : 1.44e-07   lamb: 1.00e+00   eps : -4.18e-11   step: 1.06e-05    0.34
         res : 1.02e-07   lamb: 1.00e+00   eps : -4.18e-11   step: 1.06e-05    0.31
         res : 6.84e-08   lamb: 1.00e+00   eps : -4.18e-11   step: 1.06e-05    0.29
         res : 4.71e-08   lamb: 1.00e+00   eps : -4.18e-11   step: 1.06e-05    0.31
         res : 3.15e-08   lamb: 1.00e+00   eps : -4.18e-11   step: 1.06e-05    0.34
         res : 2.15e-08   lamb: 1.00e+00   eps : -4.18e-11   step: 1.06e-05    0.29
         res : 1.45e-08   lamb: 1.00e+00   eps : -4.18e-11   step: 1.06e-05    0.30
         res : 9.62e-09   lamb: 1.00e+00   eps : -4.18e-11   step: 1.06e-05    0.34
         res : 6.31e-09   lamb: 1.00e+00   eps : -4.18e-11   step: 1.06e-05    0.28
         res : 3.98e-09   lamb: 1.00e+00   eps : -4.18e-11   step: 1.06e-05    0.34

      9  0      -386.70620715     3.87e-08      7.78
      9  1      -386.56756554     0.00e+00      7.78
      9  2      -386.54629001     0.00e+00      7.78
      9  3      -386.52041532     0.00e+00      7.78

         res : 1.80e-06   lamb: 1.00e+00   eps : -6.15e-12   step: 2.73e-06    0.29
         res : 7.49e-07   lamb: 1.00e+00   eps : -7.26e-12   step: 3.99e-06    0.35
         res : 4.91e-07   lamb: 1.00e+00   eps : -7.48e-12   step: 4.22e-06    0.30
         res : 2.75e-07   lamb: 1.00e+00   eps : -7.55e-12   step: 4.29e-06    0.29
         res : 1.89e-07   lamb: 1.00e+00   eps : -7.57e-12   step: 4.34e-06    0.31
         res : 1.20e-07   lamb: 1.00e+00   eps : -7.58e-12   step: 4.37e-06    0.30
         res : 8.81e-08   lamb: 1.00e+00   eps : -7.59e-12   step: 4.38e-06    0.29
         res : 6.32e-08   lamb: 1.00e+00   eps : -7.59e-12   step: 4.38e-06    0.29
         res : 4.47e-08   lamb: 1.00e+00   eps : -7.59e-12   step: 4.38e-06    0.34
         res : 3.01e-08   lamb: 1.00e+00   eps : -7.59e-12   step: 4.38e-06    0.28
         res : 2.06e-08   lamb: 1.00e+00   eps : -7.59e-12   step: 4.38e-06    0.29
         res : 1.37e-08   lamb: 1.00e+00   eps : -7.59e-12   step: 4.38e-06    0.31
         res : 9.19e-09   lamb: 1.00e+00   eps : -7.59e-12   step: 4.38e-06    0.34
         res : 6.24e-09   lamb: 1.00e+00   eps : -7.59e-12   step: 4.38e-06    0.29
         res : 4.10e-09   lamb: 1.00e+00   eps : -7.59e-12   step: 4.38e-06    0.39

     10  0      -386.70620707     1.70e-08      7.16
     10  1      -386.56756570     0.00e+00      7.16
     10  2      -386.54629003     0.00e+00      7.16
     10  3      -386.52041522     0.00e+00      7.16

         res : 7.88e-07   lamb: 1.00e+00   eps : -1.18e-12   step: 1.19e-06    0.30
         res : 3.24e-07   lamb: 1.00e+00   eps : -1.39e-12   step: 1.73e-06    0.33
         res : 2.09e-07   lamb: 1.00e+00   eps : -1.43e-12   step: 1.82e-06    0.28
         res : 1.18e-07   lamb: 1.00e+00   eps : -1.45e-12   step: 1.85e-06    0.32
         res : 8.11e-08   lamb: 1.00e+00   eps : -1.45e-12   step: 1.87e-06    0.36
         res : 5.20e-08   lamb: 1.00e+00   eps : -1.45e-12   step: 1.88e-06    0.29
         res : 3.89e-08   lamb: 1.00e+00   eps : -1.45e-12   step: 1.89e-06    0.29
         res : 2.81e-08   lamb: 1.00e+00   eps : -1.45e-12   step: 1.89e-06    0.31
         res : 1.99e-08   lamb: 1.00e+00   eps : -1.45e-12   step: 1.89e-06    0.31
         res : 1.34e-08   lamb: 1.00e+00   eps : -1.45e-12   step: 1.89e-06    0.29
         res : 9.14e-09   lamb: 1.00e+00   eps : -1.45e-12   step: 1.89e-06    0.37
         res : 6.02e-09   lamb: 1.00e+00   eps : -1.45e-12   step: 1.89e-06    0.29
         res : 4.00e-09   lamb: 1.00e+00   eps : -1.45e-12   step: 1.89e-06    0.29

     11  0      -386.70620704     7.60e-09      6.55
     11  1      -386.56756577     0.00e+00      6.55
     11  2      -386.54629003     0.00e+00      6.55
     11  3      -386.52041518     0.00e+00      6.55

    * Second-order optimization converged. *   

    * Integral transformation done. Elapsed time: 0.35

     guess   0:   closed 111...               open ......              
     guess   1:   closed 11....               open ..11..              
     guess   2:   closed 11....               open ..1.1.              
     guess   3:   closed 1.1...               open .1.1..              

  === FCI iteration ===

      0  0      -386.64321290     8.83e-03      0.00
      0  1      -386.50910002     7.79e-03      0.00
      0  2      -386.40495103     8.66e-03      0.00
      0  3      -386.37899964     9.16e-03      0.00

      1  0      -386.69620181     4.15e-03      0.00
      1  1      -386.55281102     3.47e-03      0.00
      1  2      -386.47581723     6.11e-03      0.00
      1  3      -386.45103722     5.67e-03      0.00

      2  0      -386.70523351     1.46e-03      0.00
      2  1      -386.56201343     2.12e-03      0.00
      2  2      -386.52431486     5.29e-03      0.00
      2  3      -386.48654873     5.16e-03      0.00

      3  0      -386.70611924     4.60e-04      0.00
      3  1      -386.56616122     1.50e-03      0.00
      3  2      -386.54206087     2.66e-03      0.00
      3  3      -386.51245737     3.41e-03      0.00

      4  0      -386.70619556     1.43e-04      0.00
      4  1      -386.56737038     6.12e-04      0.00
      4  2      -386.54581912     8.74e-04      0.00
      4  3      -386.51928683     1.35e-03      0.00

      5  0      -386.70620501     5.38e-05      0.00
      5  1      -386.56753846     2.06e-04      0.00
      5  2      -386.54621049     3.43e-04      0.00
      5  3      -386.52021384     5.31e-04      0.00

      6  0      -386.70620671     2.26e-05      0.00
      6  1      -386.56756214     6.99e-05      0.00
      6  2      -386.54627410     1.46e-04      0.00
      6  3      -386.52038469     2.08e-04      0.00

      7  0      -386.70620699     9.03e-06      0.00
      7  1      -386.56756516     2.71e-05      0.00
      7  2      -386.54628730     5.97e-05      0.00
      7  3      -386.52040966     8.09e-05      0.00

      8  0      -386.70620703     3.07e-06      0.01
      8  1      -386.56756568     1.08e-05      0.00
      8  2      -386.54628954     2.40e-05      0.00
      8  3      -386.52041413     3.24e-05      0.00

      9  0      -386.70620703     7.51e-07      0.01
      9  1      -386.56756576     3.96e-06      0.00
      9  2      -386.54628997     9.45e-06      0.00
      9  3      -386.52041506     1.31e-05      0.00

     10  0      -386.70620704     1.78e-07      0.01
     10  1      -386.56756577     1.34e-06      0.00
     10  2      -386.54629003     3.16e-06      0.00
     10  3      -386.52041517     3.98e-06      0.00

     11  0      -386.70620704     3.68e-08      0.01
     11  1      -386.56756577     4.22e-07      0.00
     11  2      -386.54629003     8.90e-07      0.00
     11  3      -386.52041518     1.19e-06      0.00

     12  0      -386.70620704     7.52e-09      0.01
     12  1      -386.56756577     1.15e-07      0.00
     12  2      -386.54629003     2.46e-07      0.00
     12  3      -386.52041518     3.67e-07      0.00

     13  0      -386.70620704     1.46e-09      0.01
     13  1      -386.56756577     2.64e-08      0.00
     13  2      -386.54629003     5.96e-08      0.00
     13  3      -386.52041518     1.01e-07      0.00

     14  0      -386.70620704     3.34e-10      0.01
     14  1      -386.56756577     6.40e-09      0.00
     14  2      -386.54629003     1.41e-08      0.00
     14  3      -386.52041518     2.63e-08      0.00

     15  0 *    -386.70620704     6.93e-11      0.01
     15  1      -386.56756577     1.51e-09      0.00
     15  2      -386.54629003     3.49e-09      0.00
     15  3      -386.52041518     7.69e-09      0.00

     16  0 *    -386.70620704     5.37e-11      0.01
     16  1      -386.56756577     3.66e-10      0.00
     16  2      -386.54629003     9.24e-10      0.00
     16  3      -386.52041518     2.41e-09      0.00

     17  0 *    -386.70620704     5.30e-11      0.01
     17  1 *    -386.56756577     9.48e-11      0.00
     17  2      -386.54629003     2.42e-10      0.00
     17  3      -386.52041518     6.62e-10      0.00

     18  0 *    -386.70620704     5.27e-11      0.01
     18  1 *    -386.56756577     7.24e-11      0.00
     18  2 *    -386.54629003     5.59e-11      0.00
     18  3      -386.52041518     1.74e-10      0.00

     19  0 *    -386.70620704     5.26e-11      0.01
     19  1 *    -386.56756577     7.19e-11      0.00
     19  2 *    -386.54629003     5.02e-11      0.00
     19  3 *    -386.52041518     4.93e-11      0.00

     * ci vector, state   0, <S^2> = -0.0000
       222...    -0.7300193627
       22ab..     0.4090073458
       22ba..     0.4090073458
       2.2.2.     0.0894256684
       a2bb.a    -0.0832813240
       b2aa.b    -0.0832813240
       a22b..    -0.0616985024
       b22a..    -0.0616985024
       22...2     0.0511075263
       2.ab2.    -0.0501708015
       2.ba2.    -0.0501708015
       .22..2     0.0500322878

     * ci vector, state   1, <S^2> = 0.0000
       222...    -0.4543424973
       22ab..    -0.4385440644
       22ba..    -0.4385440644
       b22a..    -0.1890271006
       a22b..    -0.1890271006
       22a.b.     0.1601171308
       22b.a.     0.1601171308
       2a2b..    -0.1590948479
       2b2a..    -0.1590948479
       2abba.    -0.1416811676
       2baab.    -0.1416811676
       22.a.b     0.1364799371
       22.b.a     0.1364799370
       22...2     0.0961500927
       2aabb.     0.0826939516
       2bbaa.     0.0826939516
       2ba2..    -0.0739455883
       2ab2..    -0.0739455883
       2.ab2.     0.0723129370
       2.ba2.     0.0723129370
       22a..b    -0.0699107353
       22b..a    -0.0699107353
       2baba.    -0.0589872160
       2abab.    -0.0589872160
       2.2.2.     0.0570141450
       .22b.a    -0.0568211433
       .22a.b    -0.0568211433
       a2bb.a     0.0528567255
       b2aa.b     0.0528567255

     * ci vector, state   2, <S^2> = 0.0000
       2b2a..     0.3385578982
       2a2b..     0.3385578982
       22.ab.     0.2755713082
       22.ba.     0.2755713082
       a22b..     0.1872423768
       b22a..     0.1872423768
       22.b.a    -0.1864259346
       22.a.b    -0.1864259346
       222...    -0.1839293073
       2abba.    -0.1569004382
       2baab.    -0.1569004382
       22b..a     0.1504227030
       22a..b     0.1504227030
       b2aab.     0.1498986228
       a2bba.     0.1498986228
       22.2..     0.1437148458
       22a.b.     0.1273732199
       22b.a.     0.1273732199
       b2baa.    -0.1076771854
       a2abb.    -0.1076771854
       2baa.b    -0.0865767265
       2abb.a    -0.0865767265
       22ab..    -0.0839004680
       22ba..    -0.0839004680
       2aabb.     0.0805426964
       2bbaa.     0.0805426964
       2baba.    -0.0763577418
       2abab.    -0.0763577418
       .22ab.    -0.0685018222
       .22ba.    -0.0685018222
       2a.b.2     0.0655483956
       2b.a.2     0.0655483956
       ab2a.b     0.0647299051
       ba2b.a     0.0647299051
       2aba.b    -0.0637470243
       2bab.a    -0.0637470243
       .222..    -0.0621555725
       2a2..b     0.0576607986
       2b2..a     0.0576607986
       ab2b.a     0.0569535884
       ba2a.b     0.0569535884
       2.2ab.    -0.0569217538
       2.2ba.    -0.0569217538
       2.22..     0.0509599763

     * ci vector, state   3, <S^2> = 0.0000
       222...    -0.3619181390
       22ba..    -0.2522885168
       22ab..    -0.2522885168
       b22a..     0.2410281626
       a22b..     0.2410281626
       22a.b.    -0.2283448447
       22b.a.    -0.2283448447
       2abba.     0.2258523624
       2baab.     0.2258523624
       22.a.b    -0.2234814737
       22.b.a    -0.2234814737
       22.2..     0.1690891042
       b2aab.    -0.1278607198
       a2bba.    -0.1278607198
       22.ab.    -0.1238778869
       22.ba.    -0.1238778869
       2baba.     0.1162511479
       2abab.     0.1162511479
       2aabb.    -0.1096012146
       2bbaa.    -0.1096012146
       22a..b     0.0697359186
       22b..a     0.0697359186
       .222..    -0.0687114375
       ab2ab.    -0.0654116599
       ba2ba.    -0.0654116599
       b2baa.     0.0639689115
       a2abb.     0.0639689115
       a2bab.    -0.0638918084
       b2aba.    -0.0638918084
       2.2.2.     0.0625844055
       ba2ab.    -0.0583707954
       ab2ba.    -0.0583707954

    * METHOD: CASSCF                              92.57

  === SMITH program ===

    * freezing 10 orbitals
    * SS-SR internal contraction is used

    * Approximate memory requirement for SMITH calulation per MPI process:
      o Storage requirement for T-amplitude, lambda, and residual is 0.14 GB
      o Storage requirement for MO integrals is 0.02 GB
       - MO integral evaluation                    4.93

  ++ State-averaged Fock matrix over basis states ++

                         0                   1                   2                   3
     0       -1.6154562664       -0.0498112439       -0.0263762228       -0.0593275755
     1       -0.0498112439       -1.4236875206       -0.0448189298       -0.1461659597
     2       -0.0263762228       -0.0448189298       -1.2414022836       -0.0583775153
     3       -0.0593275755       -0.1461659597       -0.0583775153       -1.3050958986


  ++ Extended multi-state CASPT2 (XMS-CASPT2) rotation matrix ++

                         0                   1                   2                   3
     0       -0.8486585156       -0.5256255947        0.0511162216       -0.0297252418
     1       -0.3954920628        0.7041836135        0.4613760534       -0.3672105720
     2       -0.1389669025        0.1755513312       -0.8138408815       -0.5362209897
     3       -0.3225723983        0.4438748730       -0.3495458323        0.7594339050


  ++ Reference energies in XMS basis ++

                         0                   1                   2                   3
     0     -386.6621011284       -0.0691147733        0.0137369190       -0.0134626354
     1       -0.0691147733     -386.5959243721       -0.0066303016        0.0117252074
     2        0.0137369190       -0.0066303016     -386.5480753479       -0.0030210934
     3       -0.0134626354        0.0117252074       -0.0030210934     -386.5343771733

    * Calculating and saving rdm4f

    - linear dependency detected:    1 /   72    min eigenvalue:    -2.5651e-15    max eigenvalue:    -2.5651e-15
    - linear dependency detected:    1 /   72    min eigenvalue:     1.7014e-15    max eigenvalue:     1.7014e-15
    - linear dependency detected:    1 /   72    min eigenvalue:     1.4086e-15    max eigenvalue:     1.4086e-15
    - linear dependency detected:    1 /   72    min eigenvalue:     3.7879e-16    max eigenvalue:     3.7879e-16
    - linear dependency detected:   10 /  216    min eigenvalue:    -5.1142e-15    max eigenvalue:     9.2331e-10
    - linear dependency detected:    8 /  216    min eigenvalue:    -6.0340e-16    max eigenvalue:     3.8137e-10
    - linear dependency detected:    7 /  216    min eigenvalue:    -1.6767e-16    max eigenvalue:     3.7465e-12
    - linear dependency detected:    8 /  216    min eigenvalue:    -1.0599e-15    max eigenvalue:     7.3681e-10
    - linear dependency detected:    9 /  216    min eigenvalue:    -1.0319e-15    max eigenvalue:     6.5873e-10
    - linear dependency detected:    8 /  216    min eigenvalue:    -7.9681e-16    max eigenvalue:     9.5921e-10
    - linear dependency detected:    9 /  216    min eigenvalue:    -4.3674e-16    max eigenvalue:     7.6232e-10
    - linear dependency detected:    8 /  216    min eigenvalue:    -1.2980e-15    max eigenvalue:     4.8261e-10
       - RDM + denominator evaluation              2.03

    * Zeroth order energy : state  0       -1.6655386153
    * Zeroth order energy : state  1       -1.4898142439
    * Zeroth order energy : state  2       -1.2394104734
    * Zeroth order energy : state  3       -1.1908786367

    * CASPT2 iteration is performed using redundant basis

      ---- iteration ----

        0    -1.12673320     0.00112315      3.18
        1    -1.12743637     0.00007408      3.41
        2    -1.12744110     0.00000681      3.27
        3    -1.12744116     0.00000080      3.37

        0    -1.12619349     0.00101765      3.55
        1    -1.12685812     0.00006805      3.38
        2    -1.12686283     0.00000637      3.37
        3    -1.12686288     0.00000073      3.46

        0    -1.10605727     0.00093615      3.64
        1    -1.10666202     0.00006622      3.31
        2    -1.10666706     0.00000668      3.27
        3    -1.10666712     0.00000078      3.43

        0    -1.11010340     0.00086920      3.69
        1    -1.11066540     0.00006558      3.35
        2    -1.11067101     0.00000878      3.36
        3    -1.11067109     0.00000097      3.42

      -------------------

       - CASPT2 energy evaluation                 56.57

    * CASPT2 energy : state  0     -387.9651337279
        w/o shift correction       -387.7895422874
        reference weight              0.7400922659

    * CASPT2 energy : state  1     -387.8999928254
        w/o shift correction       -387.7227872563
        reference weight              0.7383282459

    * CASPT2 energy : state  2     -387.8279235115
        w/o shift correction       -387.6547424705
        reference weight              0.7427422484

    * CASPT2 energy : state  3     -387.8218743788
        w/o shift correction       -387.6450482641
        reference weight              0.7387421807


    * MS-CASPT2 Heff
           -387.9651337279       -0.0447367705        0.0069112256       -0.0097719851
             -0.0447367705     -387.8999928254       -0.0040818791        0.0098759644
              0.0069112256       -0.0040818791     -387.8279235115       -0.0021206225
             -0.0097719851        0.0098759644       -0.0021206225     -387.8218743788


    * MS-CASPT2 rotation matrix
             -0.8927307980       -0.4285168849        0.0270347270       -0.1366533030
             -0.4490757302        0.8707161450       -0.0192330370        0.1995356450
              0.0267341330        0.1144417096        0.9294874751       -0.3496303976
             -0.0254557856       -0.2124376832        0.3673584728        0.9051353414


    * XMS-CASPT2 rotation matrix
              0.9957925188       -0.0818415988        0.0237581936       -0.0336862046
              0.0585182968        0.9134290955        0.2697097385       -0.2991313312
              0.0371167877        0.2331812454       -0.9605735474       -0.1467900232
              0.0599600904        0.3233817356       -0.0631717121        0.9422517580

    * MS-CASPT2 energy : state  0     -387.9881235441
    * MS-CASPT2 energy : state  1     -387.8809219751
    * MS-CASPT2 energy : state  2     -387.8284761586
    * MS-CASPT2 energy : state  3     -387.8174027657



    * METHOD: SMITH                               82.83


  
  ===============================================================

