    * Using parallel algorithm in FCI.
    * Parallel algorithm will be used.
  ---------------------------
        FCI calculation      
  ---------------------------

 Constructing space of all determinants that can formed by removing 1 electron from 6 alpha and 6 beta electrons.

 Space is made up of 4 determinants.
  o forming links
    * Integral transformation done. Elapsed time: 0.09

       - jop, kop                                  0.00
       - denom                                     0.02
     guess   0:   closed 111111......         open ............        
     guess   1:   closed 11111.......         open .....11.....        

  === FCI iteration ===

      0  0      -386.58961849     3.76e-04      0.61
      0  1      -386.41282207     3.76e-04      0.00

      1  0      -386.70193658     1.84e-04      0.61
      1  1      -386.52589128     1.96e-04      0.00

      2  0      -386.72221809     8.63e-05      0.60
      2  1      -386.55134313     1.05e-04      0.00

      3  0      -386.72597224     3.77e-05      0.61
      3  1      -386.55785072     5.49e-05      0.00

      4  0      -386.72659728     1.61e-05      0.62
      4  1      -386.55957177     2.99e-05      0.00

      5  0      -386.72670305     7.36e-06      0.62
      5  1      -386.56006627     1.75e-05      0.00

      6  0      -386.72672576     3.68e-06      0.62
      6  1      -386.56022225     1.06e-05      0.00

      7  0      -386.72673146     1.92e-06      0.62
      7  1      -386.56027994     6.45e-06      0.00

      8  0      -386.72673290     9.75e-07      0.62
      8  1      -386.56030353     4.31e-06      0.00

      9  0      -386.72673325     4.91e-07      0.62
      9  1      -386.56031518     3.32e-06      0.00

     10  0      -386.72673334     2.40e-07      0.62
     10  1      -386.56032167     2.41e-06      0.00

     11  0      -386.72673337     1.15e-07      0.62
     11  1      -386.56032456     1.50e-06      0.00

     12  0      -386.72673337     5.29e-08      0.63
     12  1      -386.56032555     8.71e-07      0.00

     13  0      -386.72673337     2.43e-08      0.63
     13  1      -386.56032590     5.19e-07      0.00

     14  0      -386.72673337     1.21e-08      0.62
     14  1      -386.56032603     3.19e-07      0.00

     15  0      -386.72673337     5.88e-09      0.64
     15  1      -386.56032607     1.92e-07      0.00

     16  0      -386.72673337     2.65e-09      0.63
     16  1      -386.56032609     1.14e-07      0.00

     17  0      -386.72673337     1.14e-09      0.63
     17  1      -386.56032609     6.95e-08      0.00

     18  0      -386.72673337     4.86e-10      0.63
     18  1      -386.56032610     4.47e-08      0.00

     19  0      -386.72673337     2.04e-10      0.63
     19  1      -386.56032610     2.93e-08      0.00
    ** throwing out 2 trial vectors **

     20  0 *    -386.72673337     8.64e-11      0.55
     20  1      -386.56032610     1.77e-08      0.00
    ** throwing out 1 trial vectors **

     21  0 *    -386.72673337     8.27e-11      0.34
     21  1      -386.56032610     9.62e-09      0.00
    ** throwing out 1 trial vectors **

     22  0 *    -386.72673337     8.20e-11      0.33
     22  1      -386.56032610     5.34e-09      0.00
    ** throwing out 1 trial vectors **

     23  0 *    -386.72673337     8.22e-11      0.34
     23  1      -386.56032610     3.22e-09      0.00
    ** throwing out 1 trial vectors **

     24  0 *    -386.72673337     8.19e-11      0.34
     24  1      -386.56032610     1.86e-09      0.00
    ** throwing out 1 trial vectors **

     25  0 *    -386.72673337     8.18e-11      0.34
     25  1      -386.56032610     1.01e-09      0.00
    ** throwing out 1 trial vectors **

     26  0 *    -386.72673337     8.15e-11      0.34
     26  1      -386.56032610     5.33e-10      0.00
    ** throwing out 1 trial vectors **

     27  0 *    -386.72673337     8.14e-11      0.34
     27  1      -386.56032610     2.83e-10      0.00
    ** throwing out 1 trial vectors **

     28  0 *    -386.72673337     8.14e-11      0.34
     28  1      -386.56032610     1.54e-10      0.00
    ** throwing out 1 trial vectors **

     29  0 *    -386.72673337     8.12e-11      0.24
     29  1 *    -386.56032610     8.34e-11      0.00

     * ci vector   0, <S^2> = -0.0000, E =     -386.72673337
       222222......     0.9019657318
       222.22.2....    -0.0739005480
       2222.2.2....    -0.0679988555
       222ab2.2....     0.0607102086
       222ba2.2....     0.0607102086
       2222.22.....    -0.0573423601
       22222ab.....     0.0522505605
       22222ba.....     0.0522505605
       .22222.....2    -0.0522405545

     * ci vector   1, <S^2> = 0.0000, E =     -386.56032610
       22222ba.....    -0.6178480563
       22222ab.....    -0.6178480563
       222222......     0.0874056780
       22a22bb.a...     0.0552739459
       22b22aa.b...     0.0552739459
       2222baab....     0.0538593730
       2222abba....     0.0538593730
       222.2ba2....     0.0518711257
       222.2ab2....     0.0518711257
       2222.ba2....     0.0510338331
       2222.ab2....     0.0510338331
       - FCI and RDMs                             17.50
    * Integral transformation done. Elapsed time: 0.08

       - jop, kop                                  0.00
       - denom                                     0.02
     guess   0:   closed 111111......         open ............        
     guess   1:   closed 11111.......         open .....11.....        

  === FCI iteration ===

      0  0      -386.64985876     3.76e-04      0.60
      0  1      -386.46824475     3.80e-04      0.00

      1  0      -386.76142456     1.79e-04      0.61
      1  1      -386.58252176     1.99e-04      0.00

      2  0      -386.78054215     8.21e-05      0.61
      2  1      -386.60915756     1.06e-04      0.00

      3  0      -386.78387086     3.50e-05      0.61
      3  1      -386.61573970     5.44e-05      0.00

      4  0      -386.78439534     1.46e-05      0.61
      4  1      -386.61736492     2.88e-05      0.00

      5  0      -386.78447938     6.71e-06      0.62
      5  1      -386.61782530     1.65e-05      0.00

      6  0      -386.78449797     3.20e-06      0.61
      6  1      -386.61795925     9.91e-06      0.00

      7  0      -386.78450227     1.60e-06      0.60
      7  1      -386.61800265     5.75e-06      0.00

      8  0      -386.78450328     8.15e-07      0.60
      8  1      -386.61801932     3.68e-06      0.00

      9  0      -386.78450354     4.08e-07      0.61
      9  1      -386.61802764     2.98e-06      0.00

     10  0      -386.78450360     2.02e-07      0.61
     10  1      -386.61803317     2.38e-06      0.00

     11  0      -386.78450361     9.72e-08      0.64
     11  1      -386.61803621     1.59e-06      0.00

     12  0      -386.78450362     4.31e-08      0.64
     12  1      -386.61803739     9.03e-07      0.00

     13  0      -386.78450362     1.97e-08      0.65
     13  1      -386.61803776     5.20e-07      0.00

     14  0      -386.78450362     9.50e-09      0.63
     14  1      -386.61803789     3.15e-07      0.00

     15  0      -386.78450362     4.61e-09      0.65
     15  1      -386.61803793     1.89e-07      0.00

     16  0      -386.78450362     2.14e-09      0.66
     16  1      -386.61803795     1.13e-07      0.00

     17  0      -386.78450362     9.58e-10      0.66
     17  1      -386.61803796     6.85e-08      0.00

     18  0      -386.78450362     4.14e-10      0.64
     18  1      -386.61803796     4.25e-08      0.00

     19  0      -386.78450362     1.78e-10      0.65
     19  1      -386.61803796     2.64e-08      0.00
    ** throwing out 2 trial vectors **

     20  0 *    -386.78450362     7.64e-11      0.56
     20  1      -386.61803796     1.66e-08      0.00
    ** throwing out 1 trial vectors **

     21  0 *    -386.78450362     7.63e-11      0.35
     21  1      -386.61803796     9.98e-09      0.00
    ** throwing out 1 trial vectors **

     22  0 *    -386.78450362     7.63e-11      0.35
     22  1      -386.61803796     5.65e-09      0.00
    ** throwing out 1 trial vectors **

     23  0 *    -386.78450362     7.63e-11      0.35
     23  1      -386.61803796     3.13e-09      0.00
    ** throwing out 1 trial vectors **

     24  0 *    -386.78450362     7.63e-11      0.35
     24  1      -386.61803796     1.68e-09      0.00
    ** throwing out 1 trial vectors **

     25  0 *    -386.78450362     7.64e-11      0.35
     25  1      -386.61803796     8.77e-10      0.00
    ** throwing out 1 trial vectors **

     26  0 *    -386.78450362     7.62e-11      0.34
     26  1      -386.61803796     4.66e-10      0.00
    ** throwing out 1 trial vectors **

     27  0 *    -386.78450362     7.61e-11      0.35
     27  1      -386.61803796     2.49e-10      0.00
    ** throwing out 1 trial vectors **

     28  0 *    -386.78450362     7.60e-11      0.35
     28  1      -386.61803796     1.36e-10      0.00
    ** throwing out 1 trial vectors **

     29  0 *    -386.78450362     7.58e-11      0.25
     29  1 *    -386.61803796     7.68e-11      0.00

     * ci vector   0, <S^2> = -0.0000, E =     -386.78450362
       222222......     0.9000409080
       22222ba.....    -0.0882630836
       22222ab.....    -0.0882630836
       2222.22.....    -0.0653362796
       222.22.2....    -0.0629838465
       2222.2.2....    -0.0572635092
       .22222.....2    -0.0529387396
       222ba2.2....     0.0507994972
       222ab2.2....     0.0507994972

     * ci vector   1, <S^2> = 0.0000, E =     -386.61803796
       22222ab.....     0.6150488790
       22222ba.....     0.6150488790
       222222......     0.1341754850
       22b22aa.b...     0.0594944761
       22a22bb.a...     0.0594944761
       222a2b2.....     0.0552080882
       222b2a2.....     0.0552080882
       2222abba....     0.0524786285
       2222baab....     0.0524786285
       - FCI and RDMs                             17.75
    * Integral transformation done. Elapsed time: 0.09

       - jop, kop                                  0.00
       - denom                                     0.02
     guess   0:   closed 111111......         open ............        
     guess   1:   closed 11111.......         open .....11.....        

  === FCI iteration ===

      0  0      -386.64983482     3.77e-04      0.62
      0  1      -386.46697024     3.82e-04      0.00

      1  0      -386.76175707     1.80e-04      0.61
      1  1      -386.58191823     2.01e-04      0.00

      2  0      -386.78091909     8.22e-05      0.63
      2  1      -386.60916510     1.08e-04      0.00

      3  0      -386.78424762     3.50e-05      0.64
      3  1      -386.61594004     5.53e-05      0.00

      4  0      -386.78476958     1.45e-05      0.63
      4  1      -386.61761811     2.92e-05      0.00

      5  0      -386.78485257     6.68e-06      0.64
      5  1      -386.61809685     1.65e-05      0.00

      6  0      -386.78487088     3.17e-06      0.61
      6  1      -386.61823329     9.81e-06      0.00

      7  0      -386.78487510     1.58e-06      0.64
      7  1      -386.61827584     5.75e-06      0.00

      8  0      -386.78487608     8.01e-07      0.64
      8  1      -386.61829227     3.69e-06      0.00

      9  0      -386.78487633     4.02e-07      0.64
      9  1      -386.61830069     2.98e-06      0.00

     10  0      -386.78487639     1.99e-07      0.62
     10  1      -386.61830632     2.41e-06      0.00

     11  0      -386.78487640     9.55e-08      0.64
     11  1      -386.61830939     1.62e-06      0.00

     12  0      -386.78487640     4.25e-08      0.65
     12  1      -386.61831058     9.06e-07      0.00

     13  0      -386.78487640     1.94e-08      0.65
     13  1      -386.61831095     5.14e-07      0.00

     14  0      -386.78487640     9.41e-09      0.63
     14  1      -386.61831107     3.12e-07      0.00

     15  0      -386.78487640     4.64e-09      0.65
     15  1      -386.61831112     1.89e-07      0.00

     16  0      -386.78487640     2.15e-09      0.65
     16  1      -386.61831113     1.13e-07      0.00

     17  0      -386.78487640     9.66e-10      0.66
     17  1      -386.61831114     6.84e-08      0.00

     18  0      -386.78487640     4.15e-10      0.65
     18  1      -386.61831114     4.28e-08      0.00

     19  0      -386.78487640     1.77e-10      0.63
     19  1      -386.61831114     2.74e-08      0.00
    ** throwing out 2 trial vectors **

     20  0 *    -386.78487640     7.52e-11      0.56
     20  1      -386.61831114     1.78e-08      0.00
    ** throwing out 1 trial vectors **

     21  0 *    -386.78487640     7.43e-11      0.35
     21  1      -386.61831114     1.09e-08      0.00
    ** throwing out 1 trial vectors **

     22  0 *    -386.78487640     7.42e-11      0.35
     22  1      -386.61831114     6.17e-09      0.00
    ** throwing out 1 trial vectors **

     23  0 *    -386.78487640     7.43e-11      0.35
     23  1      -386.61831114     3.38e-09      0.00
    ** throwing out 1 trial vectors **

     24  0 *    -386.78487640     7.43e-11      0.35
     24  1      -386.61831114     1.79e-09      0.00
    ** throwing out 1 trial vectors **

     25  0 *    -386.78487640     7.43e-11      0.34
     25  1      -386.61831114     9.21e-10      0.00
    ** throwing out 1 trial vectors **

     26  0 *    -386.78487640     7.41e-11      0.34
     26  1      -386.61831114     4.88e-10      0.00
    ** throwing out 1 trial vectors **

     27  0 *    -386.78487640     7.41e-11      0.35
     27  1      -386.61831114     2.60e-10      0.00
    ** throwing out 1 trial vectors **

     28  0 *    -386.78487640     7.40e-11      0.35
     28  1      -386.61831114     1.39e-10      0.00
    ** throwing out 1 trial vectors **

     29  0 *    -386.78487640     7.39e-11      0.24
     29  1 *    -386.61831114     7.69e-11      0.00

     * ci vector   0, <S^2> = -0.0000, E =     -386.78487640
       222222......     0.8997364694
       22222ab.....     0.0902832735
       22222ba.....     0.0902832735
       2222.22.....    -0.0691060930
       222.22.2....    -0.0633820622
       .22222.....2    -0.0527790013
       2222.2.2....    -0.0508435368

     * ci vector   1, <S^2> = 0.0000, E =     -386.61831114
       22222ba.....    -0.6140081872
       22222ab.....    -0.6140081872
       222222......     0.1376626594
       22a22bb.a...     0.0577821681
       22b22aa.b...     0.0577821681
       222b2a2.....    -0.0544279749
       222a2b2.....    -0.0544279749
       2222baab....    -0.0505141476
       2222abba....    -0.0505141476
       - FCI and RDMs                             17.99
    * Integral transformation done. Elapsed time: 0.08

       - jop, kop                                  0.00
       - denom                                     0.02
     guess   0:   closed 111111......         open ............        
     guess   1:   closed 11111.......         open .....11.....        

  === FCI iteration ===

      0  0      -386.64991206     3.77e-04      0.62
      0  1      -386.46608688     3.83e-04      0.00

      1  0      -386.76188888     1.80e-04      0.62
      1  1      -386.58136538     2.03e-04      0.00

      2  0      -386.78102158     8.21e-05      0.62
      2  1      -386.60898869     1.09e-04      0.00

      3  0      -386.78433850     3.49e-05      0.63
      3  1      -386.61586344     5.58e-05      0.00

      4  0      -386.78485706     1.45e-05      0.63
      4  1      -386.61756988     2.94e-05      0.00

      5  0      -386.78493899     6.66e-06      0.63
      5  1      -386.61805934     1.65e-05      0.00

      6  0      -386.78495715     3.15e-06      0.62
      6  1      -386.61819655     9.74e-06      0.00

      7  0      -386.78496130     1.55e-06      0.63
      7  1      -386.61823821     5.68e-06      0.00

      8  0      -386.78496225     7.85e-07      0.64
      8  1      -386.61825397     3.60e-06      0.00

      9  0      -386.78496249     3.92e-07      0.64
      9  1      -386.61826197     2.89e-06      0.00

     10  0      -386.78496254     1.94e-07      0.63
     10  1      -386.61826735     2.36e-06      0.00

     11  0      -386.78496256     9.25e-08      0.64
     11  1      -386.61827031     1.60e-06      0.00

     12  0      -386.78496256     4.11e-08      0.64
     12  1      -386.61827148     9.03e-07      0.00

     13  0      -386.78496256     1.86e-08      0.65
     13  1      -386.61827185     5.11e-07      0.00

     14  0      -386.78496256     8.99e-09      0.64
     14  1      -386.61827198     3.11e-07      0.00

     15  0      -386.78496256     4.46e-09      0.64
     15  1      -386.61827202     1.88e-07      0.00

     16  0      -386.78496256     2.09e-09      0.66
     16  1      -386.61827204     1.12e-07      0.00

     17  0      -386.78496256     9.43e-10      0.65
     17  1      -386.61827204     6.74e-08      0.00

     18  0      -386.78496256     4.08e-10      0.65
     18  1      -386.61827205     4.23e-08      0.00

     19  0      -386.78496256     1.74e-10      0.65
     19  1      -386.61827205     2.73e-08      0.00
    ** throwing out 2 trial vectors **

     20  0 *    -386.78496256     7.48e-11      0.56
     20  1      -386.61827205     1.81e-08      0.00
    ** throwing out 1 trial vectors **

     21  0 *    -386.78496256     7.27e-11      0.35
     21  1      -386.61827205     1.14e-08      0.00
    ** throwing out 1 trial vectors **

     22  0 *    -386.78496256     7.25e-11      0.35
     22  1      -386.61827205     6.50e-09      0.00
    ** throwing out 1 trial vectors **

     23  0 *    -386.78496256     7.24e-11      0.35
     23  1      -386.61827205     3.56e-09      0.00
    ** throwing out 1 trial vectors **

     24  0 *    -386.78496256     7.24e-11      0.33
     24  1      -386.61827205     1.88e-09      0.00
    ** throwing out 1 trial vectors **

     25  0 *    -386.78496256     7.24e-11      0.34
     25  1      -386.61827205     9.59e-10      0.00
    ** throwing out 1 trial vectors **

     26  0 *    -386.78496256     7.22e-11      0.35
     26  1      -386.61827205     5.04e-10      0.00
    ** throwing out 1 trial vectors **

     27  0 *    -386.78496256     7.22e-11      0.34
     27  1      -386.61827205     2.67e-10      0.00
    ** throwing out 1 trial vectors **

     28  0 *    -386.78496256     7.21e-11      0.34
     28  1      -386.61827205     1.43e-10      0.00
    ** throwing out 1 trial vectors **

     29  0 *    -386.78496256     7.21e-11      0.24
     29  1 *    -386.61827205     7.96e-11      0.00

     * ci vector   0, <S^2> = 0.0000, E =     -386.78496256
       222222......    -0.8993208291
       22222ba.....    -0.0927424382
       22222ab.....    -0.0927424382
       2222.22.....     0.0717840520
       222.22.2....     0.0625232397
       .22222.....2     0.0529115606
       222.22..2...     0.0502243010

     * ci vector   1, <S^2> = -0.0000, E =     -386.61827205
       22222ab.....     0.6131475179
       22222ba.....     0.6131475179
       222222......    -0.1409778707
       22b22aa.b...    -0.0563127921
       22a22bb.a...    -0.0563127921
       222a2b2.....    -0.0537854327
       222b2a2.....    -0.0537854327
       2222ba2.....    -0.0518270651
       2222ab2.....    -0.0518270651
       222a22.b....    -0.0503138385
       222b22.a....    -0.0503138385
       - FCI and RDMs                             17.94
    * Integral transformation done. Elapsed time: 0.08

       - jop, kop                                  0.00
       - denom                                     0.02
     guess   0:   closed 111111......         open ............        
     guess   1:   closed 11111.......         open .....11.....        

  === FCI iteration ===

      0  0      -386.64994606     3.77e-04      0.63
      0  1      -386.46567725     3.83e-04      0.00

      1  0      -386.76194177     1.80e-04      0.64
      1  1      -386.58109325     2.03e-04      0.00

      2  0      -386.78106235     8.21e-05      0.64
      2  1      -386.60889171     1.09e-04      0.00

      3  0      -386.78437493     3.49e-05      0.64
      3  1      -386.61581602     5.60e-05      0.00

      4  0      -386.78489229     1.44e-05      0.64
      4  1      -386.61753850     2.96e-05      0.00

      5  0      -386.78497394     6.66e-06      0.64
      5  1      -386.61803393     1.65e-05      0.00

      6  0      -386.78499208     3.14e-06      0.64
      6  1      -386.61817181     9.71e-06      0.00

      7  0      -386.78499622     1.54e-06      0.64
      7  1      -386.61821320     5.66e-06      0.00

      8  0      -386.78499716     7.79e-07      0.64
      8  1      -386.61822869     3.57e-06      0.00

      9  0      -386.78499739     3.88e-07      0.62
      9  1      -386.61823653     2.85e-06      0.00

     10  0      -386.78499745     1.92e-07      0.62
     10  1      -386.61824181     2.33e-06      0.00

     11  0      -386.78499746     9.13e-08      0.63
     11  1      -386.61824471     1.60e-06      0.00

     12  0      -386.78499746     4.04e-08      0.63
     12  1      -386.61824588     9.02e-07      0.00

     13  0      -386.78499746     1.83e-08      0.63
     13  1      -386.61824625     5.10e-07      0.00

     14  0      -386.78499746     8.79e-09      0.63
     14  1      -386.61824637     3.10e-07      0.00

     15  0      -386.78499746     4.36e-09      0.63
     15  1      -386.61824642     1.87e-07      0.00

     16  0      -386.78499746     2.06e-09      0.64
     16  1      -386.61824643     1.11e-07      0.00

     17  0      -386.78499746     9.34e-10      0.63
     17  1      -386.61824644     6.70e-08      0.00

     18  0      -386.78499746     4.06e-10      0.64
     18  1      -386.61824644     4.21e-08      0.00

     19  0      -386.78499746     1.74e-10      0.64
     19  1      -386.61824644     2.73e-08      0.00
    ** throwing out 2 trial vectors **

     20  0 *    -386.78499746     7.50e-11      0.54
     20  1      -386.61824644     1.83e-08      0.00
    ** throwing out 1 trial vectors **

     21  0 *    -386.78499746     7.19e-11      0.34
     21  1      -386.61824644     1.16e-08      0.00
    ** throwing out 1 trial vectors **

     22  0 *    -386.78499746     7.15e-11      0.34
     22  1      -386.61824644     6.69e-09      0.00
    ** throwing out 1 trial vectors **

     23  0 *    -386.78499746     7.14e-11      0.34
     23  1      -386.61824644     3.67e-09      0.00
    ** throwing out 1 trial vectors **

     24  0 *    -386.78499746     7.14e-11      0.34
     24  1      -386.61824644     1.93e-09      0.00
    ** throwing out 1 trial vectors **

     25  0 *    -386.78499746     7.13e-11      0.34
     25  1      -386.61824644     9.83e-10      0.00
    ** throwing out 1 trial vectors **

     26  0 *    -386.78499746     7.12e-11      0.34
     26  1      -386.61824644     5.17e-10      0.00
    ** throwing out 1 trial vectors **

     27  0 *    -386.78499746     7.12e-11      0.34
     27  1      -386.61824644     2.73e-10      0.00
    ** throwing out 1 trial vectors **

     28  0 *    -386.78499746     7.11e-11      0.34
     28  1      -386.61824644     1.47e-10      0.00
    ** throwing out 1 trial vectors **

     29  0 *    -386.78499746     7.11e-11      0.24
     29  1 *    -386.61824644     8.22e-11      0.00

     * ci vector   0, <S^2> = -0.0000, E =     -386.78499746
       222222......     0.8991236347
       22222ab.....     0.0937646619
       22222ba.....     0.0937646619
       2222.22.....    -0.0732729601
       222.22.2....    -0.0623966623
       .22222.....2    -0.0529906190
       222.22..2...    -0.0529659754

     * ci vector   1, <S^2> = 0.0000, E =     -386.61824644
       22222ba.....     0.6127419077
       22222ab.....     0.6127419077
       222222......    -0.1423035065
       22a22bb.a...     0.0555525514
       22b22aa.b...     0.0555525514
       222b2a2.....     0.0532040985
       222a2b2.....     0.0532040985
       2222ab2.....    -0.0528165459
       2222ba2.....    -0.0528165459
       222b22.a....    -0.0505575070
       222a22.b....    -0.0505575070
       - FCI and RDMs                             17.79
    * Integral transformation done. Elapsed time: 0.08

       - jop, kop                                  0.00
       - denom                                     0.02
     guess   0:   closed 111111......         open ............        
     guess   1:   closed 11111.......         open .....11.....        

  === FCI iteration ===

      0  0      -386.64996112     3.77e-04      0.60
      0  1      -386.46548166     3.83e-04      0.00

      1  0      -386.76196476     1.80e-04      0.61
      1  1      -386.58095894     2.03e-04      0.00

      2  0      -386.78107955     8.20e-05      0.61
      2  1      -386.60884215     1.09e-04      0.00

      3  0      -386.78439031     3.48e-05      0.61
      3  1      -386.61579145     5.62e-05      0.00

      4  0      -386.78490723     1.44e-05      0.61
      4  1      -386.61752251     2.97e-05      0.00

      5  0      -386.78498879     6.66e-06      0.62
      5  1      -386.61802106     1.65e-05      0.00

      6  0      -386.78500695     3.14e-06      0.62
      6  1      -386.61815935     9.71e-06      0.00

      7  0      -386.78501108     1.54e-06      0.62
      7  1      -386.61820063     5.65e-06      0.00

      8  0      -386.78501202     7.77e-07      0.62
      8  1      -386.61821601     3.56e-06      0.00

      9  0      -386.78501225     3.86e-07      0.62
      9  1      -386.61822377     2.84e-06      0.00

     10  0      -386.78501230     1.91e-07      0.62
     10  1      -386.61822901     2.32e-06      0.00

     11  0      -386.78501232     9.07e-08      0.62
     11  1      -386.61823189     1.60e-06      0.00

     12  0      -386.78501232     4.02e-08      0.63
     12  1      -386.61823305     9.01e-07      0.00

     13  0      -386.78501232     1.82e-08      0.63
     13  1      -386.61823342     5.09e-07      0.00

     14  0      -386.78501232     8.70e-09      0.63
     14  1      -386.61823354     3.09e-07      0.00

     15  0      -386.78501232     4.32e-09      0.63
     15  1      -386.61823359     1.86e-07      0.00

     16  0      -386.78501232     2.04e-09      0.63
     16  1      -386.61823360     1.11e-07      0.00

     17  0      -386.78501232     9.29e-10      0.63
     17  1      -386.61823361     6.68e-08      0.00

     18  0      -386.78501232     4.05e-10      0.64
     18  1      -386.61823361     4.20e-08      0.00

     19  0      -386.78501232     1.74e-10      0.64
     19  1      -386.61823361     2.73e-08      0.00
    ** throwing out 2 trial vectors **

     20  0 *    -386.78501232     7.53e-11      0.55
     20  1      -386.61823361     1.84e-08      0.00
    ** throwing out 1 trial vectors **

     21  0 *    -386.78501232     7.16e-11      0.34
     21  1      -386.61823361     1.17e-08      0.00
    ** throwing out 1 trial vectors **

     22  0 *    -386.78501232     7.10e-11      0.34
     22  1      -386.61823361     6.78e-09      0.00
    ** throwing out 1 trial vectors **

     23  0 *    -386.78501232     7.09e-11      0.34
     23  1      -386.61823361     3.72e-09      0.00
    ** throwing out 1 trial vectors **

     24  0 *    -386.78501232     7.09e-11      0.34
     24  1      -386.61823361     1.96e-09      0.00
    ** throwing out 1 trial vectors **

     25  0 *    -386.78501232     7.08e-11      0.34
     25  1      -386.61823361     9.96e-10      0.00
    ** throwing out 1 trial vectors **

     26  0 *    -386.78501232     7.07e-11      0.34
     26  1      -386.61823361     5.25e-10      0.00
    ** throwing out 1 trial vectors **

     27  0 *    -386.78501232     7.07e-11      0.34
     27  1      -386.61823361     2.78e-10      0.00
    ** throwing out 1 trial vectors **

     28  0 *    -386.78501232     7.05e-11      0.34
     28  1      -386.61823361     1.50e-10      0.00
    ** throwing out 1 trial vectors **

     29  0 *    -386.78501232     7.06e-11      0.24
     29  1 *    -386.61823361     8.41e-11      0.00

     * ci vector   0, <S^2> = 0.0000, E =     -386.78501232
       222222......     0.8990346417
       22222ba.....     0.0942043327
       22222ab.....     0.0942043327
       2222.22.....    -0.0740766148
       222.22.2....    -0.0624269389
       222.22..2...    -0.0543934661
       .22222.....2    -0.0530435300

     * ci vector   1, <S^2> = 0.0000, E =     -386.61823361
       22222ab.....    -0.6125512361
       22222ba.....    -0.6125512361
       222222......     0.1428651840
       22b22aa.b...    -0.0551689034
       22a22bb.a...    -0.0551689034
       2222ba2.....     0.0533418323
       2222ab2.....     0.0533418323
       222a2b2.....    -0.0528406824
       222b2a2.....    -0.0528406824
       222a22.b....    -0.0505923569
       222b22.a....    -0.0505923569
       - FCI and RDMs                             17.57
    * Integral transformation done. Elapsed time: 0.08

       - jop, kop                                  0.00
       - denom                                     0.02
     guess   0:   closed 111111......         open ............        
     guess   1:   closed 11111.......         open .....11.....        

  === FCI iteration ===

      0  0      -386.64996779     3.77e-04      0.61
      0  1      -386.46538682     3.83e-04      0.00

      1  0      -386.76197504     1.80e-04      0.61
      1  1      -386.58089270     2.04e-04      0.00

      2  0      -386.78108701     8.20e-05      0.62
      2  1      -386.60881746     1.09e-04      0.00

      3  0      -386.78439697     3.48e-05      0.61
      3  1      -386.61577935     5.62e-05      0.00

      4  0      -386.78491372     1.44e-05      0.62
      4  1      -386.61751486     2.97e-05      0.00

      5  0      -386.78499527     6.66e-06      0.61
      5  1      -386.61801499     1.66e-05      0.00

      6  0      -386.78501344     3.14e-06      0.62
      6  1      -386.61815349     9.70e-06      0.00

      7  0      -386.78501757     1.54e-06      0.62
      7  1      -386.61819474     5.64e-06      0.00

      8  0      -386.78501850     7.76e-07      0.62
      8  1      -386.61821006     3.55e-06      0.00

      9  0      -386.78501873     3.85e-07      0.63
      9  1      -386.61821779     2.83e-06      0.00

     10  0      -386.78501879     1.90e-07      0.63
     10  1      -386.61822300     2.32e-06      0.00

     11  0      -386.78501880     9.05e-08      0.62
     11  1      -386.61822587     1.59e-06      0.00

     12  0      -386.78501880     4.00e-08      0.62
     12  1      -386.61822703     9.01e-07      0.00

     13  0      -386.78501880     1.81e-08      0.62
     13  1      -386.61822740     5.08e-07      0.00

     14  0      -386.78501880     8.66e-09      0.63
     14  1      -386.61822752     3.09e-07      0.00

     15  0      -386.78501880     4.30e-09      0.63
     15  1      -386.61822757     1.86e-07      0.00

     16  0      -386.78501880     2.04e-09      0.63
     16  1      -386.61822758     1.11e-07      0.00

     17  0      -386.78501880     9.27e-10      0.64
     17  1      -386.61822759     6.67e-08      0.00

     18  0      -386.78501880     4.04e-10      0.64
     18  1      -386.61822759     4.19e-08      0.00

     19  0      -386.78501880     1.74e-10      0.64
     19  1      -386.61822759     2.73e-08      0.00
    ** throwing out 2 trial vectors **

     20  0 *    -386.78501880     7.55e-11      0.54
     20  1      -386.61822759     1.84e-08      0.00
    ** throwing out 1 trial vectors **

     21  0 *    -386.78501880     7.15e-11      0.34
     21  1      -386.61822759     1.18e-08      0.00
    ** throwing out 1 trial vectors **

     22  0 *    -386.78501880     7.08e-11      0.34
     22  1      -386.61822759     6.83e-09      0.00
    ** throwing out 1 trial vectors **

     23  0 *    -386.78501880     7.06e-11      0.34
     23  1      -386.61822759     3.75e-09      0.00
    ** throwing out 1 trial vectors **

     24  0 *    -386.78501880     7.06e-11      0.34
     24  1      -386.61822759     1.97e-09      0.00
    ** throwing out 1 trial vectors **

     25  0 *    -386.78501880     7.05e-11      0.34
     25  1      -386.61822759     1.00e-09      0.00
    ** throwing out 1 trial vectors **

     26  0 *    -386.78501880     7.04e-11      0.34
     26  1      -386.61822759     5.28e-10      0.00
    ** throwing out 1 trial vectors **

     27  0 *    -386.78501880     7.04e-11      0.34
     27  1      -386.61822759     2.80e-10      0.00
    ** throwing out 1 trial vectors **

     28  0 *    -386.78501880     7.03e-11      0.34
     28  1      -386.61822759     1.51e-10      0.00
    ** throwing out 1 trial vectors **

     29  0 *    -386.78501880     7.03e-11      0.24
     29  1 *    -386.61822759     8.49e-11      0.00

     * ci vector   0, <S^2> = 0.0000, E =     -386.78501880
       222222......    -0.8989944745
       22222ab.....    -0.0943976369
       22222ba.....    -0.0943976369
       2222.22.....     0.0744982324
       222.22.2....     0.0624714627
       222.22..2...     0.0551285838
       .22222.....2     0.0530759645

     * ci vector   1, <S^2> = 0.0000, E =     -386.61822759
       22222ba.....    -0.6124609237
       22222ab.....    -0.6124609237
       222222......     0.1431105733
       22a22bb.a...    -0.0549760500
       22b22aa.b...    -0.0549760500
       2222ab2.....     0.0536189053
       2222ba2.....     0.0536189053
       222b2a2.....    -0.0526370978
       222a2b2.....    -0.0526370978
       222b22.a....    -0.0505833407
       222a22.b....    -0.0505833407
       - FCI and RDMs                             17.57
    * Integral transformation done. Elapsed time: 0.08

       - jop, kop                                  0.00
       - denom                                     0.02
     guess   0:   closed 111111......         open ............        
     guess   1:   closed 11111.......         open .....11.....        

  === FCI iteration ===

      0  0      -386.64997075     3.77e-04      0.60
      0  1      -386.46534044     3.83e-04      0.00

      1  0      -386.76197971     1.80e-04      0.62
      1  1      -386.58086000     2.04e-04      0.00

      2  0      -386.78109030     8.20e-05      0.61
      2  1      -386.60880527     1.10e-04      0.00

      3  0      -386.78439990     3.48e-05      0.61
      3  1      -386.61577347     5.63e-05      0.00

      4  0      -386.78491659     1.44e-05      0.61
      4  1      -386.61751127     2.97e-05      0.00

      5  0      -386.78499814     6.66e-06      0.62
      5  1      -386.61801220     1.66e-05      0.00

      6  0      -386.78501632     3.14e-06      0.62
      6  1      -386.61815081     9.70e-06      0.00

      7  0      -386.78502044     1.54e-06      0.62
      7  1      -386.61819204     5.64e-06      0.00

      8  0      -386.78502138     7.75e-07      0.62
      8  1      -386.61820733     3.55e-06      0.00

      9  0      -386.78502161     3.85e-07      0.62
      9  1      -386.61821504     2.82e-06      0.00

     10  0      -386.78502166     1.90e-07      0.62
     10  1      -386.61822025     2.31e-06      0.00

     11  0      -386.78502168     9.04e-08      0.62
     11  1      -386.61822310     1.59e-06      0.00

     12  0      -386.78502168     4.00e-08      0.62
     12  1      -386.61822427     9.00e-07      0.00

     13  0      -386.78502168     1.81e-08      0.62
     13  1      -386.61822464     5.08e-07      0.00

     14  0      -386.78502168     8.64e-09      0.63
     14  1      -386.61822476     3.09e-07      0.00

     15  0      -386.78502168     4.29e-09      0.63
     15  1      -386.61822480     1.86e-07      0.00

     16  0      -386.78502168     2.03e-09      0.63
     16  1      -386.61822482     1.11e-07      0.00

     17  0      -386.78502168     9.26e-10      0.63
     17  1      -386.61822482     6.66e-08      0.00

     18  0      -386.78502168     4.04e-10      0.63
     18  1      -386.61822483     4.19e-08      0.00

     19  0      -386.78502168     1.74e-10      0.63
     19  1      -386.61822483     2.73e-08      0.00
    ** throwing out 2 trial vectors **

     20  0 *    -386.78502168     7.56e-11      0.54
     20  1      -386.61822483     1.84e-08      0.00
    ** throwing out 1 trial vectors **

     21  0 *    -386.78502168     7.14e-11      0.34
     21  1      -386.61822483     1.18e-08      0.00
    ** throwing out 1 trial vectors **

     22  0 *    -386.78502168     7.06e-11      0.34
     22  1      -386.61822483     6.85e-09      0.00
    ** throwing out 1 trial vectors **

     23  0 *    -386.78502168     7.05e-11      0.34
     23  1      -386.61822483     3.76e-09      0.00
    ** throwing out 1 trial vectors **

     24  0 *    -386.78502168     7.05e-11      0.34
     24  1      -386.61822483     1.98e-09      0.00
    ** throwing out 1 trial vectors **

     25  0 *    -386.78502168     7.04e-11      0.34
     25  1      -386.61822483     1.01e-09      0.00
    ** throwing out 1 trial vectors **

     26  0 *    -386.78502168     7.03e-11      0.34
     26  1      -386.61822483     5.28e-10      0.00
    ** throwing out 1 trial vectors **

     27  0 *    -386.78502168     7.03e-11      0.34
     27  1      -386.61822483     2.80e-10      0.00
    ** throwing out 1 trial vectors **

     28  0 *    -386.78502168     7.02e-11      0.34
     28  1      -386.61822483     1.51e-10      0.00
    ** throwing out 1 trial vectors **

     29  0 *    -386.78502168     7.02e-11      0.24
     29  1 *    -386.61822483     8.48e-11      0.00

     * ci vector   0, <S^2> = -0.0000, E =     -386.78502168
       222222......     0.8989762820
       22222ab.....     0.0944833794
       22222ba.....     0.0944833794
       2222.22.....    -0.0747165898
       222.22.2....    -0.0625045413
       222.22..2...    -0.0555048429
       .22222.....2    -0.0530947065

     * ci vector   1, <S^2> = 0.0000, E =     -386.61822483
       22222ba.....    -0.6124179287
       22222ab.....    -0.6124179287
       222222......     0.1432191522
       22a22bb.a...    -0.0548790522
       22b22aa.b...    -0.0548790522
       2222ab2.....     0.0537639613
       2222ba2.....     0.0537639613
       222b2a2.....    -0.0525277171
       222a2b2.....    -0.0525277171
       222b22.a....    -0.0505701104
       222a22.b....    -0.0505701104
       - FCI and RDMs                             17.49
    * Integral transformation done. Elapsed time: 0.08

       - jop, kop                                  0.00
       - denom                                     0.02
     guess   0:   closed 111111......         open ............        
     guess   1:   closed 11111.......         open .....11.....        

  === FCI iteration ===

      0  0      -386.64997207     3.77e-04      0.60
      0  1      -386.46531762     3.83e-04      0.00

      1  0      -386.76198186     1.80e-04      0.61
      1  1      -386.58084384     2.04e-04      0.00

      2  0      -386.78109177     8.20e-05      0.61
      2  1      -386.60879927     1.10e-04      0.00

      3  0      -386.78440121     3.48e-05      0.61
      3  1      -386.61577064     5.63e-05      0.00

      4  0      -386.78491788     1.44e-05      0.61
      4  1      -386.61750959     2.97e-05      0.00

      5  0      -386.78499942     6.67e-06      0.61
      5  1      -386.61801093     1.66e-05      0.00

      6  0      -386.78501760     3.14e-06      0.61
      6  1      -386.61814959     9.70e-06      0.00

      7  0      -386.78502173     1.54e-06      0.62
      7  1      -386.61819081     5.64e-06      0.00

      8  0      -386.78502266     7.75e-07      0.62
      8  1      -386.61820609     3.55e-06      0.00

      9  0      -386.78502289     3.85e-07      0.62
      9  1      -386.61821379     2.82e-06      0.00

     10  0      -386.78502295     1.90e-07      0.62
     10  1      -386.61821899     2.31e-06      0.00

     11  0      -386.78502296     9.04e-08      0.62
     11  1      -386.61822184     1.59e-06      0.00

     12  0      -386.78502296     4.00e-08      0.62
     12  1      -386.61822301     9.00e-07      0.00

     13  0      -386.78502297     1.80e-08      0.62
     13  1      -386.61822338     5.08e-07      0.00

     14  0      -386.78502297     8.63e-09      0.63
     14  1      -386.61822350     3.09e-07      0.00

     15  0      -386.78502297     4.29e-09      0.63
     15  1      -386.61822354     1.86e-07      0.00

     16  0      -386.78502297     2.03e-09      0.63
     16  1      -386.61822356     1.11e-07      0.00

     17  0      -386.78502297     9.26e-10      0.63
     17  1      -386.61822356     6.66e-08      0.00

     18  0      -386.78502297     4.04e-10      0.63
     18  1      -386.61822357     4.19e-08      0.00

     19  0      -386.78502297     1.74e-10      0.63
     19  1      -386.61822357     2.73e-08      0.00
    ** throwing out 2 trial vectors **

     20  0 *    -386.78502297     7.57e-11      0.55
     20  1      -386.61822357     1.84e-08      0.00
    ** throwing out 1 trial vectors **

     21  0 *    -386.78502297     7.14e-11      0.33
     21  1      -386.61822357     1.18e-08      0.00
    ** throwing out 1 trial vectors **

     22  0 *    -386.78502297     7.06e-11      0.33
     22  1      -386.61822357     6.86e-09      0.00
    ** throwing out 1 trial vectors **

     23  0 *    -386.78502297     7.04e-11      0.33
     23  1      -386.61822357     3.77e-09      0.00
    ** throwing out 1 trial vectors **

     24  0 *    -386.78502297     7.04e-11      0.34
     24  1      -386.61822357     1.98e-09      0.00
    ** throwing out 1 trial vectors **

     25  0 *    -386.78502297     7.03e-11      0.34
     25  1      -386.61822357     1.01e-09      0.00
    ** throwing out 1 trial vectors **

     26  0 *    -386.78502297     7.02e-11      0.34
     26  1      -386.61822357     5.29e-10      0.00
    ** throwing out 1 trial vectors **

     27  0 *    -386.78502297     7.02e-11      0.34
     27  1      -386.61822357     2.80e-10      0.00
    ** throwing out 1 trial vectors **

     28  0 *    -386.78502297     7.01e-11      0.34
     28  1      -386.61822357     1.51e-10      0.00
    ** throwing out 1 trial vectors **

     29  0 *    -386.78502297     7.01e-11      0.24
     29  1 *    -386.61822357     8.51e-11      0.00

     * ci vector   0, <S^2> = -0.0000, E =     -386.78502297
       222222......    -0.8989680109
       22222ba.....    -0.0945215979
       22222ab.....    -0.0945215979
       2222.22.....     0.0748289775
       222.22.2....     0.0625256145
       222.22..2...     0.0556967231
       .22222.....2     0.0531051532

     * ci vector   1, <S^2> = -0.0000, E =     -386.61822357
       22222ab.....     0.6123973585
       22222ba.....     0.6123973585
       222222......    -0.1432675138
       22b22aa.b...     0.0548302453
       22a22bb.a...     0.0548302453
       2222ba2.....    -0.0538395037
       2222ab2.....    -0.0538395037
       222a2b2.....     0.0524700696
       222b2a2.....     0.0524700696
       222a22.b....     0.0505603186
       222b22.a....     0.0505603186
       - FCI and RDMs                             17.44
    * Integral transformation done. Elapsed time: 0.08

       - jop, kop                                  0.00
       - denom                                     0.02
     guess   0:   closed 111111......         open ............        
     guess   1:   closed 11111.......         open .....11.....        

  === FCI iteration ===

      0  0      -386.64997267     3.77e-04      0.60
      0  1      -386.46530634     3.83e-04      0.00

      1  0      -386.76198286     1.80e-04      0.61
      1  1      -386.58083582     2.04e-04      0.00

      2  0      -386.78109243     8.20e-05      0.61
      2  1      -386.60879630     1.10e-04      0.00

      3  0      -386.78440179     3.48e-05      0.61
      3  1      -386.61576927     5.63e-05      0.00

      4  0      -386.78491845     1.44e-05      0.61
      4  1      -386.61750881     2.97e-05      0.00

      5  0      -386.78500000     6.67e-06      0.61
      5  1      -386.61801035     1.66e-05      0.00

      6  0      -386.78501818     3.14e-06      0.61
      6  1      -386.61814903     9.70e-06      0.00

      7  0      -386.78502231     1.54e-06      0.60
      7  1      -386.61819025     5.64e-06      0.00

      8  0      -386.78502324     7.75e-07      0.61
      8  1      -386.61820552     3.55e-06      0.00

      9  0      -386.78502347     3.85e-07      0.64
      9  1      -386.61821322     2.82e-06      0.00

     10  0      -386.78502353     1.90e-07      0.64
     10  1      -386.61821842     2.31e-06      0.00

     11  0      -386.78502354     9.03e-08      0.64
     11  1      -386.61822127     1.59e-06      0.00

     12  0      -386.78502354     3.99e-08      0.65
     12  1      -386.61822243     9.00e-07      0.00

     13  0      -386.78502354     1.80e-08      0.65
     13  1      -386.61822281     5.08e-07      0.00

     14  0      -386.78502354     8.62e-09      0.65
     14  1      -386.61822292     3.09e-07      0.00

     15  0      -386.78502354     4.28e-09      0.65
     15  1      -386.61822297     1.86e-07      0.00

     16  0      -386.78502354     2.03e-09      0.66
     16  1      -386.61822299     1.11e-07      0.00

     17  0      -386.78502354     9.25e-10      0.66
     17  1      -386.61822299     6.66e-08      0.00

     18  0      -386.78502354     4.04e-10      0.64
     18  1      -386.61822299     4.19e-08      0.00

     19  0      -386.78502354     1.74e-10      0.63
     19  1      -386.61822299     2.73e-08      0.00
    ** throwing out 2 trial vectors **

     20  0 *    -386.78502354     7.57e-11      0.54
     20  1      -386.61822300     1.84e-08      0.00
    ** throwing out 1 trial vectors **

     21  0 *    -386.78502354     7.14e-11      0.34
     21  1      -386.61822300     1.18e-08      0.00
    ** throwing out 1 trial vectors **

     22  0 *    -386.78502354     7.06e-11      0.34
     22  1      -386.61822300     6.87e-09      0.00
    ** throwing out 1 trial vectors **

     23  0 *    -386.78502354     7.04e-11      0.34
     23  1      -386.61822300     3.77e-09      0.00
    ** throwing out 1 trial vectors **

     24  0 *    -386.78502354     7.04e-11      0.34
     24  1      -386.61822300     1.98e-09      0.00
    ** throwing out 1 trial vectors **

     25  0 *    -386.78502354     7.03e-11      0.34
     25  1      -386.61822300     1.01e-09      0.00
    ** throwing out 1 trial vectors **

     26  0 *    -386.78502354     7.02e-11      0.34
     26  1      -386.61822300     5.29e-10      0.00
    ** throwing out 1 trial vectors **

     27  0 *    -386.78502354     7.02e-11      0.34
     27  1      -386.61822300     2.81e-10      0.00
    ** throwing out 1 trial vectors **

     28  0 *    -386.78502354     7.01e-11      0.34
     28  1      -386.61822300     1.51e-10      0.00
    ** throwing out 1 trial vectors **

     29  0 *    -386.78502354     7.01e-11      0.24
     29  1 *    -386.61822300     8.52e-11      0.00

     * ci vector   0, <S^2> = 0.0000, E =     -386.78502354
       222222......     0.8989642368
       22222ba.....     0.0945386896
       22222ab.....     0.0945386896
       2222.22.....    -0.0748866321
       222.22.2....    -0.0625382007
       222.22..2...    -0.0557943519
       .22222.....2    -0.0531108435

     * ci vector   1, <S^2> = 0.0000, E =     -386.61822300
       22222ab.....     0.6123874690
       22222ba.....     0.6123874690
       222222......    -0.1432891435
       22b22aa.b...    -0.0548056847
       22a22bb.a...    -0.0548056847
       2222ba2.....    -0.0538787004
       2222ab2.....    -0.0538787004
       222a2b2.....     0.0524399929
       222b2a2.....     0.0524399929
       222a22.b....    -0.0505541565
       222b22.a....    -0.0505541565
       - FCI and RDMs                             17.66
    * Integral transformation done. Elapsed time: 0.08

       - jop, kop                                  0.00
       - denom                                     0.02
     guess   0:   closed 111111......         open ............        
     guess   1:   closed 11111.......         open .....11.....        

  === FCI iteration ===

      0  0      -386.64997295     3.77e-04      0.60
      0  1      -386.46530074     3.83e-04      0.00

      1  0      -386.76198333     1.80e-04      0.61
      1  1      -386.58083184     2.04e-04      0.00

      2  0      -386.78109273     8.20e-05      0.61
      2  1      -386.60879484     1.10e-04      0.00

      3  0      -386.78440206     3.48e-05      0.61
      3  1      -386.61576860     5.63e-05      0.00

      4  0      -386.78491871     1.44e-05      0.61
      4  1      -386.61750844     2.97e-05      0.00

      5  0      -386.78500026     6.67e-06      0.61
      5  1      -386.61801008     1.66e-05      0.00

      6  0      -386.78501845     3.14e-06      0.61
      6  1      -386.61814878     9.70e-06      0.00

      7  0      -386.78502257     1.54e-06      0.62
      7  1      -386.61819000     5.64e-06      0.00

      8  0      -386.78502350     7.75e-07      0.62
      8  1      -386.61820527     3.55e-06      0.00

      9  0      -386.78502374     3.85e-07      0.62
      9  1      -386.61821297     2.82e-06      0.00

     10  0      -386.78502379     1.90e-07      0.62
     10  1      -386.61821816     2.31e-06      0.00

     11  0      -386.78502380     9.03e-08      0.62
     11  1      -386.61822101     1.59e-06      0.00

     12  0      -386.78502381     3.99e-08      0.62
     12  1      -386.61822217     9.00e-07      0.00

     13  0      -386.78502381     1.80e-08      0.62
     13  1      -386.61822255     5.08e-07      0.00

     14  0      -386.78502381     8.62e-09      0.62
     14  1      -386.61822266     3.09e-07      0.00

     15  0      -386.78502381     4.28e-09      0.63
     15  1      -386.61822271     1.86e-07      0.00

     16  0      -386.78502381     2.03e-09      0.62
     16  1      -386.61822273     1.11e-07      0.00

     17  0      -386.78502381     9.25e-10      0.63
     17  1      -386.61822273     6.66e-08      0.00

     18  0      -386.78502381     4.04e-10      0.63
     18  1      -386.61822273     4.19e-08      0.00

     19  0      -386.78502381     1.74e-10      0.63
     19  1      -386.61822273     2.73e-08      0.00
    ** throwing out 2 trial vectors **

     20  0 *    -386.78502381     7.57e-11      0.54
     20  1      -386.61822273     1.84e-08      0.00
    ** throwing out 1 trial vectors **

     21  0 *    -386.78502381     7.14e-11      0.33
     21  1      -386.61822273     1.18e-08      0.00
    ** throwing out 1 trial vectors **

     22  0 *    -386.78502381     7.05e-11      0.34
     22  1      -386.61822274     6.87e-09      0.00
    ** throwing out 1 trial vectors **

     23  0 *    -386.78502381     7.04e-11      0.35
     23  1      -386.61822274     3.78e-09      0.00
    ** throwing out 1 trial vectors **

     24  0 *    -386.78502381     7.04e-11      0.35
     24  1      -386.61822274     1.98e-09      0.00
    ** throwing out 1 trial vectors **

     25  0 *    -386.78502381     7.03e-11      0.35
     25  1      -386.61822274     1.01e-09      0.00
    ** throwing out 1 trial vectors **

     26  0 *    -386.78502381     7.02e-11      0.35
     26  1      -386.61822274     5.29e-10      0.00
    ** throwing out 1 trial vectors **

     27  0 *    -386.78502381     7.02e-11      0.35
     27  1      -386.61822274     2.81e-10      0.00
    ** throwing out 1 trial vectors **

     28  0 *    -386.78502381     7.01e-11      0.35
     28  1      -386.61822274     1.51e-10      0.00
    ** throwing out 1 trial vectors **

     29  0 *    -386.78502381     7.01e-11      0.24
     29  1 *    -386.61822274     8.52e-11      0.00

     * ci vector   0, <S^2> = 0.0000, E =     -386.78502381
       222222......    -0.8989625069
       22222ba.....    -0.0945463604
       22222ab.....    -0.0945463604
       2222.22.....     0.0749161494
       222.22.2....     0.0625454546
       222.22..2...     0.0558439526
       .22222.....2     0.0531138951

     * ci vector   1, <S^2> = -0.0000, E =     -386.61822274
       22222ab.....    -0.6123826906
       22222ba.....    -0.6123826906
       222222......     0.1432988550
       22b22aa.b...     0.0547933255
       22a22bb.a...     0.0547933255
       2222ba2.....     0.0538989802
       2222ab2.....     0.0538989802
       222a2b2.....    -0.0524243935
       222b2a2.....    -0.0524243935
       222a22.b....     0.0505505360
       222b22.a....     0.0505505360
       - FCI and RDMs                             17.62
    * Integral transformation done. Elapsed time: 0.08

       - jop, kop                                  0.00
       - denom                                     0.02
     guess   0:   closed 111111......         open ............        
     guess   1:   closed 11111.......         open .....11.....        

  === FCI iteration ===

      0  0      -386.64997307     3.77e-04      0.62
      0  1      -386.46529795     3.83e-04      0.00

      1  0      -386.76198356     1.80e-04      0.63
      1  1      -386.58082985     2.04e-04      0.00

      2  0      -386.78109287     8.20e-05      0.62
      2  1      -386.60879411     1.10e-04      0.00

      3  0      -386.78440218     3.48e-05      0.61
      3  1      -386.61576828     5.63e-05      0.00

      4  0      -386.78491883     1.44e-05      0.62
      4  1      -386.61750827     2.97e-05      0.00

      5  0      -386.78500038     6.67e-06      0.62
      5  1      -386.61800996     1.66e-05      0.00

      6  0      -386.78501856     3.14e-06      0.62
      6  1      -386.61814867     9.70e-06      0.00

      7  0      -386.78502269     1.54e-06      0.62
      7  1      -386.61818988     5.64e-06      0.00

      8  0      -386.78502362     7.75e-07      0.62
      8  1      -386.61820515     3.55e-06      0.00

      9  0      -386.78502385     3.85e-07      0.62
      9  1      -386.61821285     2.82e-06      0.00

     10  0      -386.78502391     1.90e-07      0.62
     10  1      -386.61821804     2.31e-06      0.00

     11  0      -386.78502392     9.03e-08      0.62
     11  1      -386.61822089     1.59e-06      0.00

     12  0      -386.78502393     3.99e-08      0.63
     12  1      -386.61822206     9.00e-07      0.00

     13  0      -386.78502393     1.80e-08      0.63
     13  1      -386.61822243     5.08e-07      0.00

     14  0      -386.78502393     8.62e-09      0.63
     14  1      -386.61822255     3.09e-07      0.00

     15  0      -386.78502393     4.28e-09      0.63
     15  1      -386.61822259     1.86e-07      0.00

     16  0      -386.78502393     2.03e-09      0.63
     16  1      -386.61822261     1.11e-07      0.00

     17  0      -386.78502393     9.25e-10      0.63
     17  1      -386.61822261     6.66e-08      0.00

     18  0      -386.78502393     4.04e-10      0.64
     18  1      -386.61822261     4.19e-08      0.00

     19  0      -386.78502393     1.74e-10      0.64
     19  1      -386.61822262     2.73e-08      0.00
    ** throwing out 2 trial vectors **

     20  0 *    -386.78502393     7.57e-11      0.54
     20  1      -386.61822262     1.84e-08      0.00
    ** throwing out 1 trial vectors **

     21  0 *    -386.78502393     7.14e-11      0.34
     21  1      -386.61822262     1.18e-08      0.00
    ** throwing out 1 trial vectors **

     22  0 *    -386.78502393     7.05e-11      0.34
     22  1      -386.61822262     6.87e-09      0.00
    ** throwing out 1 trial vectors **

     23  0 *    -386.78502393     7.04e-11      0.34
     23  1      -386.61822262     3.78e-09      0.00
    ** throwing out 1 trial vectors **

     24  0 *    -386.78502393     7.04e-11      0.34
     24  1      -386.61822262     1.98e-09      0.00
    ** throwing out 1 trial vectors **

     25  0 *    -386.78502393     7.03e-11      0.34
     25  1      -386.61822262     1.01e-09      0.00
    ** throwing out 1 trial vectors **

     26  0 *    -386.78502393     7.02e-11      0.34
     26  1      -386.61822262     5.29e-10      0.00
    ** throwing out 1 trial vectors **

     27  0 *    -386.78502393     7.01e-11      0.34
     27  1      -386.61822262     2.81e-10      0.00
    ** throwing out 1 trial vectors **

     28  0 *    -386.78502393     7.00e-11      0.34
     28  1      -386.61822262     1.51e-10      0.00
    ** throwing out 1 trial vectors **

     29  0 *    -386.78502393     7.01e-11      0.24
     29  1 *    -386.61822262     8.52e-11      0.00

     * ci vector   0, <S^2> = 0.0000, E =     -386.78502393
       222222......     0.8989617102
       22222ab.....     0.0945498157
       22222ba.....     0.0945498157
       2222.22.....    -0.0749312420
       222.22.2....    -0.0625495384
       222.22..2...    -0.0558691303
       .22222.....2    -0.0531155138

     * ci vector   1, <S^2> = 0.0000, E =     -386.61822262
       22222ab.....     0.6123803707
       22222ba.....     0.6123803707
       222222......    -0.1433032319
       22b22aa.b...    -0.0547871058
       22a22bb.a...    -0.0547871058
       2222ba2.....    -0.0539094489
       2222ab2.....    -0.0539094489
       222a2b2.....     0.0524163333
       222b2a2.....     0.0524163333
       222a22.b....    -0.0505484855
       222b22.a....    -0.0505484855
       - FCI and RDMs                             17.63
    * Integral transformation done. Elapsed time: 0.08

       - jop, kop                                  0.00
       - denom                                     0.02
     guess   0:   closed 111111......         open ............        
     guess   1:   closed 11111.......         open .....11.....        

  === FCI iteration ===

      0  0      -386.64997313     3.77e-04      0.61
      0  1      -386.46529656     3.83e-04      0.00

      1  0      -386.76198366     1.80e-04      0.61
      1  1      -386.58082886     2.04e-04      0.00

      2  0      -386.78109293     8.20e-05      0.61
      2  1      -386.60879375     1.10e-04      0.00

      3  0      -386.78440223     3.48e-05      0.61
      3  1      -386.61576812     5.63e-05      0.00

      4  0      -386.78491888     1.44e-05      0.61
      4  1      -386.61750819     2.97e-05      0.00

      5  0      -386.78500043     6.67e-06      0.61
      5  1      -386.61800991     1.66e-05      0.00

      6  0      -386.78501862     3.14e-06      0.61
      6  1      -386.61814862     9.70e-06      0.00

      7  0      -386.78502274     1.54e-06      0.62
      7  1      -386.61818983     5.64e-06      0.00

      8  0      -386.78502368     7.75e-07      0.62
      8  1      -386.61820510     3.55e-06      0.00

      9  0      -386.78502391     3.85e-07      0.62
      9  1      -386.61821280     2.82e-06      0.00

     10  0      -386.78502396     1.90e-07      0.62
     10  1      -386.61821799     2.31e-06      0.00

     11  0      -386.78502398     9.03e-08      0.62
     11  1      -386.61822084     1.59e-06      0.00

     12  0      -386.78502398     3.99e-08      0.62
     12  1      -386.61822200     9.00e-07      0.00

     13  0      -386.78502398     1.80e-08      0.63
     13  1      -386.61822237     5.08e-07      0.00

     14  0      -386.78502398     8.62e-09      0.63
     14  1      -386.61822249     3.09e-07      0.00

     15  0      -386.78502398     4.28e-09      0.63
     15  1      -386.61822254     1.86e-07      0.00

     16  0      -386.78502398     2.03e-09      0.63
     16  1      -386.61822255     1.11e-07      0.00

     17  0      -386.78502398     9.25e-10      0.63
     17  1      -386.61822256     6.66e-08      0.00

     18  0      -386.78502398     4.04e-10      0.63
     18  1      -386.61822256     4.19e-08      0.00

     19  0      -386.78502398     1.74e-10      0.63
     19  1      -386.61822256     2.73e-08      0.00
    ** throwing out 2 trial vectors **

     20  0 *    -386.78502398     7.57e-11      0.55
     20  1      -386.61822256     1.84e-08      0.00
    ** throwing out 1 trial vectors **

     21  0 *    -386.78502398     7.13e-11      0.34
     21  1      -386.61822256     1.18e-08      0.00
    ** throwing out 1 trial vectors **

     22  0 *    -386.78502398     7.05e-11      0.34
     22  1      -386.61822256     6.88e-09      0.00
    ** throwing out 1 trial vectors **

     23  0 *    -386.78502398     7.04e-11      0.34
     23  1      -386.61822256     3.78e-09      0.00
    ** throwing out 1 trial vectors **

     24  0 *    -386.78502398     7.04e-11      0.34
     24  1      -386.61822256     1.98e-09      0.00
    ** throwing out 1 trial vectors **

     25  0 *    -386.78502398     7.03e-11      0.34
     25  1      -386.61822256     1.01e-09      0.00
    ** throwing out 1 trial vectors **

     26  0 *    -386.78502398     7.02e-11      0.34
     26  1      -386.61822256     5.29e-10      0.00
    ** throwing out 1 trial vectors **

     27  0 *    -386.78502398     7.01e-11      0.34
     27  1      -386.61822256     2.81e-10      0.00
    ** throwing out 1 trial vectors **

     28  0 *    -386.78502398     7.00e-11      0.34
     28  1      -386.61822256     1.51e-10      0.00
    ** throwing out 1 trial vectors **

     29  0 *    -386.78502398     7.01e-11      0.24
     29  1 *    -386.61822256     8.52e-11      0.00

     * ci vector   0, <S^2> = -0.0000, E =     -386.78502398
       222222......     0.8989613414
       22222ba.....     0.0945513781
       22222ab.....     0.0945513781
       2222.22.....    -0.0749389525
       222.22.2....    -0.0625517987
       222.22..2...    -0.0558819048
       .22222.....2    -0.0531163656

     * ci vector   1, <S^2> = -0.0000, E =     -386.61822256
       22222ab.....     0.6123792392
       22222ba.....     0.6123792392
       222222......    -0.1433052122
       22b22aa.b...    -0.0547839751
       22a22bb.a...    -0.0547839751
       2222ba2.....    -0.0539148428
       2222ab2.....    -0.0539148428
       222a2b2.....     0.0524121793
       222b2a2.....     0.0524121793
       222a22.b....    -0.0505473503
       222b22.a....    -0.0505473503
       - FCI and RDMs                             17.51
    * Integral transformation done. Elapsed time: 0.08

       - jop, kop                                  0.00
       - denom                                     0.02
     guess   0:   closed 111111......         open ............        
     guess   1:   closed 11111.......         open .....11.....        

  === FCI iteration ===

      0  0      -386.64997316     3.77e-04      0.60
      0  1      -386.46529586     3.83e-04      0.00

      1  0      -386.76198371     1.80e-04      0.61
      1  1      -386.58082836     2.04e-04      0.00

      2  0      -386.78109296     8.20e-05      0.61
      2  1      -386.60879357     1.10e-04      0.00

      3  0      -386.78440225     3.48e-05      0.62
      3  1      -386.61576805     5.63e-05      0.00

      4  0      -386.78491891     1.44e-05      0.61
      4  1      -386.61750815     2.97e-05      0.00

      5  0      -386.78500046     6.67e-06      0.62
      5  1      -386.61800988     1.66e-05      0.00

      6  0      -386.78501864     3.14e-06      0.62
      6  1      -386.61814860     9.70e-06      0.00

      7  0      -386.78502277     1.54e-06      0.62
      7  1      -386.61818981     5.64e-06      0.00

      8  0      -386.78502370     7.75e-07      0.62
      8  1      -386.61820507     3.55e-06      0.00

      9  0      -386.78502393     3.85e-07      0.62
      9  1      -386.61821277     2.82e-06      0.00

     10  0      -386.78502399     1.90e-07      0.62
     10  1      -386.61821796     2.31e-06      0.00

     11  0      -386.78502400     9.03e-08      0.63
     11  1      -386.61822081     1.59e-06      0.00

     12  0      -386.78502400     3.99e-08      0.63
     12  1      -386.61822198     9.00e-07      0.00

     13  0      -386.78502400     1.80e-08      0.63
     13  1      -386.61822235     5.08e-07      0.00

     14  0      -386.78502400     8.62e-09      0.63
     14  1      -386.61822247     3.09e-07      0.00

     15  0      -386.78502400     4.28e-09      0.63
     15  1      -386.61822251     1.86e-07      0.00

     16  0      -386.78502400     2.03e-09      0.63
     16  1      -386.61822253     1.11e-07      0.00

     17  0      -386.78502400     9.25e-10      0.63
     17  1      -386.61822253     6.66e-08      0.00

     18  0      -386.78502400     4.04e-10      0.64
     18  1      -386.61822254     4.19e-08      0.00

     19  0      -386.78502400     1.74e-10      0.64
     19  1      -386.61822254     2.73e-08      0.00
    ** throwing out 2 trial vectors **

     20  0 *    -386.78502400     7.57e-11      0.54
     20  1      -386.61822254     1.84e-08      0.00
    ** throwing out 1 trial vectors **

     21  0 *    -386.78502400     7.13e-11      0.34
     21  1      -386.61822254     1.18e-08      0.00
    ** throwing out 1 trial vectors **

     22  0 *    -386.78502400     7.05e-11      0.34
     22  1      -386.61822254     6.88e-09      0.00
    ** throwing out 1 trial vectors **

     23  0 *    -386.78502400     7.03e-11      0.34
     23  1      -386.61822254     3.78e-09      0.00
    ** throwing out 1 trial vectors **

     24  0 *    -386.78502400     7.04e-11      0.34
     24  1      -386.61822254     1.98e-09      0.00
    ** throwing out 1 trial vectors **

     25  0 *    -386.78502400     7.03e-11      0.34
     25  1      -386.61822254     1.01e-09      0.00
    ** throwing out 1 trial vectors **

     26  0 *    -386.78502400     7.02e-11      0.34
     26  1      -386.61822254     5.29e-10      0.00
    ** throwing out 1 trial vectors **

     27  0 *    -386.78502400     7.01e-11      0.34
     27  1      -386.61822254     2.81e-10      0.00
    ** throwing out 1 trial vectors **

     28  0 *    -386.78502400     7.00e-11      0.34
     28  1      -386.61822254     1.52e-10      0.00
    ** throwing out 1 trial vectors **

     29  0 *    -386.78502400     7.01e-11      0.24
     29  1 *    -386.61822254     8.52e-11      0.00

     * ci vector   0, <S^2> = -0.0000, E =     -386.78502400
       222222......     0.8989611696
       22222ab.....     0.0945520878
       22222ba.....     0.0945520878
       2222.22.....    -0.0749428889
       222.22.2....    -0.0625530331
       222.22..2...    -0.0558883846
       .22222.....2    -0.0531168111

     * ci vector   1, <S^2> = -0.0000, E =     -386.61822254
       22222ba.....     0.6123786849
       22222ab.....     0.6123786848
       222222......    -0.1433061122
       22a22bb.a...    -0.0547823988
       22b22aa.b...    -0.0547823988
       2222ab2.....    -0.0539176176
       2222ba2.....    -0.0539176176
       222b2a2.....     0.0524100428
       222a2b2.....     0.0524100428
       222b22.a....    -0.0505467318
       222a22.b....    -0.0505467318
       - FCI and RDMs                             17.56
    * Integral transformation done. Elapsed time: 0.08

       - jop, kop                                  0.00
       - denom                                     0.02
     guess   0:   closed 111111......         open ............        
     guess   1:   closed 11111.......         open .....11.....        

  === FCI iteration ===

      0  0      -386.64997317     3.77e-04      0.60
      0  1      -386.46529551     3.83e-04      0.00

      1  0      -386.76198374     1.80e-04      0.61
      1  1      -386.58082811     2.04e-04      0.00

      2  0      -386.78109297     8.20e-05      0.61
      2  1      -386.60879348     1.10e-04      0.00

      3  0      -386.78440226     3.48e-05      0.61
      3  1      -386.61576801     5.63e-05      0.00

      4  0      -386.78491892     1.44e-05      0.61
      4  1      -386.61750813     2.97e-05      0.00

      5  0      -386.78500047     6.67e-06      0.61
      5  1      -386.61800987     1.66e-05      0.00

      6  0      -386.78501866     3.14e-06      0.61
      6  1      -386.61814859     9.70e-06      0.00

      7  0      -386.78502278     1.54e-06      0.61
      7  1      -386.61818980     5.64e-06      0.00

      8  0      -386.78502371     7.75e-07      0.61
      8  1      -386.61820506     3.55e-06      0.00

      9  0      -386.78502394     3.85e-07      0.62
      9  1      -386.61821276     2.82e-06      0.00

     10  0      -386.78502400     1.90e-07      0.62
     10  1      -386.61821795     2.31e-06      0.00

     11  0      -386.78502401     9.03e-08      0.62
     11  1      -386.61822080     1.59e-06      0.00

     12  0      -386.78502402     3.99e-08      0.62
     12  1      -386.61822197     9.00e-07      0.00

     13  0      -386.78502402     1.80e-08      0.62
     13  1      -386.61822234     5.08e-07      0.00

     14  0      -386.78502402     8.62e-09      0.62
     14  1      -386.61822246     3.09e-07      0.00

     15  0      -386.78502402     4.28e-09      0.62
     15  1      -386.61822250     1.86e-07      0.00

     16  0      -386.78502402     2.03e-09      0.63
     16  1      -386.61822252     1.11e-07      0.00

     17  0      -386.78502402     9.25e-10      0.63
     17  1      -386.61822252     6.66e-08      0.00

     18  0      -386.78502402     4.04e-10      0.63
     18  1      -386.61822253     4.19e-08      0.00

     19  0      -386.78502402     1.74e-10      0.64
     19  1      -386.61822253     2.73e-08      0.00
    ** throwing out 2 trial vectors **

     20  0 *    -386.78502402     7.57e-11      0.54
     20  1      -386.61822253     1.84e-08      0.00
    ** throwing out 1 trial vectors **

     21  0 *    -386.78502402     7.13e-11      0.34
     21  1      -386.61822253     1.18e-08      0.00
    ** throwing out 1 trial vectors **

     22  0 *    -386.78502402     7.05e-11      0.34
     22  1      -386.61822253     6.88e-09      0.00
    ** throwing out 1 trial vectors **

     23  0 *    -386.78502402     7.03e-11      0.34
     23  1      -386.61822253     3.78e-09      0.00
    ** throwing out 1 trial vectors **

     24  0 *    -386.78502402     7.04e-11      0.34
     24  1      -386.61822253     1.98e-09      0.00
    ** throwing out 1 trial vectors **

     25  0 *    -386.78502402     7.03e-11      0.33
     25  1      -386.61822253     1.01e-09      0.00
    ** throwing out 1 trial vectors **

     26  0 *    -386.78502402     7.02e-11      0.33
     26  1      -386.61822253     5.29e-10      0.00
    ** throwing out 1 trial vectors **

     27  0 *    -386.78502402     7.01e-11      0.33
     27  1      -386.61822253     2.81e-10      0.00
    ** throwing out 1 trial vectors **

     28  0 *    -386.78502402     7.00e-11      0.34
     28  1      -386.61822253     1.52e-10      0.00
    ** throwing out 1 trial vectors **

     29  0 *    -386.78502402     7.00e-11      0.24
     29  1 *    -386.61822253     8.52e-11      0.00

     * ci vector   0, <S^2> = -0.0000, E =     -386.78502402
       222222......    -0.8989610892
       22222ab.....    -0.0945524114
       22222ba.....    -0.0945524114
       2222.22.....     0.0749448978
       222.22.2....     0.0625537001
       222.22..2...     0.0558916718
       .22222.....2     0.0531170430

     * ci vector   1, <S^2> = 0.0000, E =     -386.61822253
       22222ba.....    -0.6123784122
       22222ab.....    -0.6123784122
       222222......     0.1433065226
       22a22bb.a...     0.0547816046
       22b22aa.b...     0.0547816046
       2222ab2.....     0.0539190430
       2222ba2.....     0.0539190430
       222b2a2.....    -0.0524089454
       222a2b2.....    -0.0524089454
       222b22.a....     0.0505463986
       222a22.b....     0.0505463986
       - FCI and RDMs                             17.41
    * Integral transformation done. Elapsed time: 0.08

       - jop, kop                                  0.00
       - denom                                     0.02
     guess   0:   closed 111111......         open ............        
     guess   1:   closed 11111.......         open .....11.....        

  === FCI iteration ===

      0  0      -386.64997317     3.77e-04      0.59
      0  1      -386.46529533     3.83e-04      0.00

      1  0      -386.76198375     1.80e-04      0.59
      1  1      -386.58082799     2.04e-04      0.00

      2  0      -386.78109298     8.20e-05      0.59
      2  1      -386.60879344     1.10e-04      0.00

      3  0      -386.78440227     3.48e-05      0.62
      3  1      -386.61576799     5.63e-05      0.00

      4  0      -386.78491892     1.44e-05      0.64
      4  1      -386.61750812     2.97e-05      0.00

      5  0      -386.78500047     6.67e-06      0.64
      5  1      -386.61800987     1.66e-05      0.00

      6  0      -386.78501866     3.14e-06      0.64
      6  1      -386.61814858     9.70e-06      0.00

      7  0      -386.78502278     1.54e-06      0.64
      7  1      -386.61818979     5.64e-06      0.00

      8  0      -386.78502372     7.75e-07      0.64
      8  1      -386.61820506     3.55e-06      0.00

      9  0      -386.78502395     3.85e-07      0.64
      9  1      -386.61821276     2.82e-06      0.00

     10  0      -386.78502400     1.90e-07      0.64
     10  1      -386.61821795     2.31e-06      0.00

     11  0      -386.78502402     9.03e-08      0.64
     11  1      -386.61822080     1.59e-06      0.00

     12  0      -386.78502402     3.99e-08      0.64
     12  1      -386.61822196     9.00e-07      0.00

     13  0      -386.78502402     1.80e-08      0.62
     13  1      -386.61822233     5.08e-07      0.00

     14  0      -386.78502402     8.62e-09      0.63
     14  1      -386.61822245     3.09e-07      0.00

     15  0      -386.78502402     4.28e-09      0.63
     15  1      -386.61822249     1.86e-07      0.00

     16  0      -386.78502402     2.03e-09      0.63
     16  1      -386.61822251     1.11e-07      0.00

     17  0      -386.78502402     9.25e-10      0.63
     17  1      -386.61822252     6.66e-08      0.00

     18  0      -386.78502402     4.04e-10      0.63
     18  1      -386.61822252     4.19e-08      0.00

     19  0      -386.78502402     1.74e-10      0.64
     19  1      -386.61822252     2.73e-08      0.00
    ** throwing out 2 trial vectors **

     20  0 *    -386.78502402     7.57e-11      0.55
     20  1      -386.61822252     1.84e-08      0.00
    ** throwing out 1 trial vectors **

     21  0 *    -386.78502402     7.13e-11      0.33
     21  1      -386.61822252     1.18e-08      0.00
    ** throwing out 1 trial vectors **

     22  0 *    -386.78502402     7.05e-11      0.34
     22  1      -386.61822252     6.88e-09      0.00
    ** throwing out 1 trial vectors **

     23  0 *    -386.78502402     7.03e-11      0.34
     23  1      -386.61822252     3.78e-09      0.00
    ** throwing out 1 trial vectors **

     24  0 *    -386.78502402     7.04e-11      0.34
     24  1      -386.61822252     1.98e-09      0.00
    ** throwing out 1 trial vectors **

     25  0 *    -386.78502402     7.03e-11      0.34
     25  1      -386.61822252     1.01e-09      0.00
    ** throwing out 1 trial vectors **

     26  0 *    -386.78502402     7.02e-11      0.34
     26  1      -386.61822252     5.29e-10      0.00
    ** throwing out 1 trial vectors **

     27  0 *    -386.78502402     7.01e-11      0.34
     27  1      -386.61822252     2.81e-10      0.00
    ** throwing out 1 trial vectors **

     28  0 *    -386.78502402     7.00e-11      0.34
     28  1      -386.61822252     1.52e-10      0.00
    ** throwing out 1 trial vectors **

     29  0 *    -386.78502402     7.00e-11      0.24
     29  1 *    -386.61822252     8.53e-11      0.00

     * ci vector   0, <S^2> = -0.0000, E =     -386.78502402
       222222......     0.8989610514
       22222ab.....     0.0945525595
       22222ba.....     0.0945525595
       2222.22.....    -0.0749459230
       222.22.2....    -0.0625540576
       222.22..2...    -0.0558933397
       .22222.....2    -0.0531171633

     * ci vector   1, <S^2> = 0.0000, E =     -386.61822252
       22222ba.....     0.6123782777
       22222ab.....     0.6123782777
       222222......    -0.1433067106
       22a22bb.a...    -0.0547812044
       22b22aa.b...    -0.0547812044
       2222ab2.....    -0.0539197750
       2222ba2.....    -0.0539197750
       222b2a2.....     0.0524083824
       222a2b2.....     0.0524083824
       222b22.a....    -0.0505462205
       222a22.b....    -0.0505462205
       - FCI and RDMs                             17.67
