--------------------------------------------------
JOB FRONT-END 3110222 on wux24
SLURM ENVIRONMENT
--------------------------------------------------
SLURM_JOB_ID                   = 3110222             
SLURM_ARRAY_JOB_ID             = N/A                 
SLURM_ARRAY_TASK_ID            = N/A                 
SLURM_JOB_NAME                 = bagel               
SLURM_JOB_PARTITION            = batch               
SLURM_JOB_NUM_NODES            = 1                   
SLURM_JOB_CPUS_PER_NODE        = 20                  
SLURM_NTASKS                   = 20                  
SLURM_NTASKS_PER_NODE          = N/A                 
--------------------------------------------------
--------------------------------------------------
PBS ENVIRONMENT
--------------------------------------------------
PBS_JOBID                      = 3110222             
PBS_ARRAYID                    = N/A                 
PBS_JOBNAME                    = bagel               
PBS_QUEUE                      = batch               
PBS_NUM_NODES                  = 1                   
PBS_NUM_PPN                    = 1                   
PBS_NP                         = 20                  
PBS_NODEFILE                   = /tmp/3110222/nodes  
--------------------------------------------------
  * process grid (5, 4) will be used
    wux24                           
    wux24                           
    wux24                           
    wux24                           
    wux24                           
    wux24                           
    wux24                           
    wux24                           
    wux24                           
    wux24                           
    wux24                           
    wux24                           
    wux24                           
    wux24                           
    wux24                           
    wux24                           
    wux24                           
    wux24                           
    wux24                           
    wux24                           

  * using 20 threads per process

  ===============================================================
    BAGEL - Freshly leavened quantum chemistry                   
  ===============================================================

  *** Geometry ***

  { "atom" : "C", "xyz" : [      4.509791,     -1.113361,      1.189544 ] },
  { "atom" : "C", "xyz" : [      4.262530,      1.582096,      1.520794 ] },
  { "atom" : "C", "xyz" : [      1.959150,      2.756912,      1.280097 ] },
  { "atom" : "N", "xyz" : [     -0.232480,      1.349819,      0.788778 ] },
  { "atom" : "B", "xyz" : [     -0.152514,     -1.424625,      0.041042 ] },
  { "atom" : "C", "xyz" : [      2.475495,     -2.591903,      0.465561 ] },
  { "atom" : "C", "xyz" : [     -2.565422,     -2.762713,     -0.858435 ] },
  { "atom" : "C", "xyz" : [     -4.809264,     -1.286639,     -1.074217 ] },
  { "atom" : "C", "xyz" : [     -4.397015,      1.320524,     -1.153242 ] },
  { "atom" : "C", "xyz" : [     -1.786034,      2.129639,     -1.150017 ] },
  { "atom" : "H", "xyz" : [      6.363524,     -1.965222,      1.522785 ] },
  { "atom" : "H", "xyz" : [      5.912034,      2.742441,      1.965521 ] },
  { "atom" : "H", "xyz" : [      1.739655,      4.809629,      1.452090 ] },
  { "atom" : "H", "xyz" : [      2.757055,     -4.627650,      0.246671 ] },
  { "atom" : "H", "xyz" : [     -2.579927,     -4.788301,     -1.308056 ] },
  { "atom" : "H", "xyz" : [     -6.715331,     -2.098327,     -1.200829 ] },
  { "atom" : "H", "xyz" : [     -5.870991,      2.765066,     -1.050408 ] },
  { "atom" : "H", "xyz" : [     -0.870255,      3.202615,     -2.677677 ] },

  Number of auxiliary basis functions:      884

  Since a DF basis is specified, we compute 2- and 3-index integrals:
    o Being stored without compression. Storage requirement is 0.079 GB
       - 3-index ints prep                         0.00
       - 3-index ints                              0.04
       - 2-index ints                              0.07
       - computing inverse                         0.30
        elapsed time:        0.42 sec.


  Number of basis functions:      106
  Number of electrons      :       68


    * METHOD: MOLECULE                             0.46

       - Overlap matrix                            0.00
       - Hcore matrix                              0.01
       - Overlap orthog                            0.01

  *** RHF ***

  === Nuclear Repulsion ===
  
   451.5513393757

      * DIIS with orbital gradients will be used.

       - SCF startup                               0.42

  === RHF iteration (/home/miaoxin/software/bagel-1.2.2/obj/share/3-21g.json) ===
  
               o Fock build                                  0.17
      0       -384.25688132          0.01308184           0.18
               o DIIS                                        0.00
               o Diag                                        0.01
               o Post process                                0.00
               o Fock build                                  0.16
      1       -384.42676298          0.00593692           0.18
               o DIIS                                        0.00
               o Diag                                        0.01
               o Post process                                0.00
               o Fock build                                  0.20
      2       -384.45959286          0.00177886           0.21
               o DIIS                                        0.00
               o Diag                                        0.01
               o Post process                                0.00
               o Fock build                                  0.16
      3       -384.46435457          0.00049749           0.17
               o DIIS                                        0.00
               o Diag                                        0.01
               o Post process                                0.00
               o Fock build                                  0.26
      4       -384.46479086          0.00021002           0.27
               o DIIS                                        0.00
               o Diag                                        0.01
               o Post process                                0.00
               o Fock build                                  0.34
      5       -384.46500723          0.00013663           0.35
               o DIIS                                        0.00
               o Diag                                        0.01
               o Post process                                0.00
               o Fock build                                  0.24
      6       -384.46510269          0.00009038           0.26
               o DIIS                                        0.00
               o Diag                                        0.01
               o Post process                                0.00
               o Fock build                                  0.20
      7       -384.46516639          0.00005575           0.22
               o DIIS                                        0.00
               o Diag                                        0.01
               o Post process                                0.00
               o Fock build                                  0.23
      8       -384.46519976          0.00002936           0.25
               o DIIS                                        0.00
               o Diag                                        0.01
               o Post process                                0.00
               o Fock build                                  0.20
      9       -384.46520711          0.00002090           0.22
               o DIIS                                        0.00
               o Diag                                        0.01
               o Post process                                0.00
               o Fock build                                  0.20
     10       -384.46521163          0.00000664           0.22
               o DIIS                                        0.00
               o Diag                                        0.01
               o Post process                                0.00
               o Fock build                                  0.21
     11       -384.46521186          0.00000304           0.22
               o DIIS                                        0.00
               o Diag                                        0.01
               o Post process                                0.00
               o Fock build                                  0.27
     12       -384.46521189          0.00000126           0.29
               o DIIS                                        0.00
               o Diag                                        0.01
               o Post process                                0.00
               o Fock build                                  0.20
     13       -384.46521190          0.00000066           0.22
               o DIIS                                        0.00
               o Diag                                        0.04
               o Post process                                0.00
               o Fock build                                  0.25
     14       -384.46521190          0.00000031           0.29
               o DIIS                                        0.00
               o Diag                                        0.01
               o Post process                                0.00
               o Fock build                                  0.20
     15       -384.46521190          0.00000015           0.22
               o DIIS                                        0.00
               o Diag                                        0.01
               o Post process                                0.00
               o Fock build                                  0.20
     16       -384.46521190          0.00000009           0.22
               o DIIS                                        0.00
               o Diag                                        0.01
               o Post process                                0.00
               o Fock build                                  0.23
     17       -384.46521190          0.00000004           0.25
               o DIIS                                        0.00
               o Diag                                        0.01
               o Post process                                0.00
               o Fock build                                  0.20
     18       -384.46521190          0.00000002           0.21
               o DIIS                                        0.00
               o Diag                                        0.01
               o Post process                                0.00
               o Fock build                                  0.20
     19       -384.46521190          0.00000001           0.22
               o DIIS                                        0.00
               o Diag                                        0.01
               o Post process                                0.00
               o Fock build                                  0.25
     20       -384.46521190          0.00000001           0.27
  
    * SCF iteration converged.

    * Permanent dipole moment:
           (   -0.645930,    -0.978674,     0.231892) a.u.

  ---------------------------
      CASSCF calculation     
  ---------------------------

 
    ==== Active orbitals : ===== 
         Orbital 32
         Orbital 33
         Orbital 34
         Orbital 35
         Orbital 36
         Orbital 37
    ============================ 

    * nstate   :      4
    * nclosed  :     31
    * nact     :      6
    * nvirt    :     69
  === CASSCF iteration (/home/miaoxin/software/bagel-1.2.2/obj/share/3-21g.json) ===

    * Using the second-order algorithm

      0  0      -384.49713468     4.43e-03      0.30
      0  1      -384.42954220     0.00e+00      0.30
      0  2      -384.36569374     0.00e+00      0.30
      0  3      -384.31372957     0.00e+00      0.30

         res : 9.23e-02   lamb: 1.00e+00   eps : -2.42e-02   step: 3.72e-01    0.17
         res : 2.83e-02   lamb: 1.00e+00   eps : -2.74e-02   step: 4.37e-01    0.29
         res : 1.01e-02   lamb: 1.00e+00   eps : -2.76e-02   step: 4.25e-01    0.21
         res : 3.28e-03   lamb: 1.00e+00   eps : -2.77e-02   step: 4.22e-01    0.20
         res : 1.53e-03   lamb: 1.00e+00   eps : -2.77e-02   step: 4.23e-01    0.27
         res : 7.71e-04   lamb: 1.00e+00   eps : -2.77e-02   step: 4.23e-01    0.34
         res : 3.21e-04   lamb: 1.00e+00   eps : -2.77e-02   step: 4.23e-01    0.21
         res : 1.15e-04   lamb: 1.00e+00   eps : -2.77e-02   step: 4.23e-01    0.21
         res : 3.37e-05   lamb: 1.00e+00   eps : -2.77e-02   step: 4.23e-01    0.21

      1  0      -384.51182799     2.15e-03      2.98
      1  1      -384.44063313     0.00e+00      2.98
      1  2      -384.39625666     0.00e+00      2.98
      1  3      -384.36192340     0.00e+00      2.98

         res : 7.77e-02   lamb: 1.00e+00   eps : -2.43e-02   step: 4.94e-01    0.23
         res : 3.37e-02   lamb: 1.00e+00   eps : -2.70e-02   step: 5.66e-01    0.28
         res : 1.01e-02   lamb: 1.00e+00   eps : -2.73e-02   step: 5.65e-01    0.20
         res : 3.52e-03   lamb: 1.00e+00   eps : -2.74e-02   step: 5.67e-01    0.20
         res : 9.84e-04   lamb: 1.00e+00   eps : -2.74e-02   step: 5.68e-01    0.21
         res : 4.87e-04   lamb: 1.00e+00   eps : -2.74e-02   step: 5.68e-01    0.27
         res : 6.47e-04   lamb: 1.00e+00   eps : -2.74e-02   step: 5.67e-01    0.28
         res : 3.55e-04   lamb: 1.00e+00   eps : -2.74e-02   step: 5.67e-01    0.21
         res : 1.31e-04   lamb: 1.00e+00   eps : -2.74e-02   step: 5.67e-01    0.28
         res : 3.62e-05   lamb: 1.00e+00   eps : -2.74e-02   step: 5.67e-01    0.27

      2  0      -384.53256155     8.03e-04      3.32
      2  1      -384.44850635     0.00e+00      3.32
      2  2      -384.42219326     0.00e+00      3.32
      2  3      -384.39817244     0.00e+00      3.32

         res : 3.60e-02   lamb: 1.00e+00   eps : -2.64e-03   step: 1.13e-01    0.20
         res : 1.16e-02   lamb: 1.00e+00   eps : -3.00e-03   step: 1.33e-01    0.19
         res : 5.02e-03   lamb: 1.00e+00   eps : -3.06e-03   step: 1.34e-01    0.27
         res : 8.11e-03   lamb: 1.00e+00   eps : -3.09e-03   step: 1.36e-01    0.20
         res : 4.61e-02   lamb: 1.00e+00   eps : -3.42e-03   step: 3.38e-01    0.25
         res : 1.27e-03   lamb: 4.44e+00   eps : -1.08e-02   step: 1.07e-01    0.20
         res : 4.02e-04   lamb: 4.45e+00   eps : -1.09e-02   step: 1.03e-01    0.20
         res : 1.46e-04   lamb: 4.48e+00   eps : -1.10e-02   step: 1.03e-01    0.20
         res : 4.44e-05   lamb: 4.52e+00   eps : -1.11e-02   step: 1.02e-01    0.35
         res : 1.30e-05   lamb: 4.53e+00   eps : -1.11e-02   step: 1.02e-01    0.20
         res : 3.50e-06   lamb: 4.54e+00   eps : -1.11e-02   step: 1.02e-01    0.20

      3  0      -384.53588864     3.01e-04      3.60
      3  1      -384.44900909     0.00e+00      3.60
      3  2      -384.42597911     0.00e+00      3.60
      3  3      -384.39743568     0.00e+00      3.60

         res : 1.45e-02   lamb: 1.00e+00   eps : -5.13e-04   step: 5.45e-02    0.17
         res : 8.71e-03   lamb: 1.00e+00   eps : -6.13e-04   step: 6.98e-02    0.20
         res : 1.41e-02   lamb: 1.00e+00   eps : -7.36e-04   step: 1.03e-01    0.26
         res : 1.05e-01   lamb: 1.38e+00   eps : -3.27e-03   step: 9.98e-01    0.22
         res : 2.34e-03   lamb: 3.75e+00   eps : -3.60e-03   step: 2.83e-01    0.21
         res : 6.22e-04   lamb: 4.00e+00   eps : -3.63e-03   step: 2.57e-01    0.30
         res : 1.82e-04   lamb: 4.00e+00   eps : -3.64e-03   step: 2.57e-01    0.27
         res : 7.07e-05   lamb: 4.00e+00   eps : -3.64e-03   step: 2.57e-01    0.20
         res : 2.05e-05   lamb: 4.00e+00   eps : -3.64e-03   step: 2.57e-01    0.20

      4  0      -384.53810571     2.85e-04      3.01
      4  1      -384.45129514     0.00e+00      3.01
      4  2      -384.42678624     0.00e+00      3.01
      4  3      -384.39666179     0.00e+00      3.01

         res : 1.94e-02   lamb: 1.00e+00   eps : -5.67e-04   step: 6.53e-02    0.24
         res : 4.93e-02   lamb: 1.00e+00   eps : -1.56e-03   step: 2.31e-01    0.20
         res : 4.57e-02   lamb: 1.00e+00   eps : -3.53e-03   step: 6.31e-01    0.20
         res : 2.85e-02   lamb: 1.00e+00   eps : -4.30e-03   step: 8.11e-01    0.20
         res : 8.71e-03   lamb: 1.00e+00   eps : -4.43e-03   step: 8.43e-01    0.21
         res : 2.92e-03   lamb: 1.00e+00   eps : -4.44e-03   step: 8.46e-01    0.42
         res : 8.33e-04   lamb: 1.00e+00   eps : -4.45e-03   step: 8.46e-01    0.28
         res : 2.66e-04   lamb: 1.00e+00   eps : -4.45e-03   step: 8.46e-01    0.20
         res : 1.05e-04   lamb: 1.00e+00   eps : -4.45e-03   step: 8.46e-01    0.27
         res : 3.04e-05   lamb: 1.00e+00   eps : -4.45e-03   step: 8.46e-01    0.25

      5  0      -384.54047713     1.47e-03      3.32
      5  1      -384.45674490     0.00e+00      3.32
      5  2      -384.40615921     0.00e+00      3.32
      5  3      -384.36919570     0.00e+00      3.32

         res : 3.97e-02   lamb: 1.00e+00   eps : -1.88e-02   step: 3.07e-01    0.26
         res : 1.74e-02   lamb: 1.00e+00   eps : -1.94e-02   step: 3.20e-01    0.19
         res : 4.76e-03   lamb: 1.00e+00   eps : -1.95e-02   step: 3.21e-01    0.21
         res : 2.43e-03   lamb: 1.00e+00   eps : -1.95e-02   step: 3.22e-01    0.26
         res : 8.96e-04   lamb: 1.00e+00   eps : -1.95e-02   step: 3.22e-01    0.35
         res : 3.34e-04   lamb: 1.00e+00   eps : -1.95e-02   step: 3.22e-01    0.20
         res : 1.17e-04   lamb: 1.00e+00   eps : -1.95e-02   step: 3.22e-01    0.20
         res : 3.34e-05   lamb: 1.00e+00   eps : -1.95e-02   step: 3.22e-01    0.20
         res : 1.27e-05   lamb: 1.00e+00   eps : -1.95e-02   step: 3.22e-01    0.25

      6  0      -384.54395848     3.59e-04      2.99
      6  1      -384.45910199     0.00e+00      2.99
      6  2      -384.41660790     0.00e+00      2.99
      6  3      -384.39826984     0.00e+00      2.99

         res : 1.28e-02   lamb: 1.00e+00   eps : -1.20e-03   step: 9.36e-02    0.20
         res : 4.98e-03   lamb: 1.00e+00   eps : -1.29e-03   step: 9.73e-02    0.20
         res : 1.43e-03   lamb: 1.00e+00   eps : -1.29e-03   step: 9.71e-02    0.20
         res : 4.59e-04   lamb: 1.00e+00   eps : -1.29e-03   step: 9.71e-02    0.21
         res : 1.63e-04   lamb: 1.00e+00   eps : -1.29e-03   step: 9.71e-02    0.24
         res : 4.46e-05   lamb: 1.00e+00   eps : -1.29e-03   step: 9.71e-02    0.24
         res : 1.91e-05   lamb: 1.00e+00   eps : -1.29e-03   step: 9.71e-02    0.19
         res : 5.58e-06   lamb: 1.00e+00   eps : -1.29e-03   step: 9.71e-02    0.20

      7  0      -384.54366220     9.52e-05      2.64
      7  1      -384.45798569     0.00e+00      2.64
      7  2      -384.41985847     0.00e+00      2.64
      7  3      -384.39948531     0.00e+00      2.64

         res : 4.54e-03   lamb: 1.00e+00   eps : -8.46e-05   step: 2.47e-02    0.18
         res : 2.15e-03   lamb: 1.00e+00   eps : -1.07e-04   step: 3.18e-02    0.20
         res : 7.51e-04   lamb: 1.00e+00   eps : -1.08e-04   step: 3.23e-02    0.26
         res : 2.07e-04   lamb: 1.00e+00   eps : -1.08e-04   step: 3.24e-02    0.20
         res : 1.03e-04   lamb: 1.00e+00   eps : -1.08e-04   step: 3.24e-02    0.20
         res : 2.69e-05   lamb: 1.00e+00   eps : -1.08e-04   step: 3.24e-02    0.25
         res : 1.27e-05   lamb: 1.00e+00   eps : -1.08e-04   step: 3.24e-02    0.33
         res : 4.22e-06   lamb: 1.00e+00   eps : -1.08e-04   step: 3.24e-02    0.21
         res : 1.26e-06   lamb: 1.00e+00   eps : -1.08e-04   step: 3.24e-02    0.22

      8  0      -384.54335338     3.51e-05      3.08
      8  1      -384.45756596     0.00e+00      3.08
      8  2      -384.42087714     0.00e+00      3.08
      8  3      -384.39946676     0.00e+00      3.08

         res : 1.32e-03   lamb: 1.00e+00   eps : -7.21e-06   step: 5.92e-03    0.31
         res : 9.91e-04   lamb: 1.00e+00   eps : -9.38e-06   step: 8.50e-03    0.29
         res : 4.01e-04   lamb: 1.00e+00   eps : -9.72e-06   step: 9.06e-03    0.21
         res : 1.43e-04   lamb: 1.00e+00   eps : -9.77e-06   step: 9.23e-03    0.21
         res : 6.78e-05   lamb: 1.00e+00   eps : -9.77e-06   step: 9.26e-03    0.20
         res : 1.77e-05   lamb: 1.00e+00   eps : -9.77e-06   step: 9.27e-03    0.30
         res : 8.16e-06   lamb: 1.00e+00   eps : -9.77e-06   step: 9.27e-03    0.21
         res : 2.42e-06   lamb: 1.00e+00   eps : -9.77e-06   step: 9.27e-03    0.20
         res : 7.91e-07   lamb: 1.00e+00   eps : -9.77e-06   step: 9.27e-03    0.25

      9  0      -384.54323896     1.26e-05      2.99
      9  1      -384.45746868     0.00e+00      2.99
      9  2      -384.42116413     0.00e+00      2.99
      9  3      -384.39941706     0.00e+00      2.99

         res : 4.28e-04   lamb: 1.00e+00   eps : -7.66e-07   step: 1.79e-03    0.19
         res : 3.37e-04   lamb: 1.00e+00   eps : -9.52e-07   step: 2.46e-03    0.31
         res : 1.44e-04   lamb: 1.00e+00   eps : -9.94e-07   step: 2.69e-03    0.21
         res : 5.81e-05   lamb: 1.00e+00   eps : -1.00e-06   step: 2.77e-03    0.19
         res : 2.56e-05   lamb: 1.00e+00   eps : -1.00e-06   step: 2.79e-03    0.35
         res : 6.75e-06   lamb: 1.00e+00   eps : -1.00e-06   step: 2.79e-03    0.21
         res : 3.30e-06   lamb: 1.00e+00   eps : -1.00e-06   step: 2.79e-03    0.21
         res : 9.46e-07   lamb: 1.00e+00   eps : -1.00e-06   step: 2.79e-03    0.19
         res : 3.31e-07   lamb: 1.00e+00   eps : -1.00e-06   step: 2.79e-03    0.21
         res : 1.08e-07   lamb: 1.00e+00   eps : -1.00e-06   step: 2.79e-03    0.20

     10  0      -384.54320018     4.35e-06      3.34
     10  1      -384.45744641     0.00e+00      3.34
     10  2      -384.42124845     0.00e+00      3.34
     10  3      -384.39939645     0.00e+00      3.34

         res : 1.46e-04   lamb: 1.00e+00   eps : -8.27e-08   step: 5.72e-04    0.18
         res : 1.11e-04   lamb: 1.00e+00   eps : -1.01e-07   step: 7.74e-04    0.20
         res : 4.69e-05   lamb: 1.00e+00   eps : -1.06e-07   step: 8.53e-04    0.20
         res : 2.07e-05   lamb: 1.00e+00   eps : -1.07e-07   step: 8.83e-04    0.23
         res : 8.36e-06   lamb: 1.00e+00   eps : -1.07e-07   step: 8.90e-04    0.27
         res : 2.02e-06   lamb: 1.00e+00   eps : -1.07e-07   step: 8.91e-04    0.21
         res : 1.05e-06   lamb: 1.00e+00   eps : -1.07e-07   step: 8.91e-04    0.20
         res : 3.28e-07   lamb: 1.00e+00   eps : -1.07e-07   step: 8.91e-04    0.30
         res : 1.16e-07   lamb: 1.00e+00   eps : -1.07e-07   step: 8.91e-04    0.21
         res : 3.84e-08   lamb: 1.00e+00   eps : -1.07e-07   step: 8.91e-04    0.20

     11  0      -384.54318723     1.48e-06      3.26
     11  1      -384.45744054     0.00e+00      3.26
     11  2      -384.42127479     0.00e+00      3.26
     11  3      -384.39938921     0.00e+00      3.26

         res : 5.00e-05   lamb: 1.00e+00   eps : -8.92e-09   step: 1.85e-04    0.19
         res : 3.67e-05   lamb: 1.00e+00   eps : -1.08e-08   step: 2.50e-04    0.27
         res : 1.52e-05   lamb: 1.00e+00   eps : -1.14e-08   step: 2.76e-04    0.32
         res : 7.21e-06   lamb: 1.00e+00   eps : -1.15e-08   step: 2.87e-04    0.22
         res : 2.67e-06   lamb: 1.00e+00   eps : -1.15e-08   step: 2.89e-04    0.20
         res : 6.39e-07   lamb: 1.00e+00   eps : -1.15e-08   step: 2.90e-04    0.21
         res : 2.96e-07   lamb: 1.00e+00   eps : -1.15e-08   step: 2.90e-04    0.46
         res : 9.07e-08   lamb: 1.00e+00   eps : -1.15e-08   step: 2.90e-04    0.20
         res : 3.03e-08   lamb: 1.00e+00   eps : -1.15e-08   step: 2.90e-04    0.20
         res : 1.20e-08   lamb: 1.00e+00   eps : -1.15e-08   step: 2.90e-04    0.27

     12  0      -384.54318295     4.98e-07      3.48
     12  1      -384.45743884     0.00e+00      3.48
     12  2      -384.42128326     0.00e+00      3.48
     12  3      -384.39938675     0.00e+00      3.48

         res : 1.70e-05   lamb: 1.00e+00   eps : -9.64e-10   step: 6.04e-05    0.32
         res : 1.20e-05   lamb: 1.00e+00   eps : -1.17e-09   step: 8.15e-05    0.21
         res : 4.97e-06   lamb: 1.00e+00   eps : -1.23e-09   step: 9.03e-05    0.19
         res : 2.48e-06   lamb: 1.00e+00   eps : -1.24e-09   step: 9.37e-05    0.21
         res : 8.67e-07   lamb: 1.00e+00   eps : -1.24e-09   step: 9.46e-05    0.32
         res : 2.54e-07   lamb: 1.00e+00   eps : -1.24e-09   step: 9.48e-05    0.27
         res : 1.26e-07   lamb: 1.00e+00   eps : -1.24e-09   step: 9.48e-05    0.22
         res : 3.68e-08   lamb: 1.00e+00   eps : -1.24e-09   step: 9.48e-05    0.21
         res : 1.46e-08   lamb: 1.00e+00   eps : -1.24e-09   step: 9.48e-05    0.21
         res : 4.06e-09   lamb: 1.00e+00   eps : -1.24e-09   step: 9.48e-05    0.26

     13  0      -384.54318154     1.67e-07      3.40
     13  1      -384.45743833     0.00e+00      3.40
     13  2      -384.42128602     0.00e+00      3.40
     13  3      -384.39938592     0.00e+00      3.40

         res : 5.73e-06   lamb: 1.00e+00   eps : -1.04e-10   step: 1.97e-05    0.19
         res : 3.95e-06   lamb: 1.00e+00   eps : -1.26e-10   step: 2.67e-05    0.21
         res : 1.63e-06   lamb: 1.00e+00   eps : -1.33e-10   step: 2.96e-05    0.21
         res : 8.44e-07   lamb: 1.00e+00   eps : -1.34e-10   step: 3.07e-05    0.28
         res : 2.85e-07   lamb: 1.00e+00   eps : -1.34e-10   step: 3.11e-05    0.27
         res : 9.89e-08   lamb: 1.00e+00   eps : -1.34e-10   step: 3.11e-05    0.21
         res : 4.44e-08   lamb: 1.00e+00   eps : -1.34e-10   step: 3.11e-05    0.31
         res : 1.24e-08   lamb: 1.00e+00   eps : -1.34e-10   step: 3.11e-05    0.31
         res : 4.90e-09   lamb: 1.00e+00   eps : -1.34e-10   step: 3.11e-05    0.20

     14  0      -384.54318107     5.57e-08      3.06
     14  1      -384.45743817     0.00e+00      3.06
     14  2      -384.42128692     0.00e+00      3.06
     14  3      -384.39938564     0.00e+00      3.06

         res : 1.92e-06   lamb: 1.00e+00   eps : -1.13e-11   step: 6.47e-06    0.19
         res : 1.30e-06   lamb: 1.00e+00   eps : -1.37e-11   step: 8.75e-06    0.20
         res : 5.37e-07   lamb: 1.00e+00   eps : -1.44e-11   step: 9.73e-06    0.30
         res : 2.85e-07   lamb: 1.00e+00   eps : -1.45e-11   step: 1.01e-05    0.28
         res : 9.45e-08   lamb: 1.00e+00   eps : -1.46e-11   step: 1.02e-05    0.21
         res : 3.61e-08   lamb: 1.00e+00   eps : -1.46e-11   step: 1.02e-05    0.21
         res : 1.48e-08   lamb: 1.00e+00   eps : -1.46e-11   step: 1.02e-05    0.21
         res : 4.15e-09   lamb: 1.00e+00   eps : -1.46e-11   step: 1.02e-05    0.32

     15  0      -384.54318092     1.86e-08      2.82
     15  1      -384.45743812     0.00e+00      2.82
     15  2      -384.42128722     0.00e+00      2.82
     15  3      -384.39938555     0.00e+00      2.82

         res : 6.43e-07   lamb: 1.00e+00   eps : -1.22e-12   step: 2.12e-06    0.20
         res : 4.26e-07   lamb: 1.00e+00   eps : -1.48e-12   step: 2.87e-06    0.20
         res : 1.77e-07   lamb: 1.00e+00   eps : -1.56e-12   step: 3.20e-06    0.20
         res : 9.61e-08   lamb: 1.00e+00   eps : -1.58e-12   step: 3.31e-06    0.20
         res : 3.15e-08   lamb: 1.00e+00   eps : -1.58e-12   step: 3.35e-06    0.20
         res : 1.31e-08   lamb: 1.00e+00   eps : -1.58e-12   step: 3.36e-06    0.20
         res : 4.85e-09   lamb: 1.00e+00   eps : -1.58e-12   step: 3.36e-06    0.20

     16  0      -384.54318087     6.17e-09      2.69
     16  1      -384.45743810     0.00e+00      2.69
     16  2      -384.42128732     0.00e+00      2.69
     16  3      -384.39938551     0.00e+00      2.69

    * Second-order optimization converged. *   

    * Integral transformation done. Elapsed time: 0.18

     guess   0:   closed 11....               open ..11..              
     guess   1:   closed 111...               open ......              
     guess   2:   closed 1.1...               open .1.1..              
     guess   3:   closed 11.1..               open ......              

  === FCI iteration ===

      0  0      -384.47738842     8.78e-03      0.00
      0  1      -384.38796354     9.10e-03      0.00
      0  2      -384.25444439     9.53e-03      0.00
      0  3      -384.23042684     9.92e-03      0.00

      1  0      -384.53273858     4.31e-03      0.00
      1  1      -384.43894496     4.34e-03      0.00
      1  2      -384.33965413     7.50e-03      0.00
      1  3      -384.30022822     5.55e-03      0.00

      2  0      -384.54225442     1.47e-03      0.00
      2  1      -384.45265988     2.41e-03      0.00
      2  2      -384.39727426     5.63e-03      0.00
      2  3      -384.35741387     6.69e-03      0.00

      3  0      -384.54305759     5.42e-04      0.00
      3  1      -384.45656372     1.23e-03      0.00
      3  2      -384.41619704     2.99e-03      0.00
      3  3      -384.39288212     3.28e-03      0.00

      4  0      -384.54316346     1.64e-04      0.00
      4  1      -384.45734893     3.91e-04      0.00
      4  2      -384.42069941     9.72e-04      0.00
      4  3      -384.39863305     1.04e-03      0.00

      5  0      -384.54317746     7.29e-05      0.00
      5  1      -384.45742386     1.37e-04      0.00
      5  2      -384.42121885     3.17e-04      0.00
      5  3      -384.39924779     3.94e-04      0.00

      6  0      -384.54318037     2.94e-05      0.00
      6  1      -384.45743495     6.07e-05      0.00
      6  2      -384.42127988     1.10e-04      0.00
      6  3      -384.39935294     1.78e-04      0.00

      7  0      -384.54318081     1.07e-05      0.00
      7  1      -384.45743746     2.76e-05      0.00
      7  2      -384.42128653     3.70e-05      0.00
      7  3      -384.39937624     9.00e-05      0.00

      8  0      -384.54318086     2.94e-06      0.01
      8  1      -384.45743798     1.21e-05      0.00
      8  2      -384.42128724     1.13e-05      0.00
      8  3      -384.39938277     5.11e-05      0.00

      9  0      -384.54318087     7.94e-07      0.01
      9  1      -384.45743809     4.91e-06      0.00
      9  2      -384.42128731     3.97e-06      0.00
      9  3      -384.39938495     2.59e-05      0.00

     10  0      -384.54318087     1.87e-07      0.01
     10  1      -384.45743810     1.69e-06      0.00
     10  2      -384.42128732     1.16e-06      0.00
     10  3      -384.39938544     1.07e-05      0.00

     11  0      -384.54318087     3.72e-08      0.01
     11  1      -384.45743810     4.66e-07      0.00
     11  2      -384.42128732     3.25e-07      0.00
     11  3      -384.39938551     3.30e-06      0.00

     12  0      -384.54318087     9.78e-09      0.01
     12  1      -384.45743810     1.30e-07      0.00
     12  2      -384.42128732     1.02e-07      0.00
     12  3      -384.39938551     1.04e-06      0.00

     13  0      -384.54318087     2.16e-09      0.01
     13  1      -384.45743810     3.10e-08      0.00
     13  2      -384.42128732     2.86e-08      0.00
     13  3      -384.39938551     2.87e-07      0.00

     14  0      -384.54318087     4.84e-10      0.01
     14  1      -384.45743810     7.83e-09      0.00
     14  2      -384.42128732     7.74e-09      0.00
     14  3      -384.39938551     8.56e-08      0.00

     15  0 *    -384.54318087     9.42e-11      0.01
     15  1      -384.45743810     1.86e-09      0.00
     15  2      -384.42128732     1.79e-09      0.00
     15  3      -384.39938551     2.33e-08      0.00

     16  0 *    -384.54318087     5.37e-11      0.01
     16  1      -384.45743810     4.40e-10      0.00
     16  2      -384.42128732     4.44e-10      0.00
     16  3      -384.39938551     5.89e-09      0.00

     17  0 *    -384.54318087     5.27e-11      0.01
     17  1      -384.45743810     1.08e-10      0.00
     17  2 *    -384.42128732     9.14e-11      0.00
     17  3      -384.39938551     1.48e-09      0.00

     18  0 *    -384.54318087     5.23e-11      0.01
     18  1 *    -384.45743810     2.44e-11      0.00
     18  2 *    -384.42128732     8.41e-11      0.00
     18  3      -384.39938551     3.66e-10      0.00

     19  0 *    -384.54318087     5.23e-11      0.01
     19  1 *    -384.45743810     7.88e-12      0.00
     19  2 *    -384.42128732     8.41e-11      0.00
     19  3 *    -384.39938551     8.87e-11      0.00

     * ci vector, state   0, <S^2> = -0.0000
       22ba..     0.5328482935
       22ab..     0.5328482935
       222...     0.4980425840
       22.2..    -0.1673906380
       b2aa.b    -0.1101732066
       a2bb.a    -0.1101732066
       2b2a..     0.0970452113
       2a2b..     0.0970452113
       2.ba2.    -0.0902126044
       2.ab2.    -0.0902126044
       2.2.2.    -0.0865113272
       .2ba.2    -0.0597342002
       .2ab.2    -0.0597342002
       b2ba.a     0.0590296205
       a2ab.b     0.0590296205
       2baab.    -0.0551018487
       2abba.    -0.0551018487
       a2ba.b    -0.0511435860
       b2ab.a    -0.0511435860
       2ab2..     0.0507388837
       2ba2..     0.0507388837

     * ci vector, state   1, <S^2> = 0.0000
       222...     0.7027573471
       22ab..    -0.2946191885
       22ba..    -0.2946191885
       a22b..    -0.2118097149
       b22a..    -0.2118097149
       22.2..     0.2086130359
       22...2    -0.1414063326
       2.2.2.    -0.1161293975
       22.b.a     0.1156139223
       22.a.b     0.1156139223
       2b2a..     0.1060617294
       2a2b..     0.1060617294
       22a..b     0.0879200714
       22b..a     0.0879200714
       .222..    -0.0820233993
       .22b.a    -0.0549812319
       .22a.b    -0.0549812319

     * ci vector, state   2, <S^2> = 0.0000
       2b2a..     0.2990286305
       2a2b..     0.2990286304
       22b.a.    -0.2770950828
       22a.b.    -0.2770950828
       2abba.     0.2600737409
       2baab.     0.2600737409
       22.ab.    -0.2265051252
       22.ba.    -0.2265051252
       222...    -0.1966468634
       b2aab.     0.1502910407
       a2bba.     0.1502910407
       2baba.     0.1318834474
       2abab.     0.1318834474
       2aabb.    -0.1281902934
       2bbaa.    -0.1281902934
       22.b.a     0.1181834828
       22.a.b     0.1181834828
       a22b..    -0.1131172111
       b22a..    -0.1131172111
       22.2..     0.0975936429
       2baa.b     0.0924042561
       2abb.a     0.0924042561
       b2baa.    -0.0777821803
       a2abb.    -0.0777821803
       a2bab.     0.0725088604
       b2aba.     0.0725088604
       22..2.     0.0723224885
       2aba.b     0.0694910765
       2bab.a     0.0694910765
       2.22..     0.0660008203
       2ab2..     0.0656666801
       2ba2..     0.0656666801
       2.2ab.     0.0587044353
       2.2ba.     0.0587044353
       baabab     0.0535590044
       abbaba     0.0535590044
       22...2    -0.0522796839
       2a.b.2     0.0514467097
       2b.a.2     0.0514467097
       .222..    -0.0503296733

     * ci vector, state   3, <S^2> = -0.0000
       222...    -0.3624362721
       22.2..     0.3409520869
       b22a..    -0.2958493402
       a22b..    -0.2958493402
       2abba.    -0.2504157223
       2baab.    -0.2504157223
       22.a.b     0.2458187543
       22.b.a     0.2458187543
       22ab..     0.1871512303
       22ba..     0.1871512303
       2baba.    -0.1344643721
       2abab.    -0.1344643721
       2aabb.     0.1159513502
       2bbaa.     0.1159513502
       .222..    -0.1133776992
       22b.a.     0.0991550801
       22a.b.     0.0991550801
       22b..a     0.0884741592
       22a..b     0.0884741592
       22...2    -0.0725587252
       a22..b     0.0718408142
       b22..a     0.0718408142
       b2.a.2    -0.0670763399
       a2.b.2    -0.0670763399
       .22..2     0.0553989912
       .22a.b    -0.0533620989
       .22b.a    -0.0533620989
       2.2.2.     0.0508394321
       a.2b2.    -0.0500214796
       b.2a2.    -0.0500214796

    * METHOD: CASSCF                              56.38

  Number of auxiliary basis functions:      884

  Since a DF basis is specified, we compute 2- and 3-index integrals:
    o Being stored without compression. Storage requirement is 0.645 GB
       - 3-index ints prep                         0.00
       - 3-index ints                              0.23
       - 2-index ints                              0.02
       - computing inverse                         0.28
        elapsed time:        0.54 sec.


  Number of basis functions:      302
  Number of electrons      :       68


    * METHOD: MOLECULE                             0.79

  ---------------------------
      CASSCF calculation     
  ---------------------------

 
    ==== Active orbitals : ===== 
         Orbital 32
         Orbital 33
         Orbital 34
         Orbital 35
         Orbital 36
         Orbital 37
    ============================ 

    * nstate   :      4
    * nclosed  :     31
    * nact     :      6
    * nvirt    :    265
  === CASSCF iteration (/home/miaoxin/software/bagel-1.2.2/obj/share/aug-cc-pVDZ.json) ===

    * Using the second-order algorithm

      0  0      -386.50310681     2.42e-02      0.46
      0  1      -386.41685717     0.00e+00      0.46
      0  2      -386.38305346     0.00e+00      0.46
      0  3      -386.36071329     0.00e+00      0.46

         res : 7.24e-01   lamb: 1.00e+00   eps : -3.75e-01   step: 2.10e-01    0.32
         res : 2.82e-01   lamb: 1.00e+00   eps : -4.20e-01   step: 2.31e-01    0.23
         res : 1.56e-01   lamb: 1.00e+00   eps : -4.29e-01   step: 2.41e-01    0.23
         res : 7.36e-02   lamb: 1.00e+00   eps : -4.31e-01   step: 2.47e-01    0.23
         res : 4.21e-02   lamb: 1.00e+00   eps : -4.32e-01   step: 2.50e-01    0.30
         res : 2.59e-02   lamb: 1.00e+00   eps : -4.32e-01   step: 2.52e-01    0.23
         res : 1.25e-02   lamb: 1.00e+00   eps : -4.32e-01   step: 2.52e-01    0.23
         res : 6.67e-03   lamb: 1.00e+00   eps : -4.32e-01   step: 2.52e-01    0.34
         res : 3.71e-03   lamb: 1.00e+00   eps : -4.32e-01   step: 2.52e-01    0.38
         res : 1.75e-03   lamb: 1.00e+00   eps : -4.32e-01   step: 2.52e-01    0.24
         res : 9.77e-04   lamb: 1.00e+00   eps : -4.32e-01   step: 2.52e-01    0.24
         res : 5.65e-04   lamb: 1.00e+00   eps : -4.32e-01   step: 2.52e-01    0.42
         res : 2.83e-04   lamb: 1.00e+00   eps : -4.32e-01   step: 2.52e-01    0.23
         res : 1.65e-04   lamb: 1.00e+00   eps : -4.32e-01   step: 2.52e-01    0.24
         res : 9.04e-05   lamb: 1.00e+00   eps : -4.32e-01   step: 2.52e-01    0.54
         res : 4.81e-05   lamb: 1.00e+00   eps : -4.32e-01   step: 2.52e-01    0.23
         res : 2.96e-05   lamb: 1.00e+00   eps : -4.32e-01   step: 2.52e-01    0.23
         res : 1.57e-05   lamb: 1.00e+00   eps : -4.32e-01   step: 2.52e-01    0.23

      1  0      -386.72956829     1.14e-03      7.44
      1  1      -386.65219433     0.00e+00      7.44
      1  2      -386.61157203     0.00e+00      7.44
      1  3      -386.59005938     0.00e+00      7.44

         res : 6.88e-02   lamb: 1.00e+00   eps : -4.43e-03   step: 6.66e-02    0.25
         res : 4.23e-02   lamb: 1.00e+00   eps : -5.72e-03   step: 8.88e-02    0.30
         res : 2.60e-02   lamb: 1.00e+00   eps : -6.19e-03   step: 9.80e-02    0.44
         res : 1.87e-02   lamb: 1.00e+00   eps : -6.38e-03   step: 1.02e-01    0.24
         res : 1.21e-02   lamb: 1.00e+00   eps : -6.48e-03   step: 1.05e-01    0.26
         res : 7.67e-03   lamb: 1.00e+00   eps : -6.52e-03   step: 1.06e-01    0.25
         res : 4.85e-03   lamb: 1.00e+00   eps : -6.53e-03   step: 1.07e-01    0.24
         res : 2.91e-03   lamb: 1.00e+00   eps : -6.54e-03   step: 1.07e-01    0.27
         res : 1.85e-03   lamb: 1.00e+00   eps : -6.54e-03   step: 1.07e-01    0.35
         res : 1.19e-03   lamb: 1.00e+00   eps : -6.54e-03   step: 1.07e-01    0.34
         res : 7.95e-04   lamb: 1.00e+00   eps : -6.54e-03   step: 1.07e-01    0.27
         res : 4.99e-04   lamb: 1.00e+00   eps : -6.54e-03   step: 1.07e-01    0.26
         res : 3.28e-04   lamb: 1.00e+00   eps : -6.54e-03   step: 1.07e-01    0.48
         res : 2.11e-04   lamb: 1.00e+00   eps : -6.54e-03   step: 1.07e-01    0.26
         res : 1.40e-04   lamb: 1.00e+00   eps : -6.54e-03   step: 1.07e-01    0.26
         res : 9.04e-05   lamb: 1.00e+00   eps : -6.54e-03   step: 1.07e-01    0.31
         res : 5.89e-05   lamb: 1.00e+00   eps : -6.54e-03   step: 1.07e-01    0.35
         res : 3.66e-05   lamb: 1.00e+00   eps : -6.54e-03   step: 1.07e-01    0.26
         res : 2.36e-05   lamb: 1.00e+00   eps : -6.54e-03   step: 1.07e-01    0.26
         res : 1.50e-05   lamb: 1.00e+00   eps : -6.54e-03   step: 1.07e-01    0.30
         res : 9.56e-06   lamb: 1.00e+00   eps : -6.54e-03   step: 1.07e-01    0.25

      2  0      -386.73047792     5.05e-05      8.57
      2  1      -386.65675828     0.00e+00      8.57
      2  2      -386.61587298     0.00e+00      8.57
      2  3      -386.59363131     0.00e+00      8.57

         res : 2.70e-03   lamb: 1.00e+00   eps : -1.39e-05   step: 5.38e-03    0.37
         res : 1.35e-03   lamb: 1.00e+00   eps : -1.64e-05   step: 7.04e-03    0.25
         res : 8.79e-04   lamb: 1.00e+00   eps : -1.71e-05   step: 7.41e-03    0.28
         res : 5.50e-04   lamb: 1.00e+00   eps : -1.74e-05   step: 7.54e-03    0.34
         res : 4.26e-04   lamb: 1.00e+00   eps : -1.75e-05   step: 7.68e-03    0.27
         res : 2.75e-04   lamb: 1.00e+00   eps : -1.76e-05   step: 7.78e-03    0.27
         res : 1.85e-04   lamb: 1.00e+00   eps : -1.76e-05   step: 7.80e-03    0.31
         res : 1.10e-04   lamb: 1.00e+00   eps : -1.76e-05   step: 7.80e-03    0.31
         res : 7.03e-05   lamb: 1.00e+00   eps : -1.76e-05   step: 7.80e-03    0.26
         res : 4.60e-05   lamb: 1.00e+00   eps : -1.76e-05   step: 7.80e-03    0.26
         res : 3.02e-05   lamb: 1.00e+00   eps : -1.76e-05   step: 7.79e-03    0.38
         res : 1.80e-05   lamb: 1.00e+00   eps : -1.76e-05   step: 7.79e-03    0.26
         res : 1.18e-05   lamb: 1.00e+00   eps : -1.76e-05   step: 7.79e-03    0.26
         res : 7.37e-06   lamb: 1.00e+00   eps : -1.76e-05   step: 7.79e-03    0.31
         res : 4.75e-06   lamb: 1.00e+00   eps : -1.76e-05   step: 7.79e-03    0.32
         res : 3.22e-06   lamb: 1.00e+00   eps : -1.76e-05   step: 7.79e-03    0.25
         res : 2.13e-06   lamb: 1.00e+00   eps : -1.76e-05   step: 7.79e-03    0.25
         res : 1.35e-06   lamb: 1.00e+00   eps : -1.76e-05   step: 7.79e-03    0.34
         res : 8.63e-07   lamb: 1.00e+00   eps : -1.76e-05   step: 7.79e-03    0.25
         res : 5.45e-07   lamb: 1.00e+00   eps : -1.76e-05   step: 7.79e-03    0.25

      3  0      -386.73025253     1.32e-05      8.16
      3  1      -386.65691702     0.00e+00      8.16
      3  2      -386.61608832     0.00e+00      8.16
      3  3      -386.59352552     0.00e+00      8.16

         res : 7.06e-04   lamb: 1.00e+00   eps : -9.70e-07   step: 1.45e-03    0.36
         res : 3.04e-04   lamb: 1.00e+00   eps : -1.12e-06   step: 1.91e-03    0.24
         res : 1.94e-04   lamb: 1.00e+00   eps : -1.15e-06   step: 2.01e-03    0.24
         res : 9.82e-05   lamb: 1.00e+00   eps : -1.16e-06   step: 2.04e-03    0.24
         res : 6.88e-05   lamb: 1.00e+00   eps : -1.17e-06   step: 2.07e-03    0.28
         res : 4.27e-05   lamb: 1.00e+00   eps : -1.17e-06   step: 2.09e-03    0.23
         res : 3.37e-05   lamb: 1.00e+00   eps : -1.17e-06   step: 2.10e-03    0.23
         res : 2.04e-05   lamb: 1.00e+00   eps : -1.17e-06   step: 2.10e-03    0.42
         res : 1.27e-05   lamb: 1.00e+00   eps : -1.17e-06   step: 2.10e-03    0.29
         res : 8.36e-06   lamb: 1.00e+00   eps : -1.17e-06   step: 2.10e-03    0.23
         res : 5.51e-06   lamb: 1.00e+00   eps : -1.17e-06   step: 2.10e-03    0.23
         res : 3.35e-06   lamb: 1.00e+00   eps : -1.17e-06   step: 2.10e-03    0.27
         res : 2.24e-06   lamb: 1.00e+00   eps : -1.17e-06   step: 2.10e-03    0.23
         res : 1.39e-06   lamb: 1.00e+00   eps : -1.17e-06   step: 2.10e-03    0.23
         res : 9.00e-07   lamb: 1.00e+00   eps : -1.17e-06   step: 2.10e-03    0.29
         res : 6.03e-07   lamb: 1.00e+00   eps : -1.17e-06   step: 2.10e-03    0.38
         res : 4.17e-07   lamb: 1.00e+00   eps : -1.17e-06   step: 2.10e-03    0.24
         res : 2.78e-07   lamb: 1.00e+00   eps : -1.17e-06   step: 2.10e-03    0.24
         res : 1.90e-07   lamb: 1.00e+00   eps : -1.17e-06   step: 2.10e-03    0.31

      4  0      -386.73020899     4.62e-06      7.56
      4  1      -386.65693914     0.00e+00      7.56
      4  2      -386.61615603     0.00e+00      7.56
      4  3      -386.59348233     0.00e+00      7.56

         res : 2.36e-04   lamb: 1.00e+00   eps : -1.03e-07   step: 4.57e-04    0.26
         res : 1.03e-04   lamb: 1.00e+00   eps : -1.21e-07   step: 6.23e-04    0.52
         res : 6.69e-05   lamb: 1.00e+00   eps : -1.25e-07   step: 6.59e-04    0.26
         res : 3.34e-05   lamb: 1.00e+00   eps : -1.26e-07   step: 6.70e-04    0.25
         res : 2.28e-05   lamb: 1.00e+00   eps : -1.26e-07   step: 6.80e-04    0.25
         res : 1.41e-05   lamb: 1.00e+00   eps : -1.26e-07   step: 6.87e-04    0.25
         res : 1.11e-05   lamb: 1.00e+00   eps : -1.26e-07   step: 6.90e-04    0.24
         res : 6.79e-06   lamb: 1.00e+00   eps : -1.27e-07   step: 6.90e-04    0.24
         res : 4.21e-06   lamb: 1.00e+00   eps : -1.27e-07   step: 6.90e-04    0.54
         res : 2.80e-06   lamb: 1.00e+00   eps : -1.27e-07   step: 6.90e-04    0.25
         res : 1.84e-06   lamb: 1.00e+00   eps : -1.27e-07   step: 6.90e-04    0.25
         res : 1.12e-06   lamb: 1.00e+00   eps : -1.27e-07   step: 6.90e-04    0.25
         res : 7.43e-07   lamb: 1.00e+00   eps : -1.27e-07   step: 6.90e-04    0.32
         res : 4.64e-07   lamb: 1.00e+00   eps : -1.27e-07   step: 6.90e-04    0.24
         res : 3.01e-07   lamb: 1.00e+00   eps : -1.27e-07   step: 6.90e-04    0.52
         res : 2.02e-07   lamb: 1.00e+00   eps : -1.27e-07   step: 6.90e-04    0.24
         res : 1.38e-07   lamb: 1.00e+00   eps : -1.27e-07   step: 6.90e-04    0.26
         res : 9.15e-08   lamb: 1.00e+00   eps : -1.27e-07   step: 6.90e-04    0.25
         res : 6.28e-08   lamb: 1.00e+00   eps : -1.27e-07   step: 6.90e-04    0.30

      5  0      -386.73019579     1.66e-06      8.09
      5  1      -386.65694422     0.00e+00      8.09
      5  2      -386.61617743     0.00e+00      8.09
      5  3      -386.59346938     0.00e+00      8.09

         res : 8.15e-05   lamb: 1.00e+00   eps : -1.21e-08   step: 1.51e-04    0.32
         res : 3.61e-05   lamb: 1.00e+00   eps : -1.43e-08   step: 2.12e-04    0.24
         res : 2.37e-05   lamb: 1.00e+00   eps : -1.47e-08   step: 2.24e-04    0.25
         res : 1.18e-05   lamb: 1.00e+00   eps : -1.49e-08   step: 2.29e-04    0.25
         res : 8.03e-06   lamb: 1.00e+00   eps : -1.49e-08   step: 2.32e-04    0.25
         res : 4.94e-06   lamb: 1.00e+00   eps : -1.50e-08   step: 2.35e-04    0.37
         res : 3.85e-06   lamb: 1.00e+00   eps : -1.50e-08   step: 2.36e-04    0.25
         res : 2.38e-06   lamb: 1.00e+00   eps : -1.50e-08   step: 2.36e-04    0.32
         res : 1.47e-06   lamb: 1.00e+00   eps : -1.50e-08   step: 2.36e-04    0.51
         res : 9.80e-07   lamb: 1.00e+00   eps : -1.50e-08   step: 2.36e-04    0.26
         res : 6.43e-07   lamb: 1.00e+00   eps : -1.50e-08   step: 2.36e-04    0.26
         res : 3.89e-07   lamb: 1.00e+00   eps : -1.50e-08   step: 2.36e-04    0.33
         res : 2.56e-07   lamb: 1.00e+00   eps : -1.50e-08   step: 2.36e-04    0.27
         res : 1.62e-07   lamb: 1.00e+00   eps : -1.50e-08   step: 2.36e-04    0.34
         res : 1.04e-07   lamb: 1.00e+00   eps : -1.50e-08   step: 2.36e-04    0.26
         res : 6.95e-08   lamb: 1.00e+00   eps : -1.50e-08   step: 2.36e-04    0.32
         res : 4.67e-08   lamb: 1.00e+00   eps : -1.50e-08   step: 2.36e-04    0.27
         res : 3.10e-08   lamb: 1.00e+00   eps : -1.50e-08   step: 2.36e-04    0.27
         res : 2.13e-08   lamb: 1.00e+00   eps : -1.50e-08   step: 2.36e-04    0.38

      6  0      -386.73019137     6.03e-07      8.09
      6  1      -386.65694547     0.00e+00      8.09
      6  2      -386.61618436     0.00e+00      8.09
      6  3      -386.59346567     0.00e+00      8.09

         res : 2.89e-05   lamb: 1.00e+00   eps : -1.51e-09   step: 5.22e-05    0.34
         res : 1.29e-05   lamb: 1.00e+00   eps : -1.79e-09   step: 7.43e-05    0.46
         res : 8.55e-06   lamb: 1.00e+00   eps : -1.85e-09   step: 7.89e-05    0.25
         res : 4.28e-06   lamb: 1.00e+00   eps : -1.87e-09   step: 8.05e-05    0.24
         res : 2.90e-06   lamb: 1.00e+00   eps : -1.88e-09   step: 8.18e-05    0.29
         res : 1.78e-06   lamb: 1.00e+00   eps : -1.88e-09   step: 8.28e-05    0.24
         res : 1.37e-06   lamb: 1.00e+00   eps : -1.88e-09   step: 8.33e-05    0.24
         res : 8.53e-07   lamb: 1.00e+00   eps : -1.88e-09   step: 8.33e-05    0.29
         res : 5.25e-07   lamb: 1.00e+00   eps : -1.88e-09   step: 8.33e-05    0.37
         res : 3.50e-07   lamb: 1.00e+00   eps : -1.88e-09   step: 8.34e-05    0.24
         res : 2.30e-07   lamb: 1.00e+00   eps : -1.88e-09   step: 8.34e-05    0.24
         res : 1.40e-07   lamb: 1.00e+00   eps : -1.88e-09   step: 8.33e-05    0.24
         res : 9.05e-08   lamb: 1.00e+00   eps : -1.88e-09   step: 8.33e-05    0.34
         res : 5.84e-08   lamb: 1.00e+00   eps : -1.88e-09   step: 8.33e-05    0.24
         res : 3.77e-08   lamb: 1.00e+00   eps : -1.88e-09   step: 8.33e-05    0.31
         res : 2.47e-08   lamb: 1.00e+00   eps : -1.88e-09   step: 8.33e-05    0.33
         res : 1.62e-08   lamb: 1.00e+00   eps : -1.88e-09   step: 8.33e-05    0.24
         res : 1.08e-08   lamb: 1.00e+00   eps : -1.88e-09   step: 8.33e-05    0.24
         res : 7.39e-09   lamb: 1.00e+00   eps : -1.88e-09   step: 8.33e-05    0.28

      7  0      -386.73018981     2.22e-07      7.44
      7  1      -386.65694580     0.00e+00      7.44
      7  2      -386.61618664     0.00e+00      7.44
      7  3      -386.59346462     0.00e+00      7.44

         res : 1.05e-05   lamb: 1.00e+00   eps : -1.99e-10   step: 1.87e-05    0.22
         res : 4.72e-06   lamb: 1.00e+00   eps : -2.36e-10   step: 2.69e-05    0.22
         res : 3.12e-06   lamb: 1.00e+00   eps : -2.44e-10   step: 2.86e-05    0.22
         res : 1.57e-06   lamb: 1.00e+00   eps : -2.47e-10   step: 2.91e-05    0.34
         res : 1.07e-06   lamb: 1.00e+00   eps : -2.48e-10   step: 2.96e-05    0.22
         res : 6.51e-07   lamb: 1.00e+00   eps : -2.48e-10   step: 3.00e-05    0.22
         res : 4.96e-07   lamb: 1.00e+00   eps : -2.48e-10   step: 3.02e-05    0.29
         res : 3.12e-07   lamb: 1.00e+00   eps : -2.48e-10   step: 3.02e-05    0.34
         res : 1.91e-07   lamb: 1.00e+00   eps : -2.48e-10   step: 3.02e-05    0.23
         res : 1.27e-07   lamb: 1.00e+00   eps : -2.48e-10   step: 3.02e-05    0.23
         res : 8.42e-08   lamb: 1.00e+00   eps : -2.48e-10   step: 3.02e-05    0.34
         res : 5.13e-08   lamb: 1.00e+00   eps : -2.48e-10   step: 3.02e-05    0.28
         res : 3.29e-08   lamb: 1.00e+00   eps : -2.48e-10   step: 3.02e-05    0.24
         res : 2.13e-08   lamb: 1.00e+00   eps : -2.48e-10   step: 3.02e-05    0.24
         res : 1.38e-08   lamb: 1.00e+00   eps : -2.48e-10   step: 3.02e-05    0.38
         res : 9.05e-09   lamb: 1.00e+00   eps : -2.48e-10   step: 3.02e-05    0.22
         res : 5.93e-09   lamb: 1.00e+00   eps : -2.48e-10   step: 3.02e-05    0.23
         res : 3.95e-09   lamb: 1.00e+00   eps : -2.48e-10   step: 3.02e-05    0.30

      8  0      -386.73018925     8.26e-08      7.06
      8  1      -386.65694589     0.00e+00      7.06
      8  2      -386.61618739     0.00e+00      7.06
      8  3      -386.59346434     0.00e+00      7.06

         res : 3.91e-06   lamb: 1.00e+00   eps : -2.74e-11   step: 6.92e-06    0.24
         res : 1.75e-06   lamb: 1.00e+00   eps : -3.25e-11   step: 1.00e-05    0.25
         res : 1.15e-06   lamb: 1.00e+00   eps : -3.36e-11   step: 1.06e-05    0.24
         res : 5.82e-07   lamb: 1.00e+00   eps : -3.40e-11   step: 1.08e-05    0.32
         res : 3.96e-07   lamb: 1.00e+00   eps : -3.41e-11   step: 1.10e-05    0.25
         res : 2.42e-07   lamb: 1.00e+00   eps : -3.41e-11   step: 1.11e-05    0.25
         res : 1.82e-07   lamb: 1.00e+00   eps : -3.41e-11   step: 1.12e-05    0.31
         res : 1.16e-07   lamb: 1.00e+00   eps : -3.41e-11   step: 1.12e-05    0.24
         res : 7.06e-08   lamb: 1.00e+00   eps : -3.42e-11   step: 1.12e-05    0.24
         res : 4.73e-08   lamb: 1.00e+00   eps : -3.42e-11   step: 1.12e-05    0.25
         res : 3.15e-08   lamb: 1.00e+00   eps : -3.42e-11   step: 1.12e-05    0.26
         res : 1.93e-08   lamb: 1.00e+00   eps : -3.42e-11   step: 1.12e-05    0.30
         res : 1.23e-08   lamb: 1.00e+00   eps : -3.42e-11   step: 1.12e-05    0.25
         res : 7.94e-09   lamb: 1.00e+00   eps : -3.42e-11   step: 1.12e-05    0.43
         res : 5.20e-09   lamb: 1.00e+00   eps : -3.42e-11   step: 1.12e-05    0.34
         res : 3.44e-09   lamb: 1.00e+00   eps : -3.42e-11   step: 1.12e-05    0.25

      9  0      -386.73018904     3.12e-08      6.70
      9  1      -386.65694592     0.00e+00      6.70
      9  2      -386.61618764     0.00e+00      6.70
      9  3      -386.59346427     0.00e+00      6.70

         res : 1.48e-06   lamb: 1.00e+00   eps : -3.91e-12   step: 2.62e-06    0.32
         res : 6.56e-07   lamb: 1.00e+00   eps : -4.64e-12   step: 3.81e-06    0.25
         res : 4.30e-07   lamb: 1.00e+00   eps : -4.80e-12   step: 4.02e-06    0.25
         res : 2.18e-07   lamb: 1.00e+00   eps : -4.85e-12   step: 4.09e-06    0.31
         res : 1.49e-07   lamb: 1.00e+00   eps : -4.86e-12   step: 4.16e-06    0.25
         res : 9.07e-08   lamb: 1.00e+00   eps : -4.87e-12   step: 4.20e-06    0.24
         res : 6.80e-08   lamb: 1.00e+00   eps : -4.87e-12   step: 4.22e-06    0.24
         res : 4.37e-08   lamb: 1.00e+00   eps : -4.87e-12   step: 4.23e-06    0.35
         res : 2.65e-08   lamb: 1.00e+00   eps : -4.88e-12   step: 4.23e-06    0.25
         res : 1.80e-08   lamb: 1.00e+00   eps : -4.88e-12   step: 4.23e-06    0.27
         res : 1.20e-08   lamb: 1.00e+00   eps : -4.88e-12   step: 4.23e-06    0.36
         res : 7.35e-09   lamb: 1.00e+00   eps : -4.88e-12   step: 4.23e-06    0.26
         res : 4.64e-09   lamb: 1.00e+00   eps : -4.88e-12   step: 4.23e-06    0.26

     10  0      -386.73018897     1.19e-08      5.85
     10  1      -386.65694593     0.00e+00      5.85
     10  2      -386.61618772     0.00e+00      5.85
     10  3      -386.59346425     0.00e+00      5.85

         res : 5.70e-07   lamb: 1.00e+00   eps : -5.75e-13   step: 1.01e-06    0.32
         res : 2.49e-07   lamb: 1.00e+00   eps : -6.84e-13   step: 1.48e-06    0.24
         res : 1.62e-07   lamb: 1.00e+00   eps : -7.07e-13   step: 1.55e-06    0.25
         res : 8.22e-08   lamb: 1.00e+00   eps : -7.13e-13   step: 1.57e-06    0.42
         res : 5.61e-08   lamb: 1.00e+00   eps : -7.16e-13   step: 1.60e-06    0.25
         res : 3.44e-08   lamb: 1.00e+00   eps : -7.17e-13   step: 1.61e-06    0.25
         res : 2.58e-08   lamb: 1.00e+00   eps : -7.17e-13   step: 1.62e-06    0.25
         res : 1.67e-08   lamb: 1.00e+00   eps : -7.17e-13   step: 1.62e-06    0.32
         res : 1.01e-08   lamb: 1.00e+00   eps : -7.17e-13   step: 1.62e-06    0.24
         res : 6.74e-09   lamb: 1.00e+00   eps : -7.17e-13   step: 1.62e-06    0.24
         res : 4.53e-09   lamb: 1.00e+00   eps : -7.17e-13   step: 1.62e-06    0.30

     11  0      -386.73018894     4.62e-09      5.22
     11  1      -386.65694593     0.00e+00      5.22
     11  2      -386.61618775     0.00e+00      5.22
     11  3      -386.59346425     0.00e+00      5.22

    * Second-order optimization converged. *   

    * Integral transformation done. Elapsed time: 0.34

     guess   0:   closed 11....               open ..11..              
     guess   1:   closed 111...               open ......              
     guess   2:   closed 11.1..               open ......              
     guess   3:   closed 1.1...               open .1.1..              

  === FCI iteration ===

      0  0      -386.66944399     8.35e-03      0.00
      0  1      -386.59294478     8.79e-03      0.00
      0  2      -386.46136605     9.16e-03      0.00
      0  3      -386.43560754     9.62e-03      0.00

      1  0      -386.72070505     4.06e-03      0.00
      1  1      -386.64180725     4.04e-03      0.00
      1  2      -386.54052290     7.06e-03      0.00
      1  3      -386.50518877     5.35e-03      0.00

      2  0      -386.72937763     1.37e-03      0.00
      2  1      -386.65340710     2.06e-03      0.00
      2  2      -386.59476734     5.42e-03      0.00
      2  3      -386.55601928     6.08e-03      0.00

      3  0      -386.73007936     5.04e-04      0.00
      3  1      -386.65633212     1.01e-03      0.00
      3  2      -386.61213994     2.70e-03      0.00
      3  3      -386.58730327     3.09e-03      0.00

      4  0      -386.73017344     1.51e-04      0.00
      4  1      -386.65688263     3.19e-04      0.00
      4  2      -386.61575623     8.37e-04      0.00
      4  3      -386.59272050     1.01e-03      0.00

      5  0      -386.73018573     6.88e-05      0.00
      5  1      -386.65693502     1.16e-04      0.00
      5  2      -386.61614098     2.64e-04      0.00
      5  3      -386.59333329     3.80e-04      0.00

      6  0      -386.73018851     2.73e-05      0.00
      6  1      -386.65694367     5.16e-05      0.00
      6  2      -386.61618285     8.88e-05      0.00
      6  3      -386.59343385     1.67e-04      0.00

      7  0      -386.73018889     9.18e-06      0.00
      7  1      -386.65694554     2.21e-05      0.00
      7  2      -386.61618724     2.97e-05      0.00
      7  3      -386.59345577     8.60e-05      0.00

      8  0      -386.73018894     2.43e-06      0.01
      8  1      -386.65694587     9.10e-06      0.00
      8  2      -386.61618771     8.74e-06      0.00
      8  3      -386.59346190     4.86e-05      0.00

      9  0      -386.73018894     6.59e-07      0.01
      9  1      -386.65694593     3.27e-06      0.00
      9  2      -386.61618775     3.09e-06      0.00
      9  3      -386.59346385     2.21e-05      0.00

     10  0      -386.73018894     1.52e-07      0.01
     10  1      -386.65694593     1.07e-06      0.00
     10  2      -386.61618775     8.95e-07      0.00
     10  3      -386.59346420     8.63e-06      0.00

     11  0      -386.73018894     2.81e-08      0.01
     11  1      -386.65694593     2.79e-07      0.00
     11  2      -386.61618775     2.31e-07      0.00
     11  3      -386.59346425     2.63e-06      0.00

     12  0      -386.73018894     7.06e-09      0.01
     12  1      -386.65694593     7.38e-08      0.00
     12  2      -386.61618775     6.24e-08      0.00
     12  3      -386.59346425     8.22e-07      0.00

     13  0      -386.73018894     1.48e-09      0.01
     13  1      -386.65694593     1.71e-08      0.00
     13  2      -386.61618775     1.69e-08      0.00
     13  3      -386.59346425     2.28e-07      0.00

     14  0      -386.73018894     3.14e-10      0.01
     14  1      -386.65694593     4.08e-09      0.00
     14  2      -386.61618775     4.51e-09      0.00
     14  3      -386.59346425     6.84e-08      0.00

     15  0 *    -386.73018894     5.87e-11      0.01
     15  1      -386.65694593     9.61e-10      0.00
     15  2      -386.61618775     1.06e-09      0.00
     15  3      -386.59346425     1.91e-08      0.00

     16  0 *    -386.73018894     4.20e-11      0.01
     16  1      -386.65694593     2.03e-10      0.00
     16  2      -386.61618775     2.61e-10      0.00
     16  3      -386.59346425     4.28e-09      0.00

     17  0 *    -386.73018894     4.09e-11      0.01
     17  1 *    -386.65694593     4.31e-11      0.00
     17  2 *    -386.61618775     5.72e-11      0.00
     17  3      -386.59346425     9.39e-10      0.00

     18  0 *    -386.73018894     4.08e-11      0.01
     18  1 *    -386.65694593     2.22e-11      0.00
     18  2 *    -386.61618775     5.56e-11      0.00
     18  3      -386.59346425     2.41e-10      0.00

     19  0 *    -386.73018894     4.09e-11      0.01
     19  1 *    -386.65694593     2.03e-11      0.00
     19  2 *    -386.61618775     5.56e-11      0.00
     19  3 *    -386.59346425     5.61e-11      0.00

     * ci vector, state   0, <S^2> = -0.0000
       22ba..     0.5353366461
       22ab..     0.5353366461
       222...    -0.5026281989
       22.2..     0.1621632470
       b2aa.b     0.1073921189
       a2bb.a     0.1073921189
       2b2a..    -0.0913706520
       2a2b..    -0.0913706520
       2.ba2.    -0.0905852508
       2.ab2.    -0.0905852508
       2.2.2.     0.0862905493
       .2ba.2    -0.0586440198
       .2ab.2    -0.0586440198
       b2ba.a    -0.0582931544
       a2ab.b    -0.0582931544
       2baab.    -0.0559594067
       2abba.    -0.0559594067
       22b..a     0.0507595738
       22a..b     0.0507595738
       2ab2..     0.0507319362
       2ba2..     0.0507319362

     * ci vector, state   1, <S^2> = -0.0000
       222...     0.7384436760
       22ba..     0.3098586618
       22ab..     0.3098586618
       b22a..    -0.1871382507
       a22b..    -0.1871382507
       22.2..     0.1843716790
       22...2    -0.1281154646
       2.2.2.    -0.1190454381
       22.a.b    -0.0852666678
       22.b.a    -0.0852666678
       2a2b..     0.0794360310
       2b2a..     0.0794360310
       22b..a     0.0771373111
       22a..b     0.0771373111
       .222..    -0.0741615457

     * ci vector, state   2, <S^2> = -0.0000
       2a2b..    -0.3192058376
       2b2a..    -0.3192058376
       22b.a.    -0.2755413124
       22a.b.    -0.2755413124
       2baab.     0.2604087942
       2abba.     0.2604087942
       22.ba.     0.2271429893
       22.ab.     0.2271429893
       222...     0.1465142773
       a2bba.     0.1445942977
       b2aab.     0.1445942977
       22.2..    -0.1377460250
       2abab.     0.1338583611
       2baba.     0.1338583611
       2bbaa.    -0.1265504330
       2aabb.    -0.1265504330
       b22a..     0.1220323994
       a22b..     0.1220323994
       22.a.b     0.1133641646
       22.b.a     0.1133641646
       2abb.a    -0.0895681255
       2baa.b    -0.0895681255
       a2abb.    -0.0750332424
       b2baa.    -0.0750332424
       b2aba.     0.0695610553
       a2bab.     0.0695610553
       2bab.a    -0.0690658621
       2aba.b    -0.0690658621
       22..2.    -0.0637915861
       2.22..    -0.0630972180
       .222..     0.0610764004
       22...2     0.0608977700
       2.2ba.    -0.0582167369
       2.2ab.    -0.0582167369
       22..ab     0.0539193541
       22..ba     0.0539193541
       abbaba    -0.0537127618
       baabab    -0.0537127618
       2b.a.2    -0.0507240410
       2a.b.2    -0.0507240410

     * ci vector, state   3, <S^2> = 0.0000
       22.2..    -0.3814576764
       b22a..     0.3148957255
       a22b..     0.3148957255
       222...     0.3081995453
       2abba.    -0.2509419145
       2baab.    -0.2509419145
       22.a.b     0.2446123321
       22.b.a     0.2446123321
       22ab..     0.1661824650
       22ba..     0.1661824650
       2baba.    -0.1349758963
       2abab.    -0.1349758963
       .222..     0.1238025165
       2aabb.     0.1159660181
       2bbaa.     0.1159660181
       22b.a.     0.1019308813
       22a.b.     0.1019308813
       22b..a    -0.0859844384
       22a..b    -0.0859844384
       22...2     0.0835663817
       a22..b     0.0773811184
       b22..a     0.0773811184
       b2.a.2     0.0673261386
       a2.b.2     0.0673261386
       .22..2    -0.0538161669
       .22a.b    -0.0535327772
       .22b.a    -0.0535327772
       a.2b2.     0.0522529011
       b.2a2.     0.0522529011

    * METHOD: CASSCF                              81.96

  === SMITH program ===

    * freezing 10 orbitals
    * SS-SR internal contraction is used

    * Approximate memory requirement for SMITH calulation per MPI process:
      o Storage requirement for T-amplitude, lambda, and residual is 0.14 GB
      o Storage requirement for MO integrals is 0.02 GB
       - MO integral evaluation                    3.90

  ++ State-averaged Fock matrix over basis states ++

                         0                   1                   2                   3
     0       -1.5244182269        0.0645480811        0.0172399741        0.0357702782
     1        0.0645480811       -1.5260807384       -0.0334858693       -0.1287054276
     2        0.0172399741       -0.0334858693       -1.2442146666       -0.0375059070
     3        0.0357702782       -0.1287054276       -0.0375059070       -1.2745201420


  ++ Extended multi-state CASPT2 (XMS-CASPT2) rotation matrix ++

                         0                   1                   2                   3
     0       -0.5568610658        0.8296165801       -0.0399707032        0.0066653004
     1        0.7507502584        0.5210223260        0.3114301716       -0.2606166410
     2        0.1204760632        0.0454858811       -0.8258891134       -0.5489296177
     3        0.3343132080        0.1954561343       -0.4683169477        0.7941730385


  ++ Reference energies in XMS basis ++

                         0                   1                   2                   3
     0     -386.6719715329        0.0382083625       -0.0156246663        0.0144309439
     1        0.0382083625     -386.7048469082       -0.0049131919        0.0084313268
     2       -0.0156246663       -0.0049131919     -386.6153392362       -0.0051129671
     3        0.0144309439        0.0084313268       -0.0051129671     -386.6046291963

    * Calculating and saving rdm4f

    - linear dependency detected:    1 /   72    min eigenvalue:    -3.3688e-15    max eigenvalue:    -3.3688e-15
    - linear dependency detected:    1 /   72    min eigenvalue:     2.9040e-15    max eigenvalue:     2.9040e-15
    - linear dependency detected:    1 /   72    min eigenvalue:     5.8704e-16    max eigenvalue:     5.8704e-16
    - linear dependency detected:    1 /   72    min eigenvalue:    -1.2670e-15    max eigenvalue:    -1.2670e-15
    - linear dependency detected:   10 /  216    min eigenvalue:    -7.4593e-15    max eigenvalue:     9.8662e-10
    - linear dependency detected:    8 /  216    min eigenvalue:    -1.3507e-16    max eigenvalue:     5.1004e-10
    - linear dependency detected:    8 /  216    min eigenvalue:    -2.6043e-15    max eigenvalue:     8.8203e-10
    - linear dependency detected:    7 /  216    min eigenvalue:    -4.1034e-15    max eigenvalue:     7.4209e-10
    - linear dependency detected:   10 /  216    min eigenvalue:    -7.5629e-16    max eigenvalue:     8.7136e-10
    - linear dependency detected:    9 /  216    min eigenvalue:    -1.4924e-15    max eigenvalue:     9.8751e-10
    - linear dependency detected:    8 /  216    min eigenvalue:    -7.7434e-16    max eigenvalue:     1.5629e-10
    - linear dependency detected:    7 /  216    min eigenvalue:    -4.8353e-16    max eigenvalue:     3.1430e-12
       - RDM + denominator evaluation              1.78

    * Zeroth order energy : state  0       -1.6366454467
    * Zeroth order energy : state  1       -1.4745075958
    * Zeroth order energy : state  2       -1.2520208573
    * Zeroth order energy : state  3       -1.2060598739

    * CASPT2 iteration is performed using redundant basis

      ---- iteration ----

        0    -1.13464060     0.00114852      3.21
        1    -1.13536796     0.00007605      3.42
        2    -1.13537274     0.00000674      3.70
        3    -1.13537279     0.00000075      3.63

        0    -1.09832552     0.00099317      3.70
        1    -1.09895336     0.00006804      3.37
        2    -1.09895812     0.00000644      3.32
        3    -1.09895818     0.00000074      3.58

        0    -1.10044124     0.00088763      4.01
        1    -1.10102241     0.00006128      3.34
        2    -1.10102713     0.00000623      3.29
        3    -1.10102719     0.00000069      3.69

        0    -1.10107974     0.00083578      3.82
        1    -1.10161056     0.00005772      3.36
        2    -1.10161510     0.00000701      3.49
        3    -1.10161516     0.00000076      3.35

      -------------------

       - CASPT2 energy evaluation                 58.39

    * CASPT2 energy : state  0     -387.9861258664
        w/o shift correction       -387.8073443274
        reference weight              0.7366140228

    * CASPT2 energy : state  1     -387.9731618689
        w/o shift correction       -387.8038050844
        reference weight              0.7469857803

    * CASPT2 energy : state  2     -387.8888860931
        w/o shift correction       -387.7163664286
        reference weight              0.7434726840

    * CASPT2 energy : state  3     -387.8798763854
        w/o shift correction       -387.7062443573
        reference weight              0.7422449930


    * MS-CASPT2 Heff
           -387.9861258664        0.0247910804       -0.0061922824        0.0100826948
              0.0247910804     -387.9731618689       -0.0004235178        0.0020986864
             -0.0061922824       -0.0004235178     -387.8888860931       -0.0057310297
              0.0100826948        0.0020986864       -0.0057310297     -387.8798763854


    * MS-CASPT2 rotation matrix
             -0.7964580317        0.5931521429       -0.0103774499        0.1171215085
              0.6012839650        0.7974111817        0.0036230373        0.0507924633
             -0.0374569729        0.0521719255        0.8959160149       -0.4395560939
              0.0520497113       -0.0978980739        0.4440874648        0.8890967992


    * XMS-CASPT2 rotation matrix
              0.9441957236        0.3285043344       -0.0240658872        0.0004133252
             -0.3098889554        0.9025399321        0.1573755050       -0.2542114409
             -0.0662405192        0.1183825122       -0.9847854828       -0.1086062952
             -0.0898635877        0.2519764950       -0.0696515359        0.9610312405

    * MS-CASPT2 energy : state  0     -388.0057919680
    * MS-CASPT2 energy : state  1     -387.9550064559
    * MS-CASPT2 energy : state  2     -387.8916568358
    * MS-CASPT2 energy : state  3     -387.8755949541



    * METHOD: SMITH                               84.62


  
  ===============================================================

