    * Using parallel algorithm in FCI.
    * Parallel algorithm will be used.
  ---------------------------
        FCI calculation      
  ---------------------------

 Constructing space of all determinants that can formed by removing 1 electron from 6 alpha and 6 beta electrons.

 Space is made up of 4 determinants.
  o forming links
    * Integral transformation done. Elapsed time: 0.09

       - jop, kop                                  0.00
       - denom                                     0.02
     guess   0:   closed 111111......         open ............        
     guess   1:   closed 11111.......         open .....11.....        

  === FCI iteration ===

      0  0      -386.61741189     3.76e-04      0.61
      0  1      -386.51223466     3.71e-04      0.00

      1  0      -386.73004722     1.90e-04      0.61
      1  1      -386.62242770     1.91e-04      0.00

      2  0      -386.75264994     9.24e-05      0.61
      2  1      -386.64664442     9.80e-05      0.00

      3  0      -386.75723841     3.95e-05      0.61
      3  1      -386.65243963     5.13e-05      0.00

      4  0      -386.75797445     1.62e-05      0.61
      4  1      -386.65406498     2.98e-05      0.00

      5  0      -386.75809379     7.26e-06      0.62
      5  1      -386.65465812     1.88e-05      0.00

      6  0      -386.75812093     3.71e-06      0.61
      6  1      -386.65488092     1.14e-05      0.00

      7  0      -386.75812822     2.07e-06      0.62
      7  1      -386.65495915     6.74e-06      0.00

      8  0      -386.75813032     1.10e-06      0.62
      8  1      -386.65499115     4.61e-06      0.00

      9  0      -386.75813092     5.96e-07      0.62
      9  1      -386.65500666     3.24e-06      0.00

     10  0      -386.75813110     2.98e-07      0.62
     10  1      -386.65501352     2.04e-06      0.00

     11  0      -386.75813114     1.32e-07      0.62
     11  1      -386.65501615     1.24e-06      0.00

     12  0      -386.75813115     6.09e-08      0.63
     12  1      -386.65501713     7.51e-07      0.00

     13  0      -386.75813115     2.96e-08      0.62
     13  1      -386.65501746     4.23e-07      0.00

     14  0      -386.75813115     1.41e-08      0.63
     14  1      -386.65501756     2.22e-07      0.00

     15  0      -386.75813115     6.88e-09      0.63
     15  1      -386.65501758     1.17e-07      0.00

     16  0      -386.75813115     3.46e-09      0.63
     16  1      -386.65501759     6.58e-08      0.00

     17  0      -386.75813115     1.68e-09      0.63
     17  1      -386.65501759     3.89e-08      0.00

     18  0      -386.75813115     8.10e-10      0.63
     18  1      -386.65501760     2.25e-08      0.00

     19  0      -386.75813115     3.85e-10      0.63
     19  1      -386.65501760     1.24e-08      0.00
    ** throwing out 2 trial vectors **

     20  0      -386.75813115     1.74e-10      0.64
     20  1      -386.65501760     6.37e-09      0.00
    ** throwing out 2 trial vectors **

     21  0 *    -386.75813115     7.63e-11      0.54
     21  1      -386.65501760     3.20e-09      0.00
    ** throwing out 1 trial vectors **

     22  0 *    -386.75813115     6.32e-11      0.34
     22  1      -386.65501760     1.60e-09      0.00
    ** throwing out 1 trial vectors **

     23  0 *    -386.75813115     6.16e-11      0.34
     23  1      -386.65501760     8.06e-10      0.00
    ** throwing out 1 trial vectors **

     24  0 *    -386.75813115     6.12e-11      0.33
     24  1      -386.65501760     4.12e-10      0.00
    ** throwing out 1 trial vectors **

     25  0 *    -386.75813115     6.12e-11      0.34
     25  1      -386.65501760     2.14e-10      0.00
    ** throwing out 1 trial vectors **

     26  0 *    -386.75813115     6.12e-11      0.34
     26  1      -386.65501760     1.09e-10      0.00
    ** throwing out 1 trial vectors **

     27  0 *    -386.75813115     6.12e-11      0.24
     27  1 *    -386.65501760     5.76e-11      0.00

     * ci vector   0, <S^2> = -0.0000, E =     -386.75813115
       222222......    -0.7737794703
       22222ab.....    -0.3207541846
       22222ba.....    -0.3207541846
       2222.2.2....     0.0774691605
       22222..2....     0.0743900257
       222.22..2...     0.0684021944
       222b2aa.b...    -0.0589366820
       222a2bb.a...    -0.0589366820
       22a2b2.b.a..     0.0534652536
       22b2a2.a.b..     0.0534652536
       22.222.2....     0.0523736433
       22.222...2..     0.0515172576

     * ci vector   1, <S^2> = 0.0000, E =     -386.65501760
       22222ab.....     0.5369585093
       22222ba.....     0.5369585093
       222222......    -0.4373137705
       2222abba....    -0.0844436670
       2222baab....    -0.0844436670
       22222..2....     0.0740498240
       222b2aa.b...     0.0700786237
       222a2bb.a...     0.0700786237
       2b222a2.....     0.0688299844
       2a222b2.....     0.0688299844
       2222.ab2....    -0.0663589352
       2222.ba2....    -0.0663589352
       2222bbaa....     0.0651770048
       2222aabb....     0.0651770048
       2.22222.....     0.0618298763
       222.2ba.2...    -0.0552403258
       222.2ab.2...    -0.0552403258
       - FCI and RDMs                             17.12
    * Integral transformation done. Elapsed time: 0.08

       - jop, kop                                  0.00
       - denom                                     0.02
     guess   0:   closed 111111......         open ............        
     guess   1:   closed 11111.......         open .....11.....        

  === FCI iteration ===

      0  0      -386.63598480     3.75e-04      0.60
      0  1      -386.53024398     3.71e-04      0.00

      1  0      -386.74837503     1.90e-04      0.61
      1  1      -386.63983192     1.91e-04      0.00

      2  0      -386.77091471     9.25e-05      0.61
      2  1      -386.66415625     9.86e-05      0.00

      3  0      -386.77550808     3.97e-05      0.61
      3  1      -386.66999444     5.20e-05      0.00

      4  0      -386.77625164     1.63e-05      0.61
      4  1      -386.67165823     3.03e-05      0.00

      5  0      -386.77637282     7.29e-06      0.61
      5  1      -386.67227144     1.91e-05      0.00

      6  0      -386.77639991     3.70e-06      0.61
      6  1      -386.67250125     1.16e-05      0.00

      7  0      -386.77640704     2.06e-06      0.62
      7  1      -386.67258284     6.87e-06      0.00

      8  0      -386.77640911     1.09e-06      0.61
      8  1      -386.67261648     4.74e-06      0.00

      9  0      -386.77640970     5.95e-07      0.61
      9  1      -386.67263312     3.37e-06      0.00

     10  0      -386.77640988     3.00e-07      0.62
     10  1      -386.67264051     2.11e-06      0.00

     11  0      -386.77640992     1.34e-07      0.62
     11  1      -386.67264328     1.27e-06      0.00

     12  0      -386.77640993     6.19e-08      0.62
     12  1      -386.67264430     7.63e-07      0.00

     13  0      -386.77640993     3.04e-08      0.62
     13  1      -386.67264465     4.33e-07      0.00

     14  0      -386.77640993     1.46e-08      0.62
     14  1      -386.67264475     2.28e-07      0.00

     15  0      -386.77640993     7.13e-09      0.63
     15  1      -386.67264478     1.22e-07      0.00

     16  0      -386.77640993     3.55e-09      0.63
     16  1      -386.67264478     6.89e-08      0.00

     17  0      -386.77640993     1.73e-09      0.63
     17  1      -386.67264479     4.12e-08      0.00

     18  0      -386.77640993     8.39e-10      0.63
     18  1      -386.67264479     2.39e-08      0.00

     19  0      -386.77640993     4.03e-10      0.63
     19  1      -386.67264479     1.32e-08      0.00
    ** throwing out 2 trial vectors **

     20  0      -386.77640993     1.84e-10      0.64
     20  1      -386.67264479     6.85e-09      0.00
    ** throwing out 2 trial vectors **

     21  0 *    -386.77640993     8.06e-11      0.54
     21  1      -386.67264479     3.45e-09      0.00
    ** throwing out 1 trial vectors **

     22  0 *    -386.77640993     6.51e-11      0.34
     22  1      -386.67264479     1.73e-09      0.00
    ** throwing out 1 trial vectors **

     23  0 *    -386.77640993     6.30e-11      0.34
     23  1      -386.67264479     8.82e-10      0.00
    ** throwing out 1 trial vectors **

     24  0 *    -386.77640993     6.27e-11      0.34
     24  1      -386.67264479     4.60e-10      0.00
    ** throwing out 1 trial vectors **

     25  0 *    -386.77640993     6.26e-11      0.34
     25  1      -386.67264479     2.46e-10      0.00
    ** throwing out 1 trial vectors **

     26  0 *    -386.77640993     6.26e-11      0.34
     26  1      -386.67264479     1.30e-10      0.00
    ** throwing out 1 trial vectors **

     27  0 *    -386.77640993     6.26e-11      0.24
     27  1 *    -386.67264479     7.13e-11      0.00

     * ci vector   0, <S^2> = 0.0000, E =     -386.77640993
       222222......     0.7859666508
       22222ab.....    -0.3048510112
       22222ba.....    -0.3048510112
       2222.2.2....    -0.0767402092
       22222..2....    -0.0762337586
       222.22..2...    -0.0677278747
       222a2bb.a...     0.0586542899
       222b2aa.b...     0.0586542899
       22b2a2.a.b..    -0.0531085985
       22a2b2.b.a..    -0.0531085985
       22.222.2....    -0.0526293086
       22.222...2..    -0.0522066733

     * ci vector   1, <S^2> = 0.0000, E =     -386.67264479
       22222ab.....     0.5454228795
       22222ba.....     0.5454228795
       222222......     0.4170140081
       2222baab....     0.0850859946
       2222abba....     0.0850859946
       22222..2....    -0.0751738764
       222b2aa.b...    -0.0687453951
       222a2bb.a...    -0.0687453951
       2a222b2.....    -0.0670364362
       2b222a2.....    -0.0670364362
       2222.ba2....    -0.0661907134
       2222.ab2....    -0.0661907134
       2222bbaa....    -0.0632387407
       2222aabb....    -0.0632387407
       2.22222.....    -0.0592808661
       222.2ba.2...    -0.0546382775
       222.2ab.2...    -0.0546382775
       - FCI and RDMs                             17.04
    * Integral transformation done. Elapsed time: 0.08

       - jop, kop                                  0.00
       - denom                                     0.02
     guess   0:   closed 111111......         open ............        
     guess   1:   closed 11111.......         open .....11.....        

  === FCI iteration ===

      0  0      -386.63619352     3.74e-04      0.60
      0  1      -386.53034714     3.71e-04      0.00

      1  0      -386.74849327     1.89e-04      0.60
      1  1      -386.63974051     1.91e-04      0.00

      2  0      -386.77102381     9.25e-05      0.61
      2  1      -386.66409105     9.87e-05      0.00

      3  0      -386.77562497     3.97e-05      0.61
      3  1      -386.66993873     5.22e-05      0.00

      4  0      -386.77637007     1.63e-05      0.61
      4  1      -386.67161015     3.03e-05      0.00

      5  0      -386.77649095     7.29e-06      0.61
      5  1      -386.67222468     1.91e-05      0.00

      6  0      -386.77651777     3.69e-06      0.61
      6  1      -386.67245450     1.16e-05      0.00

      7  0      -386.77652475     2.05e-06      0.62
      7  1      -386.67253657     6.90e-06      0.00

      8  0      -386.77652679     1.08e-06      0.62
      8  1      -386.67257044     4.76e-06      0.00

      9  0      -386.77652738     5.90e-07      0.62
      9  1      -386.67258731     3.40e-06      0.00

     10  0      -386.77652756     2.99e-07      0.62
     10  1      -386.67259483     2.12e-06      0.00

     11  0      -386.77652760     1.34e-07      0.62
     11  1      -386.67259763     1.27e-06      0.00

     12  0      -386.77652761     6.28e-08      0.62
     12  1      -386.67259864     7.60e-07      0.00

     13  0      -386.77652761     3.12e-08      0.62
     13  1      -386.67259898     4.34e-07      0.00

     14  0      -386.77652761     1.49e-08      0.62
     14  1      -386.67259909     2.31e-07      0.00

     15  0      -386.77652761     7.28e-09      0.63
     15  1      -386.67259911     1.24e-07      0.00

     16  0      -386.77652761     3.59e-09      0.63
     16  1      -386.67259912     7.05e-08      0.00

     17  0      -386.77652761     1.75e-09      0.63
     17  1      -386.67259912     4.24e-08      0.00

     18  0      -386.77652761     8.60e-10      0.63
     18  1      -386.67259913     2.48e-08      0.00

     19  0      -386.77652761     4.17e-10      0.63
     19  1      -386.67259913     1.38e-08      0.00
    ** throwing out 2 trial vectors **

     20  0      -386.77652761     1.92e-10      0.63
     20  1      -386.67259913     7.16e-09      0.00
    ** throwing out 2 trial vectors **

     21  0 *    -386.77652761     8.38e-11      0.54
     21  1      -386.67259913     3.63e-09      0.00
    ** throwing out 1 trial vectors **

     22  0 *    -386.77652761     6.68e-11      0.34
     22  1      -386.67259913     1.82e-09      0.00
    ** throwing out 1 trial vectors **

     23  0 *    -386.77652761     6.41e-11      0.33
     23  1      -386.67259913     9.29e-10      0.00
    ** throwing out 1 trial vectors **

     24  0 *    -386.77652761     6.36e-11      0.34
     24  1      -386.67259913     4.88e-10      0.00
    ** throwing out 1 trial vectors **

     25  0 *    -386.77652761     6.36e-11      0.34
     25  1      -386.67259913     2.66e-10      0.00
    ** throwing out 1 trial vectors **

     26  0 *    -386.77652761     6.35e-11      0.34
     26  1      -386.67259913     1.43e-10      0.00
    ** throwing out 1 trial vectors **

     27  0 *    -386.77652761     6.35e-11      0.24
     27  1 *    -386.67259913     8.11e-11      0.00

     * ci vector   0, <S^2> = -0.0000, E =     -386.77652761
       222222......    -0.7896909617
       22222ba.....     0.2992339239
       22222ab.....     0.2992339239
       22222..2....     0.0773729503
       2222.2.2....     0.0762880590
       222.22..2...     0.0674923870
       222b2aa.b...    -0.0581450402
       222a2bb.a...    -0.0581450402
       22a2b2.b.a..     0.0529580570
       22b2a2.a.b..     0.0529580570
       22.222...2..     0.0525535678
       22.222.2....     0.0523643791

     * ci vector   1, <S^2> = -0.0000, E =     -386.67259913
       22222ab.....    -0.5483685356
       22222ba.....    -0.5483685355
       222222......    -0.4096787216
       2222abba....    -0.0854338747
       2222baab....    -0.0854338747
       22222..2....     0.0755044406
       222a2bb.a...     0.0684407776
       222b2aa.b...     0.0684407776
       2222.ab2....     0.0661764178
       2222.ba2....     0.0661764178
       2b222a2.....     0.0658910536
       2a222b2.....     0.0658910536
       2222aabb....     0.0631127076
       2222bbaa....     0.0631127076
       2.22222.....     0.0583676583
       222.2ab.2...     0.0543876062
       222.2ba.2...     0.0543876062
       - FCI and RDMs                             17.02
    * Integral transformation done. Elapsed time: 0.08

       - jop, kop                                  0.00
       - denom                                     0.02
     guess   0:   closed 111111......         open ............        
     guess   1:   closed 11111.......         open .....11.....        

  === FCI iteration ===

      0  0      -386.63621358     3.74e-04      0.60
      0  1      -386.53035682     3.71e-04      0.00

      1  0      -386.74850484     1.89e-04      0.61
      1  1      -386.63968856     1.92e-04      0.00

      2  0      -386.77104937     9.25e-05      0.61
      2  1      -386.66405009     9.88e-05      0.00

      3  0      -386.77565599     3.97e-05      0.61
      3  1      -386.66990441     5.23e-05      0.00

      4  0      -386.77640192     1.63e-05      0.61
      4  1      -386.67158036     3.03e-05      0.00

      5  0      -386.77652275     7.30e-06      0.61
      5  1      -386.67219574     1.92e-05      0.00

      6  0      -386.77654954     3.69e-06      0.60
      6  1      -386.67242608     1.16e-05      0.00

      7  0      -386.77655651     2.05e-06      0.61
      7  1      -386.67250867     6.92e-06      0.00

      8  0      -386.77655855     1.08e-06      0.60
      8  1      -386.67254281     4.78e-06      0.00

      9  0      -386.77655914     5.89e-07      0.60
      9  1      -386.67255987     3.42e-06      0.00

     10  0      -386.77655932     2.99e-07      0.63
     10  1      -386.67256748     2.13e-06      0.00

     11  0      -386.77655936     1.35e-07      0.64
     11  1      -386.67257030     1.27e-06      0.00

     12  0      -386.77655937     6.33e-08      0.64
     12  1      -386.67257131     7.61e-07      0.00

     13  0      -386.77655937     3.15e-08      0.64
     13  1      -386.67257166     4.36e-07      0.00

     14  0      -386.77655937     1.51e-08      0.65
     14  1      -386.67257176     2.32e-07      0.00

     15  0      -386.77655937     7.34e-09      0.65
     15  1      -386.67257179     1.25e-07      0.00

     16  0      -386.77655937     3.61e-09      0.65
     16  1      -386.67257180     7.13e-08      0.00

     17  0      -386.77655937     1.76e-09      0.65
     17  1      -386.67257180     4.29e-08      0.00

     18  0      -386.77655937     8.70e-10      0.65
     18  1      -386.67257180     2.51e-08      0.00

     19  0      -386.77655937     4.22e-10      0.65
     19  1      -386.67257180     1.40e-08      0.00
    ** throwing out 2 trial vectors **

     20  0      -386.77655937     1.94e-10      0.66
     20  1      -386.67257180     7.28e-09      0.00
    ** throwing out 2 trial vectors **

     21  0 *    -386.77655937     8.50e-11      0.54
     21  1      -386.67257180     3.70e-09      0.00
    ** throwing out 1 trial vectors **

     22  0 *    -386.77655937     6.76e-11      0.33
     22  1      -386.67257180     1.86e-09      0.00
    ** throwing out 1 trial vectors **

     23  0 *    -386.77655937     6.47e-11      0.33
     23  1      -386.67257180     9.52e-10      0.00
    ** throwing out 1 trial vectors **

     24  0 *    -386.77655937     6.42e-11      0.33
     24  1      -386.67257180     5.02e-10      0.00
    ** throwing out 1 trial vectors **

     25  0 *    -386.77655937     6.41e-11      0.33
     25  1      -386.67257180     2.75e-10      0.00
    ** throwing out 1 trial vectors **

     26  0 *    -386.77655937     6.41e-11      0.33
     26  1      -386.67257180     1.50e-10      0.00
    ** throwing out 1 trial vectors **

     27  0 *    -386.77655937     6.41e-11      0.24
     27  1 *    -386.67257180     8.54e-11      0.00

     * ci vector   0, <S^2> = -0.0000, E =     -386.77655937
       222222......     0.7906631619
       22222ab.....     0.2976770751
       22222ba.....     0.2976770751
       22222..2....    -0.0777684051
       2222.2.2....    -0.0761022393
       222.22..2...    -0.0673356015
       222a2bb.a...    -0.0579598317
       222b2aa.b...    -0.0579598317
       22b2a2.a.b..    -0.0528614364
       22a2b2.b.a..    -0.0528614364
       22.222...2..    -0.0525769385
       22.222.2....    -0.0522566795

     * ci vector   1, <S^2> = -0.0000, E =     -386.67257180
       22222ba.....     0.5491785228
       22222ab.....     0.5491785227
       222222......    -0.4076994207
       2222baab....     0.0856109131
       2222abba....     0.0856109131
       22222..2....     0.0757151034
       222b2aa.b...    -0.0683392887
       222a2bb.a...    -0.0683392887
       2222.ba2....    -0.0661427553
       2222.ab2....    -0.0661427553
       2a222b2.....    -0.0652452108
       2b222a2.....    -0.0652452108
       2222bbaa....    -0.0631840497
       2222aabb....    -0.0631840497
       2.22222.....     0.0578245934
       222.2ba.2...    -0.0542540072
       222.2ab.2...    -0.0542540072
       - FCI and RDMs                             17.21
    * Integral transformation done. Elapsed time: 0.08

       - jop, kop                                  0.00
       - denom                                     0.02
     guess   0:   closed 111111......         open ............        
     guess   1:   closed 11111.......         open .....11.....        

  === FCI iteration ===

      0  0      -386.63622067     3.74e-04      0.62
      0  1      -386.53035246     3.71e-04      0.00

      1  0      -386.74851073     1.89e-04      0.63
      1  1      -386.63966372     1.92e-04      0.00

      2  0      -386.77106003     9.26e-05      0.63
      2  1      -386.66403158     9.88e-05      0.00

      3  0      -386.77566779     3.97e-05      0.64
      3  1      -386.66988998     5.23e-05      0.00

      4  0      -386.77641368     1.63e-05      0.63
      4  1      -386.67156818     3.04e-05      0.00

      5  0      -386.77653442     7.29e-06      0.64
      5  1      -386.67218402     1.92e-05      0.00

      6  0      -386.77656119     3.69e-06      0.61
      6  1      -386.67241462     1.17e-05      0.00

      7  0      -386.77656816     2.05e-06      0.62
      7  1      -386.67249741     6.93e-06      0.00

      8  0      -386.77657020     1.08e-06      0.63
      8  1      -386.67253164     4.79e-06      0.00

      9  0      -386.77657079     5.89e-07      0.62
      9  1      -386.67254875     3.42e-06      0.00

     10  0      -386.77657097     2.99e-07      0.62
     10  1      -386.67255639     2.14e-06      0.00

     11  0      -386.77657101     1.35e-07      0.62
     11  1      -386.67255922     1.27e-06      0.00

     12  0      -386.77657102     6.34e-08      0.63
     12  1      -386.67256023     7.61e-07      0.00

     13  0      -386.77657102     3.15e-08      0.63
     13  1      -386.67256058     4.36e-07      0.00

     14  0      -386.77657102     1.51e-08      0.63
     14  1      -386.67256068     2.33e-07      0.00

     15  0      -386.77657102     7.35e-09      0.63
     15  1      -386.67256071     1.25e-07      0.00

     16  0      -386.77657102     3.61e-09      0.63
     16  1      -386.67256072     7.14e-08      0.00

     17  0      -386.77657102     1.77e-09      0.63
     17  1      -386.67256072     4.31e-08      0.00

     18  0      -386.77657102     8.72e-10      0.64
     18  1      -386.67256072     2.52e-08      0.00

     19  0      -386.77657102     4.24e-10      0.63
     19  1      -386.67256072     1.40e-08      0.00
    ** throwing out 2 trial vectors **

     20  0      -386.77657102     1.95e-10      0.64
     20  1      -386.67256072     7.31e-09      0.00
    ** throwing out 2 trial vectors **

     21  0 *    -386.77657102     8.52e-11      0.54
     21  1      -386.67256072     3.72e-09      0.00
    ** throwing out 1 trial vectors **

     22  0 *    -386.77657102     6.79e-11      0.34
     22  1      -386.67256072     1.88e-09      0.00
    ** throwing out 1 trial vectors **

     23  0 *    -386.77657102     6.49e-11      0.34
     23  1      -386.67256072     9.60e-10      0.00
    ** throwing out 1 trial vectors **

     24  0 *    -386.77657102     6.45e-11      0.34
     24  1      -386.67256072     5.05e-10      0.00
    ** throwing out 1 trial vectors **

     25  0 *    -386.77657102     6.44e-11      0.34
     25  1      -386.67256072     2.77e-10      0.00
    ** throwing out 1 trial vectors **

     26  0 *    -386.77657102     6.44e-11      0.34
     26  1      -386.67256072     1.52e-10      0.00
    ** throwing out 1 trial vectors **

     27  0 *    -386.77657102     6.44e-11      0.24
     27  1 *    -386.67256072     8.71e-11      0.00

     * ci vector   0, <S^2> = -0.0000, E =     -386.77657102
       222222......     0.7908902967
       22222ba.....     0.2973107850
       22222ab.....     0.2973107850
       22222..2....    -0.0779119755
       2222.2.2....    -0.0760405343
       222.22..2...    -0.0672937638
       222a2bb.a...     0.0579051215
       222b2aa.b...     0.0579051215
       22a2b2.b.a..    -0.0528343160
       22b2a2.a.b..    -0.0528343160
       22.222...2..    -0.0526002407
       22.222.2....    -0.0522102966

     * ci vector   1, <S^2> = -0.0000, E =     -386.67256072
       22222ab.....     0.5493584235
       22222ba.....     0.5493584235
       222222......    -0.4072525931
       2222abba....     0.0856803621
       2222baab....     0.0856803621
       22222..2....     0.0758249086
       222a2bb.a...     0.0683158658
       222b2aa.b...     0.0683158658
       2222.ab2....    -0.0661413854
       2222.ba2....    -0.0661413854
       2b222a2.....    -0.0650119615
       2a222b2.....    -0.0650119615
       2222aabb....    -0.0632296689
       2222bbaa....    -0.0632296689
       2.22222.....     0.0576447846
       222.2ab.2...    -0.0542185620
       222.2ba.2...    -0.0542185620
       - FCI and RDMs                             17.30
    * Integral transformation done. Elapsed time: 0.08

       - jop, kop                                  0.00
       - denom                                     0.02
     guess   0:   closed 111111......         open ............        
     guess   1:   closed 11111.......         open .....11.....        

  === FCI iteration ===

      0  0      -386.63622410     3.74e-04      0.60
      0  1      -386.53034946     3.71e-04      0.00

      1  0      -386.74851432     1.89e-04      0.61
      1  1      -386.63965258     1.92e-04      0.00

      2  0      -386.77106517     9.26e-05      0.61
      2  1      -386.66402313     9.88e-05      0.00

      3  0      -386.77567312     3.97e-05      0.61
      3  1      -386.66988343     5.23e-05      0.00

      4  0      -386.77641892     1.63e-05      0.61
      4  1      -386.67156259     3.04e-05      0.00

      5  0      -386.77653961     7.29e-06      0.61
      5  1      -386.67217866     1.92e-05      0.00

      6  0      -386.77656637     3.69e-06      0.62
      6  1      -386.67240938     1.17e-05      0.00

      7  0      -386.77657333     2.05e-06      0.62
      7  1      -386.67249226     6.93e-06      0.00

      8  0      -386.77657537     1.08e-06      0.62
      8  1      -386.67252652     4.79e-06      0.00

      9  0      -386.77657596     5.89e-07      0.62
      9  1      -386.67254366     3.43e-06      0.00

     10  0      -386.77657614     2.99e-07      0.62
     10  1      -386.67255130     2.14e-06      0.00

     11  0      -386.77657618     1.35e-07      0.62
     11  1      -386.67255413     1.27e-06      0.00

     12  0      -386.77657619     6.34e-08      0.62
     12  1      -386.67255515     7.61e-07      0.00

     13  0      -386.77657619     3.16e-08      0.62
     13  1      -386.67255550     4.36e-07      0.00

     14  0      -386.77657619     1.51e-08      0.63
     14  1      -386.67255560     2.33e-07      0.00

     15  0      -386.77657619     7.35e-09      0.63
     15  1      -386.67255563     1.25e-07      0.00

     16  0      -386.77657619     3.61e-09      0.63
     16  1      -386.67255564     7.15e-08      0.00

     17  0      -386.77657619     1.77e-09      0.63
     17  1      -386.67255564     4.31e-08      0.00

     18  0      -386.77657619     8.73e-10      0.63
     18  1      -386.67255564     2.52e-08      0.00

     19  0      -386.77657619     4.24e-10      0.63
     19  1      -386.67255564     1.40e-08      0.00
    ** throwing out 2 trial vectors **

     20  0      -386.77657619     1.95e-10      0.64
     20  1      -386.67255564     7.31e-09      0.00
    ** throwing out 2 trial vectors **

     21  0 *    -386.77657619     8.53e-11      0.55
     21  1      -386.67255564     3.72e-09      0.00
    ** throwing out 1 trial vectors **

     22  0 *    -386.77657619     6.79e-11      0.34
     22  1      -386.67255564     1.88e-09      0.00
    ** throwing out 1 trial vectors **

     23  0 *    -386.77657619     6.50e-11      0.34
     23  1      -386.67255564     9.62e-10      0.00
    ** throwing out 1 trial vectors **

     24  0 *    -386.77657619     6.46e-11      0.34
     24  1      -386.67255564     5.06e-10      0.00
    ** throwing out 1 trial vectors **

     25  0 *    -386.77657619     6.45e-11      0.34
     25  1      -386.67255564     2.77e-10      0.00
    ** throwing out 1 trial vectors **

     26  0 *    -386.77657619     6.45e-11      0.34
     26  1      -386.67255564     1.52e-10      0.00
    ** throwing out 1 trial vectors **

     27  0 *    -386.77657619     6.45e-11      0.24
     27  1 *    -386.67255564     8.73e-11      0.00

     * ci vector   0, <S^2> = -0.0000, E =     -386.77657619
       222222......    -0.7909497583
       22222ab.....    -0.2972154710
       22222ba.....    -0.2972154710
       22222..2....     0.0779657809
       2222.2.2....     0.0760218151
       222.22..2...     0.0672824984
       222b2aa.b...     0.0578884567
       222a2bb.a...     0.0578884567
       22a2b2.b.a..    -0.0528286388
       22b2a2.a.b..    -0.0528286388
       22.222...2..     0.0526150845
       22.222.2....     0.0521916543

     * ci vector   1, <S^2> = 0.0000, E =     -386.67255564
       22222ab.....    -0.5494019493
       22222ba.....    -0.5494019493
       222222......     0.4071418048
       2222baab....    -0.0857102036
       2222abba....    -0.0857102036
       22222..2....    -0.0758757269
       222b2aa.b...     0.0683108743
       222a2bb.a...     0.0683108743
       2222.ba2....     0.0661464959
       2222.ab2....     0.0661464959
       2b222a2.....    -0.0649221968
       2a222b2.....    -0.0649221968
       2222bbaa....     0.0632530429
       2222aabb....     0.0632530429
       2.22222.....    -0.0575878289
       222.2ab.2...     0.0542091536
       222.2ba.2...     0.0542091536
       - FCI and RDMs                             17.10
    * Integral transformation done. Elapsed time: 0.08

       - jop, kop                                  0.00
       - denom                                     0.02
     guess   0:   closed 111111......         open ............        
     guess   1:   closed 11111.......         open .....11.....        

  === FCI iteration ===

      0  0      -386.63622602     3.74e-04      0.60
      0  1      -386.53034790     3.71e-04      0.00

      1  0      -386.74851650     1.89e-04      0.61
      1  1      -386.63964751     1.92e-04      0.00

      2  0      -386.77106781     9.26e-05      0.62
      2  1      -386.66401914     9.89e-05      0.00

      3  0      -386.77567575     3.97e-05      0.61
      3  1      -386.66988027     5.23e-05      0.00

      4  0      -386.77642147     1.63e-05      0.62
      4  1      -386.67155986     3.04e-05      0.00

      5  0      -386.77654214     7.29e-06      0.61
      5  1      -386.67217603     1.92e-05      0.00

      6  0      -386.77656889     3.69e-06      0.62
      6  1      -386.67240681     1.17e-05      0.00

      7  0      -386.77657585     2.05e-06      0.62
      7  1      -386.67248972     6.94e-06      0.00

      8  0      -386.77657789     1.08e-06      0.62
      8  1      -386.67252400     4.79e-06      0.00

      9  0      -386.77657848     5.89e-07      0.62
      9  1      -386.67254115     3.43e-06      0.00

     10  0      -386.77657866     2.99e-07      0.62
     10  1      -386.67254880     2.14e-06      0.00

     11  0      -386.77657870     1.35e-07      0.62
     11  1      -386.67255163     1.27e-06      0.00

     12  0      -386.77657871     6.34e-08      0.62
     12  1      -386.67255265     7.61e-07      0.00

     13  0      -386.77657871     3.16e-08      0.62
     13  1      -386.67255299     4.36e-07      0.00

     14  0      -386.77657871     1.51e-08      0.63
     14  1      -386.67255309     2.33e-07      0.00

     15  0      -386.77657871     7.35e-09      0.63
     15  1      -386.67255312     1.25e-07      0.00

     16  0      -386.77657871     3.61e-09      0.63
     16  1      -386.67255313     7.15e-08      0.00

     17  0      -386.77657871     1.77e-09      0.63
     17  1      -386.67255313     4.31e-08      0.00

     18  0      -386.77657871     8.73e-10      0.63
     18  1      -386.67255313     2.52e-08      0.00

     19  0      -386.77657871     4.24e-10      0.63
     19  1      -386.67255313     1.40e-08      0.00
    ** throwing out 2 trial vectors **

     20  0      -386.77657871     1.95e-10      0.64
     20  1      -386.67255313     7.31e-09      0.00
    ** throwing out 2 trial vectors **

     21  0 *    -386.77657871     8.53e-11      0.54
     21  1      -386.67255313     3.72e-09      0.00
    ** throwing out 1 trial vectors **

     22  0 *    -386.77657871     6.80e-11      0.34
     22  1      -386.67255313     1.88e-09      0.00
    ** throwing out 1 trial vectors **

     23  0 *    -386.77657871     6.50e-11      0.34
     23  1      -386.67255313     9.62e-10      0.00
    ** throwing out 1 trial vectors **

     24  0 *    -386.77657871     6.46e-11      0.34
     24  1      -386.67255313     5.07e-10      0.00
    ** throwing out 1 trial vectors **

     25  0 *    -386.77657871     6.45e-11      0.34
     25  1      -386.67255313     2.77e-10      0.00
    ** throwing out 1 trial vectors **

     26  0 *    -386.77657871     6.45e-11      0.33
     26  1      -386.67255313     1.52e-10      0.00
    ** throwing out 1 trial vectors **

     27  0 *    -386.77657871     6.45e-11      0.24
     27  1 *    -386.67255313     8.75e-11      0.00

     * ci vector   0, <S^2> = -0.0000, E =     -386.77657871
       222222......     0.7909648048
       22222ba.....     0.2971916157
       22222ab.....     0.2971916157
       22222..2....    -0.0779860068
       2222.2.2....    -0.0760171140
       222.22..2...    -0.0672791099
       222b2aa.b...    -0.0578836420
       222a2bb.a...    -0.0578836420
       22b2a2.a.b..     0.0528288721
       22a2b2.b.a..     0.0528288721
       22.222...2..    -0.0526236352
       22.222.2....    -0.0521840373

     * ci vector   1, <S^2> = -0.0000, E =     -386.67255313
       22222ab.....     0.5494115759
       22222ba.....     0.5494115759
       222222......    -0.4071160765
       2222abba....    -0.0857239214
       2222baab....    -0.0857239214
       22222..2....     0.0758982527
       222a2bb.a...    -0.0683102940
       222b2aa.b...    -0.0683102940
       2222.ab2....    -0.0661510857
       2222.ba2....    -0.0661510857
       2b222a2.....    -0.0648857819
       2a222b2.....    -0.0648857819
       2222aabb....     0.0632647496
       2222bbaa....     0.0632647496
       2.22222.....     0.0575707674
       222.2ab.2...    -0.0542066679
       222.2ba.2...    -0.0542066679
       - FCI and RDMs                             17.09
    * Integral transformation done. Elapsed time: 0.08

       - jop, kop                                  0.00
       - denom                                     0.02
     guess   0:   closed 111111......         open ............        
     guess   1:   closed 11111.......         open .....11.....        

  === FCI iteration ===

      0  0      -386.63622714     3.74e-04      0.60
      0  1      -386.53034718     3.71e-04      0.00

      1  0      -386.74851778     1.89e-04      0.60
      1  1      -386.63964517     1.92e-04      0.00

      2  0      -386.77106920     9.26e-05      0.60
      2  1      -386.66401719     9.89e-05      0.00

      3  0      -386.77567709     3.97e-05      0.61
      3  1      -386.66987870     5.23e-05      0.00

      4  0      -386.77642278     1.63e-05      0.61
      4  1      -386.67155847     3.04e-05      0.00

      5  0      -386.77654342     7.29e-06      0.61
      5  1      -386.67217469     1.92e-05      0.00

      6  0      -386.77657018     3.69e-06      0.61
      6  1      -386.67240549     1.17e-05      0.00

      7  0      -386.77657714     2.05e-06      0.61
      7  1      -386.67248842     6.94e-06      0.00

      8  0      -386.77657918     1.08e-06      0.62
      8  1      -386.67252272     4.79e-06      0.00

      9  0      -386.77657977     5.89e-07      0.62
      9  1      -386.67253987     3.43e-06      0.00

     10  0      -386.77657995     2.99e-07      0.61
     10  1      -386.67254752     2.14e-06      0.00

     11  0      -386.77657999     1.35e-07      0.62
     11  1      -386.67255035     1.27e-06      0.00

     12  0      -386.77658000     6.34e-08      0.62
     12  1      -386.67255136     7.61e-07      0.00

     13  0      -386.77658000     3.16e-08      0.62
     13  1      -386.67255171     4.36e-07      0.00

     14  0      -386.77658000     1.51e-08      0.62
     14  1      -386.67255181     2.33e-07      0.00

     15  0      -386.77658000     7.35e-09      0.62
     15  1      -386.67255184     1.25e-07      0.00

     16  0      -386.77658000     3.61e-09      0.63
     16  1      -386.67255185     7.15e-08      0.00

     17  0      -386.77658000     1.77e-09      0.63
     17  1      -386.67255185     4.31e-08      0.00

     18  0      -386.77658000     8.73e-10      0.63
     18  1      -386.67255185     2.52e-08      0.00

     19  0      -386.77658000     4.24e-10      0.63
     19  1      -386.67255185     1.40e-08      0.00
    ** throwing out 2 trial vectors **

     20  0      -386.77658000     1.95e-10      0.64
     20  1      -386.67255185     7.31e-09      0.00
    ** throwing out 2 trial vectors **

     21  0 *    -386.77658000     8.53e-11      0.54
     21  1      -386.67255185     3.72e-09      0.00
    ** throwing out 1 trial vectors **

     22  0 *    -386.77658000     6.80e-11      0.33
     22  1      -386.67255185     1.88e-09      0.00
    ** throwing out 1 trial vectors **

     23  0 *    -386.77658000     6.50e-11      0.34
     23  1      -386.67255185     9.62e-10      0.00
    ** throwing out 1 trial vectors **

     24  0 *    -386.77658000     6.46e-11      0.34
     24  1      -386.67255185     5.07e-10      0.00
    ** throwing out 1 trial vectors **

     25  0 *    -386.77658000     6.45e-11      0.34
     25  1      -386.67255185     2.77e-10      0.00
    ** throwing out 1 trial vectors **

     26  0 *    -386.77658000     6.45e-11      0.33
     26  1      -386.67255185     1.52e-10      0.00
    ** throwing out 1 trial vectors **

     27  0 *    -386.77658000     6.45e-11      0.24
     27  1 *    -386.67255185     8.75e-11      0.00

     * ci vector   0, <S^2> = -0.0000, E =     -386.77658000
       222222......     0.7909675691
       22222ab.....     0.2971873294
       22222ba.....     0.2971873294
       22222..2....    -0.0779935141
       2222.2.2....    -0.0760166214
       222.22..2...    -0.0672779113
       222a2bb.a...    -0.0578824876
       222b2aa.b...    -0.0578824876
       22b2a2.a.b..     0.0528302468
       22a2b2.b.a..     0.0528302468
       22.222...2..    -0.0526284249
       22.222.2....    -0.0521808286

     * ci vector   1, <S^2> = 0.0000, E =     -386.67255185
       22222ba.....     0.5494126389
       22222ab.....     0.5494126388
       222222......    -0.4071125520
       2222baab....    -0.0857304862
       2222abba....    -0.0857304862
       22222..2....     0.0759081035
       222b2aa.b...    -0.0683106012
       222a2bb.a...    -0.0683106012
       2222.ba2....    -0.0661541586
       2222.ab2....    -0.0661541586
       2a222b2.....     0.0648702780
       2b222a2.....     0.0648702780
       2222bbaa....     0.0632706450
       2222aabb....     0.0632706450
       2.22222.....     0.0575662801
       222.2ba.2...    -0.0542060502
       222.2ab.2...    -0.0542060502
       - FCI and RDMs                             17.00
    * Integral transformation done. Elapsed time: 0.08

       - jop, kop                                  0.00
       - denom                                     0.02
     guess   0:   closed 111111......         open ............        
     guess   1:   closed 11111.......         open .....11.....        

  === FCI iteration ===

      0  0      -386.63622778     3.74e-04      0.60
      0  1      -386.53034686     3.71e-04      0.00

      1  0      -386.74851852     1.89e-04      0.61
      1  1      -386.63964407     1.92e-04      0.00

      2  0      -386.77106993     9.26e-05      0.61
      2  1      -386.66401623     9.89e-05      0.00

      3  0      -386.77567779     3.97e-05      0.61
      3  1      -386.66987790     5.23e-05      0.00

      4  0      -386.77642346     1.63e-05      0.61
      4  1      -386.67155776     3.04e-05      0.00

      5  0      -386.77654409     7.29e-06      0.61
      5  1      -386.67217400     1.92e-05      0.00

      6  0      -386.77657084     3.69e-06      0.62
      6  1      -386.67240481     1.17e-05      0.00

      7  0      -386.77657781     2.05e-06      0.62
      7  1      -386.67248775     6.94e-06      0.00

      8  0      -386.77657985     1.08e-06      0.62
      8  1      -386.67252205     4.79e-06      0.00

      9  0      -386.77658044     5.89e-07      0.61
      9  1      -386.67253920     3.43e-06      0.00

     10  0      -386.77658061     2.99e-07      0.62
     10  1      -386.67254685     2.14e-06      0.00

     11  0      -386.77658066     1.35e-07      0.62
     11  1      -386.67254968     1.27e-06      0.00

     12  0      -386.77658066     6.34e-08      0.62
     12  1      -386.67255070     7.61e-07      0.00

     13  0      -386.77658067     3.16e-08      0.62
     13  1      -386.67255104     4.36e-07      0.00

     14  0      -386.77658067     1.51e-08      0.62
     14  1      -386.67255114     2.33e-07      0.00

     15  0      -386.77658067     7.35e-09      0.63
     15  1      -386.67255117     1.25e-07      0.00

     16  0      -386.77658067     3.61e-09      0.63
     16  1      -386.67255118     7.15e-08      0.00

     17  0      -386.77658067     1.77e-09      0.63
     17  1      -386.67255118     4.31e-08      0.00

     18  0      -386.77658067     8.73e-10      0.62
     18  1      -386.67255118     2.52e-08      0.00

     19  0      -386.77658067     4.24e-10      0.63
     19  1      -386.67255118     1.40e-08      0.00
    ** throwing out 2 trial vectors **

     20  0      -386.77658067     1.95e-10      0.64
     20  1      -386.67255118     7.31e-09      0.00
    ** throwing out 2 trial vectors **

     21  0 *    -386.77658067     8.53e-11      0.54
     21  1      -386.67255118     3.72e-09      0.00
    ** throwing out 1 trial vectors **

     22  0 *    -386.77658067     6.80e-11      0.34
     22  1      -386.67255118     1.88e-09      0.00
    ** throwing out 1 trial vectors **

     23  0 *    -386.77658067     6.50e-11      0.34
     23  1      -386.67255118     9.62e-10      0.00
    ** throwing out 1 trial vectors **

     24  0 *    -386.77658067     6.46e-11      0.34
     24  1      -386.67255118     5.07e-10      0.00
    ** throwing out 1 trial vectors **

     25  0 *    -386.77658067     6.45e-11      0.34
     25  1      -386.67255118     2.78e-10      0.00
    ** throwing out 1 trial vectors **

     26  0 *    -386.77658067     6.45e-11      0.34
     26  1      -386.67255118     1.52e-10      0.00
    ** throwing out 1 trial vectors **

     27  0 *    -386.77658067     6.45e-11      0.24
     27  1 *    -386.67255118     8.75e-11      0.00

     * ci vector   0, <S^2> = 0.0000, E =     -386.77658067
       222222......    -0.7909672422
       22222ba.....    -0.2971879096
       22222ab.....    -0.2971879096
       22222..2....     0.0779962109
       2222.2.2....     0.0760171539
       222.22..2...     0.0672774188
       222b2aa.b...    -0.0578823805
       222a2bb.a...    -0.0578823805
       22a2b2.b.a..     0.0528314752
       22b2a2.a.b..     0.0528314752
       22.222...2..     0.0526310709
       22.222.2....     0.0521794474

     * ci vector   1, <S^2> = -0.0000, E =     -386.67255118
       22222ab.....    -0.5494118813
       22222ba.....    -0.5494118812
       222222......     0.4071140898
       2222abba....     0.0857336999
       2222baab....     0.0857336999
       22222..2....    -0.0759123997
       222a2bb.a...    -0.0683109535
       222b2aa.b...    -0.0683109535
       2222.ab2....     0.0661560236
       2222.ba2....     0.0661560236
       2b222a2.....    -0.0648633849
       2a222b2.....    -0.0648633848
       2222aabb....    -0.0632736394
       2222bbaa....    -0.0632736394
       2.22222.....    -0.0575655095
       222.2ab.2...     0.0542059340
       222.2ba.2...     0.0542059340
       - FCI and RDMs                             17.01
    * Integral transformation done. Elapsed time: 0.08

       - jop, kop                                  0.00
       - denom                                     0.02
     guess   0:   closed 111111......         open ............        
     guess   1:   closed 11111.......         open .....11.....        

  === FCI iteration ===

      0  0      -386.63622815     3.74e-04      0.60
      0  1      -386.53034673     3.71e-04      0.00

      1  0      -386.74851894     1.89e-04      0.60
      1  1      -386.63964355     1.92e-04      0.00

      2  0      -386.77107033     9.26e-05      0.61
      2  1      -386.66401575     9.89e-05      0.00

      3  0      -386.77567816     3.97e-05      0.61
      3  1      -386.66987749     5.23e-05      0.00

      4  0      -386.77642381     1.63e-05      0.61
      4  1      -386.67155738     3.04e-05      0.00

      5  0      -386.77654445     7.29e-06      0.61
      5  1      -386.67217363     1.92e-05      0.00

      6  0      -386.77657120     3.69e-06      0.61
      6  1      -386.67240445     1.17e-05      0.00

      7  0      -386.77657816     2.05e-06      0.61
      7  1      -386.67248740     6.94e-06      0.00

      8  0      -386.77658020     1.08e-06      0.61
      8  1      -386.67252169     4.79e-06      0.00

      9  0      -386.77658079     5.89e-07      0.62
      9  1      -386.67253885     3.43e-06      0.00

     10  0      -386.77658096     2.99e-07      0.61
     10  1      -386.67254650     2.14e-06      0.00

     11  0      -386.77658101     1.35e-07      0.61
     11  1      -386.67254933     1.27e-06      0.00

     12  0      -386.77658102     6.34e-08      0.61
     12  1      -386.67255035     7.61e-07      0.00

     13  0      -386.77658102     3.16e-08      0.62
     13  1      -386.67255069     4.36e-07      0.00

     14  0      -386.77658102     1.51e-08      0.64
     14  1      -386.67255079     2.33e-07      0.00

     15  0      -386.77658102     7.35e-09      0.65
     15  1      -386.67255082     1.25e-07      0.00

     16  0      -386.77658102     3.61e-09      0.65
     16  1      -386.67255083     7.15e-08      0.00

     17  0      -386.77658102     1.77e-09      0.65
     17  1      -386.67255083     4.31e-08      0.00

     18  0      -386.77658102     8.73e-10      0.65
     18  1      -386.67255083     2.52e-08      0.00

     19  0      -386.77658102     4.24e-10      0.65
     19  1      -386.67255083     1.40e-08      0.00
    ** throwing out 2 trial vectors **

     20  0      -386.77658102     1.95e-10      0.66
     20  1      -386.67255083     7.31e-09      0.00
    ** throwing out 2 trial vectors **

     21  0 *    -386.77658102     8.53e-11      0.55
     21  1      -386.67255083     3.72e-09      0.00
    ** throwing out 1 trial vectors **

     22  0 *    -386.77658102     6.80e-11      0.33
     22  1      -386.67255083     1.88e-09      0.00
    ** throwing out 1 trial vectors **

     23  0 *    -386.77658102     6.50e-11      0.33
     23  1      -386.67255083     9.62e-10      0.00
    ** throwing out 1 trial vectors **

     24  0 *    -386.77658102     6.46e-11      0.32
     24  1      -386.67255083     5.07e-10      0.00
    ** throwing out 1 trial vectors **

     25  0 *    -386.77658102     6.45e-11      0.33
     25  1      -386.67255083     2.78e-10      0.00
    ** throwing out 1 trial vectors **

     26  0 *    -386.77658102     6.45e-11      0.33
     26  1      -386.67255083     1.52e-10      0.00
    ** throwing out 1 trial vectors **

     27  0 *    -386.77658102     6.45e-11      0.24
     27  1 *    -386.67255083     8.75e-11      0.00

     * ci vector   0, <S^2> = 0.0000, E =     -386.77658102
       222222......     0.7909664231
       22222ab.....     0.2971892415
       22222ba.....     0.2971892415
       22222..2....    -0.0779971155
       2222.2.2....    -0.0760177612
       222.22..2...    -0.0672771935
       222a2bb.a...     0.0578825115
       222b2aa.b...     0.0578825115
       22a2b2.b.a..    -0.0528323317
       22b2a2.a.b..    -0.0528323317
       22.222...2..    -0.0526325191
       22.222.2....    -0.0521788462

     * ci vector   1, <S^2> = -0.0000, E =     -386.67255083
       22222ba.....     0.5494110248
       22222ab.....     0.5494110248
       222222......    -0.4071161208
       2222baab....    -0.0857352955
       2222abba....    -0.0857352955
       22222..2....     0.0759142755
       222b2aa.b...     0.0683111986
       222a2bb.a...     0.0683111986
       2222.ba2....    -0.0661571051
       2222.ab2....    -0.0661571051
       2a222b2.....    -0.0648602021
       2b222a2.....    -0.0648602021
       2222bbaa....     0.0632751729
       2222aabb....     0.0632751729
       2.22222.....     0.0575656774
       222.2ba.2...    -0.0542059406
       222.2ab.2...    -0.0542059406
       - FCI and RDMs                             17.20
    * Integral transformation done. Elapsed time: 0.08

       - jop, kop                                  0.00
       - denom                                     0.02
     guess   0:   closed 111111......         open ............        
     guess   1:   closed 11111.......         open .....11.....        

  === FCI iteration ===

      0  0      -386.63622836     3.74e-04      0.62
      0  1      -386.53034668     3.71e-04      0.00

      1  0      -386.74851917     1.89e-04      0.63
      1  1      -386.63964331     1.92e-04      0.00

      2  0      -386.77107054     9.26e-05      0.63
      2  1      -386.66401550     9.89e-05      0.00

      3  0      -386.77567836     3.97e-05      0.63
      3  1      -386.66987727     5.23e-05      0.00

      4  0      -386.77642400     1.63e-05      0.62
      4  1      -386.67155719     3.04e-05      0.00

      5  0      -386.77654463     7.29e-06      0.61
      5  1      -386.67217344     1.92e-05      0.00

      6  0      -386.77657138     3.69e-06      0.61
      6  1      -386.67240427     1.17e-05      0.00

      7  0      -386.77657834     2.05e-06      0.62
      7  1      -386.67248721     6.94e-06      0.00

      8  0      -386.77658038     1.08e-06      0.62
      8  1      -386.67252151     4.79e-06      0.00

      9  0      -386.77658097     5.89e-07      0.62
      9  1      -386.67253866     3.43e-06      0.00

     10  0      -386.77658115     2.99e-07      0.62
     10  1      -386.67254631     2.14e-06      0.00

     11  0      -386.77658119     1.35e-07      0.62
     11  1      -386.67254914     1.27e-06      0.00

     12  0      -386.77658120     6.34e-08      0.62
     12  1      -386.67255016     7.61e-07      0.00

     13  0      -386.77658120     3.16e-08      0.62
     13  1      -386.67255050     4.36e-07      0.00

     14  0      -386.77658120     1.51e-08      0.62
     14  1      -386.67255061     2.33e-07      0.00

     15  0      -386.77658120     7.35e-09      0.63
     15  1      -386.67255064     1.25e-07      0.00

     16  0      -386.77658120     3.61e-09      0.63
     16  1      -386.67255064     7.15e-08      0.00

     17  0      -386.77658120     1.77e-09      0.63
     17  1      -386.67255065     4.31e-08      0.00

     18  0      -386.77658120     8.73e-10      0.63
     18  1      -386.67255065     2.52e-08      0.00

     19  0      -386.77658120     4.24e-10      0.63
     19  1      -386.67255065     1.40e-08      0.00
    ** throwing out 2 trial vectors **

     20  0      -386.77658120     1.95e-10      0.64
     20  1      -386.67255065     7.31e-09      0.00
    ** throwing out 2 trial vectors **

     21  0 *    -386.77658120     8.53e-11      0.55
     21  1      -386.67255065     3.72e-09      0.00
    ** throwing out 1 trial vectors **

     22  0 *    -386.77658120     6.80e-11      0.33
     22  1      -386.67255065     1.88e-09      0.00
    ** throwing out 1 trial vectors **

     23  0 *    -386.77658120     6.50e-11      0.33
     23  1      -386.67255065     9.62e-10      0.00
    ** throwing out 1 trial vectors **

     24  0 *    -386.77658120     6.46e-11      0.34
     24  1      -386.67255065     5.07e-10      0.00
    ** throwing out 1 trial vectors **

     25  0 *    -386.77658120     6.45e-11      0.34
     25  1      -386.67255065     2.78e-10      0.00
    ** throwing out 1 trial vectors **

     26  0 *    -386.77658120     6.45e-11      0.34
     26  1      -386.67255065     1.52e-10      0.00
    ** throwing out 1 trial vectors **

     27  0 *    -386.77658120     6.45e-11      0.24
     27  1 *    -386.67255065     8.76e-11      0.00

     * ci vector   0, <S^2> = -0.0000, E =     -386.77658120
       222222......     0.7909657481
       22222ba.....     0.2971903297
       22222ab.....     0.2971903297
       22222..2....    -0.0779973757
       2222.2.2....    -0.0760182195
       222.22..2...    -0.0672770833
       222b2aa.b...    -0.0578826528
       222a2bb.a...    -0.0578826528
       22b2a2.a.b..     0.0528328719
       22a2b2.b.a..     0.0528328719
       22.222...2..    -0.0526333064
       22.222.2....    -0.0521785835

     * ci vector   1, <S^2> = 0.0000, E =     -386.67255065
       22222ab.....     0.5494104083
       22222ba.....     0.5494104083
       222222......    -0.4071176503
       2222abba....     0.0857360956
       2222baab....     0.0857360956
       22222..2....     0.0759150962
       222a2bb.a...    -0.0683113461
       222b2aa.b...    -0.0683113461
       2222.ab2....    -0.0661577168
       2222.ba2....    -0.0661577168
       2b222a2.....     0.0648586848
       2a222b2.....     0.0648586848
       2222aabb....    -0.0632759644
       2222bbaa....    -0.0632759644
       2.22222.....     0.0575659760
       222.2ab.2...    -0.0542059674
       222.2ba.2...    -0.0542059674
       - FCI and RDMs                             17.15
    * Integral transformation done. Elapsed time: 0.08

       - jop, kop                                  0.00
       - denom                                     0.02
     guess   0:   closed 111111......         open ............        
     guess   1:   closed 11111.......         open .....11.....        

  === FCI iteration ===

      0  0      -386.63622847     3.74e-04      0.60
      0  1      -386.53034667     3.71e-04      0.00

      1  0      -386.74851930     1.89e-04      0.61
      1  1      -386.63964319     1.92e-04      0.00

      2  0      -386.77107065     9.26e-05      0.61
      2  1      -386.66401538     9.89e-05      0.00

      3  0      -386.77567846     3.97e-05      0.61
      3  1      -386.66987716     5.23e-05      0.00

      4  0      -386.77642410     1.63e-05      0.61
      4  1      -386.67155708     3.04e-05      0.00

      5  0      -386.77654473     7.29e-06      0.61
      5  1      -386.67217334     1.92e-05      0.00

      6  0      -386.77657148     3.69e-06      0.61
      6  1      -386.67240417     1.17e-05      0.00

      7  0      -386.77657844     2.05e-06      0.61
      7  1      -386.67248711     6.94e-06      0.00

      8  0      -386.77658048     1.08e-06      0.62
      8  1      -386.67252141     4.79e-06      0.00

      9  0      -386.77658107     5.89e-07      0.62
      9  1      -386.67253856     3.43e-06      0.00

     10  0      -386.77658125     2.99e-07      0.62
     10  1      -386.67254621     2.14e-06      0.00

     11  0      -386.77658129     1.35e-07      0.62
     11  1      -386.67254904     1.27e-06      0.00

     12  0      -386.77658130     6.34e-08      0.62
     12  1      -386.67255006     7.61e-07      0.00

     13  0      -386.77658130     3.16e-08      0.62
     13  1      -386.67255041     4.36e-07      0.00

     14  0      -386.77658130     1.51e-08      0.63
     14  1      -386.67255051     2.33e-07      0.00

     15  0      -386.77658130     7.35e-09      0.62
     15  1      -386.67255054     1.25e-07      0.00

     16  0      -386.77658130     3.61e-09      0.63
     16  1      -386.67255055     7.15e-08      0.00

     17  0      -386.77658130     1.77e-09      0.63
     17  1      -386.67255055     4.31e-08      0.00

     18  0      -386.77658130     8.73e-10      0.63
     18  1      -386.67255055     2.52e-08      0.00

     19  0      -386.77658130     4.24e-10      0.64
     19  1      -386.67255055     1.40e-08      0.00
    ** throwing out 2 trial vectors **

     20  0      -386.77658130     1.95e-10      0.64
     20  1      -386.67255055     7.31e-09      0.00
    ** throwing out 2 trial vectors **

     21  0 *    -386.77658130     8.53e-11      0.54
     21  1      -386.67255055     3.72e-09      0.00
    ** throwing out 1 trial vectors **

     22  0 *    -386.77658130     6.80e-11      0.34
     22  1      -386.67255055     1.88e-09      0.00
    ** throwing out 1 trial vectors **

     23  0 *    -386.77658130     6.50e-11      0.33
     23  1      -386.67255055     9.62e-10      0.00
    ** throwing out 1 trial vectors **

     24  0 *    -386.77658130     6.46e-11      0.34
     24  1      -386.67255055     5.07e-10      0.00
    ** throwing out 1 trial vectors **

     25  0 *    -386.77658130     6.45e-11      0.34
     25  1      -386.67255055     2.78e-10      0.00
    ** throwing out 1 trial vectors **

     26  0 *    -386.77658130     6.45e-11      0.34
     26  1      -386.67255055     1.52e-10      0.00
    ** throwing out 1 trial vectors **

     27  0 *    -386.77658130     6.45e-11      0.24
     27  1 *    -386.67255055     8.76e-11      0.00

     * ci vector   0, <S^2> = 0.0000, E =     -386.77658130
       222222......     0.7909652981
       22222ab.....     0.2971910534
       22222ba.....     0.2971910534
       22222..2....    -0.0779974203
       2222.2.2....    -0.0760185208
       222.22..2...    -0.0672770271
       222b2aa.b...     0.0578827558
       222a2bb.a...     0.0578827558
       22b2a2.a.b..     0.0528331952
       22a2b2.b.a..     0.0528331952
       22.222...2..    -0.0526337324
       22.222.2....    -0.0521784688

     * ci vector   1, <S^2> = -0.0000, E =     -386.67255055
       22222ab.....     0.5494100216
       22222ba.....     0.5494100216
       222222......    -0.4071186355
       2222abba....     0.0857365002
       2222baab....     0.0857365002
       22222..2....     0.0759154559
       222a2bb.a...     0.0683114289
       222b2aa.b...     0.0683114289
       2222.ab2....    -0.0661580575
       2222.ba2....    -0.0661580575
       2b222a2.....     0.0648579425
       2a222b2.....     0.0648579425
       2222aabb....    -0.0632763756
       2222bbaa....    -0.0632763756
       2.22222.....     0.0575662116
       222.2ab.2...    -0.0542059897
       222.2ba.2...    -0.0542059897
       - FCI and RDMs                             17.06
    * Integral transformation done. Elapsed time: 0.08

       - jop, kop                                  0.00
       - denom                                     0.02
     guess   0:   closed 111111......         open ............        
     guess   1:   closed 11111.......         open .....11.....        

  === FCI iteration ===

      0  0      -386.63622853     3.74e-04      0.60
      0  1      -386.53034667     3.71e-04      0.00

      1  0      -386.74851937     1.89e-04      0.60
      1  1      -386.63964313     1.92e-04      0.00

      2  0      -386.77107071     9.26e-05      0.61
      2  1      -386.66401531     9.89e-05      0.00

      3  0      -386.77567852     3.97e-05      0.61
      3  1      -386.66987710     5.23e-05      0.00

      4  0      -386.77642415     1.63e-05      0.61
      4  1      -386.67155703     3.04e-05      0.00

      5  0      -386.77654478     7.29e-06      0.61
      5  1      -386.67217329     1.92e-05      0.00

      6  0      -386.77657153     3.69e-06      0.61
      6  1      -386.67240411     1.17e-05      0.00

      7  0      -386.77657849     2.05e-06      0.61
      7  1      -386.67248706     6.94e-06      0.00

      8  0      -386.77658053     1.08e-06      0.61
      8  1      -386.67252136     4.79e-06      0.00

      9  0      -386.77658112     5.89e-07      0.62
      9  1      -386.67253851     3.43e-06      0.00

     10  0      -386.77658130     2.99e-07      0.62
     10  1      -386.67254616     2.14e-06      0.00

     11  0      -386.77658134     1.35e-07      0.62
     11  1      -386.67254899     1.27e-06      0.00

     12  0      -386.77658135     6.34e-08      0.62
     12  1      -386.67255001     7.61e-07      0.00

     13  0      -386.77658135     3.16e-08      0.62
     13  1      -386.67255035     4.36e-07      0.00

     14  0      -386.77658135     1.51e-08      0.63
     14  1      -386.67255046     2.33e-07      0.00

     15  0      -386.77658135     7.35e-09      0.63
     15  1      -386.67255049     1.25e-07      0.00

     16  0      -386.77658135     3.61e-09      0.63
     16  1      -386.67255049     7.15e-08      0.00

     17  0      -386.77658135     1.77e-09      0.63
     17  1      -386.67255050     4.31e-08      0.00

     18  0      -386.77658135     8.73e-10      0.63
     18  1      -386.67255050     2.52e-08      0.00

     19  0      -386.77658135     4.24e-10      0.63
     19  1      -386.67255050     1.40e-08      0.00
    ** throwing out 2 trial vectors **

     20  0      -386.77658135     1.95e-10      0.63
     20  1      -386.67255050     7.31e-09      0.00
    ** throwing out 2 trial vectors **

     21  0 *    -386.77658135     8.53e-11      0.54
     21  1      -386.67255050     3.72e-09      0.00
    ** throwing out 1 trial vectors **

     22  0 *    -386.77658135     6.80e-11      0.34
     22  1      -386.67255050     1.88e-09      0.00
    ** throwing out 1 trial vectors **

     23  0 *    -386.77658135     6.50e-11      0.34
     23  1      -386.67255050     9.62e-10      0.00
    ** throwing out 1 trial vectors **

     24  0 *    -386.77658135     6.46e-11      0.33
     24  1      -386.67255050     5.07e-10      0.00
    ** throwing out 1 trial vectors **

     25  0 *    -386.77658135     6.45e-11      0.33
     25  1      -386.67255050     2.78e-10      0.00
    ** throwing out 1 trial vectors **

     26  0 *    -386.77658135     6.45e-11      0.33
     26  1      -386.67255050     1.52e-10      0.00
    ** throwing out 1 trial vectors **

     27  0 *    -386.77658135     6.45e-11      0.24
     27  1 *    -386.67255050     8.76e-11      0.00

     * ci vector   0, <S^2> = -0.0000, E =     -386.77658135
       222222......    -0.7909650242
       22222ba.....    -0.2971914941
       22222ab.....    -0.2971914941
       22222..2....     0.0779974037
       2222.2.2....     0.0760187059
       222.22..2...     0.0672769978
       222b2aa.b...     0.0578828216
       222a2bb.a...     0.0578828216
       22b2a2.a.b..     0.0528333827
       22a2b2.b.a..     0.0528333827
       22.222...2..     0.0526339622
       22.222.2....     0.0521784189

     * ci vector   1, <S^2> = 0.0000, E =     -386.67255050
       22222ab.....    -0.5494097943
       22222ba.....    -0.5494097942
       222222......     0.4071192260
       2222abba....    -0.0857367060
       2222baab....    -0.0857367060
       22222..2....    -0.0759156135
       222a2bb.a...     0.0683114740
       222b2aa.b...     0.0683114740
       2222.ab2....     0.0661582453
       2222.ba2....     0.0661582453
       2b222a2.....     0.0648575720
       2a222b2.....     0.0648575720
       2222aabb....     0.0632765904
       2222bbaa....     0.0632765904
       2.22222.....    -0.0575663653
       222.2ab.2...     0.0542060045
       222.2ba.2...     0.0542060045
       - FCI and RDMs                             17.01
    * Integral transformation done. Elapsed time: 0.08

       - jop, kop                                  0.00
       - denom                                     0.02
     guess   0:   closed 111111......         open ............        
     guess   1:   closed 11111.......         open .....11.....        

  === FCI iteration ===

      0  0      -386.63622857     3.74e-04      0.60
      0  1      -386.53034667     3.71e-04      0.00

      1  0      -386.74851941     1.89e-04      0.60
      1  1      -386.63964311     1.92e-04      0.00

      2  0      -386.77107075     9.26e-05      0.61
      2  1      -386.66401528     9.89e-05      0.00

      3  0      -386.77567855     3.97e-05      0.61
      3  1      -386.66987707     5.23e-05      0.00

      4  0      -386.77642418     1.63e-05      0.61
      4  1      -386.67155700     3.04e-05      0.00

      5  0      -386.77654481     7.29e-06      0.61
      5  1      -386.67217326     1.92e-05      0.00

      6  0      -386.77657156     3.69e-06      0.61
      6  1      -386.67240408     1.17e-05      0.00

      7  0      -386.77657852     2.05e-06      0.61
      7  1      -386.67248703     6.94e-06      0.00

      8  0      -386.77658056     1.08e-06      0.62
      8  1      -386.67252133     4.79e-06      0.00

      9  0      -386.77658115     5.89e-07      0.62
      9  1      -386.67253848     3.43e-06      0.00

     10  0      -386.77658133     2.99e-07      0.61
     10  1      -386.67254613     2.14e-06      0.00

     11  0      -386.77658137     1.35e-07      0.62
     11  1      -386.67254896     1.27e-06      0.00

     12  0      -386.77658138     6.34e-08      0.62
     12  1      -386.67254998     7.61e-07      0.00

     13  0      -386.77658138     3.16e-08      0.62
     13  1      -386.67255033     4.36e-07      0.00

     14  0      -386.77658138     1.51e-08      0.62
     14  1      -386.67255043     2.33e-07      0.00

     15  0      -386.77658138     7.35e-09      0.62
     15  1      -386.67255046     1.25e-07      0.00

     16  0      -386.77658138     3.61e-09      0.62
     16  1      -386.67255047     7.15e-08      0.00

     17  0      -386.77658138     1.77e-09      0.63
     17  1      -386.67255047     4.31e-08      0.00

     18  0      -386.77658138     8.73e-10      0.63
     18  1      -386.67255047     2.52e-08      0.00

     19  0      -386.77658138     4.24e-10      0.63
     19  1      -386.67255047     1.40e-08      0.00
    ** throwing out 2 trial vectors **

     20  0      -386.77658138     1.95e-10      0.64
     20  1      -386.67255047     7.31e-09      0.00
    ** throwing out 2 trial vectors **

     21  0 *    -386.77658138     8.53e-11      0.54
     21  1      -386.67255047     3.72e-09      0.00
    ** throwing out 1 trial vectors **

     22  0 *    -386.77658138     6.80e-11      0.34
     22  1      -386.67255047     1.88e-09      0.00
    ** throwing out 1 trial vectors **

     23  0 *    -386.77658138     6.50e-11      0.34
     23  1      -386.67255047     9.62e-10      0.00
    ** throwing out 1 trial vectors **

     24  0 *    -386.77658138     6.46e-11      0.33
     24  1      -386.67255047     5.07e-10      0.00
    ** throwing out 1 trial vectors **

     25  0 *    -386.77658138     6.45e-11      0.33
     25  1      -386.67255047     2.78e-10      0.00
    ** throwing out 1 trial vectors **

     26  0 *    -386.77658138     6.45e-11      0.33
     26  1      -386.67255047     1.52e-10      0.00
    ** throwing out 1 trial vectors **

     27  0 *    -386.77658138     6.45e-11      0.24
     27  1 *    -386.67255047     8.76e-11      0.00

     * ci vector   0, <S^2> = -0.0000, E =     -386.77658138
       222222......    -0.7909648635
       22222ab.....    -0.2971917523
       22222ba.....    -0.2971917523
       22222..2....     0.0779973772
       2222.2.2....     0.0760188151
       222.22..2...     0.0672769822
       222a2bb.a...     0.0578828613
       222b2aa.b...     0.0578828613
       22b2a2.a.b..    -0.0528334891
       22a2b2.b.a..    -0.0528334891
       22.222...2..     0.0526340857
       22.222.2....     0.0521783975

     * ci vector   1, <S^2> = 0.0000, E =     -386.67255047
       22222ab.....    -0.5494096645
       22222ba.....    -0.5494096645
       222222......     0.4071195684
       2222abba....     0.0857368116
       2222baab....     0.0857368116
       22222..2....    -0.0759156826
       222a2bb.a...     0.0683114979
       222b2aa.b...     0.0683114979
       2222.ab2....     0.0661583480
       2222.ba2....     0.0661583480
       2b222a2.....     0.0648573838
       2a222b2.....     0.0648573838
       2222aabb....    -0.0632767031
       2222bbaa....    -0.0632767031
       2.22222.....    -0.0575664577
       222.2ab.2...     0.0542060134
       222.2ba.2...     0.0542060134
       - FCI and RDMs                             16.96
