    * Using parallel algorithm in FCI.
    * Parallel algorithm will be used.
  ---------------------------
        FCI calculation      
  ---------------------------

 Constructing space of all determinants that can formed by removing 1 electron from 6 alpha and 6 beta electrons.

 Space is made up of 4 determinants.
  o forming links
    * Integral transformation done. Elapsed time: 0.09

       - jop, kop                                  0.00
       - denom                                     0.02
     guess   0:   closed 111111......         open ............        
     guess   1:   closed 11111.......         open .....11.....        

  === FCI iteration ===

      0  0      -386.62604722     3.83e-04      0.61
      0  1      -386.39662371     4.06e-04      0.00

      1  0      -386.73628145     1.81e-04      0.61
      1  1      -386.52861464     2.46e-04      0.00

      2  0      -386.75452155     8.00e-05      0.61
      2  1      -386.56950645     1.32e-04      0.00

      3  0      -386.75764297     3.38e-05      0.61
      3  1      -386.57984399     6.88e-05      0.00

      4  0      -386.75816378     1.37e-05      0.61
      4  1      -386.58260135     3.83e-05      0.00

      5  0      -386.75824361     5.51e-06      0.61
      5  1      -386.58344082     2.11e-05      0.00

      6  0      -386.75825589     2.19e-06      0.61
      6  1      -386.58368352     1.16e-05      0.00

      7  0      -386.75825784     8.81e-07      0.61
      7  1      -386.58376021     6.95e-06      0.00

      8  0      -386.75825818     3.87e-07      0.62
      8  1      -386.58379668     5.37e-06      0.00

      9  0      -386.75825824     1.58e-07      0.61
      9  1      -386.58381686     3.64e-06      0.00

     10  0      -386.75825825     5.95e-08      0.62
     10  1      -386.58382349     1.80e-06      0.00

     11  0      -386.75825825     2.06e-08      0.62
     11  1      -386.58382494     7.75e-07      0.00

     12  0      -386.75825825     7.42e-09      0.62
     12  1      -386.58382521     3.50e-07      0.00

     13  0      -386.75825825     2.95e-09      0.63
     13  1      -386.58382527     1.81e-07      0.00

     14  0      -386.75825825     1.22e-09      0.62
     14  1      -386.58382529     9.02e-08      0.00

     15  0      -386.75825825     4.77e-10      0.63
     15  1      -386.58382529     4.36e-08      0.00

     16  0      -386.75825825     1.85e-10      0.63
     16  1      -386.58382529     2.17e-08      0.00

     17  0 *    -386.75825825     7.39e-11      0.53
     17  1      -386.58382529     1.18e-08      0.00

     18  0 *    -386.75825825     6.53e-11      0.33
     18  1      -386.58382529     6.60e-09      0.00

     19  0 *    -386.75825825     6.41e-11      0.33
     19  1      -386.58382529     3.59e-09      0.00

     20  0 *    -386.75825825     6.41e-11      0.33
     20  1      -386.58382529     1.80e-09      0.00

     21  0 *    -386.75825825     6.41e-11      0.33
     21  1      -386.58382529     8.41e-10      0.00
    ** throwing out 1 trial vectors **

     22  0 *    -386.75825825     6.39e-11      0.33
     22  1      -386.58382529     3.84e-10      0.00
    ** throwing out 1 trial vectors **

     23  0 *    -386.75825825     6.34e-11      0.34
     23  1      -386.58382529     1.76e-10      0.00
    ** throwing out 1 trial vectors **

     24  0 *    -386.75825825     6.33e-11      0.24
     24  1 *    -386.58382529     8.32e-11      0.00

     * ci vector   0, <S^2> = -0.0000, E =     -386.75825825
       222222......     0.9076732215
       222.22..2...    -0.1882702697
       2222.22.....    -0.1252379618
       22222..2....    -0.1154717506
       2.2222....2.    -0.0834711942
       22222ab.....    -0.0689753587
       22222ba.....    -0.0689753587
       2222bbaa....     0.0683613037
       2222aabb....     0.0683613037
       2222baba....     0.0661447848
       2222abab....     0.0661447848
       22222.2.....    -0.0627861880
       .22222.....2    -0.0625763100

     * ci vector   1, <S^2> = -0.0000, E =     -386.58382529
       22222ab.....    -0.5657427213
       22222ba.....    -0.5657427213
       2222b2.a....    -0.2362535758
       2222a2.b....    -0.2362535758
       222.2ab.2...     0.1169302287
       222.2ba.2...     0.1169302287
       222222......    -0.1072367189
       22a2b22.....     0.0923968248
       22b2a22.....     0.0923968248
       22222..a.b..     0.0805341582
       22222..b.a..     0.0805341582
       2222abb..a..     0.0655195301
       2222baa..b..     0.0655195301
       2222ab2.....     0.0611423753
       2222ba2.....     0.0611423753
       22a22b2.....    -0.0589605730
       22b22a2.....    -0.0589605730
       22a2b2ba....     0.0584653690
       22b2a2ab....     0.0584653690
       22222.a..b..     0.0571933387
       22222.b..a..     0.0571933387
       22b22aab....     0.0567031307
       22a22bba....     0.0567031307
       2222.2b..a..    -0.0560402352
       2222.2a..b..    -0.0560402352
       22b22a.2....     0.0540980509
       22a22b.2....     0.0540980509
       2.222ab...2.     0.0518287946
       2.222ba...2.     0.0518287946
       - FCI and RDMs                             14.83
    * Integral transformation done. Elapsed time: 0.08

       - jop, kop                                  0.00
       - denom                                     0.02
     guess   0:   closed 111111......         open ............        
     guess   1:   closed 11111.......         open .....11.....        

  === FCI iteration ===

      0  0      -386.68980769     3.84e-04      0.60
      0  1      -386.45999587     4.07e-04      0.00

      1  0      -386.80019483     1.81e-04      0.62
      1  1      -386.59226007     2.45e-04      0.00

      2  0      -386.81845416     7.99e-05      0.60
      2  1      -386.63301888     1.31e-04      0.00

      3  0      -386.82156314     3.37e-05      0.61
      3  1      -386.64330619     6.84e-05      0.00

      4  0      -386.82207821     1.36e-05      0.61
      4  1      -386.64603071     3.79e-05      0.00

      5  0      -386.82215708     5.50e-06      0.61
      5  1      -386.64685262     2.07e-05      0.00

      6  0      -386.82216934     2.19e-06      0.61
      6  1      -386.64708753     1.13e-05      0.00

      7  0      -386.82217128     8.72e-07      0.61
      7  1      -386.64715960     6.66e-06      0.00

      8  0      -386.82217161     3.79e-07      0.61
      8  1      -386.64719271     5.09e-06      0.00

      9  0      -386.82217167     1.55e-07      0.62
      9  1      -386.64721100     3.49e-06      0.00

     10  0      -386.82217168     5.87e-08      0.62
     10  1      -386.64721718     1.76e-06      0.00

     11  0      -386.82217168     2.04e-08      0.62
     11  1      -386.64721857     7.72e-07      0.00

     12  0      -386.82217168     7.34e-09      0.63
     12  1      -386.64721884     3.54e-07      0.00

     13  0      -386.82217168     2.91e-09      0.63
     13  1      -386.64721891     1.86e-07      0.00

     14  0      -386.82217168     1.19e-09      0.62
     14  1      -386.64721893     9.39e-08      0.00

     15  0      -386.82217168     4.65e-10      0.63
     15  1      -386.64721893     4.53e-08      0.00

     16  0      -386.82217168     1.82e-10      0.62
     16  1      -386.64721893     2.27e-08      0.00

     17  0 *    -386.82217168     7.38e-11      0.53
     17  1      -386.64721893     1.26e-08      0.00

     18  0 *    -386.82217168     6.46e-11      0.33
     18  1      -386.64721893     7.05e-09      0.00

     19  0 *    -386.82217168     6.36e-11      0.33
     19  1      -386.64721893     3.69e-09      0.00

     20  0 *    -386.82217168     6.36e-11      0.33
     20  1      -386.64721893     1.77e-09      0.00

     21  0 *    -386.82217168     6.35e-11      0.33
     21  1      -386.64721893     8.03e-10      0.00
    ** throwing out 1 trial vectors **

     22  0 *    -386.82217168     6.34e-11      0.33
     22  1      -386.64721893     3.58e-10      0.00
    ** throwing out 1 trial vectors **

     23  0 *    -386.82217168     6.30e-11      0.33
     23  1      -386.64721893     1.61e-10      0.00
    ** throwing out 1 trial vectors **

     24  0 *    -386.82217168     6.29e-11      0.24
     24  1 *    -386.64721893     7.65e-11      0.00

     * ci vector   0, <S^2> = -0.0000, E =     -386.82217168
       222222......     0.9078089066
       222.22..2...    -0.1879941060
       2222.22.....    -0.1251546180
       22222..2....    -0.1157115017
       2.2222....2.    -0.0842674264
       22222ba.....     0.0687368109
       22222ab.....     0.0687368109
       2222bbaa....    -0.0684106912
       2222aabb....    -0.0684106912
       2222baba....    -0.0661271512
       2222abab....    -0.0661271512
       .22222.....2    -0.0633256003
       22222.2.....    -0.0631139557

     * ci vector   1, <S^2> = 0.0000, E =     -386.64721893
       22222ba.....    -0.5661630422
       22222ab.....    -0.5661630422
       2222a2.b....     0.2349446358
       2222b2.a....     0.2349446358
       222.2ba.2...     0.1168392591
       222.2ab.2...     0.1168392591
       222222......     0.1076519216
       22b2a22.....     0.0926203306
       22a2b22.....     0.0926203306
       22222..b.a..     0.0804044934
       22222..a.b..     0.0804044934
       2222baa..b..    -0.0658465289
       2222abb..a..    -0.0658465289
       2222ba2.....    -0.0611223587
       2222ab2.....    -0.0611223587
       22b22a2.....    -0.0583490404
       22a22b2.....    -0.0583490404
       22b2a2ab....    -0.0577944364
       22a2b2ba....    -0.0577944364
       22222.b..a..    -0.0566836892
       22222.a..b..    -0.0566836892
       22a22bba....    -0.0560170274
       22b22aab....    -0.0560170274
       2222.2a..b..     0.0553475714
       2222.2b..a..     0.0553475714
       22a22b.2....     0.0543194387
       22b22a.2....     0.0543194387
       2.222ba...2.     0.0523124715
       2.222ab...2.     0.0523124715
       - FCI and RDMs                             14.74
    * Integral transformation done. Elapsed time: 0.08

       - jop, kop                                  0.00
       - denom                                     0.02
     guess   0:   closed 111111......         open ............        
     guess   1:   closed 11111.......         open .....11.....        

  === FCI iteration ===

      0  0      -386.68978800     3.84e-04      0.62
      0  1      -386.45961499     4.07e-04      0.00

      1  0      -386.80030414     1.81e-04      0.62
      1  1      -386.59215072     2.46e-04      0.00

      2  0      -386.81860803     8.01e-05      0.62
      2  1      -386.63316789     1.32e-04      0.00

      3  0      -386.82172522     3.37e-05      0.63
      3  1      -386.64350864     6.86e-05      0.00

      4  0      -386.82224049     1.36e-05      0.63
      4  1      -386.64624203     3.80e-05      0.00

      5  0      -386.82231903     5.47e-06      0.63
      5  1      -386.64706470     2.08e-05      0.00

      6  0      -386.82233112     2.17e-06      0.63
      6  1      -386.64729971     1.13e-05      0.00

      7  0      -386.82233303     8.66e-07      0.64
      7  1      -386.64737187     6.69e-06      0.00

      8  0      -386.82233335     3.77e-07      0.61
      8  1      -386.64740504     5.10e-06      0.00

      9  0      -386.82233341     1.54e-07      0.61
      9  1      -386.64742340     3.51e-06      0.00

     10  0      -386.82233342     5.82e-08      0.61
     10  1      -386.64742966     1.76e-06      0.00

     11  0      -386.82233342     2.02e-08      0.62
     11  1      -386.64743106     7.70e-07      0.00

     12  0      -386.82233342     7.21e-09      0.62
     12  1      -386.64743133     3.52e-07      0.00

     13  0      -386.82233342     2.85e-09      0.62
     13  1      -386.64743140     1.86e-07      0.00

     14  0      -386.82233342     1.16e-09      0.62
     14  1      -386.64743142     9.43e-08      0.00

     15  0      -386.82233342     4.53e-10      0.62
     15  1      -386.64743142     4.62e-08      0.00

     16  0      -386.82233342     1.78e-10      0.62
     16  1      -386.64743142     2.37e-08      0.00

     17  0 *    -386.82233342     7.25e-11      0.53
     17  1      -386.64743142     1.35e-08      0.00

     18  0 *    -386.82233342     6.40e-11      0.33
     18  1      -386.64743142     7.51e-09      0.00

     19  0 *    -386.82233342     6.29e-11      0.34
     19  1      -386.64743142     3.85e-09      0.00

     20  0 *    -386.82233342     6.29e-11      0.33
     20  1      -386.64743142     1.82e-09      0.00

     21  0 *    -386.82233342     6.29e-11      0.33
     21  1      -386.64743142     8.18e-10      0.00
    ** throwing out 1 trial vectors **

     22  0 *    -386.82233342     6.28e-11      0.33
     22  1      -386.64743142     3.62e-10      0.00
    ** throwing out 1 trial vectors **

     23  0 *    -386.82233342     6.25e-11      0.33
     23  1      -386.64743142     1.62e-10      0.00
    ** throwing out 1 trial vectors **

     24  0 *    -386.82233342     6.24e-11      0.24
     24  1 *    -386.64743142     7.69e-11      0.00

     * ci vector   0, <S^2> = -0.0000, E =     -386.82233342
       222222......    -0.9077506681
       222.22..2...     0.1875774207
       2222.22.....     0.1254410248
       22222..2....     0.1157499299
       2.2222....2.     0.0843625071
       22222ab.....     0.0692724351
       22222ba.....     0.0692724351
       2222aabb....    -0.0685108945
       2222bbaa....    -0.0685108945
       2222abab....    -0.0664298085
       2222baba....    -0.0664298085
       .22222.....2     0.0633733646
       22222.2.....     0.0630039202

     * ci vector   1, <S^2> = 0.0000, E =     -386.64743142
       22222ab.....    -0.5657674674
       22222ba.....    -0.5657674674
       2222b2.a....    -0.2357042565
       2222a2.b....    -0.2357042565
       222.2ab.2...     0.1165223561
       222.2ba.2...     0.1165223561
       222222......    -0.1081186847
       22a2b22.....     0.0929155897
       22b2a22.....     0.0929155897
       22222..a.b..     0.0801961796
       22222..b.a..     0.0801961796
       2222abb..a..     0.0651747170
       2222baa..b..     0.0651747170
       2222ab2.....    -0.0617128020
       2222ba2.....    -0.0617128020
       22a22b2.....     0.0585106594
       22b22a2.....     0.0585106594
       22a2b2ba....    -0.0577433317
       22b2a2ab....    -0.0577433317
       22222.a..b..    -0.0569404719
       22222.b..a..    -0.0569404719
       22b22aab....     0.0566398696
       22a22bba....     0.0566398696
       2222.2b..a..     0.0559119628
       2222.2a..b..     0.0559119628
       22b22a.2....    -0.0542176379
       22a22b.2....    -0.0542176379
       2.222ab...2.     0.0523320137
       2.222ba...2.     0.0523320137
       - FCI and RDMs                             14.93
    * Integral transformation done. Elapsed time: 0.08

       - jop, kop                                  0.00
       - denom                                     0.02
     guess   0:   closed 111111......         open ............        
     guess   1:   closed 11111.......         open .....11.....        

  === FCI iteration ===

      0  0      -386.68971487     3.84e-04      0.60
      0  1      -386.45939728     4.07e-04      0.00

      1  0      -386.80028378     1.81e-04      0.60
      1  1      -386.59200913     2.46e-04      0.00

      2  0      -386.81861270     8.02e-05      0.60
      2  1      -386.63313069     1.32e-04      0.00

      3  0      -386.82173389     3.37e-05      0.60
      3  1      -386.64349727     6.87e-05      0.00

      4  0      -386.82224912     1.36e-05      0.60
      4  1      -386.64623547     3.80e-05      0.00

      5  0      -386.82232762     5.46e-06      0.60
      5  1      -386.64705920     2.08e-05      0.00

      6  0      -386.82233970     2.17e-06      0.61
      6  1      -386.64729449     1.14e-05      0.00

      7  0      -386.82234160     8.66e-07      0.61
      7  1      -386.64736672     6.70e-06      0.00

      8  0      -386.82234193     3.77e-07      0.61
      8  1      -386.64739988     5.09e-06      0.00

      9  0      -386.82234199     1.54e-07      0.61
      9  1      -386.64741825     3.51e-06      0.00

     10  0      -386.82234200     5.82e-08      0.61
     10  1      -386.64742455     1.77e-06      0.00

     11  0      -386.82234200     2.02e-08      0.62
     11  1      -386.64742596     7.73e-07      0.00

     12  0      -386.82234200     7.21e-09      0.62
     12  1      -386.64742624     3.53e-07      0.00

     13  0      -386.82234200     2.84e-09      0.62
     13  1      -386.64742631     1.86e-07      0.00

     14  0      -386.82234200     1.16e-09      0.62
     14  1      -386.64742632     9.44e-08      0.00

     15  0      -386.82234200     4.51e-10      0.62
     15  1      -386.64742633     4.62e-08      0.00

     16  0      -386.82234200     1.77e-10      0.62
     16  1      -386.64742633     2.39e-08      0.00

     17  0 *    -386.82234200     7.23e-11      0.52
     17  1      -386.64742633     1.36e-08      0.00

     18  0 *    -386.82234200     6.40e-11      0.33
     18  1      -386.64742633     7.61e-09      0.00

     19  0 *    -386.82234200     6.29e-11      0.33
     19  1      -386.64742633     3.89e-09      0.00

     20  0 *    -386.82234200     6.29e-11      0.33
     20  1      -386.64742633     1.84e-09      0.00

     21  0 *    -386.82234200     6.29e-11      0.33
     21  1      -386.64742633     8.26e-10      0.00
    ** throwing out 1 trial vectors **

     22  0 *    -386.82234200     6.27e-11      0.33
     22  1      -386.64742633     3.65e-10      0.00
    ** throwing out 1 trial vectors **

     23  0 *    -386.82234200     6.24e-11      0.33
     23  1      -386.64742633     1.64e-10      0.00
    ** throwing out 1 trial vectors **

     24  0 *    -386.82234200     6.24e-11      0.24
     24  1 *    -386.64742633     7.80e-11      0.00

     * ci vector   0, <S^2> = -0.0000, E =     -386.82234200
       222222......    -0.9076985765
       222.22..2...     0.1873758370
       2222.22.....     0.1256376713
       22222..2....     0.1156935517
       2.2222....2.     0.0845469141
       22222ba.....    -0.0695276132
       22222ab.....    -0.0695276132
       2222bbaa....    -0.0685371826
       2222aabb....    -0.0685371826
       2222baba....    -0.0665771746
       2222abab....    -0.0665771746
       .22222.....2     0.0635312587
       22222.2.....     0.0629807059

     * ci vector   1, <S^2> = 0.0000, E =     -386.64742633
       22222ba.....    -0.5655118843
       22222ab.....    -0.5655118843
       2222a2.b....    -0.2360942172
       2222b2.a....    -0.2360942172
       222.2ba.2...     0.1163596086
       222.2ab.2...     0.1163596086
       222222......     0.1084951143
       22b2a22.....    -0.0932004177
       22a2b22.....    -0.0932004177
       22222..b.a..     0.0800126945
       22222..a.b..     0.0800126945
       2222baa..b..     0.0647935152
       2222abb..a..     0.0647935152
       2222ba2.....     0.0618697265
       2222ab2.....     0.0618697265
       22b22a2.....    -0.0582522486
       22a22b2.....    -0.0582522486
       22b2a2ab....     0.0576344839
       22a2b2ba....     0.0576344839
       22222.b..a..    -0.0571532081
       22222.a..b..    -0.0571532081
       22a22bba....    -0.0569942718
       22b22aab....    -0.0569942718
       2222.2a..b..     0.0561945729
       2222.2b..a..     0.0561945729
       22a22b.2....     0.0540525582
       22b22a.2....     0.0540525582
       2.222ba...2.     0.0524253287
       2.222ab...2.     0.0524253287
       - FCI and RDMs                             14.67
    * Integral transformation done. Elapsed time: 0.08

       - jop, kop                                  0.00
       - denom                                     0.02
     guess   0:   closed 111111......         open ............        
     guess   1:   closed 11111.......         open .....11.....        

  === FCI iteration ===

      0  0      -386.68968842     3.84e-04      0.59
      0  1      -386.45929183     4.07e-04      0.00

      1  0      -386.80028065     1.82e-04      0.60
      1  1      -386.59193897     2.46e-04      0.00

      2  0      -386.81861800     8.02e-05      0.61
      2  1      -386.63310726     1.32e-04      0.00

      3  0      -386.82174042     3.37e-05      0.61
      3  1      -386.64348635     6.87e-05      0.00

      4  0      -386.82225561     1.36e-05      0.61
      4  1      -386.64622805     3.80e-05      0.00

      5  0      -386.82233409     5.46e-06      0.61
      5  1      -386.64705285     2.08e-05      0.00

      6  0      -386.82234618     2.17e-06      0.62
      6  1      -386.64728841     1.14e-05      0.00

      7  0      -386.82234807     8.66e-07      0.61
      7  1      -386.64736070     6.70e-06      0.00

      8  0      -386.82234840     3.77e-07      0.61
      8  1      -386.64739386     5.09e-06      0.00

      9  0      -386.82234846     1.54e-07      0.62
      9  1      -386.64741224     3.52e-06      0.00

     10  0      -386.82234847     5.82e-08      0.61
     10  1      -386.64741856     1.78e-06      0.00

     11  0      -386.82234847     2.02e-08      0.61
     11  1      -386.64741999     7.74e-07      0.00

     12  0      -386.82234847     7.21e-09      0.61
     12  1      -386.64742026     3.53e-07      0.00

     13  0      -386.82234847     2.84e-09      0.61
     13  1      -386.64742033     1.86e-07      0.00

     14  0      -386.82234847     1.16e-09      0.62
     14  1      -386.64742035     9.44e-08      0.00

     15  0      -386.82234847     4.50e-10      0.62
     15  1      -386.64742035     4.62e-08      0.00

     16  0      -386.82234847     1.77e-10      0.63
     16  1      -386.64742035     2.39e-08      0.00

     17  0 *    -386.82234847     7.23e-11      0.53
     17  1      -386.64742035     1.36e-08      0.00

     18  0 *    -386.82234847     6.40e-11      0.33
     18  1      -386.64742035     7.63e-09      0.00

     19  0 *    -386.82234847     6.28e-11      0.33
     19  1      -386.64742035     3.90e-09      0.00

     20  0 *    -386.82234847     6.28e-11      0.33
     20  1      -386.64742035     1.85e-09      0.00

     21  0 *    -386.82234847     6.28e-11      0.33
     21  1      -386.64742035     8.29e-10      0.00
    ** throwing out 1 trial vectors **

     22  0 *    -386.82234847     6.27e-11      0.34
     22  1      -386.64742035     3.67e-10      0.00
    ** throwing out 1 trial vectors **

     23  0 *    -386.82234847     6.24e-11      0.33
     23  1      -386.64742035     1.65e-10      0.00
    ** throwing out 1 trial vectors **

     24  0 *    -386.82234847     6.23e-11      0.23
     24  1 *    -386.64742035     7.86e-11      0.00

     * ci vector   0, <S^2> = 0.0000, E =     -386.82234847
       222222......    -0.9076896255
       222.22..2...     0.1873251784
       2222.22.....     0.1257431799
       22222..2....     0.1156556794
       2.2222....2.     0.0846144424
       22222ab.....     0.0695482405
       22222ba.....     0.0695482405
       2222aabb....    -0.0685479251
       2222bbaa....    -0.0685479251
       2222abab....    -0.0666498521
       2222baba....    -0.0666498521
       .22222.....2     0.0635775294
       22222.2.....     0.0629905335

     * ci vector   1, <S^2> = -0.0000, E =     -386.64742035
       22222ab.....    -0.5653954380
       22222ba.....    -0.5653954380
       2222b2.a....    -0.2363040146
       2222a2.b....    -0.2363040146
       222.2ab.2...     0.1163080226
       222.2ba.2...     0.1163080226
       222222......    -0.1085506279
       22a2b22.....     0.0933995248
       22b2a22.....     0.0933995248
       22222..a.b..     0.0798857463
       22222..b.a..     0.0798857463
       2222abb..a..     0.0645666124
       2222baa..b..     0.0645666124
       2222ab2.....     0.0618472922
       2222ba2.....     0.0618472922
       22a22b2.....    -0.0581358913
       22b22a2.....    -0.0581358913
       22a2b2ba....     0.0575606331
       22b2a2ab....     0.0575606331
       22222.a..b..     0.0573342817
       22222.b..a..     0.0573342817
       22b22aab....     0.0572211319
       22a22bba....     0.0572211319
       2222.2b..a..    -0.0563823958
       2222.2a..b..    -0.0563823958
       22b22a.2....     0.0539508657
       22a22b.2....     0.0539508657
       2.222ab...2.     0.0524559481
       2.222ba...2.     0.0524559481
       - FCI and RDMs                             14.71
    * Integral transformation done. Elapsed time: 0.08

       - jop, kop                                  0.00
       - denom                                     0.02
     guess   0:   closed 111111......         open ............        
     guess   1:   closed 11111.......         open .....11.....        

  === FCI iteration ===

      0  0      -386.68967728     3.84e-04      0.60
      0  1      -386.45924052     4.07e-04      0.00

      1  0      -386.80028055     1.82e-04      0.60
      1  1      -386.59190431     2.46e-04      0.00

      2  0      -386.81862150     8.02e-05      0.61
      2  1      -386.63309486     1.32e-04      0.00

      3  0      -386.82174436     3.37e-05      0.61
      3  1      -386.64347995     6.88e-05      0.00

      4  0      -386.82225950     1.36e-05      0.61
      4  1      -386.64622351     3.80e-05      0.00

      5  0      -386.82233797     5.46e-06      0.61
      5  1      -386.64704891     2.08e-05      0.00

      6  0      -386.82235005     2.17e-06      0.61
      6  1      -386.64728460     1.14e-05      0.00

      7  0      -386.82235195     8.66e-07      0.61
      7  1      -386.64735693     6.70e-06      0.00

      8  0      -386.82235228     3.77e-07      0.61
      8  1      -386.64739008     5.09e-06      0.00

      9  0      -386.82235233     1.54e-07      0.61
      9  1      -386.64740846     3.52e-06      0.00

     10  0      -386.82235234     5.82e-08      0.62
     10  1      -386.64741479     1.78e-06      0.00

     11  0      -386.82235235     2.02e-08      0.62
     11  1      -386.64741622     7.75e-07      0.00

     12  0      -386.82235235     7.21e-09      0.61
     12  1      -386.64741650     3.54e-07      0.00

     13  0      -386.82235235     2.84e-09      0.62
     13  1      -386.64741656     1.86e-07      0.00

     14  0      -386.82235235     1.16e-09      0.63
     14  1      -386.64741658     9.43e-08      0.00

     15  0      -386.82235235     4.50e-10      0.62
     15  1      -386.64741659     4.62e-08      0.00

     16  0      -386.82235235     1.76e-10      0.63
     16  1      -386.64741659     2.39e-08      0.00

     17  0 *    -386.82235235     7.22e-11      0.53
     17  1      -386.64741659     1.36e-08      0.00

     18  0 *    -386.82235235     6.39e-11      0.33
     18  1      -386.64741659     7.64e-09      0.00

     19  0 *    -386.82235235     6.28e-11      0.33
     19  1      -386.64741659     3.91e-09      0.00

     20  0 *    -386.82235235     6.28e-11      0.33
     20  1      -386.64741659     1.85e-09      0.00

     21  0 *    -386.82235235     6.28e-11      0.33
     21  1      -386.64741659     8.30e-10      0.00
    ** throwing out 1 trial vectors **

     22  0 *    -386.82235235     6.27e-11      0.33
     22  1      -386.64741659     3.68e-10      0.00
    ** throwing out 1 trial vectors **

     23  0 *    -386.82235235     6.24e-11      0.33
     23  1      -386.64741659     1.66e-10      0.00
    ** throwing out 1 trial vectors **

     24  0 *    -386.82235235     6.23e-11      0.24
     24  1 *    -386.64741659     7.88e-11      0.00

     * ci vector   0, <S^2> = 0.0000, E =     -386.82235235
       222222......    -0.9076886113
       222.22..2...     0.1873063056
       2222.22.....     0.1257995612
       22222..2....     0.1156361406
       2.2222....2.     0.0846419846
       22222ba.....     0.0695338623
       22222ab.....     0.0695338623
       2222bbaa....     0.0685526474
       2222aabb....     0.0685526474
       2222baba....     0.0666834229
       2222abab....     0.0666834229
       .22222.....2     0.0635929813
       22222.2.....     0.0630002693

     * ci vector   1, <S^2> = -0.0000, E =     -386.64741659
       22222ba.....    -0.5653405491
       22222ab.....    -0.5653405491
       2222a2.b....     0.2364058334
       2222b2.a....     0.2364058334
       222.2ba.2...     0.1162859557
       222.2ab.2...     0.1162859557
       222222......    -0.1085509938
       22b2a22.....     0.0935079495
       22a2b22.....     0.0935079495
       22222..b.a..     0.0798132860
       22222..a.b..     0.0798132860
       2222baa..b..    -0.0644435612
       2222abb..a..    -0.0644435612
       2222ba2.....     0.0618162452
       2222ab2.....     0.0618162452
       22b22a2.....    -0.0580771466
       22a22b2.....    -0.0580771466
       22b2a2ab....    -0.0575098010
       22a2b2ba....    -0.0575098010
       22222.b..a..    -0.0574400437
       22222.a..b..    -0.0574400437
       22a22bba....    -0.0573408273
       22b22aab....    -0.0573408273
       2222.2a..b..     0.0564845091
       2222.2b..a..     0.0564845091
       22a22b.2....     0.0538931875
       22b22a.2....     0.0538931875
       2.222ba...2.     0.0524675584
       2.222ab...2.     0.0524675584
       - FCI and RDMs                             14.76
    * Integral transformation done. Elapsed time: 0.08

       - jop, kop                                  0.00
       - denom                                     0.02
     guess   0:   closed 111111......         open ............        
     guess   1:   closed 11111.......         open .....11.....        

  === FCI iteration ===

      0  0      -386.68967209     3.84e-04      0.60
      0  1      -386.45921484     4.08e-04      0.00

      1  0      -386.80028088     1.82e-04      0.60
      1  1      -386.59188686     2.46e-04      0.00

      2  0      -386.81862352     8.02e-05      0.61
      2  1      -386.63308839     1.32e-04      0.00

      3  0      -386.82174656     3.37e-05      0.61
      3  1      -386.64347644     6.88e-05      0.00

      4  0      -386.82226167     1.36e-05      0.61
      4  1      -386.64622098     3.81e-05      0.00

      5  0      -386.82234013     5.46e-06      0.61
      5  1      -386.64704670     2.09e-05      0.00

      6  0      -386.82235221     2.17e-06      0.61
      6  1      -386.64728246     1.14e-05      0.00

      7  0      -386.82235411     8.66e-07      0.61
      7  1      -386.64735480     6.70e-06      0.00

      8  0      -386.82235444     3.77e-07      0.61
      8  1      -386.64738795     5.09e-06      0.00

      9  0      -386.82235449     1.54e-07      0.61
      9  1      -386.64740633     3.52e-06      0.00

     10  0      -386.82235450     5.82e-08      0.61
     10  1      -386.64741266     1.78e-06      0.00

     11  0      -386.82235451     2.02e-08      0.61
     11  1      -386.64741409     7.76e-07      0.00

     12  0      -386.82235451     7.21e-09      0.62
     12  1      -386.64741437     3.54e-07      0.00

     13  0      -386.82235451     2.84e-09      0.62
     13  1      -386.64741443     1.86e-07      0.00

     14  0      -386.82235451     1.16e-09      0.62
     14  1      -386.64741445     9.43e-08      0.00

     15  0      -386.82235451     4.50e-10      0.62
     15  1      -386.64741446     4.61e-08      0.00

     16  0      -386.82235451     1.76e-10      0.62
     16  1      -386.64741446     2.39e-08      0.00

     17  0 *    -386.82235451     7.22e-11      0.52
     17  1      -386.64741446     1.36e-08      0.00

     18  0 *    -386.82235451     6.39e-11      0.33
     18  1      -386.64741446     7.64e-09      0.00

     19  0 *    -386.82235451     6.28e-11      0.33
     19  1      -386.64741446     3.91e-09      0.00

     20  0 *    -386.82235451     6.28e-11      0.33
     20  1      -386.64741446     1.85e-09      0.00

     21  0 *    -386.82235451     6.28e-11      0.33
     21  1      -386.64741446     8.31e-10      0.00
    ** throwing out 1 trial vectors **

     22  0 *    -386.82235451     6.26e-11      0.33
     22  1      -386.64741446     3.69e-10      0.00
    ** throwing out 1 trial vectors **

     23  0 *    -386.82235451     6.24e-11      0.33
     23  1      -386.64741446     1.66e-10      0.00
    ** throwing out 1 trial vectors **

     24  0 *    -386.82235451     6.23e-11      0.24
     24  1 *    -386.64741446     7.89e-11      0.00

     * ci vector   0, <S^2> = -0.0000, E =     -386.82235451
       222222......    -0.9076891486
       222.22..2...     0.1872984276
       2222.22.....     0.1258297213
       22222..2....     0.1156261687
       2.2222....2.     0.0846546429
       22222ab.....     0.0695189066
       22222ba.....     0.0695189066
       2222bbaa....     0.0685547974
       2222aabb....     0.0685547974
       2222baba....     0.0666995949
       2222abab....     0.0666995949
       .22222.....2     0.0635989613
       22222.2.....     0.0630066105

     * ci vector   1, <S^2> = 0.0000, E =     -386.64741446
       22222ab.....    -0.5653138872
       22222ba.....    -0.5653138871
       2222b2.a....     0.2364559633
       2222a2.b....     0.2364559633
       222.2ab.2...     0.1162757656
       222.2ba.2...     0.1162757656
       222222......    -0.1085430472
       22a2b22.....     0.0935653527
       22b2a22.....     0.0935653527
       22222..a.b..    -0.0797737733
       22222..b.a..    -0.0797737733
       2222abb..a..     0.0643777952
       2222baa..b..     0.0643777952
       2222ab2.....     0.0617956067
       2222ba2.....     0.0617956067
       22a22b2.....    -0.0580467235
       22b22a2.....    -0.0580467235
       22222.a..b..     0.0574978441
       22222.b..a..     0.0574978441
       22a2b2ba....    -0.0574797549
       22b2a2ab....    -0.0574797549
       22b22aab....    -0.0574032053
       22a22bba....    -0.0574032053
       2222.2b..a..    -0.0565388330
       2222.2a..b..    -0.0565388330
       22b22a.2....     0.0538616484
       22a22b.2....     0.0538616484
       2.222ab...2.     0.0524726979
       2.222ba...2.     0.0524726979
       - FCI and RDMs                             14.72
    * Integral transformation done. Elapsed time: 0.08

       - jop, kop                                  0.00
       - denom                                     0.02
     guess   0:   closed 111111......         open ............        
     guess   1:   closed 11111.......         open .....11.....        

  === FCI iteration ===

      0  0      -386.68966953     3.84e-04      0.60
      0  1      -386.45920169     4.08e-04      0.00

      1  0      -386.80028115     1.82e-04      0.60
      1  1      -386.59187792     2.46e-04      0.00

      2  0      -386.81862463     8.02e-05      0.60
      2  1      -386.63308500     1.32e-04      0.00

      3  0      -386.82174775     3.37e-05      0.61
      3  1      -386.64347456     6.88e-05      0.00

      4  0      -386.82226285     1.36e-05      0.61
      4  1      -386.64621962     3.81e-05      0.00

      5  0      -386.82234130     5.46e-06      0.60
      5  1      -386.64704550     2.09e-05      0.00

      6  0      -386.82235338     2.17e-06      0.60
      6  1      -386.64728130     1.14e-05      0.00

      7  0      -386.82235528     8.66e-07      0.60
      7  1      -386.64735363     6.70e-06      0.00

      8  0      -386.82235561     3.77e-07      0.61
      8  1      -386.64738678     5.09e-06      0.00

      9  0      -386.82235567     1.54e-07      0.62
      9  1      -386.64740516     3.52e-06      0.00

     10  0      -386.82235567     5.82e-08      0.64
     10  1      -386.64741150     1.78e-06      0.00

     11  0      -386.82235568     2.02e-08      0.64
     11  1      -386.64741293     7.76e-07      0.00

     12  0      -386.82235568     7.21e-09      0.65
     12  1      -386.64741320     3.54e-07      0.00

     13  0      -386.82235568     2.84e-09      0.68
     13  1      -386.64741327     1.86e-07      0.00

     14  0      -386.82235568     1.16e-09      0.67
     14  1      -386.64741329     9.42e-08      0.00

     15  0      -386.82235568     4.50e-10      0.65
     15  1      -386.64741329     4.61e-08      0.00

     16  0      -386.82235568     1.76e-10      0.65
     16  1      -386.64741329     2.39e-08      0.00

     17  0 *    -386.82235568     7.22e-11      0.54
     17  1      -386.64741329     1.36e-08      0.00

     18  0 *    -386.82235568     6.39e-11      0.34
     18  1      -386.64741329     7.64e-09      0.00

     19  0 *    -386.82235568     6.28e-11      0.34
     19  1      -386.64741329     3.91e-09      0.00

     20  0 *    -386.82235568     6.28e-11      0.33
     20  1      -386.64741329     1.85e-09      0.00

     21  0 *    -386.82235568     6.28e-11      0.33
     21  1      -386.64741329     8.31e-10      0.00
    ** throwing out 1 trial vectors **

     22  0 *    -386.82235568     6.26e-11      0.34
     22  1      -386.64741329     3.69e-10      0.00
    ** throwing out 1 trial vectors **

     23  0 *    -386.82235568     6.23e-11      0.34
     23  1      -386.64741329     1.66e-10      0.00
    ** throwing out 1 trial vectors **

     24  0 *    -386.82235568     6.23e-11      0.24
     24  1 *    -386.64741329     7.90e-11      0.00

     * ci vector   0, <S^2> = -0.0000, E =     -386.82235568
       222222......    -0.9076897570
       222.22..2...     0.1872949101
       2222.22.....     0.1258458222
       22222..2....     0.1156210421
       2.2222....2.     0.0846609441
       22222ba.....    -0.0695088364
       22222ab.....    -0.0695088364
       2222bbaa....     0.0685558236
       2222aabb....     0.0685558236
       2222baba....     0.0667076710
       2222abab....     0.0667076710
       .22222.....2     0.0636016500
       22222.2.....     0.0630102969

     * ci vector   1, <S^2> = -0.0000, E =     -386.64741329
       22222ba.....     0.5653005529
       22222ab.....     0.5653005529
       2222a2.b....    -0.2364812373
       2222b2.a....    -0.2364812373
       222.2ba.2...    -0.1162708447
       222.2ab.2...    -0.1162708447
       222222......    -0.1085364842
       22b2a22.....     0.0935956152
       22a2b22.....     0.0935956152
       22222..b.a..    -0.0797525931
       22222..a.b..    -0.0797525931
       2222baa..b..     0.0643428442
       2222abb..a..     0.0643428442
       2222ba2.....     0.0617837245
       2222ab2.....     0.0617837245
       22b22a2.....    -0.0580308315
       22a22b2.....    -0.0580308315
       22222.b..a..     0.0575288211
       22222.a..b..     0.0575288211
       22b2a2ab....    -0.0574630831
       22a2b2ba....    -0.0574630831
       22a22bba....    -0.0574358050
       22b22aab....    -0.0574358050
       2222.2a..b..    -0.0565676029
       2222.2b..a..    -0.0565676029
       22a22b.2....     0.0538446978
       22b22a.2....     0.0538446978
       2.222ba...2.    -0.0524752273
       2.222ab...2.    -0.0524752273
       - FCI and RDMs                             14.99
    * Integral transformation done. Elapsed time: 0.08

       - jop, kop                                  0.00
       - denom                                     0.02
     guess   0:   closed 111111......         open ............        
     guess   1:   closed 11111.......         open .....11.....        

  === FCI iteration ===

      0  0      -386.68966823     3.84e-04      0.59
      0  1      -386.45919486     4.08e-04      0.00

      1  0      -386.80028132     1.82e-04      0.60
      1  1      -386.59187327     2.46e-04      0.00

      2  0      -386.81862524     8.02e-05      0.60
      2  1      -386.63308322     1.32e-04      0.00

      3  0      -386.82174839     3.37e-05      0.60
      3  1      -386.64347356     6.88e-05      0.00

      4  0      -386.82226348     1.36e-05      0.60
      4  1      -386.64621889     3.81e-05      0.00

      5  0      -386.82234193     5.46e-06      0.61
      5  1      -386.64704486     2.09e-05      0.00

      6  0      -386.82235401     2.17e-06      0.61
      6  1      -386.64728067     1.14e-05      0.00

      7  0      -386.82235591     8.66e-07      0.61
      7  1      -386.64735301     6.70e-06      0.00

      8  0      -386.82235623     3.77e-07      0.61
      8  1      -386.64738615     5.09e-06      0.00

      9  0      -386.82235629     1.54e-07      0.61
      9  1      -386.64740453     3.52e-06      0.00

     10  0      -386.82235630     5.82e-08      0.61
     10  1      -386.64741087     1.78e-06      0.00

     11  0      -386.82235630     2.02e-08      0.62
     11  1      -386.64741230     7.76e-07      0.00

     12  0      -386.82235630     7.21e-09      0.62
     12  1      -386.64741258     3.54e-07      0.00

     13  0      -386.82235630     2.84e-09      0.62
     13  1      -386.64741264     1.86e-07      0.00

     14  0      -386.82235630     1.16e-09      0.62
     14  1      -386.64741266     9.42e-08      0.00

     15  0      -386.82235630     4.50e-10      0.62
     15  1      -386.64741267     4.61e-08      0.00

     16  0      -386.82235630     1.76e-10      0.62
     16  1      -386.64741267     2.39e-08      0.00

     17  0 *    -386.82235630     7.22e-11      0.52
     17  1      -386.64741267     1.36e-08      0.00

     18  0 *    -386.82235630     6.39e-11      0.33
     18  1      -386.64741267     7.64e-09      0.00

     19  0 *    -386.82235630     6.28e-11      0.33
     19  1      -386.64741267     3.91e-09      0.00

     20  0 *    -386.82235630     6.28e-11      0.33
     20  1      -386.64741267     1.85e-09      0.00

     21  0 *    -386.82235630     6.28e-11      0.33
     21  1      -386.64741267     8.31e-10      0.00
    ** throwing out 1 trial vectors **

     22  0 *    -386.82235630     6.26e-11      0.33
     22  1      -386.64741267     3.69e-10      0.00
    ** throwing out 1 trial vectors **

     23  0 *    -386.82235630     6.23e-11      0.33
     23  1      -386.64741267     1.66e-10      0.00
    ** throwing out 1 trial vectors **

     24  0 *    -386.82235630     6.23e-11      0.24
     24  1 *    -386.64741267     7.90e-11      0.00

     * ci vector   0, <S^2> = 0.0000, E =     -386.82235630
       222222......    -0.9076901777
       222.22..2...     0.1872932483
       2222.22.....     0.1258544036
       22222..2....     0.1156183831
       2.2222....2.     0.0846642090
       22222ba.....    -0.0695028696
       22222ab.....    -0.0695028696
       2222bbaa....     0.0685563335
       2222aabb....     0.0685563335
       2222abab....     0.0667118021
       2222baba....     0.0667118021
       .22222.....2     0.0636029856
       22222.2.....     0.0630123436

     * ci vector   1, <S^2> = 0.0000, E =     -386.64741267
       22222ba.....     0.5652937357
       22222ab.....     0.5652937357
       2222a2.b....    -0.2364942204
       2222b2.a....    -0.2364942204
       222.2ba.2...    -0.1162683862
       222.2ab.2...    -0.1162683862
       222222......    -0.1085323195
       22b2a22.....     0.0936115856
       22a2b22.....     0.0936115856
       22222..b.a..     0.0797413109
       22222..a.b..     0.0797413109
       2222baa..b..    -0.0643242980
       2222abb..a..    -0.0643242980
       2222ba2.....    -0.0617772071
       2222ab2.....    -0.0617772071
       22b22a2.....     0.0580224880
       22a22b2.....     0.0580224880
       22222.b..a..     0.0575453178
       22222.a..b..     0.0575453178
       22b2a2ab....     0.0574540641
       22a2b2ba....     0.0574540641
       22a22bba....    -0.0574529226
       22b22aab....    -0.0574529226
       2222.2a..b..    -0.0565828375
       2222.2b..a..    -0.0565828375
       22a22b.2....    -0.0538356526
       22b22a.2....    -0.0538356526
       2.222ba...2.    -0.0524765383
       2.222ab...2.    -0.0524765383
       - FCI and RDMs                             14.67
    * Integral transformation done. Elapsed time: 0.08

       - jop, kop                                  0.00
       - denom                                     0.02
     guess   0:   closed 111111......         open ............        
     guess   1:   closed 11111.......         open .....11.....        

  === FCI iteration ===

      0  0      -386.68966756     3.84e-04      0.60
      0  1      -386.45919128     4.08e-04      0.00

      1  0      -386.80028142     1.82e-04      0.60
      1  1      -386.59187084     2.46e-04      0.00

      2  0      -386.81862556     8.02e-05      0.60
      2  1      -386.63308228     1.32e-04      0.00

      3  0      -386.82174874     3.37e-05      0.61
      3  1      -386.64347303     6.88e-05      0.00

      4  0      -386.82226381     1.36e-05      0.60
      4  1      -386.64621850     3.81e-05      0.00

      5  0      -386.82234227     5.46e-06      0.61
      5  1      -386.64704451     2.09e-05      0.00

      6  0      -386.82235435     2.17e-06      0.61
      6  1      -386.64728034     1.14e-05      0.00

      7  0      -386.82235624     8.66e-07      0.61
      7  1      -386.64735268     6.70e-06      0.00

      8  0      -386.82235657     3.77e-07      0.61
      8  1      -386.64738582     5.09e-06      0.00

      9  0      -386.82235663     1.54e-07      0.62
      9  1      -386.64740420     3.52e-06      0.00

     10  0      -386.82235664     5.82e-08      0.62
     10  1      -386.64741053     1.78e-06      0.00

     11  0      -386.82235664     2.02e-08      0.62
     11  1      -386.64741196     7.76e-07      0.00

     12  0      -386.82235664     7.21e-09      0.62
     12  1      -386.64741224     3.54e-07      0.00

     13  0      -386.82235664     2.84e-09      0.62
     13  1      -386.64741231     1.86e-07      0.00

     14  0      -386.82235664     1.16e-09      0.62
     14  1      -386.64741233     9.42e-08      0.00

     15  0      -386.82235664     4.50e-10      0.62
     15  1      -386.64741233     4.61e-08      0.00

     16  0      -386.82235664     1.76e-10      0.63
     16  1      -386.64741233     2.39e-08      0.00

     17  0 *    -386.82235664     7.22e-11      0.53
     17  1      -386.64741233     1.36e-08      0.00

     18  0 *    -386.82235664     6.39e-11      0.33
     18  1      -386.64741233     7.64e-09      0.00

     19  0 *    -386.82235664     6.28e-11      0.33
     19  1      -386.64741233     3.91e-09      0.00

     20  0 *    -386.82235664     6.28e-11      0.33
     20  1      -386.64741233     1.85e-09      0.00

     21  0 *    -386.82235664     6.28e-11      0.33
     21  1      -386.64741233     8.31e-10      0.00
    ** throwing out 1 trial vectors **

     22  0 *    -386.82235664     6.26e-11      0.33
     22  1      -386.64741233     3.69e-10      0.00
    ** throwing out 1 trial vectors **

     23  0 *    -386.82235664     6.23e-11      0.34
     23  1      -386.64741233     1.66e-10      0.00
    ** throwing out 1 trial vectors **

     24  0 *    -386.82235664     6.23e-11      0.25
     24  1 *    -386.64741233     7.90e-11      0.00

     * ci vector   0, <S^2> = -0.0000, E =     -386.82235664
       222222......    -0.9076904307
       222.22..2...     0.1872924293
       2222.22.....     0.1258589732
       22222..2....     0.1156169935
       2.2222....2.     0.0846659310
       22222ba.....    -0.0694995194
       22222ab.....    -0.0694995194
       2222bbaa....     0.0685565942
       2222aabb....     0.0685565942
       2222baba....     0.0667139475
       2222abab....     0.0667139475
       .22222.....2     0.0636036827
       22222.2.....     0.0630134558

     * ci vector   1, <S^2> = -0.0000, E =     -386.64741233
       22222ba.....     0.5652901985
       22222ab.....     0.5652901985
       2222a2.b....    -0.2365009751
       2222b2.a....    -0.2365009751
       222.2ba.2...    -0.1162671288
       222.2ab.2...    -0.1162671288
       222222......    -0.1085299092
       22b2a22.....    -0.0936200309
       22a2b22.....    -0.0936200309
       22222..b.a..     0.0797353131
       22222..a.b..     0.0797353131
       2222baa..b..    -0.0643144560
       2222abb..a..    -0.0643144560
       2222ba2.....    -0.0617736991
       2222ab2.....    -0.0617736991
       22b22a2.....    -0.0580180905
       22a22b2.....    -0.0580180905
       22222.b..a..     0.0575540866
       22222.a..b..     0.0575540866
       22a22bba....     0.0574619476
       22b22aab....     0.0574619476
       22b2a2ab....    -0.0574492353
       22a2b2ba....    -0.0574492353
       2222.2a..b..    -0.0565909126
       2222.2b..a..    -0.0565909126
       22a22b.2....     0.0538308390
       22b22a.2....     0.0538308390
       2.222ba...2.    -0.0524772325
       2.222ab...2.    -0.0524772325
       - FCI and RDMs                             14.81
    * Integral transformation done. Elapsed time: 0.08

       - jop, kop                                  0.00
       - denom                                     0.02
     guess   0:   closed 111111......         open ............        
     guess   1:   closed 11111.......         open .....11.....        

  === FCI iteration ===

      0  0      -386.68966720     3.84e-04      0.60
      0  1      -386.45918939     4.08e-04      0.00

      1  0      -386.80028148     1.82e-04      0.60
      1  1      -386.59186956     2.46e-04      0.00

      2  0      -386.81862573     8.02e-05      0.61
      2  1      -386.63308179     1.32e-04      0.00

      3  0      -386.82174892     3.37e-05      0.61
      3  1      -386.64347274     6.88e-05      0.00

      4  0      -386.82226399     1.36e-05      0.61
      4  1      -386.64621829     3.81e-05      0.00

      5  0      -386.82234244     5.46e-06      0.61
      5  1      -386.64704433     2.09e-05      0.00

      6  0      -386.82235453     2.17e-06      0.61
      6  1      -386.64728016     1.14e-05      0.00

      7  0      -386.82235642     8.66e-07      0.62
      7  1      -386.64735250     6.70e-06      0.00

      8  0      -386.82235675     3.77e-07      0.62
      8  1      -386.64738564     5.09e-06      0.00

      9  0      -386.82235681     1.54e-07      0.62
      9  1      -386.64740402     3.52e-06      0.00

     10  0      -386.82235682     5.82e-08      0.62
     10  1      -386.64741036     1.78e-06      0.00

     11  0      -386.82235682     2.02e-08      0.62
     11  1      -386.64741179     7.76e-07      0.00

     12  0      -386.82235682     7.21e-09      0.61
     12  1      -386.64741206     3.54e-07      0.00

     13  0      -386.82235682     2.84e-09      0.62
     13  1      -386.64741213     1.86e-07      0.00

     14  0      -386.82235682     1.16e-09      0.62
     14  1      -386.64741215     9.42e-08      0.00

     15  0      -386.82235682     4.50e-10      0.63
     15  1      -386.64741215     4.61e-08      0.00

     16  0      -386.82235682     1.76e-10      0.63
     16  1      -386.64741215     2.39e-08      0.00

     17  0 *    -386.82235682     7.22e-11      0.53
     17  1      -386.64741215     1.36e-08      0.00

     18  0 *    -386.82235682     6.39e-11      0.33
     18  1      -386.64741215     7.64e-09      0.00

     19  0 *    -386.82235682     6.28e-11      0.33
     19  1      -386.64741215     3.91e-09      0.00

     20  0 *    -386.82235682     6.28e-11      0.33
     20  1      -386.64741215     1.85e-09      0.00

     21  0 *    -386.82235682     6.28e-11      0.33
     21  1      -386.64741215     8.31e-10      0.00
    ** throwing out 1 trial vectors **

     22  0 *    -386.82235682     6.26e-11      0.34
     22  1      -386.64741215     3.69e-10      0.00
    ** throwing out 1 trial vectors **

     23  0 *    -386.82235682     6.23e-11      0.34
     23  1      -386.64741215     1.66e-10      0.00
    ** throwing out 1 trial vectors **

     24  0 *    -386.82235682     6.23e-11      0.24
     24  1 *    -386.64741215     7.90e-11      0.00

     * ci vector   0, <S^2> = 0.0000, E =     -386.82235682
       222222......    -0.9076905741
       222.22..2...     0.1872920135
       2222.22.....     0.1258614054
       22222..2....     0.1156162628
       2.2222....2.     0.0846668456
       22222ab.....    -0.0694976866
       22222ba.....    -0.0694976866
       2222aabb....     0.0685567299
       2222bbaa....     0.0685567299
       2222baba....     0.0667150720
       2222abab....     0.0667150720
       .22222.....2     0.0636040540
       22222.2.....     0.0630140539

     * ci vector   1, <S^2> = -0.0000, E =     -386.64741215
       22222ab.....     0.5652883458
       22222ba.....     0.5652883458
       2222b2.a....    -0.2365045185
       2222a2.b....    -0.2365045185
       222.2ab.2...    -0.1162664757
       222.2ba.2...    -0.1162664757
       222222......    -0.1085285706
       22a2b22.....     0.0936245050
       22b2a22.....     0.0936245050
       22222..a.b..     0.0797321256
       22222..b.a..     0.0797321256
       2222abb..a..    -0.0643092300
       2222baa..b..    -0.0643092300
       2222ab2.....    -0.0617718247
       2222ba2.....    -0.0617718247
       22a22b2.....     0.0580157656
       22b22a2.....     0.0580157656
       22222.a..b..     0.0575587463
       22222.b..a..     0.0575587463
       22b22aab....    -0.0574667206
       22a22bba....    -0.0574667206
       22a2b2ba....     0.0574466606
       22b2a2ab....     0.0574466606
       2222.2b..a..    -0.0565951976
       2222.2a..b..    -0.0565951976
       22b22a.2....    -0.0538282792
       22a22b.2....    -0.0538282792
       2.222ab...2.    -0.0524776028
       2.222ba...2.    -0.0524776028
       - FCI and RDMs                             14.77
    * Integral transformation done. Elapsed time: 0.08

       - jop, kop                                  0.00
       - denom                                     0.02
     guess   0:   closed 111111......         open ............        
     guess   1:   closed 11111.......         open .....11.....        

  === FCI iteration ===

      0  0      -386.68966702     3.84e-04      0.60
      0  1      -386.45918839     4.08e-04      0.00

      1  0      -386.80028151     1.82e-04      0.61
      1  1      -386.59186888     2.46e-04      0.00

      2  0      -386.81862583     8.02e-05      0.61
      2  1      -386.63308152     1.32e-04      0.00

      3  0      -386.82174902     3.37e-05      0.61
      3  1      -386.64347259     6.88e-05      0.00

      4  0      -386.82226409     1.36e-05      0.61
      4  1      -386.64621818     3.81e-05      0.00

      5  0      -386.82234254     5.46e-06      0.61
      5  1      -386.64704423     2.09e-05      0.00

      6  0      -386.82235462     2.17e-06      0.61
      6  1      -386.64728007     1.14e-05      0.00

      7  0      -386.82235652     8.66e-07      0.61
      7  1      -386.64735240     6.70e-06      0.00

      8  0      -386.82235684     3.77e-07      0.61
      8  1      -386.64738554     5.09e-06      0.00

      9  0      -386.82235690     1.54e-07      0.61
      9  1      -386.64740392     3.52e-06      0.00

     10  0      -386.82235691     5.82e-08      0.62
     10  1      -386.64741026     1.78e-06      0.00

     11  0      -386.82235691     2.02e-08      0.62
     11  1      -386.64741169     7.76e-07      0.00

     12  0      -386.82235691     7.21e-09      0.62
     12  1      -386.64741197     3.54e-07      0.00

     13  0      -386.82235691     2.84e-09      0.62
     13  1      -386.64741203     1.86e-07      0.00

     14  0      -386.82235691     1.16e-09      0.63
     14  1      -386.64741205     9.42e-08      0.00

     15  0      -386.82235691     4.50e-10      0.63
     15  1      -386.64741206     4.61e-08      0.00

     16  0      -386.82235691     1.76e-10      0.63
     16  1      -386.64741206     2.39e-08      0.00

     17  0 *    -386.82235691     7.22e-11      0.53
     17  1      -386.64741206     1.36e-08      0.00

     18  0 *    -386.82235691     6.39e-11      0.33
     18  1      -386.64741206     7.64e-09      0.00

     19  0 *    -386.82235691     6.28e-11      0.33
     19  1      -386.64741206     3.91e-09      0.00

     20  0 *    -386.82235691     6.28e-11      0.33
     20  1      -386.64741206     1.85e-09      0.00

     21  0 *    -386.82235691     6.28e-11      0.33
     21  1      -386.64741206     8.31e-10      0.00
    ** throwing out 1 trial vectors **

     22  0 *    -386.82235691     6.26e-11      0.34
     22  1      -386.64741206     3.69e-10      0.00
    ** throwing out 1 trial vectors **

     23  0 *    -386.82235691     6.23e-11      0.34
     23  1      -386.64741206     1.66e-10      0.00
    ** throwing out 1 trial vectors **

     24  0 *    -386.82235691     6.22e-11      0.24
     24  1 *    -386.64741206     7.90e-11      0.00

     * ci vector   0, <S^2> = -0.0000, E =     -386.82235691
       222222......    -0.9076906529
       222.22..2...     0.1872917984
       2222.22.....     0.1258626998
       22222..2....     0.1156158771
       2.2222....2.     0.0846673327
       22222ba.....    -0.0694966971
       22222ab.....    -0.0694966971
       2222bbaa....     0.0685568012
       2222aabb....     0.0685568012
       2222baba....     0.0667156648
       2222abab....     0.0667156648
       .22222.....2     0.0636042530
       22222.2.....     0.0630143739

     * ci vector   1, <S^2> = 0.0000, E =     -386.64741206
       22222ba.....     0.5652873696
       22222ab.....     0.5652873696
       2222a2.b....    -0.2365063868
       2222b2.a....    -0.2365063868
       222.2ba.2...    -0.1162661333
       222.2ab.2...    -0.1162661333
       222222......    -0.1085278422
       22b2a22.....     0.0936268787
       22a2b22.....     0.0936268787
       22222..b.a..     0.0797304315
       22222..a.b..     0.0797304315
       2222baa..b..    -0.0643064534
       2222abb..a..    -0.0643064534
       2222ba2.....    -0.0617708263
       2222ab2.....    -0.0617708263
       22b22a2.....     0.0580145338
       22a22b2.....     0.0580145338
       22222.b..a..     0.0575612226
       22222.a..b..     0.0575612226
       22a22bba....    -0.0574692503
       22b22aab....    -0.0574692503
       22b2a2ab....     0.0574452900
       22a2b2ba....     0.0574452900
       2222.2b..a..    -0.0565974733
       2222.2a..b..    -0.0565974733
       22a22b.2....    -0.0538269181
       22b22a.2....    -0.0538269181
       2.222ba...2.    -0.0524778007
       2.222ab...2.    -0.0524778007
       - FCI and RDMs                             14.75
    * Integral transformation done. Elapsed time: 0.08

       - jop, kop                                  0.00
       - denom                                     0.02
     guess   0:   closed 111111......         open ............        
     guess   1:   closed 11111.......         open .....11.....        

  === FCI iteration ===

      0  0      -386.68966692     3.84e-04      0.62
      0  1      -386.45918786     4.08e-04      0.00

      1  0      -386.80028153     1.82e-04      0.60
      1  1      -386.59186852     2.46e-04      0.00

      2  0      -386.81862588     8.02e-05      0.61
      2  1      -386.63308138     1.32e-04      0.00

      3  0      -386.82174907     3.37e-05      0.61
      3  1      -386.64347251     6.88e-05      0.00

      4  0      -386.82226414     1.36e-05      0.61
      4  1      -386.64621812     3.81e-05      0.00

      5  0      -386.82234259     5.46e-06      0.61
      5  1      -386.64704418     2.09e-05      0.00

      6  0      -386.82235467     2.17e-06      0.61
      6  1      -386.64728002     1.14e-05      0.00

      7  0      -386.82235657     8.66e-07      0.61
      7  1      -386.64735235     6.70e-06      0.00

      8  0      -386.82235689     3.77e-07      0.61
      8  1      -386.64738549     5.09e-06      0.00

      9  0      -386.82235695     1.54e-07      0.61
      9  1      -386.64740387     3.52e-06      0.00

     10  0      -386.82235696     5.82e-08      0.61
     10  1      -386.64741021     1.78e-06      0.00

     11  0      -386.82235696     2.02e-08      0.62
     11  1      -386.64741164     7.76e-07      0.00

     12  0      -386.82235696     7.21e-09      0.62
     12  1      -386.64741192     3.54e-07      0.00

     13  0      -386.82235696     2.84e-09      0.62
     13  1      -386.64741198     1.86e-07      0.00

     14  0      -386.82235696     1.16e-09      0.62
     14  1      -386.64741200     9.42e-08      0.00

     15  0      -386.82235696     4.50e-10      0.62
     15  1      -386.64741201     4.61e-08      0.00

     16  0      -386.82235696     1.76e-10      0.62
     16  1      -386.64741201     2.39e-08      0.00

     17  0 *    -386.82235696     7.22e-11      0.53
     17  1      -386.64741201     1.36e-08      0.00

     18  0 *    -386.82235696     6.39e-11      0.33
     18  1      -386.64741201     7.64e-09      0.00

     19  0 *    -386.82235696     6.28e-11      0.33
     19  1      -386.64741201     3.91e-09      0.00

     20  0 *    -386.82235696     6.28e-11      0.33
     20  1      -386.64741201     1.85e-09      0.00

     21  0 *    -386.82235696     6.28e-11      0.33
     21  1      -386.64741201     8.31e-10      0.00
    ** throwing out 1 trial vectors **

     22  0 *    -386.82235696     6.26e-11      0.33
     22  1      -386.64741201     3.69e-10      0.00
    ** throwing out 1 trial vectors **

     23  0 *    -386.82235696     6.23e-11      0.33
     23  1      -386.64741201     1.66e-10      0.00
    ** throwing out 1 trial vectors **

     24  0 *    -386.82235696     6.22e-11      0.23
     24  1 *    -386.64741201     7.90e-11      0.00

     * ci vector   0, <S^2> = 0.0000, E =     -386.82235696
       222222......    -0.9076906957
       222.22..2...     0.1872916858
       2222.22.....     0.1258633886
       22222..2....     0.1156156728
       2.2222....2.     0.0846675923
       22222ba.....    -0.0694961659
       22222ab.....    -0.0694961659
       2222aabb....     0.0685568389
       2222bbaa....     0.0685568389
       2222baba....     0.0667159784
       2222abab....     0.0667159784
       .22222.....2     0.0636043597
       22222.2.....     0.0630145446

     * ci vector   1, <S^2> = 0.0000, E =     -386.64741201
       22222ba.....     0.5652868535
       22222ab.....     0.5652868535
       2222a2.b....    -0.2365073751
       2222b2.a....    -0.2365073751
       222.2ba.2...    -0.1162659527
       222.2ab.2...    -0.1162659527
       222222......    -0.1085274495
       22b2a22.....     0.0936281393
       22a2b22.....     0.0936281393
       22222..b.a..     0.0797295306
       22222..a.b..     0.0797295306
       2222baa..b..    -0.0643049774
       2222abb..a..    -0.0643049774
       2222ba2.....    -0.0617702952
       2222ab2.....    -0.0617702952
       22b22a2.....     0.0580138800
       22a22b2.....     0.0580138800
       22222.b..a..     0.0575625394
       22222.a..b..     0.0575625394
       22a22bba....    -0.0574705930
       22b22aab....    -0.0574705930
       22b2a2ab....     0.0574445607
       22a2b2ba....     0.0574445607
       2222.2a..b..    -0.0565986830
       2222.2b..a..    -0.0565986830
       22a22b.2....    -0.0538261941
       22b22a.2....    -0.0538261941
       2.222ba...2.    -0.0524779065
       2.222ab...2.    -0.0524779065
       - FCI and RDMs                             14.72
    * Integral transformation done. Elapsed time: 0.08

       - jop, kop                                  0.00
       - denom                                     0.02
     guess   0:   closed 111111......         open ............        
     guess   1:   closed 11111.......         open .....11.....        

  === FCI iteration ===

      0  0      -386.68966687     3.84e-04      0.62
      0  1      -386.45918758     4.08e-04      0.00

      1  0      -386.80028154     1.82e-04      0.63
      1  1      -386.59186833     2.46e-04      0.00

      2  0      -386.81862590     8.02e-05      0.62
      2  1      -386.63308131     1.32e-04      0.00

      3  0      -386.82174910     3.37e-05      0.63
      3  1      -386.64347247     6.88e-05      0.00

      4  0      -386.82226417     1.36e-05      0.63
      4  1      -386.64621809     3.81e-05      0.00

      5  0      -386.82234262     5.46e-06      0.63
      5  1      -386.64704415     2.09e-05      0.00

      6  0      -386.82235470     2.17e-06      0.63
      6  1      -386.64727999     1.14e-05      0.00

      7  0      -386.82235660     8.66e-07      0.62
      7  1      -386.64735233     6.70e-06      0.00

      8  0      -386.82235692     3.77e-07      0.61
      8  1      -386.64738547     5.09e-06      0.00

      9  0      -386.82235698     1.54e-07      0.61
      9  1      -386.64740385     3.52e-06      0.00

     10  0      -386.82235699     5.82e-08      0.62
     10  1      -386.64741018     1.78e-06      0.00

     11  0      -386.82235699     2.02e-08      0.61
     11  1      -386.64741161     7.76e-07      0.00

     12  0      -386.82235699     7.21e-09      0.62
     12  1      -386.64741189     3.54e-07      0.00

     13  0      -386.82235699     2.84e-09      0.62
     13  1      -386.64741196     1.86e-07      0.00

     14  0      -386.82235699     1.16e-09      0.62
     14  1      -386.64741198     9.42e-08      0.00

     15  0      -386.82235699     4.50e-10      0.62
     15  1      -386.64741198     4.61e-08      0.00

     16  0      -386.82235699     1.76e-10      0.62
     16  1      -386.64741198     2.39e-08      0.00

     17  0 *    -386.82235699     7.22e-11      0.53
     17  1      -386.64741198     1.36e-08      0.00

     18  0 *    -386.82235699     6.39e-11      0.33
     18  1      -386.64741198     7.64e-09      0.00

     19  0 *    -386.82235699     6.28e-11      0.33
     19  1      -386.64741198     3.91e-09      0.00

     20  0 *    -386.82235699     6.28e-11      0.33
     20  1      -386.64741198     1.85e-09      0.00

     21  0 *    -386.82235699     6.28e-11      0.33
     21  1      -386.64741198     8.31e-10      0.00
    ** throwing out 1 trial vectors **

     22  0 *    -386.82235699     6.26e-11      0.33
     22  1      -386.64741198     3.69e-10      0.00
    ** throwing out 1 trial vectors **

     23  0 *    -386.82235699     6.23e-11      0.33
     23  1      -386.64741198     1.66e-10      0.00
    ** throwing out 1 trial vectors **

     24  0 *    -386.82235699     6.22e-11      0.24
     24  1 *    -386.64741198     7.90e-11      0.00

     * ci vector   0, <S^2> = -0.0000, E =     -386.82235699
       222222......    -0.9076907186
       222.22..2...     0.1872916264
       2222.22.....     0.1258637551
       22222..2....     0.1156155644
       2.2222....2.     0.0846677306
       22222ab.....    -0.0694958827
       22222ba.....    -0.0694958827
       2222aabb....     0.0685568589
       2222bbaa....     0.0685568589
       2222abab....     0.0667161446
       2222baba....     0.0667161446
       .22222.....2     0.0636044170
       22222.2.....     0.0630146355

     * ci vector   1, <S^2> = 0.0000, E =     -386.64741198
       22222ab.....     0.5652865800
       22222ba.....     0.5652865800
       2222b2.a....    -0.2365078991
       2222a2.b....    -0.2365078991
       222.2ab.2...    -0.1162658571
       222.2ba.2...    -0.1162658571
       222222......    -0.1085272398
       22a2b22.....     0.0936288094
       22b2a22.....     0.0936288094
       22222..a.b..     0.0797290514
       22222..b.a..     0.0797290514
       2222abb..a..    -0.0643041924
       2222baa..b..    -0.0643041924
       2222ab2.....    -0.0617700123
       2222ba2.....    -0.0617700123
       22a22b2.....     0.0580135325
       22b22a2.....     0.0580135325
       22222.a..b..     0.0575632396
       22222.b..a..     0.0575632396
       22b22aab....    -0.0574713065
       22a22bba....    -0.0574713065
       22a2b2ba....     0.0574441727
       22b2a2ab....     0.0574441727
       2222.2b..a..    -0.0565993261
       2222.2a..b..    -0.0565993261
       22b22a.2....    -0.0538258089
       22a22b.2....    -0.0538258089
       2.222ab...2.    -0.0524779629
       2.222ba...2.    -0.0524779629
       - FCI and RDMs                             14.88
    * Integral transformation done. Elapsed time: 0.08

       - jop, kop                                  0.00
       - denom                                     0.02
     guess   0:   closed 111111......         open ............        
     guess   1:   closed 11111.......         open .....11.....        

  === FCI iteration ===

      0  0      -386.68966684     3.84e-04      0.62
      0  1      -386.45918743     4.08e-04      0.00

      1  0      -386.80028154     1.82e-04      0.63
      1  1      -386.59186823     2.46e-04      0.00

      2  0      -386.81862592     8.02e-05      0.60
      2  1      -386.63308127     1.32e-04      0.00

      3  0      -386.82174911     3.37e-05      0.60
      3  1      -386.64347245     6.88e-05      0.00

      4  0      -386.82226418     1.36e-05      0.60
      4  1      -386.64621807     3.81e-05      0.00

      5  0      -386.82234263     5.46e-06      0.60
      5  1      -386.64704414     2.09e-05      0.00

      6  0      -386.82235471     2.17e-06      0.61
      6  1      -386.64727997     1.14e-05      0.00

      7  0      -386.82235661     8.66e-07      0.61
      7  1      -386.64735231     6.70e-06      0.00

      8  0      -386.82235694     3.77e-07      0.61
      8  1      -386.64738545     5.09e-06      0.00

      9  0      -386.82235700     1.54e-07      0.61
      9  1      -386.64740383     3.52e-06      0.00

     10  0      -386.82235700     5.82e-08      0.61
     10  1      -386.64741017     1.78e-06      0.00

     11  0      -386.82235701     2.02e-08      0.62
     11  1      -386.64741160     7.76e-07      0.00

     12  0      -386.82235701     7.21e-09      0.62
     12  1      -386.64741188     3.54e-07      0.00

     13  0      -386.82235701     2.84e-09      0.62
     13  1      -386.64741194     1.86e-07      0.00

     14  0      -386.82235701     1.16e-09      0.62
     14  1      -386.64741196     9.42e-08      0.00

     15  0      -386.82235701     4.50e-10      0.62
     15  1      -386.64741196     4.61e-08      0.00

     16  0      -386.82235701     1.76e-10      0.63
     16  1      -386.64741197     2.39e-08      0.00

     17  0 *    -386.82235701     7.22e-11      0.53
     17  1      -386.64741197     1.36e-08      0.00

     18  0 *    -386.82235701     6.39e-11      0.33
     18  1      -386.64741197     7.64e-09      0.00

     19  0 *    -386.82235701     6.28e-11      0.33
     19  1      -386.64741197     3.91e-09      0.00

     20  0 *    -386.82235701     6.28e-11      0.33
     20  1      -386.64741197     1.85e-09      0.00

     21  0 *    -386.82235701     6.28e-11      0.33
     21  1      -386.64741197     8.31e-10      0.00
    ** throwing out 1 trial vectors **

     22  0 *    -386.82235701     6.26e-11      0.33
     22  1      -386.64741197     3.69e-10      0.00
    ** throwing out 1 trial vectors **

     23  0 *    -386.82235701     6.23e-11      0.33
     23  1      -386.64741197     1.66e-10      0.00
    ** throwing out 1 trial vectors **

     24  0 *    -386.82235701     6.22e-11      0.23
     24  1 *    -386.64741197     7.90e-11      0.00

     * ci vector   0, <S^2> = 0.0000, E =     -386.82235701
       222222......    -0.9076907309
       222.22..2...     0.1872915950
       2222.22.....     0.1258639501
       22222..2....     0.1156155067
       2.2222....2.     0.0846678042
       22222ab.....    -0.0694957317
       22222ba.....    -0.0694957317
       2222aabb....     0.0685568695
       2222bbaa....     0.0685568695
       2222baba....     0.0667162329
       2222abab....     0.0667162329
       .22222.....2     0.0636044476
       22222.2.....     0.0630146839

     * ci vector   1, <S^2> = 0.0000, E =     -386.64741197
       22222ab.....     0.5652864348
       22222ba.....     0.5652864348
       2222b2.a....    -0.2365081772
       2222a2.b....    -0.2365081772
       222.2ab.2...    -0.1162658064
       222.2ba.2...    -0.1162658064
       222222......    -0.1085271278
       22a2b22.....     0.0936291657
       22b2a22.....     0.0936291657
       22222..a.b..     0.0797287964
       22222..b.a..     0.0797287964
       2222abb..a..    -0.0643037748
       2222baa..b..    -0.0643037748
       2222ab2.....    -0.0617698618
       2222ba2.....    -0.0617698618
       22a22b2.....     0.0580133478
       22b22a2.....     0.0580133478
       22222.a..b..     0.0575636121
       22222.b..a..     0.0575636121
       22b22aab....    -0.0574716858
       22a22bba....    -0.0574716858
       22a2b2ba....     0.0574439662
       22b2a2ab....     0.0574439662
       2222.2b..a..    -0.0565996683
       2222.2a..b..    -0.0565996683
       22b22a.2....    -0.0538256040
       22a22b.2....    -0.0538256040
       2.222ab...2.    -0.0524779931
       2.222ba...2.    -0.0524779931
       - FCI and RDMs                             14.75
