    * Using parallel algorithm in FCI.
    * Parallel algorithm will be used.
  ---------------------------
        FCI calculation      
  ---------------------------

 Constructing space of all determinants that can formed by removing 1 electron from 6 alpha and 6 beta electrons.

 Space is made up of 4 determinants.
  o forming links
    * Integral transformation done. Elapsed time: 0.09

       - jop, kop                                  0.00
       - denom                                     0.02
     guess   0:   closed 111111......         open ............        
     guess   1:   closed 11111.......         open .....11.....        

  === FCI iteration ===

      0  0      -386.61971736     3.72e-04      0.60
      0  1      -386.49103236     3.72e-04      0.00

      1  0      -386.73049886     1.87e-04      0.60
      1  1      -386.60101700     1.95e-04      0.00

      2  0      -386.75251024     9.11e-05      0.60
      2  1      -386.62653001     1.02e-04      0.00

      3  0      -386.75694121     3.92e-05      0.61
      3  1      -386.63287777     5.54e-05      0.00

      4  0      -386.75765116     1.59e-05      0.61
      4  1      -386.63479128     3.31e-05      0.00

      5  0      -386.75776126     6.85e-06      0.61
      5  1      -386.63551046     2.10e-05      0.00

      6  0      -386.75778309     3.40e-06      0.61
      6  1      -386.63577708     1.24e-05      0.00

      7  0      -386.75778861     1.85e-06      0.62
      7  1      -386.63586420     6.79e-06      0.00

      8  0      -386.75779027     9.46e-07      0.62
      8  1      -386.63589304     4.18e-06      0.00

      9  0      -386.75779071     4.95e-07      0.62
      9  1      -386.63590591     3.02e-06      0.00

     10  0      -386.75779084     2.54e-07      0.62
     10  1      -386.63591237     2.10e-06      0.00

     11  0      -386.75779087     1.19e-07      0.62
     11  1      -386.63591527     1.35e-06      0.00

     12  0      -386.75779087     5.49e-08      0.63
     12  1      -386.63591646     8.59e-07      0.00

     13  0      -386.75779087     2.60e-08      0.63
     13  1      -386.63591691     5.25e-07      0.00

     14  0      -386.75779087     1.28e-08      0.63
     14  1      -386.63591706     2.92e-07      0.00

     15  0      -386.75779087     6.22e-09      0.63
     15  1      -386.63591711     1.56e-07      0.00

     16  0      -386.75779087     2.93e-09      0.63
     16  1      -386.63591712     8.83e-08      0.00

     17  0      -386.75779087     1.49e-09      0.63
     17  1      -386.63591712     5.50e-08      0.00

     18  0      -386.75779087     7.85e-10      0.63
     18  1      -386.63591713     3.46e-08      0.00

     19  0      -386.75779087     3.99e-10      0.63
     19  1      -386.63591713     2.08e-08      0.00
    ** throwing out 2 trial vectors **

     20  0      -386.75779087     1.90e-10      0.64
     20  1      -386.63591713     1.19e-08      0.00
    ** throwing out 2 trial vectors **

     21  0 *    -386.75779087     8.32e-11      0.54
     21  1      -386.63591713     6.57e-09      0.00
    ** throwing out 1 trial vectors **

     22  0 *    -386.75779087     7.16e-11      0.34
     22  1      -386.63591713     3.56e-09      0.00
    ** throwing out 1 trial vectors **

     23  0 *    -386.75779087     6.89e-11      0.34
     23  1      -386.63591713     1.92e-09      0.00
    ** throwing out 1 trial vectors **

     24  0 *    -386.75779087     6.85e-11      0.33
     24  1      -386.63591713     1.07e-09      0.00
    ** throwing out 1 trial vectors **

     25  0 *    -386.75779087     6.84e-11      0.34
     25  1      -386.63591713     6.20e-10      0.00
    ** throwing out 1 trial vectors **

     26  0 *    -386.75779087     6.84e-11      0.34
     26  1      -386.63591713     3.52e-10      0.00
    ** throwing out 1 trial vectors **

     27  0 *    -386.75779087     6.84e-11      0.34
     27  1      -386.63591713     1.98e-10      0.00
    ** throwing out 1 trial vectors **

     28  0 *    -386.75779087     6.84e-11      0.34
     28  1      -386.63591713     1.14e-10      0.00
    ** throwing out 1 trial vectors **

     29  0 *    -386.75779087     6.83e-11      0.24
     29  1 *    -386.63591713     6.66e-11      0.00

     * ci vector   0, <S^2> = -0.0000, E =     -386.75779087
       222222......     0.8139872776
       22222ba.....     0.2694227482
       22222ab.....     0.2694227482
       22222..2....    -0.0763011175
       2222.2.2....    -0.0713512256
       222.22..2...    -0.0672441321
       222b2aa.b...     0.0525207658
       222a2bb.a...     0.0525207658
       22.222.2....    -0.0513541293
       22.222...2..    -0.0511571435

     * ci vector   1, <S^2> = -0.0000, E =     -386.63591713
       22222ba.....    -0.5603109650
       22222ab.....    -0.5603109650
       222222......     0.3651755305
       22222..2....    -0.0801674142
       2222baab....     0.0764363824
       2222abba....     0.0764363824
       2a222b2.....     0.0686671714
       2b222a2.....     0.0686671714
       222b2aa.b...    -0.0641325858
       222a2bb.a...    -0.0641325858
       2222.ba2....     0.0601882574
       2222.ab2....     0.0601882574
       2222bbaa....    -0.0582621127
       2222aabb....    -0.0582621127
       222.2ba.2...     0.0527147757
       222.2ab.2...     0.0527147757
       - FCI and RDMs                             17.73
    * Integral transformation done. Elapsed time: 0.08

       - jop, kop                                  0.00
       - denom                                     0.02
     guess   0:   closed 111111......         open ............        
     guess   1:   closed 11111.......         open .....11.....        

  === FCI iteration ===

      0  0      -386.63769499     3.72e-04      0.60
      0  1      -386.50983579     3.72e-04      0.00

      1  0      -386.74856920     1.88e-04      0.60
      1  1      -386.61917313     1.94e-04      0.00

      2  0      -386.77076770     9.16e-05      0.61
      2  1      -386.64457607     1.02e-04      0.00

      3  0      -386.77524266     3.95e-05      0.61
      3  1      -386.65089701     5.56e-05      0.00

      4  0      -386.77596342     1.61e-05      0.62
      4  1      -386.65280715     3.30e-05      0.00

      5  0      -386.77607654     6.93e-06      0.62
      5  1      -386.65351943     2.10e-05      0.00

      6  0      -386.77609861     3.41e-06      0.61
      6  1      -386.65378365     1.25e-05      0.00

      7  0      -386.77610403     1.82e-06      0.61
      7  1      -386.65387210     6.90e-06      0.00

      8  0      -386.77610562     9.18e-07      0.62
      8  1      -386.65390281     4.39e-06      0.00

      9  0      -386.77610604     4.81e-07      0.61
      9  1      -386.65391752     3.31e-06      0.00

     10  0      -386.77610616     2.51e-07      0.62
     10  1      -386.65392520     2.32e-06      0.00

     11  0      -386.77610619     1.20e-07      0.62
     11  1      -386.65392861     1.47e-06      0.00

     12  0      -386.77610619     5.56e-08      0.62
     12  1      -386.65392994     9.23e-07      0.00

     13  0      -386.77610619     2.64e-08      0.62
     13  1      -386.65393044     5.66e-07      0.00

     14  0      -386.77610619     1.31e-08      0.62
     14  1      -386.65393061     3.19e-07      0.00

     15  0      -386.77610619     6.41e-09      0.62
     15  1      -386.65393066     1.72e-07      0.00

     16  0      -386.77610619     3.00e-09      0.63
     16  1      -386.65393067     9.64e-08      0.00

     17  0      -386.77610619     1.51e-09      0.63
     17  1      -386.65393068     5.96e-08      0.00

     18  0      -386.77610619     7.97e-10      0.63
     18  1      -386.65393068     3.75e-08      0.00

     19  0      -386.77610619     4.09e-10      0.64
     19  1      -386.65393068     2.25e-08      0.00
    ** throwing out 2 trial vectors **

     20  0      -386.77610619     1.97e-10      0.64
     20  1      -386.65393068     1.29e-08      0.00
    ** throwing out 2 trial vectors **

     21  0 *    -386.77610619     8.72e-11      0.54
     21  1      -386.65393068     7.13e-09      0.00
    ** throwing out 1 trial vectors **

     22  0 *    -386.77610619     7.50e-11      0.34
     22  1      -386.65393068     3.84e-09      0.00
    ** throwing out 1 trial vectors **

     23  0 *    -386.77610619     7.23e-11      0.34
     23  1      -386.65393068     2.04e-09      0.00
    ** throwing out 1 trial vectors **

     24  0 *    -386.77610619     7.19e-11      0.34
     24  1      -386.65393068     1.11e-09      0.00
    ** throwing out 1 trial vectors **

     25  0 *    -386.77610619     7.18e-11      0.34
     25  1      -386.65393068     6.35e-10      0.00
    ** throwing out 1 trial vectors **

     26  0 *    -386.77610619     7.18e-11      0.34
     26  1      -386.65393068     3.61e-10      0.00
    ** throwing out 1 trial vectors **

     27  0 *    -386.77610619     7.18e-11      0.34
     27  1      -386.65393068     2.01e-10      0.00
    ** throwing out 1 trial vectors **

     28  0 *    -386.77610619     7.18e-11      0.34
     28  1      -386.65393068     1.16e-10      0.00
    ** throwing out 1 trial vectors **

     29  0 *    -386.77610619     7.17e-11      0.24
     29  1 *    -386.65393068     7.14e-11      0.00

     * ci vector   0, <S^2> = 0.0000, E =     -386.77610619
       222222......     0.8245986309
       22222ab.....    -0.2511856465
       22222ba.....    -0.2511856465
       22222..2....    -0.0776012290
       2222.2.2....    -0.0699912627
       222.22..2...    -0.0669943151
       222a2bb.a...    -0.0515232176
       222b2aa.b...    -0.0515232176
       22.222.2....    -0.0513221255
       22.222...2..    -0.0507384053

     * ci vector   1, <S^2> = 0.0000, E =     -386.65393068
       22222ab.....    -0.5686958500
       22222ba.....    -0.5686958500
       222222......    -0.3417152600
       22222..2....     0.0787990161
       2222abba....    -0.0762104435
       2222baab....    -0.0762104435
       2b222a2.....     0.0643081334
       2a222b2.....     0.0643081334
       222a2bb.a...    -0.0634017397
       222b2aa.b...    -0.0634017397
       2222.ab2....     0.0590586477
       2222.ba2....     0.0590586477
       2222aabb....     0.0568216069
       2222bbaa....     0.0568216069
       222.2ab.2...     0.0523195473
       222.2ba.2...     0.0523195473
       - FCI and RDMs                             17.70
    * Integral transformation done. Elapsed time: 0.08

       - jop, kop                                  0.00
       - denom                                     0.02
     guess   0:   closed 111111......         open ............        
     guess   1:   closed 11111.......         open .....11.....        

  === FCI iteration ===

      0  0      -386.63759451     3.72e-04      0.60
      0  1      -386.50996025     3.72e-04      0.00

      1  0      -386.74845224     1.88e-04      0.60
      1  1      -386.61920111     1.94e-04      0.00

      2  0      -386.77075419     9.19e-05      0.60
      2  1      -386.64462825     1.02e-04      0.00

      3  0      -386.77526498     3.98e-05      0.60
      3  1      -386.65095196     5.56e-05      0.00

      4  0      -386.77599365     1.63e-05      0.60
      4  1      -386.65285559     3.29e-05      0.00

      5  0      -386.77610848     6.98e-06      0.60
      5  1      -386.65356123     2.09e-05      0.00

      6  0      -386.77613069     3.42e-06      0.63
      6  1      -386.65382265     1.24e-05      0.00

      7  0      -386.77613612     1.81e-06      0.64
      7  1      -386.65391056     6.90e-06      0.00

      8  0      -386.77613770     9.10e-07      0.64
      8  1      -386.65394129     4.41e-06      0.00

      9  0      -386.77613811     4.77e-07      0.64
      9  1      -386.65395615     3.35e-06      0.00

     10  0      -386.77613822     2.51e-07      0.64
     10  1      -386.65396398     2.36e-06      0.00

     11  0      -386.77613825     1.21e-07      0.64
     11  1      -386.65396745     1.49e-06      0.00

     12  0      -386.77613826     5.58e-08      0.64
     12  1      -386.65396879     9.35e-07      0.00

     13  0      -386.77613826     2.65e-08      0.65
     13  1      -386.65396929     5.75e-07      0.00

     14  0      -386.77613826     1.33e-08      0.65
     14  1      -386.65396947     3.24e-07      0.00

     15  0      -386.77613826     6.48e-09      0.64
     15  1      -386.65396952     1.74e-07      0.00

     16  0      -386.77613826     3.02e-09      0.62
     16  1      -386.65396954     9.71e-08      0.00

     17  0      -386.77613826     1.52e-09      0.63
     17  1      -386.65396954     6.02e-08      0.00

     18  0      -386.77613826     8.01e-10      0.63
     18  1      -386.65396954     3.82e-08      0.00

     19  0      -386.77613826     4.13e-10      0.62
     19  1      -386.65396954     2.31e-08      0.00
    ** throwing out 2 trial vectors **

     20  0      -386.77613826     2.01e-10      0.63
     20  1      -386.65396954     1.33e-08      0.00
    ** throwing out 2 trial vectors **

     21  0 *    -386.77613826     8.95e-11      0.53
     21  1      -386.65396954     7.38e-09      0.00
    ** throwing out 1 trial vectors **

     22  0 *    -386.77613826     7.68e-11      0.33
     22  1      -386.65396954     3.97e-09      0.00
    ** throwing out 1 trial vectors **

     23  0 *    -386.77613826     7.36e-11      0.33
     23  1      -386.65396954     2.09e-09      0.00
    ** throwing out 1 trial vectors **

     24  0 *    -386.77613826     7.32e-11      0.34
     24  1      -386.65396954     1.12e-09      0.00
    ** throwing out 1 trial vectors **

     25  0 *    -386.77613826     7.31e-11      0.35
     25  1      -386.65396954     6.36e-10      0.00
    ** throwing out 1 trial vectors **

     26  0 *    -386.77613826     7.31e-11      0.35
     26  1      -386.65396954     3.62e-10      0.00
    ** throwing out 1 trial vectors **

     27  0 *    -386.77613826     7.31e-11      0.35
     27  1      -386.65396954     2.02e-10      0.00
    ** throwing out 1 trial vectors **

     28  0 *    -386.77613826     7.31e-11      0.35
     28  1      -386.65396954     1.17e-10      0.00
    ** throwing out 1 trial vectors **

     29  0 *    -386.77613826     7.30e-11      0.24
     29  1 *    -386.65396954     6.96e-11      0.00

     * ci vector   0, <S^2> = 0.0000, E =     -386.77613826
       222222......    -0.8270613566
       22222ab.....     0.2462596954
       22222ba.....     0.2462596954
       22222..2....     0.0782624778
       2222.2.2....     0.0691637951
       222.22..2...     0.0667364381
       222a2bb.a...     0.0509957185
       222b2aa.b...     0.0509957185
       22.222.2....     0.0509736613
       22.222...2..     0.0502791167

     * ci vector   1, <S^2> = -0.0000, E =     -386.65396954
       22222ab.....     0.5708202371
       22222ba.....     0.5708202371
       222222......     0.3350690341
       22222..2....    -0.0783617100
       2222abba....    -0.0761081349
       2222baab....    -0.0761081349
       222a2bb.a...     0.0631576218
       222b2aa.b...     0.0631576218
       2b222a2.....    -0.0623661818
       2a222b2.....    -0.0623661818
       2222.ab2....    -0.0584703061
       2222.ba2....    -0.0584703061
       2222aabb....     0.0564733186
       2222bbaa....     0.0564733186
       222.2ab.2...    -0.0520224224
       222.2ba.2...    -0.0520224224
       - FCI and RDMs                             17.98
    * Integral transformation done. Elapsed time: 0.08

       - jop, kop                                  0.00
       - denom                                     0.02
     guess   0:   closed 111111......         open ............        
     guess   1:   closed 11111.......         open .....11.....        

  === FCI iteration ===

      0  0      -386.63750393     3.72e-04      0.60
      0  1      -386.50996764     3.72e-04      0.00

      1  0      -386.74837319     1.88e-04      0.61
      1  1      -386.61919169     1.94e-04      0.00

      2  0      -386.77072171     9.20e-05      0.60
      2  1      -386.64464277     1.02e-04      0.00

      3  0      -386.77524842     3.99e-05      0.60
      3  1      -386.65097200     5.56e-05      0.00

      4  0      -386.77598114     1.63e-05      0.60
      4  1      -386.65287509     3.29e-05      0.00

      5  0      -386.77609689     7.00e-06      0.60
      5  1      -386.65357828     2.08e-05      0.00

      6  0      -386.77611923     3.43e-06      0.61
      6  1      -386.65383897     1.24e-05      0.00

      7  0      -386.77612468     1.81e-06      0.61
      7  1      -386.65392692     6.91e-06      0.00

      8  0      -386.77612626     9.10e-07      0.61
      8  1      -386.65395780     4.43e-06      0.00

      9  0      -386.77612667     4.76e-07      0.61
      9  1      -386.65397282     3.38e-06      0.00

     10  0      -386.77612679     2.51e-07      0.61
     10  1      -386.65398077     2.38e-06      0.00

     11  0      -386.77612681     1.21e-07      0.61
     11  1      -386.65398428     1.50e-06      0.00

     12  0      -386.77612682     5.60e-08      0.61
     12  1      -386.65398563     9.44e-07      0.00

     13  0      -386.77612682     2.66e-08      0.62
     13  1      -386.65398614     5.80e-07      0.00

     14  0      -386.77612682     1.34e-08      0.62
     14  1      -386.65398631     3.27e-07      0.00

     15  0      -386.77612682     6.54e-09      0.62
     15  1      -386.65398637     1.75e-07      0.00

     16  0      -386.77612682     3.05e-09      0.63
     16  1      -386.65398638     9.74e-08      0.00

     17  0      -386.77612682     1.54e-09      0.62
     17  1      -386.65398639     6.04e-08      0.00

     18  0      -386.77612682     8.08e-10      0.62
     18  1      -386.65398639     3.85e-08      0.00

     19  0      -386.77612682     4.18e-10      0.62
     19  1      -386.65398639     2.33e-08      0.00
    ** throwing out 2 trial vectors **

     20  0      -386.77612682     2.04e-10      0.63
     20  1      -386.65398639     1.35e-08      0.00
    ** throwing out 2 trial vectors **

     21  0 *    -386.77612682     9.08e-11      0.54
     21  1      -386.65398639     7.48e-09      0.00
    ** throwing out 1 trial vectors **

     22  0 *    -386.77612682     7.81e-11      0.33
     22  1      -386.65398639     4.02e-09      0.00
    ** throwing out 1 trial vectors **

     23  0 *    -386.77612682     7.47e-11      0.33
     23  1      -386.65398639     2.11e-09      0.00
    ** throwing out 1 trial vectors **

     24  0 *    -386.77612682     7.44e-11      0.33
     24  1      -386.65398639     1.13e-09      0.00
    ** throwing out 1 trial vectors **

     25  0 *    -386.77612682     7.42e-11      0.34
     25  1      -386.65398639     6.36e-10      0.00
    ** throwing out 1 trial vectors **

     26  0 *    -386.77612682     7.42e-11      0.33
     26  1      -386.65398639     3.62e-10      0.00
    ** throwing out 1 trial vectors **

     27  0 *    -386.77612682     7.42e-11      0.33
     27  1      -386.65398639     2.01e-10      0.00
    ** throwing out 1 trial vectors **

     28  0 *    -386.77612682     7.43e-11      0.33
     28  1      -386.65398639     1.16e-10      0.00
    ** throwing out 1 trial vectors **

     29  0 *    -386.77612682     7.41e-11      0.24
     29  1 *    -386.65398639     6.96e-11      0.00

     * ci vector   0, <S^2> = 0.0000, E =     -386.77612682
       222222......    -0.8280146684
       22222ba.....     0.2442974530
       22222ab.....     0.2442974530
       22222..2....     0.0787243933
       2222.2.2....     0.0686665353
       222.22..2...     0.0666111108
       22.222.2....     0.0507930363
       222b2aa.b...     0.0507504944
       222a2bb.a...     0.0507504944

     * ci vector   1, <S^2> = 0.0000, E =     -386.65398639
       22222ba.....    -0.5716192389
       22222ab.....    -0.5716192389
       222222......    -0.3325774470
       22222..2....     0.0783533328
       2222baab....     0.0761220667
       2222abba....     0.0761220667
       222b2aa.b...    -0.0630372963
       222a2bb.a...    -0.0630372963
       2a222b2.....    -0.0615534589
       2b222a2.....    -0.0615534589
       2222.ba2....     0.0581694119
       2222.ab2....     0.0581694119
       2222bbaa....    -0.0563842508
       2222aabb....    -0.0563842508
       222.2ba.2...     0.0518807760
       222.2ab.2...     0.0518807760
       22222.ab....    -0.0501225138
       22222.ba....    -0.0501225138
       - FCI and RDMs                             17.56
    * Integral transformation done. Elapsed time: 0.08

       - jop, kop                                  0.00
       - denom                                     0.02
     guess   0:   closed 111111......         open ............        
     guess   1:   closed 11111.......         open .....11.....        

  === FCI iteration ===

      0  0      -386.63746171     3.72e-04      0.60
      0  1      -386.50995588     3.72e-04      0.00

      1  0      -386.74833579     1.88e-04      0.61
      1  1      -386.61918304     1.94e-04      0.00

      2  0      -386.77070107     9.21e-05      0.60
      2  1      -386.64465131     1.02e-04      0.00

      3  0      -386.77523374     3.99e-05      0.60
      3  1      -386.65098549     5.56e-05      0.00

      4  0      -386.77596813     1.64e-05      0.60
      4  1      -386.65288941     3.29e-05      0.00

      5  0      -386.77608426     7.01e-06      0.61
      5  1      -386.65359191     2.08e-05      0.00

      6  0      -386.77610665     3.44e-06      0.61
      6  1      -386.65385241     1.24e-05      0.00

      7  0      -386.77611211     1.81e-06      0.62
      7  1      -386.65394037     6.92e-06      0.00

      8  0      -386.77611369     9.10e-07      0.62
      8  1      -386.65397128     4.44e-06      0.00

      9  0      -386.77611410     4.75e-07      0.61
      9  1      -386.65398636     3.39e-06      0.00

     10  0      -386.77611422     2.51e-07      0.62
     10  1      -386.65399434     2.39e-06      0.00

     11  0      -386.77611425     1.21e-07      0.62
     11  1      -386.65399787     1.50e-06      0.00

     12  0      -386.77611425     5.60e-08      0.62
     12  1      -386.65399922     9.47e-07      0.00

     13  0      -386.77611426     2.67e-08      0.62
     13  1      -386.65399973     5.82e-07      0.00

     14  0      -386.77611426     1.34e-08      0.62
     14  1      -386.65399990     3.28e-07      0.00

     15  0      -386.77611426     6.56e-09      0.62
     15  1      -386.65399996     1.75e-07      0.00

     16  0      -386.77611426     3.06e-09      0.62
     16  1      -386.65399997     9.74e-08      0.00

     17  0      -386.77611426     1.54e-09      0.63
     17  1      -386.65399998     6.05e-08      0.00

     18  0      -386.77611426     8.12e-10      0.62
     18  1      -386.65399998     3.86e-08      0.00

     19  0      -386.77611426     4.21e-10      0.63
     19  1      -386.65399998     2.34e-08      0.00
    ** throwing out 2 trial vectors **

     20  0      -386.77611426     2.05e-10      0.64
     20  1      -386.65399998     1.35e-08      0.00
    ** throwing out 2 trial vectors **

     21  0 *    -386.77611426     9.14e-11      0.54
     21  1      -386.65399998     7.50e-09      0.00
    ** throwing out 1 trial vectors **

     22  0 *    -386.77611426     7.87e-11      0.33
     22  1      -386.65399998     4.03e-09      0.00
    ** throwing out 1 trial vectors **

     23  0 *    -386.77611426     7.54e-11      0.33
     23  1      -386.65399998     2.11e-09      0.00
    ** throwing out 1 trial vectors **

     24  0 *    -386.77611426     7.50e-11      0.34
     24  1      -386.65399998     1.13e-09      0.00
    ** throwing out 1 trial vectors **

     25  0 *    -386.77611426     7.48e-11      0.33
     25  1      -386.65399998     6.35e-10      0.00
    ** throwing out 1 trial vectors **

     26  0 *    -386.77611426     7.49e-11      0.33
     26  1      -386.65399998     3.62e-10      0.00
    ** throwing out 1 trial vectors **

     27  0 *    -386.77611426     7.48e-11      0.33
     27  1      -386.65399998     2.01e-10      0.00
    ** throwing out 1 trial vectors **

     28  0 *    -386.77611426     7.49e-11      0.34
     28  1      -386.65399998     1.16e-10      0.00
    ** throwing out 1 trial vectors **

     29  0 *    -386.77611426     7.47e-11      0.24
     29  1 *    -386.65399998     6.95e-11      0.00

     * ci vector   0, <S^2> = -0.0000, E =     -386.77611426
       222222......     0.8283825659
       22222ab.....    -0.2435460779
       22222ba.....    -0.2435460779
       22222..2....    -0.0789658494
       2222.2.2....    -0.0684194830
       222.22..2...    -0.0665722656
       22.222.2....    -0.0507046290
       222a2bb.a...    -0.0506493113
       222b2aa.b...    -0.0506493113
       22222a.b....    -0.0500744125
       22222b.a....    -0.0500744125

     * ci vector   1, <S^2> = 0.0000, E =     -386.65399998
       22222ab.....     0.5718979158
       22222ba.....     0.5718979158
       222222......     0.3316439521
       22222..2....    -0.0784083933
       2222abba....     0.0761292155
       2222baab....     0.0761292155
       222a2bb.a...     0.0629855743
       222b2aa.b...     0.0629855743
       2b222a2.....     0.0613082291
       2a222b2.....     0.0613082291
       2222.ab2....    -0.0580285671
       2222.ba2....    -0.0580285671
       2222aabb....    -0.0563255250
       2222bbaa....    -0.0563255250
       222.2ab.2...    -0.0518281592
       222.2ba.2...    -0.0518281592
       22222.ba....     0.0504056239
       22222.ab....     0.0504056239
       - FCI and RDMs                             17.64
    * Integral transformation done. Elapsed time: 0.08

       - jop, kop                                  0.00
       - denom                                     0.02
     guess   0:   closed 111111......         open ............        
     guess   1:   closed 11111.......         open .....11.....        

  === FCI iteration ===

      0  0      -386.63743969     3.72e-04      0.60
      0  1      -386.50994679     3.72e-04      0.00

      1  0      -386.74831615     1.88e-04      0.61
      1  1      -386.61917871     1.94e-04      0.00

      2  0      -386.77068885     9.21e-05      0.60
      2  1      -386.64465695     1.02e-04      0.00

      3  0      -386.77522429     3.99e-05      0.60
      3  1      -386.65099391     5.57e-05      0.00

      4  0      -386.77595952     1.64e-05      0.60
      4  1      -386.65289833     3.29e-05      0.00

      5  0      -386.77607585     7.02e-06      0.61
      5  1      -386.65360057     2.08e-05      0.00

      6  0      -386.77609827     3.44e-06      0.61
      6  1      -386.65386098     1.24e-05      0.00

      7  0      -386.77610373     1.81e-06      0.61
      7  1      -386.65394895     6.92e-06      0.00

      8  0      -386.77610531     9.10e-07      0.61
      8  1      -386.65397987     4.44e-06      0.00

      9  0      -386.77610572     4.75e-07      0.61
      9  1      -386.65399497     3.39e-06      0.00

     10  0      -386.77610584     2.51e-07      0.61
     10  1      -386.65400296     2.40e-06      0.00

     11  0      -386.77610587     1.21e-07      0.63
     11  1      -386.65400650     1.51e-06      0.00

     12  0      -386.77610587     5.60e-08      0.62
     12  1      -386.65400785     9.48e-07      0.00

     13  0      -386.77610587     2.67e-08      0.62
     13  1      -386.65400836     5.83e-07      0.00

     14  0      -386.77610587     1.34e-08      0.62
     14  1      -386.65400853     3.29e-07      0.00

     15  0      -386.77610587     6.58e-09      0.62
     15  1      -386.65400859     1.75e-07      0.00

     16  0      -386.77610587     3.07e-09      0.63
     16  1      -386.65400861     9.74e-08      0.00

     17  0      -386.77610587     1.55e-09      0.63
     17  1      -386.65400861     6.04e-08      0.00

     18  0      -386.77610587     8.14e-10      0.62
     18  1      -386.65400861     3.86e-08      0.00

     19  0      -386.77610587     4.22e-10      0.63
     19  1      -386.65400861     2.34e-08      0.00
    ** throwing out 2 trial vectors **

     20  0      -386.77610587     2.06e-10      0.64
     20  1      -386.65400861     1.35e-08      0.00
    ** throwing out 2 trial vectors **

     21  0 *    -386.77610587     9.16e-11      0.54
     21  1      -386.65400861     7.50e-09      0.00
    ** throwing out 1 trial vectors **

     22  0 *    -386.77610587     7.90e-11      0.33
     22  1      -386.65400861     4.03e-09      0.00
    ** throwing out 1 trial vectors **

     23  0 *    -386.77610587     7.57e-11      0.34
     23  1      -386.65400861     2.11e-09      0.00
    ** throwing out 1 trial vectors **

     24  0 *    -386.77610587     7.53e-11      0.34
     24  1      -386.65400861     1.13e-09      0.00
    ** throwing out 1 trial vectors **

     25  0 *    -386.77610587     7.52e-11      0.34
     25  1      -386.65400861     6.35e-10      0.00
    ** throwing out 1 trial vectors **

     26  0 *    -386.77610587     7.52e-11      0.33
     26  1      -386.65400861     3.60e-10      0.00
    ** throwing out 1 trial vectors **

     27  0 *    -386.77610587     7.52e-11      0.33
     27  1      -386.65400861     2.01e-10      0.00
    ** throwing out 1 trial vectors **

     28  0 *    -386.77610587     7.52e-11      0.34
     28  1      -386.65400861     1.16e-10      0.00
    ** throwing out 1 trial vectors **

     29  0 *    -386.77610587     7.51e-11      0.24
     29  1 *    -386.65400861     6.98e-11      0.00

     * ci vector   0, <S^2> = -0.0000, E =     -386.77610587
       222222......    -0.8285519133
       22222ba.....     0.2432028064
       22222ab.....     0.2432028064
       22222..2....     0.0790883072
       2222.2.2....     0.0682947938
       222.22..2...     0.0665641059
       22.222.2....     0.0506645551
       222b2aa.b...     0.0506032259
       222a2bb.a...     0.0506032259
       22222b.a....    -0.0502227993
       22222a.b....    -0.0502227993

     * ci vector   1, <S^2> = 0.0000, E =     -386.65400861
       22222ba.....    -0.5720190183
       22222ab.....    -0.5720190183
       222222......    -0.3312186978
       22222..2....     0.0784493749
       2222baab....     0.0761333437
       2222abba....     0.0761333437
       222b2aa.b...    -0.0629630865
       222a2bb.a...    -0.0629630865
       2a222b2.....    -0.0612211248
       2b222a2.....    -0.0612211248
       2222.ba2....     0.0579587789
       2222.ab2....     0.0579587789
       2222bbaa....    -0.0562881930
       2222aabb....    -0.0562881930
       222.2ba.2...     0.0518091370
       222.2ab.2...     0.0518091370
       22222.ab....     0.0505376143
       22222.ba....     0.0505376143
       - FCI and RDMs                             17.63
    * Integral transformation done. Elapsed time: 0.08

       - jop, kop                                  0.00
       - denom                                     0.02
     guess   0:   closed 111111......         open ............        
     guess   1:   closed 11111.......         open .....11.....        

  === FCI iteration ===

      0  0      -386.63742784     3.72e-04      0.59
      0  1      -386.50994115     3.72e-04      0.00

      1  0      -386.74830551     1.88e-04      0.60
      1  1      -386.61917678     1.95e-04      0.00

      2  0      -386.77068186     9.21e-05      0.60
      2  1      -386.64466052     1.02e-04      0.00

      3  0      -386.77521871     4.00e-05      0.60
      3  1      -386.65099890     5.57e-05      0.00

      4  0      -386.77595440     1.64e-05      0.60
      4  1      -386.65290354     3.29e-05      0.00

      5  0      -386.77607083     7.02e-06      0.60
      5  1      -386.65360566     2.08e-05      0.00

      6  0      -386.77609326     3.44e-06      0.60
      6  1      -386.65386603     1.24e-05      0.00

      7  0      -386.77609873     1.81e-06      0.60
      7  1      -386.65395399     6.92e-06      0.00

      8  0      -386.77610031     9.11e-07      0.64
      8  1      -386.65398493     4.44e-06      0.00

      9  0      -386.77610072     4.75e-07      0.65
      9  1      -386.65400003     3.39e-06      0.00

     10  0      -386.77610083     2.51e-07      0.65
     10  1      -386.65400803     2.40e-06      0.00

     11  0      -386.77610086     1.21e-07      0.64
     11  1      -386.65401157     1.51e-06      0.00

     12  0      -386.77610087     5.60e-08      0.64
     12  1      -386.65401292     9.49e-07      0.00

     13  0      -386.77610087     2.67e-08      0.65
     13  1      -386.65401343     5.83e-07      0.00

     14  0      -386.77610087     1.34e-08      0.64
     14  1      -386.65401361     3.29e-07      0.00

     15  0      -386.77610087     6.58e-09      0.62
     15  1      -386.65401366     1.75e-07      0.00

     16  0      -386.77610087     3.07e-09      0.63
     16  1      -386.65401368     9.74e-08      0.00

     17  0      -386.77610087     1.55e-09      0.63
     17  1      -386.65401368     6.04e-08      0.00

     18  0      -386.77610087     8.15e-10      0.63
     18  1      -386.65401368     3.86e-08      0.00

     19  0      -386.77610087     4.22e-10      0.63
     19  1      -386.65401369     2.34e-08      0.00
    ** throwing out 2 trial vectors **

     20  0      -386.77610087     2.06e-10      0.63
     20  1      -386.65401369     1.35e-08      0.00
    ** throwing out 2 trial vectors **

     21  0 *    -386.77610087     9.18e-11      0.53
     21  1      -386.65401369     7.50e-09      0.00
    ** throwing out 1 trial vectors **

     22  0 *    -386.77610087     7.92e-11      0.33
     22  1      -386.65401369     4.03e-09      0.00
    ** throwing out 1 trial vectors **

     23  0 *    -386.77610087     7.59e-11      0.33
     23  1      -386.65401369     2.11e-09      0.00
    ** throwing out 1 trial vectors **

     24  0 *    -386.77610087     7.55e-11      0.33
     24  1      -386.65401369     1.13e-09      0.00
    ** throwing out 1 trial vectors **

     25  0 *    -386.77610087     7.54e-11      0.34
     25  1      -386.65401369     6.34e-10      0.00
    ** throwing out 1 trial vectors **

     26  0 *    -386.77610087     7.54e-11      0.35
     26  1      -386.65401369     3.60e-10      0.00
    ** throwing out 1 trial vectors **

     27  0 *    -386.77610087     7.53e-11      0.35
     27  1      -386.65401369     2.01e-10      0.00
    ** throwing out 1 trial vectors **

     28  0 *    -386.77610087     7.54e-11      0.35
     28  1      -386.65401369     1.16e-10      0.00
    ** throwing out 1 trial vectors **

     29  0 *    -386.77610087     7.53e-11      0.24
     29  1 *    -386.65401369     6.98e-11      0.00

     * ci vector   0, <S^2> = 0.0000, E =     -386.77610087
       222222......     0.8286354770
       22222ab.....     0.2430340237
       22222ba.....     0.2430340237
       22222..2....    -0.0791501496
       2222.2.2....    -0.0682308286
       222.22..2...    -0.0665640722
       22.222.2....    -0.0506463722
       222b2aa.b...     0.0505808479
       222a2bb.a...     0.0505808479
       22222b.a....     0.0502926344
       22222a.b....     0.0502926344

     * ci vector   1, <S^2> = 0.0000, E =     -386.65401369
       22222ab.....    -0.5720772645
       22222ba.....    -0.5720772645
       222222......     0.3310090779
       22222..2....    -0.0784727308
       2222baab....     0.0761353985
       2222abba....     0.0761353985
       222b2aa.b...    -0.0629526500
       222a2bb.a...    -0.0629526500
       2b222a2.....     0.0611874172
       2a222b2.....     0.0611874172
       2222.ab2....     0.0579229341
       2222.ba2....     0.0579229341
       2222bbaa....    -0.0562661338
       2222aabb....    -0.0562661338
       222.2ba.2...     0.0518019335
       222.2ab.2...     0.0518019335
       22222.ba....     0.0505993313
       22222.ab....     0.0505993313
       - FCI and RDMs                             17.89
    * Integral transformation done. Elapsed time: 0.08

       - jop, kop                                  0.00
       - denom                                     0.02
     guess   0:   closed 111111......         open ............        
     guess   1:   closed 11111.......         open .....11.....        

  === FCI iteration ===

      0  0      -386.63742140     3.72e-04      0.60
      0  1      -386.50993790     3.72e-04      0.00

      1  0      -386.74829971     1.88e-04      0.60
      1  1      -386.61917599     1.95e-04      0.00

      2  0      -386.77067792     9.21e-05      0.60
      2  1      -386.64466270     1.02e-04      0.00

      3  0      -386.77521553     4.00e-05      0.60
      3  1      -386.65100179     5.57e-05      0.00

      4  0      -386.77595146     1.64e-05      0.61
      4  1      -386.65290651     3.29e-05      0.00

      5  0      -386.77606795     7.02e-06      0.61
      5  1      -386.65360857     2.08e-05      0.00

      6  0      -386.77609039     3.44e-06      0.61
      6  1      -386.65386891     1.24e-05      0.00

      7  0      -386.77609586     1.82e-06      0.61
      7  1      -386.65395687     6.92e-06      0.00

      8  0      -386.77609744     9.11e-07      0.61
      8  1      -386.65398781     4.44e-06      0.00

      9  0      -386.77609785     4.75e-07      0.61
      9  1      -386.65400291     3.40e-06      0.00

     10  0      -386.77609796     2.51e-07      0.61
     10  1      -386.65401091     2.40e-06      0.00

     11  0      -386.77609799     1.21e-07      0.61
     11  1      -386.65401446     1.51e-06      0.00

     12  0      -386.77609800     5.61e-08      0.61
     12  1      -386.65401581     9.49e-07      0.00

     13  0      -386.77609800     2.67e-08      0.62
     13  1      -386.65401632     5.83e-07      0.00

     14  0      -386.77609800     1.34e-08      0.62
     14  1      -386.65401650     3.29e-07      0.00

     15  0      -386.77609800     6.58e-09      0.62
     15  1      -386.65401655     1.75e-07      0.00

     16  0      -386.77609800     3.07e-09      0.62
     16  1      -386.65401657     9.74e-08      0.00

     17  0      -386.77609800     1.55e-09      0.61
     17  1      -386.65401657     6.04e-08      0.00

     18  0      -386.77609800     8.16e-10      0.62
     18  1      -386.65401657     3.86e-08      0.00

     19  0      -386.77609800     4.23e-10      0.63
     19  1      -386.65401658     2.34e-08      0.00
    ** throwing out 2 trial vectors **

     20  0      -386.77609800     2.06e-10      0.64
     20  1      -386.65401658     1.35e-08      0.00
    ** throwing out 2 trial vectors **

     21  0 *    -386.77609800     9.19e-11      0.54
     21  1      -386.65401658     7.50e-09      0.00
    ** throwing out 1 trial vectors **

     22  0 *    -386.77609800     7.93e-11      0.33
     22  1      -386.65401658     4.03e-09      0.00
    ** throwing out 1 trial vectors **

     23  0 *    -386.77609800     7.59e-11      0.33
     23  1      -386.65401658     2.11e-09      0.00
    ** throwing out 1 trial vectors **

     24  0 *    -386.77609800     7.56e-11      0.34
     24  1      -386.65401658     1.13e-09      0.00
    ** throwing out 1 trial vectors **

     25  0 *    -386.77609800     7.54e-11      0.34
     25  1      -386.65401658     6.34e-10      0.00
    ** throwing out 1 trial vectors **

     26  0 *    -386.77609800     7.55e-11      0.34
     26  1      -386.65401658     3.60e-10      0.00
    ** throwing out 1 trial vectors **

     27  0 *    -386.77609800     7.54e-11      0.33
     27  1      -386.65401658     2.01e-10      0.00
    ** throwing out 1 trial vectors **

     28  0 *    -386.77609800     7.55e-11      0.33
     28  1      -386.65401658     1.16e-10      0.00
    ** throwing out 1 trial vectors **

     29  0 *    -386.77609800     7.54e-11      0.24
     29  1 *    -386.65401658     6.97e-11      0.00

     * ci vector   0, <S^2> = -0.0000, E =     -386.77609800
       222222......     0.8286781937
       22222ba.....     0.2429478958
       22222ab.....     0.2429478958
       22222..2....    -0.0791815376
       2222.2.2....    -0.0681976029
       222.22..2...    -0.0665655716
       22.222.2....    -0.0506380073
       222b2aa.b...     0.0505695128
       222a2bb.a...     0.0505695128
       22222b.a....     0.0503273036
       22222a.b....     0.0503273036

     * ci vector   1, <S^2> = 0.0000, E =     -386.65401658
       22222ba.....    -0.5721067832
       22222ab.....    -0.5721067828
       222222......     0.3309017929
       22222..2....    -0.0784849614
       2222baab....     0.0761362546
       2222abba....     0.0761362545
       222b2aa.b...    -0.0629474951
       222a2bb.a...    -0.0629474951
       2a222b2.....     0.0611737121
       2b222a2.....     0.0611737121
       2222.ba2....     0.0579041393
       2222.ab2....     0.0579041393
       2222bbaa....    -0.0562535295
       2222aabb....    -0.0562535295
       222.2ba.2...     0.0517990593
       222.2ab.2...     0.0517990593
       22222.ab....     0.0506285696
       22222.ba....     0.0506285696
       - FCI and RDMs                             17.53
    * Integral transformation done. Elapsed time: 0.08

       - jop, kop                                  0.00
       - denom                                     0.02
     guess   0:   closed 111111......         open ............        
     guess   1:   closed 11111.......         open .....11.....        

  === FCI iteration ===

      0  0      -386.63741789     3.72e-04      0.60
      0  1      -386.50993609     3.72e-04      0.00

      1  0      -386.74829655     1.88e-04      0.60
      1  1      -386.61917571     1.95e-04      0.00

      2  0      -386.77067573     9.21e-05      0.61
      2  1      -386.64466400     1.02e-04      0.00

      3  0      -386.77521374     4.00e-05      0.61
      3  1      -386.65100343     5.57e-05      0.00

      4  0      -386.77594981     1.64e-05      0.61
      4  1      -386.65290818     3.29e-05      0.00

      5  0      -386.77606633     7.02e-06      0.61
      5  1      -386.65361020     2.08e-05      0.00

      6  0      -386.77608877     3.44e-06      0.61
      6  1      -386.65387053     1.24e-05      0.00

      7  0      -386.77609424     1.82e-06      0.61
      7  1      -386.65395849     6.92e-06      0.00

      8  0      -386.77609582     9.11e-07      0.61
      8  1      -386.65398942     4.44e-06      0.00

      9  0      -386.77609623     4.75e-07      0.61
      9  1      -386.65400453     3.40e-06      0.00

     10  0      -386.77609635     2.51e-07      0.62
     10  1      -386.65401254     2.40e-06      0.00

     11  0      -386.77609637     1.21e-07      0.61
     11  1      -386.65401608     1.51e-06      0.00

     12  0      -386.77609638     5.61e-08      0.62
     12  1      -386.65401743     9.49e-07      0.00

     13  0      -386.77609638     2.67e-08      0.62
     13  1      -386.65401794     5.83e-07      0.00

     14  0      -386.77609638     1.34e-08      0.62
     14  1      -386.65401812     3.29e-07      0.00

     15  0      -386.77609638     6.58e-09      0.62
     15  1      -386.65401817     1.75e-07      0.00

     16  0      -386.77609638     3.07e-09      0.62
     16  1      -386.65401819     9.74e-08      0.00

     17  0      -386.77609638     1.55e-09      0.62
     17  1      -386.65401820     6.04e-08      0.00

     18  0      -386.77609638     8.16e-10      0.63
     18  1      -386.65401820     3.86e-08      0.00

     19  0      -386.77609638     4.23e-10      0.63
     19  1      -386.65401820     2.34e-08      0.00
    ** throwing out 2 trial vectors **

     20  0      -386.77609638     2.06e-10      0.64
     20  1      -386.65401820     1.35e-08      0.00
    ** throwing out 2 trial vectors **

     21  0 *    -386.77609638     9.19e-11      0.54
     21  1      -386.65401820     7.50e-09      0.00
    ** throwing out 1 trial vectors **

     22  0 *    -386.77609638     7.93e-11      0.33
     22  1      -386.65401820     4.03e-09      0.00
    ** throwing out 1 trial vectors **

     23  0 *    -386.77609638     7.60e-11      0.33
     23  1      -386.65401820     2.11e-09      0.00
    ** throwing out 1 trial vectors **

     24  0 *    -386.77609638     7.56e-11      0.33
     24  1      -386.65401820     1.13e-09      0.00
    ** throwing out 1 trial vectors **

     25  0 *    -386.77609638     7.55e-11      0.33
     25  1      -386.65401820     6.34e-10      0.00
    ** throwing out 1 trial vectors **

     26  0 *    -386.77609638     7.55e-11      0.33
     26  1      -386.65401820     3.60e-10      0.00
    ** throwing out 1 trial vectors **

     27  0 *    -386.77609638     7.55e-11      0.33
     27  1      -386.65401820     2.01e-10      0.00
    ** throwing out 1 trial vectors **

     28  0 *    -386.77609638     7.55e-11      0.33
     28  1      -386.65401820     1.16e-10      0.00
    ** throwing out 1 trial vectors **

     29  0 *    -386.77609638     7.54e-11      0.24
     29  1 *    -386.65401820     6.97e-11      0.00

     * ci vector   0, <S^2> = -0.0000, E =     -386.77609638
       222222......    -0.8287005057
       22222ba.....    -0.2429029653
       22222ab.....    -0.2429029653
       22222..2....     0.0791975856
       2222.2.2....     0.0681801844
       222.22..2...     0.0665669308
       22.222.2....     0.0506341140
       222b2aa.b...     0.0505636162
       222a2bb.a...     0.0505636162
       22222b.a....    -0.0503450477
       22222a.b....    -0.0503450477

     * ci vector   1, <S^2> = -0.0000, E =     -386.65401820
       22222ba.....     0.5721221940
       22222ab.....     0.5721221939
       222222......    -0.3308457012
       22222..2....     0.0784911629
       2222baab....    -0.0761365358
       2222abba....    -0.0761365358
       222b2aa.b...    -0.0629448192
       222a2bb.a...    -0.0629448192
       2a222b2.....    -0.0611679604
       2b222a2.....    -0.0611679604
       2222.ba2....    -0.0578941648
       2222.ab2....    -0.0578941648
       2222bbaa....     0.0562464310
       2222aabb....     0.0562464310
       222.2ba.2...    -0.0517978550
       222.2ab.2...    -0.0517978550
       22222.ab....    -0.0506426015
       22222.ba....    -0.0506426014
       - FCI and RDMs                             17.58
    * Integral transformation done. Elapsed time: 0.08

       - jop, kop                                  0.00
       - denom                                     0.02
     guess   0:   closed 111111......         open ............        
     guess   1:   closed 11111.......         open .....11.....        

  === FCI iteration ===

      0  0      -386.63741598     3.72e-04      0.59
      0  1      -386.50993511     3.72e-04      0.00

      1  0      -386.74829482     1.88e-04      0.60
      1  1      -386.61917562     1.95e-04      0.00

      2  0      -386.77067452     9.21e-05      0.60
      2  1      -386.64466476     1.02e-04      0.00

      3  0      -386.77521275     4.00e-05      0.60
      3  1      -386.65100436     5.57e-05      0.00

      4  0      -386.77594888     1.64e-05      0.61
      4  1      -386.65290911     3.29e-05      0.00

      5  0      -386.77606543     7.02e-06      0.61
      5  1      -386.65361111     2.08e-05      0.00

      6  0      -386.77608787     3.44e-06      0.61
      6  1      -386.65387143     1.24e-05      0.00

      7  0      -386.77609334     1.82e-06      0.61
      7  1      -386.65395939     6.92e-06      0.00

      8  0      -386.77609492     9.11e-07      0.61
      8  1      -386.65399033     4.44e-06      0.00

      9  0      -386.77609533     4.75e-07      0.61
      9  1      -386.65400544     3.40e-06      0.00

     10  0      -386.77609544     2.51e-07      0.62
     10  1      -386.65401344     2.40e-06      0.00

     11  0      -386.77609547     1.21e-07      0.62
     11  1      -386.65401698     1.51e-06      0.00

     12  0      -386.77609548     5.61e-08      0.62
     12  1      -386.65401834     9.49e-07      0.00

     13  0      -386.77609548     2.67e-08      0.62
     13  1      -386.65401884     5.83e-07      0.00

     14  0      -386.77609548     1.34e-08      0.62
     14  1      -386.65401902     3.29e-07      0.00

     15  0      -386.77609548     6.59e-09      0.62
     15  1      -386.65401908     1.75e-07      0.00

     16  0      -386.77609548     3.08e-09      0.62
     16  1      -386.65401909     9.74e-08      0.00

     17  0      -386.77609548     1.55e-09      0.62
     17  1      -386.65401910     6.04e-08      0.00

     18  0      -386.77609548     8.16e-10      0.63
     18  1      -386.65401910     3.86e-08      0.00

     19  0      -386.77609548     4.23e-10      0.63
     19  1      -386.65401910     2.34e-08      0.00
    ** throwing out 2 trial vectors **

     20  0      -386.77609548     2.06e-10      0.64
     20  1      -386.65401910     1.35e-08      0.00
    ** throwing out 2 trial vectors **

     21  0 *    -386.77609548     9.19e-11      0.54
     21  1      -386.65401910     7.50e-09      0.00
    ** throwing out 1 trial vectors **

     22  0 *    -386.77609548     7.93e-11      0.33
     22  1      -386.65401910     4.03e-09      0.00
    ** throwing out 1 trial vectors **

     23  0 *    -386.77609548     7.60e-11      0.34
     23  1      -386.65401910     2.11e-09      0.00
    ** throwing out 1 trial vectors **

     24  0 *    -386.77609548     7.57e-11      0.33
     24  1      -386.65401910     1.13e-09      0.00
    ** throwing out 1 trial vectors **

     25  0 *    -386.77609548     7.55e-11      0.34
     25  1      -386.65401910     6.34e-10      0.00
    ** throwing out 1 trial vectors **

     26  0 *    -386.77609548     7.55e-11      0.34
     26  1      -386.65401910     3.60e-10      0.00
    ** throwing out 1 trial vectors **

     27  0 *    -386.77609548     7.55e-11      0.34
     27  1      -386.65401910     2.01e-10      0.00
    ** throwing out 1 trial vectors **

     28  0 *    -386.77609548     7.56e-11      0.33
     28  1      -386.65401910     1.16e-10      0.00
    ** throwing out 1 trial vectors **

     29  0 *    -386.77609548     7.55e-11      0.23
     29  1 *    -386.65401910     6.97e-11      0.00

     * ci vector   0, <S^2> = -0.0000, E =     -386.77609548
       222222......     0.8287123221
       22222ba.....     0.2428791981
       22222ab.....     0.2428791981
       22222..2....    -0.0792058500
       2222.2.2....    -0.0681709903
       222.22..2...    -0.0665678703
       22.222.2....    -0.0506322871
       222b2aa.b...    -0.0505604991
       222a2bb.a...    -0.0505604991
       22222b.a....     0.0503542816
       22222a.b....     0.0503542816

     * ci vector   1, <S^2> = -0.0000, E =     -386.65401910
       22222ba.....     0.5721303820
       22222ab.....     0.5721303820
       222222......    -0.3308159880
       22222..2....     0.0784942679
       2222baab....    -0.0761365836
       2222abba....    -0.0761365836
       222b2aa.b...    -0.0629433801
       222a2bb.a...    -0.0629433801
       2a222b2.....    -0.0611654897
       2b222a2.....    -0.0611654897
       2222.ba2....    -0.0578888321
       2222.ab2....    -0.0578888321
       2222bbaa....     0.0562424631
       2222aabb....     0.0562424631
       222.2ba.2...    -0.0517973266
       222.2ab.2...    -0.0517973266
       22222.ab....    -0.0506494103
       22222.ba....    -0.0506494102
       - FCI and RDMs                             17.58
    * Integral transformation done. Elapsed time: 0.08

       - jop, kop                                  0.00
       - denom                                     0.02
     guess   0:   closed 111111......         open ............        
     guess   1:   closed 11111.......         open .....11.....        

  === FCI iteration ===

      0  0      -386.63741493     3.72e-04      0.59
      0  1      -386.50993458     3.72e-04      0.00

      1  0      -386.74829387     1.88e-04      0.60
      1  1      -386.61917562     1.95e-04      0.00

      2  0      -386.77067385     9.21e-05      0.59
      2  1      -386.64466520     1.02e-04      0.00

      3  0      -386.77521219     4.00e-05      0.60
      3  1      -386.65100488     5.57e-05      0.00

      4  0      -386.77594837     1.64e-05      0.60
      4  1      -386.65290963     3.29e-05      0.00

      5  0      -386.77606492     7.02e-06      0.63
      5  1      -386.65361162     2.08e-05      0.00

      6  0      -386.77608737     3.44e-06      0.63
      6  1      -386.65387193     1.24e-05      0.00

      7  0      -386.77609284     1.82e-06      0.63
      7  1      -386.65395989     6.92e-06      0.00

      8  0      -386.77609442     9.11e-07      0.63
      8  1      -386.65399083     4.44e-06      0.00

      9  0      -386.77609483     4.75e-07      0.63
      9  1      -386.65400594     3.40e-06      0.00

     10  0      -386.77609494     2.51e-07      0.63
     10  1      -386.65401394     2.40e-06      0.00

     11  0      -386.77609497     1.21e-07      0.62
     11  1      -386.65401748     1.51e-06      0.00

     12  0      -386.77609498     5.61e-08      0.64
     12  1      -386.65401884     9.49e-07      0.00

     13  0      -386.77609498     2.67e-08      0.64
     13  1      -386.65401934     5.83e-07      0.00

     14  0      -386.77609498     1.34e-08      0.65
     14  1      -386.65401952     3.29e-07      0.00

     15  0      -386.77609498     6.59e-09      0.64
     15  1      -386.65401958     1.75e-07      0.00

     16  0      -386.77609498     3.08e-09      0.63
     16  1      -386.65401959     9.74e-08      0.00

     17  0      -386.77609498     1.55e-09      0.63
     17  1      -386.65401960     6.04e-08      0.00

     18  0      -386.77609498     8.16e-10      0.63
     18  1      -386.65401960     3.86e-08      0.00

     19  0      -386.77609498     4.23e-10      0.62
     19  1      -386.65401960     2.34e-08      0.00
    ** throwing out 2 trial vectors **

     20  0      -386.77609498     2.06e-10      0.63
     20  1      -386.65401960     1.35e-08      0.00
    ** throwing out 2 trial vectors **

     21  0 *    -386.77609498     9.19e-11      0.54
     21  1      -386.65401960     7.50e-09      0.00
    ** throwing out 1 trial vectors **

     22  0 *    -386.77609498     7.94e-11      0.33
     22  1      -386.65401960     4.03e-09      0.00
    ** throwing out 1 trial vectors **

     23  0 *    -386.77609498     7.60e-11      0.33
     23  1      -386.65401960     2.11e-09      0.00
    ** throwing out 1 trial vectors **

     24  0 *    -386.77609498     7.57e-11      0.33
     24  1      -386.65401960     1.13e-09      0.00
    ** throwing out 1 trial vectors **

     25  0 *    -386.77609498     7.55e-11      0.33
     25  1      -386.65401960     6.34e-10      0.00
    ** throwing out 1 trial vectors **

     26  0 *    -386.77609498     7.55e-11      0.33
     26  1      -386.65401960     3.60e-10      0.00
    ** throwing out 1 trial vectors **

     27  0 *    -386.77609498     7.55e-11      0.33
     27  1      -386.65401960     2.01e-10      0.00
    ** throwing out 1 trial vectors **

     28  0 *    -386.77609498     7.56e-11      0.33
     28  1      -386.65401960     1.16e-10      0.00
    ** throwing out 1 trial vectors **

     29  0 *    -386.77609498     7.55e-11      0.24
     29  1 *    -386.65401960     6.97e-11      0.00

     * ci vector   0, <S^2> = -0.0000, E =     -386.77609498
       222222......     0.8287186373
       22222ba.....     0.2428665112
       22222ab.....     0.2428665112
       22222..2....    -0.0792101330
       2222.2.2....    -0.0681661127
       222.22..2...    -0.0665684565
       22.222.2....    -0.0506314258
       222b2aa.b...     0.0505588356
       222a2bb.a...     0.0505588356
       22222b.a....     0.0503591296
       22222a.b....     0.0503591296

     * ci vector   1, <S^2> = 0.0000, E =     -386.65401960
       22222ba.....     0.5721347784
       22222ab.....     0.5721347783
       222222......    -0.3308001147
       22222..2....     0.0784958163
       2222baab....    -0.0761365546
       2222abba....    -0.0761365546
       222b2aa.b...     0.0629425878
       222a2bb.a...     0.0629425878
       2a222b2.....    -0.0611644093
       2b222a2.....    -0.0611644093
       2222.ba2....    -0.0578859677
       2222.ab2....    -0.0578859677
       2222bbaa....     0.0562402550
       2222aabb....     0.0562402550
       222.2ba.2...    -0.0517970846
       222.2ab.2...    -0.0517970846
       22222.ab....    -0.0506527433
       22222.ba....    -0.0506527433
       - FCI and RDMs                             17.74
    * Integral transformation done. Elapsed time: 0.08

       - jop, kop                                  0.00
       - denom                                     0.02
     guess   0:   closed 111111......         open ............        
     guess   1:   closed 11111.......         open .....11.....        

  === FCI iteration ===

      0  0      -386.63741436     3.72e-04      0.59
      0  1      -386.50993429     3.72e-04      0.00

      1  0      -386.74829336     1.88e-04      0.60
      1  1      -386.61917563     1.95e-04      0.00

      2  0      -386.77067348     9.21e-05      0.60
      2  1      -386.64466545     1.02e-04      0.00

      3  0      -386.77521189     4.00e-05      0.60
      3  1      -386.65100517     5.57e-05      0.00

      4  0      -386.77594809     1.64e-05      0.61
      4  1      -386.65290992     3.29e-05      0.00

      5  0      -386.77606465     7.02e-06      0.60
      5  1      -386.65361190     2.08e-05      0.00

      6  0      -386.77608709     3.44e-06      0.60
      6  1      -386.65387221     1.24e-05      0.00

      7  0      -386.77609256     1.82e-06      0.61
      7  1      -386.65396016     6.92e-06      0.00

      8  0      -386.77609414     9.11e-07      0.61
      8  1      -386.65399110     4.44e-06      0.00

      9  0      -386.77609455     4.75e-07      0.61
      9  1      -386.65400621     3.40e-06      0.00

     10  0      -386.77609467     2.51e-07      0.61
     10  1      -386.65401422     2.40e-06      0.00

     11  0      -386.77609470     1.21e-07      0.61
     11  1      -386.65401776     1.51e-06      0.00

     12  0      -386.77609470     5.61e-08      0.61
     12  1      -386.65401911     9.49e-07      0.00

     13  0      -386.77609470     2.67e-08      0.62
     13  1      -386.65401962     5.83e-07      0.00

     14  0      -386.77609470     1.34e-08      0.62
     14  1      -386.65401980     3.29e-07      0.00

     15  0      -386.77609470     6.59e-09      0.62
     15  1      -386.65401985     1.75e-07      0.00

     16  0      -386.77609470     3.08e-09      0.62
     16  1      -386.65401987     9.74e-08      0.00

     17  0      -386.77609470     1.55e-09      0.63
     17  1      -386.65401988     6.04e-08      0.00

     18  0      -386.77609470     8.16e-10      0.63
     18  1      -386.65401988     3.86e-08      0.00

     19  0      -386.77609470     4.23e-10      0.63
     19  1      -386.65401988     2.34e-08      0.00
    ** throwing out 2 trial vectors **

     20  0      -386.77609470     2.06e-10      0.64
     20  1      -386.65401988     1.35e-08      0.00
    ** throwing out 2 trial vectors **

     21  0 *    -386.77609470     9.19e-11      0.54
     21  1      -386.65401988     7.50e-09      0.00
    ** throwing out 1 trial vectors **

     22  0 *    -386.77609470     7.94e-11      0.34
     22  1      -386.65401988     4.03e-09      0.00
    ** throwing out 1 trial vectors **

     23  0 *    -386.77609470     7.60e-11      0.33
     23  1      -386.65401988     2.11e-09      0.00
    ** throwing out 1 trial vectors **

     24  0 *    -386.77609470     7.57e-11      0.33
     24  1      -386.65401988     1.13e-09      0.00
    ** throwing out 1 trial vectors **

     25  0 *    -386.77609470     7.55e-11      0.33
     25  1      -386.65401988     6.34e-10      0.00
    ** throwing out 1 trial vectors **

     26  0 *    -386.77609470     7.56e-11      0.33
     26  1      -386.65401988     3.60e-10      0.00
    ** throwing out 1 trial vectors **

     27  0 *    -386.77609470     7.55e-11      0.34
     27  1      -386.65401988     2.01e-10      0.00
    ** throwing out 1 trial vectors **

     28  0 *    -386.77609470     7.56e-11      0.34
     28  1      -386.65401988     1.16e-10      0.00
    ** throwing out 1 trial vectors **

     29  0 *    -386.77609470     7.55e-11      0.23
     29  1 *    -386.65401988     6.97e-11      0.00

     * ci vector   0, <S^2> = 0.0000, E =     -386.77609470
       222222......     0.8287220328
       22222ba.....     0.2428596983
       22222ab.....     0.2428596983
       22222..2....    -0.0792123642
       2222.2.2....    -0.0681635150
       222.22..2...    -0.0665688038
       22.222.2....    -0.0506310190
       222b2aa.b...     0.0505579427
       222a2bb.a...     0.0505579427
       22222b.a....     0.0503616875
       22222a.b....     0.0503616875

     * ci vector   1, <S^2> = -0.0000, E =     -386.65401988
       22222ba.....     0.5721371541
       22222ab.....     0.5721371539
       222222......    -0.3307915875
       22222..2....     0.0784965881
       2222baab....    -0.0761365113
       2222abba....    -0.0761365113
       222b2aa.b...     0.0629421453
       222a2bb.a...     0.0629421453
       2a222b2.....    -0.0611639305
       2b222a2.....    -0.0611639305
       2222.ba2....    -0.0578844243
       2222.ab2....    -0.0578844243
       2222bbaa....     0.0562390301
       2222aabb....     0.0562390301
       222.2ba.2...    -0.0517969692
       222.2ab.2...    -0.0517969692
       22222.ab....    -0.0506543859
       22222.ba....    -0.0506543859
       - FCI and RDMs                             17.52
    * Integral transformation done. Elapsed time: 0.08

       - jop, kop                                  0.00
       - denom                                     0.02
     guess   0:   closed 111111......         open ............        
     guess   1:   closed 11111.......         open .....11.....        

  === FCI iteration ===

      0  0      -386.63741405     3.72e-04      0.59
      0  1      -386.50993414     3.72e-04      0.00

      1  0      -386.74829308     1.88e-04      0.60
      1  1      -386.61917564     1.95e-04      0.00

      2  0      -386.77067328     9.21e-05      0.60
      2  1      -386.64466559     1.02e-04      0.00

      3  0      -386.77521172     4.00e-05      0.60
      3  1      -386.65100533     5.57e-05      0.00

      4  0      -386.77594793     1.64e-05      0.60
      4  1      -386.65291007     3.29e-05      0.00

      5  0      -386.77606449     7.02e-06      0.61
      5  1      -386.65361205     2.08e-05      0.00

      6  0      -386.77608694     3.44e-06      0.60
      6  1      -386.65387236     1.24e-05      0.00

      7  0      -386.77609241     1.82e-06      0.61
      7  1      -386.65396032     6.92e-06      0.00

      8  0      -386.77609399     9.11e-07      0.61
      8  1      -386.65399125     4.44e-06      0.00

      9  0      -386.77609440     4.75e-07      0.61
      9  1      -386.65400637     3.40e-06      0.00

     10  0      -386.77609451     2.51e-07      0.61
     10  1      -386.65401437     2.40e-06      0.00

     11  0      -386.77609454     1.21e-07      0.62
     11  1      -386.65401791     1.51e-06      0.00

     12  0      -386.77609455     5.61e-08      0.61
     12  1      -386.65401927     9.49e-07      0.00

     13  0      -386.77609455     2.67e-08      0.62
     13  1      -386.65401977     5.83e-07      0.00

     14  0      -386.77609455     1.34e-08      0.62
     14  1      -386.65401995     3.29e-07      0.00

     15  0      -386.77609455     6.59e-09      0.62
     15  1      -386.65402001     1.75e-07      0.00

     16  0      -386.77609455     3.08e-09      0.62
     16  1      -386.65402002     9.74e-08      0.00

     17  0      -386.77609455     1.55e-09      0.62
     17  1      -386.65402003     6.04e-08      0.00

     18  0      -386.77609455     8.16e-10      0.63
     18  1      -386.65402003     3.86e-08      0.00

     19  0      -386.77609455     4.23e-10      0.62
     19  1      -386.65402003     2.34e-08      0.00
    ** throwing out 2 trial vectors **

     20  0      -386.77609455     2.06e-10      0.63
     20  1      -386.65402003     1.35e-08      0.00
    ** throwing out 2 trial vectors **

     21  0 *    -386.77609455     9.19e-11      0.54
     21  1      -386.65402003     7.50e-09      0.00
    ** throwing out 1 trial vectors **

     22  0 *    -386.77609455     7.94e-11      0.34
     22  1      -386.65402003     4.03e-09      0.00
    ** throwing out 1 trial vectors **

     23  0 *    -386.77609455     7.60e-11      0.34
     23  1      -386.65402003     2.11e-09      0.00
    ** throwing out 1 trial vectors **

     24  0 *    -386.77609455     7.57e-11      0.33
     24  1      -386.65402003     1.13e-09      0.00
    ** throwing out 1 trial vectors **

     25  0 *    -386.77609455     7.55e-11      0.33
     25  1      -386.65402003     6.34e-10      0.00
    ** throwing out 1 trial vectors **

     26  0 *    -386.77609455     7.56e-11      0.33
     26  1      -386.65402003     3.60e-10      0.00
    ** throwing out 1 trial vectors **

     27  0 *    -386.77609455     7.55e-11      0.33
     27  1      -386.65402003     2.01e-10      0.00
    ** throwing out 1 trial vectors **

     28  0 *    -386.77609455     7.56e-11      0.33
     28  1      -386.65402003     1.16e-10      0.00
    ** throwing out 1 trial vectors **

     29  0 *    -386.77609455     7.55e-11      0.24
     29  1 *    -386.65402003     6.97e-11      0.00

     * ci vector   0, <S^2> = -0.0000, E =     -386.77609455
       222222......     0.8287238663
       22222ab.....     0.2428560244
       22222ba.....     0.2428560244
       22222..2....    -0.0792135318
       2222.2.2....    -0.0681621274
       222.22..2...    -0.0665690036
       22.222.2....    -0.0506308270
       222a2bb.a...     0.0505574618
       222b2aa.b...     0.0505574618
       22222a.b....     0.0503630408
       22222b.a....     0.0503630408

     * ci vector   1, <S^2> = -0.0000, E =     -386.65402003
       22222ab.....     0.5721384429
       22222ba.....     0.5721384428
       222222......    -0.3307869890
       22222..2....     0.0784969731
       2222abba....    -0.0761364744
       2222baab....    -0.0761364744
       222a2bb.a...     0.0629418962
       222b2aa.b...     0.0629418962
       2b222a2.....    -0.0611637168
       2a222b2.....    -0.0611637168
       2222.ab2....    -0.0578835908
       2222.ba2....    -0.0578835908
       2222aabb....     0.0562383518
       2222bbaa....     0.0562383518
       222.2ab.2...    -0.0517969123
       222.2ba.2...    -0.0517969123
       22222.ba....    -0.0506551994
       22222.ab....    -0.0506551994
       - FCI and RDMs                             17.53
    * Integral transformation done. Elapsed time: 0.08

       - jop, kop                                  0.00
       - denom                                     0.02
     guess   0:   closed 111111......         open ............        
     guess   1:   closed 11111.......         open .....11.....        

  === FCI iteration ===

      0  0      -386.63741388     3.72e-04      0.59
      0  1      -386.50993406     3.72e-04      0.00

      1  0      -386.74829292     1.88e-04      0.60
      1  1      -386.61917566     1.95e-04      0.00

      2  0      -386.77067317     9.21e-05      0.60
      2  1      -386.64466567     1.02e-04      0.00

      3  0      -386.77521163     4.00e-05      0.60
      3  1      -386.65100542     5.57e-05      0.00

      4  0      -386.77594785     1.64e-05      0.61
      4  1      -386.65291016     3.29e-05      0.00

      5  0      -386.77606441     7.02e-06      0.60
      5  1      -386.65361214     2.08e-05      0.00

      6  0      -386.77608685     3.44e-06      0.60
      6  1      -386.65387244     1.24e-05      0.00

      7  0      -386.77609232     1.82e-06      0.61
      7  1      -386.65396040     6.92e-06      0.00

      8  0      -386.77609390     9.11e-07      0.61
      8  1      -386.65399134     4.44e-06      0.00

      9  0      -386.77609431     4.75e-07      0.60
      9  1      -386.65400645     3.40e-06      0.00

     10  0      -386.77609443     2.51e-07      0.62
     10  1      -386.65401445     2.40e-06      0.00

     11  0      -386.77609446     1.21e-07      0.64
     11  1      -386.65401800     1.51e-06      0.00

     12  0      -386.77609446     5.61e-08      0.65
     12  1      -386.65401935     9.49e-07      0.00

     13  0      -386.77609447     2.67e-08      0.64
     13  1      -386.65401986     5.83e-07      0.00

     14  0      -386.77609447     1.34e-08      0.62
     14  1      -386.65402004     3.29e-07      0.00

     15  0      -386.77609447     6.59e-09      0.63
     15  1      -386.65402009     1.75e-07      0.00

     16  0      -386.77609447     3.08e-09      0.61
     16  1      -386.65402011     9.74e-08      0.00

     17  0      -386.77609447     1.55e-09      0.62
     17  1      -386.65402011     6.04e-08      0.00

     18  0      -386.77609447     8.16e-10      0.61
     18  1      -386.65402012     3.86e-08      0.00

     19  0      -386.77609447     4.23e-10      0.61
     19  1      -386.65402012     2.34e-08      0.00
    ** throwing out 2 trial vectors **

     20  0      -386.77609447     2.06e-10      0.63
     20  1      -386.65402012     1.35e-08      0.00
    ** throwing out 2 trial vectors **

     21  0 *    -386.77609447     9.19e-11      0.55
     21  1      -386.65402012     7.50e-09      0.00
    ** throwing out 1 trial vectors **

     22  0 *    -386.77609447     7.94e-11      0.35
     22  1      -386.65402012     4.03e-09      0.00
    ** throwing out 1 trial vectors **

     23  0 *    -386.77609447     7.60e-11      0.35
     23  1      -386.65402012     2.11e-09      0.00
    ** throwing out 1 trial vectors **

     24  0 *    -386.77609447     7.57e-11      0.35
     24  1      -386.65402012     1.13e-09      0.00
    ** throwing out 1 trial vectors **

     25  0 *    -386.77609447     7.55e-11      0.35
     25  1      -386.65402012     6.34e-10      0.00
    ** throwing out 1 trial vectors **

     26  0 *    -386.77609447     7.56e-11      0.35
     26  1      -386.65402012     3.60e-10      0.00
    ** throwing out 1 trial vectors **

     27  0 *    -386.77609447     7.55e-11      0.35
     27  1      -386.65402012     2.01e-10      0.00
    ** throwing out 1 trial vectors **

     28  0 *    -386.77609447     7.56e-11      0.35
     28  1      -386.65402012     1.16e-10      0.00
    ** throwing out 1 trial vectors **

     29  0 *    -386.77609447     7.55e-11      0.24
     29  1 *    -386.65402012     6.97e-11      0.00

     * ci vector   0, <S^2> = -0.0000, E =     -386.77609447
       222222......     0.8287248592
       22222ab.....     0.2428540374
       22222ba.....     0.2428540374
       22222..2....    -0.0792141448
       2222.2.2....    -0.0681613844
       222.22..2...    -0.0665691166
       22.222.2....    -0.0506307368
       222a2bb.a...     0.0505572020
       222b2aa.b...     0.0505572020
       22222a.b....     0.0503637581
       22222b.a....     0.0503637581

     * ci vector   1, <S^2> = -0.0000, E =     -386.65402012
       22222ab.....     0.5721391440
       22222ba.....     0.5721391438
       222222......    -0.3307845022
       22222..2....     0.0784971655
       2222abba....    -0.0761364476
       2222baab....    -0.0761364476
       222a2bb.a...     0.0629417555
       222b2aa.b...     0.0629417555
       2b222a2.....    -0.0611636209
       2a222b2.....    -0.0611636209
       2222.ab2....    -0.0578831400
       2222.ba2....    -0.0578831400
       2222aabb....     0.0562379769
       2222bbaa....     0.0562379769
       222.2ab.2...    -0.0517968834
       222.2ba.2...    -0.0517968834
       22222.ba....    -0.0506556038
       22222.ab....    -0.0506556038
       - FCI and RDMs                             17.69
    * Integral transformation done. Elapsed time: 0.08

       - jop, kop                                  0.00
       - denom                                     0.02
     guess   0:   closed 111111......         open ............        
     guess   1:   closed 11111.......         open .....11.....        

  === FCI iteration ===

      0  0      -386.63741379     3.72e-04      0.59
      0  1      -386.50993402     3.72e-04      0.00

      1  0      -386.74829284     1.88e-04      0.60
      1  1      -386.61917567     1.95e-04      0.00

      2  0      -386.77067310     9.21e-05      0.60
      2  1      -386.64466571     1.02e-04      0.00

      3  0      -386.77521158     4.00e-05      0.60
      3  1      -386.65100547     5.57e-05      0.00

      4  0      -386.77594780     1.64e-05      0.60
      4  1      -386.65291021     3.29e-05      0.00

      5  0      -386.77606436     7.02e-06      0.61
      5  1      -386.65361219     2.08e-05      0.00

      6  0      -386.77608681     3.44e-06      0.60
      6  1      -386.65387249     1.24e-05      0.00

      7  0      -386.77609228     1.82e-06      0.61
      7  1      -386.65396045     6.92e-06      0.00

      8  0      -386.77609386     9.11e-07      0.61
      8  1      -386.65399138     4.44e-06      0.00

      9  0      -386.77609427     4.75e-07      0.61
      9  1      -386.65400650     3.40e-06      0.00

     10  0      -386.77609438     2.51e-07      0.61
     10  1      -386.65401450     2.40e-06      0.00

     11  0      -386.77609441     1.21e-07      0.61
     11  1      -386.65401804     1.51e-06      0.00

     12  0      -386.77609442     5.61e-08      0.61
     12  1      -386.65401940     9.49e-07      0.00

     13  0      -386.77609442     2.67e-08      0.61
     13  1      -386.65401990     5.83e-07      0.00

     14  0      -386.77609442     1.34e-08      0.62
     14  1      -386.65402008     3.29e-07      0.00

     15  0      -386.77609442     6.59e-09      0.62
     15  1      -386.65402014     1.75e-07      0.00

     16  0      -386.77609442     3.08e-09      0.62
     16  1      -386.65402015     9.74e-08      0.00

     17  0      -386.77609442     1.55e-09      0.63
     17  1      -386.65402016     6.04e-08      0.00

     18  0      -386.77609442     8.16e-10      0.62
     18  1      -386.65402016     3.86e-08      0.00

     19  0      -386.77609442     4.23e-10      0.62
     19  1      -386.65402016     2.34e-08      0.00
    ** throwing out 2 trial vectors **

     20  0      -386.77609442     2.06e-10      0.63
     20  1      -386.65402016     1.35e-08      0.00
    ** throwing out 2 trial vectors **

     21  0 *    -386.77609442     9.19e-11      0.53
     21  1      -386.65402016     7.50e-09      0.00
    ** throwing out 1 trial vectors **

     22  0 *    -386.77609442     7.94e-11      0.33
     22  1      -386.65402016     4.03e-09      0.00
    ** throwing out 1 trial vectors **

     23  0 *    -386.77609442     7.60e-11      0.33
     23  1      -386.65402016     2.11e-09      0.00
    ** throwing out 1 trial vectors **

     24  0 *    -386.77609442     7.57e-11      0.33
     24  1      -386.65402016     1.13e-09      0.00
    ** throwing out 1 trial vectors **

     25  0 *    -386.77609442     7.55e-11      0.33
     25  1      -386.65402016     6.34e-10      0.00
    ** throwing out 1 trial vectors **

     26  0 *    -386.77609442     7.56e-11      0.33
     26  1      -386.65402016     3.60e-10      0.00
    ** throwing out 1 trial vectors **

     27  0 *    -386.77609442     7.55e-11      0.33
     27  1      -386.65402016     2.01e-10      0.00
    ** throwing out 1 trial vectors **

     28  0 *    -386.77609442     7.56e-11      0.33
     28  1      -386.65402016     1.16e-10      0.00
    ** throwing out 1 trial vectors **

     29  0 *    -386.77609442     7.55e-11      0.24
     29  1 *    -386.65402016     6.97e-11      0.00

     * ci vector   0, <S^2> = -0.0000, E =     -386.77609442
       222222......     0.8287253974
       22222ba.....     0.2428529615
       22222ab.....     0.2428529615
       22222..2....    -0.0792144677
       2222.2.2....    -0.0681609858
       222.22..2...    -0.0665691797
       22.222.2....    -0.0506306945
       222b2aa.b...     0.0505570617
       222a2bb.a...     0.0505570617
       22222b.a....     0.0503641394
       22222a.b....     0.0503641394

     * ci vector   1, <S^2> = 0.0000, E =     -386.65402016
       22222ba.....     0.5721395256
       22222ab.....     0.5721395255
       222222......    -0.3307831559
       22222..2....     0.0784972616
       2222baab....    -0.0761364299
       2222abba....    -0.0761364299
       222b2aa.b...     0.0629416758
       222a2bb.a...     0.0629416758
       2a222b2.....    -0.0611635775
       2b222a2.....    -0.0611635775
       2222.ba2....    -0.0578828958
       2222.ab2....    -0.0578828958
       2222bbaa....     0.0562377702
       2222aabb....     0.0562377702
       222.2ba.2...    -0.0517968684
       222.2ab.2...    -0.0517968684
       22222.ab....    -0.0506558049
       22222.ba....    -0.0506558049
       - FCI and RDMs                             17.50
    * Integral transformation done. Elapsed time: 0.08

       - jop, kop                                  0.00
       - denom                                     0.02
     guess   0:   closed 111111......         open ............        
     guess   1:   closed 11111.......         open .....11.....        

  === FCI iteration ===

      0  0      -386.63741374     3.72e-04      0.59
      0  1      -386.50993400     3.72e-04      0.00

      1  0      -386.74829280     1.88e-04      0.60
      1  1      -386.61917567     1.95e-04      0.00

      2  0      -386.77067307     9.21e-05      0.60
      2  1      -386.64466574     1.02e-04      0.00

      3  0      -386.77521155     4.00e-05      0.60
      3  1      -386.65100550     5.57e-05      0.00

      4  0      -386.77594777     1.64e-05      0.61
      4  1      -386.65291024     3.29e-05      0.00

      5  0      -386.77606434     7.02e-06      0.61
      5  1      -386.65361221     2.08e-05      0.00

      6  0      -386.77608678     3.44e-06      0.61
      6  1      -386.65387252     1.24e-05      0.00

      7  0      -386.77609225     1.82e-06      0.61
      7  1      -386.65396047     6.92e-06      0.00

      8  0      -386.77609383     9.11e-07      0.61
      8  1      -386.65399141     4.44e-06      0.00

      9  0      -386.77609424     4.75e-07      0.61
      9  1      -386.65400652     3.40e-06      0.00

     10  0      -386.77609436     2.51e-07      0.61
     10  1      -386.65401453     2.40e-06      0.00

     11  0      -386.77609439     1.21e-07      0.61
     11  1      -386.65401807     1.51e-06      0.00

     12  0      -386.77609439     5.61e-08      0.62
     12  1      -386.65401942     9.49e-07      0.00

     13  0      -386.77609439     2.67e-08      0.62
     13  1      -386.65401993     5.83e-07      0.00

     14  0      -386.77609439     1.34e-08      0.62
     14  1      -386.65402011     3.29e-07      0.00

     15  0      -386.77609439     6.59e-09      0.62
     15  1      -386.65402016     1.75e-07      0.00

     16  0      -386.77609439     3.08e-09      0.62
     16  1      -386.65402018     9.74e-08      0.00

     17  0      -386.77609439     1.55e-09      0.63
     17  1      -386.65402019     6.04e-08      0.00

     18  0      -386.77609439     8.16e-10      0.62
     18  1      -386.65402019     3.86e-08      0.00

     19  0      -386.77609439     4.23e-10      0.63
     19  1      -386.65402019     2.34e-08      0.00
    ** throwing out 2 trial vectors **

     20  0      -386.77609439     2.06e-10      0.63
     20  1      -386.65402019     1.35e-08      0.00
    ** throwing out 2 trial vectors **

     21  0 *    -386.77609439     9.19e-11      0.54
     21  1      -386.65402019     7.50e-09      0.00
    ** throwing out 1 trial vectors **

     22  0 *    -386.77609439     7.94e-11      0.33
     22  1      -386.65402019     4.03e-09      0.00
    ** throwing out 1 trial vectors **

     23  0 *    -386.77609439     7.60e-11      0.33
     23  1      -386.65402019     2.11e-09      0.00
    ** throwing out 1 trial vectors **

     24  0 *    -386.77609439     7.57e-11      0.33
     24  1      -386.65402019     1.13e-09      0.00
    ** throwing out 1 trial vectors **

     25  0 *    -386.77609439     7.55e-11      0.33
     25  1      -386.65402019     6.34e-10      0.00
    ** throwing out 1 trial vectors **

     26  0 *    -386.77609439     7.56e-11      0.33
     26  1      -386.65402019     3.60e-10      0.00
    ** throwing out 1 trial vectors **

     27  0 *    -386.77609439     7.55e-11      0.33
     27  1      -386.65402019     2.01e-10      0.00
    ** throwing out 1 trial vectors **

     28  0 *    -386.77609439     7.56e-11      0.33
     28  1      -386.65402019     1.16e-10      0.00
    ** throwing out 1 trial vectors **

     29  0 *    -386.77609439     7.55e-11      0.24
     29  1 *    -386.65402019     6.97e-11      0.00

     * ci vector   0, <S^2> = 0.0000, E =     -386.77609439
       222222......     0.8287256905
       22222ba.....     0.2428523766
       22222ab.....     0.2428523766
       22222..2....    -0.0792146382
       2222.2.2....    -0.0681607717
       222.22..2...    -0.0665692147
       22.222.2....    -0.0506306750
       222b2aa.b...    -0.0505569856
       222a2bb.a...    -0.0505569856
       22222b.a....     0.0503643414
       22222a.b....     0.0503643414

     * ci vector   1, <S^2> = 0.0000, E =     -386.65402019
       22222ba.....     0.5721397339
       22222ab.....     0.5721397339
       222222......    -0.3307824242
       22222..2....     0.0784973098
       2222baab....    -0.0761364186
       2222abba....    -0.0761364186
       222b2aa.b...    -0.0629416309
       222a2bb.a...    -0.0629416308
       2a222b2.....    -0.0611635585
       2b222a2.....    -0.0611635585
       2222.ba2....    -0.0578827635
       2222.ab2....    -0.0578827635
       2222bbaa....     0.0562376560
       2222aabb....     0.0562376560
       222.2ba.2...    -0.0517968605
       222.2ab.2...    -0.0517968605
       22222.ab....    -0.0506559056
       22222.ba....    -0.0506559056
       - FCI and RDMs                             17.53
