--------------------------------------------------
JOB FRONT-END 484547 on wux54
SLURM ENVIRONMENT
--------------------------------------------------
SLURM_JOB_ID                   = 484547              
SLURM_ARRAY_JOB_ID             = N/A                 
SLURM_ARRAY_TASK_ID            = N/A                 
SLURM_JOB_NAME                 = bagel-chain         
SLURM_JOB_PARTITION            = wux5x               
SLURM_JOB_NUM_NODES            = 1                   
SLURM_JOB_CPUS_PER_NODE        = 20                  
SLURM_NTASKS                   = 20                  
SLURM_NTASKS_PER_NODE          = N/A                 
--------------------------------------------------
--------------------------------------------------
PBS ENVIRONMENT
--------------------------------------------------
PBS_JOBID                      = 484547              
PBS_ARRAYID                    = N/A                 
PBS_JOBNAME                    = bagel-chain         
PBS_QUEUE                      = wux5x               
PBS_NUM_NODES                  = 1                   
PBS_NUM_PPN                    = 1                   
PBS_NP                         = 20                  
PBS_NODEFILE                   = /tmp/484547/nodes   
--------------------------------------------------
  * process grid (5, 4) will be used
    wux54                           
    wux54                           
    wux54                           
    wux54                           
    wux54                           
    wux54                           
    wux54                           
    wux54                           
    wux54                           
    wux54                           
    wux54                           
    wux54                           
    wux54                           
    wux54                           
    wux54                           
    wux54                           
    wux54                           
    wux54                           
    wux54                           
    wux54                           

  * using 20 threads per process

  ===============================================================
    BAGEL - Freshly leavened quantum chemistry                   
  ===============================================================

  *** Geometry ***

  { "atom" : "C", "xyz" : [      4.585696,     -1.232185,      1.246125 ] },
  { "atom" : "C", "xyz" : [      4.317114,      1.464053,      1.426601 ] },
  { "atom" : "C", "xyz" : [      2.049843,      2.616086,      0.924484 ] },
  { "atom" : "N", "xyz" : [     -0.037370,      1.212848,      0.141358 ] },
  { "atom" : "B", "xyz" : [     -0.012000,     -1.573329,      0.039418 ] },
  { "atom" : "C", "xyz" : [      2.537435,     -2.770305,      0.657286 ] },
  { "atom" : "C", "xyz" : [     -2.515461,     -2.814842,     -0.748106 ] },
  { "atom" : "C", "xyz" : [     -4.644422,     -1.308497,     -1.066820 ] },
  { "atom" : "C", "xyz" : [     -4.390730,      1.389567,     -1.134671 ] },
  { "atom" : "C", "xyz" : [     -2.076188,      2.534592,     -0.829398 ] },
  { "atom" : "H", "xyz" : [      6.458982,     -2.033572,      1.587078 ] },
  { "atom" : "H", "xyz" : [      5.923841,      2.667698,      1.913524 ] },
  { "atom" : "H", "xyz" : [      1.736103,      4.652432,      1.109351 ] },
  { "atom" : "H", "xyz" : [      2.848864,     -4.811819,      0.510487 ] },
  { "atom" : "H", "xyz" : [     -2.683958,     -4.854801,     -1.050353 ] },
  { "atom" : "H", "xyz" : [     -6.500658,     -2.128147,     -1.490502 ] },
  { "atom" : "H", "xyz" : [     -5.994773,      2.594753,     -1.629533 ] },
  { "atom" : "H", "xyz" : [     -1.602319,      4.395467,     -1.606327 ] },

  Number of auxiliary basis functions:      884

  Since a DF basis is specified, we compute 2- and 3-index integrals:
    o Being stored without compression. Storage requirement is 0.645 GB
       - 3-index ints prep                         0.00
       - 3-index ints                              0.14
       - 2-index ints                              0.02
       - computing inverse                         0.10
        elapsed time:        0.26 sec.


  Number of basis functions:      302
  Number of electrons      :       68


    * METHOD: MOLECULE                             0.29

       - 3-index ints prep                         0.00
       - 3-index ints                              0.12
       - 2-index ints                              0.01
       - computing inverse                         0.07

  Using the coefficient projected to the input geometry 


    * METHOD: LOAD_REF                             0.31

  ---------------------------
      CASSCF calculation     
  ---------------------------

    * nstate   :      2
    * nclosed  :     28
    * nact     :     12
    * nvirt    :    262
  === CASSCF iteration (/home/buehlerm/software/bagel/installation/share/aug-cc-pVDZ.json) ===

    * Using the second-order algorithm

      0  0      -386.86540085     1.36e-02     20.31
      0  1      -386.69438478     0.00e+00     20.31

         res : 8.93e-02   lamb: 1.00e+00   eps : -1.18e-01   step: 1.47e-01    0.06
         res : 2.83e-02   lamb: 1.00e+00   eps : -1.20e-01   step: 1.48e-01    0.06
         res : 8.51e-03   lamb: 1.00e+00   eps : -1.20e-01   step: 1.50e-01    0.06
         res : 2.73e-03   lamb: 1.00e+00   eps : -1.20e-01   step: 1.51e-01    0.06
         res : 5.88e-04   lamb: 1.00e+00   eps : -1.20e-01   step: 1.52e-01    0.06
         res : 1.92e-04   lamb: 1.00e+00   eps : -1.20e-01   step: 1.52e-01    0.06
         res : 4.55e-05   lamb: 1.00e+00   eps : -1.20e-01   step: 1.52e-01    0.06
         res : 1.49e-05   lamb: 1.00e+00   eps : -1.20e-01   step: 1.52e-01    0.06

      1  0      -386.92675219     2.13e-04     21.82
      1  1      -386.75547917     0.00e+00     21.82

         res : 8.43e-03   lamb: 1.00e+00   eps : -3.94e-04   step: 3.90e-02    0.07
         res : 4.18e-03   lamb: 1.00e+00   eps : -4.23e-04   step: 4.47e-02    0.06
         res : 1.20e-03   lamb: 1.00e+00   eps : -4.28e-04   step: 4.66e-02    0.06
         res : 6.30e-04   lamb: 1.00e+00   eps : -4.29e-04   step: 4.71e-02    0.07
         res : 2.46e-04   lamb: 1.00e+00   eps : -4.29e-04   step: 4.72e-02    0.07
         res : 8.26e-05   lamb: 1.00e+00   eps : -4.29e-04   step: 4.72e-02    0.06
         res : 3.36e-05   lamb: 1.00e+00   eps : -4.29e-04   step: 4.72e-02    0.07
         res : 1.21e-05   lamb: 1.00e+00   eps : -4.29e-04   step: 4.72e-02    0.06
         res : 4.19e-06   lamb: 1.00e+00   eps : -4.29e-04   step: 4.72e-02    0.07

      2  0      -386.92677787     2.56e-05     21.99
      2  1      -386.75590054     0.00e+00     21.99

         res : 9.29e-04   lamb: 1.00e+00   eps : -5.17e-06   step: 3.61e-03    0.06
         res : 3.01e-04   lamb: 1.00e+00   eps : -5.42e-06   step: 4.09e-03    0.06
         res : 1.10e-04   lamb: 1.00e+00   eps : -5.46e-06   step: 4.23e-03    0.06
         res : 5.49e-05   lamb: 1.00e+00   eps : -5.46e-06   step: 4.26e-03    0.06
         res : 1.81e-05   lamb: 1.00e+00   eps : -5.47e-06   step: 4.27e-03    0.06
         res : 6.58e-06   lamb: 1.00e+00   eps : -5.47e-06   step: 4.27e-03    0.06
         res : 2.68e-06   lamb: 1.00e+00   eps : -5.47e-06   step: 4.27e-03    0.06
         res : 1.04e-06   lamb: 1.00e+00   eps : -5.47e-06   step: 4.27e-03    0.06
         res : 3.84e-07   lamb: 1.00e+00   eps : -5.47e-06   step: 4.27e-03    0.06

      3  0      -386.92678555     1.14e-05     21.75
      3  1      -386.75590065     0.00e+00     21.75

         res : 4.45e-04   lamb: 1.00e+00   eps : -1.03e-06   step: 1.58e-03    0.06
         res : 1.23e-04   lamb: 1.00e+00   eps : -1.08e-06   step: 1.79e-03    0.06
         res : 4.31e-05   lamb: 1.00e+00   eps : -1.08e-06   step: 1.84e-03    0.06
         res : 2.22e-05   lamb: 1.00e+00   eps : -1.08e-06   step: 1.85e-03    0.06
         res : 7.79e-06   lamb: 1.00e+00   eps : -1.08e-06   step: 1.85e-03    0.06
         res : 2.73e-06   lamb: 1.00e+00   eps : -1.08e-06   step: 1.85e-03    0.06
         res : 1.02e-06   lamb: 1.00e+00   eps : -1.08e-06   step: 1.85e-03    0.06
         res : 4.31e-07   lamb: 1.00e+00   eps : -1.08e-06   step: 1.85e-03    0.06
         res : 1.69e-07   lamb: 1.00e+00   eps : -1.08e-06   step: 1.85e-03    0.06

      4  0      -386.92679090     6.02e-06     21.86
      4  1      -386.75589691     0.00e+00     21.86

         res : 2.49e-04   lamb: 1.00e+00   eps : -2.48e-07   step: 7.52e-04    0.06
         res : 5.95e-05   lamb: 1.00e+00   eps : -2.62e-07   step: 8.71e-04    0.06
         res : 2.18e-05   lamb: 1.00e+00   eps : -2.63e-07   step: 8.97e-04    0.06
         res : 1.07e-05   lamb: 1.00e+00   eps : -2.64e-07   step: 9.01e-04    0.06
         res : 3.87e-06   lamb: 1.00e+00   eps : -2.64e-07   step: 9.03e-04    0.06
         res : 1.42e-06   lamb: 1.00e+00   eps : -2.64e-07   step: 9.03e-04    0.06
         res : 5.10e-07   lamb: 1.00e+00   eps : -2.64e-07   step: 9.03e-04    0.06
         res : 2.19e-07   lamb: 1.00e+00   eps : -2.64e-07   step: 9.03e-04    0.06
         res : 9.08e-08   lamb: 1.00e+00   eps : -2.64e-07   step: 9.03e-04    0.06
         res : 4.39e-08   lamb: 1.00e+00   eps : -2.64e-07   step: 9.03e-04    0.06

      5  0      -386.92679402     3.23e-06     22.00
      5  1      -386.75589418     0.00e+00     22.00

         res : 1.35e-04   lamb: 1.00e+00   eps : -6.31e-08   step: 3.68e-04    0.07
         res : 2.96e-05   lamb: 1.00e+00   eps : -6.72e-08   step: 4.36e-04    0.07
         res : 1.13e-05   lamb: 1.00e+00   eps : -6.76e-08   step: 4.49e-04    0.07
         res : 5.29e-06   lamb: 1.00e+00   eps : -6.76e-08   step: 4.51e-04    0.07
         res : 1.97e-06   lamb: 1.00e+00   eps : -6.77e-08   step: 4.52e-04    0.07
         res : 7.37e-07   lamb: 1.00e+00   eps : -6.77e-08   step: 4.53e-04    0.07
         res : 2.63e-07   lamb: 1.00e+00   eps : -6.77e-08   step: 4.53e-04    0.07
         res : 1.14e-07   lamb: 1.00e+00   eps : -6.77e-08   step: 4.53e-04    0.07
         res : 4.85e-08   lamb: 1.00e+00   eps : -6.77e-08   step: 4.53e-04    0.07
         res : 2.37e-08   lamb: 1.00e+00   eps : -6.77e-08   step: 4.53e-04    0.07

      6  0      -386.92679578     1.72e-06     21.98
      6  1      -386.75589252     0.00e+00     21.98

         res : 7.18e-05   lamb: 1.00e+00   eps : -1.64e-08   step: 1.83e-04    0.06
         res : 1.49e-05   lamb: 1.00e+00   eps : -1.76e-08   step: 2.21e-04    0.06
         res : 5.89e-06   lamb: 1.00e+00   eps : -1.77e-08   step: 2.28e-04    0.06
         res : 2.68e-06   lamb: 1.00e+00   eps : -1.77e-08   step: 2.29e-04    0.06
         res : 1.01e-06   lamb: 1.00e+00   eps : -1.77e-08   step: 2.29e-04    0.06
         res : 3.82e-07   lamb: 1.00e+00   eps : -1.77e-08   step: 2.29e-04    0.06
         res : 1.36e-07   lamb: 1.00e+00   eps : -1.77e-08   step: 2.29e-04    0.06
         res : 5.96e-08   lamb: 1.00e+00   eps : -1.77e-08   step: 2.29e-04    0.06
         res : 2.56e-08   lamb: 1.00e+00   eps : -1.77e-08   step: 2.29e-04    0.06
         res : 1.26e-08   lamb: 1.00e+00   eps : -1.77e-08   step: 2.29e-04    0.06

      7  0      -386.92679675     9.08e-07     21.84
      7  1      -386.75589159     0.00e+00     21.84

         res : 3.76e-05   lamb: 1.00e+00   eps : -4.32e-09   step: 9.24e-05    0.06
         res : 7.61e-06   lamb: 1.00e+00   eps : -4.63e-09   step: 1.13e-04    0.06
         res : 3.05e-06   lamb: 1.00e+00   eps : -4.66e-09   step: 1.16e-04    0.06
         res : 1.37e-06   lamb: 1.00e+00   eps : -4.67e-09   step: 1.17e-04    0.06
         res : 5.20e-07   lamb: 1.00e+00   eps : -4.67e-09   step: 1.17e-04    0.06
         res : 1.97e-07   lamb: 1.00e+00   eps : -4.67e-09   step: 1.17e-04    0.06
         res : 7.04e-08   lamb: 1.00e+00   eps : -4.67e-09   step: 1.17e-04    0.06
         res : 3.09e-08   lamb: 1.00e+00   eps : -4.67e-09   step: 1.17e-04    0.06
         res : 1.34e-08   lamb: 1.00e+00   eps : -4.67e-09   step: 1.17e-04    0.06
         res : 6.57e-09   lamb: 1.00e+00   eps : -4.67e-09   step: 1.17e-04    0.06

      8  0      -386.92679727     4.76e-07     21.96
      8  1      -386.75589108     0.00e+00     21.96

         res : 1.96e-05   lamb: 1.00e+00   eps : -1.14e-09   step: 4.69e-05    0.07
         res : 3.89e-06   lamb: 1.00e+00   eps : -1.23e-09   step: 5.76e-05    0.06
         res : 1.58e-06   lamb: 1.00e+00   eps : -1.23e-09   step: 5.95e-05    0.06
         res : 7.01e-07   lamb: 1.00e+00   eps : -1.23e-09   step: 5.98e-05    0.06
         res : 2.68e-07   lamb: 1.00e+00   eps : -1.24e-09   step: 5.99e-05    0.06
         res : 1.02e-07   lamb: 1.00e+00   eps : -1.24e-09   step: 6.00e-05    0.07
         res : 3.64e-08   lamb: 1.00e+00   eps : -1.24e-09   step: 6.00e-05    0.06
         res : 1.60e-08   lamb: 1.00e+00   eps : -1.24e-09   step: 6.00e-05    0.06
         res : 6.95e-09   lamb: 1.00e+00   eps : -1.24e-09   step: 6.00e-05    0.06
         res : 3.42e-09   lamb: 1.00e+00   eps : -1.24e-09   step: 6.00e-05    0.07

      9  0      -386.92679754     2.48e-07     22.66
      9  1      -386.75589080     0.00e+00     22.66

         res : 1.02e-05   lamb: 1.00e+00   eps : -3.02e-10   step: 2.39e-05    0.07
         res : 2.00e-06   lamb: 1.00e+00   eps : -3.25e-10   step: 2.96e-05    0.07
         res : 8.18e-07   lamb: 1.00e+00   eps : -3.27e-10   step: 3.05e-05    0.07
         res : 3.60e-07   lamb: 1.00e+00   eps : -3.27e-10   step: 3.07e-05    0.07
         res : 1.38e-07   lamb: 1.00e+00   eps : -3.27e-10   step: 3.08e-05    0.07
         res : 5.25e-08   lamb: 1.00e+00   eps : -3.27e-10   step: 3.08e-05    0.07
         res : 1.88e-08   lamb: 1.00e+00   eps : -3.27e-10   step: 3.08e-05    0.07
         res : 8.25e-09   lamb: 1.00e+00   eps : -3.27e-10   step: 3.08e-05    0.07
         res : 3.60e-09   lamb: 1.00e+00   eps : -3.27e-10   step: 3.08e-05    0.07

     10  0      -386.92679768     1.29e-07     22.34
     10  1      -386.75589066     0.00e+00     22.34

         res : 5.26e-06   lamb: 1.00e+00   eps : -8.01e-11   step: 1.23e-05    0.06
         res : 1.03e-06   lamb: 1.00e+00   eps : -8.62e-11   step: 1.52e-05    0.06
         res : 4.23e-07   lamb: 1.00e+00   eps : -8.68e-11   step: 1.57e-05    0.06
         res : 1.85e-07   lamb: 1.00e+00   eps : -8.69e-11   step: 1.58e-05    0.06
         res : 7.12e-08   lamb: 1.00e+00   eps : -8.69e-11   step: 1.58e-05    0.06
         res : 2.71e-08   lamb: 1.00e+00   eps : -8.69e-11   step: 1.58e-05    0.06
         res : 9.70e-09   lamb: 1.00e+00   eps : -8.69e-11   step: 1.58e-05    0.06
         res : 4.27e-09   lamb: 1.00e+00   eps : -8.69e-11   step: 1.58e-05    0.06

     11  0      -386.92679776     6.68e-08     21.60
     11  1      -386.75589059     0.00e+00     21.60

         res : 2.72e-06   lamb: 1.00e+00   eps : -2.12e-11   step: 6.29e-06    0.06
         res : 5.27e-07   lamb: 1.00e+00   eps : -2.29e-11   step: 7.81e-06    0.06
         res : 2.18e-07   lamb: 1.00e+00   eps : -2.30e-11   step: 8.07e-06    0.06
         res : 9.55e-08   lamb: 1.00e+00   eps : -2.31e-11   step: 8.12e-06    0.06
         res : 3.67e-08   lamb: 1.00e+00   eps : -2.31e-11   step: 8.13e-06    0.06
         res : 1.40e-08   lamb: 1.00e+00   eps : -2.31e-11   step: 8.14e-06    0.06
         res : 5.02e-09   lamb: 1.00e+00   eps : -2.31e-11   step: 8.14e-06    0.06
         res : 2.21e-09   lamb: 1.00e+00   eps : -2.31e-11   step: 8.14e-06    0.06

     12  0      -386.92679780     3.46e-08     21.59
     12  1      -386.75589055     0.00e+00     21.59

         res : 1.40e-06   lamb: 1.00e+00   eps : -5.64e-12   step: 3.23e-06    0.06
         res : 2.71e-07   lamb: 1.00e+00   eps : -6.08e-12   step: 4.02e-06    0.06
         res : 1.13e-07   lamb: 1.00e+00   eps : -6.12e-12   step: 4.15e-06    0.06
         res : 4.92e-08   lamb: 1.00e+00   eps : -6.12e-12   step: 4.18e-06    0.06
         res : 1.89e-08   lamb: 1.00e+00   eps : -6.12e-12   step: 4.19e-06    0.06
         res : 7.22e-09   lamb: 1.00e+00   eps : -6.12e-12   step: 4.19e-06    0.06
         res : 2.59e-09   lamb: 1.00e+00   eps : -6.12e-12   step: 4.19e-06    0.06

     13  0      -386.92679782     1.79e-08     21.58
     13  1      -386.75589053     0.00e+00     21.58

         res : 7.23e-07   lamb: 1.00e+00   eps : -1.50e-12   step: 1.66e-06    0.06
         res : 1.40e-07   lamb: 1.00e+00   eps : -1.61e-12   step: 2.07e-06    0.06
         res : 5.80e-08   lamb: 1.00e+00   eps : -1.62e-12   step: 2.14e-06    0.06
         res : 2.54e-08   lamb: 1.00e+00   eps : -1.63e-12   step: 2.15e-06    0.06
         res : 9.78e-09   lamb: 1.00e+00   eps : -1.63e-12   step: 2.16e-06    0.06
         res : 3.73e-09   lamb: 1.00e+00   eps : -1.63e-12   step: 2.16e-06    0.06

     14  0      -386.92679783     9.22e-09     21.39
     14  1      -386.75589052     0.00e+00     21.39

    * Second-order optimization converged. *   

    * Integral transformation done. Elapsed time: 0.08

       - jop, kop                                  0.00
       - denom                                     0.02
     guess   0:   closed 111111......         open ............        
     guess   1:   closed 11111.......         open .....11.....        

  === FCI iteration ===

      0  0      -386.78621976     3.73e-04      0.60
      0  1      -386.54679463     4.01e-04      0.00

      1  0      -386.89851634     1.89e-04      0.60
      1  1      -386.67915099     2.47e-04      0.00

      2  0      -386.92085001     9.61e-05      0.61
      2  1      -386.72533174     1.57e-04      0.00

      3  0      -386.92570962     4.48e-05      0.60
      3  1      -386.74347972     1.05e-04      0.00

      4  0      -386.92658317     2.05e-05      0.61
      4  1      -386.75098913     6.70e-05      0.00

      5  0      -386.92675345     9.53e-06      0.61
      5  1      -386.75382873     4.27e-05      0.00

      6  0      -386.92678814     4.34e-06      0.61
      6  1      -386.75496546     2.76e-05      0.00

      7  0      -386.92679542     2.05e-06      0.61
      7  1      -386.75542704     1.83e-05      0.00

      8  0      -386.92679714     1.09e-06      0.61
      8  1      -386.75564762     1.34e-05      0.00

      9  0      -386.92679764     5.92e-07      0.62
      9  1      -386.75576239     1.04e-05      0.00

     10  0      -386.92679779     2.95e-07      0.62
     10  1      -386.75582712     7.36e-06      0.00

     11  0      -386.92679782     1.38e-07      0.62
     11  1      -386.75585751     4.92e-06      0.00

     12  0      -386.92679783     6.44e-08      0.62
     12  1      -386.75587207     3.46e-06      0.00

     13  0      -386.92679783     3.01e-08      0.62
     13  1      -386.75587957     2.48e-06      0.00

     14  0      -386.92679783     1.37e-08      0.62
     14  1      -386.75588360     1.82e-06      0.00

     15  0      -386.92679783     6.43e-09      0.63
     15  1      -386.75588589     1.43e-06      0.00

     16  0      -386.92679783     3.02e-09      0.63
     16  1      -386.75588744     1.26e-06      0.00

     17  0      -386.92679783     1.36e-09      0.63
     17  1      -386.75588866     1.16e-06      0.00

     18  0      -386.92679783     6.03e-10      0.63
     18  1      -386.75588961     9.53e-07      0.00

     19  0      -386.92679783     2.76e-10      0.63
     19  1      -386.75589012     6.64e-07      0.00
    ** throwing out 2 trial vectors **

     20  0      -386.92679783     1.32e-10      0.64
     20  1      -386.75589035     4.15e-07      0.00
    ** throwing out 2 trial vectors **

     21  0 *    -386.92679783     5.95e-11      0.54
     21  1      -386.75589045     2.65e-07      0.00
    ** throwing out 1 trial vectors **

     22  0 *    -386.92679783     5.87e-11      0.33
     22  1      -386.75589049     1.73e-07      0.00
    ** throwing out 1 trial vectors **

     23  0 *    -386.92679783     5.85e-11      0.34
     23  1      -386.75589050     1.11e-07      0.00
    ** throwing out 1 trial vectors **

     24  0 *    -386.92679783     5.84e-11      0.33
     24  1      -386.75589051     7.29e-08      0.00
    ** throwing out 1 trial vectors **

     25  0 *    -386.92679783     5.85e-11      0.34
     25  1      -386.75589051     4.67e-08      0.00
    ** throwing out 1 trial vectors **

     26  0 *    -386.92679783     5.83e-11      0.33
     26  1      -386.75589052     2.81e-08      0.00
    ** throwing out 1 trial vectors **

     27  0 *    -386.92679783     5.84e-11      0.33
     27  1      -386.75589052     1.64e-08      0.00
    ** throwing out 1 trial vectors **

     28  0 *    -386.92679783     5.83e-11      0.34
     28  1      -386.75589052     9.34e-09      0.00
    ** throwing out 1 trial vectors **

     29  0 *    -386.92679783     5.83e-11      0.34
     29  1      -386.75589052     5.20e-09      0.00
    ** throwing out 1 trial vectors **

     30  0 *    -386.92679783     5.79e-11      0.34
     30  1      -386.75589052     2.97e-09      0.00
    ** throwing out 1 trial vectors **

     31  0 *    -386.92679783     5.79e-11      0.34
     31  1      -386.75589052     1.73e-09      0.00
    ** throwing out 1 trial vectors **

     32  0 *    -386.92679783     5.80e-11      0.34
     32  1      -386.75589052     9.99e-10      0.00
    ** throwing out 1 trial vectors **

     33  0 *    -386.92679783     5.80e-11      0.34
     33  1      -386.75589052     5.65e-10      0.00
    ** throwing out 1 trial vectors **

     34  0 *    -386.92679783     5.77e-11      0.33
     34  1      -386.75589052     3.22e-10      0.00
    ** throwing out 1 trial vectors **

     35  0 *    -386.92679783     5.77e-11      0.33
     35  1      -386.75589052     1.84e-10      0.00
    ** throwing out 1 trial vectors **

     36  0 *    -386.92679783     5.74e-11      0.33
     36  1      -386.75589052     1.05e-10      0.00
    ** throwing out 1 trial vectors **

     37  0 *    -386.92679783     5.73e-11      0.24
     37  1 *    -386.75589052     6.09e-11      0.00

     * ci vector   0, <S^2> = 0.0000, E =     -386.92679783
       222222......    -0.8970076643
       2222.22.....     0.0866230527
       22222..2....     0.0760656774
       22222.2.....     0.0654165475
       .22222.....2     0.0637848095
       2222bbaa....     0.0617680544
       2222aabb....     0.0617680544
       222.22.2....     0.0617406184
       2222abab....     0.0557993385
       2222baba....     0.0557993385
       22222...2...     0.0518498198

     * ci vector   1, <S^2> = 0.0000, E =     -386.75589052
       22222ba.....     0.4730248539
       22222ab.....     0.4730248538
       2222a2.b....    -0.3544303014
       2222b2.a....    -0.3544303013
       2222a2b.....     0.0828583265
       2222b2a.....     0.0828583264
       22222a.b....     0.0807261945
       22222b.a....     0.0807261944
       222222......     0.0566339967
       22b2a22.....     0.0556105598
       22a2b22.....     0.0556105598
       22a22bab....    -0.0540842100
       22b22aba....    -0.0540842100
       22a22bba....    -0.0536118622
       22b22aab....    -0.0536118622
       22b222..a...     0.0509980320
       22a222..b...     0.0509980320
       2222baa..b..    -0.0502547218
       2222abb..a..    -0.0502547218

    * METHOD: CASSCF                             347.36


    * METHOD: PRINT                                0.07


    * METHOD: SAVE_REF                             0.16

  === SMITH program ===

    * freezing 10 orbitals
    * SS-SR internal contraction is used

    * Approximate memory requirement for SMITH calculation per MPI process:
      o Storage requirement for T-amplitude, lambda, and residual is 0.43 GB
      o Storage requirement for MO integrals is 0.03 GB
       - MO integral evaluation                    0.70

  ++ State-averaged Fock matrix over basis states ++

                         0                   1
     0       -4.7043834292        0.0027355691
     1        0.0027355691       -4.3192597523


  ++ Extended multi-state CASPT2 (XMS-CASPT2) rotation matrix ++

                         0                   1
     0       -0.9999747765       -0.0071025551
     1        0.0071025551       -0.9999747765


     * ci vector, state   0, <S^2> = 0.0000
       222222......     0.8973872848
       2222.22.....    -0.0869020746
       22222..2....    -0.0761323442
       22222.2.....    -0.0654078683
       .22222.....2    -0.0637994443
       2222bbaa....    -0.0617920927
       2222aabb....    -0.0617920927
       222.22.2....    -0.0617503391
       2222abab....    -0.0558516879
       2222baba....    -0.0558516879
       22222...2...    -0.0517099736

     * ci vector, state   1, <S^2> = 0.0000
       22222ba.....    -0.4733155636
       22222ab.....    -0.4733155634
       2222a2.b....     0.3544899393
       2222b2.a....     0.3544899393
       2222a2b.....    -0.0829465935
       2222b2a.....    -0.0829465934
       22222a.b....    -0.0808021513
       22222b.a....    -0.0808021512
       22b2a22.....    -0.0557159497
       22a2b22.....    -0.0557159497
       22a22bab....     0.0541388257
       22b22aba....     0.0541388257
       22a22bba....     0.0537177899
       22b22aab....     0.0537177899
       22b222..a...    -0.0510114608
       22a222..b...    -0.0510114608
       2222baa..b..     0.0503678515
       2222abb..a..     0.0503678515
       222222......    -0.0502615219

  ++ Reference energies in XMS basis ++

                         0                   1
     0     -386.9267892068       -0.0012138480
     1       -0.0012138480     -386.7558991383

    * Calculating and saving rdm4f

    * Third and Fock-weighted fourth order RDM ( 1, 1) evaluation
      will be done with 40 passes
       - RDM evaluation (multipassing)            36.15
    * Third and Fock-weighted fourth order RDM ( 2, 1) evaluation
      will be done with 40 passes
       - RDM evaluation (multipassing)            58.90
    * Third and Fock-weighted fourth order RDM ( 1, 2) evaluation
      will be done with 40 passes
       - RDM evaluation (multipassing)            58.38
    * Third and Fock-weighted fourth order RDM ( 2, 2) evaluation
      will be done with 40 passes
       - RDM evaluation (multipassing)            35.97
    - linear dependency detected:    1 /  288    min eigenvalue:    -8.2738e-14    max eigenvalue:    -8.2738e-14
    - linear dependency detected:    1 /  288    min eigenvalue:    -2.3827e-14    max eigenvalue:    -2.3827e-14
    - linear dependency detected:   12 / 1728    min eigenvalue:    -1.9967e-13    max eigenvalue:     9.8629e-15
    - linear dependency detected:   12 / 1728    min eigenvalue:    -1.2040e-13    max eigenvalue:     2.3325e-14
    - linear dependency detected:   12 / 1728    min eigenvalue:    -6.3847e-15    max eigenvalue:     7.3552e-15
    - linear dependency detected:   12 / 1728    min eigenvalue:    -7.0751e-15    max eigenvalue:     2.7975e-15
       - RDM + denominator evaluation            223.88

    * Zeroth order energy : state  0       -4.7044028593
    * Zeroth order energy : state  1       -4.3192403223

    * CASPT2 iteration is performed using redundant basis

      ---- iteration ----

        0    -1.03199694     0.00186948      5.94
        1    -1.03365727     0.00020630      6.11
        2    -1.03367762     0.00002505      6.05
        3    -1.03367795     0.00000369      6.09
        4    -1.03367796     0.00000051      6.04

        0    -1.04037465     0.00177908      6.50
        1    -1.04208524     0.00020007      6.08
        2    -1.04210791     0.00002457      6.02
        3    -1.04210831     0.00000377      6.07
        4    -1.04210832     0.00000056      6.59

      -------------------

       - CASPT2 energy evaluation                 63.02

    * CASPT2 energy : state  0     -388.1123744398
        w/o shift correction       -387.9604671677
        reference weight              0.7669802461

    * CASPT2 energy : state  1     -387.9558238384
        w/o shift correction       -387.7980074615
        reference weight              0.7600905322


    * MS-CASPT2 Heff
           -388.1123744398       -0.0049148541
             -0.0049148541     -387.9558238384


    * MS-CASPT2 rotation matrix
             -0.9995085191        0.0313483701
             -0.0313483701       -0.9995085191


    * XMS-CASPT2 rotation matrix
              0.9997059615       -0.0242485151
              0.0242485151        0.9997059615

    * MS-CASPT2 energy : state  0     -388.1125285883
    * MS-CASPT2 energy : state  1     -387.9556696900



    * METHOD: SMITH                              297.17


  
  ===============================================================

