    * Using parallel algorithm in FCI.
    * Parallel algorithm will be used.
  ---------------------------
        FCI calculation      
  ---------------------------

 Constructing space of all determinants that can formed by removing 1 electron from 6 alpha and 6 beta electrons.

 Space is made up of 4 determinants.
  o forming links
    * Integral transformation done. Elapsed time: 0.09

       - jop, kop                                  0.00
       - denom                                     0.02
     guess   0:   closed 111111......         open ............        
     guess   1:   closed 11111.......         open .....11.....        

  === FCI iteration ===

      0  0      -386.72469141     3.74e-04      0.61
      0  1      -386.48294632     4.00e-04      0.00

      1  0      -386.83707192     1.89e-04      0.61
      1  1      -386.61592490     2.47e-04      0.00

      2  0      -386.85947199     9.61e-05      0.61
      2  1      -386.66228770     1.59e-04      0.00

      3  0      -386.86431400     4.50e-05      0.61
      3  1      -386.68120193     1.08e-04      0.00

      4  0      -386.86518533     2.06e-05      0.61
      4  1      -386.68916191     6.92e-05      0.00

      5  0      -386.86535703     9.54e-06      0.61
      5  1      -386.69220921     4.43e-05      0.00

      6  0      -386.86539142     4.33e-06      0.62
      6  1      -386.69342226     2.87e-05      0.00

      7  0      -386.86539857     2.03e-06      0.62
      7  1      -386.69391615     1.91e-05      0.00

      8  0      -386.86540021     1.06e-06      0.62
      8  1      -386.69414923     1.39e-05      0.00

      9  0      -386.86540068     5.69e-07      0.62
      9  1      -386.69426753     1.06e-05      0.00

     10  0      -386.86540081     2.80e-07      0.62
     10  1      -386.69433252     7.28e-06      0.00

     11  0      -386.86540084     1.32e-07      0.62
     11  1      -386.69436147     4.71e-06      0.00

     12  0      -386.86540085     6.20e-08      0.62
     12  1      -386.69437423     3.11e-06      0.00

     13  0      -386.86540085     2.89e-08      0.63
     13  1      -386.69437970     2.01e-06      0.00

     14  0      -386.86540085     1.30e-08      0.63
     14  1      -386.69438199     1.30e-06      0.00

     15  0      -386.86540085     6.12e-09      0.63
     15  1      -386.69438299     8.99e-07      0.00

     16  0      -386.86540085     2.84e-09      0.63
     16  1      -386.69438353     7.17e-07      0.00

     17  0      -386.86540085     1.29e-09      0.63
     17  1      -386.69438393     6.58e-07      0.00

     18  0      -386.86540085     5.91e-10      0.63
     18  1      -386.69438428     6.13e-07      0.00

     19  0      -386.86540085     2.79e-10      0.63
     19  1      -386.69438452     4.87e-07      0.00
    ** throwing out 2 trial vectors **

     20  0      -386.86540085     1.33e-10      0.65
     20  1      -386.69438466     3.36e-07      0.00
    ** throwing out 2 trial vectors **

     21  0 *    -386.86540085     5.84e-11      0.55
     21  1      -386.69438473     2.24e-07      0.00
    ** throwing out 1 trial vectors **

     22  0 *    -386.86540085     5.36e-11      0.34
     22  1      -386.69438476     1.48e-07      0.00
    ** throwing out 1 trial vectors **

     23  0 *    -386.86540085     5.28e-11      0.34
     23  1      -386.69438477     9.64e-08      0.00
    ** throwing out 1 trial vectors **

     24  0 *    -386.86540085     5.28e-11      0.34
     24  1      -386.69438478     6.36e-08      0.00
    ** throwing out 1 trial vectors **

     25  0 *    -386.86540085     5.29e-11      0.34
     25  1      -386.69438478     4.14e-08      0.00
    ** throwing out 1 trial vectors **

     26  0 *    -386.86540085     5.28e-11      0.34
     26  1      -386.69438478     2.53e-08      0.00
    ** throwing out 1 trial vectors **

     27  0 *    -386.86540085     5.29e-11      0.34
     27  1      -386.69438478     1.50e-08      0.00
    ** throwing out 1 trial vectors **

     28  0 *    -386.86540085     5.29e-11      0.34
     28  1      -386.69438478     8.69e-09      0.00
    ** throwing out 1 trial vectors **

     29  0 *    -386.86540085     5.29e-11      0.34
     29  1      -386.69438478     4.89e-09      0.00
    ** throwing out 1 trial vectors **

     30  0 *    -386.86540085     5.27e-11      0.34
     30  1      -386.69438478     2.76e-09      0.00
    ** throwing out 1 trial vectors **

     31  0 *    -386.86540085     5.26e-11      0.34
     31  1      -386.69438478     1.57e-09      0.00
    ** throwing out 1 trial vectors **

     32  0 *    -386.86540085     5.26e-11      0.34
     32  1      -386.69438478     8.93e-10      0.00
    ** throwing out 1 trial vectors **

     33  0 *    -386.86540085     5.27e-11      0.34
     33  1      -386.69438478     5.02e-10      0.00
    ** throwing out 1 trial vectors **

     34  0 *    -386.86540085     5.26e-11      0.34
     34  1      -386.69438478     2.81e-10      0.00
    ** throwing out 1 trial vectors **

     35  0 *    -386.86540085     5.26e-11      0.34
     35  1      -386.69438478     1.57e-10      0.00
    ** throwing out 1 trial vectors **

     36  0 *    -386.86540085     5.26e-11      0.24
     36  1 *    -386.69438478     9.17e-11      0.00

     * ci vector   0, <S^2> = 0.0000, E =     -386.86540085
       222222......     0.8984536827
       2222.22.....    -0.0844333936
       22222..2....    -0.0759074517
       .22222.....2    -0.0638752056
       22222.2.....    -0.0632014243
       2222aabb....    -0.0615257050
       2222bbaa....    -0.0615257050
       222.22.2....    -0.0582704765
       2222abab....    -0.0549986588
       2222baba....    -0.0549986588
       22222...2...    -0.0508173554

     * ci vector   1, <S^2> = -0.0000, E =     -386.69438478
       22222ab.....     0.4621725452
       22222ba.....     0.4621725452
       2222b2.a....    -0.3600843345
       2222a2.b....    -0.3600843345
       22222b.a....     0.1034191020
       22222a.b....     0.1034191020
       2222b2a.....     0.0963706305
       2222a2b.....     0.0963706305
       22b22aba....    -0.0558529591
       22a22bab....    -0.0558529591
       22b22aab....    -0.0532851462
       22a22bba....    -0.0532851462
       22a222..b...     0.0531187030
       22b222..a...     0.0531187030
       22a2b22.....     0.0528985937
       22b2a22.....     0.0528985937
       222a22...b..    -0.0521365201
       222b22...a..    -0.0521365201
       2222abb..a..    -0.0501491395
       2222baa..b..    -0.0501491395
       - FCI and RDMs                             20.20
    * Integral transformation done. Elapsed time: 0.08

       - jop, kop                                  0.00
       - denom                                     0.02
     guess   0:   closed 111111......         open ............        
     guess   1:   closed 11111.......         open .....11.....        

  === FCI iteration ===

      0  0      -386.78628322     3.74e-04      0.61
      0  1      -386.54588330     4.00e-04      0.00

      1  0      -386.89857908     1.88e-04      0.62
      1  1      -386.67782474     2.46e-04      0.00

      2  0      -386.92084167     9.59e-05      0.61
      2  1      -386.72391521     1.58e-04      0.00

      3  0      -386.92566468     4.49e-05      0.61
      3  1      -386.74249523     1.07e-04      0.00

      4  0      -386.92653498     2.07e-05      0.62
      4  1      -386.75033966     6.86e-05      0.00

      5  0      -386.92670818     9.54e-06      0.62
      5  1      -386.75332567     4.39e-05      0.00

      6  0      -386.92674274     4.32e-06      0.62
      6  1      -386.75451573     2.83e-05      0.00

      7  0      -386.92674989     2.03e-06      0.62
      7  1      -386.75500109     1.89e-05      0.00

      8  0      -386.92675154     1.07e-06      0.62
      8  1      -386.75523510     1.38e-05      0.00

      9  0      -386.92675201     5.72e-07      0.62
      9  1      -386.75535648     1.07e-05      0.00

     10  0      -386.92675215     2.82e-07      0.62
     10  1      -386.75542232     7.37e-06      0.00

     11  0      -386.92675218     1.31e-07      0.62
     11  1      -386.75545180     4.82e-06      0.00

     12  0      -386.92675218     6.04e-08      0.63
     12  1      -386.75546520     3.28e-06      0.00

     13  0      -386.92675219     2.80e-08      0.62
     13  1      -386.75547155     2.23e-06      0.00

     14  0      -386.92675219     1.28e-08      0.63
     14  1      -386.75547455     1.54e-06      0.00

     15  0      -386.92675219     6.00e-09      0.63
     15  1      -386.75547607     1.16e-06      0.00

     16  0      -386.92675219     2.77e-09      0.63
     16  1      -386.75547703     9.87e-07      0.00

     17  0      -386.92675219     1.24e-09      0.63
     17  1      -386.75547778     9.14e-07      0.00

     18  0      -386.92675219     5.57e-10      0.62
     18  1      -386.75547841     8.02e-07      0.00

     19  0      -386.92675219     2.61e-10      0.63
     19  1      -386.75547880     6.01e-07      0.00
    ** throwing out 2 trial vectors **

     20  0      -386.92675219     1.24e-10      0.65
     20  1      -386.75547900     3.95e-07      0.00
    ** throwing out 2 trial vectors **

     21  0 *    -386.92675219     5.53e-11      0.55
     21  1      -386.75547909     2.62e-07      0.00
    ** throwing out 1 trial vectors **

     22  0 *    -386.92675219     5.40e-11      0.34
     22  1      -386.75547913     1.76e-07      0.00
    ** throwing out 1 trial vectors **

     23  0 *    -386.92675219     5.38e-11      0.33
     23  1      -386.75547915     1.15e-07      0.00
    ** throwing out 1 trial vectors **

     24  0 *    -386.92675219     5.38e-11      0.34
     24  1      -386.75547916     7.47e-08      0.00
    ** throwing out 1 trial vectors **

     25  0 *    -386.92675219     5.39e-11      0.34
     25  1      -386.75547916     4.69e-08      0.00
    ** throwing out 1 trial vectors **

     26  0 *    -386.92675219     5.39e-11      0.33
     26  1      -386.75547917     2.75e-08      0.00
    ** throwing out 1 trial vectors **

     27  0 *    -386.92675219     5.39e-11      0.34
     27  1      -386.75547917     1.57e-08      0.00
    ** throwing out 1 trial vectors **

     28  0 *    -386.92675219     5.39e-11      0.34
     28  1      -386.75547917     8.97e-09      0.00
    ** throwing out 1 trial vectors **

     29  0 *    -386.92675219     5.39e-11      0.34
     29  1      -386.75547917     5.11e-09      0.00
    ** throwing out 1 trial vectors **

     30  0 *    -386.92675219     5.37e-11      0.34
     30  1      -386.75547917     2.96e-09      0.00
    ** throwing out 1 trial vectors **

     31  0 *    -386.92675219     5.37e-11      0.34
     31  1      -386.75547917     1.72e-09      0.00
    ** throwing out 1 trial vectors **

     32  0 *    -386.92675219     5.37e-11      0.33
     32  1      -386.75547917     1.01e-09      0.00
    ** throwing out 1 trial vectors **

     33  0 *    -386.92675219     5.38e-11      0.33
     33  1      -386.75547917     5.79e-10      0.00
    ** throwing out 1 trial vectors **

     34  0 *    -386.92675219     5.36e-11      0.33
     34  1      -386.75547917     3.37e-10      0.00
    ** throwing out 1 trial vectors **

     35  0 *    -386.92675219     5.35e-11      0.33
     35  1      -386.75547917     1.99e-10      0.00
    ** throwing out 1 trial vectors **

     36  0 *    -386.92675219     5.33e-11      0.34
     36  1      -386.75547917     1.23e-10      0.00
    ** throwing out 1 trial vectors **

     37  0 *    -386.92675219     5.31e-11      0.23
     37  1 *    -386.75547917     7.87e-11      0.00

     * ci vector   0, <S^2> = -0.0000, E =     -386.92675219
       222222......    -0.8974387251
       2222.22.....     0.0837122957
       22222..2....     0.0768552183
       22222.2.....     0.0641495108
       .22222.....2     0.0638402650
       2222aabb....    -0.0613974322
       2222bbaa....    -0.0613974322
       222.22.2....     0.0613899684
       2222baba....    -0.0548632079
       2222abab....    -0.0548632079
       22222...2...     0.0521306803

     * ci vector   1, <S^2> = -0.0000, E =     -386.75547917
       22222ab.....     0.4654956489
       22222ba.....     0.4654956488
       2222b2.a....     0.3591893177
       2222a2.b....     0.3591893177
       2222b2a.....    -0.0982912630
       2222a2b.....    -0.0982912629
       22222b.a....     0.0887474107
       22222a.b....     0.0887474106
       2222baa..b..     0.0542772497
       2222abb..a..     0.0542772497
       22a22b2.....     0.0535426607
       22b22a2.....     0.0535426607
       22a222..b...     0.0528618748
       22b222..a...     0.0528618748
       222a22...b..     0.0516305184
       222b22...a..     0.0516305184
       2222bab..a..     0.0513321866
       2222aba..b..     0.0513321866
       - FCI and RDMs                             20.52
    * Integral transformation done. Elapsed time: 0.08

       - jop, kop                                  0.00
       - denom                                     0.02
     guess   0:   closed 111111......         open ............        
     guess   1:   closed 11111.......         open .....11.....        

  === FCI iteration ===

      0  0      -386.78622636     3.73e-04      0.62
      0  1      -386.54637376     4.00e-04      0.00

      1  0      -386.89852449     1.88e-04      0.63
      1  1      -386.67855842     2.47e-04      0.00

      2  0      -386.92085047     9.60e-05      0.63
      2  1      -386.72471113     1.58e-04      0.00

      3  0      -386.92569263     4.48e-05      0.63
      3  1      -386.74313876     1.06e-04      0.00

      4  0      -386.92656258     2.06e-05      0.63
      4  1      -386.75085366     6.80e-05      0.00

      5  0      -386.92673382     9.52e-06      0.63
      5  1      -386.75378426     4.34e-05      0.00

      6  0      -386.92676833     4.33e-06      0.61
      6  1      -386.75495569     2.81e-05      0.00

      7  0      -386.92677554     2.04e-06      0.62
      7  1      -386.75543285     1.87e-05      0.00

      8  0      -386.92677721     1.08e-06      0.62
      8  1      -386.75566069     1.37e-05      0.00

      9  0      -386.92677769     5.80e-07      0.62
      9  1      -386.75577862     1.06e-05      0.00

     10  0      -386.92677783     2.88e-07      0.62
     10  1      -386.75584395     7.35e-06      0.00

     11  0      -386.92677786     1.35e-07      0.62
     11  1      -386.75587358     4.81e-06      0.00

     12  0      -386.92677787     6.27e-08      0.62
     12  1      -386.75588703     3.26e-06      0.00

     13  0      -386.92677787     2.93e-08      0.63
     13  1      -386.75589333     2.20e-06      0.00

     14  0      -386.92677787     1.33e-08      0.63
     14  1      -386.75589626     1.50e-06      0.00

     15  0      -386.92677787     6.27e-09      0.62
     15  1      -386.75589769     1.10e-06      0.00

     16  0      -386.92677787     2.93e-09      0.63
     16  1      -386.75589856     9.29e-07      0.00

     17  0      -386.92677787     1.32e-09      0.63
     17  1      -386.75589924     8.74e-07      0.00

     18  0      -386.92677787     5.94e-10      0.63
     18  1      -386.75589982     7.80e-07      0.00

     19  0      -386.92677787     2.76e-10      0.63
     19  1      -386.75590019     5.88e-07      0.00
    ** throwing out 2 trial vectors **

     20  0      -386.92677787     1.31e-10      0.64
     20  1      -386.75590038     3.88e-07      0.00
    ** throwing out 2 trial vectors **

     21  0 *    -386.92677787     5.83e-11      0.54
     21  1      -386.75590047     2.56e-07      0.00
    ** throwing out 1 trial vectors **

     22  0 *    -386.92677787     5.68e-11      0.34
     22  1      -386.75590051     1.70e-07      0.00
    ** throwing out 1 trial vectors **

     23  0 *    -386.92677787     5.66e-11      0.33
     23  1      -386.75590052     1.11e-07      0.00
    ** throwing out 1 trial vectors **

     24  0 *    -386.92677787     5.66e-11      0.34
     24  1      -386.75590053     7.27e-08      0.00
    ** throwing out 1 trial vectors **

     25  0 *    -386.92677787     5.67e-11      0.34
     25  1      -386.75590053     4.66e-08      0.00
    ** throwing out 1 trial vectors **

     26  0 *    -386.92677787     5.66e-11      0.34
     26  1      -386.75590054     2.80e-08      0.00
    ** throwing out 1 trial vectors **

     27  0 *    -386.92677787     5.66e-11      0.34
     27  1      -386.75590054     1.63e-08      0.00
    ** throwing out 1 trial vectors **

     28  0 *    -386.92677787     5.66e-11      0.34
     28  1      -386.75590054     9.35e-09      0.00
    ** throwing out 1 trial vectors **

     29  0 *    -386.92677787     5.66e-11      0.34
     29  1      -386.75590054     5.27e-09      0.00
    ** throwing out 1 trial vectors **

     30  0 *    -386.92677787     5.63e-11      0.34
     30  1      -386.75590054     3.03e-09      0.00
    ** throwing out 1 trial vectors **

     31  0 *    -386.92677787     5.63e-11      0.34
     31  1      -386.75590054     1.75e-09      0.00
    ** throwing out 1 trial vectors **

     32  0 *    -386.92677787     5.64e-11      0.34
     32  1      -386.75590054     1.01e-09      0.00
    ** throwing out 1 trial vectors **

     33  0 *    -386.92677787     5.64e-11      0.34
     33  1      -386.75590054     5.67e-10      0.00
    ** throwing out 1 trial vectors **

     34  0 *    -386.92677787     5.62e-11      0.34
     34  1      -386.75590054     3.20e-10      0.00
    ** throwing out 1 trial vectors **

     35  0 *    -386.92677787     5.62e-11      0.33
     35  1      -386.75590054     1.81e-10      0.00
    ** throwing out 1 trial vectors **

     36  0 *    -386.92677787     5.59e-11      0.34
     36  1      -386.75590054     1.04e-10      0.00
    ** throwing out 1 trial vectors **

     37  0 *    -386.92677787     5.58e-11      0.24
     37  1 *    -386.75590054     6.08e-11      0.00

     * ci vector   0, <S^2> = 0.0000, E =     -386.92677787
       222222......     0.8973530335
       2222.22.....    -0.0852435804
       22222..2....    -0.0758424240
       22222.2.....    -0.0649449256
       .22222.....2    -0.0638303628
       2222bbaa....    -0.0615329770
       2222aabb....    -0.0615329770
       222.22.2....    -0.0612599149
       2222abab....    -0.0552153614
       2222baba....    -0.0552153614
       22222...2...    -0.0522875952

     * ci vector   1, <S^2> = -0.0000, E =     -386.75590054
       22222ba.....    -0.4686523450
       22222ab.....    -0.4686523450
       2222a2.b....     0.3559971181
       2222b2.a....     0.3559971181
       2222a2b.....    -0.0929405231
       2222b2a.....    -0.0929405231
       22222a.b....    -0.0891151418
       22222b.a....    -0.0891151418
       22a22bab....     0.0533768371
       22b22aba....     0.0533768371
       22b2a22.....    -0.0529891609
       22a2b22.....    -0.0529891609
       22b222..a...    -0.0522319628
       22a222..b...    -0.0522319628
       22a22bba....     0.0520903668
       22b22aab....     0.0520903668
       2222baa..b..    -0.0511485523
       2222abb..a..    -0.0511485523
       222b22...a..    -0.0505158529
       222a22...b..    -0.0505158529
       - FCI and RDMs                             20.56
    * Integral transformation done. Elapsed time: 0.08

       - jop, kop                                  0.00
       - denom                                     0.02
     guess   0:   closed 111111......         open ............        
     guess   1:   closed 11111.......         open .....11.....        

  === FCI iteration ===

      0  0      -386.78620987     3.73e-04      0.61
      0  1      -386.54652778     4.01e-04      0.00

      1  0      -386.89851278     1.88e-04      0.61
      1  1      -386.67881822     2.47e-04      0.00

      2  0      -386.92084590     9.60e-05      0.61
      2  1      -386.72501959     1.58e-04      0.00

      3  0      -386.92569826     4.48e-05      0.60
      3  1      -386.74330743     1.06e-04      0.00

      4  0      -386.92657054     2.05e-05      0.61
      4  1      -386.75092283     6.75e-05      0.00

      5  0      -386.92674130     9.53e-06      0.61
      5  1      -386.75380921     4.31e-05      0.00

      6  0      -386.92677593     4.33e-06      0.61
      6  1      -386.75496496     2.79e-05      0.00

      7  0      -386.92678317     2.05e-06      0.62
      7  1      -386.75543491     1.85e-05      0.00

      8  0      -386.92678487     1.08e-06      0.62
      8  1      -386.75565922     1.35e-05      0.00

      9  0      -386.92678536     5.86e-07      0.62
      9  1      -386.75577558     1.05e-05      0.00

     10  0      -386.92678551     2.92e-07      0.61
     10  1      -386.75584061     7.36e-06      0.00

     11  0      -386.92678554     1.37e-07      0.62
     11  1      -386.75587063     4.87e-06      0.00

     12  0      -386.92678555     6.37e-08      0.62
     12  1      -386.75588464     3.36e-06      0.00

     13  0      -386.92678555     2.97e-08      0.63
     13  1      -386.75589154     2.34e-06      0.00

     14  0      -386.92678555     1.35e-08      0.63
     14  1      -386.75589502     1.66e-06      0.00

     15  0      -386.92678555     6.38e-09      0.62
     15  1      -386.75589687     1.27e-06      0.00

     16  0      -386.92678555     2.99e-09      0.63
     16  1      -386.75589808     1.11e-06      0.00

     17  0      -386.92678555     1.35e-09      0.63
     17  1      -386.75589904     1.04e-06      0.00

     18  0      -386.92678555     6.00e-10      0.63
     18  1      -386.75589982     8.83e-07      0.00

     19  0      -386.92678555     2.76e-10      0.63
     19  1      -386.75590027     6.36e-07      0.00
    ** throwing out 2 trial vectors **

     20  0      -386.92678555     1.31e-10      0.64
     20  1      -386.75590049     4.06e-07      0.00
    ** throwing out 2 trial vectors **

     21  0 *    -386.92678555     5.91e-11      0.54
     21  1      -386.75590058     2.62e-07      0.00
    ** throwing out 1 trial vectors **

     22  0 *    -386.92678555     5.81e-11      0.34
     22  1      -386.75590062     1.72e-07      0.00
    ** throwing out 1 trial vectors **

     23  0 *    -386.92678555     5.79e-11      0.34
     23  1      -386.75590064     1.11e-07      0.00
    ** throwing out 1 trial vectors **

     24  0 *    -386.92678555     5.79e-11      0.33
     24  1      -386.75590064     7.28e-08      0.00
    ** throwing out 1 trial vectors **

     25  0 *    -386.92678555     5.79e-11      0.34
     25  1      -386.75590065     4.66e-08      0.00
    ** throwing out 1 trial vectors **

     26  0 *    -386.92678555     5.78e-11      0.34
     26  1      -386.75590065     2.79e-08      0.00
    ** throwing out 1 trial vectors **

     27  0 *    -386.92678555     5.78e-11      0.34
     27  1      -386.75590065     1.62e-08      0.00
    ** throwing out 1 trial vectors **

     28  0 *    -386.92678555     5.77e-11      0.34
     28  1      -386.75590065     9.25e-09      0.00
    ** throwing out 1 trial vectors **

     29  0 *    -386.92678555     5.78e-11      0.34
     29  1      -386.75590065     5.18e-09      0.00
    ** throwing out 1 trial vectors **

     30  0 *    -386.92678555     5.74e-11      0.34
     30  1      -386.75590065     2.95e-09      0.00
    ** throwing out 1 trial vectors **

     31  0 *    -386.92678555     5.74e-11      0.34
     31  1      -386.75590065     1.71e-09      0.00
    ** throwing out 1 trial vectors **

     32  0 *    -386.92678555     5.74e-11      0.33
     32  1      -386.75590065     9.91e-10      0.00
    ** throwing out 1 trial vectors **

     33  0 *    -386.92678555     5.75e-11      0.34
     33  1      -386.75590065     5.64e-10      0.00
    ** throwing out 1 trial vectors **

     34  0 *    -386.92678555     5.71e-11      0.33
     34  1      -386.75590065     3.21e-10      0.00
    ** throwing out 1 trial vectors **

     35  0 *    -386.92678555     5.70e-11      0.33
     35  1      -386.75590065     1.83e-10      0.00
    ** throwing out 1 trial vectors **

     36  0 *    -386.92678555     5.66e-11      0.33
     36  1      -386.75590065     1.05e-10      0.00
    ** throwing out 1 trial vectors **

     37  0 *    -386.92678555     5.65e-11      0.24
     37  1 *    -386.75590065     6.22e-11      0.00

     * ci vector   0, <S^2> = 0.0000, E =     -386.92678555
       222222......     0.8971724405
       2222.22.....    -0.0860547664
       22222..2....    -0.0758274404
       22222.2.....    -0.0652839158
       .22222.....2    -0.0638043908
       2222aabb....    -0.0616543784
       2222bbaa....    -0.0616543784
       222.22.2....    -0.0616376780
       2222baba....    -0.0555118770
       2222abab....    -0.0555118770
       22222...2...    -0.0522303265

     * ci vector   1, <S^2> = 0.0000, E =     -386.75590065
       22222ab.....     0.4708471343
       22222ba.....     0.4708471342
       2222b2.a....    -0.3552773983
       2222a2.b....    -0.3552773983
       2222b2a.....     0.0876494586
       2222a2b.....     0.0876494586
       22222b.a....     0.0851054389
       22222a.b....     0.0851054389
       22a2b22.....    -0.0545811514
       22b2a22.....    -0.0545811514
       22b22aba....     0.0540886773
       22a22bab....     0.0540886773
       222222......    -0.0532890399
       22b22aab....     0.0531646771
       22a22bba....     0.0531646771
       22a222..b...    -0.0516266299
       22b222..a...    -0.0516266299
       2222abb..a..     0.0504139044
       2222baa..b..     0.0504139044
       - FCI and RDMs                             20.41
    * Integral transformation done. Elapsed time: 0.08

       - jop, kop                                  0.00
       - denom                                     0.02
     guess   0:   closed 111111......         open ............        
     guess   1:   closed 11111.......         open .....11.....        

  === FCI iteration ===

      0  0      -386.78621154     3.73e-04      0.59
      0  1      -386.54664024     4.01e-04      0.00

      1  0      -386.89851254     1.89e-04      0.61
      1  1      -386.67897495     2.47e-04      0.00

      2  0      -386.92084687     9.61e-05      0.61
      2  1      -386.72517481     1.57e-04      0.00

      3  0      -386.92570311     4.48e-05      0.62
      3  1      -386.74339383     1.06e-04      0.00

      4  0      -386.92657607     2.05e-05      0.61
      4  1      -386.75095671     6.73e-05      0.00

      5  0      -386.92674658     9.53e-06      0.62
      5  1      -386.75381989     4.29e-05      0.00

      6  0      -386.92678124     4.34e-06      0.62
      6  1      -386.75496643     2.78e-05      0.00

      7  0      -386.92678851     2.05e-06      0.62
      7  1      -386.75543229     1.84e-05      0.00

      8  0      -386.92679021     1.09e-06      0.62
      8  1      -386.75565473     1.34e-05      0.00

      9  0      -386.92679071     5.89e-07      0.62
      9  1      -386.75577028     1.05e-05      0.00

     10  0      -386.92679085     2.94e-07      0.62
     10  1      -386.75583517     7.36e-06      0.00

     11  0      -386.92679089     1.38e-07      0.63
     11  1      -386.75586538     4.89e-06      0.00

     12  0      -386.92679090     6.41e-08      0.63
     12  1      -386.75587967     3.41e-06      0.00

     13  0      -386.92679090     2.99e-08      0.63
     13  1      -386.75588688     2.41e-06      0.00

     14  0      -386.92679090     1.36e-08      0.63
     14  1      -386.75589063     1.74e-06      0.00

     15  0      -386.92679090     6.41e-09      0.63
     15  1      -386.75589270     1.36e-06      0.00

     16  0      -386.92679090     3.01e-09      0.63
     16  1      -386.75589408     1.19e-06      0.00

     17  0      -386.92679090     1.36e-09      0.63
     17  1      -386.75589517     1.10e-06      0.00

     18  0      -386.92679090     6.02e-10      0.63
     18  1      -386.75589604     9.21e-07      0.00

     19  0      -386.92679090     2.76e-10      0.63
     19  1      -386.75589653     6.52e-07      0.00
    ** throwing out 2 trial vectors **

     20  0      -386.92679090     1.32e-10      0.64
     20  1      -386.75589675     4.11e-07      0.00
    ** throwing out 2 trial vectors **

     21  0 *    -386.92679090     5.93e-11      0.56
     21  1      -386.75589684     2.64e-07      0.00
    ** throwing out 1 trial vectors **

     22  0 *    -386.92679090     5.85e-11      0.34
     22  1      -386.75589688     1.72e-07      0.00
    ** throwing out 1 trial vectors **

     23  0 *    -386.92679090     5.82e-11      0.34
     23  1      -386.75589690     1.11e-07      0.00
    ** throwing out 1 trial vectors **

     24  0 *    -386.92679090     5.82e-11      0.34
     24  1      -386.75589691     7.27e-08      0.00
    ** throwing out 1 trial vectors **

     25  0 *    -386.92679090     5.83e-11      0.34
     25  1      -386.75589691     4.67e-08      0.00
    ** throwing out 1 trial vectors **

     26  0 *    -386.92679090     5.81e-11      0.34
     26  1      -386.75589691     2.81e-08      0.00
    ** throwing out 1 trial vectors **

     27  0 *    -386.92679090     5.82e-11      0.34
     27  1      -386.75589691     1.64e-08      0.00
    ** throwing out 1 trial vectors **

     28  0 *    -386.92679090     5.81e-11      0.34
     28  1      -386.75589691     9.40e-09      0.00
    ** throwing out 1 trial vectors **

     29  0 *    -386.92679090     5.81e-11      0.34
     29  1      -386.75589691     5.27e-09      0.00
    ** throwing out 1 trial vectors **

     30  0 *    -386.92679090     5.78e-11      0.34
     30  1      -386.75589691     3.03e-09      0.00
    ** throwing out 1 trial vectors **

     31  0 *    -386.92679090     5.78e-11      0.34
     31  1      -386.75589691     1.77e-09      0.00
    ** throwing out 1 trial vectors **

     32  0 *    -386.92679090     5.78e-11      0.34
     32  1      -386.75589691     1.02e-09      0.00
    ** throwing out 1 trial vectors **

     33  0 *    -386.92679090     5.78e-11      0.34
     33  1      -386.75589691     5.79e-10      0.00
    ** throwing out 1 trial vectors **

     34  0 *    -386.92679090     5.75e-11      0.34
     34  1      -386.75589691     3.28e-10      0.00
    ** throwing out 1 trial vectors **

     35  0 *    -386.92679090     5.75e-11      0.34
     35  1      -386.75589691     1.88e-10      0.00
    ** throwing out 1 trial vectors **

     36  0 *    -386.92679090     5.73e-11      0.34
     36  1      -386.75589691     1.09e-10      0.00
    ** throwing out 1 trial vectors **

     37  0 *    -386.92679090     5.72e-11      0.24
     37  1 *    -386.75589691     6.52e-11      0.00

     * ci vector   0, <S^2> = -0.0000, E =     -386.92679090
       222222......     0.8970879973
       2222.22.....    -0.0863792419
       22222..2....    -0.0759131923
       22222.2.....    -0.0653595594
       .22222.....2    -0.0637938543
       2222bbaa....    -0.0617123150
       2222aabb....    -0.0617123150
       222.22.2....    -0.0616917519
       2222abab....    -0.0556605461
       2222baba....    -0.0556605461
       22222...2...    -0.0520435499

     * ci vector   1, <S^2> = 0.0000, E =     -386.75589691
       22222ba.....    -0.4719442109
       22222ab.....    -0.4719442107
       2222a2.b....     0.3548877664
       2222b2.a....     0.3548877663
       2222a2b.....    -0.0851237361
       2222b2a.....    -0.0851237360
       22222a.b....    -0.0829216779
       22222b.a....    -0.0829216778
       22b2a22.....     0.0552033761
       22a2b22.....     0.0552033761
       222222......     0.0549593826
       22a22bab....    -0.0541942875
       22b22aba....    -0.0541942874
       22a22bba....    -0.0534977177
       22b22aab....    -0.0534977177
       22b222..a...     0.0513175745
       22a222..b...     0.0513175745
       2222baa..b..    -0.0502295944
       2222abb..a..    -0.0502295944
       - FCI and RDMs                             20.53
    * Integral transformation done. Elapsed time: 0.08

       - jop, kop                                  0.00
       - denom                                     0.02
     guess   0:   closed 111111......         open ............        
     guess   1:   closed 11111.......         open .....11.....        

  === FCI iteration ===

      0  0      -386.78621454     3.73e-04      0.61
      0  1      -386.54670985     4.01e-04      0.00

      1  0      -386.89851371     1.89e-04      0.61
      1  1      -386.67905910     2.47e-04      0.00

      2  0      -386.92084804     9.61e-05      0.60
      2  1      -386.72525214     1.57e-04      0.00

      3  0      -386.92570603     4.48e-05      0.61
      3  1      -386.74343644     1.06e-04      0.00

      4  0      -386.92657928     2.05e-05      0.61
      4  1      -386.75097297     6.72e-05      0.00

      5  0      -386.92674968     9.53e-06      0.62
      5  1      -386.75382455     4.28e-05      0.00

      6  0      -386.92678435     4.34e-06      0.61
      6  1      -386.75496633     2.77e-05      0.00

      7  0      -386.92679162     2.05e-06      0.62
      7  1      -386.75543011     1.84e-05      0.00

      8  0      -386.92679333     1.09e-06      0.62
      8  1      -386.75565163     1.34e-05      0.00

      9  0      -386.92679384     5.90e-07      0.62
      9  1      -386.75576679     1.05e-05      0.00

     10  0      -386.92679398     2.94e-07      0.62
     10  1      -386.75583161     7.36e-06      0.00

     11  0      -386.92679401     1.38e-07      0.62
     11  1      -386.75586191     4.91e-06      0.00

     12  0      -386.92679402     6.43e-08      0.63
     12  1      -386.75587634     3.43e-06      0.00

     13  0      -386.92679402     3.00e-08      0.62
     13  1      -386.75588369     2.45e-06      0.00

     14  0      -386.92679402     1.37e-08      0.63
     14  1      -386.75588758     1.78e-06      0.00

     15  0      -386.92679402     6.42e-09      0.63
     15  1      -386.75588976     1.39e-06      0.00

     16  0      -386.92679402     3.01e-09      0.63
     16  1      -386.75589122     1.22e-06      0.00

     17  0      -386.92679402     1.36e-09      0.63
     17  1      -386.75589239     1.13e-06      0.00

     18  0      -386.92679402     6.03e-10      0.63
     18  1      -386.75589330     9.38e-07      0.00

     19  0      -386.92679402     2.76e-10      0.63
     19  1      -386.75589380     6.58e-07      0.00
    ** throwing out 2 trial vectors **

     20  0      -386.92679402     1.32e-10      0.65
     20  1      -386.75589402     4.13e-07      0.00
    ** throwing out 2 trial vectors **

     21  0 *    -386.92679402     5.94e-11      0.54
     21  1      -386.75589412     2.65e-07      0.00
    ** throwing out 1 trial vectors **

     22  0 *    -386.92679402     5.86e-11      0.33
     22  1      -386.75589416     1.72e-07      0.00
    ** throwing out 1 trial vectors **

     23  0 *    -386.92679402     5.83e-11      0.33
     23  1      -386.75589417     1.11e-07      0.00
    ** throwing out 1 trial vectors **

     24  0 *    -386.92679402     5.83e-11      0.34
     24  1      -386.75589418     7.28e-08      0.00
    ** throwing out 1 trial vectors **

     25  0 *    -386.92679402     5.84e-11      0.33
     25  1      -386.75589418     4.67e-08      0.00
    ** throwing out 1 trial vectors **

     26  0 *    -386.92679402     5.82e-11      0.34
     26  1      -386.75589418     2.81e-08      0.00
    ** throwing out 1 trial vectors **

     27  0 *    -386.92679402     5.83e-11      0.33
     27  1      -386.75589418     1.64e-08      0.00
    ** throwing out 1 trial vectors **

     28  0 *    -386.92679402     5.82e-11      0.33
     28  1      -386.75589418     9.37e-09      0.00
    ** throwing out 1 trial vectors **

     29  0 *    -386.92679402     5.82e-11      0.33
     29  1      -386.75589418     5.21e-09      0.00
    ** throwing out 1 trial vectors **

     30  0 *    -386.92679402     5.79e-11      0.33
     30  1      -386.75589418     2.98e-09      0.00
    ** throwing out 1 trial vectors **

     31  0 *    -386.92679402     5.79e-11      0.33
     31  1      -386.75589418     1.74e-09      0.00
    ** throwing out 1 trial vectors **

     32  0 *    -386.92679402     5.79e-11      0.33
     32  1      -386.75589418     1.01e-09      0.00
    ** throwing out 1 trial vectors **

     33  0 *    -386.92679402     5.79e-11      0.35
     33  1      -386.75589418     5.92e-10      0.00
    ** throwing out 1 trial vectors **

     34  0 *    -386.92679402     5.77e-11      0.35
     34  1      -386.75589418     3.51e-10      0.00
    ** throwing out 1 trial vectors **

     35  0 *    -386.92679402     5.76e-11      0.35
     35  1      -386.75589418     2.02e-10      0.00
    ** throwing out 1 trial vectors **

     36  0 *    -386.92679402     5.75e-11      0.35
     36  1      -386.75589418     1.15e-10      0.00
    ** throwing out 1 trial vectors **

     37  0 *    -386.92679402     5.72e-11      0.24
     37  1 *    -386.75589418     6.60e-11      0.00

     * ci vector   0, <S^2> = -0.0000, E =     -386.92679402
       222222......     0.8970474982
       2222.22.....    -0.0865149246
       22222..2....    -0.0759775629
       22222.2.....    -0.0653890911
       .22222.....2    -0.0637891960
       2222bbaa....    -0.0617404402
       2222aabb....    -0.0617404402
       222.22.2....    -0.0617139763
       2222abab....    -0.0557315586
       2222baba....    -0.0557315586
       22222...2...    -0.0519441105

     * ci vector   1, <S^2> = -0.0000, E =     -386.75589418
       22222ba.....     0.4724825822
       22222ab.....     0.4724825822
       2222a2.b....    -0.3546715459
       2222b2.a....    -0.3546715459
       2222a2b.....     0.0839546981
       2222b2a.....     0.0839546980
       22222a.b....     0.0818358321
       22222b.a....     0.0818358321
       222222......    -0.0557883719
       22b2a22.....    -0.0554445437
       22a2b22.....    -0.0554445437
       22a22bab....     0.0541770836
       22b22aba....     0.0541770836
       22a22bba....     0.0535936200
       22b22aab....     0.0535936200
       22b222..a...    -0.0511614223
       22a222..b...    -0.0511614223
       2222baa..b..    -0.0502043298
       2222abb..a..    -0.0502043298
       - FCI and RDMs                             20.59
    * Integral transformation done. Elapsed time: 0.09

       - jop, kop                                  0.00
       - denom                                     0.02
     guess   0:   closed 111111......         open ............        
     guess   1:   closed 11111.......         open .....11.....        

  === FCI iteration ===

      0  0      -386.78621674     3.73e-04      0.62
      0  1      -386.54674922     4.01e-04      0.00

      1  0      -386.89851476     1.89e-04      0.64
      1  1      -386.67910328     2.47e-04      0.00

      2  0      -386.92084887     9.61e-05      0.62
      2  1      -386.72529115     1.57e-04      0.00

      3  0      -386.92570769     4.48e-05      0.61
      3  1      -386.74345774     1.06e-04      0.00

      4  0      -386.92658109     2.05e-05      0.62
      4  1      -386.75098098     6.71e-05      0.00

      5  0      -386.92675143     9.53e-06      0.61
      5  1      -386.75382669     4.28e-05      0.00

      6  0      -386.92678611     4.34e-06      0.62
      6  1      -386.75496602     2.77e-05      0.00

      7  0      -386.92679338     2.05e-06      0.61
      7  1      -386.75542873     1.83e-05      0.00

      8  0      -386.92679510     1.09e-06      0.61
      8  1      -386.75564979     1.34e-05      0.00

      9  0      -386.92679560     5.91e-07      0.62
      9  1      -386.75576476     1.04e-05      0.00

     10  0      -386.92679574     2.95e-07      0.62
     10  1      -386.75582953     7.36e-06      0.00

     11  0      -386.92679578     1.38e-07      0.62
     11  1      -386.75585989     4.91e-06      0.00

     12  0      -386.92679578     6.44e-08      0.62
     12  1      -386.75587438     3.44e-06      0.00

     13  0      -386.92679578     3.00e-08      0.62
     13  1      -386.75588181     2.46e-06      0.00

     14  0      -386.92679578     1.37e-08      0.62
     14  1      -386.75588576     1.80e-06      0.00

     15  0      -386.92679578     6.43e-09      0.62
     15  1      -386.75588800     1.41e-06      0.00

     16  0      -386.92679578     3.02e-09      0.63
     16  1      -386.75588951     1.24e-06      0.00

     17  0      -386.92679578     1.36e-09      0.63
     17  1      -386.75589070     1.15e-06      0.00

     18  0      -386.92679578     6.03e-10      0.63
     18  1      -386.75589163     9.45e-07      0.00

     19  0      -386.92679578     2.76e-10      0.63
     19  1      -386.75589213     6.61e-07      0.00
    ** throwing out 2 trial vectors **

     20  0      -386.92679578     1.32e-10      0.64
     20  1      -386.75589236     4.14e-07      0.00
    ** throwing out 2 trial vectors **

     21  0 *    -386.92679578     5.95e-11      0.55
     21  1      -386.75589245     2.65e-07      0.00
    ** throwing out 1 trial vectors **

     22  0 *    -386.92679578     5.86e-11      0.34
     22  1      -386.75589249     1.72e-07      0.00
    ** throwing out 1 trial vectors **

     23  0 *    -386.92679578     5.84e-11      0.34
     23  1      -386.75589251     1.11e-07      0.00
    ** throwing out 1 trial vectors **

     24  0 *    -386.92679578     5.84e-11      0.34
     24  1      -386.75589252     7.29e-08      0.00
    ** throwing out 1 trial vectors **

     25  0 *    -386.92679578     5.85e-11      0.33
     25  1      -386.75589252     4.67e-08      0.00
    ** throwing out 1 trial vectors **

     26  0 *    -386.92679578     5.83e-11      0.33
     26  1      -386.75589252     2.81e-08      0.00
    ** throwing out 1 trial vectors **

     27  0 *    -386.92679578     5.83e-11      0.33
     27  1      -386.75589252     1.63e-08      0.00
    ** throwing out 1 trial vectors **

     28  0 *    -386.92679578     5.82e-11      0.34
     28  1      -386.75589252     9.34e-09      0.00
    ** throwing out 1 trial vectors **

     29  0 *    -386.92679578     5.83e-11      0.33
     29  1      -386.75589252     5.20e-09      0.00
    ** throwing out 1 trial vectors **

     30  0 *    -386.92679578     5.79e-11      0.34
     30  1      -386.75589252     2.97e-09      0.00
    ** throwing out 1 trial vectors **

     31  0 *    -386.92679578     5.79e-11      0.34
     31  1      -386.75589252     1.73e-09      0.00
    ** throwing out 1 trial vectors **

     32  0 *    -386.92679578     5.79e-11      0.34
     32  1      -386.75589252     1.00e-09      0.00
    ** throwing out 1 trial vectors **

     33  0 *    -386.92679578     5.80e-11      0.34
     33  1      -386.75589252     5.65e-10      0.00
    ** throwing out 1 trial vectors **

     34  0 *    -386.92679578     5.77e-11      0.33
     34  1      -386.75589252     3.22e-10      0.00
    ** throwing out 1 trial vectors **

     35  0 *    -386.92679578     5.76e-11      0.34
     35  1      -386.75589252     1.84e-10      0.00
    ** throwing out 1 trial vectors **

     36  0 *    -386.92679578     5.74e-11      0.33
     36  1      -386.75589252     1.05e-10      0.00
    ** throwing out 1 trial vectors **

     37  0 *    -386.92679578     5.73e-11      0.24
     37  1 *    -386.75589252     6.08e-11      0.00

     * ci vector   0, <S^2> = 0.0000, E =     -386.92679578
       222222......    -0.8970276107
       2222.22.....     0.0865736592
       22222..2....     0.0760171199
       22222.2.....     0.0654027379
       .22222.....2     0.0637869900
       2222aabb....     0.0617542547
       2222bbaa....     0.0617542547
       222.22.2....     0.0617259142
       2222baba....     0.0557658096
       2222abab....     0.0557658096
       22222...2...     0.0518958631

     * ci vector   1, <S^2> = -0.0000, E =     -386.75589252
       22222ab.....    -0.4727506068
       22222ba.....    -0.4727506068
       2222b2.a....     0.3545557498
       2222a2.b....     0.3545557498
       2222b2a.....    -0.0833988847
       2222a2b.....    -0.0833988847
       22222b.a....    -0.0812908897
       22222a.b....    -0.0812908897
       222222......    -0.0562046972
       22a2b22.....    -0.0555406212
       22b2a22.....    -0.0555406212
       22b22aba....     0.0541445847
       22a22bab....     0.0541445847
       22b22aab....     0.0536168159
       22a22bba....     0.0536168159
       22a222..b...     0.0510817454
       22b222..a...     0.0510817454
       2222abb..a..     0.0502157337
       2222baa..b..     0.0502157337
       - FCI and RDMs                             20.48
    * Integral transformation done. Elapsed time: 0.08

       - jop, kop                                  0.00
       - denom                                     0.02
     guess   0:   closed 111111......         open ............        
     guess   1:   closed 11111.......         open .....11.....        

  === FCI iteration ===

      0  0      -386.78621810     3.73e-04      0.59
      0  1      -386.54677068     4.01e-04      0.00

      1  0      -386.89851545     1.89e-04      0.60
      1  1      -386.67912632     2.47e-04      0.00

      2  0      -386.92084939     9.61e-05      0.61
      2  1      -386.72531100     1.57e-04      0.00

      3  0      -386.92570860     4.48e-05      0.60
      3  1      -386.74346852     1.05e-04      0.00

      4  0      -386.92658207     2.05e-05      0.61
      4  1      -386.75098499     6.71e-05      0.00

      5  0      -386.92675238     9.53e-06      0.61
      5  1      -386.75382771     4.28e-05      0.00

      6  0      -386.92678707     4.34e-06      0.61
      6  1      -386.75496578     2.76e-05      0.00

      7  0      -386.92679434     2.05e-06      0.62
      7  1      -386.75542795     1.83e-05      0.00

      8  0      -386.92679606     1.09e-06      0.62
      8  1      -386.75564876     1.34e-05      0.00

      9  0      -386.92679656     5.91e-07      0.62
      9  1      -386.75576364     1.04e-05      0.00

     10  0      -386.92679671     2.95e-07      0.62
     10  1      -386.75582839     7.36e-06      0.00

     11  0      -386.92679674     1.38e-07      0.62
     11  1      -386.75585876     4.92e-06      0.00

     12  0      -386.92679675     6.44e-08      0.63
     12  1      -386.75587329     3.45e-06      0.00

     13  0      -386.92679675     3.01e-08      0.63
     13  1      -386.75588076     2.47e-06      0.00

     14  0      -386.92679675     1.37e-08      0.63
     14  1      -386.75588475     1.81e-06      0.00

     15  0      -386.92679675     6.43e-09      0.63
     15  1      -386.75588701     1.42e-06      0.00

     16  0      -386.92679675     3.02e-09      0.63
     16  1      -386.75588854     1.25e-06      0.00

     17  0      -386.92679675     1.36e-09      0.63
     17  1      -386.75588975     1.15e-06      0.00

     18  0      -386.92679675     6.03e-10      0.63
     18  1      -386.75589069     9.49e-07      0.00

     19  0      -386.92679675     2.76e-10      0.63
     19  1      -386.75589119     6.63e-07      0.00
    ** throwing out 2 trial vectors **

     20  0      -386.92679675     1.32e-10      0.64
     20  1      -386.75589142     4.15e-07      0.00
    ** throwing out 2 trial vectors **

     21  0 *    -386.92679675     5.95e-11      0.54
     21  1      -386.75589152     2.65e-07      0.00
    ** throwing out 1 trial vectors **

     22  0 *    -386.92679675     5.87e-11      0.34
     22  1      -386.75589156     1.72e-07      0.00
    ** throwing out 1 trial vectors **

     23  0 *    -386.92679675     5.84e-11      0.34
     23  1      -386.75589157     1.11e-07      0.00
    ** throwing out 1 trial vectors **

     24  0 *    -386.92679675     5.84e-11      0.34
     24  1      -386.75589158     7.29e-08      0.00
    ** throwing out 1 trial vectors **

     25  0 *    -386.92679675     5.85e-11      0.34
     25  1      -386.75589158     4.67e-08      0.00
    ** throwing out 1 trial vectors **

     26  0 *    -386.92679675     5.83e-11      0.34
     26  1      -386.75589158     2.81e-08      0.00
    ** throwing out 1 trial vectors **

     27  0 *    -386.92679675     5.84e-11      0.34
     27  1      -386.75589159     1.63e-08      0.00
    ** throwing out 1 trial vectors **

     28  0 *    -386.92679675     5.82e-11      0.34
     28  1      -386.75589159     9.34e-09      0.00
    ** throwing out 1 trial vectors **

     29  0 *    -386.92679675     5.83e-11      0.34
     29  1      -386.75589159     5.20e-09      0.00
    ** throwing out 1 trial vectors **

     30  0 *    -386.92679675     5.79e-11      0.33
     30  1      -386.75589159     2.97e-09      0.00
    ** throwing out 1 trial vectors **

     31  0 *    -386.92679675     5.79e-11      0.34
     31  1      -386.75589159     1.73e-09      0.00
    ** throwing out 1 trial vectors **

     32  0 *    -386.92679675     5.79e-11      0.33
     32  1      -386.75589159     9.99e-10      0.00
    ** throwing out 1 trial vectors **

     33  0 *    -386.92679675     5.80e-11      0.34
     33  1      -386.75589159     5.65e-10      0.00
    ** throwing out 1 trial vectors **

     34  0 *    -386.92679675     5.77e-11      0.34
     34  1      -386.75589159     3.22e-10      0.00
    ** throwing out 1 trial vectors **

     35  0 *    -386.92679675     5.77e-11      0.34
     35  1      -386.75589159     1.84e-10      0.00
    ** throwing out 1 trial vectors **

     36  0 *    -386.92679675     5.74e-11      0.34
     36  1      -386.75589159     1.05e-10      0.00
    ** throwing out 1 trial vectors **

     37  0 *    -386.92679675     5.73e-11      0.24
     37  1 *    -386.75589159     6.08e-11      0.00

     * ci vector   0, <S^2> = 0.0000, E =     -386.92679675
       222222......     0.8970177152
       2222.22.....    -0.0865999014
       22222..2....    -0.0760396200
       22222.2.....    -0.0654094795
       .22222.....2    -0.0637859073
       2222aabb....     0.0617611079
       2222bbaa....     0.0617611079
       222.22.2....    -0.0617326060
       2222baba....     0.0557825810
       2222abab....     0.0557825810
       22222...2...    -0.0518725401

     * ci vector   1, <S^2> = -0.0000, E =     -386.75589159
       22222ab.....    -0.4728856115
       22222ba.....    -0.4728856115
       2222b2.a....    -0.3544949014
       2222a2.b....    -0.3544949014
       2222b2a.....    -0.0831282585
       2222a2b.....    -0.0831282585
       22222b.a....     0.0810146897
       22222a.b....     0.0810146897
       222222......    -0.0564153953
       22a2b22.....     0.0555801207
       22b2a22.....     0.0555801207
       22b22aba....     0.0541196754
       22a22bab....     0.0541196754
       22b22aab....     0.0536195152
       22a22bba....     0.0536195152
       22a222..b...     0.0510409308
       22b222..a...     0.0510409308
       2222abb..a..     0.0502301101
       2222baa..b..     0.0502301101
       - FCI and RDMs                             20.43
    * Integral transformation done. Elapsed time: 0.08

       - jop, kop                                  0.00
       - denom                                     0.02
     guess   0:   closed 111111......         open ............        
     guess   1:   closed 11111.......         open .....11.....        

  === FCI iteration ===

      0  0      -386.78621887     3.73e-04      0.60
      0  1      -386.54678215     4.01e-04      0.00

      1  0      -386.89851586     1.89e-04      0.61
      1  1      -386.67913830     2.47e-04      0.00

      2  0      -386.92084968     9.61e-05      0.60
      2  1      -386.72532115     1.57e-04      0.00

      3  0      -386.92570909     4.48e-05      0.61
      3  1      -386.74347402     1.05e-04      0.00

      4  0      -386.92658260     2.05e-05      0.61
      4  1      -386.75098703     6.70e-05      0.00

      5  0      -386.92675290     9.53e-06      0.61
      5  1      -386.75382822     4.27e-05      0.00

      6  0      -386.92678758     4.34e-06      0.61
      6  1      -386.75496564     2.76e-05      0.00

      7  0      -386.92679486     2.05e-06      0.61
      7  1      -386.75542751     1.83e-05      0.00

      8  0      -386.92679658     1.09e-06      0.62
      8  1      -386.75564821     1.34e-05      0.00

      9  0      -386.92679708     5.91e-07      0.62
      9  1      -386.75576304     1.04e-05      0.00

     10  0      -386.92679722     2.95e-07      0.62
     10  1      -386.75582778     7.36e-06      0.00

     11  0      -386.92679726     1.38e-07      0.62
     11  1      -386.75585816     4.92e-06      0.00

     12  0      -386.92679727     6.44e-08      0.62
     12  1      -386.75587270     3.45e-06      0.00

     13  0      -386.92679727     3.01e-08      0.63
     13  1      -386.75588019     2.48e-06      0.00

     14  0      -386.92679727     1.37e-08      0.63
     14  1      -386.75588420     1.82e-06      0.00

     15  0      -386.92679727     6.43e-09      0.62
     15  1      -386.75588647     1.43e-06      0.00

     16  0      -386.92679727     3.02e-09      0.63
     16  1      -386.75588801     1.25e-06      0.00

     17  0      -386.92679727     1.36e-09      0.63
     17  1      -386.75588923     1.16e-06      0.00

     18  0      -386.92679727     6.03e-10      0.62
     18  1      -386.75589017     9.51e-07      0.00

     19  0      -386.92679727     2.76e-10      0.63
     19  1      -386.75589068     6.63e-07      0.00
    ** throwing out 2 trial vectors **

     20  0      -386.92679727     1.32e-10      0.64
     20  1      -386.75589091     4.15e-07      0.00
    ** throwing out 2 trial vectors **

     21  0 *    -386.92679727     5.95e-11      0.54
     21  1      -386.75589101     2.65e-07      0.00
    ** throwing out 1 trial vectors **

     22  0 *    -386.92679727     5.87e-11      0.33
     22  1      -386.75589105     1.73e-07      0.00
    ** throwing out 1 trial vectors **

     23  0 *    -386.92679727     5.84e-11      0.33
     23  1      -386.75589106     1.11e-07      0.00
    ** throwing out 1 trial vectors **

     24  0 *    -386.92679727     5.84e-11      0.33
     24  1      -386.75589107     7.29e-08      0.00
    ** throwing out 1 trial vectors **

     25  0 *    -386.92679727     5.85e-11      0.33
     25  1      -386.75589107     4.67e-08      0.00
    ** throwing out 1 trial vectors **

     26  0 *    -386.92679727     5.83e-11      0.33
     26  1      -386.75589107     2.81e-08      0.00
    ** throwing out 1 trial vectors **

     27  0 *    -386.92679727     5.84e-11      0.33
     27  1      -386.75589107     1.64e-08      0.00
    ** throwing out 1 trial vectors **

     28  0 *    -386.92679727     5.83e-11      0.33
     28  1      -386.75589108     9.34e-09      0.00
    ** throwing out 1 trial vectors **

     29  0 *    -386.92679727     5.83e-11      0.35
     29  1      -386.75589108     5.20e-09      0.00
    ** throwing out 1 trial vectors **

     30  0 *    -386.92679727     5.79e-11      0.35
     30  1      -386.75589108     2.97e-09      0.00
    ** throwing out 1 trial vectors **

     31  0 *    -386.92679727     5.79e-11      0.35
     31  1      -386.75589108     1.73e-09      0.00
    ** throwing out 1 trial vectors **

     32  0 *    -386.92679727     5.79e-11      0.35
     32  1      -386.75589108     9.99e-10      0.00
    ** throwing out 1 trial vectors **

     33  0 *    -386.92679727     5.80e-11      0.35
     33  1      -386.75589108     5.65e-10      0.00
    ** throwing out 1 trial vectors **

     34  0 *    -386.92679727     5.77e-11      0.35
     34  1      -386.75589108     3.22e-10      0.00
    ** throwing out 1 trial vectors **

     35  0 *    -386.92679727     5.77e-11      0.34
     35  1      -386.75589108     1.84e-10      0.00
    ** throwing out 1 trial vectors **

     36  0 *    -386.92679727     5.74e-11      0.35
     36  1      -386.75589108     1.05e-10      0.00
    ** throwing out 1 trial vectors **

     37  0 *    -386.92679727     5.73e-11      0.25
     37  1 *    -386.75589108     6.08e-11      0.00

     * ci vector   0, <S^2> = -0.0000, E =     -386.92679727
       222222......    -0.8970127442
       2222.22.....     0.0866119739
       22222..2....     0.0760519296
       22222.2.....     0.0654129149
       .22222.....2     0.0637853653
       2222bbaa....     0.0617645398
       2222aabb....     0.0617645398
       222.22.2....     0.0617363233
       2222baba....     0.0557909059
       2222abab....     0.0557909059
       22222...2...     0.0518611319

     * ci vector   1, <S^2> = 0.0000, E =     -386.75589108
       22222ba.....     0.4729541466
       22222ab.....     0.4729541465
       2222a2.b....    -0.3544632431
       2222b2.a....    -0.3544632431
       2222a2b.....     0.0829941430
       2222b2a.....     0.0829941430
       22222a.b....     0.0808737631
       22222b.a....     0.0808737630
       222222......     0.0565226233
       22b2a22.....    -0.0555969175
       22a2b22.....    -0.0555969175
       22a22bab....     0.0541039644
       22b22aba....     0.0541039644
       22a22bba....     0.0536176127
       22b22aab....     0.0536176127
       22b222..a...     0.0510199720
       22a222..b...     0.0510199720
       2222baa..b..    -0.0502404991
       2222abb..a..    -0.0502404991
       - FCI and RDMs                             20.54
    * Integral transformation done. Elapsed time: 0.08

       - jop, kop                                  0.00
       - denom                                     0.02
     guess   0:   closed 111111......         open ............        
     guess   1:   closed 11111.......         open .....11.....        

  === FCI iteration ===

      0  0      -386.78621929     3.73e-04      0.62
      0  1      -386.54678821     4.01e-04      0.00

      1  0      -386.89851609     1.89e-04      0.63
      1  1      -386.67914451     2.47e-04      0.00

      2  0      -386.92084984     9.61e-05      0.62
      2  1      -386.72532636     1.57e-04      0.00

      3  0      -386.92570935     4.48e-05      0.62
      3  1      -386.74347683     1.05e-04      0.00

      4  0      -386.92658288     2.05e-05      0.63
      4  1      -386.75098807     6.70e-05      0.00

      5  0      -386.92675317     9.53e-06      0.63
      5  1      -386.75382847     4.27e-05      0.00

      6  0      -386.92678786     4.34e-06      0.63
      6  1      -386.75496555     2.76e-05      0.00

      7  0      -386.92679513     2.05e-06      0.63
      7  1      -386.75542728     1.83e-05      0.00

      8  0      -386.92679685     1.09e-06      0.64
      8  1      -386.75564792     1.34e-05      0.00

      9  0      -386.92679735     5.92e-07      0.64
      9  1      -386.75576273     1.04e-05      0.00

     10  0      -386.92679750     2.95e-07      0.63
     10  1      -386.75582746     7.36e-06      0.00

     11  0      -386.92679753     1.38e-07      0.63
     11  1      -386.75585784     4.92e-06      0.00

     12  0      -386.92679754     6.44e-08      0.64
     12  1      -386.75587239     3.46e-06      0.00

     13  0      -386.92679754     3.01e-08      0.64
     13  1      -386.75587989     2.48e-06      0.00

     14  0      -386.92679754     1.37e-08      0.65
     14  1      -386.75588391     1.82e-06      0.00

     15  0      -386.92679754     6.43e-09      0.63
     15  1      -386.75588619     1.43e-06      0.00

     16  0      -386.92679754     3.02e-09      0.64
     16  1      -386.75588773     1.25e-06      0.00

     17  0      -386.92679754     1.36e-09      0.66
     17  1      -386.75588896     1.16e-06      0.00

     18  0      -386.92679754     6.03e-10      0.65
     18  1      -386.75588990     9.52e-07      0.00

     19  0      -386.92679754     2.76e-10      0.62
     19  1      -386.75589041     6.64e-07      0.00
    ** throwing out 2 trial vectors **

     20  0      -386.92679754     1.32e-10      0.65
     20  1      -386.75589064     4.15e-07      0.00
    ** throwing out 2 trial vectors **

     21  0 *    -386.92679754     5.95e-11      0.55
     21  1      -386.75589073     2.65e-07      0.00
    ** throwing out 1 trial vectors **

     22  0 *    -386.92679754     5.87e-11      0.34
     22  1      -386.75589077     1.73e-07      0.00
    ** throwing out 1 trial vectors **

     23  0 *    -386.92679754     5.84e-11      0.34
     23  1      -386.75589079     1.11e-07      0.00
    ** throwing out 1 trial vectors **

     24  0 *    -386.92679754     5.84e-11      0.36
     24  1      -386.75589080     7.29e-08      0.00
    ** throwing out 1 trial vectors **

     25  0 *    -386.92679754     5.85e-11      0.35
     25  1      -386.75589080     4.67e-08      0.00
    ** throwing out 1 trial vectors **

     26  0 *    -386.92679754     5.83e-11      0.36
     26  1      -386.75589080     2.81e-08      0.00
    ** throwing out 1 trial vectors **

     27  0 *    -386.92679754     5.84e-11      0.36
     27  1      -386.75589080     1.64e-08      0.00
    ** throwing out 1 trial vectors **

     28  0 *    -386.92679754     5.83e-11      0.36
     28  1      -386.75589080     9.34e-09      0.00
    ** throwing out 1 trial vectors **

     29  0 *    -386.92679754     5.83e-11      0.36
     29  1      -386.75589080     5.20e-09      0.00
    ** throwing out 1 trial vectors **

     30  0 *    -386.92679754     5.79e-11      0.36
     30  1      -386.75589080     2.97e-09      0.00
    ** throwing out 1 trial vectors **

     31  0 *    -386.92679754     5.79e-11      0.36
     31  1      -386.75589080     1.73e-09      0.00
    ** throwing out 1 trial vectors **

     32  0 *    -386.92679754     5.79e-11      0.37
     32  1      -386.75589080     9.99e-10      0.00
    ** throwing out 1 trial vectors **

     33  0 *    -386.92679754     5.80e-11      0.36
     33  1      -386.75589080     5.65e-10      0.00
    ** throwing out 1 trial vectors **

     34  0 *    -386.92679754     5.77e-11      0.35
     34  1      -386.75589080     3.22e-10      0.00
    ** throwing out 1 trial vectors **

     35  0 *    -386.92679754     5.77e-11      0.36
     35  1      -386.75589080     1.84e-10      0.00
    ** throwing out 1 trial vectors **

     36  0 *    -386.92679754     5.74e-11      0.36
     36  1      -386.75589080     1.05e-10      0.00
    ** throwing out 1 trial vectors **

     37  0 *    -386.92679754     5.73e-11      0.25
     37  1 *    -386.75589080     6.08e-11      0.00

     * ci vector   0, <S^2> = -0.0000, E =     -386.92679754
       222222......    -0.8970102298
       2222.22.....     0.0866176703
       22222..2....     0.0760585174
       22222.2.....     0.0654146903
       .22222.....2     0.0637850909
       2222bbaa....     0.0617662714
       2222aabb....     0.0617662714
       222.22.2....     0.0617383548
       2222abab....     0.0557950811
       2222baba....     0.0557950811
       22222...2...     0.0518554791

     * ci vector   1, <S^2> = -0.0000, E =     -386.75589080
       22222ba.....     0.4729891102
       22222ab.....     0.4729891100
       2222a2.b....    -0.3544468503
       2222b2.a....    -0.3544468503
       2222a2b.....     0.0829268776
       2222b2a.....     0.0829268775
       22222a.b....     0.0808015916
       22222b.a....     0.0808015915
       222222......     0.0565773996
       22b2a22.....     0.0556043025
       22a2b22.....     0.0556043025
       22a22bab....    -0.0540948473
       22b22aba....    -0.0540948473
       22a22bba....    -0.0536154543
       22b22aab....    -0.0536154543
       22b222..a...    -0.0510091955
       22a222..b...    -0.0510091955
       2222baa..b..    -0.0502469057
       2222abb..a..    -0.0502469057
       - FCI and RDMs                             21.22
    * Integral transformation done. Elapsed time: 0.08

       - jop, kop                                  0.00
       - denom                                     0.02
     guess   0:   closed 111111......         open ............        
     guess   1:   closed 11111.......         open .....11.....        

  === FCI iteration ===

      0  0      -386.78621952     3.73e-04      0.62
      0  1      -386.54679139     4.01e-04      0.00

      1  0      -386.89851621     1.89e-04      0.61
      1  1      -386.67914773     2.47e-04      0.00

      2  0      -386.92084993     9.61e-05      0.62
      2  1      -386.72532904     1.57e-04      0.00

      3  0      -386.92570949     4.48e-05      0.63
      3  1      -386.74347827     1.05e-04      0.00

      4  0      -386.92658302     2.05e-05      0.63
      4  1      -386.75098860     6.70e-05      0.00

      5  0      -386.92675331     9.53e-06      0.63
      5  1      -386.75382860     4.27e-05      0.00

      6  0      -386.92678800     4.34e-06      0.61
      6  1      -386.75496551     2.76e-05      0.00

      7  0      -386.92679528     2.05e-06      0.63
      7  1      -386.75542716     1.83e-05      0.00

      8  0      -386.92679699     1.09e-06      0.63
      8  1      -386.75564777     1.34e-05      0.00

      9  0      -386.92679750     5.92e-07      0.64
      9  1      -386.75576256     1.04e-05      0.00

     10  0      -386.92679764     2.95e-07      0.62
     10  1      -386.75582729     7.36e-06      0.00

     11  0      -386.92679768     1.38e-07      0.64
     11  1      -386.75585768     4.92e-06      0.00

     12  0      -386.92679768     6.44e-08      0.64
     12  1      -386.75587223     3.46e-06      0.00

     13  0      -386.92679768     3.01e-08      0.64
     13  1      -386.75587973     2.48e-06      0.00

     14  0      -386.92679768     1.37e-08      0.62
     14  1      -386.75588375     1.82e-06      0.00

     15  0      -386.92679768     6.43e-09      0.64
     15  1      -386.75588604     1.43e-06      0.00

     16  0      -386.92679768     3.02e-09      0.64
     16  1      -386.75588759     1.26e-06      0.00

     17  0      -386.92679768     1.36e-09      0.65
     17  1      -386.75588881     1.16e-06      0.00

     18  0      -386.92679768     6.03e-10      0.65
     18  1      -386.75588976     9.52e-07      0.00

     19  0      -386.92679768     2.76e-10      0.63
     19  1      -386.75589027     6.64e-07      0.00
    ** throwing out 2 trial vectors **

     20  0      -386.92679768     1.32e-10      0.66
     20  1      -386.75589049     4.15e-07      0.00
    ** throwing out 2 trial vectors **

     21  0 *    -386.92679768     5.95e-11      0.56
     21  1      -386.75589059     2.65e-07      0.00
    ** throwing out 1 trial vectors **

     22  0 *    -386.92679768     5.87e-11      0.35
     22  1      -386.75589063     1.73e-07      0.00
    ** throwing out 1 trial vectors **

     23  0 *    -386.92679768     5.84e-11      0.35
     23  1      -386.75589065     1.11e-07      0.00
    ** throwing out 1 trial vectors **

     24  0 *    -386.92679768     5.84e-11      0.33
     24  1      -386.75589066     7.29e-08      0.00
    ** throwing out 1 trial vectors **

     25  0 *    -386.92679768     5.85e-11      0.34
     25  1      -386.75589066     4.67e-08      0.00
    ** throwing out 1 trial vectors **

     26  0 *    -386.92679768     5.83e-11      0.35
     26  1      -386.75589066     2.81e-08      0.00
    ** throwing out 1 trial vectors **

     27  0 *    -386.92679768     5.84e-11      0.35
     27  1      -386.75589066     1.64e-08      0.00
    ** throwing out 1 trial vectors **

     28  0 *    -386.92679768     5.83e-11      0.36
     28  1      -386.75589066     9.34e-09      0.00
    ** throwing out 1 trial vectors **

     29  0 *    -386.92679768     5.83e-11      0.35
     29  1      -386.75589066     5.20e-09      0.00
    ** throwing out 1 trial vectors **

     30  0 *    -386.92679768     5.79e-11      0.35
     30  1      -386.75589066     2.97e-09      0.00
    ** throwing out 1 trial vectors **

     31  0 *    -386.92679768     5.79e-11      0.34
     31  1      -386.75589066     1.73e-09      0.00
    ** throwing out 1 trial vectors **

     32  0 *    -386.92679768     5.80e-11      0.33
     32  1      -386.75589066     9.99e-10      0.00
    ** throwing out 1 trial vectors **

     33  0 *    -386.92679768     5.80e-11      0.35
     33  1      -386.75589066     5.65e-10      0.00
    ** throwing out 1 trial vectors **

     34  0 *    -386.92679768     5.77e-11      0.35
     34  1      -386.75589066     3.22e-10      0.00
    ** throwing out 1 trial vectors **

     35  0 *    -386.92679768     5.77e-11      0.35
     35  1      -386.75589066     1.84e-10      0.00
    ** throwing out 1 trial vectors **

     36  0 *    -386.92679768     5.74e-11      0.35
     36  1      -386.75589066     1.05e-10      0.00
    ** throwing out 1 trial vectors **

     37  0 *    -386.92679768     5.73e-11      0.24
     37  1 *    -386.75589066     6.09e-11      0.00

     * ci vector   0, <S^2> = 0.0000, E =     -386.92679768
       222222......    -0.8970089513
       2222.22.....     0.0866204156
       22222..2....     0.0760619967
       22222.2.....     0.0654156127
       .22222.....2     0.0637849511
       2222bbaa....     0.0617671502
       2222aabb....     0.0617671502
       222.22.2....     0.0617394482
       2222baba....     0.0557971914
       2222abab....     0.0557971914
       22222...2...     0.0518526476

     * ci vector   1, <S^2> = 0.0000, E =     -386.75589066
       22222ba.....     0.4730070043
       22222ab.....     0.4730070043
       2222a2.b....    -0.3544383823
       2222b2.a....    -0.3544383823
       2222a2b.....     0.0828928612
       2222b2a.....     0.0828928612
       22222a.b....     0.0807645498
       22222b.a....     0.0807645498
       222222......     0.0566054561
       22b2a22.....     0.0556076533
       22a2b22.....     0.0556076533
       22a22bab....    -0.0540897846
       22b22aba....    -0.0540897846
       22a22bba....    -0.0536139196
       22b22aab....    -0.0536139196
       22b222..a...    -0.0510036500
       22a222..b...    -0.0510036500
       2222baa..b..    -0.0502505815
       2222abb..a..    -0.0502505815
       - FCI and RDMs                             20.94
    * Integral transformation done. Elapsed time: 0.08

       - jop, kop                                  0.00
       - denom                                     0.02
     guess   0:   closed 111111......         open ............        
     guess   1:   closed 11111.......         open .....11.....        

  === FCI iteration ===

      0  0      -386.78621964     3.73e-04      0.60
      0  1      -386.54679305     4.01e-04      0.00

      1  0      -386.89851628     1.89e-04      0.61
      1  1      -386.67914939     2.47e-04      0.00

      2  0      -386.92084997     9.61e-05      0.61
      2  1      -386.72533041     1.57e-04      0.00

      3  0      -386.92570956     4.48e-05      0.61
      3  1      -386.74347901     1.05e-04      0.00

      4  0      -386.92658310     2.05e-05      0.61
      4  1      -386.75098887     6.70e-05      0.00

      5  0      -386.92675338     9.53e-06      0.61
      5  1      -386.75382866     4.27e-05      0.00

      6  0      -386.92678807     4.34e-06      0.61
      6  1      -386.75496549     2.76e-05      0.00

      7  0      -386.92679535     2.05e-06      0.61
      7  1      -386.75542710     1.83e-05      0.00

      8  0      -386.92679707     1.09e-06      0.62
      8  1      -386.75564769     1.34e-05      0.00

      9  0      -386.92679757     5.92e-07      0.62
      9  1      -386.75576247     1.04e-05      0.00

     10  0      -386.92679772     2.95e-07      0.62
     10  1      -386.75582720     7.36e-06      0.00

     11  0      -386.92679775     1.38e-07      0.62
     11  1      -386.75585759     4.92e-06      0.00

     12  0      -386.92679776     6.44e-08      0.62
     12  1      -386.75587214     3.46e-06      0.00

     13  0      -386.92679776     3.01e-08      0.62
     13  1      -386.75587965     2.48e-06      0.00

     14  0      -386.92679776     1.37e-08      0.63
     14  1      -386.75588367     1.82e-06      0.00

     15  0      -386.92679776     6.43e-09      0.62
     15  1      -386.75588596     1.43e-06      0.00

     16  0      -386.92679776     3.02e-09      0.63
     16  1      -386.75588751     1.26e-06      0.00

     17  0      -386.92679776     1.36e-09      0.62
     17  1      -386.75588873     1.16e-06      0.00

     18  0      -386.92679776     6.03e-10      0.63
     18  1      -386.75588968     9.52e-07      0.00

     19  0      -386.92679776     2.76e-10      0.63
     19  1      -386.75589019     6.64e-07      0.00
    ** throwing out 2 trial vectors **

     20  0      -386.92679776     1.32e-10      0.64
     20  1      -386.75589042     4.15e-07      0.00
    ** throwing out 2 trial vectors **

     21  0 *    -386.92679776     5.95e-11      0.54
     21  1      -386.75589052     2.65e-07      0.00
    ** throwing out 1 trial vectors **

     22  0 *    -386.92679776     5.87e-11      0.33
     22  1      -386.75589056     1.73e-07      0.00
    ** throwing out 1 trial vectors **

     23  0 *    -386.92679776     5.84e-11      0.33
     23  1      -386.75589057     1.11e-07      0.00
    ** throwing out 1 trial vectors **

     24  0 *    -386.92679776     5.84e-11      0.34
     24  1      -386.75589058     7.29e-08      0.00
    ** throwing out 1 trial vectors **

     25  0 *    -386.92679776     5.85e-11      0.33
     25  1      -386.75589058     4.67e-08      0.00
    ** throwing out 1 trial vectors **

     26  0 *    -386.92679776     5.83e-11      0.33
     26  1      -386.75589059     2.81e-08      0.00
    ** throwing out 1 trial vectors **

     27  0 *    -386.92679776     5.84e-11      0.33
     27  1      -386.75589059     1.64e-08      0.00
    ** throwing out 1 trial vectors **

     28  0 *    -386.92679776     5.83e-11      0.33
     28  1      -386.75589059     9.34e-09      0.00
    ** throwing out 1 trial vectors **

     29  0 *    -386.92679776     5.83e-11      0.33
     29  1      -386.75589059     5.20e-09      0.00
    ** throwing out 1 trial vectors **

     30  0 *    -386.92679776     5.79e-11      0.33
     30  1      -386.75589059     2.97e-09      0.00
    ** throwing out 1 trial vectors **

     31  0 *    -386.92679776     5.79e-11      0.33
     31  1      -386.75589059     1.73e-09      0.00
    ** throwing out 1 trial vectors **

     32  0 *    -386.92679776     5.80e-11      0.33
     32  1      -386.75589059     9.99e-10      0.00
    ** throwing out 1 trial vectors **

     33  0 *    -386.92679776     5.80e-11      0.33
     33  1      -386.75589059     5.65e-10      0.00
    ** throwing out 1 trial vectors **

     34  0 *    -386.92679776     5.77e-11      0.33
     34  1      -386.75589059     3.22e-10      0.00
    ** throwing out 1 trial vectors **

     35  0 *    -386.92679776     5.77e-11      0.33
     35  1      -386.75589059     1.84e-10      0.00
    ** throwing out 1 trial vectors **

     36  0 *    -386.92679776     5.74e-11      0.34
     36  1      -386.75589059     1.05e-10      0.00
    ** throwing out 1 trial vectors **

     37  0 *    -386.92679776     5.73e-11      0.24
     37  1 *    -386.75589059     6.09e-11      0.00

     * ci vector   0, <S^2> = -0.0000, E =     -386.92679776
       222222......    -0.8970082987
       2222.22.....     0.0866217613
       22222..2....     0.0760638193
       22222.2.....     0.0654160922
       .22222.....2     0.0637848796
       2222bbaa....     0.0617675983
       2222aabb....     0.0617675983
       222.22.2....     0.0617400296
       2222abab....     0.0557982639
       2222baba....     0.0557982639
       22222...2...     0.0518512175

     * ci vector   1, <S^2> = -0.0000, E =     -386.75589059
       22222ba.....     0.4730161816
       22222ab.....     0.4730161815
       2222a2.b....    -0.3544340136
       2222b2.a....    -0.3544340136
       2222a2b.....     0.0828755618
       2222b2a.....     0.0828755617
       22222a.b....     0.0807455135
       22222b.a....     0.0807455134
       222222......     0.0566198529
       22b2a22.....     0.0556092166
       22a2b22.....     0.0556092166
       22a22bab....    -0.0540870452
       22b22aba....    -0.0540870452
       22a22bba....    -0.0536129769
       22b22aab....    -0.0536129769
       22b222..a...     0.0510007948
       22a222..b...     0.0510007948
       2222baa..b..    -0.0502526094
       2222abb..a..    -0.0502526094
       - FCI and RDMs                             20.32
    * Integral transformation done. Elapsed time: 0.08

       - jop, kop                                  0.00
       - denom                                     0.02
     guess   0:   closed 111111......         open ............        
     guess   1:   closed 11111.......         open .....11.....        

  === FCI iteration ===

      0  0      -386.78621970     3.73e-04      0.60
      0  1      -386.54679391     4.01e-04      0.00

      1  0      -386.89851631     1.89e-04      0.61
      1  1      -386.67915025     2.47e-04      0.00

      2  0      -386.92085000     9.61e-05      0.60
      2  1      -386.72533112     1.57e-04      0.00

      3  0      -386.92570959     4.48e-05      0.61
      3  1      -386.74347939     1.05e-04      0.00

      4  0      -386.92658314     2.05e-05      0.61
      4  1      -386.75098901     6.70e-05      0.00

      5  0      -386.92675342     9.53e-06      0.61
      5  1      -386.75382870     4.27e-05      0.00

      6  0      -386.92678811     4.34e-06      0.60
      6  1      -386.75496547     2.76e-05      0.00

      7  0      -386.92679539     2.05e-06      0.61
      7  1      -386.75542707     1.83e-05      0.00

      8  0      -386.92679711     1.09e-06      0.62
      8  1      -386.75564765     1.34e-05      0.00

      9  0      -386.92679761     5.92e-07      0.61
      9  1      -386.75576243     1.04e-05      0.00

     10  0      -386.92679775     2.95e-07      0.62
     10  1      -386.75582716     7.36e-06      0.00

     11  0      -386.92679779     1.38e-07      0.62
     11  1      -386.75585755     4.92e-06      0.00

     12  0      -386.92679780     6.44e-08      0.62
     12  1      -386.75587210     3.46e-06      0.00

     13  0      -386.92679780     3.01e-08      0.62
     13  1      -386.75587961     2.48e-06      0.00

     14  0      -386.92679780     1.37e-08      0.62
     14  1      -386.75588363     1.82e-06      0.00

     15  0      -386.92679780     6.43e-09      0.62
     15  1      -386.75588592     1.43e-06      0.00

     16  0      -386.92679780     3.02e-09      0.62
     16  1      -386.75588747     1.26e-06      0.00

     17  0      -386.92679780     1.36e-09      0.63
     17  1      -386.75588870     1.16e-06      0.00

     18  0      -386.92679780     6.03e-10      0.63
     18  1      -386.75588964     9.52e-07      0.00

     19  0      -386.92679780     2.76e-10      0.63
     19  1      -386.75589015     6.64e-07      0.00
    ** throwing out 2 trial vectors **

     20  0      -386.92679780     1.32e-10      0.64
     20  1      -386.75589038     4.15e-07      0.00
    ** throwing out 2 trial vectors **

     21  0 *    -386.92679780     5.95e-11      0.54
     21  1      -386.75589048     2.65e-07      0.00
    ** throwing out 1 trial vectors **

     22  0 *    -386.92679780     5.87e-11      0.33
     22  1      -386.75589052     1.73e-07      0.00
    ** throwing out 1 trial vectors **

     23  0 *    -386.92679780     5.85e-11      0.33
     23  1      -386.75589053     1.11e-07      0.00
    ** throwing out 1 trial vectors **

     24  0 *    -386.92679780     5.84e-11      0.33
     24  1      -386.75589054     7.29e-08      0.00
    ** throwing out 1 trial vectors **

     25  0 *    -386.92679780     5.85e-11      0.34
     25  1      -386.75589055     4.67e-08      0.00
    ** throwing out 1 trial vectors **

     26  0 *    -386.92679780     5.83e-11      0.33
     26  1      -386.75589055     2.81e-08      0.00
    ** throwing out 1 trial vectors **

     27  0 *    -386.92679780     5.84e-11      0.33
     27  1      -386.75589055     1.64e-08      0.00
    ** throwing out 1 trial vectors **

     28  0 *    -386.92679780     5.83e-11      0.34
     28  1      -386.75589055     9.34e-09      0.00
    ** throwing out 1 trial vectors **

     29  0 *    -386.92679780     5.83e-11      0.33
     29  1      -386.75589055     5.20e-09      0.00
    ** throwing out 1 trial vectors **

     30  0 *    -386.92679780     5.79e-11      0.33
     30  1      -386.75589055     2.97e-09      0.00
    ** throwing out 1 trial vectors **

     31  0 *    -386.92679780     5.79e-11      0.34
     31  1      -386.75589055     1.73e-09      0.00
    ** throwing out 1 trial vectors **

     32  0 *    -386.92679780     5.80e-11      0.33
     32  1      -386.75589055     9.99e-10      0.00
    ** throwing out 1 trial vectors **

     33  0 *    -386.92679780     5.80e-11      0.33
     33  1      -386.75589055     5.65e-10      0.00
    ** throwing out 1 trial vectors **

     34  0 *    -386.92679780     5.77e-11      0.33
     34  1      -386.75589055     3.22e-10      0.00
    ** throwing out 1 trial vectors **

     35  0 *    -386.92679780     5.77e-11      0.33
     35  1      -386.75589055     1.84e-10      0.00
    ** throwing out 1 trial vectors **

     36  0 *    -386.92679780     5.74e-11      0.33
     36  1      -386.75589055     1.05e-10      0.00
    ** throwing out 1 trial vectors **

     37  0 *    -386.92679780     5.73e-11      0.24
     37  1 *    -386.75589055     6.09e-11      0.00

     * ci vector   0, <S^2> = 0.0000, E =     -386.92679780
       222222......    -0.8970079646
       2222.22.....     0.0866224299
       22222..2....     0.0760647689
       22222.2.....     0.0654163415
       .22222.....2     0.0637848429
       2222bbaa....     0.0617678274
       2222aabb....     0.0617678274
       222.22.2....     0.0617403360
       2222abab....     0.0557988113
       2222baba....     0.0557988113
       22222...2...     0.0518504910

     * ci vector   1, <S^2> = 0.0000, E =     -386.75589055
       22222ba.....     0.4730208952
       22222ab.....     0.4730208952
       2222a2.b....    -0.3544317610
       2222b2.a....    -0.3544317610
       2222a2b.....     0.0828667285
       2222b2a.....     0.0828667285
       22222a.b....     0.0807357214
       22222b.a....     0.0807357214
       222222......     0.0566272505
       22b2a22.....     0.0556099638
       22a2b22.....     0.0556099638
       22a22bab....    -0.0540855867
       22b22aba....    -0.0540855867
       22a22bba....    -0.0536124367
       22b22aab....    -0.0536124367
       22b222..a...     0.0509993242
       22a222..b...     0.0509993242
       2222baa..b..    -0.0502537023
       2222abb..a..    -0.0502537023
       - FCI and RDMs                             20.31
    * Integral transformation done. Elapsed time: 0.08

       - jop, kop                                  0.00
       - denom                                     0.02
     guess   0:   closed 111111......         open ............        
     guess   1:   closed 11111.......         open .....11.....        

  === FCI iteration ===

      0  0      -386.78621973     3.73e-04      0.60
      0  1      -386.54679435     4.01e-04      0.00

      1  0      -386.89851633     1.89e-04      0.60
      1  1      -386.67915070     2.47e-04      0.00

      2  0      -386.92085001     9.61e-05      0.60
      2  1      -386.72533149     1.57e-04      0.00

      3  0      -386.92570961     4.48e-05      0.59
      3  1      -386.74347959     1.05e-04      0.00

      4  0      -386.92658316     2.05e-05      0.59
      4  1      -386.75098909     6.70e-05      0.00

      5  0      -386.92675344     9.53e-06      0.60
      5  1      -386.75382871     4.27e-05      0.00

      6  0      -386.92678813     4.34e-06      0.62
      6  1      -386.75496547     2.76e-05      0.00

      7  0      -386.92679541     2.05e-06      0.63
      7  1      -386.75542705     1.83e-05      0.00

      8  0      -386.92679713     1.09e-06      0.64
      8  1      -386.75564763     1.34e-05      0.00

      9  0      -386.92679763     5.92e-07      0.64
      9  1      -386.75576241     1.04e-05      0.00

     10  0      -386.92679778     2.95e-07      0.64
     10  1      -386.75582713     7.36e-06      0.00

     11  0      -386.92679781     1.38e-07      0.64
     11  1      -386.75585752     4.92e-06      0.00

     12  0      -386.92679782     6.44e-08      0.64
     12  1      -386.75587208     3.46e-06      0.00

     13  0      -386.92679782     3.01e-08      0.63
     13  1      -386.75587958     2.48e-06      0.00

     14  0      -386.92679782     1.37e-08      0.62
     14  1      -386.75588361     1.82e-06      0.00

     15  0      -386.92679782     6.43e-09      0.62
     15  1      -386.75588590     1.43e-06      0.00

     16  0      -386.92679782     3.02e-09      0.62
     16  1      -386.75588745     1.26e-06      0.00

     17  0      -386.92679782     1.36e-09      0.63
     17  1      -386.75588868     1.16e-06      0.00

     18  0      -386.92679782     6.03e-10      0.63
     18  1      -386.75588962     9.52e-07      0.00

     19  0      -386.92679782     2.76e-10      0.63
     19  1      -386.75589013     6.64e-07      0.00
    ** throwing out 2 trial vectors **

     20  0      -386.92679782     1.32e-10      0.64
     20  1      -386.75589036     4.15e-07      0.00
    ** throwing out 2 trial vectors **

     21  0 *    -386.92679782     5.95e-11      0.54
     21  1      -386.75589046     2.65e-07      0.00
    ** throwing out 1 trial vectors **

     22  0 *    -386.92679782     5.87e-11      0.33
     22  1      -386.75589050     1.73e-07      0.00
    ** throwing out 1 trial vectors **

     23  0 *    -386.92679782     5.85e-11      0.33
     23  1      -386.75589051     1.11e-07      0.00
    ** throwing out 1 trial vectors **

     24  0 *    -386.92679782     5.84e-11      0.33
     24  1      -386.75589052     7.29e-08      0.00
    ** throwing out 1 trial vectors **

     25  0 *    -386.92679782     5.85e-11      0.33
     25  1      -386.75589053     4.67e-08      0.00
    ** throwing out 1 trial vectors **

     26  0 *    -386.92679782     5.83e-11      0.33
     26  1      -386.75589053     2.81e-08      0.00
    ** throwing out 1 trial vectors **

     27  0 *    -386.92679782     5.84e-11      0.34
     27  1      -386.75589053     1.64e-08      0.00
    ** throwing out 1 trial vectors **

     28  0 *    -386.92679782     5.83e-11      0.34
     28  1      -386.75589053     9.34e-09      0.00
    ** throwing out 1 trial vectors **

     29  0 *    -386.92679782     5.83e-11      0.33
     29  1      -386.75589053     5.20e-09      0.00
    ** throwing out 1 trial vectors **

     30  0 *    -386.92679782     5.79e-11      0.34
     30  1      -386.75589053     2.97e-09      0.00
    ** throwing out 1 trial vectors **

     31  0 *    -386.92679782     5.79e-11      0.33
     31  1      -386.75589053     1.73e-09      0.00
    ** throwing out 1 trial vectors **

     32  0 *    -386.92679782     5.80e-11      0.33
     32  1      -386.75589053     9.99e-10      0.00
    ** throwing out 1 trial vectors **

     33  0 *    -386.92679782     5.80e-11      0.33
     33  1      -386.75589053     5.65e-10      0.00
    ** throwing out 1 trial vectors **

     34  0 *    -386.92679782     5.77e-11      0.33
     34  1      -386.75589053     3.22e-10      0.00
    ** throwing out 1 trial vectors **

     35  0 *    -386.92679782     5.77e-11      0.33
     35  1      -386.75589053     1.84e-10      0.00
    ** throwing out 1 trial vectors **

     36  0 *    -386.92679782     5.74e-11      0.33
     36  1      -386.75589053     1.05e-10      0.00
    ** throwing out 1 trial vectors **

     37  0 *    -386.92679782     5.73e-11      0.23
     37  1 *    -386.75589053     6.09e-11      0.00

     * ci vector   0, <S^2> = 0.0000, E =     -386.92679782
       222222......    -0.8970077933
       2222.22.....     0.0866227654
       22222..2....     0.0760652619
       22222.2.....     0.0654164708
       .22222.....2     0.0637848240
       2222aabb....     0.0617679448
       2222bbaa....     0.0617679448
       222.22.2....     0.0617404964
       2222abab....     0.0557990914
       2222baba....     0.0557990914
       22222...2...     0.0518501203

     * ci vector   1, <S^2> = 0.0000, E =     -386.75589053
       22222ab.....     0.4730233187
       22222ba.....     0.4730233185
       2222b2.a....    -0.3544306000
       2222a2.b....    -0.3544306000
       2222b2a.....     0.0828622060
       2222a2b.....     0.0828622059
       22222b.a....     0.0807306819
       22222a.b....     0.0807306817
       222222......     0.0566310548
       22a2b22.....     0.0556103278
       22b2a22.....     0.0556103278
       22b22aba....    -0.0540848183
       22a22bab....    -0.0540848183
       22b22aab....    -0.0536121386
       22a22bba....    -0.0536121386
       22a222..b...     0.0509985667
       22b222..a...     0.0509985667
       2222abb..a..    -0.0502542826
       2222baa..b..    -0.0502542826
       - FCI and RDMs                             20.38
    * Integral transformation done. Elapsed time: 0.08

       - jop, kop                                  0.00
       - denom                                     0.02
     guess   0:   closed 111111......         open ............        
     guess   1:   closed 11111.......         open .....11.....        

  === FCI iteration ===

      0  0      -386.78621975     3.73e-04      0.60
      0  1      -386.54679458     4.01e-04      0.00

      1  0      -386.89851634     1.89e-04      0.60
      1  1      -386.67915092     2.47e-04      0.00

      2  0      -386.92085002     9.61e-05      0.60
      2  1      -386.72533168     1.57e-04      0.00

      3  0      -386.92570962     4.48e-05      0.61
      3  1      -386.74347969     1.05e-04      0.00

      4  0      -386.92658317     2.05e-05      0.60
      4  1      -386.75098912     6.70e-05      0.00

      5  0      -386.92675345     9.53e-06      0.60
      5  1      -386.75382872     4.27e-05      0.00

      6  0      -386.92678814     4.34e-06      0.61
      6  1      -386.75496546     2.76e-05      0.00

      7  0      -386.92679542     2.05e-06      0.62
      7  1      -386.75542704     1.83e-05      0.00

      8  0      -386.92679714     1.09e-06      0.61
      8  1      -386.75564762     1.34e-05      0.00

      9  0      -386.92679764     5.92e-07      0.61
      9  1      -386.75576240     1.04e-05      0.00

     10  0      -386.92679779     2.95e-07      0.61
     10  1      -386.75582712     7.36e-06      0.00

     11  0      -386.92679782     1.38e-07      0.61
     11  1      -386.75585751     4.92e-06      0.00

     12  0      -386.92679783     6.44e-08      0.60
     12  1      -386.75587207     3.46e-06      0.00

     13  0      -386.92679783     3.01e-08      0.62
     13  1      -386.75587957     2.48e-06      0.00

     14  0      -386.92679783     1.37e-08      0.62
     14  1      -386.75588360     1.82e-06      0.00

     15  0      -386.92679783     6.43e-09      0.63
     15  1      -386.75588589     1.43e-06      0.00

     16  0      -386.92679783     3.02e-09      0.63
     16  1      -386.75588744     1.26e-06      0.00

     17  0      -386.92679783     1.36e-09      0.63
     17  1      -386.75588866     1.16e-06      0.00

     18  0      -386.92679783     6.03e-10      0.63
     18  1      -386.75588961     9.52e-07      0.00

     19  0      -386.92679783     2.76e-10      0.63
     19  1      -386.75589012     6.64e-07      0.00
    ** throwing out 2 trial vectors **

     20  0      -386.92679783     1.32e-10      0.64
     20  1      -386.75589035     4.15e-07      0.00
    ** throwing out 2 trial vectors **

     21  0 *    -386.92679783     5.95e-11      0.54
     21  1      -386.75589045     2.65e-07      0.00
    ** throwing out 1 trial vectors **

     22  0 *    -386.92679783     5.87e-11      0.33
     22  1      -386.75589049     1.73e-07      0.00
    ** throwing out 1 trial vectors **

     23  0 *    -386.92679783     5.85e-11      0.33
     23  1      -386.75589050     1.11e-07      0.00
    ** throwing out 1 trial vectors **

     24  0 *    -386.92679783     5.84e-11      0.34
     24  1      -386.75589051     7.29e-08      0.00
    ** throwing out 1 trial vectors **

     25  0 *    -386.92679783     5.85e-11      0.34
     25  1      -386.75589051     4.67e-08      0.00
    ** throwing out 1 trial vectors **

     26  0 *    -386.92679783     5.83e-11      0.33
     26  1      -386.75589052     2.81e-08      0.00
    ** throwing out 1 trial vectors **

     27  0 *    -386.92679783     5.84e-11      0.33
     27  1      -386.75589052     1.64e-08      0.00
    ** throwing out 1 trial vectors **

     28  0 *    -386.92679783     5.83e-11      0.34
     28  1      -386.75589052     9.34e-09      0.00
    ** throwing out 1 trial vectors **

     29  0 *    -386.92679783     5.83e-11      0.33
     29  1      -386.75589052     5.20e-09      0.00
    ** throwing out 1 trial vectors **

     30  0 *    -386.92679783     5.79e-11      0.33
     30  1      -386.75589052     2.97e-09      0.00
    ** throwing out 1 trial vectors **

     31  0 *    -386.92679783     5.79e-11      0.33
     31  1      -386.75589052     1.73e-09      0.00
    ** throwing out 1 trial vectors **

     32  0 *    -386.92679783     5.80e-11      0.34
     32  1      -386.75589052     9.99e-10      0.00
    ** throwing out 1 trial vectors **

     33  0 *    -386.92679783     5.80e-11      0.33
     33  1      -386.75589052     5.65e-10      0.00
    ** throwing out 1 trial vectors **

     34  0 *    -386.92679783     5.77e-11      0.33
     34  1      -386.75589052     3.22e-10      0.00
    ** throwing out 1 trial vectors **

     35  0 *    -386.92679783     5.77e-11      0.33
     35  1      -386.75589052     1.84e-10      0.00
    ** throwing out 1 trial vectors **

     36  0 *    -386.92679783     5.74e-11      0.33
     36  1      -386.75589052     1.05e-10      0.00
    ** throwing out 1 trial vectors **

     37  0 *    -386.92679783     5.73e-11      0.24
     37  1 *    -386.75589052     6.09e-11      0.00

     * ci vector   0, <S^2> = -0.0000, E =     -386.92679783
       222222......    -0.8970077053
       2222.22.....     0.0866229349
       22222..2....     0.0760655173
       22222.2.....     0.0654165378
       .22222.....2     0.0637848143
       2222bbaa....     0.0617680052
       2222aabb....     0.0617680052
       222.22.2....     0.0617405800
       2222abab....     0.0557992351
       2222baba....     0.0557992351
       22222...2...     0.0518499305

     * ci vector   1, <S^2> = -0.0000, E =     -386.75589052
       22222ba.....     0.4730245655
       22222ab.....     0.4730245654
       2222a2.b....    -0.3544300014
       2222b2.a....    -0.3544300014
       2222a2b.....     0.0828598857
       2222b2a.....     0.0828598857
       22222a.b....     0.0807280872
       22222b.a....     0.0807280872
       222222......     0.0566330128
       22b2a22.....     0.0556105077
       22a2b22.....     0.0556105077
       22a22bab....    -0.0540844163
       22b22aba....    -0.0540844163
       22a22bba....    -0.0536119779
       22b22aab....    -0.0536119779
       22b222..a...     0.0509981765
       22a222..b...     0.0509981765
       2222baa..b..    -0.0502545878
       2222abb..a..    -0.0502545878
       - FCI and RDMs                             20.26
