--------------------------------------------------
JOB FRONT-END 3110250 on wux26
SLURM ENVIRONMENT
--------------------------------------------------
SLURM_JOB_ID                   = 3110250             
SLURM_ARRAY_JOB_ID             = N/A                 
SLURM_ARRAY_TASK_ID            = N/A                 
SLURM_JOB_NAME                 = bagel               
SLURM_JOB_PARTITION            = batch               
SLURM_JOB_NUM_NODES            = 1                   
SLURM_JOB_CPUS_PER_NODE        = 20                  
SLURM_NTASKS                   = 20                  
SLURM_NTASKS_PER_NODE          = N/A                 
--------------------------------------------------
--------------------------------------------------
PBS ENVIRONMENT
--------------------------------------------------
PBS_JOBID                      = 3110250             
PBS_ARRAYID                    = N/A                 
PBS_JOBNAME                    = bagel               
PBS_QUEUE                      = batch               
PBS_NUM_NODES                  = 1                   
PBS_NUM_PPN                    = 1                   
PBS_NP                         = 20                  
PBS_NODEFILE                   = /tmp/3110250/nodes  
--------------------------------------------------
  * process grid (5, 4) will be used
    wux26                           
    wux26                           
    wux26                           
    wux26                           
    wux26                           
    wux26                           
    wux26                           
    wux26                           
    wux26                           
    wux26                           
    wux26                           
    wux26                           
    wux26                           
    wux26                           
    wux26                           
    wux26                           
    wux26                           
    wux26                           
    wux26                           
    wux26                           

  * using 20 threads per process

  ===============================================================
    BAGEL - Freshly leavened quantum chemistry                   
  ===============================================================

  *** Geometry ***

  { "atom" : "C", "xyz" : [      4.284178,     -1.151865,      1.940146 ] },
  { "atom" : "C", "xyz" : [      4.052709,      1.546280,      1.810012 ] },
  { "atom" : "C", "xyz" : [      2.013167,      2.671085,      0.571739 ] },
  { "atom" : "N", "xyz" : [      0.307671,      1.082232,     -0.477660 ] },
  { "atom" : "B", "xyz" : [      0.298900,     -1.649020,     -0.398131 ] },
  { "atom" : "C", "xyz" : [      2.522807,     -2.858470,      0.915835 ] },
  { "atom" : "C", "xyz" : [     -2.330602,     -1.726255,     -1.988586 ] },
  { "atom" : "C", "xyz" : [     -4.738311,     -1.229692,     -0.461002 ] },
  { "atom" : "C", "xyz" : [     -4.481794,      1.333859,     -0.410156 ] },
  { "atom" : "C", "xyz" : [     -2.060436,      1.281031,     -1.972716 ] },
  { "atom" : "H", "xyz" : [      5.962245,     -1.886943,      2.910210 ] },
  { "atom" : "H", "xyz" : [      5.492381,      2.747865,      2.672673 ] },
  { "atom" : "H", "xyz" : [      1.767076,      4.717344,      0.389103 ] },
  { "atom" : "H", "xyz" : [      2.913937,     -4.880889,      1.110883 ] },
  { "atom" : "H", "xyz" : [     -2.498255,     -2.740647,     -3.792019 ] },
  { "atom" : "H", "xyz" : [     -6.114593,     -2.521790,      0.377673 ] },
  { "atom" : "H", "xyz" : [     -5.500671,      2.869837,      0.519407 ] },
  { "atom" : "H", "xyz" : [     -1.890407,      2.396038,     -3.717409 ] },

  Number of auxiliary basis functions:      884

  Since a DF basis is specified, we compute 2- and 3-index integrals:
    o Being stored without compression. Storage requirement is 0.079 GB
       - 3-index ints prep                         0.00
       - 3-index ints                              0.06
       - 2-index ints                              0.02
       - computing inverse                         0.38
        elapsed time:        0.47 sec.


  Number of basis functions:      106
  Number of electrons      :       68


    * METHOD: MOLECULE                             0.56

       - Overlap matrix                            0.01
       - Hcore matrix                              0.01
       - Overlap orthog                            0.01

  *** RHF ***

  === Nuclear Repulsion ===
  
   457.2003312314

      * DIIS with orbital gradients will be used.

       - SCF startup                               0.41

  === RHF iteration (/home/miaoxin/software/bagel-1.2.2/obj/share/3-21g.json) ===
  
               o Fock build                                  0.29
      0       -384.35476015          0.01182600           0.29
               o DIIS                                        0.00
               o Diag                                        0.01
               o Post process                                0.00
               o Fock build                                  0.15
      1       -384.49831548          0.00407169           0.16
               o DIIS                                        0.00
               o Diag                                        0.01
               o Post process                                0.00
               o Fock build                                  0.22
      2       -384.51361471          0.00159322           0.24
               o DIIS                                        0.00
               o Diag                                        0.01
               o Post process                                0.00
               o Fock build                                  0.16
      3       -384.51608519          0.00028994           0.17
               o DIIS                                        0.00
               o Diag                                        0.01
               o Post process                                0.00
               o Fock build                                  0.16
      4       -384.51618473          0.00008202           0.18
               o DIIS                                        0.00
               o Diag                                        0.01
               o Post process                                0.00
               o Fock build                                  0.40
      5       -384.51619816          0.00002906           0.41
               o DIIS                                        0.00
               o Diag                                        0.01
               o Post process                                0.00
               o Fock build                                  0.14
      6       -384.51620023          0.00001734           0.16
               o DIIS                                        0.00
               o Diag                                        0.01
               o Post process                                0.00
               o Fock build                                  0.14
      7       -384.51620115          0.00000630           0.16
               o DIIS                                        0.00
               o Diag                                        0.01
               o Post process                                0.00
               o Fock build                                  0.15
      8       -384.51620134          0.00000323           0.16
               o DIIS                                        0.00
               o Diag                                        0.01
               o Post process                                0.00
               o Fock build                                  0.14
      9       -384.51620137          0.00000144           0.16
               o DIIS                                        0.00
               o Diag                                        0.01
               o Post process                                0.00
               o Fock build                                  0.27
     10       -384.51620137          0.00000066           0.29
               o DIIS                                        0.00
               o Diag                                        0.01
               o Post process                                0.00
               o Fock build                                  0.15
     11       -384.51620138          0.00000029           0.17
               o DIIS                                        0.00
               o Diag                                        0.01
               o Post process                                0.00
               o Fock build                                  0.15
     12       -384.51620138          0.00000010           0.16
               o DIIS                                        0.00
               o Diag                                        0.01
               o Post process                                0.00
               o Fock build                                  0.15
     13       -384.51620138          0.00000005           0.17
               o DIIS                                        0.00
               o Diag                                        0.01
               o Post process                                0.00
               o Fock build                                  0.25
     14       -384.51620138          0.00000002           0.27
               o DIIS                                        0.00
               o Diag                                        0.01
               o Post process                                0.00
               o Fock build                                  0.35
     15       -384.51620138          0.00000001           0.36
               o DIIS                                        0.00
               o Diag                                        0.01
               o Post process                                0.00
               o Fock build                                  0.14
     16       -384.51620138          0.00000000           0.16
  
    * SCF iteration converged.

    * Permanent dipole moment:
           (    0.170155,    -0.539844,     0.091913) a.u.

  ---------------------------
      CASSCF calculation     
  ---------------------------

 
    ==== Active orbitals : ===== 
         Orbital 32
         Orbital 33
         Orbital 34
         Orbital 35
         Orbital 36
         Orbital 37
    ============================ 

    * nstate   :      4
    * nclosed  :     31
    * nact     :      6
    * nvirt    :     69
  === CASSCF iteration (/home/miaoxin/software/bagel-1.2.2/obj/share/3-21g.json) ===

    * Using the second-order algorithm

      0  0      -384.55486389     2.49e-03      0.28
      0  1      -384.31842427     0.00e+00      0.28
      0  2      -384.28339491     0.00e+00      0.28
      0  3      -384.24695382     0.00e+00      0.28

         res : 6.27e-02   lamb: 1.00e+00   eps : -1.86e-02   step: 3.57e-01    0.17
         res : 2.33e-02   lamb: 1.00e+00   eps : -1.99e-02   step: 3.96e-01    0.19
         res : 6.64e-03   lamb: 1.00e+00   eps : -2.01e-02   step: 3.99e-01    0.31
         res : 2.30e-03   lamb: 1.00e+00   eps : -2.01e-02   step: 4.00e-01    0.31
         res : 7.02e-04   lamb: 1.00e+00   eps : -2.01e-02   step: 4.01e-01    0.21
         res : 2.47e-04   lamb: 1.00e+00   eps : -2.01e-02   step: 4.01e-01    0.20
         res : 6.39e-05   lamb: 1.00e+00   eps : -2.01e-02   step: 4.01e-01    0.20
         res : 2.22e-05   lamb: 1.00e+00   eps : -2.01e-02   step: 4.01e-01    0.26

      1  0      -384.56789833     2.03e-03      2.72
      1  1      -384.33800770     0.00e+00      2.72
      1  2      -384.30298012     0.00e+00      2.72
      1  3      -384.27318886     0.00e+00      2.72

         res : 7.72e-02   lamb: 1.00e+00   eps : -1.78e-02   step: 3.10e-01    0.34
         res : 2.37e-02   lamb: 1.00e+00   eps : -1.96e-02   step: 3.60e-01    0.19
         res : 9.21e-03   lamb: 1.00e+00   eps : -1.98e-02   step: 3.68e-01    0.19
         res : 3.11e-03   lamb: 1.00e+00   eps : -1.98e-02   step: 3.69e-01    0.27
         res : 9.09e-04   lamb: 1.00e+00   eps : -1.98e-02   step: 3.70e-01    0.25
         res : 2.59e-04   lamb: 1.00e+00   eps : -1.98e-02   step: 3.71e-01    0.20
         res : 7.64e-05   lamb: 1.00e+00   eps : -1.98e-02   step: 3.71e-01    0.19
         res : 1.97e-05   lamb: 1.00e+00   eps : -1.98e-02   step: 3.71e-01    0.32

      2  0      -384.57856962     1.09e-03      3.05
      2  1      -384.35961901     0.00e+00      3.05
      2  2      -384.31872459     0.00e+00      3.05
      2  3      -384.29880800     0.00e+00      3.05

         res : 3.93e-02   lamb: 1.00e+00   eps : -9.80e-03   step: 2.36e-01    0.33
         res : 1.37e-02   lamb: 1.00e+00   eps : -1.03e-02   step: 2.51e-01    0.20
         res : 4.87e-03   lamb: 1.00e+00   eps : -1.03e-02   step: 2.51e-01    0.20
         res : 1.84e-03   lamb: 1.00e+00   eps : -1.03e-02   step: 2.51e-01    0.34
         res : 5.42e-04   lamb: 1.00e+00   eps : -1.04e-02   step: 2.51e-01    0.39
         res : 1.50e-04   lamb: 1.00e+00   eps : -1.04e-02   step: 2.51e-01    0.19
         res : 4.16e-05   lamb: 1.00e+00   eps : -1.04e-02   step: 2.51e-01    0.19
         res : 1.10e-05   lamb: 1.00e+00   eps : -1.04e-02   step: 2.51e-01    0.26

      3  0      -384.58405512     4.05e-04      2.88
      3  1      -384.36470133     0.00e+00      2.88
      3  2      -384.32506667     0.00e+00      2.88
      3  3      -384.31016969     0.00e+00      2.88

         res : 1.49e-02   lamb: 1.00e+00   eps : -8.72e-04   step: 6.20e-02    0.25
         res : 4.52e-03   lamb: 1.00e+00   eps : -9.31e-04   step: 6.77e-02    0.27
         res : 1.21e-03   lamb: 1.00e+00   eps : -9.39e-04   step: 6.73e-02    0.19
         res : 4.23e-04   lamb: 1.00e+00   eps : -9.40e-04   step: 6.72e-02    0.19
         res : 1.24e-04   lamb: 1.00e+00   eps : -9.40e-04   step: 6.72e-02    0.36
         res : 4.44e-05   lamb: 1.00e+00   eps : -9.40e-04   step: 6.72e-02    0.19
         res : 1.80e-05   lamb: 1.00e+00   eps : -9.40e-04   step: 6.72e-02    0.20
         res : 8.23e-06   lamb: 1.00e+00   eps : -9.40e-04   step: 6.72e-02    0.19
         res : 3.14e-06   lamb: 1.00e+00   eps : -9.40e-04   step: 6.72e-02    0.38

      4  0      -384.58507869     1.41e-04      3.14
      4  1      -384.36360690     0.00e+00      3.14
      4  2      -384.32526936     0.00e+00      3.14
      4  3      -384.31238276     0.00e+00      3.14

         res : 5.44e-03   lamb: 1.00e+00   eps : -5.90e-05   step: 1.39e-02    0.28
         res : 1.34e-03   lamb: 1.00e+00   eps : -6.60e-05   step: 1.67e-02    0.19
         res : 4.05e-04   lamb: 1.00e+00   eps : -6.70e-05   step: 1.66e-02    0.20
         res : 1.62e-04   lamb: 1.00e+00   eps : -6.70e-05   step: 1.65e-02    0.30
         res : 4.26e-05   lamb: 1.00e+00   eps : -6.70e-05   step: 1.65e-02    0.28
         res : 1.73e-05   lamb: 1.00e+00   eps : -6.70e-05   step: 1.65e-02    0.20
         res : 6.29e-06   lamb: 1.00e+00   eps : -6.70e-05   step: 1.65e-02    0.20
         res : 2.70e-06   lamb: 1.00e+00   eps : -6.70e-05   step: 1.65e-02    0.21
         res : 8.79e-07   lamb: 1.00e+00   eps : -6.70e-05   step: 1.65e-02    0.26

      5  0      -384.58533237     5.45e-05      2.89
      5  1      -384.36331973     0.00e+00      2.89
      5  2      -384.32491679     0.00e+00      2.89
      5  3      -384.31294206     0.00e+00      2.89

         res : 1.86e-03   lamb: 1.00e+00   eps : -5.29e-06   step: 3.35e-03    0.30
         res : 4.25e-04   lamb: 1.00e+00   eps : -6.21e-06   step: 4.55e-03    0.19
         res : 1.48e-04   lamb: 1.00e+00   eps : -6.31e-06   step: 4.52e-03    0.19
         res : 4.78e-05   lamb: 1.00e+00   eps : -6.31e-06   step: 4.51e-03    0.19
         res : 1.38e-05   lamb: 1.00e+00   eps : -6.31e-06   step: 4.50e-03    0.29
         res : 5.85e-06   lamb: 1.00e+00   eps : -6.31e-06   step: 4.50e-03    0.20
         res : 2.09e-06   lamb: 1.00e+00   eps : -6.31e-06   step: 4.50e-03    0.20
         res : 7.79e-07   lamb: 1.00e+00   eps : -6.31e-06   step: 4.50e-03    0.20
         res : 2.56e-07   lamb: 1.00e+00   eps : -6.31e-06   step: 4.50e-03    0.27

      6  0      -384.58541802     2.14e-05      3.02
      6  1      -384.36327955     0.00e+00      3.02
      6  2      -384.32471159     0.00e+00      3.02
      6  3      -384.31311863     0.00e+00      3.02

         res : 6.39e-04   lamb: 1.00e+00   eps : -6.09e-07   step: 9.56e-04    0.29
         res : 1.52e-04   lamb: 1.00e+00   eps : -7.31e-07   step: 1.40e-03    0.20
         res : 5.56e-05   lamb: 1.00e+00   eps : -7.43e-07   step: 1.40e-03    0.20
         res : 1.59e-05   lamb: 1.00e+00   eps : -7.43e-07   step: 1.40e-03    0.20
         res : 4.87e-06   lamb: 1.00e+00   eps : -7.43e-07   step: 1.40e-03    0.32
         res : 1.99e-06   lamb: 1.00e+00   eps : -7.43e-07   step: 1.40e-03    0.31
         res : 7.45e-07   lamb: 1.00e+00   eps : -7.43e-07   step: 1.40e-03    0.19
         res : 2.57e-07   lamb: 1.00e+00   eps : -7.43e-07   step: 1.40e-03    0.20
         res : 7.80e-08   lamb: 1.00e+00   eps : -7.43e-07   step: 1.40e-03    0.24

      7  0      -384.58544968     8.38e-06      2.89
      7  1      -384.36328055     0.00e+00      2.89
      7  2      -384.32462009     0.00e+00      2.89
      7  3      -384.31317950     0.00e+00      2.89

         res : 2.29e-04   lamb: 1.00e+00   eps : -8.11e-08   step: 3.12e-04    0.45
         res : 5.76e-05   lamb: 1.00e+00   eps : -9.80e-08   step: 4.73e-04    0.21
         res : 2.13e-05   lamb: 1.00e+00   eps : -9.95e-08   step: 4.78e-04    0.20
         res : 5.85e-06   lamb: 1.00e+00   eps : -9.96e-08   step: 4.77e-04    0.20
         res : 1.81e-06   lamb: 1.00e+00   eps : -9.96e-08   step: 4.77e-04    0.31
         res : 6.90e-07   lamb: 1.00e+00   eps : -9.96e-08   step: 4.77e-04    0.20
         res : 2.77e-07   lamb: 1.00e+00   eps : -9.96e-08   step: 4.77e-04    0.20
         res : 9.13e-08   lamb: 1.00e+00   eps : -9.96e-08   step: 4.77e-04    0.20
         res : 2.51e-08   lamb: 1.00e+00   eps : -9.96e-08   step: 4.77e-04    0.22

      8  0      -384.58546169     3.29e-06      3.03
      8  1      -384.36328457     0.00e+00      3.03
      8  2      -384.32458238     0.00e+00      3.03
      8  3      -384.31320145     0.00e+00      3.03

         res : 8.49e-05   lamb: 1.00e+00   eps : -1.15e-08   step: 1.11e-04    0.24
         res : 2.22e-05   lamb: 1.00e+00   eps : -1.40e-08   step: 1.70e-04    0.27
         res : 8.28e-06   lamb: 1.00e+00   eps : -1.42e-08   step: 1.73e-04    0.19
         res : 2.23e-06   lamb: 1.00e+00   eps : -1.42e-08   step: 1.73e-04    0.19
         res : 6.94e-07   lamb: 1.00e+00   eps : -1.42e-08   step: 1.73e-04    0.32
         res : 2.47e-07   lamb: 1.00e+00   eps : -1.42e-08   step: 1.73e-04    0.25
         res : 1.04e-07   lamb: 1.00e+00   eps : -1.42e-08   step: 1.73e-04    0.20
         res : 3.36e-08   lamb: 1.00e+00   eps : -1.42e-08   step: 1.73e-04    0.20
         res : 8.65e-09   lamb: 1.00e+00   eps : -1.42e-08   step: 1.73e-04    0.20

      9  0      -384.58546628     1.28e-06      2.92
      9  1      -384.36328694     0.00e+00      2.92
      9  2      -384.32456732     0.00e+00      2.92
      9  3      -384.31320959     0.00e+00      2.92

         res : 3.21e-05   lamb: 1.00e+00   eps : -1.69e-09   step: 4.09e-05    0.30
         res : 8.61e-06   lamb: 1.00e+00   eps : -2.05e-09   step: 6.33e-05    0.30
         res : 3.22e-06   lamb: 1.00e+00   eps : -2.08e-09   step: 6.47e-05    0.20
         res : 8.64e-07   lamb: 1.00e+00   eps : -2.08e-09   step: 6.47e-05    0.20
         res : 2.68e-07   lamb: 1.00e+00   eps : -2.08e-09   step: 6.48e-05    0.20
         res : 9.08e-08   lamb: 1.00e+00   eps : -2.08e-09   step: 6.48e-05    0.38
         res : 3.92e-08   lamb: 1.00e+00   eps : -2.08e-09   step: 6.48e-05    0.20
         res : 1.27e-08   lamb: 1.00e+00   eps : -2.08e-09   step: 6.48e-05    0.19
         res : 3.12e-09   lamb: 1.00e+00   eps : -2.08e-09   step: 6.48e-05    0.32

     10  0      -384.58546805     5.01e-07      3.18
     10  1      -384.36328804     0.00e+00      3.18
     10  2      -384.32456140     0.00e+00      3.18
     10  3      -384.31321265     0.00e+00      3.18

         res : 1.23e-05   lamb: 1.00e+00   eps : -2.51e-10   step: 1.55e-05    0.26
         res : 3.33e-06   lamb: 1.00e+00   eps : -3.04e-10   step: 2.40e-05    0.19
         res : 1.25e-06   lamb: 1.00e+00   eps : -3.08e-10   step: 2.46e-05    0.18
         res : 3.35e-07   lamb: 1.00e+00   eps : -3.09e-10   step: 2.46e-05    0.20
         res : 1.04e-07   lamb: 1.00e+00   eps : -3.09e-10   step: 2.46e-05    0.27
         res : 3.40e-08   lamb: 1.00e+00   eps : -3.09e-10   step: 2.46e-05    0.29
         res : 1.49e-08   lamb: 1.00e+00   eps : -3.09e-10   step: 2.46e-05    0.20
         res : 4.81e-09   lamb: 1.00e+00   eps : -3.09e-10   step: 2.46e-05    0.20

     11  0      -384.58546873     1.95e-07      2.73
     11  1      -384.36328851     0.00e+00      2.73
     11  2      -384.32455908     0.00e+00      2.73
     11  3      -384.31321382     0.00e+00      2.73

         res : 4.70e-06   lamb: 1.00e+00   eps : -3.75e-11   step: 5.90e-06    0.34
         res : 1.29e-06   lamb: 1.00e+00   eps : -4.53e-11   step: 9.18e-06    0.27
         res : 4.87e-07   lamb: 1.00e+00   eps : -4.59e-11   step: 9.43e-06    0.20
         res : 1.30e-07   lamb: 1.00e+00   eps : -4.60e-11   step: 9.43e-06    0.21
         res : 4.04e-08   lamb: 1.00e+00   eps : -4.60e-11   step: 9.44e-06    0.20
         res : 1.29e-08   lamb: 1.00e+00   eps : -4.60e-11   step: 9.44e-06    0.31
         res : 5.69e-09   lamb: 1.00e+00   eps : -4.60e-11   step: 9.44e-06    0.19
         res : 1.84e-09   lamb: 1.00e+00   eps : -4.60e-11   step: 9.44e-06    0.19

     12  0      -384.58546899     7.56e-08      2.95
     12  1      -384.36328870     0.00e+00      2.95
     12  2      -384.32455819     0.00e+00      2.95
     12  3      -384.31321426     0.00e+00      2.95

         res : 1.81e-06   lamb: 1.00e+00   eps : -5.60e-12   step: 2.27e-06    0.17
         res : 5.00e-07   lamb: 1.00e+00   eps : -6.76e-12   step: 3.53e-06    0.28
         res : 1.89e-07   lamb: 1.00e+00   eps : -6.86e-12   step: 3.63e-06    0.27
         res : 5.04e-08   lamb: 1.00e+00   eps : -6.86e-12   step: 3.63e-06    0.19
         res : 1.56e-08   lamb: 1.00e+00   eps : -6.87e-12   step: 3.63e-06    0.20
         res : 4.94e-09   lamb: 1.00e+00   eps : -6.87e-12   step: 3.63e-06    0.33

     13  0      -384.58546909     2.93e-08      2.35
     13  1      -384.36328878     0.00e+00      2.35
     13  2      -384.32455784     0.00e+00      2.35
     13  3      -384.31321443     0.00e+00      2.35

         res : 6.98e-07   lamb: 1.00e+00   eps : -8.37e-13   step: 8.73e-07    0.33
         res : 1.93e-07   lamb: 1.00e+00   eps : -1.01e-12   step: 1.36e-06    0.20
         res : 7.35e-08   lamb: 1.00e+00   eps : -1.02e-12   step: 1.40e-06    0.20
         res : 1.96e-08   lamb: 1.00e+00   eps : -1.03e-12   step: 1.40e-06    0.33
         res : 6.11e-09   lamb: 1.00e+00   eps : -1.03e-12   step: 1.40e-06    0.32
         res : 1.91e-09   lamb: 1.00e+00   eps : -1.03e-12   step: 1.40e-06    0.20

     14  0      -384.58546913     1.14e-08      2.29
     14  1      -384.36328881     0.00e+00      2.29
     14  2      -384.32455770     0.00e+00      2.29
     14  3      -384.31321450     0.00e+00      2.29

         res : 2.69e-07   lamb: 1.00e+00   eps : -1.25e-13   step: 3.37e-07    0.17
         res : 7.49e-08   lamb: 1.00e+00   eps : -1.51e-13   step: 5.24e-07    0.20
         res : 2.85e-08   lamb: 1.00e+00   eps : -1.53e-13   step: 5.40e-07    0.38
         res : 7.58e-09   lamb: 1.00e+00   eps : -1.53e-13   step: 5.40e-07    0.32
         res : 2.37e-09   lamb: 1.00e+00   eps : -1.53e-13   step: 5.40e-07    0.20

     15  0      -384.58546914     4.40e-09      2.18
     15  1      -384.36328882     0.00e+00      2.18
     15  2      -384.32455765     0.00e+00      2.18
     15  3      -384.31321453     0.00e+00      2.18

    * Second-order optimization converged. *   

    * Integral transformation done. Elapsed time: 0.16

     guess   0:   closed 111...               open ......              
     guess   1:   closed 11....               open ..11..              
     guess   2:   closed 1.1...               open .1..1.              
     guess   3:   closed .11...               open 1..1..              

  === FCI iteration ===

      0  0      -384.51592053     9.97e-03      0.00
      0  1      -384.25563505     9.59e-03      0.00
      0  2      -384.17105601     1.15e-02      0.00
      0  3      -384.10436353     8.54e-03      0.00

      1  0      -384.57905986     3.94e-03      0.00
      1  1      -384.31608894     4.39e-03      0.00
      1  2      -384.28700661     7.84e-03      0.00
      1  3      -384.16201104     4.75e-03      0.00

      2  0      -384.58513687     1.01e-03      0.00
      2  1      -384.33989937     5.39e-03      0.00
      2  2      -384.32018420     3.20e-03      0.00
      2  3      -384.17600029     2.12e-03      0.00

      3  0      -384.58545868     1.77e-04      0.00
      3  1      -384.36025451     2.49e-03      0.00
      3  2      -384.32402200     8.56e-04      0.00
      3  3      -384.18217459     2.56e-03      0.00

      4  0      -384.58546824     4.42e-05      0.00
      4  1      -384.36312284     5.30e-04      0.00
      4  2      -384.32438409     2.86e-04      0.00
      4  3      -384.22464943     6.71e-03      0.00

      5  0      -384.58546906     1.43e-05      0.00
      5  1      -384.36326345     1.84e-04      0.00
      5  2      -384.32446144     2.20e-04      0.00
      5  3      -384.28807195     5.65e-03      0.00

      6  0      -384.58546914     2.72e-06      0.00
      6  1      -384.36328587     6.35e-05      0.00
      6  2      -384.32452764     1.81e-04      0.00
      6  3      -384.30993874     2.18e-03      0.00

      7  0      -384.58546914     5.10e-07      0.00
      7  1      -384.36328843     2.16e-05      0.00
      7  2      -384.32455318     7.14e-05      0.00
      7  3      -384.31284448     6.74e-04      0.00

      8  0      -384.58546914     1.04e-07      0.01
      8  1      -384.36328876     8.48e-06      0.00
      8  2      -384.32455690     2.90e-05      0.00
      8  3      -384.31315656     2.56e-04      0.00

      9  0      -384.58546914     2.42e-08      0.01
      9  1      -384.36328881     3.56e-06      0.00
      9  2      -384.32455756     1.10e-05      0.00
      9  3      -384.31320740     9.79e-05      0.00

     10  0      -384.58546914     7.09e-09      0.01
     10  1      -384.36328882     1.47e-06      0.00
     10  2      -384.32455764     3.69e-06      0.00
     10  3      -384.31321350     3.49e-05      0.00

     11  0      -384.58546914     1.36e-09      0.01
     11  1      -384.36328882     4.43e-07      0.00
     11  2      -384.32455765     1.18e-06      0.00
     11  3      -384.31321444     1.19e-05      0.00

     12  0      -384.58546914     2.00e-10      0.01
     12  1      -384.36328882     9.40e-08      0.00
     12  2      -384.32455765     2.89e-07      0.00
     12  3      -384.31321452     2.96e-06      0.00

     13  0 *    -384.58546914     3.48e-11      0.01
     13  1      -384.36328882     2.36e-08      0.00
     13  2      -384.32455765     7.51e-08      0.00
     13  3      -384.31321453     7.89e-07      0.00

     14  0 *    -384.58546914     1.94e-11      0.01
     14  1      -384.36328882     5.44e-09      0.00
     14  2      -384.32455765     1.78e-08      0.00
     14  3      -384.31321453     1.92e-07      0.00

     15  0 *    -384.58546914     1.93e-11      0.01
     15  1      -384.36328882     1.01e-09      0.00
     15  2      -384.32455765     4.03e-09      0.00
     15  3      -384.31321453     4.46e-08      0.00

     16  0 *    -384.58546914     1.91e-11      0.01
     16  1      -384.36328882     2.16e-10      0.00
     16  2      -384.32455765     9.74e-10      0.00
     16  3      -384.31321453     1.10e-08      0.00

     17  0 *    -384.58546914     1.91e-11      0.01
     17  1 *    -384.36328882     4.25e-11      0.00
     17  2      -384.32455765     1.99e-10      0.00
     17  3      -384.31321453     2.38e-09      0.00

     18  0 *    -384.58546914     1.90e-11      0.01
     18  1 *    -384.36328882     2.16e-11      0.00
     18  2 *    -384.32455765     4.28e-11      0.00
     18  3      -384.31321453     5.34e-10      0.00

     19  0 *    -384.58546914     1.89e-11      0.01
     19  1 *    -384.36328882     2.12e-11      0.00
     19  2 *    -384.32455765     9.62e-12      0.00
     19  3      -384.31321453     1.14e-10      0.00

     20  0 *    -384.58546914     1.87e-11      0.01
     20  1 *    -384.36328882     2.11e-11      0.00
     20  2 *    -384.32455765     3.28e-12      0.00
     20  3 *    -384.31321453     2.29e-11      0.00

     * ci vector, state   0, <S^2> = -0.0000
       222...    -0.8694697427
       22ba..    -0.2493525727
       22ab..    -0.2493525727
       2.2.2.     0.1958319735
       22.2..     0.0977576996
       a2bb.a    -0.0912384859
       b2aa.b    -0.0912384859
       .22..2     0.0847668433
       .222..     0.0600860415
       22...2     0.0586548332
       2.ab2.     0.0563513044
       2.ba2.     0.0563513044
       b2ba.a     0.0524971853
       a2ab.b     0.0524971853

     * ci vector, state   1, <S^2> = -0.0000
       b22a..     0.3945605000
       a22b..     0.3945605000
       22.2..     0.3551039779
       22a..b     0.3349604785
       22b..a     0.3349604785
       .222..    -0.1944898610
       22...2    -0.1735903038
       .22..2     0.1377475433
       b2ab.a     0.1360154216
       a2ba.b     0.1360154216
       222...    -0.1254339599
       b2aa.b     0.1100346224
       a2bb.a     0.1100346224
       a2b2..     0.1098260922
       b2a2..     0.1098260922
       22ab..     0.1008874425
       22ba..     0.1008874425
       22.a.b     0.0955074069
       22.b.a     0.0955074069
       b.2a2.     0.0906355379
       a.2b2.     0.0906355379
       2..22.    -0.0813460749
       a22..b    -0.0807985226
       b22..a    -0.0807985226
       2.a.2b     0.0772819562
       2.b.2a     0.0772819562
       2b2a..     0.0610928441
       2a2b..     0.0610928441
       b2.a.2     0.0573023349
       a2.b.2     0.0573023349

     * ci vector, state   2, <S^2> = 0.0000
       22ab..     0.5821004888
       22ba..     0.5821004888
       222...    -0.3635680808
       2.ab2.    -0.1330617467
       2.ba2.    -0.1330617467
       22.2..    -0.1039403223
       2baab.    -0.0923111335
       2abba.    -0.0923111335
       a22b..    -0.0884889921
       b22a..    -0.0884889921
       22a..b    -0.0862917429
       22b..a    -0.0862917429
       .222..     0.0811326114
       a2bb.a     0.0767143575
       b2aa.b     0.0767143575
       2.2.2.     0.0755812911
       .2ab.2    -0.0675599629
       .2ba.2    -0.0675599629
       22...2     0.0660432400
       a2b2..     0.0606187073
       b2a2..     0.0606187073
       a2ab.b    -0.0598773602
       b2ba.a    -0.0598773602
       2aabb.     0.0531553093
       2bbaa.     0.0531553092

     * ci vector, state   3, <S^2> = -0.0000
       2baab.     0.4908095052
       2abba.     0.4908095052
       2aabb.    -0.2508708240
       2bbaa.    -0.2508708240
       2baba.     0.2399386812
       2abab.     0.2399386812
       22b.a.    -0.1536934489
       22a.b.    -0.1536934489
       ba2.ab    -0.1100233367
       ab2.ba    -0.1100233367
       2ab2..     0.1082895538
       2ba2..     0.1082895538
       22.ab.     0.1015813031
       22.ba.     0.1015813031
       22ba..     0.0917679254
       22ab..     0.0917679251
       2b2a..    -0.0831045113
       2a2b..    -0.0831045113
       2.2ab.    -0.0701058439
       2.2ba.    -0.0701058439
       2ab.2.    -0.0686206120
       2ba.2.    -0.0686206120
       .baab2    -0.0674755683
       .abba2    -0.0674755683
       222...    -0.0597306177
       babaab    -0.0582384884
       ababba    -0.0582384884
       aa2.bb     0.0552933722
       bb2.aa     0.0552933722
       abbaba    -0.0551004884
       baabab    -0.0551004884
       ab2.ab    -0.0547299645
       ba2.ba    -0.0547299645
       b2aab.    -0.0519327959
       a2bba.    -0.0519327959

    * METHOD: CASSCF                              47.10

  Number of auxiliary basis functions:      884

  Since a DF basis is specified, we compute 2- and 3-index integrals:
    o Being stored without compression. Storage requirement is 0.645 GB
       - 3-index ints prep                         0.00
       - 3-index ints                              0.20
       - 2-index ints                              0.02
       - computing inverse                         0.54
        elapsed time:        0.77 sec.


  Number of basis functions:      302
  Number of electrons      :       68


    * METHOD: MOLECULE                             1.01

  ---------------------------
      CASSCF calculation     
  ---------------------------

 
    ==== Active orbitals : ===== 
         Orbital 32
         Orbital 33
         Orbital 34
         Orbital 35
         Orbital 36
         Orbital 37
    ============================ 

    * nstate   :      4
    * nclosed  :     31
    * nact     :      6
    * nvirt    :    265
  === CASSCF iteration (/home/miaoxin/software/bagel-1.2.2/obj/share/aug-cc-pVDZ.json) ===

    * Using the second-order algorithm

      0  0      -386.54077285     2.42e-02      0.53
      0  1      -386.32229548     0.00e+00      0.53
      0  2      -386.28216684     0.00e+00      0.53
      0  3      -386.27345367     0.00e+00      0.53

         res : 7.39e-01   lamb: 1.00e+00   eps : -3.76e-01   step: 2.08e-01    0.22
         res : 3.14e-01   lamb: 1.00e+00   eps : -4.21e-01   step: 2.29e-01    0.40
         res : 1.74e-01   lamb: 1.00e+00   eps : -4.30e-01   step: 2.39e-01    0.21
         res : 8.31e-02   lamb: 1.00e+00   eps : -4.33e-01   step: 2.45e-01    0.22
         res : 4.26e-02   lamb: 1.00e+00   eps : -4.33e-01   step: 2.49e-01    0.36
         res : 2.74e-02   lamb: 1.00e+00   eps : -4.34e-01   step: 2.50e-01    0.34
         res : 1.43e-02   lamb: 1.00e+00   eps : -4.34e-01   step: 2.50e-01    0.22
         res : 7.04e-03   lamb: 1.00e+00   eps : -4.34e-01   step: 2.51e-01    0.22
         res : 4.18e-03   lamb: 1.00e+00   eps : -4.34e-01   step: 2.51e-01    0.37
         res : 2.20e-03   lamb: 1.00e+00   eps : -4.34e-01   step: 2.51e-01    0.22
         res : 1.10e-03   lamb: 1.00e+00   eps : -4.34e-01   step: 2.51e-01    0.22
         res : 6.78e-04   lamb: 1.00e+00   eps : -4.34e-01   step: 2.51e-01    0.32
         res : 3.94e-04   lamb: 1.00e+00   eps : -4.34e-01   step: 2.51e-01    0.43
         res : 2.04e-04   lamb: 1.00e+00   eps : -4.34e-01   step: 2.51e-01    0.22
         res : 1.29e-04   lamb: 1.00e+00   eps : -4.34e-01   step: 2.51e-01    0.22
         res : 7.55e-05   lamb: 1.00e+00   eps : -4.34e-01   step: 2.51e-01    0.38
         res : 4.03e-05   lamb: 1.00e+00   eps : -4.34e-01   step: 2.51e-01    0.22
         res : 2.51e-05   lamb: 1.00e+00   eps : -4.34e-01   step: 2.51e-01    0.22
         res : 1.33e-05   lamb: 1.00e+00   eps : -4.34e-01   step: 2.51e-01    0.36

      1  0      -386.76820596     1.13e-03      7.43
      1  1      -386.55278614     0.00e+00      7.43
      1  2      -386.51869829     0.00e+00      7.43
      1  3      -386.50169774     0.00e+00      7.43

         res : 7.02e-02   lamb: 1.00e+00   eps : -4.44e-03   step: 6.67e-02    0.36
         res : 4.81e-02   lamb: 1.00e+00   eps : -5.91e-03   step: 9.33e-02    0.22
         res : 3.36e-02   lamb: 1.00e+00   eps : -6.53e-03   step: 1.08e-01    0.22
         res : 2.64e-02   lamb: 1.00e+00   eps : -6.84e-03   step: 1.16e-01    0.37
         res : 1.89e-02   lamb: 1.00e+00   eps : -7.02e-03   step: 1.23e-01    0.22
         res : 1.52e-02   lamb: 1.00e+00   eps : -7.14e-03   step: 1.28e-01    0.22
         res : 1.23e-02   lamb: 1.00e+00   eps : -7.20e-03   step: 1.31e-01    0.39
         res : 8.76e-03   lamb: 1.00e+00   eps : -7.23e-03   step: 1.32e-01    0.34
         res : 6.12e-03   lamb: 1.00e+00   eps : -7.25e-03   step: 1.33e-01    0.22
         res : 4.62e-03   lamb: 1.00e+00   eps : -7.26e-03   step: 1.34e-01    0.22
         res : 3.57e-03   lamb: 1.00e+00   eps : -7.27e-03   step: 1.34e-01    0.35
         res : 2.91e-03   lamb: 1.00e+00   eps : -7.27e-03   step: 1.35e-01    0.22
         res : 2.25e-03   lamb: 1.00e+00   eps : -7.27e-03   step: 1.35e-01    0.22
         res : 1.64e-03   lamb: 1.00e+00   eps : -7.27e-03   step: 1.35e-01    0.29
         res : 1.18e-03   lamb: 1.00e+00   eps : -7.27e-03   step: 1.36e-01    0.42
         res : 8.94e-04   lamb: 1.00e+00   eps : -7.27e-03   step: 1.36e-01    0.22
         res : 6.32e-04   lamb: 1.00e+00   eps : -7.27e-03   step: 1.36e-01    0.22
         res : 4.29e-04   lamb: 1.00e+00   eps : -7.27e-03   step: 1.36e-01    0.39
         res : 2.72e-04   lamb: 1.00e+00   eps : -7.27e-03   step: 1.36e-01    0.22
         res : 1.80e-04   lamb: 1.00e+00   eps : -7.27e-03   step: 1.36e-01    0.22
         res : 1.24e-04   lamb: 1.00e+00   eps : -7.27e-03   step: 1.36e-01    0.49
         res : 8.57e-05   lamb: 1.00e+00   eps : -7.27e-03   step: 1.36e-01    0.28
         res : 5.89e-05   lamb: 1.00e+00   eps : -7.27e-03   step: 1.36e-01    0.22
         res : 4.00e-05   lamb: 1.00e+00   eps : -7.27e-03   step: 1.36e-01    0.22
         res : 2.87e-05   lamb: 1.00e+00   eps : -7.27e-03   step: 1.36e-01    0.33
         res : 2.02e-05   lamb: 1.00e+00   eps : -7.27e-03   step: 1.36e-01    0.23
         res : 1.46e-05   lamb: 1.00e+00   eps : -7.27e-03   step: 1.36e-01    0.23
         res : 1.07e-05   lamb: 1.00e+00   eps : -7.27e-03   step: 1.36e-01    0.37

      2  0      -386.76819901     6.15e-05     10.05
      2  1      -386.55646689     0.00e+00     10.05
      2  2      -386.52687232     0.00e+00     10.05
      2  3      -386.50482374     0.00e+00     10.05

         res : 3.64e-03   lamb: 1.00e+00   eps : -1.77e-05   step: 5.60e-03    0.22
         res : 2.32e-03   lamb: 1.00e+00   eps : -2.35e-05   step: 8.63e-03    0.22
         res : 1.87e-03   lamb: 1.00e+00   eps : -2.57e-05   step: 9.55e-03    0.22
         res : 1.67e-03   lamb: 1.00e+00   eps : -2.73e-05   step: 1.02e-02    0.33
         res : 1.39e-03   lamb: 1.00e+00   eps : -2.84e-05   step: 1.09e-02    0.22
         res : 1.05e-03   lamb: 1.00e+00   eps : -2.90e-05   step: 1.14e-02    0.22
         res : 7.32e-04   lamb: 1.00e+00   eps : -2.93e-05   step: 1.17e-02    0.54
         res : 5.58e-04   lamb: 1.00e+00   eps : -2.95e-05   step: 1.18e-02    0.22
         res : 4.07e-04   lamb: 1.00e+00   eps : -2.96e-05   step: 1.19e-02    0.22
         res : 3.22e-04   lamb: 1.00e+00   eps : -2.97e-05   step: 1.19e-02    0.22
         res : 2.54e-04   lamb: 1.00e+00   eps : -2.97e-05   step: 1.19e-02    0.36
         res : 2.01e-04   lamb: 1.00e+00   eps : -2.98e-05   step: 1.19e-02    0.22
         res : 1.56e-04   lamb: 1.00e+00   eps : -2.98e-05   step: 1.19e-02    0.22
         res : 1.19e-04   lamb: 1.00e+00   eps : -2.98e-05   step: 1.19e-02    0.35
         res : 8.30e-05   lamb: 1.00e+00   eps : -2.98e-05   step: 1.19e-02    0.33
         res : 5.73e-05   lamb: 1.00e+00   eps : -2.98e-05   step: 1.20e-02    0.22
         res : 3.92e-05   lamb: 1.00e+00   eps : -2.98e-05   step: 1.20e-02    0.22
         res : 2.77e-05   lamb: 1.00e+00   eps : -2.98e-05   step: 1.20e-02    0.35
         res : 1.97e-05   lamb: 1.00e+00   eps : -2.98e-05   step: 1.20e-02    0.22
         res : 1.37e-05   lamb: 1.00e+00   eps : -2.98e-05   step: 1.20e-02    0.22
         res : 9.30e-06   lamb: 1.00e+00   eps : -2.98e-05   step: 1.20e-02    0.30
         res : 6.56e-06   lamb: 1.00e+00   eps : -2.98e-05   step: 1.20e-02    0.44
         res : 4.88e-06   lamb: 1.00e+00   eps : -2.98e-05   step: 1.20e-02    0.22
         res : 3.60e-06   lamb: 1.00e+00   eps : -2.98e-05   step: 1.20e-02    0.23
         res : 2.57e-06   lamb: 1.00e+00   eps : -2.98e-05   step: 1.20e-02    0.38
         res : 1.84e-06   lamb: 1.00e+00   eps : -2.98e-05   step: 1.20e-02    0.23
         res : 1.31e-06   lamb: 1.00e+00   eps : -2.98e-05   step: 1.20e-02    0.22
         res : 9.14e-07   lamb: 1.00e+00   eps : -2.98e-05   step: 1.20e-02    0.36

      3  0      -386.76797622     1.37e-05     10.00
      3  1      -386.55648349     0.00e+00     10.00
      3  2      -386.52738457     0.00e+00     10.00
      3  3      -386.50458629     0.00e+00     10.00

         res : 7.91e-04   lamb: 1.00e+00   eps : -9.69e-07   step: 1.27e-03    0.24
         res : 3.40e-04   lamb: 1.00e+00   eps : -1.18e-06   step: 1.81e-03    0.22
         res : 2.22e-04   lamb: 1.00e+00   eps : -1.22e-06   step: 1.88e-03    0.29
         res : 1.58e-04   lamb: 1.00e+00   eps : -1.23e-06   step: 1.90e-03    0.31
         res : 1.49e-04   lamb: 1.00e+00   eps : -1.24e-06   step: 1.93e-03    0.22
         res : 1.22e-04   lamb: 1.00e+00   eps : -1.25e-06   step: 1.97e-03    0.22
         res : 9.42e-05   lamb: 1.00e+00   eps : -1.25e-06   step: 2.00e-03    0.43
         res : 6.92e-05   lamb: 1.00e+00   eps : -1.26e-06   step: 2.01e-03    0.22
         res : 4.89e-05   lamb: 1.00e+00   eps : -1.26e-06   step: 2.02e-03    0.22
         res : 3.66e-05   lamb: 1.00e+00   eps : -1.26e-06   step: 2.02e-03    0.22
         res : 2.87e-05   lamb: 1.00e+00   eps : -1.26e-06   step: 2.02e-03    0.34
         res : 2.50e-05   lamb: 1.00e+00   eps : -1.26e-06   step: 2.02e-03    0.22
         res : 1.80e-05   lamb: 1.00e+00   eps : -1.26e-06   step: 2.02e-03    0.22
         res : 1.28e-05   lamb: 1.00e+00   eps : -1.26e-06   step: 2.02e-03    0.47
         res : 1.00e-05   lamb: 1.00e+00   eps : -1.26e-06   step: 2.02e-03    0.27
         res : 7.60e-06   lamb: 1.00e+00   eps : -1.26e-06   step: 2.02e-03    0.22
         res : 5.60e-06   lamb: 1.00e+00   eps : -1.26e-06   step: 2.02e-03    0.22
         res : 3.94e-06   lamb: 1.00e+00   eps : -1.26e-06   step: 2.02e-03    0.36
         res : 2.80e-06   lamb: 1.00e+00   eps : -1.26e-06   step: 2.02e-03    0.22
         res : 1.79e-06   lamb: 1.00e+00   eps : -1.26e-06   step: 2.03e-03    0.22
         res : 1.15e-06   lamb: 1.00e+00   eps : -1.26e-06   step: 2.03e-03    0.44
         res : 7.73e-07   lamb: 1.00e+00   eps : -1.26e-06   step: 2.03e-03    0.32
         res : 5.52e-07   lamb: 1.00e+00   eps : -1.26e-06   step: 2.03e-03    0.22
         res : 4.18e-07   lamb: 1.00e+00   eps : -1.26e-06   step: 2.03e-03    0.22
         res : 3.25e-07   lamb: 1.00e+00   eps : -1.26e-06   step: 2.03e-03    0.34
         res : 2.31e-07   lamb: 1.00e+00   eps : -1.26e-06   step: 2.03e-03    0.23
         res : 1.64e-07   lamb: 1.00e+00   eps : -1.26e-06   step: 2.03e-03    0.23

      4  0      -386.76793874     5.77e-06      9.83
      4  1      -386.55648187     0.00e+00      9.83
      4  2      -386.52749442     0.00e+00      9.83
      4  3      -386.50451891     0.00e+00      9.83

         res : 2.74e-04   lamb: 1.00e+00   eps : -1.29e-07   step: 3.86e-04    0.44
         res : 1.23e-04   lamb: 1.00e+00   eps : -1.54e-07   step: 5.57e-04    0.22
         res : 7.05e-05   lamb: 1.00e+00   eps : -1.58e-07   step: 5.83e-04    0.22
         res : 4.57e-05   lamb: 1.00e+00   eps : -1.59e-07   step: 5.89e-04    0.27
         res : 3.58e-05   lamb: 1.00e+00   eps : -1.60e-07   step: 5.92e-04    0.29
         res : 2.92e-05   lamb: 1.00e+00   eps : -1.60e-07   step: 5.97e-04    0.22
         res : 2.34e-05   lamb: 1.00e+00   eps : -1.60e-07   step: 6.01e-04    0.22
         res : 1.94e-05   lamb: 1.00e+00   eps : -1.60e-07   step: 6.03e-04    0.53
         res : 1.45e-05   lamb: 1.00e+00   eps : -1.61e-07   step: 6.04e-04    0.22
         res : 1.07e-05   lamb: 1.00e+00   eps : -1.61e-07   step: 6.05e-04    0.22
         res : 8.04e-06   lamb: 1.00e+00   eps : -1.61e-07   step: 6.06e-04    0.39
         res : 6.97e-06   lamb: 1.00e+00   eps : -1.61e-07   step: 6.07e-04    0.22
         res : 5.38e-06   lamb: 1.00e+00   eps : -1.61e-07   step: 6.07e-04    0.22
         res : 3.64e-06   lamb: 1.00e+00   eps : -1.61e-07   step: 6.08e-04    0.29
         res : 2.65e-06   lamb: 1.00e+00   eps : -1.61e-07   step: 6.08e-04    0.37
         res : 1.85e-06   lamb: 1.00e+00   eps : -1.61e-07   step: 6.08e-04    0.22
         res : 1.36e-06   lamb: 1.00e+00   eps : -1.61e-07   step: 6.08e-04    0.22
         res : 9.97e-07   lamb: 1.00e+00   eps : -1.61e-07   step: 6.08e-04    0.28
         res : 7.96e-07   lamb: 1.00e+00   eps : -1.61e-07   step: 6.08e-04    0.29
         res : 5.45e-07   lamb: 1.00e+00   eps : -1.61e-07   step: 6.08e-04    0.22
         res : 3.58e-07   lamb: 1.00e+00   eps : -1.61e-07   step: 6.08e-04    0.22
         res : 2.38e-07   lamb: 1.00e+00   eps : -1.61e-07   step: 6.08e-04    0.42
         res : 1.63e-07   lamb: 1.00e+00   eps : -1.61e-07   step: 6.08e-04    0.29
         res : 1.16e-07   lamb: 1.00e+00   eps : -1.61e-07   step: 6.08e-04    0.22
         res : 8.35e-08   lamb: 1.00e+00   eps : -1.61e-07   step: 6.08e-04    0.22
         res : 5.79e-08   lamb: 1.00e+00   eps : -1.61e-07   step: 6.08e-04    0.33

      5  0      -386.76792613     2.46e-06      9.61
      5  1      -386.55647936     0.00e+00      9.61
      5  2      -386.52753259     0.00e+00      9.61
      5  3      -386.50449632     0.00e+00      9.61

         res : 1.12e-04   lamb: 1.00e+00   eps : -2.22e-08   step: 1.53e-04    0.22
         res : 5.16e-05   lamb: 1.00e+00   eps : -2.63e-08   step: 2.18e-04    0.22
         res : 2.95e-05   lamb: 1.00e+00   eps : -2.69e-08   step: 2.29e-04    0.48
         res : 1.92e-05   lamb: 1.00e+00   eps : -2.72e-08   step: 2.32e-04    0.22
         res : 1.45e-05   lamb: 1.00e+00   eps : -2.73e-08   step: 2.33e-04    0.22
         res : 1.13e-05   lamb: 1.00e+00   eps : -2.73e-08   step: 2.35e-04    0.22
         res : 8.54e-06   lamb: 1.00e+00   eps : -2.74e-08   step: 2.36e-04    0.35
         res : 6.86e-06   lamb: 1.00e+00   eps : -2.74e-08   step: 2.36e-04    0.22
         res : 5.09e-06   lamb: 1.00e+00   eps : -2.74e-08   step: 2.36e-04    0.22
         res : 3.82e-06   lamb: 1.00e+00   eps : -2.74e-08   step: 2.36e-04    0.50
         res : 2.92e-06   lamb: 1.00e+00   eps : -2.74e-08   step: 2.37e-04    0.22
         res : 2.64e-06   lamb: 1.00e+00   eps : -2.74e-08   step: 2.37e-04    0.22
         res : 2.18e-06   lamb: 1.00e+00   eps : -2.74e-08   step: 2.37e-04    0.22
         res : 1.51e-06   lamb: 1.00e+00   eps : -2.74e-08   step: 2.37e-04    0.37
         res : 1.07e-06   lamb: 1.00e+00   eps : -2.74e-08   step: 2.37e-04    0.22
         res : 6.93e-07   lamb: 1.00e+00   eps : -2.74e-08   step: 2.37e-04    0.22
         res : 4.73e-07   lamb: 1.00e+00   eps : -2.74e-08   step: 2.37e-04    0.49
         res : 3.26e-07   lamb: 1.00e+00   eps : -2.74e-08   step: 2.37e-04    0.22
         res : 2.52e-07   lamb: 1.00e+00   eps : -2.74e-08   step: 2.37e-04    0.22
         res : 1.76e-07   lamb: 1.00e+00   eps : -2.74e-08   step: 2.37e-04    0.22
         res : 1.21e-07   lamb: 1.00e+00   eps : -2.74e-08   step: 2.37e-04    0.38
         res : 8.63e-08   lamb: 1.00e+00   eps : -2.74e-08   step: 2.37e-04    0.22
         res : 6.23e-08   lamb: 1.00e+00   eps : -2.74e-08   step: 2.37e-04    0.22
         res : 4.50e-08   lamb: 1.00e+00   eps : -2.74e-08   step: 2.37e-04    0.51
         res : 3.17e-08   lamb: 1.00e+00   eps : -2.74e-08   step: 2.37e-04    0.22
         res : 2.16e-08   lamb: 1.00e+00   eps : -2.74e-08   step: 2.37e-04    0.23

      6  0      -386.76792121     1.06e-06      9.34
      6  1      -386.55647797     0.00e+00      9.34
      6  2      -386.52754770     0.00e+00      9.34
      6  3      -386.50448758     0.00e+00      9.34

         res : 4.83e-05   lamb: 1.00e+00   eps : -4.12e-09   step: 6.57e-05    0.34
         res : 2.25e-05   lamb: 1.00e+00   eps : -4.87e-09   step: 9.34e-05    0.22
         res : 1.30e-05   lamb: 1.00e+00   eps : -5.00e-09   step: 9.82e-05    0.22
         res : 8.60e-06   lamb: 1.00e+00   eps : -5.04e-09   step: 9.95e-05    0.53
         res : 6.52e-06   lamb: 1.00e+00   eps : -5.07e-09   step: 1.00e-04    0.22
         res : 5.00e-06   lamb: 1.00e+00   eps : -5.08e-09   step: 1.01e-04    0.22
         res : 3.64e-06   lamb: 1.00e+00   eps : -5.09e-09   step: 1.01e-04    0.22
         res : 2.82e-06   lamb: 1.00e+00   eps : -5.09e-09   step: 1.01e-04    0.34
         res : 2.04e-06   lamb: 1.00e+00   eps : -5.09e-09   step: 1.01e-04    0.22
         res : 1.50e-06   lamb: 1.00e+00   eps : -5.09e-09   step: 1.01e-04    0.22
         res : 1.14e-06   lamb: 1.00e+00   eps : -5.09e-09   step: 1.01e-04    0.44
         res : 1.05e-06   lamb: 1.00e+00   eps : -5.09e-09   step: 1.02e-04    0.28
         res : 9.02e-07   lamb: 1.00e+00   eps : -5.09e-09   step: 1.02e-04    0.22
         res : 6.50e-07   lamb: 1.00e+00   eps : -5.10e-09   step: 1.02e-04    0.22
         res : 4.70e-07   lamb: 1.00e+00   eps : -5.10e-09   step: 1.02e-04    0.38
         res : 3.01e-07   lamb: 1.00e+00   eps : -5.10e-09   step: 1.02e-04    0.22
         res : 2.01e-07   lamb: 1.00e+00   eps : -5.10e-09   step: 1.02e-04    0.22
         res : 1.36e-07   lamb: 1.00e+00   eps : -5.10e-09   step: 1.02e-04    0.56
         res : 1.01e-07   lamb: 1.00e+00   eps : -5.10e-09   step: 1.02e-04    0.22
         res : 6.79e-08   lamb: 1.00e+00   eps : -5.10e-09   step: 1.02e-04    0.22
         res : 4.63e-08   lamb: 1.00e+00   eps : -5.10e-09   step: 1.02e-04    0.29
         res : 3.32e-08   lamb: 1.00e+00   eps : -5.10e-09   step: 1.02e-04    0.28
         res : 2.44e-08   lamb: 1.00e+00   eps : -5.10e-09   step: 1.02e-04    0.22
         res : 1.79e-08   lamb: 1.00e+00   eps : -5.10e-09   step: 1.02e-04    0.22
         res : 1.27e-08   lamb: 1.00e+00   eps : -5.10e-09   step: 1.02e-04    0.37
         res : 8.68e-09   lamb: 1.00e+00   eps : -5.10e-09   step: 1.02e-04    0.30

      7  0      -386.76791918     4.58e-07      9.70
      7  1      -386.55647732     0.00e+00      9.70
      7  2      -386.52755401     0.00e+00      9.70
      7  3      -386.50448397     0.00e+00      9.70

         res : 2.11e-05   lamb: 1.00e+00   eps : -7.80e-10   step: 2.87e-05    0.22
         res : 9.88e-06   lamb: 1.00e+00   eps : -9.23e-10   step: 4.08e-05    0.33
         res : 5.78e-06   lamb: 1.00e+00   eps : -9.48e-10   step: 4.29e-05    0.22
         res : 3.84e-06   lamb: 1.00e+00   eps : -9.58e-10   step: 4.35e-05    0.22
         res : 2.93e-06   lamb: 1.00e+00   eps : -9.62e-10   step: 4.38e-05    0.26
         res : 2.22e-06   lamb: 1.00e+00   eps : -9.65e-10   step: 4.40e-05    0.43
         res : 1.60e-06   lamb: 1.00e+00   eps : -9.66e-10   step: 4.42e-05    0.22
         res : 1.21e-06   lamb: 1.00e+00   eps : -9.67e-10   step: 4.43e-05    0.22
         res : 8.62e-07   lamb: 1.00e+00   eps : -9.67e-10   step: 4.43e-05    0.29
         res : 6.29e-07   lamb: 1.00e+00   eps : -9.68e-10   step: 4.43e-05    0.29
         res : 4.73e-07   lamb: 1.00e+00   eps : -9.68e-10   step: 4.44e-05    0.22
         res : 4.34e-07   lamb: 1.00e+00   eps : -9.68e-10   step: 4.44e-05    0.22
         res : 3.80e-07   lamb: 1.00e+00   eps : -9.68e-10   step: 4.44e-05    0.58
         res : 2.80e-07   lamb: 1.00e+00   eps : -9.68e-10   step: 4.45e-05    0.22
         res : 2.06e-07   lamb: 1.00e+00   eps : -9.68e-10   step: 4.45e-05    0.22
         res : 1.33e-07   lamb: 1.00e+00   eps : -9.68e-10   step: 4.45e-05    0.35
         res : 8.80e-08   lamb: 1.00e+00   eps : -9.68e-10   step: 4.45e-05    0.22
         res : 5.93e-08   lamb: 1.00e+00   eps : -9.68e-10   step: 4.45e-05    0.22
         res : 4.35e-08   lamb: 1.00e+00   eps : -9.68e-10   step: 4.45e-05    0.28
         res : 2.88e-08   lamb: 1.00e+00   eps : -9.68e-10   step: 4.45e-05    0.45
         res : 1.95e-08   lamb: 1.00e+00   eps : -9.68e-10   step: 4.45e-05    0.22
         res : 1.39e-08   lamb: 1.00e+00   eps : -9.68e-10   step: 4.45e-05    0.22
         res : 1.03e-08   lamb: 1.00e+00   eps : -9.68e-10   step: 4.45e-05    0.35
         res : 7.54e-09   lamb: 1.00e+00   eps : -9.68e-10   step: 4.45e-05    0.22
         res : 5.33e-09   lamb: 1.00e+00   eps : -9.68e-10   step: 4.45e-05    0.22
         res : 3.66e-09   lamb: 1.00e+00   eps : -9.68e-10   step: 4.45e-05    0.34

      8  0      -386.76791832     1.99e-07      9.50
      8  1      -386.55647702     0.00e+00      9.50
      8  2      -386.52755671     0.00e+00      9.50
      8  3      -386.50448243     0.00e+00      9.50

         res : 9.24e-06   lamb: 1.00e+00   eps : -1.49e-10   step: 1.26e-05    0.29
         res : 4.33e-06   lamb: 1.00e+00   eps : -1.76e-10   step: 1.79e-05    0.21
         res : 2.55e-06   lamb: 1.00e+00   eps : -1.81e-10   step: 1.88e-05    0.22
         res : 1.70e-06   lamb: 1.00e+00   eps : -1.83e-10   step: 1.91e-05    0.37
         res : 1.30e-06   lamb: 1.00e+00   eps : -1.84e-10   step: 1.92e-05    0.22
         res : 9.84e-07   lamb: 1.00e+00   eps : -1.84e-10   step: 1.93e-05    0.22
         res : 7.01e-07   lamb: 1.00e+00   eps : -1.85e-10   step: 1.94e-05    0.35
         res : 5.28e-07   lamb: 1.00e+00   eps : -1.85e-10   step: 1.94e-05    0.37
         res : 3.72e-07   lamb: 1.00e+00   eps : -1.85e-10   step: 1.94e-05    0.22
         res : 2.70e-07   lamb: 1.00e+00   eps : -1.85e-10   step: 1.95e-05    0.22
         res : 2.02e-07   lamb: 1.00e+00   eps : -1.85e-10   step: 1.95e-05    0.37
         res : 1.85e-07   lamb: 1.00e+00   eps : -1.85e-10   step: 1.95e-05    0.22
         res : 1.63e-07   lamb: 1.00e+00   eps : -1.85e-10   step: 1.95e-05    0.22
         res : 1.21e-07   lamb: 1.00e+00   eps : -1.85e-10   step: 1.95e-05    0.28
         res : 9.04e-08   lamb: 1.00e+00   eps : -1.85e-10   step: 1.95e-05    0.41
         res : 5.85e-08   lamb: 1.00e+00   eps : -1.85e-10   step: 1.95e-05    0.22
         res : 3.87e-08   lamb: 1.00e+00   eps : -1.85e-10   step: 1.95e-05    0.22
         res : 2.61e-08   lamb: 1.00e+00   eps : -1.85e-10   step: 1.95e-05    0.22
         res : 1.90e-08   lamb: 1.00e+00   eps : -1.85e-10   step: 1.95e-05    0.31
         res : 1.25e-08   lamb: 1.00e+00   eps : -1.85e-10   step: 1.95e-05    0.22
         res : 8.43e-09   lamb: 1.00e+00   eps : -1.85e-10   step: 1.95e-05    0.22
         res : 6.03e-09   lamb: 1.00e+00   eps : -1.85e-10   step: 1.95e-05    0.42
         res : 4.45e-09   lamb: 1.00e+00   eps : -1.85e-10   step: 1.95e-05    0.30

      9  0      -386.76791795     8.69e-08      8.58
      9  1      -386.55647689     0.00e+00      8.58
      9  2      -386.52755788     0.00e+00      8.58
      9  3      -386.50448177     0.00e+00      8.58

         res : 4.05e-06   lamb: 1.00e+00   eps : -2.84e-11   step: 5.53e-06    0.22
         res : 1.90e-06   lamb: 1.00e+00   eps : -3.37e-11   step: 7.83e-06    0.37
         res : 1.12e-06   lamb: 1.00e+00   eps : -3.47e-11   step: 8.24e-06    0.22
         res : 7.48e-07   lamb: 1.00e+00   eps : -3.50e-11   step: 8.36e-06    0.22
         res : 5.73e-07   lamb: 1.00e+00   eps : -3.52e-11   step: 8.42e-06    0.45
         res : 4.33e-07   lamb: 1.00e+00   eps : -3.53e-11   step: 8.48e-06    0.28
         res : 3.08e-07   lamb: 1.00e+00   eps : -3.54e-11   step: 8.51e-06    0.22
         res : 2.31e-07   lamb: 1.00e+00   eps : -3.54e-11   step: 8.53e-06    0.22
         res : 1.62e-07   lamb: 1.00e+00   eps : -3.54e-11   step: 8.53e-06    0.35
         res : 1.17e-07   lamb: 1.00e+00   eps : -3.54e-11   step: 8.53e-06    0.22
         res : 8.72e-08   lamb: 1.00e+00   eps : -3.54e-11   step: 8.54e-06    0.22
         res : 7.98e-08   lamb: 1.00e+00   eps : -3.54e-11   step: 8.55e-06    0.44
         res : 7.06e-08   lamb: 1.00e+00   eps : -3.54e-11   step: 8.55e-06    0.28
         res : 5.31e-08   lamb: 1.00e+00   eps : -3.54e-11   step: 8.55e-06    0.22
         res : 3.98e-08   lamb: 1.00e+00   eps : -3.54e-11   step: 8.55e-06    0.22
         res : 2.59e-08   lamb: 1.00e+00   eps : -3.54e-11   step: 8.56e-06    0.33
         res : 1.70e-08   lamb: 1.00e+00   eps : -3.54e-11   step: 8.56e-06    0.22
         res : 1.15e-08   lamb: 1.00e+00   eps : -3.54e-11   step: 8.56e-06    0.22
         res : 8.29e-09   lamb: 1.00e+00   eps : -3.54e-11   step: 8.56e-06    0.48
         res : 5.43e-09   lamb: 1.00e+00   eps : -3.54e-11   step: 8.56e-06    0.30
         res : 3.64e-09   lamb: 1.00e+00   eps : -3.54e-11   step: 8.56e-06    0.22

     10  0      -386.76791779     3.79e-08      8.13
     10  1      -386.55647684     0.00e+00      8.13
     10  2      -386.52755839     0.00e+00      8.13
     10  3      -386.50448148     0.00e+00      8.13

         res : 1.77e-06   lamb: 1.00e+00   eps : -5.45e-12   step: 2.42e-06    0.33
         res : 8.32e-07   lamb: 1.00e+00   eps : -6.46e-12   step: 3.43e-06    0.22
         res : 4.92e-07   lamb: 1.00e+00   eps : -6.64e-12   step: 3.61e-06    0.22
         res : 3.29e-07   lamb: 1.00e+00   eps : -6.71e-12   step: 3.66e-06    0.30
         res : 2.52e-07   lamb: 1.00e+00   eps : -6.74e-12   step: 3.69e-06    0.43
         res : 1.90e-07   lamb: 1.00e+00   eps : -6.76e-12   step: 3.71e-06    0.22
         res : 1.35e-07   lamb: 1.00e+00   eps : -6.77e-12   step: 3.73e-06    0.22
         res : 1.01e-07   lamb: 1.00e+00   eps : -6.78e-12   step: 3.74e-06    0.37
         res : 7.08e-08   lamb: 1.00e+00   eps : -6.78e-12   step: 3.74e-06    0.22
         res : 5.11e-08   lamb: 1.00e+00   eps : -6.78e-12   step: 3.74e-06    0.22
         res : 3.80e-08   lamb: 1.00e+00   eps : -6.78e-12   step: 3.74e-06    0.41
         res : 3.48e-08   lamb: 1.00e+00   eps : -6.78e-12   step: 3.75e-06    0.37
         res : 3.09e-08   lamb: 1.00e+00   eps : -6.78e-12   step: 3.75e-06    0.22
         res : 2.33e-08   lamb: 1.00e+00   eps : -6.78e-12   step: 3.75e-06    0.22
         res : 1.75e-08   lamb: 1.00e+00   eps : -6.78e-12   step: 3.75e-06    0.34
         res : 1.14e-08   lamb: 1.00e+00   eps : -6.78e-12   step: 3.75e-06    0.22
         res : 7.49e-09   lamb: 1.00e+00   eps : -6.78e-12   step: 3.75e-06    0.22
         res : 5.02e-09   lamb: 1.00e+00   eps : -6.78e-12   step: 3.75e-06    0.36
         res : 3.63e-09   lamb: 1.00e+00   eps : -6.78e-12   step: 3.75e-06    0.39

     11  0      -386.76791772     1.66e-08      7.78
     11  1      -386.55647681     0.00e+00      7.78
     11  2      -386.52755861     0.00e+00      7.78
     11  3      -386.50448135     0.00e+00      7.78

         res : 7.76e-07   lamb: 1.00e+00   eps : -1.04e-12   step: 1.06e-06    0.28
         res : 3.65e-07   lamb: 1.00e+00   eps : -1.24e-12   step: 1.50e-06    0.28
         res : 2.16e-07   lamb: 1.00e+00   eps : -1.27e-12   step: 1.58e-06    0.22
         res : 1.44e-07   lamb: 1.00e+00   eps : -1.29e-12   step: 1.60e-06    0.22
         res : 1.11e-07   lamb: 1.00e+00   eps : -1.29e-12   step: 1.62e-06    0.34
         res : 8.35e-08   lamb: 1.00e+00   eps : -1.30e-12   step: 1.63e-06    0.35
         res : 5.92e-08   lamb: 1.00e+00   eps : -1.30e-12   step: 1.63e-06    0.22
         res : 4.43e-08   lamb: 1.00e+00   eps : -1.30e-12   step: 1.64e-06    0.22
         res : 3.10e-08   lamb: 1.00e+00   eps : -1.30e-12   step: 1.64e-06    0.36
         res : 2.24e-08   lamb: 1.00e+00   eps : -1.30e-12   step: 1.64e-06    0.22
         res : 1.67e-08   lamb: 1.00e+00   eps : -1.30e-12   step: 1.64e-06    0.22
         res : 1.53e-08   lamb: 1.00e+00   eps : -1.30e-12   step: 1.64e-06    0.35
         res : 1.35e-08   lamb: 1.00e+00   eps : -1.30e-12   step: 1.64e-06    0.37
         res : 1.02e-08   lamb: 1.00e+00   eps : -1.30e-12   step: 1.64e-06    0.22
         res : 7.70e-09   lamb: 1.00e+00   eps : -1.30e-12   step: 1.64e-06    0.22
         res : 5.04e-09   lamb: 1.00e+00   eps : -1.30e-12   step: 1.64e-06    0.38
         res : 3.28e-09   lamb: 1.00e+00   eps : -1.30e-12   step: 1.64e-06    0.22

     12  0      -386.76791769     7.26e-09      7.17
     12  1      -386.55647680     0.00e+00      7.17
     12  2      -386.52755871     0.00e+00      7.17
     12  3      -386.50448129     0.00e+00      7.17

    * Second-order optimization converged. *   

    * Integral transformation done. Elapsed time: 0.42

     guess   0:   closed 111...               open ......              
     guess   1:   closed 11....               open ..11..              
     guess   2:   closed .11...               open 1..1..              
     guess   3:   closed 1.1...               open .1..1.              

  === FCI iteration ===

      0  0      -386.70501622     9.40e-03      0.00
      0  1      -386.46472153     9.15e-03      0.00
      0  2      -386.38294887     1.07e-02      0.00
      0  3      -386.31350848     7.96e-03      0.00

      1  0      -386.76233517     3.62e-03      0.00
      1  1      -386.52114195     4.09e-03      0.00
      1  2      -386.48999376     7.23e-03      0.00
      1  3      -386.36423936     4.26e-03      0.00

      2  0      -386.76764556     9.00e-04      0.00
      2  1      -386.53912856     4.34e-03      0.00
      2  2      -386.52227821     3.55e-03      0.00
      2  3      -386.37621304     1.95e-03      0.00

      3  0      -386.76790915     1.57e-04      0.00
      3  1      -386.55408144     2.14e-03      0.00
      3  2      -386.52711168     9.06e-04      0.00
      3  3      -386.38298283     2.84e-03      0.00

      4  0      -386.76791693     3.94e-05      0.00
      4  1      -386.55634217     4.68e-04      0.00
      4  2      -386.52751459     2.45e-04      0.00
      4  3      -386.42147603     5.33e-03      0.00

      5  0      -386.76791762     1.26e-05      0.00
      5  1      -386.55645699     1.60e-04      0.00
      5  2      -386.52754932     9.01e-05      0.00
      5  3      -386.47484235     5.83e-03      0.00

      6  0      -386.76791768     2.52e-06      0.00
      6  1      -386.55647454     5.46e-05      0.00
      6  2      -386.52755661     4.80e-05      0.00
      6  3      -386.50042299     2.38e-03      0.00

      7  0      -386.76791769     4.90e-07      0.00
      7  1      -386.55647652     1.82e-05      0.00
      7  2      -386.52755833     1.89e-05      0.00
      7  3      -386.50398061     7.58e-04      0.00

      8  0      -386.76791769     9.58e-08      0.00
      8  1      -386.55647675     7.70e-06      0.00
      8  2      -386.52755863     8.90e-06      0.00
      8  3      -386.50439940     2.90e-04      0.00

      9  0      -386.76791769     1.90e-08      0.00
      9  1      -386.55647680     2.94e-06      0.00
      9  2      -386.52755870     3.54e-06      0.00
      9  3      -386.50447185     1.17e-04      0.00

     10  0      -386.76791769     4.41e-09      0.01
     10  1      -386.55647680     9.12e-07      0.00
     10  2      -386.52755871     1.03e-06      0.00
     10  3      -386.50448057     3.55e-05      0.00

     11  0      -386.76791769     8.76e-10      0.01
     11  1      -386.55647680     2.41e-07      0.00
     11  2      -386.52755871     2.38e-07      0.00
     11  3      -386.50448126     8.48e-06      0.00

     12  0      -386.76791769     1.47e-10      0.01
     12  1      -386.55647680     5.04e-08      0.00
     12  2      -386.52755871     6.01e-08      0.00
     12  3      -386.50448129     2.20e-06      0.00

     13  0 *    -386.76791769     2.21e-11      0.01
     13  1      -386.55647680     1.15e-08      0.00
     13  2      -386.52755871     1.47e-08      0.00
     13  3      -386.50448129     5.59e-07      0.00

     14  0 *    -386.76791769     1.58e-11      0.01
     14  1      -386.55647680     2.37e-09      0.00
     14  2      -386.52755871     3.70e-09      0.00
     14  3      -386.50448129     1.48e-07      0.00

     15  0 *    -386.76791769     1.58e-11      0.01
     15  1      -386.55647680     4.73e-10      0.00
     15  2      -386.52755871     9.17e-10      0.00
     15  3      -386.50448129     3.96e-08      0.00

     16  0 *    -386.76791769     1.57e-11      0.01
     16  1 *    -386.55647680     9.59e-11      0.00
     16  2      -386.52755871     1.98e-10      0.00
     16  3      -386.50448129     9.00e-09      0.00

     17  0 *    -386.76791769     1.56e-11      0.01
     17  1 *    -386.55647680     6.89e-11      0.00
     17  2 *    -386.52755871     3.84e-11      0.00
     17  3      -386.50448129     1.83e-09      0.00

     18  0 *    -386.76791769     1.56e-11      0.01
     18  1 *    -386.55647680     6.87e-11      0.00
     18  2 *    -386.52755871     9.05e-12      0.00
     18  3      -386.50448129     4.04e-10      0.00

     19  0 *    -386.76791769     1.55e-11      0.01
     19  1 *    -386.55647680     6.73e-11      0.00
     19  2 *    -386.52755871     5.51e-12      0.00
     19  3 *    -386.50448129     9.08e-11      0.00

     * ci vector, state   0, <S^2> = -0.0000
       222...    -0.8813093319
       22ab..    -0.2367273309
       22ba..    -0.2367273309
       2.2.2.     0.1887937973
       22.2..     0.0989050533
       b2aa.b    -0.0860582072
       a2bb.a    -0.0860582072
       .22..2     0.0830350115
       .222..     0.0597015601
       22...2     0.0582022106
       a2ab.b     0.0522193044
       b2ba.a     0.0522193044
       2.ab2.     0.0507951354
       2.ba2.     0.0507951354

     * ci vector, state   1, <S^2> = -0.0000
       b22a..    -0.4021741027
       a22b..    -0.4021741027
       22.2..    -0.3621534927
       22a..b    -0.3096529924
       22b..a    -0.3096529924
       .222..     0.1917030405
       22...2     0.1580983239
       22ab..    -0.1546623556
       22ba..    -0.1546623556
       222...     0.1395615893
       b2ab.a    -0.1327217198
       a2ba.b    -0.1327217198
       .22..2    -0.1289380094
       b2aa.b    -0.1101474937
       a2bb.a    -0.1101474937
       a2b2..    -0.1057159937
       b2a2..    -0.1057159937
       22.a.b    -0.1019688369
       22.b.a    -0.1019688369
       b.2a2.    -0.0880371010
       a.2b2.    -0.0880371010
       a22..b     0.0813087210
       b22..a     0.0813087210
       2..22.     0.0785645232
       2.a.2b    -0.0681268116
       2.b.2a    -0.0681268116
       2b2a..     0.0653254597
       2a2b..     0.0653254597
       b2.a.2    -0.0557306712
       a2.b.2    -0.0557306712

     * ci vector, state   2, <S^2> = -0.0000
       22ba..     0.5863344766
       22ab..     0.5863344766
       222...    -0.3377414606
       2.ba2.    -0.1280189738
       2.ab2.    -0.1280189738
       b22a..    -0.1279849135
       a22b..    -0.1279849135
       22.2..    -0.1247589254
       22a..b    -0.1061431725
       22b..a    -0.1061431725
       .222..     0.0935895008
       22...2     0.0725136480
       2.2.2.     0.0691869066
       .2ba.2    -0.0655739849
       .2ab.2    -0.0655739849
       a2bb.a     0.0645417178
       b2aa.b     0.0645417178
       b2a2..     0.0637778916
       a2b2..     0.0637778916
       b2ba.a    -0.0591944173
       a2ab.b    -0.0591944173

     * ci vector, state   3, <S^2> = -0.0000
       2abba.    -0.4988399272
       2baab.    -0.4988399272
       2bbaa.     0.2563673253
       2aabb.     0.2563673253
       2abab.    -0.2424726019
       2baba.    -0.2424726019
       22a.b.    -0.1489298461
       22b.a.    -0.1489298461
       22.ba.     0.1081037477
       22.ab.     0.1081037477
       2ba2..    -0.1058665489
       2ab2..    -0.1058665489
       ab2.ba     0.1013999018
       ba2.ab     0.1013999018
       2a2b..     0.0949398591
       2b2a..     0.0949398591
       2.2ba.    -0.0743332372
       2.2ab.    -0.0743332372
       2ba.2.     0.0672271136
       2ab.2.     0.0672271136
       .abba2     0.0651617428
       .baab2     0.0651617428
       a2bba.    -0.0569132666
       b2aab.    -0.0569132666
       baabab     0.0541824580
       abbaba     0.0541824580
       bb2.aa    -0.0510134461
       aa2.bb    -0.0510134461
       ababba     0.0506461659
       babaab     0.0506461659
       ba2.ba     0.0503864557
       ab2.ab     0.0503864557

    * METHOD: CASSCF                             108.86

  === SMITH program ===

    * freezing 10 orbitals
    * SS-SR internal contraction is used

    * Approximate memory requirement for SMITH calulation per MPI process:
      o Storage requirement for T-amplitude, lambda, and residual is 0.14 GB
      o Storage requirement for MO integrals is 0.02 GB
       - MO integral evaluation                    3.97

  ++ State-averaged Fock matrix over basis states ++

                         0                   1                   2                   3
     0       -1.6967201432        0.0376487862       -0.0701241895       -0.0084312358
     1        0.0376487862       -1.2764495357        0.0792261807        0.0081935599
     2       -0.0701241895        0.0792261807       -1.4429114780       -0.0300389358
     3       -0.0084312358        0.0081935599       -0.0300389358       -1.0683047588


  ++ Extended multi-state CASPT2 (XMS-CASPT2) rotation matrix ++

                         0                   1                   2                   3
     0       -0.9512816830        0.3075714454       -0.0210927347       -0.0042499421
     1        0.1301657021        0.3388151063       -0.9317602223        0.0091707036
     2       -0.2782251680       -0.8863986540       -0.3619430863       -0.0767162588
     3       -0.0266609338       -0.0700111127       -0.0193697413        0.9970017311


  ++ Reference energies in XMS basis ++

                         0                   1                   2                   3
     0     -386.7455419615        0.0690936587       -0.0013036377       -0.0016196859
     1        0.0690936587     -386.5535032712        0.0107199105       -0.0013864969
     2       -0.0013036377        0.0107199105     -386.5527630126       -0.0002201077
     3       -0.0016196859       -0.0013864969       -0.0002201077     -386.5046262449

    * Calculating and saving rdm4f

    - linear dependency detected:    1 /   72    min eigenvalue:    -1.1279e-15    max eigenvalue:    -1.1279e-15
    - linear dependency detected:    1 /   72    min eigenvalue:     2.4891e-15    max eigenvalue:     2.4891e-15
    - linear dependency detected:    1 /   72    min eigenvalue:     9.9047e-17    max eigenvalue:     9.9047e-17
    - linear dependency detected:    1 /   72    min eigenvalue:    -6.4653e-16    max eigenvalue:    -6.4653e-16
    - linear dependency detected:   18 /  216    min eigenvalue:    -4.1743e-15    max eigenvalue:     9.5049e-10
    - linear dependency detected:   10 /  216    min eigenvalue:    -2.0012e-15    max eigenvalue:     4.6851e-10
    - linear dependency detected:   12 /  216    min eigenvalue:    -1.0474e-15    max eigenvalue:     5.5834e-10
    - linear dependency detected:   10 /  216    min eigenvalue:    -2.4789e-15    max eigenvalue:     3.9800e-10
    - linear dependency detected:   17 /  216    min eigenvalue:    -3.5911e-16    max eigenvalue:     8.4656e-10
    - linear dependency detected:   11 /  216    min eigenvalue:    -5.1569e-16    max eigenvalue:     8.6931e-10
    - linear dependency detected:   12 /  216    min eigenvalue:    -4.4146e-16    max eigenvalue:     9.6695e-10
    - linear dependency detected:   10 /  216    min eigenvalue:    -1.0038e-15    max eigenvalue:     8.5192e-10
       - RDM + denominator evaluation              1.97

    * Zeroth order energy : state  0       -1.7226174984
    * Zeroth order energy : state  1       -1.4512349200
    * Zeroth order energy : state  2       -1.2446514500
    * Zeroth order energy : state  3       -1.0658820471

    * CASPT2 iteration is performed using redundant basis

      ---- iteration ----

        0    -1.10838814     0.00102372      3.18
        1    -1.10893613     0.00006145      3.52
        2    -1.10893875     0.00000468      3.47
        3    -1.10893877     0.00000048      3.29

        0    -1.12894926     0.00098016      3.59
        1    -1.12957426     0.00006067      3.47
        2    -1.12957806     0.00000534      3.20
        3    -1.12957810     0.00000055      3.60

        0    -1.09504256     0.00087662      3.57
        1    -1.09553171     0.00005316      3.44
        2    -1.09553459     0.00000458      3.31
        3    -1.09553462     0.00000050      3.55

        0    -1.08801649     0.00086643      3.66
        1    -1.08851687     0.00006244      3.52
        2    -1.08852411     0.00000825      3.29
        3    -1.08852607     0.00000419      3.63
        4    -1.08852832     0.00000232      3.55
        5    -1.08852885     0.00000087      3.55

      -------------------

       - CASPT2 energy evaluation                 64.75

    * CASPT2 energy : state  0     -388.0225275698
        w/o shift correction       -387.8544807308
        reference weight              0.7484505139

    * CASPT2 energy : state  1     -387.8618674165
        w/o shift correction       -387.6830813714
        reference weight              0.7366091328

    * CASPT2 energy : state  2     -387.8174919397
        w/o shift correction       -387.6482976349
        reference weight              0.7471671477

    * CASPT2 energy : state  3     -387.7615637478
        w/o shift correction       -387.5931550969
        reference weight              0.7480453752


    * MS-CASPT2 Heff
           -388.0225275698        0.0434514906        0.0029639165       -0.0015593265
              0.0434514906     -387.8618674165        0.0148042025       -0.0015572270
              0.0029639165        0.0148042025     -387.8174919397        0.0004628374
             -0.0015593265       -0.0015572270        0.0004628374     -387.7615637478


    * MS-CASPT2 rotation matrix
             -0.9693498308        0.2303457784       -0.0849627059       -0.0091140890
              0.2456243163        0.9042464502       -0.3487748756       -0.0190561996
             -0.0035237706       -0.3589794577       -0.9333347743        0.0027442904
             -0.0041453449        0.0203206473       -0.0048604424        0.9997731060


    * XMS-CASPT2 rotation matrix
              0.9977637079        0.0664821649       -0.0067424874       -0.0014979393
             -0.0397095790        0.6710246110        0.7403702163       -0.0010312679
              0.0535698759       -0.7372396204        0.6709792871       -0.0582649707
              0.0045826784       -0.0422354740        0.0399158858        0.9982994971

    * MS-CASPT2 energy : state  0     -388.0335336711
    * MS-CASPT2 energy : state  1     -387.8567108367
    * MS-CASPT2 energy : state  2     -387.8116875853
    * MS-CASPT2 energy : state  3     -387.7615185807



    * METHOD: SMITH                               90.78


  
  ===============================================================

