--------------------------------------------------
JOB FRONT-END 484547 on wux54
SLURM ENVIRONMENT
--------------------------------------------------
SLURM_JOB_ID                   = 484547              
SLURM_ARRAY_JOB_ID             = N/A                 
SLURM_ARRAY_TASK_ID            = N/A                 
SLURM_JOB_NAME                 = bagel-chain         
SLURM_JOB_PARTITION            = wux5x               
SLURM_JOB_NUM_NODES            = 1                   
SLURM_JOB_CPUS_PER_NODE        = 20                  
SLURM_NTASKS                   = 20                  
SLURM_NTASKS_PER_NODE          = N/A                 
--------------------------------------------------
--------------------------------------------------
PBS ENVIRONMENT
--------------------------------------------------
PBS_JOBID                      = 484547              
PBS_ARRAYID                    = N/A                 
PBS_JOBNAME                    = bagel-chain         
PBS_QUEUE                      = wux5x               
PBS_NUM_NODES                  = 1                   
PBS_NUM_PPN                    = 1                   
PBS_NP                         = 20                  
PBS_NODEFILE                   = /tmp/484547/nodes   
--------------------------------------------------
  * process grid (5, 4) will be used
    wux54                           
    wux54                           
    wux54                           
    wux54                           
    wux54                           
    wux54                           
    wux54                           
    wux54                           
    wux54                           
    wux54                           
    wux54                           
    wux54                           
    wux54                           
    wux54                           
    wux54                           
    wux54                           
    wux54                           
    wux54                           
    wux54                           
    wux54                           

  * using 20 threads per process

  ===============================================================
    BAGEL - Freshly leavened quantum chemistry                   
  ===============================================================

  *** Geometry ***

  { "atom" : "C", "xyz" : [      4.541895,     -1.113850,      1.491792 ] },
  { "atom" : "C", "xyz" : [      4.179724,      1.568837,      1.738500 ] },
  { "atom" : "C", "xyz" : [      1.868868,      2.674684,      1.127909 ] },
  { "atom" : "N", "xyz" : [     -0.070445,      1.108752,      0.510077 ] },
  { "atom" : "B", "xyz" : [      0.029234,     -1.628228,      0.480262 ] },
  { "atom" : "C", "xyz" : [      2.575102,     -2.822613,      0.991862 ] },
  { "atom" : "C", "xyz" : [     -2.390441,     -1.864439,     -1.379348 ] },
  { "atom" : "C", "xyz" : [     -5.097053,     -1.095599,     -0.743585 ] },
  { "atom" : "C", "xyz" : [     -4.710070,      1.445489,     -0.928878 ] },
  { "atom" : "C", "xyz" : [     -1.958732,      1.124110,     -1.603126 ] },
  { "atom" : "H", "xyz" : [      6.491509,     -1.801666,      1.599605 ] },
  { "atom" : "H", "xyz" : [      5.773581,      2.776459,      2.239219 ] },
  { "atom" : "H", "xyz" : [      1.581057,      4.718537,      1.067363 ] },
  { "atom" : "H", "xyz" : [      3.062026,     -4.814535,      0.696353 ] },
  { "atom" : "H", "xyz" : [     -2.092846,     -3.073765,     -3.036637 ] },
  { "atom" : "H", "xyz" : [     -6.783710,     -2.220375,     -0.314348 ] },
  { "atom" : "H", "xyz" : [     -5.861686,      3.130601,     -0.592847 ] },
  { "atom" : "H", "xyz" : [     -1.138013,      1.887601,     -3.344173 ] },

  Number of auxiliary basis functions:      884

  Since a DF basis is specified, we compute 2- and 3-index integrals:
    o Being stored without compression. Storage requirement is 0.645 GB
       - 3-index ints prep                         0.00
       - 3-index ints                              0.15
       - 2-index ints                              0.02
       - computing inverse                         0.10
        elapsed time:        0.27 sec.


  Number of basis functions:      302
  Number of electrons      :       68


    * METHOD: MOLECULE                             0.30

       - 3-index ints prep                         0.00
       - 3-index ints                              0.12
       - 2-index ints                              0.01
       - computing inverse                         0.07

  Using the coefficient projected to the input geometry 


    * METHOD: LOAD_REF                             0.31

  ---------------------------
      CASSCF calculation     
  ---------------------------

    * nstate   :      2
    * nclosed  :     28
    * nact     :     12
    * nvirt    :    262
  === CASSCF iteration (/home/buehlerm/software/bagel/installation/share/aug-cc-pVDZ.json) ===

    * Using the second-order algorithm

      0  0      -386.75296731     1.39e-02     15.05
      0  1      -386.57978800     0.00e+00     15.05

         res : 9.55e-02   lamb: 1.00e+00   eps : -1.19e-01   step: 1.38e-01    0.06
         res : 3.29e-02   lamb: 1.00e+00   eps : -1.21e-01   step: 1.38e-01    0.06
         res : 8.85e-03   lamb: 1.00e+00   eps : -1.21e-01   step: 1.39e-01    0.06
         res : 2.72e-03   lamb: 1.00e+00   eps : -1.21e-01   step: 1.40e-01    0.06
         res : 7.34e-04   lamb: 1.00e+00   eps : -1.21e-01   step: 1.40e-01    0.06
         res : 2.41e-04   lamb: 1.00e+00   eps : -1.21e-01   step: 1.40e-01    0.06
         res : 7.54e-05   lamb: 1.00e+00   eps : -1.21e-01   step: 1.40e-01    0.06
         res : 2.17e-05   lamb: 1.00e+00   eps : -1.21e-01   step: 1.40e-01    0.06
         res : 7.71e-06   lamb: 1.00e+00   eps : -1.21e-01   step: 1.40e-01    0.06

      1  0      -386.81494831     2.37e-04     16.34
      1  1      -386.64149498     0.00e+00     16.34

         res : 1.26e-02   lamb: 1.00e+00   eps : -3.27e-04   step: 3.51e-02    0.06
         res : 4.09e-03   lamb: 1.00e+00   eps : -3.66e-04   step: 4.45e-02    0.06
         res : 1.53e-03   lamb: 1.00e+00   eps : -3.74e-04   step: 4.92e-02    0.06
         res : 9.19e-04   lamb: 1.00e+00   eps : -3.76e-04   step: 5.09e-02    0.06
         res : 5.05e-04   lamb: 1.00e+00   eps : -3.76e-04   step: 5.16e-02    0.06
         res : 2.70e-04   lamb: 1.00e+00   eps : -3.76e-04   step: 5.18e-02    0.06
         res : 1.37e-04   lamb: 1.00e+00   eps : -3.76e-04   step: 5.18e-02    0.06
         res : 7.69e-05   lamb: 1.00e+00   eps : -3.76e-04   step: 5.18e-02    0.06
         res : 4.56e-05   lamb: 1.00e+00   eps : -3.76e-04   step: 5.18e-02    0.06
         res : 2.43e-05   lamb: 1.00e+00   eps : -3.76e-04   step: 5.18e-02    0.06
         res : 1.11e-05   lamb: 1.00e+00   eps : -3.76e-04   step: 5.18e-02    0.06
         res : 4.16e-06   lamb: 1.00e+00   eps : -3.76e-04   step: 5.18e-02    0.07

      2  0      -386.81516724     5.39e-05     16.40
      2  1      -386.64167724     0.00e+00     16.40

         res : 1.93e-03   lamb: 1.00e+00   eps : -7.08e-06   step: 3.49e-03    0.06
         res : 5.86e-04   lamb: 1.00e+00   eps : -8.36e-06   step: 5.93e-03    0.06
         res : 2.63e-04   lamb: 1.00e+00   eps : -8.51e-06   step: 6.49e-03    0.06
         res : 9.81e-05   lamb: 1.00e+00   eps : -8.53e-06   step: 6.61e-03    0.06
         res : 4.80e-05   lamb: 1.00e+00   eps : -8.53e-06   step: 6.66e-03    0.06
         res : 2.33e-05   lamb: 1.00e+00   eps : -8.53e-06   step: 6.67e-03    0.06
         res : 1.43e-05   lamb: 1.00e+00   eps : -8.54e-06   step: 6.66e-03    0.06
         res : 8.87e-06   lamb: 1.00e+00   eps : -8.54e-06   step: 6.66e-03    0.06
         res : 4.56e-06   lamb: 1.00e+00   eps : -8.54e-06   step: 6.66e-03    0.06
         res : 2.25e-06   lamb: 1.00e+00   eps : -8.54e-06   step: 6.66e-03    0.06
         res : 1.02e-06   lamb: 1.00e+00   eps : -8.54e-06   step: 6.66e-03    0.06
         res : 4.72e-07   lamb: 1.00e+00   eps : -8.54e-06   step: 6.66e-03    0.06

      3  0      -386.81520272     2.23e-05     16.59
      3  1      -386.64165414     0.00e+00     16.59

         res : 9.78e-04   lamb: 1.00e+00   eps : -1.60e-06   step: 1.96e-03    0.06
         res : 2.56e-04   lamb: 1.00e+00   eps : -1.92e-06   step: 3.21e-03    0.06
         res : 1.17e-04   lamb: 1.00e+00   eps : -1.95e-06   step: 3.41e-03    0.06
         res : 4.08e-05   lamb: 1.00e+00   eps : -1.96e-06   step: 3.45e-03    0.06
         res : 1.81e-05   lamb: 1.00e+00   eps : -1.96e-06   step: 3.47e-03    0.06
         res : 7.51e-06   lamb: 1.00e+00   eps : -1.96e-06   step: 3.47e-03    0.06
         res : 3.31e-06   lamb: 1.00e+00   eps : -1.96e-06   step: 3.47e-03    0.06
         res : 1.78e-06   lamb: 1.00e+00   eps : -1.96e-06   step: 3.47e-03    0.06
         res : 1.07e-06   lamb: 1.00e+00   eps : -1.96e-06   step: 3.47e-03    0.06
         res : 6.34e-07   lamb: 1.00e+00   eps : -1.96e-06   step: 3.47e-03    0.06
         res : 3.34e-07   lamb: 1.00e+00   eps : -1.96e-06   step: 3.47e-03    0.06

      4  0      -386.81522466     1.09e-05     16.35
      4  1      -386.64163520     0.00e+00     16.35

         res : 5.63e-04   lamb: 1.00e+00   eps : -4.76e-07   step: 1.18e-03    0.06
         res : 1.33e-04   lamb: 1.00e+00   eps : -5.71e-07   step: 1.86e-03    0.06
         res : 6.12e-05   lamb: 1.00e+00   eps : -5.80e-07   step: 1.96e-03    0.06
         res : 2.13e-05   lamb: 1.00e+00   eps : -5.81e-07   step: 1.97e-03    0.06
         res : 8.84e-06   lamb: 1.00e+00   eps : -5.82e-07   step: 1.98e-03    0.06
         res : 3.77e-06   lamb: 1.00e+00   eps : -5.82e-07   step: 1.98e-03    0.06
         res : 1.46e-06   lamb: 1.00e+00   eps : -5.82e-07   step: 1.98e-03    0.06
         res : 6.08e-07   lamb: 1.00e+00   eps : -5.82e-07   step: 1.98e-03    0.06
         res : 2.62e-07   lamb: 1.00e+00   eps : -5.82e-07   step: 1.98e-03    0.06
         res : 1.13e-07   lamb: 1.00e+00   eps : -5.82e-07   step: 1.98e-03    0.06

      5  0      -386.81523757     5.80e-06     16.32
      5  1      -386.64162321     0.00e+00     16.32

         res : 3.24e-04   lamb: 1.00e+00   eps : -1.51e-07   step: 6.98e-04    0.07
         res : 7.35e-05   lamb: 1.00e+00   eps : -1.80e-07   step: 1.07e-03    0.06
         res : 3.36e-05   lamb: 1.00e+00   eps : -1.83e-07   step: 1.12e-03    0.07
         res : 1.18e-05   lamb: 1.00e+00   eps : -1.84e-07   step: 1.13e-03    0.06
         res : 4.76e-06   lamb: 1.00e+00   eps : -1.84e-07   step: 1.13e-03    0.06
         res : 2.09e-06   lamb: 1.00e+00   eps : -1.84e-07   step: 1.13e-03    0.07
         res : 8.08e-07   lamb: 1.00e+00   eps : -1.84e-07   step: 1.13e-03    0.07
         res : 3.43e-07   lamb: 1.00e+00   eps : -1.84e-07   step: 1.13e-03    0.07
         res : 1.60e-07   lamb: 1.00e+00   eps : -1.84e-07   step: 1.13e-03    0.07
         res : 8.35e-08   lamb: 1.00e+00   eps : -1.84e-07   step: 1.13e-03    0.07

      6  0      -386.81524498     3.20e-06     16.53
      6  1      -386.64161608     0.00e+00     16.53

         res : 1.85e-04   lamb: 1.00e+00   eps : -4.86e-08   step: 4.04e-04    0.06
         res : 4.16e-05   lamb: 1.00e+00   eps : -5.80e-08   step: 6.10e-04    0.06
         res : 1.88e-05   lamb: 1.00e+00   eps : -5.90e-08   step: 6.40e-04    0.06
         res : 6.66e-06   lamb: 1.00e+00   eps : -5.91e-08   step: 6.45e-04    0.06
         res : 2.66e-06   lamb: 1.00e+00   eps : -5.91e-08   step: 6.47e-04    0.06
         res : 1.18e-06   lamb: 1.00e+00   eps : -5.91e-08   step: 6.47e-04    0.06
         res : 4.58e-07   lamb: 1.00e+00   eps : -5.91e-08   step: 6.47e-04    0.06
         res : 1.97e-07   lamb: 1.00e+00   eps : -5.91e-08   step: 6.47e-04    0.06
         res : 9.54e-08   lamb: 1.00e+00   eps : -5.91e-08   step: 6.47e-04    0.06
         res : 5.35e-08   lamb: 1.00e+00   eps : -5.91e-08   step: 6.47e-04    0.06

      7  0      -386.81524920     1.80e-06     16.29
      7  1      -386.64161196     0.00e+00     16.29

         res : 1.05e-04   lamb: 1.00e+00   eps : -1.57e-08   step: 2.32e-04    0.06
         res : 2.37e-05   lamb: 1.00e+00   eps : -1.88e-08   step: 3.48e-04    0.06
         res : 1.06e-05   lamb: 1.00e+00   eps : -1.91e-08   step: 3.65e-04    0.06
         res : 3.78e-06   lamb: 1.00e+00   eps : -1.91e-08   step: 3.68e-04    0.06
         res : 1.51e-06   lamb: 1.00e+00   eps : -1.91e-08   step: 3.69e-04    0.06
         res : 6.68e-07   lamb: 1.00e+00   eps : -1.91e-08   step: 3.69e-04    0.06
         res : 2.60e-07   lamb: 1.00e+00   eps : -1.91e-08   step: 3.69e-04    0.06
         res : 1.12e-07   lamb: 1.00e+00   eps : -1.91e-08   step: 3.69e-04    0.06
         res : 5.42e-08   lamb: 1.00e+00   eps : -1.91e-08   step: 3.69e-04    0.06
         res : 3.06e-08   lamb: 1.00e+00   eps : -1.91e-08   step: 3.69e-04    0.06

      8  0      -386.81525160     1.02e-06     16.31
      8  1      -386.64160959     0.00e+00     16.31

         res : 6.00e-05   lamb: 1.00e+00   eps : -5.09e-09   step: 1.33e-04    0.06
         res : 1.35e-05   lamb: 1.00e+00   eps : -6.07e-09   step: 1.98e-04    0.06
         res : 6.04e-06   lamb: 1.00e+00   eps : -6.17e-09   step: 2.08e-04    0.06
         res : 2.15e-06   lamb: 1.00e+00   eps : -6.18e-09   step: 2.09e-04    0.06
         res : 8.57e-07   lamb: 1.00e+00   eps : -6.18e-09   step: 2.10e-04    0.06
         res : 3.80e-07   lamb: 1.00e+00   eps : -6.18e-09   step: 2.10e-04    0.06
         res : 1.48e-07   lamb: 1.00e+00   eps : -6.18e-09   step: 2.10e-04    0.06
         res : 6.34e-08   lamb: 1.00e+00   eps : -6.18e-09   step: 2.10e-04    0.06
         res : 3.05e-08   lamb: 1.00e+00   eps : -6.18e-09   step: 2.10e-04    0.06
         res : 1.71e-08   lamb: 1.00e+00   eps : -6.18e-09   step: 2.10e-04    0.06

      9  0      -386.81525296     5.77e-07     16.27
      9  1      -386.64160823     0.00e+00     16.27

         res : 3.42e-05   lamb: 1.00e+00   eps : -1.65e-09   step: 7.56e-05    0.06
         res : 7.69e-06   lamb: 1.00e+00   eps : -1.97e-09   step: 1.13e-04    0.06
         res : 3.43e-06   lamb: 1.00e+00   eps : -2.00e-09   step: 1.18e-04    0.06
         res : 1.22e-06   lamb: 1.00e+00   eps : -2.00e-09   step: 1.19e-04    0.06
         res : 4.88e-07   lamb: 1.00e+00   eps : -2.00e-09   step: 1.20e-04    0.06
         res : 2.16e-07   lamb: 1.00e+00   eps : -2.00e-09   step: 1.20e-04    0.06
         res : 8.44e-08   lamb: 1.00e+00   eps : -2.00e-09   step: 1.20e-04    0.06
         res : 3.60e-08   lamb: 1.00e+00   eps : -2.00e-09   step: 1.20e-04    0.06
         res : 1.72e-08   lamb: 1.00e+00   eps : -2.00e-09   step: 1.20e-04    0.06
         res : 9.58e-09   lamb: 1.00e+00   eps : -2.00e-09   step: 1.20e-04    0.06

     10  0      -386.81525374     3.28e-07     16.38
     10  1      -386.64160746     0.00e+00     16.38

         res : 1.94e-05   lamb: 1.00e+00   eps : -5.35e-10   step: 4.30e-05    0.06
         res : 4.38e-06   lamb: 1.00e+00   eps : -6.37e-10   step: 6.42e-05    0.06
         res : 1.95e-06   lamb: 1.00e+00   eps : -6.48e-10   step: 6.73e-05    0.06
         res : 6.95e-07   lamb: 1.00e+00   eps : -6.49e-10   step: 6.78e-05    0.06
         res : 2.78e-07   lamb: 1.00e+00   eps : -6.49e-10   step: 6.81e-05    0.06
         res : 1.23e-07   lamb: 1.00e+00   eps : -6.49e-10   step: 6.81e-05    0.06
         res : 4.81e-08   lamb: 1.00e+00   eps : -6.49e-10   step: 6.81e-05    0.06
         res : 2.05e-08   lamb: 1.00e+00   eps : -6.49e-10   step: 6.81e-05    0.06
         res : 9.76e-09   lamb: 1.00e+00   eps : -6.49e-10   step: 6.81e-05    0.06
         res : 5.38e-09   lamb: 1.00e+00   eps : -6.49e-10   step: 6.81e-05    0.06

     11  0      -386.81525418     1.87e-07     16.22
     11  1      -386.64160702     0.00e+00     16.22

         res : 1.11e-05   lamb: 1.00e+00   eps : -1.73e-10   step: 2.45e-05    0.06
         res : 2.49e-06   lamb: 1.00e+00   eps : -2.06e-10   step: 3.65e-05    0.06
         res : 1.11e-06   lamb: 1.00e+00   eps : -2.10e-10   step: 3.83e-05    0.06
         res : 3.96e-07   lamb: 1.00e+00   eps : -2.10e-10   step: 3.86e-05    0.06
         res : 1.58e-07   lamb: 1.00e+00   eps : -2.10e-10   step: 3.87e-05    0.06
         res : 7.01e-08   lamb: 1.00e+00   eps : -2.10e-10   step: 3.88e-05    0.06
         res : 2.74e-08   lamb: 1.00e+00   eps : -2.10e-10   step: 3.87e-05    0.06
         res : 1.17e-08   lamb: 1.00e+00   eps : -2.10e-10   step: 3.87e-05    0.06
         res : 5.54e-09   lamb: 1.00e+00   eps : -2.10e-10   step: 3.87e-05    0.06
         res : 3.05e-09   lamb: 1.00e+00   eps : -2.10e-10   step: 3.87e-05    0.06

     12  0      -386.81525443     1.06e-07     16.19
     12  1      -386.64160677     0.00e+00     16.19

         res : 6.30e-06   lamb: 1.00e+00   eps : -5.62e-11   step: 1.40e-05    0.06
         res : 1.42e-06   lamb: 1.00e+00   eps : -6.69e-11   step: 2.08e-05    0.06
         res : 6.33e-07   lamb: 1.00e+00   eps : -6.80e-11   step: 2.18e-05    0.06
         res : 2.25e-07   lamb: 1.00e+00   eps : -6.81e-11   step: 2.20e-05    0.06
         res : 9.00e-08   lamb: 1.00e+00   eps : -6.82e-11   step: 2.21e-05    0.06
         res : 3.99e-08   lamb: 1.00e+00   eps : -6.82e-11   step: 2.21e-05    0.06
         res : 1.56e-08   lamb: 1.00e+00   eps : -6.82e-11   step: 2.21e-05    0.06
         res : 6.63e-09   lamb: 1.00e+00   eps : -6.82e-11   step: 2.21e-05    0.06
         res : 3.15e-09   lamb: 1.00e+00   eps : -6.82e-11   step: 2.21e-05    0.06

     13  0      -386.81525457     6.05e-08     16.35
     13  1      -386.64160663     0.00e+00     16.35

         res : 3.59e-06   lamb: 1.00e+00   eps : -1.82e-11   step: 7.94e-06    0.06
         res : 8.08e-07   lamb: 1.00e+00   eps : -2.17e-11   step: 1.18e-05    0.06
         res : 3.60e-07   lamb: 1.00e+00   eps : -2.20e-11   step: 1.24e-05    0.06
         res : 1.28e-07   lamb: 1.00e+00   eps : -2.21e-11   step: 1.25e-05    0.06
         res : 5.13e-08   lamb: 1.00e+00   eps : -2.21e-11   step: 1.26e-05    0.06
         res : 2.27e-08   lamb: 1.00e+00   eps : -2.21e-11   step: 1.26e-05    0.06
         res : 8.91e-09   lamb: 1.00e+00   eps : -2.21e-11   step: 1.26e-05    0.06
         res : 3.80e-09   lamb: 1.00e+00   eps : -2.21e-11   step: 1.26e-05    0.06

     14  0      -386.81525465     3.45e-08     16.14
     14  1      -386.64160654     0.00e+00     16.14

         res : 2.04e-06   lamb: 1.00e+00   eps : -5.90e-12   step: 4.52e-06    0.06
         res : 4.60e-07   lamb: 1.00e+00   eps : -7.03e-12   step: 6.74e-06    0.06
         res : 2.05e-07   lamb: 1.00e+00   eps : -7.14e-12   step: 7.07e-06    0.06
         res : 7.30e-08   lamb: 1.00e+00   eps : -7.16e-12   step: 7.12e-06    0.06
         res : 2.92e-08   lamb: 1.00e+00   eps : -7.16e-12   step: 7.15e-06    0.06
         res : 1.30e-08   lamb: 1.00e+00   eps : -7.16e-12   step: 7.15e-06    0.06
         res : 5.09e-09   lamb: 1.00e+00   eps : -7.16e-12   step: 7.15e-06    0.06
         res : 2.18e-09   lamb: 1.00e+00   eps : -7.16e-12   step: 7.15e-06    0.06

     15  0      -386.81525470     1.96e-08     16.13
     15  1      -386.64160650     0.00e+00     16.13

         res : 1.16e-06   lamb: 1.00e+00   eps : -1.91e-12   step: 2.57e-06    0.06
         res : 2.62e-07   lamb: 1.00e+00   eps : -2.28e-12   step: 3.84e-06    0.06
         res : 1.17e-07   lamb: 1.00e+00   eps : -2.31e-12   step: 4.02e-06    0.06
         res : 4.16e-08   lamb: 1.00e+00   eps : -2.32e-12   step: 4.06e-06    0.06
         res : 1.66e-08   lamb: 1.00e+00   eps : -2.32e-12   step: 4.07e-06    0.06
         res : 7.39e-09   lamb: 1.00e+00   eps : -2.32e-12   step: 4.07e-06    0.06
         res : 2.90e-09   lamb: 1.00e+00   eps : -2.32e-12   step: 4.07e-06    0.06

     16  0      -386.81525473     1.12e-08     16.17
     16  1      -386.64160647     0.00e+00     16.17

         res : 6.61e-07   lamb: 1.00e+00   eps : -6.20e-13   step: 1.47e-06    0.07
         res : 1.49e-07   lamb: 1.00e+00   eps : -7.38e-13   step: 2.18e-06    0.06
         res : 6.64e-08   lamb: 1.00e+00   eps : -7.50e-13   step: 2.29e-06    0.06
         res : 2.37e-08   lamb: 1.00e+00   eps : -7.51e-13   step: 2.31e-06    0.06
         res : 9.51e-09   lamb: 1.00e+00   eps : -7.52e-13   step: 2.32e-06    0.06
         res : 4.23e-09   lamb: 1.00e+00   eps : -7.52e-13   step: 2.32e-06    0.06

     17  0      -386.81525474     6.36e-09     16.35
     17  1      -386.64160646     0.00e+00     16.35

    * Second-order optimization converged. *   

    * Integral transformation done. Elapsed time: 0.08

       - jop, kop                                  0.00
       - denom                                     0.02
     guess   0:   closed 111111......         open ............        
     guess   1:   closed 11111.......         open .....11.....        

  === FCI iteration ===

      0  0      -386.68311071     3.83e-04      0.61
      0  1      -386.45739765     4.05e-04      0.00

      1  0      -386.79334534     1.81e-04      0.61
      1  1      -386.58838352     2.42e-04      0.00

      2  0      -386.81153208     7.97e-05      0.62
      2  1      -386.62771019     1.30e-04      0.00

      3  0      -386.81463908     3.37e-05      0.62
      3  1      -386.63771223     6.80e-05      0.00

      4  0      -386.81515945     1.36e-05      0.62
      4  1      -386.64042087     3.80e-05      0.00

      5  0      -386.81523991     5.53e-06      0.62
      5  1      -386.64124484     2.08e-05      0.00

      6  0      -386.81525235     2.21e-06      0.62
      6  1      -386.64147831     1.13e-05      0.00

      7  0      -386.81525432     8.90e-07      0.62
      7  1      -386.64154863     6.55e-06      0.00

      8  0      -386.81525467     3.88e-07      0.63
      8  1      -386.64158027     4.97e-06      0.00

      9  0      -386.81525473     1.62e-07      0.63
      9  1      -386.64159821     3.52e-06      0.00

     10  0      -386.81525474     6.27e-08      0.62
     10  1      -386.64160460     1.80e-06      0.00

     11  0      -386.81525474     2.21e-08      0.62
     11  1      -386.64160606     7.90e-07      0.00

     12  0      -386.81525474     8.03e-09      0.62
     12  1      -386.64160636     3.71e-07      0.00

     13  0      -386.81525474     3.17e-09      0.63
     13  1      -386.64160643     1.97e-07      0.00

     14  0      -386.81525474     1.32e-09      0.63
     14  1      -386.64160645     1.00e-07      0.00

     15  0      -386.81525474     5.18e-10      0.63
     15  1      -386.64160645     4.98e-08      0.00

     16  0      -386.81525474     2.01e-10      0.63
     16  1      -386.64160646     2.69e-08      0.00

     17  0 *    -386.81525474     8.01e-11      0.54
     17  1      -386.64160646     1.56e-08      0.00

     18  0 *    -386.81525474     7.61e-11      0.33
     18  1      -386.64160646     8.59e-09      0.00

     19  0 *    -386.81525474     7.57e-11      0.33
     19  1      -386.64160646     4.39e-09      0.00

     20  0 *    -386.81525474     7.56e-11      0.34
     20  1      -386.64160646     2.06e-09      0.00

     21  0 *    -386.81525474     7.56e-11      0.34
     21  1      -386.64160646     9.11e-10      0.00
    ** throwing out 1 trial vectors **

     22  0 *    -386.81525474     7.56e-11      0.34
     22  1      -386.64160646     3.94e-10      0.00
    ** throwing out 1 trial vectors **

     23  0 *    -386.81525474     7.55e-11      0.34
     23  1      -386.64160646     1.71e-10      0.00
    ** throwing out 1 trial vectors **

     24  0 *    -386.81525474     7.55e-11      0.24
     24  1 *    -386.64160646     7.63e-11      0.00

     * ci vector   0, <S^2> = 0.0000, E =     -386.81525474
       222222......     0.9062661020
       222.22..2...    -0.1896565222
       2222.22.....    -0.1235413477
       22222..2....    -0.1135363824
       2.2222....2.    -0.0838371575
       22222ba.....    -0.0767294829
       22222ab.....    -0.0767294829
       2222bbaa....    -0.0675684497
       2222aabb....    -0.0675684497
       2222abab....    -0.0641232684
       2222baba....    -0.0641232684
       22222.2.....    -0.0621758951
       .22222.....2    -0.0619665042

     * ci vector   1, <S^2> = -0.0000, E =     -386.64160646
       22222ab.....     0.5703146797
       22222ba.....     0.5703146797
       2222b2.a....    -0.2234850773
       2222a2.b....    -0.2234850773
       222.2ab.2...    -0.1189625196
       222.2ba.2...    -0.1189625196
       222222......     0.1180768880
       22a2b22.....    -0.0926167242
       22b2a22.....    -0.0926167242
       22222..a.b..    -0.0807256113
       22222..b.a..    -0.0807256113
       2222abb..a..     0.0674379398
       2222baa..b..     0.0674379398
       2222ab2.....    -0.0633506479
       2222ba2.....    -0.0633506479
       22a2b2ba....     0.0600333339
       22b2a2ab....     0.0600333339
       22a22b2.....     0.0579366469
       22b22a2.....     0.0579366469
       22b22aab....     0.0547883382
       22a22bba....     0.0547883382
       2222.2b..a..    -0.0539351894
       2222.2a..b..    -0.0539351894
       22b22a.2....    -0.0531194354
       22a22b.2....    -0.0531194354
       2.222ab...2.    -0.0523935003
       2.222ba...2.    -0.0523935003
       22222.a..b..     0.0510493761
       22222.b..a..     0.0510493761

    * METHOD: CASSCF                             307.71


    * METHOD: PRINT                                0.07


    * METHOD: SAVE_REF                             0.17

  === SMITH program ===

    * freezing 10 orbitals
    * SS-SR internal contraction is used

    * Approximate memory requirement for SMITH calculation per MPI process:
      o Storage requirement for T-amplitude, lambda, and residual is 0.43 GB
      o Storage requirement for MO integrals is 0.03 GB
       - MO integral evaluation                    0.73

  ++ State-averaged Fock matrix over basis states ++

                         0                   1
     0       -4.8649551273       -0.0215953347
     1       -0.0215953347       -4.5003272381


  ++ Extended multi-state CASPT2 (XMS-CASPT2) rotation matrix ++

                         0                   1
     0       -0.9982628932        0.0589168569
     1       -0.0589168569       -0.9982628932


     * ci vector, state   0, <S^2> = 0.0000
       222222......    -0.9116485401
       222.22..2...     0.1907036831
       2222.22.....     0.1244733687
       22222..2....     0.1144521888
       2.2222....2.     0.0843612012
       2222bbaa....     0.0684213109
       2222aabb....     0.0684213109
       2222baba....     0.0666366111
       2222abab....     0.0666366111
       22222.2.....     0.0631634703
       .22222.....2     0.0623056234

     * ci vector, state   1, <S^2> = 0.0000
       22222ab.....    -0.5738446422
       22222ba.....    -0.5738446422
       2222b2.a....     0.2257084441
       2222a2.b....     0.2257084441
       222.2ab.2...     0.1197229409
       222.2ba.2...     0.1197229409
       22a2b22.....     0.0926946564
       22b2a22.....     0.0926946564
       22222..a.b..     0.0810457879
       22222..b.a..     0.0810457879
       2222abb..a..    -0.0689549319
       2222baa..b..    -0.0689549319
       2222ab2.....     0.0644899355
       2222ba2.....     0.0644899355
       222222......    -0.0644774256
       22a2b2ba....    -0.0590462314
       22b2a2ab....    -0.0590462314
       22a22b2.....    -0.0584779026
       22b22a2.....    -0.0584779026
       22b22aab....    -0.0557764402
       22a22bba....    -0.0557764402
       2222.2b..a..     0.0557453759
       2222.2a..b..     0.0557453759
       22b22a.2....     0.0552759820
       22a22b.2....     0.0552759820
       2.222ab...2.     0.0527107815
       2.222ba...2.     0.0527107815
       22222.a..b..    -0.0512659463
       22222.b..a..    -0.0512659463

  ++ Reference energies in XMS basis ++

                         0                   1
     0     -386.8146519745        0.0102130392
     1        0.0102130392     -386.6422092236

    * Calculating and saving rdm4f

    * Third and Fock-weighted fourth order RDM ( 1, 1) evaluation
      will be done with 40 passes
       - RDM evaluation (multipassing)            35.69
    * Third and Fock-weighted fourth order RDM ( 2, 1) evaluation
      will be done with 40 passes
       - RDM evaluation (multipassing)            59.08
    * Third and Fock-weighted fourth order RDM ( 1, 2) evaluation
      will be done with 40 passes
       - RDM evaluation (multipassing)            58.57
    * Third and Fock-weighted fourth order RDM ( 2, 2) evaluation
      will be done with 40 passes
       - RDM evaluation (multipassing)            35.78
    - linear dependency detected:    1 /  288    min eigenvalue:    -2.1123e-13    max eigenvalue:    -2.1123e-13
    - linear dependency detected:    1 /  288    min eigenvalue:    -1.2935e-13    max eigenvalue:    -1.2935e-13
    - linear dependency detected:   12 / 1728    min eigenvalue:    -5.8003e-13    max eigenvalue:     8.1523e-15
    - linear dependency detected:   12 / 1728    min eigenvalue:    -2.5004e-13    max eigenvalue:     7.2476e-14
    - linear dependency detected:   12 / 1728    min eigenvalue:    -2.8211e-15    max eigenvalue:     1.3940e-15
    - linear dependency detected:   12 / 1728    min eigenvalue:    -5.2940e-15    max eigenvalue:     7.0288e-15
       - RDM + denominator evaluation            224.21

    * Zeroth order energy : state  0       -4.8662296706
    * Zeroth order energy : state  1       -4.4990526948

    * CASPT2 iteration is performed using redundant basis

      ---- iteration ----

        0    -1.04222358     0.00249920      5.86
        1    -1.04513712     0.00033632      6.08
        2    -1.04519299     0.00004698      6.03
        3    -1.04519431     0.00000831      5.98
        4    -1.04519436     0.00000135      6.05
        5    -1.04519436     0.00000027      6.35

        0    -1.05211617     0.00245571      6.66
        1    -1.05514278     0.00033474      6.02
        2    -1.05520349     0.00004723      5.96
        3    -1.05520495     0.00000844      6.10
        4    -1.05520499     0.00000137      6.50
        5    -1.05520500     0.00000027      6.01

      -------------------

       - CASPT2 energy evaluation                 75.27

    * CASPT2 energy : state  0     -388.0142685111
        w/o shift correction       -387.8598463312
        reference weight              0.7640327839

    * CASPT2 energy : state  1     -387.8589439279
        w/o shift correction       -387.6974142187
        reference weight              0.7558239532


    * MS-CASPT2 Heff
           -388.0142685111        0.0069651879
              0.0069651879     -387.8589439279


    * MS-CASPT2 rotation matrix
             -0.9990000872       -0.0447082298
              0.0447082298       -0.9990000872


    * XMS-CASPT2 rotation matrix
              0.9998987857       -0.0142273784
              0.0142273784        0.9998987857

    * MS-CASPT2 energy : state  0     -388.0145802240
    * MS-CASPT2 energy : state  1     -387.8586322150



    * METHOD: SMITH                              309.76


  
  ===============================================================

