    * Using parallel algorithm in FCI.
    * Parallel algorithm will be used.
  ---------------------------
        FCI calculation      
  ---------------------------

 Constructing space of all determinants that can formed by removing 1 electron from 6 alpha and 6 beta electrons.

 Space is made up of 4 determinants.
  o forming links
    * Integral transformation done. Elapsed time: 0.09

       - jop, kop                                  0.00
       - denom                                     0.02
     guess   0:   closed 111111......         open ............        
     guess   1:   closed 11111.......         open .....11.....        

  === FCI iteration ===

      0  0      -386.30793891     3.65e-04      0.60
      0  1      -386.23209318     3.90e-04      0.00

      1  0      -386.41880771     1.91e-04      0.60
      1  1      -386.35665333     2.15e-04      0.00

      2  0      -386.44400043     1.01e-04      0.60
      2  1      -386.38909938     1.19e-04      0.00

      3  0      -386.44993567     4.94e-05      0.60
      3  1      -386.39752376     6.40e-05      0.00

      4  0      -386.45119363     2.39e-05      0.64
      4  1      -386.39971266     3.25e-05      0.00

      5  0      -386.45148293     1.22e-05      0.64
      5  1      -386.40028376     1.79e-05      0.00

      6  0      -386.45155340     6.50e-06      0.64
      6  1      -386.40045052     9.73e-06      0.00

      7  0      -386.45157345     3.59e-06      0.64
      7  1      -386.40049805     5.18e-06      0.00

      8  0      -386.45158002     2.18e-06      0.64
      8  1      -386.40051042     2.81e-06      0.00

      9  0      -386.45158261     1.35e-06      0.64
      9  1      -386.40051439     1.67e-06      0.00

     10  0      -386.45158352     7.60e-07      0.65
     10  1      -386.40051589     1.05e-06      0.00

     11  0      -386.45158378     3.87e-07      0.64
     11  1      -386.40051647     6.12e-07      0.00

     12  0      -386.45158385     1.99e-07      0.65
     12  1      -386.40051665     3.47e-07      0.00

     13  0      -386.45158387     1.09e-07      0.64
     13  1      -386.40051671     2.02e-07      0.00

     14  0      -386.45158388     5.85e-08      0.63
     14  1      -386.40051674     1.22e-07      0.00

     15  0      -386.45158388     2.85e-08      0.63
     15  1      -386.40051674     7.15e-08      0.00

     16  0      -386.45158388     1.36e-08      0.64
     16  1      -386.40051675     4.40e-08      0.00

     17  0      -386.45158388     6.60e-09      0.63
     17  1      -386.40051675     2.93e-08      0.00

     18  0      -386.45158388     3.30e-09      0.63
     18  1      -386.40051675     1.94e-08      0.00

     19  0      -386.45158388     1.62e-09      0.63
     19  1      -386.40051675     1.16e-08      0.00
    ** throwing out 2 trial vectors **

     20  0      -386.45158388     7.79e-10      0.64
     20  1      -386.40051675     6.51e-09      0.00
    ** throwing out 2 trial vectors **

     21  0      -386.45158388     3.81e-10      0.65
     21  1      -386.40051675     3.71e-09      0.00
    ** throwing out 2 trial vectors **

     22  0      -386.45158388     2.00e-10      0.65
     22  1      -386.40051675     2.29e-09      0.00
    ** throwing out 2 trial vectors **

     23  0      -386.45158388     1.04e-10      0.64
     23  1      -386.40051675     1.33e-09      0.00
    ** throwing out 2 trial vectors **

     24  0 *    -386.45158388     5.18e-11      0.54
     24  1      -386.40051675     7.25e-10      0.00
    ** throwing out 1 trial vectors **

     25  0 *    -386.45158388     4.72e-11      0.34
     25  1      -386.40051675     3.86e-10      0.00
    ** throwing out 1 trial vectors **

     26  0 *    -386.45158388     4.65e-11      0.34
     26  1      -386.40051675     2.05e-10      0.00
    ** throwing out 1 trial vectors **

     27  0 *    -386.45158388     4.64e-11      0.34
     27  1      -386.40051675     1.05e-10      0.00
    ** throwing out 1 trial vectors **

     28  0 *    -386.45158388     4.64e-11      0.24
     28  1 *    -386.40051675     5.39e-11      0.00

     * ci vector   0, <S^2> = -0.0000, E =     -386.45158388
       222222......     0.7520373373
       22222ba.....     0.3216877066
       22222ab.....     0.3216877066
       22222.2.....    -0.1049873123
       2222.22.....    -0.0724456245
       222.22.2....    -0.0658580408
       2222ab2.....    -0.0629526267
       2222ba2.....    -0.0629526267
       22222.ab....     0.0623082272
       22222.ba....     0.0623082272
       2222bbaa....     0.0600201639
       2222aabb....     0.0600201639
       22b22aa.b...    -0.0554145273
       22a22bb.a...    -0.0554145273
       22222..2....    -0.0552257205
       .22222.....2    -0.0520908582

     * ci vector   1, <S^2> = -0.0000, E =     -386.40051675
       22222ba.....     0.5095678074
       22222ab.....     0.5095678074
       222222......    -0.4588845102
       22222.2.....    -0.1416242636
       2222b2.a....     0.0719061153
       2222a2.b....     0.0719061153
       2222.22.....     0.0711159971
       22222..2....     0.0576902352
       22222.ab....     0.0573892679
       22222.ba....     0.0573892679
       22b22aa.b...    -0.0556304093
       22a22bb.a...    -0.0556304093
       22222a.b....     0.0518821282
       22222b.a....     0.0518821282
       - FCI and RDMs                             18.59
    * Integral transformation done. Elapsed time: 0.08

       - jop, kop                                  0.00
       - denom                                     0.02
     guess   0:   closed 11111.......         open .....11.....        
     guess   1:   closed 111111......         open ............        

  === FCI iteration ===

      0  0      -386.65846452     3.63e-04      0.60
      0  1      -386.59144088     3.87e-04      0.00

      1  0      -386.76758171     1.85e-04      0.61
      1  1      -386.70914440     2.07e-04      0.00

      2  0      -386.79047935     9.60e-05      0.61
      2  1      -386.73803379     1.11e-04      0.00

      3  0      -386.79583339     4.73e-05      0.61
      3  1      -386.74516353     5.76e-05      0.00

      4  0      -386.79699507     2.30e-05      0.62
      4  1      -386.74689364     2.88e-05      0.00

      5  0      -386.79725849     1.12e-05      0.62
      5  1      -386.74734795     1.59e-05      0.00

      6  0      -386.79731660     5.55e-06      0.62
      6  1      -386.74748662     9.17e-06      0.00

      7  0      -386.79733029     2.73e-06      0.62
      7  1      -386.74753354     5.34e-06      0.00

      8  0      -386.79733380     1.49e-06      0.62
      8  1      -386.74755111     3.61e-06      0.00

      9  0      -386.79733495     8.66e-07      0.62
      9  1      -386.74755969     2.67e-06      0.00

     10  0      -386.79733532     4.86e-07      0.62
     10  1      -386.74756358     1.74e-06      0.00

     11  0      -386.79733543     2.45e-07      0.63
     11  1      -386.74756507     9.95e-07      0.00

     12  0      -386.79733546     1.23e-07      0.62
     12  1      -386.74756555     5.61e-07      0.00

     13  0      -386.79733547     6.48e-08      0.63
     13  1      -386.74756570     3.09e-07      0.00

     14  0      -386.79733547     3.66e-08      0.63
     14  1      -386.74756575     1.68e-07      0.00

     15  0      -386.79733547     2.05e-08      0.63
     15  1      -386.74756576     9.25e-08      0.00

     16  0      -386.79733547     1.12e-08      0.63
     16  1      -386.74756576     5.15e-08      0.00

     17  0      -386.79733547     5.91e-09      0.63
     17  1      -386.74756577     2.96e-08      0.00

     18  0      -386.79733547     3.05e-09      0.63
     18  1      -386.74756577     1.62e-08      0.00

     19  0      -386.79733547     1.49e-09      0.64
     19  1      -386.74756577     8.26e-09      0.00
    ** throwing out 2 trial vectors **

     20  0      -386.79733547     7.42e-10      0.64
     20  1      -386.74756577     4.28e-09      0.00
    ** throwing out 2 trial vectors **

     21  0      -386.79733547     3.82e-10      0.64
     21  1      -386.74756577     2.32e-09      0.00
    ** throwing out 2 trial vectors **

     22  0      -386.79733547     2.02e-10      0.65
     22  1      -386.74756577     1.34e-09      0.00
    ** throwing out 2 trial vectors **

     23  0 *    -386.79733547     9.86e-11      0.54
     23  1      -386.74756577     7.24e-10      0.00
    ** throwing out 1 trial vectors **

     24  0 *    -386.79733547     6.35e-11      0.34
     24  1      -386.74756577     3.76e-10      0.00
    ** throwing out 1 trial vectors **

     25  0 *    -386.79733547     5.22e-11      0.34
     25  1      -386.74756577     1.97e-10      0.00
    ** throwing out 1 trial vectors **

     26  0 *    -386.79733547     5.10e-11      0.34
     26  1      -386.74756577     1.03e-10      0.00
    ** throwing out 1 trial vectors **

     27  0 *    -386.79733547     5.04e-11      0.24
     27  1 *    -386.74756577     5.73e-11      0.00

     * ci vector   0, <S^2> = -0.0000, E =     -386.79733547
       222222......    -0.6638867156
       22222ba.....     0.4185475905
       22222ab.....     0.4185475905
       2222.2.2....     0.0650485010
       22b22aa.b...    -0.0641444526
       22a22bb.a...    -0.0641444526
       2222ab2.....    -0.0560702215
       2222ba2.....    -0.0560702215

     * ci vector   1, <S^2> = 0.0000, E =     -386.74756577
       222222......     0.5788982803
       22222ab.....     0.4632558891
       22222ba.....     0.4632558891
       22a22bb.a...    -0.0634440622
       22b22aa.b...    -0.0634440622
       2222b2.a....     0.0573718681
       2222a2.b....     0.0573718681
       22222.ba....     0.0563849368
       22222.ab....     0.0563849368
       22222b.a....    -0.0559591590
       22222a.b....    -0.0559591590
       2222.2.2....    -0.0545737809
       - FCI and RDMs                             17.78
    * Integral transformation done. Elapsed time: 0.08

       - jop, kop                                  0.00
       - denom                                     0.02
     guess   0:   closed 11111.......         open .....11.....        
     guess   1:   closed 111111......         open ............        

  === FCI iteration ===

      0  0      -386.66267964     3.62e-04      0.60
      0  1      -386.60171552     3.85e-04      0.00

      1  0      -386.77148043     1.84e-04      0.61
      1  1      -386.71968983     2.02e-04      0.00

      2  0      -386.79414874     9.60e-05      0.61
      2  1      -386.74716191     1.07e-04      0.00

      3  0      -386.79956402     4.74e-05      0.61
      3  1      -386.75381401     5.42e-05      0.00

      4  0      -386.80075002     2.31e-05      0.62
      4  1      -386.75538059     2.71e-05      0.00

      5  0      -386.80101840     1.13e-05      0.61
      5  1      -386.75579266     1.48e-05      0.00

      6  0      -386.80107795     5.52e-06      0.61
      6  1      -386.75591220     8.43e-06      0.00

      7  0      -386.80109160     2.76e-06      0.62
      7  1      -386.75594963     4.96e-06      0.00

      8  0      -386.80109538     1.56e-06      0.62
      8  1      -386.75596386     3.38e-06      0.00

      9  0      -386.80109668     9.16e-07      0.62
      9  1      -386.75597109     2.47e-06      0.00

     10  0      -386.80109710     5.17e-07      0.62
     10  1      -386.75597455     1.59e-06      0.00

     11  0      -386.80109723     2.67e-07      0.63
     11  1      -386.75597585     9.33e-07      0.00

     12  0      -386.80109726     1.40e-07      0.63
     12  1      -386.75597628     5.48e-07      0.00

     13  0      -386.80109727     7.57e-08      0.63
     13  1      -386.75597643     3.06e-07      0.00

     14  0      -386.80109727     4.37e-08      0.62
     14  1      -386.75597648     1.64e-07      0.00

     15  0      -386.80109727     2.47e-08      0.62
     15  1      -386.75597649     8.79e-08      0.00

     16  0      -386.80109727     1.35e-08      0.62
     16  1      -386.75597649     4.86e-08      0.00

     17  0      -386.80109727     7.20e-09      0.63
     17  1      -386.75597650     2.83e-08      0.00

     18  0      -386.80109727     3.71e-09      0.63
     18  1      -386.75597650     1.51e-08      0.00

     19  0      -386.80109727     1.75e-09      0.63
     19  1      -386.75597650     7.36e-09      0.00
    ** throwing out 2 trial vectors **

     20  0      -386.80109727     8.46e-10      0.64
     20  1      -386.75597650     3.65e-09      0.00
    ** throwing out 2 trial vectors **

     21  0      -386.80109727     4.48e-10      0.64
     21  1      -386.75597650     1.95e-09      0.00
    ** throwing out 2 trial vectors **

     22  0      -386.80109727     2.44e-10      0.64
     22  1      -386.75597650     1.10e-09      0.00
    ** throwing out 2 trial vectors **

     23  0      -386.80109727     1.22e-10      0.64
     23  1      -386.75597650     5.94e-10      0.00
    ** throwing out 2 trial vectors **

     24  0 *    -386.80109727     5.83e-11      0.54
     24  1      -386.75597650     3.12e-10      0.00
    ** throwing out 1 trial vectors **

     25  0 *    -386.80109727     3.60e-11      0.34
     25  1      -386.75597650     1.63e-10      0.00
    ** throwing out 1 trial vectors **

     26  0 *    -386.80109727     2.89e-11      0.24
     26  1 *    -386.75597650     8.23e-11      0.00

     * ci vector   0, <S^2> = 0.0000, E =     -386.80109727
       222222......     0.6423305376
       22222ba.....    -0.4338538813
       22222ab.....    -0.4338538813
       2222.2.2....    -0.0708282061
       22b22aa.b...    -0.0539318713
       22a22bb.a...    -0.0539318713
       22222.ab....     0.0509184629
       22222.ba....     0.0509184629
       222b2aa.b...    -0.0502890172
       222a2bb.a...    -0.0502890172
       2222ab2.....    -0.0501706496
       2222ba2.....    -0.0501706496

     * ci vector   1, <S^2> = 0.0000, E =     -386.75597650
       222222......    -0.6051051706
       22222ab.....    -0.4487321702
       22222ba.....    -0.4487321702
       2222.2.2....     0.0655480732
       22222.ba....     0.0539421392
       22222.ab....     0.0539421392
       22a22bb.a...    -0.0523423169
       22b22aa.b...    -0.0523423169
       22222b.a....    -0.0514015995
       22222a.b....    -0.0514015995
       2222.ab2....     0.0511342011
       2222.ba2....     0.0511342011
       22222..2....     0.0500247282
       - FCI and RDMs                             17.69
    * Integral transformation done. Elapsed time: 0.08

       - jop, kop                                  0.00
       - denom                                     0.02
     guess   0:   closed 11111.......         open .....11.....        
     guess   1:   closed 111111......         open ............        

  === FCI iteration ===

      0  0      -386.66316772     3.62e-04      0.60
      0  1      -386.60379564     3.84e-04      0.00

      1  0      -386.77154713     1.83e-04      0.60
      1  1      -386.72112460     2.00e-04      0.00

      2  0      -386.79393350     9.53e-05      0.61
      2  1      -386.74798126     1.05e-04      0.00

      3  0      -386.79926887     4.66e-05      0.61
      3  1      -386.75448927     5.32e-05      0.00

      4  0      -386.80042571     2.24e-05      0.61
      4  1      -386.75601315     2.67e-05      0.00

      5  0      -386.80068443     1.08e-05      0.61
      5  1      -386.75641494     1.45e-05      0.00

      6  0      -386.80074087     5.14e-06      0.61
      6  1      -386.75653206     8.20e-06      0.00

      7  0      -386.80075318     2.59e-06      0.62
      7  1      -386.75656859     4.85e-06      0.00

      8  0      -386.80075658     1.49e-06      0.61
      8  1      -386.75658278     3.32e-06      0.00

      9  0      -386.80075776     8.60e-07      0.62
      9  1      -386.75658996     2.35e-06      0.00

     10  0      -386.80075814     4.63e-07      0.62
     10  1      -386.75659312     1.45e-06      0.00

     11  0      -386.80075824     2.30e-07      0.63
     11  1      -386.75659423     8.34e-07      0.00

     12  0      -386.80075827     1.19e-07      0.62
     12  1      -386.75659457     4.88e-07      0.00

     13  0      -386.80075827     6.51e-08      0.63
     13  1      -386.75659469     2.63e-07      0.00

     14  0      -386.80075827     3.75e-08      0.62
     14  1      -386.75659472     1.35e-07      0.00

     15  0      -386.80075827     2.11e-08      0.63
     15  1      -386.75659473     7.10e-08      0.00

     16  0      -386.80075828     1.13e-08      0.63
     16  1      -386.75659473     3.85e-08      0.00

     17  0      -386.80075828     5.77e-09      0.63
     17  1      -386.75659473     2.11e-08      0.00

     18  0      -386.80075828     2.82e-09      0.63
     18  1      -386.75659473     1.09e-08      0.00

     19  0      -386.80075828     1.36e-09      0.63
     19  1      -386.75659473     5.35e-09      0.00
    ** throwing out 2 trial vectors **

     20  0      -386.80075828     6.87e-10      0.64
     20  1      -386.75659473     2.59e-09      0.00
    ** throwing out 2 trial vectors **

     21  0      -386.80075828     3.67e-10      0.64
     21  1      -386.75659473     1.33e-09      0.00
    ** throwing out 2 trial vectors **

     22  0      -386.80075828     1.85e-10      0.64
     22  1      -386.75659473     7.06e-10      0.00
    ** throwing out 2 trial vectors **

     23  0 *    -386.80075828     8.86e-11      0.54
     23  1      -386.75659473     3.75e-10      0.00
    ** throwing out 1 trial vectors **

     24  0 *    -386.80075828     6.46e-11      0.33
     24  1      -386.75659473     1.99e-10      0.00
    ** throwing out 1 trial vectors **

     25  0 *    -386.80075828     5.93e-11      0.33
     25  1      -386.75659473     1.04e-10      0.00
    ** throwing out 1 trial vectors **

     26  0 *    -386.80075828     5.71e-11      0.24
     26  1 *    -386.75659473     5.49e-11      0.00

     * ci vector   0, <S^2> = -0.0000, E =     -386.80075828
       222222......    -0.6284758586
       22222ba.....     0.4451158691
       22222ab.....     0.4451158691
       2222.2.2....     0.0721551357
       222a2bb.a...    -0.0620897047
       222b2aa.b...    -0.0620897047
       2222.ba2....    -0.0518186362
       2222.ab2....    -0.0518186362
       22222.ab....     0.0506711650
       22222.ba....     0.0506711650

     * ci vector   1, <S^2> = 0.0000, E =     -386.75659473
       222222......     0.6208714706
       22222ab.....     0.4384430924
       22222ba.....     0.4384430924
       2222.2.2....    -0.0696941215
       22222b.a....    -0.0544431759
       22222a.b....    -0.0544431759
       222a2bb.a...    -0.0536160182
       222b2aa.b...    -0.0536160182
       22222.ba....     0.0529245809
       22222.ab....     0.0529245809
       2222.ab2....    -0.0521617234
       2222.ba2....    -0.0521617234
       2.22222.....    -0.0507960317
       22222..2....    -0.0507346838
       - FCI and RDMs                             17.30
    * Integral transformation done. Elapsed time: 0.08

       - jop, kop                                  0.00
       - denom                                     0.02
     guess   0:   closed 11111.......         open .....11.....        
     guess   1:   closed 111111......         open ............        

  === FCI iteration ===

      0  0      -386.66344465     3.61e-04      0.60
      0  1      -386.60443135     3.83e-04      0.00

      1  0      -386.77170626     1.82e-04      0.61
      1  1      -386.72162235     1.99e-04      0.00

      2  0      -386.79387470     9.46e-05      0.61
      2  1      -386.74825228     1.05e-04      0.00

      3  0      -386.79913322     4.62e-05      0.61
      3  1      -386.75470721     5.27e-05      0.00

      4  0      -386.80027409     2.22e-05      0.61
      4  1      -386.75621324     2.66e-05      0.00

      5  0      -386.80053031     1.07e-05      0.61
      5  1      -386.75661258     1.44e-05      0.00

      6  0      -386.80058632     5.02e-06      0.61
      6  1      -386.75672952     8.06e-06      0.00

      7  0      -386.80059840     2.51e-06      0.61
      7  1      -386.75676568     4.77e-06      0.00

      8  0      -386.80060168     1.43e-06      0.62
      8  1      -386.75677975     3.29e-06      0.00

      9  0      -386.80060277     8.27e-07      0.61
      9  1      -386.75678687     2.29e-06      0.00

     10  0      -386.80060311     4.39e-07      0.62
     10  1      -386.75678992     1.38e-06      0.00

     11  0      -386.80060321     2.14e-07      0.62
     11  1      -386.75679096     7.66e-07      0.00

     12  0      -386.80060323     1.08e-07      0.63
     12  1      -386.75679127     4.43e-07      0.00

     13  0      -386.80060324     5.83e-08      0.62
     13  1      -386.75679136     2.40e-07      0.00

     14  0      -386.80060324     3.31e-08      0.62
     14  1      -386.75679139     1.21e-07      0.00

     15  0      -386.80060324     1.86e-08      0.63
     15  1      -386.75679140     6.26e-08      0.00

     16  0      -386.80060324     9.94e-09      0.62
     16  1      -386.75679140     3.45e-08      0.00

     17  0      -386.80060324     5.13e-09      0.63
     17  1      -386.75679140     1.86e-08      0.00

     18  0      -386.80060324     2.43e-09      0.64
     18  1      -386.75679140     9.27e-09      0.00

     19  0      -386.80060324     1.17e-09      0.63
     19  1      -386.75679140     4.54e-09      0.00
    ** throwing out 2 trial vectors **

     20  0      -386.80060324     5.96e-10      0.64
     20  1      -386.75679140     2.27e-09      0.00
    ** throwing out 2 trial vectors **

     21  0      -386.80060324     3.12e-10      0.64
     21  1      -386.75679140     1.17e-09      0.00
    ** throwing out 2 trial vectors **

     22  0      -386.80060324     1.51e-10      0.64
     22  1      -386.75679140     6.16e-10      0.00
    ** throwing out 2 trial vectors **

     23  0 *    -386.80060324     6.99e-11      0.54
     23  1      -386.75679140     3.29e-10      0.00
    ** throwing out 1 trial vectors **

     24  0 *    -386.80060324     5.65e-11      0.33
     24  1      -386.75679140     1.81e-10      0.00
    ** throwing out 1 trial vectors **

     25  0 *    -386.80060324     4.98e-11      0.24
     25  1 *    -386.75679140     9.83e-11      0.00

     * ci vector   0, <S^2> = -0.0000, E =     -386.80060324
       222222......    -0.6246405560
       22222ab.....     0.4483579066
       22222ba.....     0.4483579066
       2222.2.2....     0.0736015098
       222a2bb.a...    -0.0667259034
       222b2aa.b...    -0.0667259034
       2222.ab2....    -0.0535219038
       2222.ba2....    -0.0535219038
       22222.ba....     0.0502416765
       22222.ab....     0.0502416765

     * ci vector   1, <S^2> = 0.0000, E =     -386.75679140
       222222......    -0.6252361438
       22222ba.....    -0.4356143527
       22222ab.....    -0.4356143527
       2222.2.2....     0.0719706502
       222a2bb.a...     0.0574759628
       222b2aa.b...     0.0574759628
       22222a.b....     0.0544367524
       22222b.a....     0.0544367524
       2222.ba2....     0.0532219075
       2222.ab2....     0.0532219075
       2.22222.....     0.0531719470
       22222.ba....    -0.0523765288
       22222.ab....    -0.0523765288
       22222...2...     0.0505971630
       22222..2....     0.0502965507
       - FCI and RDMs                             16.96
    * Integral transformation done. Elapsed time: 0.08

       - jop, kop                                  0.00
       - denom                                     0.02
     guess   0:   closed 11111.......         open .....11.....        
     guess   1:   closed 111111......         open ............        

  === FCI iteration ===

      0  0      -386.66357258     3.61e-04      0.60
      0  1      -386.60469194     3.83e-04      0.00

      1  0      -386.77178537     1.82e-04      0.61
      1  1      -386.72183801     1.99e-04      0.00

      2  0      -386.79384762     9.42e-05      0.61
      2  1      -386.74837414     1.04e-04      0.00

      3  0      -386.79906767     4.60e-05      0.61
      3  1      -386.75480400     5.25e-05      0.00

      4  0      -386.80020097     2.21e-05      0.61
      4  1      -386.75630011     2.65e-05      0.00

      5  0      -386.80045614     1.06e-05      0.61
      5  1      -386.75669757     1.44e-05      0.00

      6  0      -386.80051202     4.98e-06      0.61
      6  1      -386.75681421     7.97e-06      0.00

      7  0      -386.80052405     2.48e-06      0.61
      7  1      -386.75685015     4.71e-06      0.00

      8  0      -386.80052729     1.41e-06      0.61
      8  1      -386.75686408     3.26e-06      0.00

      9  0      -386.80052834     8.07e-07      0.62
      9  1      -386.75687109     2.26e-06      0.00

     10  0      -386.80052867     4.28e-07      0.62
     10  1      -386.75687408     1.35e-06      0.00

     11  0      -386.80052875     2.08e-07      0.62
     11  1      -386.75687509     7.37e-07      0.00

     12  0      -386.80052878     1.04e-07      0.62
     12  1      -386.75687538     4.16e-07      0.00

     13  0      -386.80052878     5.61e-08      0.62
     13  1      -386.75687547     2.26e-07      0.00

     14  0      -386.80052878     3.16e-08      0.62
     14  1      -386.75687549     1.14e-07      0.00

     15  0      -386.80052878     1.75e-08      0.62
     15  1      -386.75687550     5.87e-08      0.00

     16  0      -386.80052878     9.24e-09      0.63
     16  1      -386.75687550     3.25e-08      0.00

     17  0      -386.80052878     4.75e-09      0.63
     17  1      -386.75687550     1.76e-08      0.00

     18  0      -386.80052878     2.26e-09      0.62
     18  1      -386.75687550     8.69e-09      0.00

     19  0      -386.80052878     1.09e-09      0.61
     19  1      -386.75687550     4.22e-09      0.00
    ** throwing out 2 trial vectors **

     20  0      -386.80052878     5.65e-10      0.62
     20  1      -386.75687550     2.15e-09      0.00
    ** throwing out 2 trial vectors **

     21  0      -386.80052878     2.94e-10      0.63
     21  1      -386.75687550     1.12e-09      0.00
    ** throwing out 2 trial vectors **

     22  0      -386.80052878     1.41e-10      0.65
     22  1      -386.75687550     5.91e-10      0.00
    ** throwing out 2 trial vectors **

     23  0 *    -386.80052878     6.56e-11      0.56
     23  1      -386.75687550     3.17e-10      0.00
    ** throwing out 1 trial vectors **

     24  0 *    -386.80052878     5.08e-11      0.35
     24  1      -386.75687550     1.77e-10      0.00
    ** throwing out 1 trial vectors **

     25  0 *    -386.80052878     4.53e-11      0.25
     25  1 *    -386.75687550     9.65e-11      0.00

     * ci vector   0, <S^2> = -0.0000, E =     -386.80052878
       222222......    -0.6233706437
       22222ba.....    -0.4494823375
       22222ab.....    -0.4494823375
       2222.2.2....     0.0743295730
       222b2aa.b...     0.0686406124
       222a2bb.a...     0.0686406124
       2222.ba2....     0.0542708189
       2222.ab2....     0.0542708189

     * ci vector   1, <S^2> = -0.0000, E =     -386.75687550
       222222......     0.6267274306
       22222ab.....    -0.4347015727
       22222ba.....    -0.4347015727
       2222.2.2....    -0.0729962865
       222a2bb.a...     0.0591472252
       222b2aa.b...     0.0591472252
       2.22222.....    -0.0543018873
       22222b.a....    -0.0541669601
       22222a.b....    -0.0541669601
       2222.ab2....     0.0537531384
       2222.ba2....     0.0537531384
       22222.ba....    -0.0521568128
       22222.ab....    -0.0521568128
       22222...2...    -0.0510606561
       - FCI and RDMs                             17.03
    * Integral transformation done. Elapsed time: 0.08

       - jop, kop                                  0.00
       - denom                                     0.02
     guess   0:   closed 11111.......         open .....11.....        
     guess   1:   closed 111111......         open ............        

  === FCI iteration ===

      0  0      -386.66363231     3.61e-04      0.62
      0  1      -386.60481034     3.83e-04      0.00

      1  0      -386.77182223     1.82e-04      0.62
      1  1      -386.72193906     1.99e-04      0.00

      2  0      -386.79383328     9.41e-05      0.62
      2  1      -386.74843335     1.04e-04      0.00

      3  0      -386.79903458     4.59e-05      0.64
      3  1      -386.75485089     5.24e-05      0.00

      4  0      -386.80016424     2.21e-05      0.64
      4  1      -386.75634165     2.64e-05      0.00

      5  0      -386.80041891     1.06e-05      0.64
      5  1      -386.75673791     1.43e-05      0.00

      6  0      -386.80047472     4.97e-06      0.64
      6  1      -386.75685433     7.93e-06      0.00

      7  0      -386.80048673     2.46e-06      0.64
      7  1      -386.75689015     4.68e-06      0.00

      8  0      -386.80048997     1.39e-06      0.64
      8  1      -386.75690402     3.25e-06      0.00

      9  0      -386.80049100     7.96e-07      0.64
      9  1      -386.75691094     2.25e-06      0.00

     10  0      -386.80049131     4.22e-07      0.64
     10  1      -386.75691389     1.33e-06      0.00

     11  0      -386.80049140     2.06e-07      0.64
     11  1      -386.75691489     7.25e-07      0.00

     12  0      -386.80049142     1.03e-07      0.62
     12  1      -386.75691518     4.04e-07      0.00

     13  0      -386.80049143     5.52e-08      0.63
     13  1      -386.75691526     2.18e-07      0.00

     14  0      -386.80049143     3.11e-08      0.63
     14  1      -386.75691528     1.11e-07      0.00

     15  0      -386.80049143     1.72e-08      0.63
     15  1      -386.75691529     5.70e-08      0.00

     16  0      -386.80049143     9.02e-09      0.63
     16  1      -386.75691529     3.14e-08      0.00

     17  0      -386.80049143     4.59e-09      0.63
     17  1      -386.75691529     1.70e-08      0.00

     18  0      -386.80049143     2.17e-09      0.63
     18  1      -386.75691529     8.42e-09      0.00

     19  0      -386.80049143     1.04e-09      0.63
     19  1      -386.75691529     4.09e-09      0.00
    ** throwing out 2 trial vectors **

     20  0      -386.80049143     5.47e-10      0.64
     20  1      -386.75691529     2.08e-09      0.00
    ** throwing out 2 trial vectors **

     21  0      -386.80049143     2.84e-10      0.64
     21  1      -386.75691529     1.09e-09      0.00
    ** throwing out 2 trial vectors **

     22  0      -386.80049143     1.36e-10      0.64
     22  1      -386.75691529     5.78e-10      0.00
    ** throwing out 2 trial vectors **

     23  0 *    -386.80049143     6.28e-11      0.54
     23  1      -386.75691529     3.10e-10      0.00
    ** throwing out 1 trial vectors **

     24  0 *    -386.80049143     4.81e-11      0.34
     24  1      -386.75691529     1.71e-10      0.00
    ** throwing out 1 trial vectors **

     25  0 *    -386.80049143     4.36e-11      0.24
     25  1 *    -386.75691529     9.34e-11      0.00

     * ci vector   0, <S^2> = -0.0000, E =     -386.80049143
       222222......     0.6228910747
       22222ba.....     0.4499259531
       22222ab.....     0.4499259531
       2222.2.2....    -0.0746852373
       222b2aa.b...    -0.0695035613
       222a2bb.a...    -0.0695035613
       2222.ab2....    -0.0546134135
       2222.ba2....    -0.0546134135

     * ci vector   1, <S^2> = -0.0000, E =     -386.75691529
       222222......     0.6273142211
       22222ab.....    -0.4343646962
       22222ba.....    -0.4343646962
       2222.2.2....    -0.0734711417
       222a2bb.a...     0.0599349802
       222b2aa.b...     0.0599349802
       2.22222.....    -0.0548427099
       2222.ab2....     0.0540122322
       2222.ba2....     0.0540122322
       22222a.b....    -0.0539947679
       22222b.a....    -0.0539947679
       22222.ba....    -0.0520582377
       22222.ab....    -0.0520582377
       22222...2...    -0.0512765729
       - FCI and RDMs                             17.28
    * Integral transformation done. Elapsed time: 0.08

       - jop, kop                                  0.00
       - denom                                     0.02
     guess   0:   closed 11111.......         open .....11.....        
     guess   1:   closed 111111......         open ............        

  === FCI iteration ===

      0  0      -386.66366096     3.61e-04      0.60
      0  1      -386.60486707     3.83e-04      0.00

      1  0      -386.77183983     1.82e-04      0.61
      1  1      -386.72198848     1.99e-04      0.00

      2  0      -386.79382568     9.40e-05      0.61
      2  1      -386.74846299     1.04e-04      0.00

      3  0      -386.79901769     4.58e-05      0.61
      3  1      -386.75487434     5.23e-05      0.00

      4  0      -386.80014556     2.20e-05      0.62
      4  1      -386.75636226     2.64e-05      0.00

      5  0      -386.80039997     1.06e-05      0.61
      5  1      -386.75675785     1.43e-05      0.00

      6  0      -386.80045575     4.96e-06      0.61
      6  1      -386.75687413     7.91e-06      0.00

      7  0      -386.80046775     2.46e-06      0.61
      7  1      -386.75690989     4.66e-06      0.00

      8  0      -386.80047098     1.38e-06      0.61
      8  1      -386.75692372     3.24e-06      0.00

      9  0      -386.80047201     7.91e-07      0.62
      9  1      -386.75693061     2.24e-06      0.00

     10  0      -386.80047232     4.19e-07      0.62
     10  1      -386.75693353     1.33e-06      0.00

     11  0      -386.80047240     2.05e-07      0.62
     11  1      -386.75693452     7.19e-07      0.00

     12  0      -386.80047242     1.02e-07      0.62
     12  1      -386.75693481     3.98e-07      0.00

     13  0      -386.80047243     5.48e-08      0.62
     13  1      -386.75693489     2.13e-07      0.00

     14  0      -386.80047243     3.08e-08      0.62
     14  1      -386.75693491     1.09e-07      0.00

     15  0      -386.80047243     1.70e-08      0.63
     15  1      -386.75693491     5.61e-08      0.00

     16  0      -386.80047243     8.93e-09      0.63
     16  1      -386.75693492     3.09e-08      0.00

     17  0      -386.80047243     4.53e-09      0.63
     17  1      -386.75693492     1.67e-08      0.00

     18  0      -386.80047243     2.13e-09      0.63
     18  1      -386.75693492     8.27e-09      0.00

     19  0      -386.80047243     1.02e-09      0.63
     19  1      -386.75693492     4.02e-09      0.00
    ** throwing out 2 trial vectors **

     20  0      -386.80047243     5.35e-10      0.64
     20  1      -386.75693492     2.06e-09      0.00
    ** throwing out 2 trial vectors **

     21  0      -386.80047243     2.78e-10      0.64
     21  1      -386.75693492     1.08e-09      0.00
    ** throwing out 2 trial vectors **

     22  0      -386.80047243     1.33e-10      0.64
     22  1      -386.75693492     5.72e-10      0.00
    ** throwing out 2 trial vectors **

     23  0 *    -386.80047243     6.12e-11      0.55
     23  1      -386.75693492     3.06e-10      0.00
    ** throwing out 1 trial vectors **

     24  0 *    -386.80047243     4.68e-11      0.34
     24  1      -386.75693492     1.67e-10      0.00
    ** throwing out 1 trial vectors **

     25  0 *    -386.80047243     4.27e-11      0.24
     25  1 *    -386.75693492     9.10e-11      0.00

     * ci vector   0, <S^2> = 0.0000, E =     -386.80047243
       222222......    -0.6226914788
       22222ba.....    -0.4501176041
       22222ab.....    -0.4501176041
       2222.2.2....     0.0748620552
       222b2aa.b...     0.0699146935
       222a2bb.a...     0.0699146935
       2222.ba2....     0.0547772837
       2222.ab2....     0.0547772837
       2a222b2.....    -0.0500552549
       2b222a2.....    -0.0500552549

     * ci vector   1, <S^2> = 0.0000, E =     -386.75693492
       222222......    -0.6275683691
       22222ab.....     0.4342268266
       22222ba.....     0.4342268266
       2222.2.2....     0.0736996544
       222a2bb.a...    -0.0603218745
       222b2aa.b...    -0.0603218745
       2.22222.....     0.0551089235
       2222.ab2....    -0.0541409159
       2222.ba2....    -0.0541409159
       22222b.a....     0.0539027589
       22222a.b....     0.0539027589
       22222.ab....     0.0520102570
       22222.ba....     0.0520102570
       22222...2...     0.0513811172
       - FCI and RDMs                             17.02
    * Integral transformation done. Elapsed time: 0.08

       - jop, kop                                  0.00
       - denom                                     0.02
     guess   0:   closed 11111.......         open .....11.....        
     guess   1:   closed 111111......         open ............        

  === FCI iteration ===

      0  0      -386.66367504     3.61e-04      0.60
      0  1      -386.60489505     3.83e-04      0.00

      1  0      -386.77184846     1.82e-04      0.61
      1  1      -386.72201319     1.99e-04      0.00

      2  0      -386.79382171     9.40e-05      0.61
      2  1      -386.74847800     1.04e-04      0.00

      3  0      -386.79900905     4.58e-05      0.61
      3  1      -386.75488621     5.23e-05      0.00

      4  0      -386.80013601     2.20e-05      0.61
      4  1      -386.75637266     2.64e-05      0.00

      5  0      -386.80039030     1.06e-05      0.61
      5  1      -386.75676788     1.43e-05      0.00

      6  0      -386.80044606     4.95e-06      0.62
      6  1      -386.75688408     7.89e-06      0.00

      7  0      -386.80045806     2.45e-06      0.62
      7  1      -386.75691981     4.66e-06      0.00

      8  0      -386.80046129     1.38e-06      0.62
      8  1      -386.75693363     3.24e-06      0.00

      9  0      -386.80046231     7.88e-07      0.62
      9  1      -386.75694049     2.24e-06      0.00

     10  0      -386.80046262     4.18e-07      0.62
     10  1      -386.75694340     1.32e-06      0.00

     11  0      -386.80046270     2.04e-07      0.62
     11  1      -386.75694439     7.16e-07      0.00

     12  0      -386.80046272     1.02e-07      0.62
     12  1      -386.75694467     3.95e-07      0.00

     13  0      -386.80046273     5.46e-08      0.62
     13  1      -386.75694475     2.11e-07      0.00

     14  0      -386.80046273     3.07e-08      0.62
     14  1      -386.75694477     1.08e-07      0.00

     15  0      -386.80046273     1.70e-08      0.63
     15  1      -386.75694478     5.57e-08      0.00

     16  0      -386.80046273     8.89e-09      0.63
     16  1      -386.75694478     3.07e-08      0.00

     17  0      -386.80046273     4.51e-09      0.63
     17  1      -386.75694478     1.66e-08      0.00

     18  0      -386.80046273     2.11e-09      0.63
     18  1      -386.75694478     8.19e-09      0.00

     19  0      -386.80046273     1.01e-09      0.63
     19  1      -386.75694478     3.98e-09      0.00
    ** throwing out 2 trial vectors **

     20  0      -386.80046273     5.29e-10      0.64
     20  1      -386.75694478     2.04e-09      0.00
    ** throwing out 2 trial vectors **

     21  0      -386.80046273     2.74e-10      0.65
     21  1      -386.75694478     1.07e-09      0.00
    ** throwing out 2 trial vectors **

     22  0      -386.80046273     1.31e-10      0.64
     22  1      -386.75694478     5.68e-10      0.00
    ** throwing out 2 trial vectors **

     23  0 *    -386.80046273     6.04e-11      0.55
     23  1      -386.75694478     3.04e-10      0.00
    ** throwing out 1 trial vectors **

     24  0 *    -386.80046273     4.61e-11      0.34
     24  1      -386.75694478     1.66e-10      0.00
    ** throwing out 1 trial vectors **

     25  0 *    -386.80046273     4.23e-11      0.24
     25  1 *    -386.75694478     8.96e-11      0.00

     * ci vector   0, <S^2> = 0.0000, E =     -386.80046273
       222222......    -0.6226022523
       22222ab.....    -0.4502057849
       22222ba.....    -0.4502057849
       2222.2.2....     0.0749511750
       222a2bb.a...     0.0701169414
       222b2aa.b...     0.0701169414
       2222.ab2....     0.0548579867
       2222.ba2....     0.0548579867
       2a222b2.....     0.0500981875
       2b222a2.....     0.0500981875

     * ci vector   1, <S^2> = -0.0000, E =     -386.75694478
       222222......     0.6276856883
       22222ab.....    -0.4341658825
       22222ba.....    -0.4341658825
       2222.2.2....    -0.0738125186
       222a2bb.a...     0.0605157503
       222b2aa.b...     0.0605157503
       2.22222.....    -0.0552422988
       2222.ba2....     0.0542057382
       2222.ab2....     0.0542057382
       22222a.b....    -0.0538556948
       22222b.a....    -0.0538556948
       22222.ab....    -0.0519858730
       22222.ba....    -0.0519858730
       22222...2...    -0.0514329755
       - FCI and RDMs                             17.01
    * Integral transformation done. Elapsed time: 0.08

       - jop, kop                                  0.00
       - denom                                     0.02
     guess   0:   closed 11111.......         open .....11.....        
     guess   1:   closed 111111......         open ............        

  === FCI iteration ===

      0  0      -386.66368207     3.61e-04      0.60
      0  1      -386.60490907     3.83e-04      0.00

      1  0      -386.77185278     1.82e-04      0.61
      1  1      -386.72202568     1.99e-04      0.00

      2  0      -386.79381965     9.39e-05      0.61
      2  1      -386.74848565     1.04e-04      0.00

      3  0      -386.79900463     4.58e-05      0.60
      3  1      -386.75489226     5.22e-05      0.00

      4  0      -386.80013113     2.20e-05      0.61
      4  1      -386.75637794     2.64e-05      0.00

      5  0      -386.80038535     1.06e-05      0.60
      5  1      -386.75677297     1.43e-05      0.00

      6  0      -386.80044111     4.95e-06      0.61
      6  1      -386.75688913     7.89e-06      0.00

      7  0      -386.80045311     2.45e-06      0.62
      7  1      -386.75692484     4.65e-06      0.00

      8  0      -386.80045633     1.38e-06      0.62
      8  1      -386.75693865     3.23e-06      0.00

      9  0      -386.80045735     7.87e-07      0.62
      9  1      -386.75694550     2.24e-06      0.00

     10  0      -386.80045766     4.17e-07      0.62
     10  1      -386.75694841     1.32e-06      0.00

     11  0      -386.80045774     2.04e-07      0.62
     11  1      -386.75694939     7.15e-07      0.00

     12  0      -386.80045776     1.02e-07      0.62
     12  1      -386.75694968     3.94e-07      0.00

     13  0      -386.80045777     5.45e-08      0.62
     13  1      -386.75694976     2.10e-07      0.00

     14  0      -386.80045777     3.06e-08      0.62
     14  1      -386.75694978     1.08e-07      0.00

     15  0      -386.80045777     1.69e-08      0.62
     15  1      -386.75694978     5.55e-08      0.00

     16  0      -386.80045777     8.87e-09      0.63
     16  1      -386.75694978     3.06e-08      0.00

     17  0      -386.80045777     4.49e-09      0.63
     17  1      -386.75694978     1.65e-08      0.00

     18  0      -386.80045777     2.10e-09      0.63
     18  1      -386.75694978     8.15e-09      0.00

     19  0      -386.80045777     1.01e-09      0.63
     19  1      -386.75694978     3.96e-09      0.00
    ** throwing out 2 trial vectors **

     20  0      -386.80045777     5.27e-10      0.64
     20  1      -386.75694978     2.03e-09      0.00
    ** throwing out 2 trial vectors **

     21  0      -386.80045777     2.73e-10      0.64
     21  1      -386.75694978     1.07e-09      0.00
    ** throwing out 2 trial vectors **

     22  0      -386.80045777     1.30e-10      0.64
     22  1      -386.75694978     5.67e-10      0.00
    ** throwing out 2 trial vectors **

     23  0 *    -386.80045777     6.00e-11      0.54
     23  1      -386.75694978     3.03e-10      0.00
    ** throwing out 1 trial vectors **

     24  0 *    -386.80045777     4.58e-11      0.33
     24  1      -386.75694978     1.65e-10      0.00
    ** throwing out 1 trial vectors **

     25  0 *    -386.80045777     4.21e-11      0.24
     25  1 *    -386.75694978     8.88e-11      0.00

     * ci vector   0, <S^2> = 0.0000, E =     -386.80045777
       222222......     0.6225603080
       22222ab.....     0.4502480915
       22222ba.....     0.4502480915
       2222.2.2....    -0.0749964424
       222a2bb.a...     0.0702182340
       222b2aa.b...     0.0702182340
       2222.ab2....    -0.0548984189
       2222.ba2....    -0.0548984189
       2b222a2.....    -0.0501198632
       2a222b2.....    -0.0501198632

     * ci vector   1, <S^2> = 0.0000, E =     -386.75694978
       222222......    -0.6277421123
       22222ba.....     0.4341374353
       22222ab.....     0.4341374353
       2222.2.2....     0.0738691356
       222b2aa.b...     0.0606138999
       222a2bb.a...     0.0606138999
       2.22222.....     0.0553097799
       2222.ba2....    -0.0542386544
       2222.ab2....    -0.0542386544
       22222a.b....     0.0538318985
       22222b.a....     0.0538318985
       22222.ab....     0.0519732615
       22222.ba....     0.0519732615
       22222...2...     0.0514590650
       - FCI and RDMs                             16.93
    * Integral transformation done. Elapsed time: 0.08

       - jop, kop                                  0.00
       - denom                                     0.02
     guess   0:   closed 11111.......         open .....11.....        
     guess   1:   closed 111111......         open ............        

  === FCI iteration ===

      0  0      -386.66368562     3.61e-04      0.60
      0  1      -386.60491617     3.83e-04      0.00

      1  0      -386.77185496     1.82e-04      0.61
      1  1      -386.72203203     1.99e-04      0.00

      2  0      -386.79381859     9.39e-05      0.61
      2  1      -386.74848955     1.04e-04      0.00

      3  0      -386.79900237     4.58e-05      0.61
      3  1      -386.75489535     5.22e-05      0.00

      4  0      -386.80012863     2.20e-05      0.61
      4  1      -386.75638064     2.63e-05      0.00

      5  0      -386.80038282     1.06e-05      0.61
      5  1      -386.75677556     1.43e-05      0.00

      6  0      -386.80043858     4.95e-06      0.61
      6  1      -386.75689170     7.88e-06      0.00

      7  0      -386.80045057     2.45e-06      0.61
      7  1      -386.75692741     4.65e-06      0.00

      8  0      -386.80045380     1.38e-06      0.61
      8  1      -386.75694121     3.23e-06      0.00

      9  0      -386.80045482     7.86e-07      0.61
      9  1      -386.75694805     2.23e-06      0.00

     10  0      -386.80045512     4.17e-07      0.62
     10  1      -386.75695096     1.32e-06      0.00

     11  0      -386.80045520     2.04e-07      0.62
     11  1      -386.75695194     7.15e-07      0.00

     12  0      -386.80045523     1.02e-07      0.62
     12  1      -386.75695223     3.93e-07      0.00

     13  0      -386.80045523     5.45e-08      0.62
     13  1      -386.75695230     2.10e-07      0.00

     14  0      -386.80045523     3.06e-08      0.62
     14  1      -386.75695232     1.08e-07      0.00

     15  0      -386.80045523     1.69e-08      0.62
     15  1      -386.75695233     5.54e-08      0.00

     16  0      -386.80045523     8.86e-09      0.63
     16  1      -386.75695233     3.05e-08      0.00

     17  0      -386.80045523     4.49e-09      0.63
     17  1      -386.75695233     1.65e-08      0.00

     18  0      -386.80045523     2.10e-09      0.63
     18  1      -386.75695233     8.13e-09      0.00

     19  0      -386.80045523     1.00e-09      0.63
     19  1      -386.75695233     3.95e-09      0.00
    ** throwing out 2 trial vectors **

     20  0      -386.80045523     5.25e-10      0.64
     20  1      -386.75695233     2.03e-09      0.00
    ** throwing out 2 trial vectors **

     21  0      -386.80045523     2.72e-10      0.64
     21  1      -386.75695233     1.07e-09      0.00
    ** throwing out 2 trial vectors **

     22  0      -386.80045523     1.30e-10      0.64
     22  1      -386.75695233     5.66e-10      0.00
    ** throwing out 2 trial vectors **

     23  0 *    -386.80045523     5.98e-11      0.54
     23  1      -386.75695233     3.03e-10      0.00
    ** throwing out 1 trial vectors **

     24  0 *    -386.80045523     4.57e-11      0.34
     24  1      -386.75695233     1.64e-10      0.00
    ** throwing out 1 trial vectors **

     25  0 *    -386.80045523     4.19e-11      0.24
     25  1 *    -386.75695233     8.84e-11      0.00

     * ci vector   0, <S^2> = -0.0000, E =     -386.80045523
       222222......     0.6225399235
       22222ba.....    -0.4502689323
       22222ab.....    -0.4502689323
       2222.2.2....    -0.0750195291
       222a2bb.a...    -0.0702694711
       222b2aa.b...    -0.0702694711
       2222.ab2....     0.0549188731
       2222.ba2....     0.0549188731
       2b222a2.....     0.0501309080
       2a222b2.....     0.0501309080

     * ci vector   1, <S^2> = 0.0000, E =     -386.75695233
       222222......    -0.6277699479
       22222ba.....    -0.4341236698
       22222ab.....    -0.4341236698
       2222.2.2....     0.0738977918
       222b2aa.b...    -0.0606638530
       222a2bb.a...    -0.0606638530
       2.22222.....     0.0553441050
       2222.ba2....     0.0542554399
       2222.ab2....     0.0542554399
       22222b.a....    -0.0538198844
       22222a.b....    -0.0538198844
       22222.ab....     0.0519667081
       22222.ba....     0.0519667081
       22222...2...     0.0514722952
       - FCI and RDMs                             16.93
    * Integral transformation done. Elapsed time: 0.08

       - jop, kop                                  0.00
       - denom                                     0.02
     guess   0:   closed 11111.......         open .....11.....        
     guess   1:   closed 111111......         open ............        

  === FCI iteration ===

      0  0      -386.66368742     3.61e-04      0.60
      0  1      -386.60491978     3.83e-04      0.00

      1  0      -386.77185607     1.82e-04      0.61
      1  1      -386.72203527     1.99e-04      0.00

      2  0      -386.79381805     9.39e-05      0.61
      2  1      -386.74849155     1.04e-04      0.00

      3  0      -386.79900121     4.58e-05      0.61
      3  1      -386.75489692     5.22e-05      0.00

      4  0      -386.80012736     2.20e-05      0.61
      4  1      -386.75638201     2.63e-05      0.00

      5  0      -386.80038153     1.06e-05      0.61
      5  1      -386.75677688     1.43e-05      0.00

      6  0      -386.80043728     4.95e-06      0.61
      6  1      -386.75689301     7.88e-06      0.00

      7  0      -386.80044927     2.45e-06      0.62
      7  1      -386.75692871     4.65e-06      0.00

      8  0      -386.80045250     1.38e-06      0.61
      8  1      -386.75694252     3.23e-06      0.00

      9  0      -386.80045352     7.86e-07      0.61
      9  1      -386.75694936     2.23e-06      0.00

     10  0      -386.80045382     4.17e-07      0.61
     10  1      -386.75695226     1.32e-06      0.00

     11  0      -386.80045391     2.04e-07      0.62
     11  1      -386.75695324     7.14e-07      0.00

     12  0      -386.80045393     1.02e-07      0.61
     12  1      -386.75695353     3.93e-07      0.00

     13  0      -386.80045393     5.45e-08      0.61
     13  1      -386.75695360     2.09e-07      0.00

     14  0      -386.80045393     3.06e-08      0.63
     14  1      -386.75695363     1.07e-07      0.00

     15  0      -386.80045393     1.69e-08      0.65
     15  1      -386.75695363     5.53e-08      0.00

     16  0      -386.80045394     8.86e-09      0.65
     16  1      -386.75695363     3.05e-08      0.00

     17  0      -386.80045394     4.49e-09      0.65
     17  1      -386.75695363     1.64e-08      0.00

     18  0      -386.80045394     2.10e-09      0.64
     18  1      -386.75695363     8.12e-09      0.00

     19  0      -386.80045394     1.00e-09      0.65
     19  1      -386.75695363     3.95e-09      0.00
    ** throwing out 2 trial vectors **

     20  0      -386.80045394     5.24e-10      0.66
     20  1      -386.75695363     2.03e-09      0.00
    ** throwing out 2 trial vectors **

     21  0      -386.80045394     2.71e-10      0.66
     21  1      -386.75695363     1.07e-09      0.00
    ** throwing out 2 trial vectors **

     22  0      -386.80045394     1.29e-10      0.65
     22  1      -386.75695363     5.65e-10      0.00
    ** throwing out 2 trial vectors **

     23  0 *    -386.80045394     5.97e-11      0.56
     23  1      -386.75695363     3.03e-10      0.00
    ** throwing out 1 trial vectors **

     24  0 *    -386.80045394     4.56e-11      0.35
     24  1      -386.75695363     1.64e-10      0.00
    ** throwing out 1 trial vectors **

     25  0 *    -386.80045394     4.19e-11      0.24
     25  1 *    -386.75695363     8.82e-11      0.00

     * ci vector   0, <S^2> = -0.0000, E =     -386.80045394
       222222......    -0.6225298073
       22222ab.....     0.4502793647
       22222ba.....     0.4502793647
       2222.2.2....     0.0750313281
       222a2bb.a...    -0.0702955308
       222b2aa.b...    -0.0702955308
       2222.ab2....    -0.0549292773
       2222.ba2....    -0.0549292773
       2b222a2.....    -0.0501365573
       2a222b2.....    -0.0501365573

     * ci vector   1, <S^2> = 0.0000, E =     -386.75695363
       222222......    -0.6277838919
       22222ab.....    -0.4341168561
       22222ba.....    -0.4341168561
       2222.2.2....     0.0739123698
       222a2bb.a...     0.0606893484
       222b2aa.b...     0.0606893484
       2.22222.....     0.0553616164
       2222.ba2....     0.0542640184
       2222.ab2....     0.0542640184
       22222a.b....    -0.0538138081
       22222b.a....    -0.0538138081
       22222.ab....     0.0519633047
       22222.ba....     0.0519633047
       22222...2...     0.0514790341
       - FCI and RDMs                             17.17
    * Integral transformation done. Elapsed time: 0.08

       - jop, kop                                  0.00
       - denom                                     0.02
     guess   0:   closed 11111.......         open .....11.....        
     guess   1:   closed 111111......         open ............        

  === FCI iteration ===

      0  0      -386.66368834     3.61e-04      0.61
      0  1      -386.60492162     3.83e-04      0.00

      1  0      -386.77185664     1.82e-04      0.61
      1  1      -386.72203693     1.99e-04      0.00

      2  0      -386.79381777     9.39e-05      0.62
      2  1      -386.74849257     1.04e-04      0.00

      3  0      -386.79900062     4.58e-05      0.62
      3  1      -386.75489773     5.22e-05      0.00

      4  0      -386.80012670     2.20e-05      0.62
      4  1      -386.75638272     2.63e-05      0.00

      5  0      -386.80038087     1.06e-05      0.62
      5  1      -386.75677756     1.43e-05      0.00

      6  0      -386.80043662     4.95e-06      0.62
      6  1      -386.75689368     7.88e-06      0.00

      7  0      -386.80044861     2.45e-06      0.62
      7  1      -386.75692938     4.65e-06      0.00

      8  0      -386.80045184     1.38e-06      0.63
      8  1      -386.75694319     3.23e-06      0.00

      9  0      -386.80045285     7.86e-07      0.62
      9  1      -386.75695002     2.23e-06      0.00

     10  0      -386.80045316     4.17e-07      0.62
     10  1      -386.75695293     1.32e-06      0.00

     11  0      -386.80045324     2.04e-07      0.62
     11  1      -386.75695391     7.14e-07      0.00

     12  0      -386.80045326     1.02e-07      0.62
     12  1      -386.75695419     3.93e-07      0.00

     13  0      -386.80045327     5.45e-08      0.62
     13  1      -386.75695427     2.09e-07      0.00

     14  0      -386.80045327     3.06e-08      0.62
     14  1      -386.75695429     1.07e-07      0.00

     15  0      -386.80045327     1.69e-08      0.63
     15  1      -386.75695430     5.53e-08      0.00

     16  0      -386.80045327     8.85e-09      0.66
     16  1      -386.75695430     3.04e-08      0.00

     17  0      -386.80045327     4.48e-09      0.66
     17  1      -386.75695430     1.64e-08      0.00

     18  0      -386.80045327     2.10e-09      0.67
     18  1      -386.75695430     8.11e-09      0.00

     19  0      -386.80045327     1.00e-09      0.66
     19  1      -386.75695430     3.95e-09      0.00
    ** throwing out 2 trial vectors **

     20  0      -386.80045327     5.24e-10      0.67
     20  1      -386.75695430     2.03e-09      0.00
    ** throwing out 2 trial vectors **

     21  0      -386.80045327     2.71e-10      0.68
     21  1      -386.75695430     1.07e-09      0.00
    ** throwing out 2 trial vectors **

     22  0      -386.80045327     1.29e-10      0.67
     22  1      -386.75695430     5.65e-10      0.00
    ** throwing out 2 trial vectors **

     23  0 *    -386.80045327     5.96e-11      0.56
     23  1      -386.75695430     3.03e-10      0.00
    ** throwing out 1 trial vectors **

     24  0 *    -386.80045327     4.56e-11      0.35
     24  1      -386.75695430     1.64e-10      0.00
    ** throwing out 1 trial vectors **

     25  0 *    -386.80045327     4.19e-11      0.24
     25  1 *    -386.75695430     8.81e-11      0.00

     * ci vector   0, <S^2> = 0.0000, E =     -386.80045327
       222222......     0.6225247224
       22222ba.....    -0.4502846368
       22222ab.....    -0.4502846368
       2222.2.2....    -0.0750373648
       222a2bb.a...     0.0703088252
       222b2aa.b...     0.0703088252
       2222.ab2....     0.0549345854
       2222.ba2....     0.0549345854
       2a222b2.....     0.0501394510
       2b222a2.....     0.0501394510

     * ci vector   1, <S^2> = 0.0000, E =     -386.75695430
       222222......     0.6277909407
       22222ba.....     0.4341134366
       22222ab.....     0.4341134366
       2222.2.2....    -0.0739198073
       222b2aa.b...    -0.0607023804
       222a2bb.a...    -0.0607023804
       2.22222.....    -0.0553705648
       2222.ba2....    -0.0542684075
       2222.ab2....    -0.0542684075
       22222a.b....     0.0538107269
       22222b.a....     0.0538107269
       22222.ab....    -0.0519615413
       22222.ba....    -0.0519615413
       22222...2...    -0.0514824750
       - FCI and RDMs                             17.43
    * Integral transformation done. Elapsed time: 0.08

       - jop, kop                                  0.00
       - denom                                     0.02
     guess   0:   closed 11111.......         open .....11.....        
     guess   1:   closed 111111......         open ............        

  === FCI iteration ===

      0  0      -386.66368881     3.61e-04      0.61
      0  1      -386.60492257     3.83e-04      0.00

      1  0      -386.77185693     1.82e-04      0.62
      1  1      -386.72203778     1.99e-04      0.00

      2  0      -386.79381763     9.39e-05      0.62
      2  1      -386.74849309     1.04e-04      0.00

      3  0      -386.79900031     4.58e-05      0.62
      3  1      -386.75489815     5.22e-05      0.00

      4  0      -386.80012637     2.20e-05      0.62
      4  1      -386.75638308     2.63e-05      0.00

      5  0      -386.80038053     1.06e-05      0.62
      5  1      -386.75677791     1.43e-05      0.00

      6  0      -386.80043628     4.95e-06      0.62
      6  1      -386.75689403     7.88e-06      0.00

      7  0      -386.80044827     2.45e-06      0.62
      7  1      -386.75692973     4.65e-06      0.00

      8  0      -386.80045150     1.38e-06      0.63
      8  1      -386.75694353     3.23e-06      0.00

      9  0      -386.80045251     7.86e-07      0.63
      9  1      -386.75695036     2.23e-06      0.00

     10  0      -386.80045282     4.17e-07      0.63
     10  1      -386.75695327     1.32e-06      0.00

     11  0      -386.80045290     2.04e-07      0.63
     11  1      -386.75695425     7.14e-07      0.00

     12  0      -386.80045292     1.02e-07      0.63
     12  1      -386.75695453     3.93e-07      0.00

     13  0      -386.80045293     5.45e-08      0.63
     13  1      -386.75695461     2.09e-07      0.00

     14  0      -386.80045293     3.06e-08      0.63
     14  1      -386.75695463     1.07e-07      0.00

     15  0      -386.80045293     1.69e-08      0.63
     15  1      -386.75695464     5.53e-08      0.00

     16  0      -386.80045293     8.85e-09      0.63
     16  1      -386.75695464     3.04e-08      0.00

     17  0      -386.80045293     4.48e-09      0.64
     17  1      -386.75695464     1.64e-08      0.00

     18  0      -386.80045293     2.10e-09      0.64
     18  1      -386.75695464     8.11e-09      0.00

     19  0      -386.80045293     1.00e-09      0.64
     19  1      -386.75695464     3.94e-09      0.00
    ** throwing out 2 trial vectors **

     20  0      -386.80045293     5.24e-10      0.64
     20  1      -386.75695464     2.03e-09      0.00
    ** throwing out 2 trial vectors **

     21  0      -386.80045293     2.71e-10      0.65
     21  1      -386.75695464     1.07e-09      0.00
    ** throwing out 2 trial vectors **

     22  0      -386.80045293     1.29e-10      0.65
     22  1      -386.75695464     5.65e-10      0.00
    ** throwing out 2 trial vectors **

     23  0 *    -386.80045293     5.96e-11      0.55
     23  1      -386.75695464     3.02e-10      0.00
    ** throwing out 1 trial vectors **

     24  0 *    -386.80045293     4.56e-11      0.34
     24  1      -386.75695464     1.64e-10      0.00
    ** throwing out 1 trial vectors **

     25  0 *    -386.80045293     4.18e-11      0.24
     25  1 *    -386.75695464     8.80e-11      0.00

     * ci vector   0, <S^2> = -0.0000, E =     -386.80045293
       222222......     0.6225221475
       22222ba.....    -0.4502873157
       22222ab.....    -0.4502873157
       2222.2.2....    -0.0750404551
       222b2aa.b...     0.0703156188
       222a2bb.a...     0.0703156188
       2222.ab2....     0.0549372982
       2222.ba2....     0.0549372982
       2b222a2.....     0.0501409338
       2a222b2.....     0.0501409338

     * ci vector   1, <S^2> = 0.0000, E =     -386.75695464
       222222......     0.6277945227
       22222ba.....     0.4341117068
       22222ab.....     0.4341117068
       2222.2.2....    -0.0739236080
       222b2aa.b...    -0.0607090474
       222a2bb.a...    -0.0607090474
       2.22222.....    -0.0553751417
       2222.ba2....    -0.0542706544
       2222.ab2....    -0.0542706544
       22222a.b....     0.0538091607
       22222b.a....     0.0538091607
       22222.ab....    -0.0519606300
       22222.ba....    -0.0519606300
       22222...2...    -0.0514842343
       - FCI and RDMs                             17.22
    * Integral transformation done. Elapsed time: 0.08

       - jop, kop                                  0.00
       - denom                                     0.02
     guess   0:   closed 11111.......         open .....11.....        
     guess   1:   closed 111111......         open ............        

  === FCI iteration ===

      0  0      -386.66368905     3.61e-04      0.60
      0  1      -386.60492305     3.83e-04      0.00

      1  0      -386.77185708     1.82e-04      0.61
      1  1      -386.72203821     1.99e-04      0.00

      2  0      -386.79381756     9.39e-05      0.61
      2  1      -386.74849336     1.04e-04      0.00

      3  0      -386.79900016     4.58e-05      0.61
      3  1      -386.75489836     5.22e-05      0.00

      4  0      -386.80012620     2.20e-05      0.61
      4  1      -386.75638326     2.63e-05      0.00

      5  0      -386.80038035     1.06e-05      0.61
      5  1      -386.75677808     1.43e-05      0.00

      6  0      -386.80043610     4.95e-06      0.61
      6  1      -386.75689420     7.88e-06      0.00

      7  0      -386.80044810     2.45e-06      0.62
      7  1      -386.75692990     4.65e-06      0.00

      8  0      -386.80045132     1.38e-06      0.62
      8  1      -386.75694370     3.23e-06      0.00

      9  0      -386.80045234     7.86e-07      0.62
      9  1      -386.75695054     2.23e-06      0.00

     10  0      -386.80045264     4.17e-07      0.62
     10  1      -386.75695344     1.32e-06      0.00

     11  0      -386.80045273     2.04e-07      0.62
     11  1      -386.75695442     7.14e-07      0.00

     12  0      -386.80045275     1.02e-07      0.62
     12  1      -386.75695471     3.93e-07      0.00

     13  0      -386.80045275     5.45e-08      0.63
     13  1      -386.75695478     2.09e-07      0.00

     14  0      -386.80045276     3.06e-08      0.63
     14  1      -386.75695480     1.07e-07      0.00

     15  0      -386.80045276     1.69e-08      0.63
     15  1      -386.75695481     5.53e-08      0.00

     16  0      -386.80045276     8.85e-09      0.63
     16  1      -386.75695481     3.04e-08      0.00

     17  0      -386.80045276     4.48e-09      0.64
     17  1      -386.75695481     1.64e-08      0.00

     18  0      -386.80045276     2.10e-09      0.63
     18  1      -386.75695481     8.11e-09      0.00

     19  0      -386.80045276     1.00e-09      0.64
     19  1      -386.75695481     3.94e-09      0.00
    ** throwing out 2 trial vectors **

     20  0      -386.80045276     5.24e-10      0.65
     20  1      -386.75695481     2.03e-09      0.00
    ** throwing out 2 trial vectors **

     21  0      -386.80045276     2.71e-10      0.64
     21  1      -386.75695481     1.07e-09      0.00
    ** throwing out 2 trial vectors **

     22  0      -386.80045276     1.29e-10      0.65
     22  1      -386.75695481     5.65e-10      0.00
    ** throwing out 2 trial vectors **

     23  0 *    -386.80045276     5.96e-11      0.54
     23  1      -386.75695481     3.02e-10      0.00
    ** throwing out 1 trial vectors **

     24  0 *    -386.80045276     4.56e-11      0.34
     24  1      -386.75695481     1.64e-10      0.00
    ** throwing out 1 trial vectors **

     25  0 *    -386.80045276     4.18e-11      0.24
     25  1 *    -386.75695481     8.80e-11      0.00

     * ci vector   0, <S^2> = 0.0000, E =     -386.80045276
       222222......     0.6225208368
       22222ba.....    -0.4502886818
       22222ab.....    -0.4502886818
       2222.2.2....    -0.0750420375
       222b2aa.b...     0.0703190935
       222a2bb.a...     0.0703190935
       2222.ab2....     0.0549386860
       2222.ba2....     0.0549386860
       2a222b2.....     0.0501416937
       2b222a2.....     0.0501416937

     * ci vector   1, <S^2> = -0.0000, E =     -386.75695481
       222222......     0.6277963492
       22222ba.....     0.4341108268
       22222ab.....     0.4341108268
       2222.2.2....    -0.0739255522
       222b2aa.b...    -0.0607124595
       222a2bb.a...    -0.0607124595
       2.22222.....    -0.0553774839
       2222.ba2....    -0.0542718050
       2222.ab2....    -0.0542718050
       22222a.b....     0.0538083631
       22222b.a....     0.0538083631
       22222.ab....    -0.0519601601
       22222.ba....    -0.0519601601
       22222...2...    -0.0514851346
       - FCI and RDMs                             17.10
    * Integral transformation done. Elapsed time: 0.08

       - jop, kop                                  0.00
       - denom                                     0.02
     guess   0:   closed 11111.......         open .....11.....        
     guess   1:   closed 111111......         open ............        

  === FCI iteration ===

      0  0      -386.66368917     3.61e-04      0.61
      0  1      -386.60492329     3.83e-04      0.00

      1  0      -386.77185715     1.82e-04      0.61
      1  1      -386.72203843     1.99e-04      0.00

      2  0      -386.79381752     9.39e-05      0.62
      2  1      -386.74849349     1.04e-04      0.00

      3  0      -386.79900008     4.58e-05      0.61
      3  1      -386.75489846     5.22e-05      0.00

      4  0      -386.80012611     2.20e-05      0.61
      4  1      -386.75638336     2.63e-05      0.00

      5  0      -386.80038027     1.06e-05      0.62
      5  1      -386.75677817     1.43e-05      0.00

      6  0      -386.80043602     4.95e-06      0.62
      6  1      -386.75689429     7.88e-06      0.00

      7  0      -386.80044801     2.45e-06      0.62
      7  1      -386.75692999     4.65e-06      0.00

      8  0      -386.80045123     1.38e-06      0.62
      8  1      -386.75694379     3.23e-06      0.00

      9  0      -386.80045225     7.86e-07      0.62
      9  1      -386.75695063     2.23e-06      0.00

     10  0      -386.80045256     4.17e-07      0.63
     10  1      -386.75695353     1.32e-06      0.00

     11  0      -386.80045264     2.04e-07      0.63
     11  1      -386.75695451     7.14e-07      0.00

     12  0      -386.80045266     1.02e-07      0.62
     12  1      -386.75695480     3.93e-07      0.00

     13  0      -386.80045266     5.44e-08      0.63
     13  1      -386.75695487     2.09e-07      0.00

     14  0      -386.80045267     3.06e-08      0.63
     14  1      -386.75695489     1.07e-07      0.00

     15  0      -386.80045267     1.69e-08      0.63
     15  1      -386.75695490     5.53e-08      0.00

     16  0      -386.80045267     8.85e-09      0.63
     16  1      -386.75695490     3.04e-08      0.00

     17  0      -386.80045267     4.48e-09      0.63
     17  1      -386.75695490     1.64e-08      0.00

     18  0      -386.80045267     2.10e-09      0.63
     18  1      -386.75695490     8.11e-09      0.00

     19  0      -386.80045267     1.00e-09      0.64
     19  1      -386.75695490     3.94e-09      0.00
    ** throwing out 2 trial vectors **

     20  0      -386.80045267     5.24e-10      0.64
     20  1      -386.75695490     2.03e-09      0.00
    ** throwing out 2 trial vectors **

     21  0      -386.80045267     2.71e-10      0.64
     21  1      -386.75695490     1.07e-09      0.00
    ** throwing out 2 trial vectors **

     22  0      -386.80045267     1.29e-10      0.64
     22  1      -386.75695490     5.65e-10      0.00
    ** throwing out 2 trial vectors **

     23  0 *    -386.80045267     5.96e-11      0.55
     23  1      -386.75695490     3.02e-10      0.00
    ** throwing out 1 trial vectors **

     24  0 *    -386.80045267     4.56e-11      0.34
     24  1      -386.75695490     1.64e-10      0.00
    ** throwing out 1 trial vectors **

     25  0 *    -386.80045267     4.18e-11      0.24
     25  1 *    -386.75695490     8.80e-11      0.00

     * ci vector   0, <S^2> = 0.0000, E =     -386.80045267
       222222......     0.6225201681
       22222ab.....    -0.4502893797
       22222ba.....    -0.4502893797
       2222.2.2....    -0.0750428478
       222a2bb.a...     0.0703208719
       222b2aa.b...     0.0703208719
       2222.ab2....     0.0549393963
       2222.ba2....     0.0549393963
       2b222a2.....     0.0501420830
       2a222b2.....     0.0501420830

     * ci vector   1, <S^2> = 0.0000, E =     -386.75695490
       222222......     0.6277972822
       22222ab.....     0.4341103780
       22222ba.....     0.4341103780
       2222.2.2....    -0.0739265472
       222a2bb.a...    -0.0607142063
       222b2aa.b...    -0.0607142063
       2.22222.....    -0.0553786830
       2222.ab2....    -0.0542723942
       2222.ba2....    -0.0542723942
       22222b.a....     0.0538079563
       22222a.b....     0.0538079563
       22222.ba....    -0.0519599182
       22222.ab....    -0.0519599182
       22222...2...    -0.0514855954
       - FCI and RDMs                             17.09
    * Integral transformation done. Elapsed time: 0.08

       - jop, kop                                  0.00
       - denom                                     0.02
     guess   0:   closed 11111.......         open .....11.....        
     guess   1:   closed 111111......         open ............        

  === FCI iteration ===

      0  0      -386.66368923     3.61e-04      0.60
      0  1      -386.60492342     3.83e-04      0.00

      1  0      -386.77185719     1.82e-04      0.61
      1  1      -386.72203855     1.99e-04      0.00

      2  0      -386.79381750     9.39e-05      0.61
      2  1      -386.74849356     1.04e-04      0.00

      3  0      -386.79900004     4.58e-05      0.61
      3  1      -386.75489852     5.22e-05      0.00

      4  0      -386.80012606     2.20e-05      0.61
      4  1      -386.75638340     2.63e-05      0.00

      5  0      -386.80038022     1.06e-05      0.62
      5  1      -386.75677822     1.43e-05      0.00

      6  0      -386.80043597     4.95e-06      0.61
      6  1      -386.75689434     7.88e-06      0.00

      7  0      -386.80044796     2.45e-06      0.61
      7  1      -386.75693004     4.65e-06      0.00

      8  0      -386.80045119     1.38e-06      0.61
      8  1      -386.75694384     3.23e-06      0.00

      9  0      -386.80045221     7.86e-07      0.62
      9  1      -386.75695067     2.23e-06      0.00

     10  0      -386.80045251     4.17e-07      0.62
     10  1      -386.75695358     1.32e-06      0.00

     11  0      -386.80045259     2.04e-07      0.62
     11  1      -386.75695456     7.14e-07      0.00

     12  0      -386.80045261     1.02e-07      0.62
     12  1      -386.75695484     3.93e-07      0.00

     13  0      -386.80045262     5.44e-08      0.62
     13  1      -386.75695492     2.09e-07      0.00

     14  0      -386.80045262     3.06e-08      0.62
     14  1      -386.75695494     1.07e-07      0.00

     15  0      -386.80045262     1.69e-08      0.63
     15  1      -386.75695495     5.53e-08      0.00

     16  0      -386.80045262     8.85e-09      0.62
     16  1      -386.75695495     3.04e-08      0.00

     17  0      -386.80045262     4.48e-09      0.63
     17  1      -386.75695495     1.64e-08      0.00

     18  0      -386.80045262     2.10e-09      0.63
     18  1      -386.75695495     8.11e-09      0.00

     19  0      -386.80045262     1.00e-09      0.63
     19  1      -386.75695495     3.94e-09      0.00
    ** throwing out 2 trial vectors **

     20  0      -386.80045262     5.24e-10      0.64
     20  1      -386.75695495     2.03e-09      0.00
    ** throwing out 2 trial vectors **

     21  0      -386.80045262     2.71e-10      0.64
     21  1      -386.75695495     1.07e-09      0.00
    ** throwing out 2 trial vectors **

     22  0      -386.80045262     1.29e-10      0.64
     22  1      -386.75695495     5.65e-10      0.00
    ** throwing out 2 trial vectors **

     23  0 *    -386.80045262     5.96e-11      0.54
     23  1      -386.75695495     3.02e-10      0.00
    ** throwing out 1 trial vectors **

     24  0 *    -386.80045262     4.55e-11      0.33
     24  1      -386.75695495     1.64e-10      0.00
    ** throwing out 1 trial vectors **

     25  0 *    -386.80045262     4.18e-11      0.24
     25  1 *    -386.75695495     8.80e-11      0.00

     * ci vector   0, <S^2> = -0.0000, E =     -386.80045262
       222222......     0.6225198264
       22222ba.....    -0.4502897365
       22222ab.....    -0.4502897365
       2222.2.2....    -0.0750432628
       222b2aa.b...     0.0703217822
       222a2bb.a...     0.0703217822
       2222.ba2....     0.0549397599
       2222.ab2....     0.0549397599
       2a222b2.....     0.0501422826
       2b222a2.....     0.0501422826

     * ci vector   1, <S^2> = 0.0000, E =     -386.75695495
       222222......     0.6277977593
       22222ba.....     0.4341101487
       22222ab.....     0.4341101487
       2222.2.2....    -0.0739270566
       222b2aa.b...    -0.0607151006
       222a2bb.a...    -0.0607151006
       2.22222.....    -0.0553792969
       2222.ba2....    -0.0542726960
       2222.ab2....    -0.0542726960
       22222a.b....     0.0538077485
       22222b.a....     0.0538077485
       22222.ab....    -0.0519597937
       22222.ba....    -0.0519597937
       22222...2...    -0.0514858314
       - FCI and RDMs                             16.94
    * Integral transformation done. Elapsed time: 0.08

       - jop, kop                                  0.00
       - denom                                     0.02
     guess   0:   closed 11111.......         open .....11.....        
     guess   1:   closed 111111......         open ............        

  === FCI iteration ===

      0  0      -386.66368926     3.61e-04      0.60
      0  1      -386.60492348     3.83e-04      0.00

      1  0      -386.77185721     1.82e-04      0.60
      1  1      -386.72203860     1.99e-04      0.00

      2  0      -386.79381749     9.39e-05      0.60
      2  1      -386.74849360     1.04e-04      0.00

      3  0      -386.79900002     4.58e-05      0.61
      3  1      -386.75489855     5.22e-05      0.00

      4  0      -386.80012604     2.20e-05      0.61
      4  1      -386.75638343     2.63e-05      0.00

      5  0      -386.80038020     1.06e-05      0.61
      5  1      -386.75677824     1.43e-05      0.00

      6  0      -386.80043595     4.95e-06      0.61
      6  1      -386.75689436     7.88e-06      0.00

      7  0      -386.80044794     2.45e-06      0.61
      7  1      -386.75693006     4.65e-06      0.00

      8  0      -386.80045116     1.38e-06      0.62
      8  1      -386.75694386     3.23e-06      0.00

      9  0      -386.80045218     7.86e-07      0.62
      9  1      -386.75695070     2.23e-06      0.00

     10  0      -386.80045249     4.17e-07      0.61
     10  1      -386.75695360     1.32e-06      0.00

     11  0      -386.80045257     2.04e-07      0.62
     11  1      -386.75695458     7.14e-07      0.00

     12  0      -386.80045259     1.02e-07      0.62
     12  1      -386.75695486     3.93e-07      0.00

     13  0      -386.80045260     5.44e-08      0.62
     13  1      -386.75695494     2.09e-07      0.00

     14  0      -386.80045260     3.06e-08      0.62
     14  1      -386.75695496     1.07e-07      0.00

     15  0      -386.80045260     1.69e-08      0.63
     15  1      -386.75695497     5.53e-08      0.00

     16  0      -386.80045260     8.85e-09      0.63
     16  1      -386.75695497     3.04e-08      0.00

     17  0      -386.80045260     4.48e-09      0.62
     17  1      -386.75695497     1.64e-08      0.00

     18  0      -386.80045260     2.10e-09      0.63
     18  1      -386.75695497     8.11e-09      0.00

     19  0      -386.80045260     1.00e-09      0.63
     19  1      -386.75695497     3.94e-09      0.00
    ** throwing out 2 trial vectors **

     20  0      -386.80045260     5.24e-10      0.64
     20  1      -386.75695497     2.03e-09      0.00
    ** throwing out 2 trial vectors **

     21  0      -386.80045260     2.71e-10      0.64
     21  1      -386.75695497     1.07e-09      0.00
    ** throwing out 2 trial vectors **

     22  0      -386.80045260     1.29e-10      0.64
     22  1      -386.75695497     5.65e-10      0.00
    ** throwing out 2 trial vectors **

     23  0 *    -386.80045260     5.96e-11      0.54
     23  1      -386.75695497     3.02e-10      0.00
    ** throwing out 1 trial vectors **

     24  0 *    -386.80045260     4.55e-11      0.34
     24  1      -386.75695497     1.64e-10      0.00
    ** throwing out 1 trial vectors **

     25  0 *    -386.80045260     4.18e-11      0.24
     25  1 *    -386.75695497     8.79e-11      0.00

     * ci vector   0, <S^2> = -0.0000, E =     -386.80045260
       222222......     0.6225196519
       22222ba.....    -0.4502899190
       22222ab.....    -0.4502899190
       2222.2.2....    -0.0750434754
       222b2aa.b...     0.0703222483
       222a2bb.a...     0.0703222483
       2222.ba2....     0.0549399461
       2222.ab2....     0.0549399461
       2a222b2.....     0.0501423847
       2b222a2.....     0.0501423847

     * ci vector   1, <S^2> = -0.0000, E =     -386.75695497
       222222......     0.6277980032
       22222ab.....     0.4341100316
       22222ba.....     0.4341100316
       2222.2.2....    -0.0739273174
       222a2bb.a...    -0.0607155586
       222b2aa.b...    -0.0607155586
       2.22222.....    -0.0553796113
       2222.ab2....    -0.0542728506
       2222.ba2....    -0.0542728506
       22222b.a....     0.0538076420
       22222a.b....     0.0538076420
       22222.ba....    -0.0519597299
       22222.ab....    -0.0519597299
       22222...2...    -0.0514859522
       - FCI and RDMs                             16.93
