--------------------------------------------------
JOB FRONT-END 484547 on wux54
SLURM ENVIRONMENT
--------------------------------------------------
SLURM_JOB_ID                   = 484547              
SLURM_ARRAY_JOB_ID             = N/A                 
SLURM_ARRAY_TASK_ID            = N/A                 
SLURM_JOB_NAME                 = bagel-chain         
SLURM_JOB_PARTITION            = wux5x               
SLURM_JOB_NUM_NODES            = 1                   
SLURM_JOB_CPUS_PER_NODE        = 20                  
SLURM_NTASKS                   = 20                  
SLURM_NTASKS_PER_NODE          = N/A                 
--------------------------------------------------
--------------------------------------------------
PBS ENVIRONMENT
--------------------------------------------------
PBS_JOBID                      = 484547              
PBS_ARRAYID                    = N/A                 
PBS_JOBNAME                    = bagel-chain         
PBS_QUEUE                      = wux5x               
PBS_NUM_NODES                  = 1                   
PBS_NUM_PPN                    = 1                   
PBS_NP                         = 20                  
PBS_NODEFILE                   = /tmp/484547/nodes   
--------------------------------------------------
  * process grid (5, 4) will be used
    wux54                           
    wux54                           
    wux54                           
    wux54                           
    wux54                           
    wux54                           
    wux54                           
    wux54                           
    wux54                           
    wux54                           
    wux54                           
    wux54                           
    wux54                           
    wux54                           
    wux54                           
    wux54                           
    wux54                           
    wux54                           
    wux54                           
    wux54                           

  * using 20 threads per process

  ===============================================================
    BAGEL - Freshly leavened quantum chemistry                   
  ===============================================================

  *** Geometry ***

  { "atom" : "C", "xyz" : [      4.445645,     -1.029689,      1.133966 ] },
  { "atom" : "C", "xyz" : [      4.193443,      1.657988,      1.567786 ] },
  { "atom" : "C", "xyz" : [      1.905594,      2.852830,      1.387380 ] },
  { "atom" : "N", "xyz" : [     -0.364621,      1.516144,      1.005592 ] },
  { "atom" : "B", "xyz" : [     -0.260772,     -1.299325,      0.341806 ] },
  { "atom" : "C", "xyz" : [      2.411835,     -2.506172,      0.512759 ] },
  { "atom" : "C", "xyz" : [     -2.566308,     -2.529015,     -0.918618 ] },
  { "atom" : "C", "xyz" : [     -4.956572,     -1.171511,     -1.144615 ] },
  { "atom" : "C", "xyz" : [     -4.427020,      1.363346,     -1.132409 ] },
  { "atom" : "C", "xyz" : [     -1.630826,      1.513938,     -1.321995 ] },
  { "atom" : "H", "xyz" : [      6.333928,     -1.860615,      1.313289 ] },
  { "atom" : "H", "xyz" : [      5.853743,      2.803200,      2.006420 ] },
  { "atom" : "H", "xyz" : [      1.697741,      4.887959,      1.683974 ] },
  { "atom" : "H", "xyz" : [      2.714467,     -4.525171,      0.160369 ] },
  { "atom" : "H", "xyz" : [     -2.324233,     -4.400703,     -1.779284 ] },
  { "atom" : "H", "xyz" : [     -6.816971,     -2.074721,     -1.127881 ] },
  { "atom" : "H", "xyz" : [     -5.604711,      2.972261,     -0.587962 ] },
  { "atom" : "H", "xyz" : [     -0.604362,      1.829256,     -3.100578 ] },

  Number of auxiliary basis functions:      884

  Since a DF basis is specified, we compute 2- and 3-index integrals:
    o Being stored without compression. Storage requirement is 0.645 GB
       - 3-index ints prep                         0.00
       - 3-index ints                              0.15
       - 2-index ints                              0.01
       - computing inverse                         0.10
        elapsed time:        0.26 sec.


  Number of basis functions:      302
  Number of electrons      :       68


    * METHOD: MOLECULE                             0.29

       - 3-index ints prep                         0.00
       - 3-index ints                              0.13
       - 2-index ints                              0.01
       - computing inverse                         0.07

  Using the coefficient projected to the input geometry 


    * METHOD: LOAD_REF                             0.30

  ---------------------------
      CASSCF calculation     
  ---------------------------

    * nstate   :      2
    * nclosed  :     28
    * nact     :     12
    * nvirt    :    262
  === CASSCF iteration (/home/buehlerm/software/bagel/installation/share/aug-cc-pVDZ.json) ===

    * Using the second-order algorithm

      0  0      -386.74479914     1.06e-02     17.42
      0  1      -386.61905868     0.00e+00     17.42

         res : 5.89e-02   lamb: 1.00e+00   eps : -6.13e-02   step: 1.09e-01    0.06
         res : 1.97e-02   lamb: 1.00e+00   eps : -6.21e-02   step: 1.03e-01    0.06
         res : 5.78e-03   lamb: 1.00e+00   eps : -6.21e-02   step: 1.03e-01    0.06
         res : 1.77e-03   lamb: 1.00e+00   eps : -6.21e-02   step: 1.04e-01    0.06
         res : 5.88e-04   lamb: 1.00e+00   eps : -6.21e-02   step: 1.04e-01    0.06
         res : 1.57e-04   lamb: 1.00e+00   eps : -6.21e-02   step: 1.04e-01    0.06
         res : 5.32e-05   lamb: 1.00e+00   eps : -6.21e-02   step: 1.04e-01    0.06
         res : 1.78e-05   lamb: 1.00e+00   eps : -6.21e-02   step: 1.04e-01    0.06
         res : 8.31e-06   lamb: 1.00e+00   eps : -6.21e-02   step: 1.04e-01    0.06

      1  0      -386.77607069     1.29e-04     19.05
      1  1      -386.65066945     0.00e+00     19.05

         res : 8.02e-03   lamb: 1.00e+00   eps : -1.66e-04   step: 3.64e-02    0.06
         res : 3.33e-03   lamb: 1.00e+00   eps : -1.86e-04   step: 4.56e-02    0.06
         res : 1.07e-03   lamb: 1.00e+00   eps : -1.91e-04   step: 4.99e-02    0.06
         res : 5.61e-04   lamb: 1.00e+00   eps : -1.92e-04   step: 5.10e-02    0.06
         res : 2.27e-04   lamb: 1.00e+00   eps : -1.92e-04   step: 5.11e-02    0.06
         res : 9.14e-05   lamb: 1.00e+00   eps : -1.92e-04   step: 5.12e-02    0.06
         res : 4.00e-05   lamb: 1.00e+00   eps : -1.92e-04   step: 5.12e-02    0.06
         res : 1.94e-05   lamb: 1.00e+00   eps : -1.92e-04   step: 5.12e-02    0.06
         res : 1.01e-05   lamb: 1.00e+00   eps : -1.92e-04   step: 5.12e-02    0.06
         res : 4.64e-06   lamb: 1.00e+00   eps : -1.92e-04   step: 5.12e-02    0.06

      2  0      -386.77607601     3.80e-05     19.16
      2  1      -386.65088942     0.00e+00     19.16

         res : 2.55e-03   lamb: 1.00e+00   eps : -9.60e-06   step: 8.13e-03    0.07
         res : 8.17e-04   lamb: 1.00e+00   eps : -1.16e-05   step: 1.20e-02    0.06
         res : 4.00e-04   lamb: 1.00e+00   eps : -1.20e-05   step: 1.35e-02    0.06
         res : 1.68e-04   lamb: 1.00e+00   eps : -1.21e-05   step: 1.39e-02    0.07
         res : 5.84e-05   lamb: 1.00e+00   eps : -1.21e-05   step: 1.39e-02    0.06
         res : 2.66e-05   lamb: 1.00e+00   eps : -1.21e-05   step: 1.39e-02    0.06
         res : 1.60e-05   lamb: 1.00e+00   eps : -1.21e-05   step: 1.39e-02    0.06
         res : 9.78e-06   lamb: 1.00e+00   eps : -1.21e-05   step: 1.39e-02    0.06
         res : 3.90e-06   lamb: 1.00e+00   eps : -1.21e-05   step: 1.39e-02    0.06
         res : 1.45e-06   lamb: 1.00e+00   eps : -1.21e-05   step: 1.39e-02    0.06
         res : 5.93e-07   lamb: 1.00e+00   eps : -1.21e-05   step: 1.39e-02    0.06

      3  0      -386.77601380     2.01e-05     19.29
      3  1      -386.65096911     0.00e+00     19.29

         res : 1.20e-03   lamb: 1.00e+00   eps : -2.04e-06   step: 3.31e-03    0.06
         res : 3.40e-04   lamb: 1.00e+00   eps : -2.50e-06   step: 5.23e-03    0.06
         res : 1.90e-04   lamb: 1.00e+00   eps : -2.59e-06   step: 5.85e-03    0.06
         res : 7.75e-05   lamb: 1.00e+00   eps : -2.60e-06   step: 6.03e-03    0.06
         res : 2.72e-05   lamb: 1.00e+00   eps : -2.61e-06   step: 6.05e-03    0.06
         res : 1.37e-05   lamb: 1.00e+00   eps : -2.61e-06   step: 6.05e-03    0.06
         res : 9.04e-06   lamb: 1.00e+00   eps : -2.61e-06   step: 6.05e-03    0.06
         res : 5.31e-06   lamb: 1.00e+00   eps : -2.61e-06   step: 6.05e-03    0.06
         res : 2.16e-06   lamb: 1.00e+00   eps : -2.61e-06   step: 6.05e-03    0.06
         res : 9.52e-07   lamb: 1.00e+00   eps : -2.61e-06   step: 6.05e-03    0.06
         res : 3.78e-07   lamb: 1.00e+00   eps : -2.61e-06   step: 6.05e-03    0.06

      4  0      -386.77597156     1.14e-05     19.36
      4  1      -386.65101529     0.00e+00     19.36

         res : 6.13e-04   lamb: 1.00e+00   eps : -5.55e-07   step: 1.57e-03    0.06
         res : 1.63e-04   lamb: 1.00e+00   eps : -6.79e-07   step: 2.54e-03    0.06
         res : 9.58e-05   lamb: 1.00e+00   eps : -7.00e-07   step: 2.84e-03    0.06
         res : 3.96e-05   lamb: 1.00e+00   eps : -7.04e-07   step: 2.92e-03    0.06
         res : 1.41e-05   lamb: 1.00e+00   eps : -7.05e-07   step: 2.94e-03    0.06
         res : 7.25e-06   lamb: 1.00e+00   eps : -7.05e-07   step: 2.93e-03    0.06
         res : 4.78e-06   lamb: 1.00e+00   eps : -7.05e-07   step: 2.93e-03    0.06
         res : 2.70e-06   lamb: 1.00e+00   eps : -7.05e-07   step: 2.93e-03    0.06
         res : 1.14e-06   lamb: 1.00e+00   eps : -7.05e-07   step: 2.93e-03    0.06
         res : 4.81e-07   lamb: 1.00e+00   eps : -7.05e-07   step: 2.93e-03    0.06
         res : 1.82e-07   lamb: 1.00e+00   eps : -7.05e-07   step: 2.93e-03    0.06

      5  0      -386.77594658     6.44e-06     19.35
      5  1      -386.65104136     0.00e+00     19.35

         res : 3.25e-04   lamb: 1.00e+00   eps : -1.62e-07   step: 7.96e-04    0.06
         res : 8.32e-05   lamb: 1.00e+00   eps : -1.98e-07   step: 1.31e-03    0.06
         res : 4.95e-05   lamb: 1.00e+00   eps : -2.03e-07   step: 1.45e-03    0.06
         res : 2.08e-05   lamb: 1.00e+00   eps : -2.04e-07   step: 1.49e-03    0.06
         res : 7.49e-06   lamb: 1.00e+00   eps : -2.04e-07   step: 1.50e-03    0.06
         res : 3.88e-06   lamb: 1.00e+00   eps : -2.04e-07   step: 1.50e-03    0.06
         res : 2.49e-06   lamb: 1.00e+00   eps : -2.04e-07   step: 1.50e-03    0.06
         res : 1.41e-06   lamb: 1.00e+00   eps : -2.04e-07   step: 1.50e-03    0.06
         res : 6.18e-07   lamb: 1.00e+00   eps : -2.04e-07   step: 1.50e-03    0.06
         res : 2.54e-07   lamb: 1.00e+00   eps : -2.04e-07   step: 1.50e-03    0.06
         res : 9.33e-08   lamb: 1.00e+00   eps : -2.04e-07   step: 1.50e-03    0.06

      6  0      -386.77593240     3.62e-06     19.30
      6  1      -386.65105586     0.00e+00     19.30

         res : 1.75e-04   lamb: 1.00e+00   eps : -4.83e-08   step: 4.17e-04    0.06
         res : 4.38e-05   lamb: 1.00e+00   eps : -5.88e-08   step: 6.91e-04    0.06
         res : 2.61e-05   lamb: 1.00e+00   eps : -6.04e-08   step: 7.64e-04    0.06
         res : 1.11e-05   lamb: 1.00e+00   eps : -6.06e-08   step: 7.85e-04    0.06
         res : 4.03e-06   lamb: 1.00e+00   eps : -6.07e-08   step: 7.89e-04    0.06
         res : 2.10e-06   lamb: 1.00e+00   eps : -6.07e-08   step: 7.89e-04    0.06
         res : 1.32e-06   lamb: 1.00e+00   eps : -6.07e-08   step: 7.89e-04    0.06
         res : 7.46e-07   lamb: 1.00e+00   eps : -6.07e-08   step: 7.89e-04    0.06
         res : 3.37e-07   lamb: 1.00e+00   eps : -6.07e-08   step: 7.89e-04    0.06
         res : 1.37e-07   lamb: 1.00e+00   eps : -6.07e-08   step: 7.89e-04    0.06
         res : 4.93e-08   lamb: 1.00e+00   eps : -6.07e-08   step: 7.89e-04    0.06

      7  0      -386.77592448     2.02e-06     19.20
      7  1      -386.65106386     0.00e+00     19.20

         res : 9.52e-05   lamb: 1.00e+00   eps : -1.45e-08   step: 2.22e-04    0.06
         res : 2.34e-05   lamb: 1.00e+00   eps : -1.76e-08   step: 3.70e-04    0.06
         res : 1.39e-05   lamb: 1.00e+00   eps : -1.81e-08   step: 4.08e-04    0.06
         res : 5.94e-06   lamb: 1.00e+00   eps : -1.82e-08   step: 4.19e-04    0.06
         res : 2.18e-06   lamb: 1.00e+00   eps : -1.82e-08   step: 4.22e-04    0.06
         res : 1.14e-06   lamb: 1.00e+00   eps : -1.82e-08   step: 4.22e-04    0.06
         res : 7.02e-07   lamb: 1.00e+00   eps : -1.82e-08   step: 4.22e-04    0.06
         res : 3.99e-07   lamb: 1.00e+00   eps : -1.82e-08   step: 4.22e-04    0.06
         res : 1.84e-07   lamb: 1.00e+00   eps : -1.82e-08   step: 4.22e-04    0.06
         res : 7.42e-08   lamb: 1.00e+00   eps : -1.82e-08   step: 4.22e-04    0.06
         res : 2.65e-08   lamb: 1.00e+00   eps : -1.82e-08   step: 4.22e-04    0.06

      8  0      -386.77592010     1.12e-06     19.37
      8  1      -386.65106828     0.00e+00     19.37

         res : 5.19e-05   lamb: 1.00e+00   eps : -4.38e-09   step: 1.20e-04    0.06
         res : 1.26e-05   lamb: 1.00e+00   eps : -5.31e-09   step: 2.00e-04    0.06
         res : 7.50e-06   lamb: 1.00e+00   eps : -5.43e-09   step: 2.20e-04    0.06
         res : 3.21e-06   lamb: 1.00e+00   eps : -5.46e-09   step: 2.26e-04    0.06
         res : 1.19e-06   lamb: 1.00e+00   eps : -5.46e-09   step: 2.27e-04    0.06
         res : 6.21e-07   lamb: 1.00e+00   eps : -5.46e-09   step: 2.27e-04    0.06
         res : 3.78e-07   lamb: 1.00e+00   eps : -5.46e-09   step: 2.27e-04    0.06
         res : 2.16e-07   lamb: 1.00e+00   eps : -5.46e-09   step: 2.27e-04    0.06
         res : 1.00e-07   lamb: 1.00e+00   eps : -5.46e-09   step: 2.27e-04    0.06
         res : 4.05e-08   lamb: 1.00e+00   eps : -5.46e-09   step: 2.27e-04    0.06
         res : 1.44e-08   lamb: 1.00e+00   eps : -5.46e-09   step: 2.27e-04    0.06

      9  0      -386.77591767     6.20e-07     19.29
      9  1      -386.65107071     0.00e+00     19.29

         res : 2.84e-05   lamb: 1.00e+00   eps : -1.32e-09   step: 6.49e-05    0.06
         res : 6.87e-06   lamb: 1.00e+00   eps : -1.60e-09   step: 1.09e-04    0.06
         res : 4.07e-06   lamb: 1.00e+00   eps : -1.64e-09   step: 1.20e-04    0.06
         res : 1.74e-06   lamb: 1.00e+00   eps : -1.64e-09   step: 1.23e-04    0.06
         res : 6.47e-07   lamb: 1.00e+00   eps : -1.64e-09   step: 1.23e-04    0.06
         res : 3.39e-07   lamb: 1.00e+00   eps : -1.64e-09   step: 1.23e-04    0.06
         res : 2.05e-07   lamb: 1.00e+00   eps : -1.64e-09   step: 1.23e-04    0.06
         res : 1.17e-07   lamb: 1.00e+00   eps : -1.64e-09   step: 1.23e-04    0.06
         res : 5.50e-08   lamb: 1.00e+00   eps : -1.64e-09   step: 1.23e-04    0.06
         res : 2.21e-08   lamb: 1.00e+00   eps : -1.64e-09   step: 1.23e-04    0.06
         res : 7.83e-09   lamb: 1.00e+00   eps : -1.64e-09   step: 1.23e-04    0.06

     10  0      -386.77591634     3.42e-07     19.35
     10  1      -386.65107205     0.00e+00     19.35

         res : 1.55e-05   lamb: 1.00e+00   eps : -3.98e-10   step: 3.53e-05    0.06
         res : 3.74e-06   lamb: 1.00e+00   eps : -4.82e-10   step: 5.93e-05    0.06
         res : 2.21e-06   lamb: 1.00e+00   eps : -4.92e-10   step: 6.51e-05    0.06
         res : 9.48e-07   lamb: 1.00e+00   eps : -4.94e-10   step: 6.67e-05    0.06
         res : 3.54e-07   lamb: 1.00e+00   eps : -4.95e-10   step: 6.71e-05    0.06
         res : 1.86e-07   lamb: 1.00e+00   eps : -4.95e-10   step: 6.71e-05    0.06
         res : 1.12e-07   lamb: 1.00e+00   eps : -4.95e-10   step: 6.71e-05    0.06
         res : 6.37e-08   lamb: 1.00e+00   eps : -4.95e-10   step: 6.71e-05    0.06
         res : 3.01e-08   lamb: 1.00e+00   eps : -4.95e-10   step: 6.71e-05    0.06
         res : 1.21e-08   lamb: 1.00e+00   eps : -4.95e-10   step: 6.71e-05    0.06
         res : 4.27e-09   lamb: 1.00e+00   eps : -4.95e-10   step: 6.71e-05    0.06

     11  0      -386.77591561     1.89e-07     19.30
     11  1      -386.65107278     0.00e+00     19.30

         res : 8.51e-06   lamb: 1.00e+00   eps : -1.20e-10   step: 1.93e-05    0.06
         res : 2.04e-06   lamb: 1.00e+00   eps : -1.45e-10   step: 3.24e-05    0.06
         res : 1.21e-06   lamb: 1.00e+00   eps : -1.48e-10   step: 3.55e-05    0.06
         res : 5.17e-07   lamb: 1.00e+00   eps : -1.49e-10   step: 3.64e-05    0.06
         res : 1.93e-07   lamb: 1.00e+00   eps : -1.49e-10   step: 3.66e-05    0.06
         res : 1.02e-07   lamb: 1.00e+00   eps : -1.49e-10   step: 3.66e-05    0.06
         res : 6.08e-08   lamb: 1.00e+00   eps : -1.49e-10   step: 3.66e-05    0.06
         res : 3.47e-08   lamb: 1.00e+00   eps : -1.49e-10   step: 3.66e-05    0.06
         res : 1.65e-08   lamb: 1.00e+00   eps : -1.49e-10   step: 3.66e-05    0.06
         res : 6.65e-09   lamb: 1.00e+00   eps : -1.49e-10   step: 3.66e-05    0.06
         res : 2.34e-09   lamb: 1.00e+00   eps : -1.49e-10   step: 3.66e-05    0.06

     12  0      -386.77591520     1.04e-07     19.20
     12  1      -386.65107319     0.00e+00     19.20

         res : 4.66e-06   lamb: 1.00e+00   eps : -3.61e-11   step: 1.05e-05    0.06
         res : 1.12e-06   lamb: 1.00e+00   eps : -4.37e-11   step: 1.77e-05    0.06
         res : 6.60e-07   lamb: 1.00e+00   eps : -4.47e-11   step: 1.94e-05    0.06
         res : 2.83e-07   lamb: 1.00e+00   eps : -4.48e-11   step: 1.99e-05    0.06
         res : 1.06e-07   lamb: 1.00e+00   eps : -4.49e-11   step: 2.00e-05    0.06
         res : 5.56e-08   lamb: 1.00e+00   eps : -4.49e-11   step: 2.00e-05    0.06
         res : 3.33e-08   lamb: 1.00e+00   eps : -4.49e-11   step: 2.00e-05    0.06
         res : 1.90e-08   lamb: 1.00e+00   eps : -4.49e-11   step: 2.00e-05    0.06
         res : 9.05e-09   lamb: 1.00e+00   eps : -4.49e-11   step: 2.00e-05    0.06
         res : 3.64e-09   lamb: 1.00e+00   eps : -4.49e-11   step: 2.00e-05    0.06

     13  0      -386.77591498     5.71e-08     19.11
     13  1      -386.65107341     0.00e+00     19.11

         res : 2.56e-06   lamb: 1.00e+00   eps : -1.09e-11   step: 5.77e-06    0.06
         res : 6.13e-07   lamb: 1.00e+00   eps : -1.32e-11   step: 9.70e-06    0.06
         res : 3.61e-07   lamb: 1.00e+00   eps : -1.35e-11   step: 1.06e-05    0.06
         res : 1.55e-07   lamb: 1.00e+00   eps : -1.35e-11   step: 1.09e-05    0.06
         res : 5.81e-08   lamb: 1.00e+00   eps : -1.35e-11   step: 1.10e-05    0.06
         res : 3.05e-08   lamb: 1.00e+00   eps : -1.35e-11   step: 1.10e-05    0.06
         res : 1.82e-08   lamb: 1.00e+00   eps : -1.35e-11   step: 1.10e-05    0.06
         res : 1.04e-08   lamb: 1.00e+00   eps : -1.35e-11   step: 1.10e-05    0.06
         res : 4.97e-09   lamb: 1.00e+00   eps : -1.35e-11   step: 1.10e-05    0.06

     14  0      -386.77591486     3.14e-08     19.43
     14  1      -386.65107353     0.00e+00     19.43

         res : 1.40e-06   lamb: 1.00e+00   eps : -3.28e-12   step: 3.16e-06    0.07
         res : 3.36e-07   lamb: 1.00e+00   eps : -3.97e-12   step: 5.31e-06    0.06
         res : 1.98e-07   lamb: 1.00e+00   eps : -4.05e-12   step: 5.83e-06    0.06
         res : 8.48e-08   lamb: 1.00e+00   eps : -4.07e-12   step: 5.97e-06    0.07
         res : 3.19e-08   lamb: 1.00e+00   eps : -4.07e-12   step: 6.01e-06    0.06
         res : 1.68e-08   lamb: 1.00e+00   eps : -4.07e-12   step: 6.01e-06    0.06
         res : 1.00e-08   lamb: 1.00e+00   eps : -4.07e-12   step: 6.01e-06    0.07
         res : 5.73e-09   lamb: 1.00e+00   eps : -4.07e-12   step: 6.01e-06    0.07
         res : 2.73e-09   lamb: 1.00e+00   eps : -4.07e-12   step: 6.01e-06    0.07

     15  0      -386.77591479     1.72e-08     19.78
     15  1      -386.65107360     0.00e+00     19.78

         res : 7.70e-07   lamb: 1.00e+00   eps : -9.88e-13   step: 1.73e-06    0.07
         res : 1.84e-07   lamb: 1.00e+00   eps : -1.19e-12   step: 2.91e-06    0.06
         res : 1.08e-07   lamb: 1.00e+00   eps : -1.22e-12   step: 3.19e-06    0.07
         res : 4.64e-08   lamb: 1.00e+00   eps : -1.23e-12   step: 3.27e-06    0.06
         res : 1.75e-08   lamb: 1.00e+00   eps : -1.23e-12   step: 3.29e-06    0.06
         res : 9.23e-09   lamb: 1.00e+00   eps : -1.23e-12   step: 3.29e-06    0.06
         res : 5.51e-09   lamb: 1.00e+00   eps : -1.23e-12   step: 3.29e-06    0.06
         res : 3.14e-09   lamb: 1.00e+00   eps : -1.23e-12   step: 3.29e-06    0.06

     16  0      -386.77591476     9.46e-09     19.70
     16  1      -386.65107363     0.00e+00     19.70

    * Second-order optimization converged. *   

    * Integral transformation done. Elapsed time: 0.09

       - jop, kop                                  0.00
       - denom                                     0.02
     guess   0:   closed 111111......         open ............        
     guess   1:   closed 11111.......         open .....11.....        

  === FCI iteration ===

      0  0      -386.63667678     3.73e-04      0.62
      0  1      -386.50654233     3.72e-04      0.00

      1  0      -386.74781874     1.89e-04      0.63
      1  1      -386.61614001     1.95e-04      0.00

      2  0      -386.77042112     9.27e-05      0.63
      2  1      -386.64180260     1.02e-04      0.00

      3  0      -386.77500372     4.07e-05      0.64
      3  1      -386.64819024     5.54e-05      0.00

      4  0      -386.77576136     1.68e-05      0.62
      4  1      -386.65005311     3.26e-05      0.00

      5  0      -386.77588386     7.22e-06      0.62
      5  1      -386.65071516     2.03e-05      0.00

      6  0      -386.77590692     3.55e-06      0.62
      6  1      -386.65095236     1.19e-05      0.00

      7  0      -386.77591263     1.83e-06      0.62
      7  1      -386.65102932     6.41e-06      0.00

      8  0      -386.77591422     9.11e-07      0.62
      8  1      -386.65105367     3.80e-06      0.00

      9  0      -386.77591462     4.60e-07      0.62
      9  1      -386.65106400     2.80e-06      0.00

     10  0      -386.77591472     2.41e-07      0.61
     10  1      -386.65106930     2.07e-06      0.00

     11  0      -386.77591475     1.17e-07      0.61
     11  1      -386.65107187     1.35e-06      0.00

     12  0      -386.77591475     5.28e-08      0.61
     12  1      -386.65107294     8.78e-07      0.00

     13  0      -386.77591476     2.46e-08      0.62
     13  1      -386.65107338     5.53e-07      0.00

     14  0      -386.77591476     1.21e-08      0.63
     14  1      -386.65107355     3.21e-07      0.00

     15  0      -386.77591476     5.70e-09      0.63
     15  1      -386.65107361     1.73e-07      0.00

     16  0      -386.77591476     2.60e-09      0.63
     16  1      -386.65107362     9.72e-08      0.00

     17  0      -386.77591476     1.29e-09      0.63
     17  1      -386.65107363     6.12e-08      0.00

     18  0      -386.77591476     7.02e-10      0.63
     18  1      -386.65107363     3.96e-08      0.00

     19  0      -386.77591476     3.92e-10      0.63
     19  1      -386.65107363     2.38e-08      0.00
    ** throwing out 2 trial vectors **

     20  0      -386.77591476     2.05e-10      0.64
     20  1      -386.65107363     1.33e-08      0.00
    ** throwing out 2 trial vectors **

     21  0 *    -386.77591476     9.54e-11      0.54
     21  1      -386.65107363     7.15e-09      0.00
    ** throwing out 1 trial vectors **

     22  0 *    -386.77591476     9.18e-11      0.34
     22  1      -386.65107363     3.82e-09      0.00
    ** throwing out 1 trial vectors **

     23  0 *    -386.77591476     9.07e-11      0.34
     23  1      -386.65107363     2.02e-09      0.00
    ** throwing out 1 trial vectors **

     24  0 *    -386.77591476     9.04e-11      0.34
     24  1      -386.65107363     1.10e-09      0.00
    ** throwing out 1 trial vectors **

     25  0 *    -386.77591476     9.02e-11      0.34
     25  1      -386.65107363     6.23e-10      0.00
    ** throwing out 1 trial vectors **

     26  0 *    -386.77591476     9.01e-11      0.34
     26  1      -386.65107363     3.56e-10      0.00
    ** throwing out 1 trial vectors **

     27  0 *    -386.77591476     9.01e-11      0.33
     27  1      -386.65107363     1.96e-10      0.00
    ** throwing out 1 trial vectors **

     28  0 *    -386.77591476     9.00e-11      0.33
     28  1      -386.65107363     1.07e-10      0.00
    ** throwing out 1 trial vectors **

     29  0 *    -386.77591476     9.01e-11      0.23
     29  1 *    -386.65107363     5.92e-11      0.00

     * ci vector   0, <S^2> = -0.0000, E =     -386.77591476
       222222......    -0.8389425109
       22222ab.....    -0.2250631702
       22222ba.....    -0.2250631702
       22222..2....     0.0750362236
       222.22..2...     0.0671334023
       2222.2.2....     0.0648233180
       22222b.a....    -0.0549620608
       22222a.b....    -0.0549620608
       2222.2..2...     0.0516781536
       22.222.2....     0.0500876008

     * ci vector   1, <S^2> = 0.0000, E =     -386.65107363
       22222ab.....     0.5795593184
       22222ba.....     0.5795593184
       222222......    -0.3077935947
       22222..2....     0.0688363678
       2222abba....    -0.0663083618
       2222baab....    -0.0663083618
       222a2bb.a...     0.0600904465
       222b2aa.b...     0.0600904465
       22222.ba....    -0.0582022722
       22222.ab....    -0.0582022722
       2b222a2.....    -0.0557218699
       2a222b2.....    -0.0557218699
       2222.ab2....    -0.0528115153
       2222.ba2....    -0.0528115153
       222.2ab.2...    -0.0514421945
       222.2ba.2...    -0.0514421945

    * METHOD: CASSCF                             344.85


    * METHOD: PRINT                                0.07


    * METHOD: SAVE_REF                             0.18

  === SMITH program ===

    * freezing 10 orbitals
    * SS-SR internal contraction is used

    * Approximate memory requirement for SMITH calculation per MPI process:
      o Storage requirement for T-amplitude, lambda, and residual is 0.43 GB
      o Storage requirement for MO integrals is 0.03 GB
       - MO integral evaluation                    0.71

  ++ State-averaged Fock matrix over basis states ++

                         0                   1
     0       -4.5919131791       -0.0400722060
     1       -0.0400722060       -4.3756446380


  ++ Extended multi-state CASPT2 (XMS-CASPT2) rotation matrix ++

                         0                   1
     0       -0.9842980409        0.1765144940
     1       -0.1765144940       -0.9842980409


     * ci vector, state   0, <S^2> = -0.0000
       222222......     0.8800995005
       22222ba.....     0.1192286177
       22222ab.....     0.1192286177
       22222..2....    -0.0860086245
       222.22..2...    -0.0688489960
       2222.2.2....    -0.0638700622
       22222b.a....     0.0573883240
       22222a.b....     0.0573883240
       2222.2..2...    -0.0552613348
       22.222.2....    -0.0524951119

     * ci vector, state   1, <S^2> = -0.0000
       22222ab.....    -0.6101860133
       22222ba.....    -0.6101860133
       222222......     0.1548751195
       2222abba....     0.0721525897
       2222baab....     0.0721525897
       222a2bb.a...    -0.0675037175
       222b2aa.b...    -0.0675037175
       22222.ba....     0.0632321089
       22222.ab....     0.0632321089
       2b222a2.....     0.0610748307
       2a222b2.....     0.0610748307
       2222.ab2....     0.0558195704
       2222.ba2....     0.0558195704
       222.2ab.2...     0.0545636584
       222.2ba.2...     0.0545636584
       22222..2....    -0.0545105209
       2222aabb....    -0.0512479400
       2222bbaa....    -0.0512479400

  ++ Reference energies in XMS basis ++

                         0                   1
     0     -386.7720250350        0.0216902551
     1        0.0216902551     -386.6549633534

    * Calculating and saving rdm4f

    * Third and Fock-weighted fourth order RDM ( 1, 1) evaluation
      will be done with 40 passes
       - RDM evaluation (multipassing)            35.53
    * Third and Fock-weighted fourth order RDM ( 2, 1) evaluation
      will be done with 40 passes
       - RDM evaluation (multipassing)            58.60
    * Third and Fock-weighted fourth order RDM ( 1, 2) evaluation
      will be done with 40 passes
       - RDM evaluation (multipassing)            58.68
    * Third and Fock-weighted fourth order RDM ( 2, 2) evaluation
      will be done with 40 passes
       - RDM evaluation (multipassing)            35.77
    - linear dependency detected:    1 /  288    min eigenvalue:    -1.2461e-14    max eigenvalue:    -1.2461e-14
    - linear dependency detected:    1 /  288    min eigenvalue:     2.0379e-14    max eigenvalue:     2.0379e-14
    - linear dependency detected:   12 / 1728    min eigenvalue:    -1.3727e-13    max eigenvalue:     1.0724e-13
    - linear dependency detected:   12 / 1728    min eigenvalue:    -6.5537e-14    max eigenvalue:     8.3964e-14
    - linear dependency detected:   12 / 1728    min eigenvalue:    -3.1049e-15    max eigenvalue:     2.2771e-15
    - linear dependency detected:   12 / 1728    min eigenvalue:    -2.9781e-15    max eigenvalue:     5.3666e-15
       - RDM + denominator evaluation            224.05

    * Zeroth order energy : state  0       -4.5990993411
    * Zeroth order energy : state  1       -4.3684584760

    * CASPT2 iteration is performed using redundant basis

      ---- iteration ----

        0    -1.04582581     0.00213474      6.06
        1    -1.04804233     0.00023283      6.25
        2    -1.04807015     0.00002860      6.58
        3    -1.04807061     0.00000426      6.38
        4    -1.04807062     0.00000060      6.26

        0    -1.06801424     0.00209325      6.65
        1    -1.07034768     0.00023014      6.28
        2    -1.07037832     0.00002874      6.27
        3    -1.07037883     0.00000430      6.87
        4    -1.07037884     0.00000062      6.29

      -------------------

       - CASPT2 energy evaluation                 65.42

    * CASPT2 energy : state  0     -387.9760905942
        w/o shift correction       -387.8200956513
        reference weight              0.7622009976

    * CASPT2 energy : state  1     -387.8893252525
        w/o shift correction       -387.7253421981
        reference weight              0.7530312659


    * MS-CASPT2 Heff
           -387.9760905942        0.0178667778
              0.0178667778     -387.8893252525


    * MS-CASPT2 rotation matrix
             -0.9809824526       -0.1940964389
              0.1940964389       -0.9809824526


    * XMS-CASPT2 rotation matrix
              0.9998399410        0.0178911234
             -0.0178911234        0.9998399410

    * MS-CASPT2 energy : state  0     -387.9796257013
    * MS-CASPT2 energy : state  1     -387.8857901455



    * METHOD: SMITH                              299.74


  
  ===============================================================

