    * Using parallel algorithm in FCI.
    * Parallel algorithm will be used.
  ---------------------------
        FCI calculation      
  ---------------------------

 Constructing space of all determinants that can formed by removing 1 electron from 6 alpha and 6 beta electrons.

 Space is made up of 4 determinants.
  o forming links
    * Integral transformation done. Elapsed time: 0.09

       - jop, kop                                  0.00
       - denom                                     0.02
     guess   0:   closed 111111......         open ............        
     guess   1:   closed 11111.......         open .....11.....        

  === FCI iteration ===

      0  0      -386.56498210     3.77e-04      0.61
      0  1      -386.39836710     3.71e-04      0.00

      1  0      -386.67886086     1.89e-04      0.61
      1  1      -386.51013487     1.95e-04      0.00

      2  0      -386.70114135     9.23e-05      0.61
      2  1      -386.53558314     1.06e-04      0.00

      3  0      -386.70562546     4.18e-05      0.61
      3  1      -386.54245168     5.87e-05      0.00

      4  0      -386.70643343     1.75e-05      0.61
      4  1      -386.54450033     3.37e-05      0.00

      5  0      -386.70656792     8.03e-06      0.61
      5  1      -386.54515982     2.07e-05      0.00

      6  0      -386.70659471     4.19e-06      0.61
      6  1      -386.54540198     1.25e-05      0.00

      7  0      -386.70660247     2.25e-06      0.62
      7  1      -386.54548990     7.80e-06      0.00

      8  0      -386.70660463     1.16e-06      0.62
      8  1      -386.54552172     5.02e-06      0.00

      9  0      -386.70660517     5.74e-07      0.62
      9  1      -386.54553464     3.34e-06      0.00

     10  0      -386.70660530     2.95e-07      0.62
     10  1      -386.54554022     2.17e-06      0.00

     11  0      -386.70660534     1.41e-07      0.62
     11  1      -386.54554249     1.28e-06      0.00

     12  0      -386.70660534     6.63e-08      0.62
     12  1      -386.54554322     7.25e-07      0.00

     13  0      -386.70660535     3.11e-08      0.63
     13  1      -386.54554347     4.21e-07      0.00

     14  0      -386.70660535     1.54e-08      0.63
     14  1      -386.54554356     2.64e-07      0.00

     15  0      -386.70660535     7.26e-09      0.63
     15  1      -386.54554360     1.66e-07      0.00

     16  0      -386.70660535     3.17e-09      0.63
     16  1      -386.54554362     1.01e-07      0.00

     17  0      -386.70660535     1.34e-09      0.63
     17  1      -386.54554362     6.31e-08      0.00

     18  0      -386.70660535     5.77e-10      0.63
     18  1      -386.54554362     4.07e-08      0.00

     19  0      -386.70660535     2.58e-10      0.63
     19  1      -386.54554362     2.62e-08      0.00
    ** throwing out 2 trial vectors **

     20  0      -386.70660535     1.16e-10      0.65
     20  1      -386.54554363     1.59e-08      0.00
    ** throwing out 2 trial vectors **

     21  0 *    -386.70660535     5.13e-11      0.55
     21  1      -386.54554363     8.86e-09      0.00
    ** throwing out 1 trial vectors **

     22  0 *    -386.70660535     5.13e-11      0.34
     22  1      -386.54554363     4.86e-09      0.00
    ** throwing out 1 trial vectors **

     23  0 *    -386.70660535     5.12e-11      0.34
     23  1      -386.54554363     2.83e-09      0.00
    ** throwing out 1 trial vectors **

     24  0 *    -386.70660535     5.12e-11      0.34
     24  1      -386.54554363     1.64e-09      0.00
    ** throwing out 1 trial vectors **

     25  0 *    -386.70660535     5.12e-11      0.34
     25  1      -386.54554363     9.68e-10      0.00
    ** throwing out 1 trial vectors **

     26  0 *    -386.70660535     5.13e-11      0.33
     26  1      -386.54554363     5.96e-10      0.00
    ** throwing out 1 trial vectors **

     27  0 *    -386.70660535     5.12e-11      0.33
     27  1      -386.54554363     3.66e-10      0.00
    ** throwing out 1 trial vectors **

     28  0 *    -386.70660535     5.12e-11      0.34
     28  1      -386.54554363     2.15e-10      0.00
    ** throwing out 1 trial vectors **

     29  0 *    -386.70660535     5.10e-11      0.34
     29  1      -386.54554363     1.24e-10      0.00
    ** throwing out 1 trial vectors **

     30  0 *    -386.70660535     5.09e-11      0.24
     30  1 *    -386.54554363     6.89e-11      0.00

     * ci vector   0, <S^2> = 0.0000, E =     -386.70660535
       222222......    -0.8977539913
       222.22.2....     0.0741196212
       22222b.a....    -0.0601242972
       22222a.b....    -0.0601242972
       2222.2.2....     0.0574913984
       22.2222.....     0.0542785142
       .22222.....2     0.0526547096
       2222.22.....     0.0504487729

     * ci vector   1, <S^2> = 0.0000, E =     -386.54554363
       22222ba.....     0.6137168738
       22222ab.....     0.6137168738
       22222.2.....    -0.0890859582
       22a22bb..a..     0.0568598366
       22b22aa..b..     0.0568598366
       22222b.a....     0.0554429213
       22222a.b....     0.0554429213
       - FCI and RDMs                             18.10
    * Integral transformation done. Elapsed time: 0.08

       - jop, kop                                  0.00
       - denom                                     0.02
     guess   0:   closed 111111......         open ............        
     guess   1:   closed 11111.......         open .....11.....        

  === FCI iteration ===

      0  0      -386.64326173     3.75e-04      0.60
      0  1      -386.47596458     3.72e-04      0.00

      1  0      -386.75558642     1.83e-04      0.61
      1  1      -386.58669194     1.93e-04      0.00

      2  0      -386.77605145     8.64e-05      0.61
      2  1      -386.61164008     1.04e-04      0.00

      3  0      -386.77985395     3.78e-05      0.61
      3  1      -386.61805655     5.47e-05      0.00

      4  0      -386.78048495     1.59e-05      0.61
      4  1      -386.61976299     2.90e-05      0.00

      5  0      -386.78059012     7.25e-06      0.61
      5  1      -386.62022184     1.60e-05      0.00

      6  0      -386.78061246     3.62e-06      0.61
      6  1      -386.62034600     8.91e-06      0.00

      7  0      -386.78061817     1.91e-06      0.62
      7  1      -386.62038195     4.84e-06      0.00

      8  0      -386.78061963     9.91e-07      0.61
      8  1      -386.62039305     2.71e-06      0.00

      9  0      -386.78062001     4.99e-07      0.61
      9  1      -386.62039716     1.80e-06      0.00

     10  0      -386.78062010     2.50e-07      0.61
     10  1      -386.62039909     1.34e-06      0.00

     11  0      -386.78062013     1.19e-07      0.61
     11  1      -386.62040004     9.15e-07      0.00

     12  0      -386.78062013     5.53e-08      0.61
     12  1      -386.62040044     5.57e-07      0.00

     13  0      -386.78062014     2.55e-08      0.64
     13  1      -386.62040059     3.32e-07      0.00

     14  0      -386.78062014     1.29e-08      0.64
     14  1      -386.62040064     2.02e-07      0.00

     15  0      -386.78062014     6.36e-09      0.66
     15  1      -386.62040066     1.25e-07      0.00

     16  0      -386.78062014     2.96e-09      0.66
     16  1      -386.62040067     7.84e-08      0.00

     17  0      -386.78062014     1.31e-09      0.64
     17  1      -386.62040067     4.89e-08      0.00

     18  0      -386.78062014     5.67e-10      0.65
     18  1      -386.62040067     2.94e-08      0.00

     19  0      -386.78062014     2.47e-10      0.66
     19  1      -386.62040067     1.76e-08      0.00
    ** throwing out 2 trial vectors **

     20  0      -386.78062014     1.07e-10      0.66
     20  1      -386.62040067     1.07e-08      0.00
    ** throwing out 2 trial vectors **

     21  0 *    -386.78062014     4.76e-11      0.55
     21  1      -386.62040067     6.33e-09      0.00
    ** throwing out 1 trial vectors **

     22  0 *    -386.78062014     4.44e-11      0.35
     22  1      -386.62040067     3.58e-09      0.00
    ** throwing out 1 trial vectors **

     23  0 *    -386.78062014     4.38e-11      0.35
     23  1      -386.62040067     2.05e-09      0.00
    ** throwing out 1 trial vectors **

     24  0 *    -386.78062014     4.38e-11      0.35
     24  1      -386.62040067     1.14e-09      0.00
    ** throwing out 1 trial vectors **

     25  0 *    -386.78062014     4.38e-11      0.35
     25  1      -386.62040067     6.14e-10      0.00
    ** throwing out 1 trial vectors **

     26  0 *    -386.78062014     4.38e-11      0.35
     26  1      -386.62040067     3.41e-10      0.00
    ** throwing out 1 trial vectors **

     27  0 *    -386.78062014     4.38e-11      0.35
     27  1      -386.62040067     1.96e-10      0.00
    ** throwing out 1 trial vectors **

     28  0 *    -386.78062014     4.38e-11      0.35
     28  1      -386.62040067     1.12e-10      0.00
    ** throwing out 1 trial vectors **

     29  0 *    -386.78062014     4.38e-11      0.24
     29  1 *    -386.62040067     6.48e-11      0.00

     * ci vector   0, <S^2> = -0.0000, E =     -386.78062014
       222222......    -0.9009647988
       222.22.2....     0.0786527417
       2222.2.2....     0.0714205586
       222ab2.2....     0.0664967468
       222ba2.2....     0.0664967468
       22222ab.....    -0.0593073828
       22222ba.....    -0.0593073828
       2222.22.....     0.0556464876
       22222....2..     0.0536594625
       .22222.....2     0.0526670085

     * ci vector   1, <S^2> = 0.0000, E =     -386.62040067
       22222ba.....    -0.6210152598
       22222ab.....    -0.6210152598
       222222......     0.0906059140
       22b22aa..b..    -0.0596872160
       22a22bb..a..    -0.0596872160
       222.2ba2....     0.0555887302
       222.2ab2....     0.0555887302
       2222baab....     0.0552837583
       2222abba....     0.0552837583
       2222.ba2....     0.0520029242
       2222.ab2....     0.0520029242
       - FCI and RDMs                             18.05
    * Integral transformation done. Elapsed time: 0.08

       - jop, kop                                  0.00
       - denom                                     0.02
     guess   0:   closed 111111......         open ............        
     guess   1:   closed 11111.......         open .....11.....        

  === FCI iteration ===

      0  0      -386.64307001     3.77e-04      0.62
      0  1      -386.47537762     3.74e-04      0.00

      1  0      -386.75597986     1.84e-04      0.63
      1  1      -386.58690933     1.95e-04      0.00

      2  0      -386.77650416     8.68e-05      0.63
      2  1      -386.61231641     1.05e-04      0.00

      3  0      -386.78031289     3.81e-05      0.61
      3  1      -386.61884454     5.50e-05      0.00

      4  0      -386.78094741     1.60e-05      0.63
      4  1      -386.62055844     2.90e-05      0.00

      5  0      -386.78105329     7.29e-06      0.64
      5  1      -386.62101833     1.59e-05      0.00

      6  0      -386.78107564     3.62e-06      0.64
      6  1      -386.62114227     8.86e-06      0.00

      7  0      -386.78108129     1.92e-06      0.64
      7  1      -386.62117781     4.87e-06      0.00

      8  0      -386.78108275     9.95e-07      0.62
      8  1      -386.62118896     2.77e-06      0.00

      9  0      -386.78108313     5.03e-07      0.64
      9  1      -386.62119324     1.88e-06      0.00

     10  0      -386.78108322     2.51e-07      0.64
     10  1      -386.62119531     1.40e-06      0.00

     11  0      -386.78108325     1.20e-07      0.64
     11  1      -386.62119635     9.60e-07      0.00

     12  0      -386.78108325     5.52e-08      0.63
     12  1      -386.62119678     5.77e-07      0.00

     13  0      -386.78108325     2.53e-08      0.65
     13  1      -386.62119694     3.39e-07      0.00

     14  0      -386.78108325     1.28e-08      0.65
     14  1      -386.62119700     2.07e-07      0.00

     15  0      -386.78108325     6.34e-09      0.64
     15  1      -386.62119702     1.29e-07      0.00

     16  0      -386.78108325     2.96e-09      0.64
     16  1      -386.62119703     8.14e-08      0.00

     17  0      -386.78108325     1.30e-09      0.65
     17  1      -386.62119703     5.05e-08      0.00

     18  0      -386.78108325     5.59e-10      0.65
     18  1      -386.62119703     3.02e-08      0.00

     19  0      -386.78108325     2.46e-10      0.64
     19  1      -386.62119703     1.82e-08      0.00
    ** throwing out 2 trial vectors **

     20  0      -386.78108325     1.07e-10      0.64
     20  1      -386.62119703     1.11e-08      0.00
    ** throwing out 2 trial vectors **

     21  0 *    -386.78108325     4.77e-11      0.55
     21  1      -386.62119703     6.68e-09      0.00
    ** throwing out 1 trial vectors **

     22  0 *    -386.78108325     4.36e-11      0.35
     22  1      -386.62119703     3.83e-09      0.00
    ** throwing out 1 trial vectors **

     23  0 *    -386.78108325     4.29e-11      0.34
     23  1      -386.62119703     2.24e-09      0.00
    ** throwing out 1 trial vectors **

     24  0 *    -386.78108325     4.28e-11      0.36
     24  1      -386.62119703     1.26e-09      0.00
    ** throwing out 1 trial vectors **

     25  0 *    -386.78108325     4.28e-11      0.37
     25  1      -386.62119703     7.12e-10      0.00
    ** throwing out 1 trial vectors **

     26  0 *    -386.78108325     4.28e-11      0.37
     26  1      -386.62119703     4.14e-10      0.00
    ** throwing out 1 trial vectors **

     27  0 *    -386.78108325     4.28e-11      0.35
     27  1      -386.62119703     2.43e-10      0.00
    ** throwing out 1 trial vectors **

     28  0 *    -386.78108325     4.28e-11      0.36
     28  1      -386.62119703     1.39e-10      0.00
    ** throwing out 1 trial vectors **

     29  0 *    -386.78108325     4.28e-11      0.25
     29  1 *    -386.62119703     8.01e-11      0.00

     * ci vector   0, <S^2> = -0.0000, E =     -386.78108325
       222222......    -0.9002275932
       222.22.2....     0.0781250425
       2222.2.2....     0.0695388129
       22222ba.....    -0.0665276495
       22222ab.....    -0.0665276495
       222ba2.2....     0.0648025432
       222ab2.2....     0.0648025432
       2222.22.....     0.0565849089
       22222....2..     0.0533121406
       .22222.....2     0.0523435807

     * ci vector   1, <S^2> = 0.0000, E =     -386.62119703
       22222ba.....    -0.6200340952
       22222ab.....    -0.6200340952
       222222......     0.1017851570
       22a22bb..a..     0.0570148398
       22b22aa..b..     0.0570148398
       2222abba....    -0.0559149472
       2222baab....    -0.0559149472
       222.2ba2....     0.0552376440
       222.2ab2....     0.0552376440
       2222.ba2....     0.0512053544
       2222.ab2....     0.0512053544
       - FCI and RDMs                             18.42
    * Integral transformation done. Elapsed time: 0.09

       - jop, kop                                  0.00
       - denom                                     0.02
     guess   0:   closed 111111......         open ............        
     guess   1:   closed 11111.......         open .....11.....        

  === FCI iteration ===

      0  0      -386.64310441     3.77e-04      0.64
      0  1      -386.47470410     3.75e-04      0.00

      1  0      -386.75616677     1.84e-04      0.65
      1  1      -386.58647973     1.96e-04      0.00

      2  0      -386.77662658     8.66e-05      0.63
      2  1      -386.61224702     1.06e-04      0.00

      3  0      -386.78040153     3.80e-05      0.61
      3  1      -386.61885168     5.51e-05      0.00

      4  0      -386.78103005     1.60e-05      0.64
      4  1      -386.62057115     2.91e-05      0.00

      5  0      -386.78113532     7.29e-06      0.63
      5  1      -386.62103406     1.59e-05      0.00

      6  0      -386.78115761     3.60e-06      0.63
      6  1      -386.62115855     8.86e-06      0.00

      7  0      -386.78116316     1.89e-06      0.62
      7  1      -386.62119384     4.85e-06      0.00

      8  0      -386.78116458     9.82e-07      0.64
      8  1      -386.62120474     2.74e-06      0.00

      9  0      -386.78116495     4.98e-07      0.63
      9  1      -386.62120888     1.86e-06      0.00

     10  0      -386.78116504     2.48e-07      0.64
     10  1      -386.62121091     1.40e-06      0.00

     11  0      -386.78116506     1.19e-07      0.62
     11  1      -386.62121195     9.68e-07      0.00

     12  0      -386.78116507     5.48e-08      0.65
     12  1      -386.62121240     5.86e-07      0.00

     13  0      -386.78116507     2.51e-08      0.65
     13  1      -386.62121257     3.49e-07      0.00

     14  0      -386.78116507     1.27e-08      0.64
     14  1      -386.62121263     2.15e-07      0.00

     15  0      -386.78116507     6.35e-09      0.64
     15  1      -386.62121265     1.35e-07      0.00

     16  0      -386.78116507     2.97e-09      0.64
     16  1      -386.62121266     8.49e-08      0.00

     17  0      -386.78116507     1.30e-09      0.66
     17  1      -386.62121266     5.24e-08      0.00

     18  0      -386.78116507     5.63e-10      0.65
     18  1      -386.62121266     3.11e-08      0.00

     19  0      -386.78116507     2.49e-10      0.66
     19  1      -386.62121266     1.87e-08      0.00
    ** throwing out 2 trial vectors **

     20  0      -386.78116507     1.09e-10      0.64
     20  1      -386.62121266     1.16e-08      0.00
    ** throwing out 2 trial vectors **

     21  0 *    -386.78116507     4.92e-11      0.56
     21  1      -386.62121266     7.17e-09      0.00
    ** throwing out 1 trial vectors **

     22  0 *    -386.78116507     4.39e-11      0.35
     22  1      -386.62121266     4.20e-09      0.00
    ** throwing out 1 trial vectors **

     23  0 *    -386.78116507     4.30e-11      0.35
     23  1      -386.62121266     2.49e-09      0.00
    ** throwing out 1 trial vectors **

     24  0 *    -386.78116507     4.30e-11      0.35
     24  1      -386.62121266     1.42e-09      0.00
    ** throwing out 1 trial vectors **

     25  0 *    -386.78116507     4.29e-11      0.34
     25  1      -386.62121266     8.07e-10      0.00
    ** throwing out 1 trial vectors **

     26  0 *    -386.78116507     4.29e-11      0.33
     26  1      -386.62121266     4.70e-10      0.00
    ** throwing out 1 trial vectors **

     27  0 *    -386.78116507     4.29e-11      0.35
     27  1      -386.62121266     2.76e-10      0.00
    ** throwing out 1 trial vectors **

     28  0 *    -386.78116507     4.29e-11      0.35
     28  1      -386.62121266     1.58e-10      0.00
    ** throwing out 1 trial vectors **

     29  0 *    -386.78116507     4.29e-11      0.25
     29  1 *    -386.62121266     9.09e-11      0.00

     * ci vector   0, <S^2> = 0.0000, E =     -386.78116507
       222222......    -0.8991483279
       222.22.2....     0.0755853999
       22222ab.....    -0.0746454270
       22222ba.....    -0.0746454270
       2222.2.2....     0.0687375120
       222ba2.2....     0.0624331737
       222ab2.2....     0.0624331737
       2222.22.....     0.0571718228
       22222....2..     0.0528912970
       .22222.....2     0.0520657710

     * ci vector   1, <S^2> = 0.0000, E =     -386.62121266
       22222ab.....     0.6189859951
       22222ba.....     0.6189859951
       222222......    -0.1124446800
       2222abba....    -0.0577133488
       2222baab....    -0.0577133488
       22a22bb..a..    -0.0541306133
       22b22aa..b..    -0.0541306133
       222.2ab2....    -0.0536455321
       222.2ba2....    -0.0536455321
       2222.ab2....    -0.0512331980
       2222.ba2....    -0.0512331980
       222a2b2.....     0.0510069495
       222b2a2.....     0.0510069495
       22b22aa.b...    -0.0503106830
       22a22bb.a...    -0.0503106830
       - FCI and RDMs                             18.34
    * Integral transformation done. Elapsed time: 0.08

       - jop, kop                                  0.00
       - denom                                     0.02
     guess   0:   closed 111111......         open ............        
     guess   1:   closed 11111.......         open .....11.....        

  === FCI iteration ===

      0  0      -386.64312398     3.77e-04      0.60
      0  1      -386.47441565     3.75e-04      0.00

      1  0      -386.75623301     1.84e-04      0.60
      1  1      -386.58627194     1.97e-04      0.00

      2  0      -386.77667514     8.65e-05      0.60
      2  1      -386.61219131     1.06e-04      0.00

      3  0      -386.78043900     3.79e-05      0.61
      3  1      -386.61882934     5.52e-05      0.00

      4  0      -386.78106518     1.60e-05      0.60
      4  1      -386.62055310     2.91e-05      0.00

      5  0      -386.78117006     7.28e-06      0.61
      5  1      -386.62101815     1.59e-05      0.00

      6  0      -386.78119226     3.58e-06      0.61
      6  1      -386.62114310     8.86e-06      0.00

      7  0      -386.78119776     1.88e-06      0.61
      7  1      -386.62117838     4.84e-06      0.00

      8  0      -386.78119916     9.74e-07      0.61
      8  1      -386.62118922     2.74e-06      0.00

      9  0      -386.78119952     4.94e-07      0.61
      9  1      -386.62119334     1.86e-06      0.00

     10  0      -386.78119961     2.46e-07      0.61
     10  1      -386.62119537     1.40e-06      0.00

     11  0      -386.78119964     1.19e-07      0.61
     11  1      -386.62119642     9.74e-07      0.00

     12  0      -386.78119964     5.44e-08      0.62
     12  1      -386.62119688     5.93e-07      0.00

     13  0      -386.78119964     2.50e-08      0.62
     13  1      -386.62119705     3.54e-07      0.00

     14  0      -386.78119964     1.26e-08      0.63
     14  1      -386.62119711     2.20e-07      0.00

     15  0      -386.78119964     6.32e-09      0.62
     15  1      -386.62119714     1.38e-07      0.00

     16  0      -386.78119964     2.95e-09      0.63
     16  1      -386.62119715     8.71e-08      0.00

     17  0      -386.78119964     1.29e-09      0.63
     17  1      -386.62119715     5.37e-08      0.00

     18  0      -386.78119964     5.60e-10      0.63
     18  1      -386.62119715     3.17e-08      0.00

     19  0      -386.78119964     2.47e-10      0.63
     19  1      -386.62119715     1.90e-08      0.00
    ** throwing out 2 trial vectors **

     20  0      -386.78119964     1.09e-10      0.64
     20  1      -386.62119715     1.19e-08      0.00
    ** throwing out 2 trial vectors **

     21  0 *    -386.78119964     4.92e-11      0.54
     21  1      -386.62119715     7.37e-09      0.00
    ** throwing out 1 trial vectors **

     22  0 *    -386.78119964     4.39e-11      0.34
     22  1      -386.62119715     4.33e-09      0.00
    ** throwing out 1 trial vectors **

     23  0 *    -386.78119964     4.30e-11      0.34
     23  1      -386.62119715     2.57e-09      0.00
    ** throwing out 1 trial vectors **

     24  0 *    -386.78119964     4.29e-11      0.34
     24  1      -386.62119715     1.47e-09      0.00
    ** throwing out 1 trial vectors **

     25  0 *    -386.78119964     4.28e-11      0.34
     25  1      -386.62119715     8.36e-10      0.00
    ** throwing out 1 trial vectors **

     26  0 *    -386.78119964     4.28e-11      0.34
     26  1      -386.62119715     4.86e-10      0.00
    ** throwing out 1 trial vectors **

     27  0 *    -386.78119964     4.28e-11      0.34
     27  1      -386.62119715     2.85e-10      0.00
    ** throwing out 1 trial vectors **

     28  0 *    -386.78119964     4.28e-11      0.34
     28  1      -386.62119715     1.63e-10      0.00
    ** throwing out 1 trial vectors **

     29  0 *    -386.78119964     4.28e-11      0.24
     29  1 *    -386.62119715     9.32e-11      0.00

     * ci vector   0, <S^2> = -0.0000, E =     -386.78119964
       222222......     0.8986045488
       22222ba.....    -0.0781345044
       22222ab.....    -0.0781345044
       222.22.2....    -0.0743107895
       2222.2.2....    -0.0684065624
       222ba2.2....    -0.0613435119
       222ab2.2....    -0.0613435119
       2222.22.....    -0.0574239199
       22222....2..    -0.0527956931
       .22222.....2    -0.0518526227

     * ci vector   1, <S^2> = -0.0000, E =     -386.62119715
       22222ab.....    -0.6184578858
       22222ba.....    -0.6184578858
       222222......    -0.1169626515
       2222abba....    -0.0584274287
       2222baab....    -0.0584274287
       222.2ab2....     0.0528418212
       222.2ba2....     0.0528418212
       22a22bb..a..    -0.0527057947
       22b22aa..b..    -0.0527057947
       222b2a2.....     0.0514184281
       222a2b2.....     0.0514184281
       22b22aa.b...     0.0513815436
       22a22bb.a...     0.0513815436
       2222.ab2....     0.0512323536
       2222.ba2....     0.0512323536
       - FCI and RDMs                             17.62
    * Integral transformation done. Elapsed time: 0.08

       - jop, kop                                  0.00
       - denom                                     0.02
     guess   0:   closed 111111......         open ............        
     guess   1:   closed 11111.......         open .....11.....        

  === FCI iteration ===

      0  0      -386.64313210     3.77e-04      0.60
      0  1      -386.47429665     3.75e-04      0.00

      1  0      -386.75625745     1.84e-04      0.60
      1  1      -386.58617779     1.97e-04      0.00

      2  0      -386.77669504     8.64e-05      0.60
      2  1      -386.61216189     1.06e-04      0.00

      3  0      -386.78045521     3.79e-05      0.61
      3  1      -386.61881464     5.52e-05      0.00

      4  0      -386.78108050     1.60e-05      0.61
      4  1      -386.62054074     2.91e-05      0.00

      5  0      -386.78118521     7.27e-06      0.61
      5  1      -386.62100691     1.59e-05      0.00

      6  0      -386.78120736     3.57e-06      0.62
      6  1      -386.62113212     8.87e-06      0.00

      7  0      -386.78121283     1.87e-06      0.62
      7  1      -386.62116741     4.84e-06      0.00

      8  0      -386.78121423     9.70e-07      0.61
      8  1      -386.62117825     2.74e-06      0.00

      9  0      -386.78121458     4.92e-07      0.61
      9  1      -386.62118238     1.86e-06      0.00

     10  0      -386.78121467     2.45e-07      0.62
     10  1      -386.62118441     1.40e-06      0.00

     11  0      -386.78121470     1.18e-07      0.62
     11  1      -386.62118547     9.78e-07      0.00

     12  0      -386.78121470     5.42e-08      0.62
     12  1      -386.62118593     5.96e-07      0.00

     13  0      -386.78121470     2.49e-08      0.62
     13  1      -386.62118610     3.57e-07      0.00

     14  0      -386.78121470     1.26e-08      0.63
     14  1      -386.62118617     2.22e-07      0.00

     15  0      -386.78121470     6.29e-09      0.62
     15  1      -386.62118619     1.40e-07      0.00

     16  0      -386.78121470     2.94e-09      0.62
     16  1      -386.62118620     8.83e-08      0.00

     17  0      -386.78121470     1.29e-09      0.63
     17  1      -386.62118620     5.43e-08      0.00

     18  0      -386.78121470     5.57e-10      0.63
     18  1      -386.62118621     3.19e-08      0.00

     19  0      -386.78121470     2.46e-10      0.63
     19  1      -386.62118621     1.92e-08      0.00
    ** throwing out 2 trial vectors **

     20  0      -386.78121470     1.08e-10      0.64
     20  1      -386.62118621     1.20e-08      0.00
    ** throwing out 2 trial vectors **

     21  0 *    -386.78121470     4.90e-11      0.54
     21  1      -386.62118621     7.46e-09      0.00
    ** throwing out 1 trial vectors **

     22  0 *    -386.78121470     4.38e-11      0.33
     22  1      -386.62118621     4.38e-09      0.00
    ** throwing out 1 trial vectors **

     23  0 *    -386.78121470     4.29e-11      0.34
     23  1      -386.62118621     2.60e-09      0.00
    ** throwing out 1 trial vectors **

     24  0 *    -386.78121470     4.28e-11      0.33
     24  1      -386.62118621     1.49e-09      0.00
    ** throwing out 1 trial vectors **

     25  0 *    -386.78121470     4.27e-11      0.34
     25  1      -386.62118621     8.46e-10      0.00
    ** throwing out 1 trial vectors **

     26  0 *    -386.78121470     4.27e-11      0.34
     26  1      -386.62118621     4.91e-10      0.00
    ** throwing out 1 trial vectors **

     27  0 *    -386.78121470     4.27e-11      0.34
     27  1      -386.62118621     2.87e-10      0.00
    ** throwing out 1 trial vectors **

     28  0 *    -386.78121470     4.28e-11      0.34
     28  1      -386.62118621     1.64e-10      0.00
    ** throwing out 1 trial vectors **

     29  0 *    -386.78121470     4.27e-11      0.24
     29  1 *    -386.62118621     9.36e-11      0.00

     * ci vector   0, <S^2> = -0.0000, E =     -386.78121470
       222222......    -0.8983457703
       22222ab.....    -0.0797024851
       22222ba.....    -0.0797024851
       222.22.2....     0.0737522004
       2222.2.2....     0.0682512011
       222ab2.2....     0.0608495980
       222ba2.2....     0.0608495980
       2222.22.....     0.0575596535
       22222....2..     0.0527977858
       .22222.....2     0.0517263045

     * ci vector   1, <S^2> = -0.0000, E =     -386.62118621
       22222ab.....     0.6182089623
       22222ba.....     0.6182089623
       222222......    -0.1189893205
       2222baab....     0.0587501855
       2222abba....     0.0587501855
       222.2ab2....    -0.0524890611
       222.2ba2....    -0.0524890611
       22a22bb..a..    -0.0520101798
       22b22aa..b..    -0.0520101798
       22b22aa.b...    -0.0518686994
       22a22bb.a...    -0.0518686994
       222b2a2.....    -0.0515708660
       222a2b2.....    -0.0515708660
       2222.ab2....    -0.0512255499
       2222.ba2....    -0.0512255499
       - FCI and RDMs                             17.66
    * Integral transformation done. Elapsed time: 0.08

       - jop, kop                                  0.00
       - denom                                     0.02
     guess   0:   closed 111111......         open ............        
     guess   1:   closed 11111.......         open .....11.....        

  === FCI iteration ===

      0  0      -386.64313494     3.77e-04      0.60
      0  1      -386.47424874     3.75e-04      0.00

      1  0      -386.75626658     1.84e-04      0.60
      1  1      -386.58613622     1.97e-04      0.00

      2  0      -386.77670340     8.64e-05      0.61
      2  1      -386.61214786     1.06e-04      0.00

      3  0      -386.78046239     3.79e-05      0.61
      3  1      -386.61880701     5.52e-05      0.00

      4  0      -386.78108735     1.60e-05      0.61
      4  1      -386.62053423     2.91e-05      0.00

      5  0      -386.78119199     7.27e-06      0.61
      5  1      -386.62100095     1.59e-05      0.00

      6  0      -386.78121411     3.57e-06      0.61
      6  1      -386.62112627     8.87e-06      0.00

      7  0      -386.78121957     1.87e-06      0.61
      7  1      -386.62116159     4.84e-06      0.00

      8  0      -386.78122096     9.68e-07      0.62
      8  1      -386.62117242     2.74e-06      0.00

      9  0      -386.78122132     4.91e-07      0.62
      9  1      -386.62117656     1.86e-06      0.00

     10  0      -386.78122141     2.45e-07      0.61
     10  1      -386.62117859     1.41e-06      0.00

     11  0      -386.78122143     1.18e-07      0.62
     11  1      -386.62117966     9.80e-07      0.00

     12  0      -386.78122144     5.41e-08      0.62
     12  1      -386.62118012     5.98e-07      0.00

     13  0      -386.78122144     2.48e-08      0.62
     13  1      -386.62118030     3.59e-07      0.00

     14  0      -386.78122144     1.25e-08      0.62
     14  1      -386.62118036     2.23e-07      0.00

     15  0      -386.78122144     6.28e-09      0.63
     15  1      -386.62118039     1.41e-07      0.00

     16  0      -386.78122144     2.93e-09      0.63
     16  1      -386.62118040     8.88e-08      0.00

     17  0      -386.78122144     1.29e-09      0.63
     17  1      -386.62118040     5.46e-08      0.00

     18  0      -386.78122144     5.56e-10      0.63
     18  1      -386.62118040     3.21e-08      0.00

     19  0      -386.78122144     2.45e-10      0.63
     19  1      -386.62118040     1.92e-08      0.00
    ** throwing out 2 trial vectors **

     20  0      -386.78122144     1.08e-10      0.63
     20  1      -386.62118040     1.21e-08      0.00
    ** throwing out 2 trial vectors **

     21  0 *    -386.78122144     4.89e-11      0.54
     21  1      -386.62118040     7.49e-09      0.00
    ** throwing out 1 trial vectors **

     22  0 *    -386.78122144     4.37e-11      0.33
     22  1      -386.62118040     4.40e-09      0.00
    ** throwing out 1 trial vectors **

     23  0 *    -386.78122144     4.28e-11      0.33
     23  1      -386.62118040     2.61e-09      0.00
    ** throwing out 1 trial vectors **

     24  0 *    -386.78122144     4.28e-11      0.33
     24  1      -386.62118040     1.50e-09      0.00
    ** throwing out 1 trial vectors **

     25  0 *    -386.78122144     4.27e-11      0.33
     25  1      -386.62118040     8.49e-10      0.00
    ** throwing out 1 trial vectors **

     26  0 *    -386.78122144     4.27e-11      0.33
     26  1      -386.62118040     4.93e-10      0.00
    ** throwing out 1 trial vectors **

     27  0 *    -386.78122144     4.27e-11      0.33
     27  1      -386.62118040     2.88e-10      0.00
    ** throwing out 1 trial vectors **

     28  0 *    -386.78122144     4.27e-11      0.33
     28  1      -386.62118040     1.65e-10      0.00
    ** throwing out 1 trial vectors **

     29  0 *    -386.78122144     4.27e-11      0.24
     29  1 *    -386.62118040     9.35e-11      0.00

     * ci vector   0, <S^2> = -0.0000, E =     -386.78122144
       222222......     0.8982228466
       22222ab.....    -0.0804275097
       22222ba.....    -0.0804275097
       222.22.2....    -0.0735063844
       2222.2.2....    -0.0681871545
       222ba2.2....    -0.0606262966
       222ab2.2....    -0.0606262966
       2222.22.....    -0.0576290417
       22222....2..    -0.0528167244
       .22222.....2    -0.0516549590

     * ci vector   1, <S^2> = -0.0000, E =     -386.62118040
       22222ab.....     0.6180929442
       22222ba.....     0.6180929442
       222222......     0.1199273128
       2222abba....    -0.0589047254
       2222baab....    -0.0589047254
       222.2ab2....    -0.0523334098
       222.2ba2....    -0.0523334098
       22b22aa.b...    -0.0521027349
       22a22bb.a...    -0.0521027349
       22a22bb..a..    -0.0516696956
       22b22aa..b..    -0.0516696956
       222b2a2.....    -0.0516281109
       222a2b2.....    -0.0516281109
       2222.ab2....    -0.0512277440
       2222.ba2....    -0.0512277440
       - FCI and RDMs                             17.64
    * Integral transformation done. Elapsed time: 0.08

       - jop, kop                                  0.00
       - denom                                     0.02
     guess   0:   closed 111111......         open ............        
     guess   1:   closed 11111.......         open .....11.....        

  === FCI iteration ===

      0  0      -386.64313576     3.77e-04      0.60
      0  1      -386.47423007     3.75e-04      0.00

      1  0      -386.75627000     1.84e-04      0.61
      1  1      -386.58611815     1.97e-04      0.00

      2  0      -386.77670700     8.64e-05      0.60
      2  1      -386.61214141     1.06e-04      0.00

      3  0      -386.78046565     3.79e-05      0.60
      3  1      -386.61880328     5.52e-05      0.00

      4  0      -386.78109049     1.60e-05      0.59
      4  1      -386.62053102     2.91e-05      0.00

      5  0      -386.78119510     7.27e-06      0.60
      5  1      -386.62099799     1.59e-05      0.00

      6  0      -386.78121721     3.57e-06      0.60
      6  1      -386.62112337     8.87e-06      0.00

      7  0      -386.78122266     1.87e-06      0.60
      7  1      -386.62115869     4.84e-06      0.00

      8  0      -386.78122406     9.67e-07      0.60
      8  1      -386.62116953     2.74e-06      0.00

      9  0      -386.78122441     4.91e-07      0.64
      9  1      -386.62117367     1.87e-06      0.00

     10  0      -386.78122450     2.44e-07      0.64
     10  1      -386.62117571     1.41e-06      0.00

     11  0      -386.78122452     1.18e-07      0.64
     11  1      -386.62117678     9.81e-07      0.00

     12  0      -386.78122453     5.41e-08      0.64
     12  1      -386.62117725     5.99e-07      0.00

     13  0      -386.78122453     2.48e-08      0.65
     13  1      -386.62117742     3.59e-07      0.00

     14  0      -386.78122453     1.25e-08      0.65
     14  1      -386.62117748     2.24e-07      0.00

     15  0      -386.78122453     6.27e-09      0.65
     15  1      -386.62117751     1.41e-07      0.00

     16  0      -386.78122453     2.93e-09      0.65
     16  1      -386.62117752     8.91e-08      0.00

     17  0      -386.78122453     1.28e-09      0.65
     17  1      -386.62117752     5.47e-08      0.00

     18  0      -386.78122453     5.55e-10      0.64
     18  1      -386.62117752     3.21e-08      0.00

     19  0      -386.78122453     2.45e-10      0.63
     19  1      -386.62117753     1.93e-08      0.00
    ** throwing out 2 trial vectors **

     20  0      -386.78122453     1.08e-10      0.64
     20  1      -386.62117753     1.21e-08      0.00
    ** throwing out 2 trial vectors **

     21  0 *    -386.78122453     4.88e-11      0.54
     21  1      -386.62117753     7.51e-09      0.00
    ** throwing out 1 trial vectors **

     22  0 *    -386.78122453     4.37e-11      0.33
     22  1      -386.62117753     4.41e-09      0.00
    ** throwing out 1 trial vectors **

     23  0 *    -386.78122453     4.28e-11      0.33
     23  1      -386.62117753     2.62e-09      0.00
    ** throwing out 1 trial vectors **

     24  0 *    -386.78122453     4.28e-11      0.33
     24  1      -386.62117753     1.50e-09      0.00
    ** throwing out 1 trial vectors **

     25  0 *    -386.78122453     4.27e-11      0.33
     25  1      -386.62117753     8.50e-10      0.00
    ** throwing out 1 trial vectors **

     26  0 *    -386.78122453     4.27e-11      0.33
     26  1      -386.62117753     4.93e-10      0.00
    ** throwing out 1 trial vectors **

     27  0 *    -386.78122453     4.27e-11      0.33
     27  1      -386.62117753     2.89e-10      0.00
    ** throwing out 1 trial vectors **

     28  0 *    -386.78122453     4.27e-11      0.33
     28  1      -386.62117753     1.65e-10      0.00
    ** throwing out 1 trial vectors **

     29  0 *    -386.78122453     4.27e-11      0.23
     29  1 *    -386.62117753     9.35e-11      0.00

     * ci vector   0, <S^2> = -0.0000, E =     -386.78122453
       222222......     0.8981641804
       22222ba.....     0.0807682098
       22222ab.....     0.0807682098
       222.22.2....    -0.0733980758
       2222.2.2....    -0.0681632212
       222ba2.2....    -0.0605256570
       222ab2.2....    -0.0605256570
       2222.22.....    -0.0576636429
       22222....2..    -0.0528332552
       .22222.....2    -0.0516156361

     * ci vector   1, <S^2> = 0.0000, E =     -386.62117753
       22222ab.....    -0.6180389397
       22222ba.....    -0.6180389397
       222222......     0.1203688720
       2222abba....    -0.0589802386
       2222baab....    -0.0589802386
       222.2ab2....     0.0522646147
       222.2ba2....     0.0522646147
       22b22aa.b...    -0.0522171272
       22a22bb.a...    -0.0522171272
       222a2b2.....     0.0516486516
       222b2a2.....     0.0516486516
       22a22bb..a..    -0.0515030840
       22b22aa..b..    -0.0515030840
       2222.ab2....     0.0512330685
       2222.ba2....     0.0512330685
       - FCI and RDMs                             17.74
    * Integral transformation done. Elapsed time: 0.08

       - jop, kop                                  0.00
       - denom                                     0.02
     guess   0:   closed 111111......         open ............        
     guess   1:   closed 11111.......         open .....11.....        

  === FCI iteration ===

      0  0      -386.64313591     3.77e-04      0.59
      0  1      -386.47422314     3.75e-04      0.00

      1  0      -386.75627126     1.84e-04      0.60
      1  1      -386.58611038     1.97e-04      0.00

      2  0      -386.77670858     8.64e-05      0.61
      2  1      -386.61213848     1.06e-04      0.00

      3  0      -386.78046717     3.79e-05      0.61
      3  1      -386.61880149     5.52e-05      0.00

      4  0      -386.78109196     1.60e-05      0.60
      4  1      -386.62052946     2.92e-05      0.00

      5  0      -386.78119656     7.27e-06      0.61
      5  1      -386.62099654     1.59e-05      0.00

      6  0      -386.78121867     3.57e-06      0.61
      6  1      -386.62112195     8.87e-06      0.00

      7  0      -386.78122412     1.87e-06      0.60
      7  1      -386.62115728     4.84e-06      0.00

      8  0      -386.78122551     9.66e-07      0.61
      8  1      -386.62116812     2.74e-06      0.00

      9  0      -386.78122587     4.91e-07      0.61
      9  1      -386.62117226     1.87e-06      0.00

     10  0      -386.78122596     2.44e-07      0.61
     10  1      -386.62117431     1.41e-06      0.00

     11  0      -386.78122598     1.18e-07      0.61
     11  1      -386.62117538     9.82e-07      0.00

     12  0      -386.78122599     5.41e-08      0.61
     12  1      -386.62117584     5.99e-07      0.00

     13  0      -386.78122599     2.48e-08      0.62
     13  1      -386.62117602     3.60e-07      0.00

     14  0      -386.78122599     1.25e-08      0.62
     14  1      -386.62117608     2.24e-07      0.00

     15  0      -386.78122599     6.26e-09      0.63
     15  1      -386.62117610     1.42e-07      0.00

     16  0      -386.78122599     2.92e-09      0.63
     16  1      -386.62117611     8.92e-08      0.00

     17  0      -386.78122599     1.28e-09      0.62
     17  1      -386.62117612     5.48e-08      0.00

     18  0      -386.78122599     5.54e-10      0.63
     18  1      -386.62117612     3.22e-08      0.00

     19  0      -386.78122599     2.44e-10      0.63
     19  1      -386.62117612     1.93e-08      0.00
    ** throwing out 2 trial vectors **

     20  0      -386.78122599     1.07e-10      0.63
     20  1      -386.62117612     1.21e-08      0.00
    ** throwing out 2 trial vectors **

     21  0 *    -386.78122599     4.87e-11      0.54
     21  1      -386.62117612     7.52e-09      0.00
    ** throwing out 1 trial vectors **

     22  0 *    -386.78122599     4.37e-11      0.33
     22  1      -386.62117612     4.41e-09      0.00
    ** throwing out 1 trial vectors **

     23  0 *    -386.78122599     4.28e-11      0.33
     23  1      -386.62117612     2.62e-09      0.00
    ** throwing out 1 trial vectors **

     24  0 *    -386.78122599     4.28e-11      0.33
     24  1      -386.62117612     1.50e-09      0.00
    ** throwing out 1 trial vectors **

     25  0 *    -386.78122599     4.27e-11      0.33
     25  1      -386.62117612     8.51e-10      0.00
    ** throwing out 1 trial vectors **

     26  0 *    -386.78122599     4.27e-11      0.34
     26  1      -386.62117612     4.94e-10      0.00
    ** throwing out 1 trial vectors **

     27  0 *    -386.78122599     4.27e-11      0.33
     27  1      -386.62117612     2.89e-10      0.00
    ** throwing out 1 trial vectors **

     28  0 *    -386.78122599     4.27e-11      0.33
     28  1      -386.62117612     1.64e-10      0.00
    ** throwing out 1 trial vectors **

     29  0 *    -386.78122599     4.27e-11      0.24
     29  1 *    -386.62117612     9.34e-11      0.00

     * ci vector   0, <S^2> = 0.0000, E =     -386.78122599
       222222......     0.8981360138
       22222ab.....     0.0809301459
       22222ba.....     0.0809301459
       222.22.2....    -0.0733503371
       2222.2.2....    -0.0681553749
       222ab2.2....    -0.0604804161
       222ba2.2....    -0.0604804161
       2222.22.....    -0.0576806834
       22222....2..    -0.0528445032
       .22222.....2    -0.0515942888

     * ci vector   1, <S^2> = 0.0000, E =     -386.62117612
       22222ab.....    -0.6180137228
       22222ba.....    -0.6180137227
       222222......     0.1205791721
       2222abba....     0.0590174368
       2222baab....     0.0590174368
       22b22aa.b...     0.0522734574
       22a22bb.a...     0.0522734574
       222.2ab2....     0.0522341841
       222.2ba2....     0.0522341841
       222b2a2.....    -0.0516553108
       222a2b2.....    -0.0516553108
       22a22bb..a..     0.0514214129
       22b22aa..b..     0.0514214129
       2222.ab2....     0.0512380341
       2222.ba2....     0.0512380341
       - FCI and RDMs                             17.54
    * Integral transformation done. Elapsed time: 0.08

       - jop, kop                                  0.00
       - denom                                     0.02
     guess   0:   closed 111111......         open ............        
     guess   1:   closed 11111.......         open .....11.....        

  === FCI iteration ===

      0  0      -386.64313588     3.77e-04      0.59
      0  1      -386.47422075     3.75e-04      0.00

      1  0      -386.75627172     1.84e-04      0.61
      1  1      -386.58610708     1.97e-04      0.00

      2  0      -386.77670930     8.64e-05      0.61
      2  1      -386.61213716     1.06e-04      0.00

      3  0      -386.78046789     3.79e-05      0.61
      3  1      -386.61880063     5.52e-05      0.00

      4  0      -386.78109267     1.60e-05      0.61
      4  1      -386.62052870     2.92e-05      0.00

      5  0      -386.78119727     7.27e-06      0.61
      5  1      -386.62099584     1.59e-05      0.00

      6  0      -386.78121937     3.57e-06      0.61
      6  1      -386.62112126     8.87e-06      0.00

      7  0      -386.78122482     1.87e-06      0.61
      7  1      -386.62115659     4.84e-06      0.00

      8  0      -386.78122621     9.66e-07      0.61
      8  1      -386.62116743     2.74e-06      0.00

      9  0      -386.78122657     4.90e-07      0.61
      9  1      -386.62117157     1.87e-06      0.00

     10  0      -386.78122666     2.44e-07      0.62
     10  1      -386.62117362     1.41e-06      0.00

     11  0      -386.78122668     1.18e-07      0.62
     11  1      -386.62117469     9.82e-07      0.00

     12  0      -386.78122669     5.41e-08      0.62
     12  1      -386.62117515     5.99e-07      0.00

     13  0      -386.78122669     2.48e-08      0.62
     13  1      -386.62117533     3.60e-07      0.00

     14  0      -386.78122669     1.25e-08      0.62
     14  1      -386.62117539     2.24e-07      0.00

     15  0      -386.78122669     6.26e-09      0.62
     15  1      -386.62117542     1.42e-07      0.00

     16  0      -386.78122669     2.92e-09      0.63
     16  1      -386.62117543     8.93e-08      0.00

     17  0      -386.78122669     1.28e-09      0.62
     17  1      -386.62117543     5.48e-08      0.00

     18  0      -386.78122669     5.54e-10      0.62
     18  1      -386.62117543     3.22e-08      0.00

     19  0      -386.78122669     2.44e-10      0.62
     19  1      -386.62117543     1.93e-08      0.00
    ** throwing out 2 trial vectors **

     20  0      -386.78122669     1.07e-10      0.63
     20  1      -386.62117543     1.21e-08      0.00
    ** throwing out 2 trial vectors **

     21  0 *    -386.78122669     4.87e-11      0.54
     21  1      -386.62117543     7.52e-09      0.00
    ** throwing out 1 trial vectors **

     22  0 *    -386.78122669     4.37e-11      0.33
     22  1      -386.62117543     4.42e-09      0.00
    ** throwing out 1 trial vectors **

     23  0 *    -386.78122669     4.28e-11      0.34
     23  1      -386.62117543     2.62e-09      0.00
    ** throwing out 1 trial vectors **

     24  0 *    -386.78122669     4.28e-11      0.33
     24  1      -386.62117543     1.50e-09      0.00
    ** throwing out 1 trial vectors **

     25  0 *    -386.78122669     4.27e-11      0.34
     25  1      -386.62117543     8.51e-10      0.00
    ** throwing out 1 trial vectors **

     26  0 *    -386.78122669     4.27e-11      0.33
     26  1      -386.62117543     4.94e-10      0.00
    ** throwing out 1 trial vectors **

     27  0 *    -386.78122669     4.27e-11      0.33
     27  1      -386.62117543     2.89e-10      0.00
    ** throwing out 1 trial vectors **

     28  0 *    -386.78122669     4.27e-11      0.33
     28  1      -386.62117543     1.64e-10      0.00
    ** throwing out 1 trial vectors **

     29  0 *    -386.78122669     4.27e-11      0.24
     29  1 *    -386.62117543     9.34e-11      0.00

     * ci vector   0, <S^2> = -0.0000, E =     -386.78122669
       222222......    -0.8981224055
       22222ab.....    -0.0810078377
       22222ba.....    -0.0810078377
       222.22.2....     0.0733292731
       2222.2.2....     0.0681534777
       222ba2.2....     0.0604601289
       222ab2.2....     0.0604601289
       2222.22.....     0.0576890048
       22222....2..     0.0528514327
       .22222.....2     0.0515828162

     * ci vector   1, <S^2> = -0.0000, E =     -386.62117543
       22222ab.....     0.6180018860
       22222ba.....     0.6180018860
       222222......    -0.1206802749
       2222abba....    -0.0590358356
       2222baab....    -0.0590358356
       22b22aa.b...    -0.0523013281
       22a22bb.a...    -0.0523013281
       222.2ab2....    -0.0522207008
       222.2ba2....    -0.0522207008
       222b2a2.....     0.0516570096
       222a2b2.....     0.0516570096
       22a22bb..a..    -0.0513812543
       22b22aa..b..    -0.0513812543
       2222.ab2....    -0.0512416871
       2222.ba2....    -0.0512416871
       - FCI and RDMs                             17.59
    * Integral transformation done. Elapsed time: 0.08

       - jop, kop                                  0.00
       - denom                                     0.02
     guess   0:   closed 111111......         open ............        
     guess   1:   closed 11111.......         open .....11.....        

  === FCI iteration ===

      0  0      -386.64313583     3.77e-04      0.60
      0  1      -386.47422004     3.75e-04      0.00

      1  0      -386.75627188     1.84e-04      0.60
      1  1      -386.58610569     1.97e-04      0.00

      2  0      -386.77670962     8.64e-05      0.60
      2  1      -386.61213656     1.06e-04      0.00

      3  0      -386.78046824     3.79e-05      0.60
      3  1      -386.61880021     5.52e-05      0.00

      4  0      -386.78109302     1.60e-05      0.61
      4  1      -386.62052833     2.92e-05      0.00

      5  0      -386.78119761     7.27e-06      0.60
      5  1      -386.62099549     1.59e-05      0.00

      6  0      -386.78121971     3.57e-06      0.61
      6  1      -386.62112091     8.87e-06      0.00

      7  0      -386.78122516     1.87e-06      0.61
      7  1      -386.62115624     4.84e-06      0.00

      8  0      -386.78122655     9.66e-07      0.61
      8  1      -386.62116709     2.74e-06      0.00

      9  0      -386.78122691     4.90e-07      0.61
      9  1      -386.62117123     1.87e-06      0.00

     10  0      -386.78122700     2.44e-07      0.61
     10  1      -386.62117328     1.41e-06      0.00

     11  0      -386.78122702     1.18e-07      0.62
     11  1      -386.62117435     9.83e-07      0.00

     12  0      -386.78122703     5.41e-08      0.62
     12  1      -386.62117482     6.00e-07      0.00

     13  0      -386.78122703     2.48e-08      0.62
     13  1      -386.62117499     3.60e-07      0.00

     14  0      -386.78122703     1.25e-08      0.62
     14  1      -386.62117505     2.24e-07      0.00

     15  0      -386.78122703     6.26e-09      0.62
     15  1      -386.62117508     1.42e-07      0.00

     16  0      -386.78122703     2.92e-09      0.62
     16  1      -386.62117509     8.93e-08      0.00

     17  0      -386.78122703     1.28e-09      0.62
     17  1      -386.62117509     5.48e-08      0.00

     18  0      -386.78122703     5.54e-10      0.62
     18  1      -386.62117509     3.22e-08      0.00

     19  0      -386.78122703     2.44e-10      0.62
     19  1      -386.62117510     1.93e-08      0.00
    ** throwing out 2 trial vectors **

     20  0      -386.78122703     1.07e-10      0.62
     20  1      -386.62117510     1.21e-08      0.00
    ** throwing out 2 trial vectors **

     21  0 *    -386.78122703     4.87e-11      0.54
     21  1      -386.62117510     7.52e-09      0.00
    ** throwing out 1 trial vectors **

     22  0 *    -386.78122703     4.37e-11      0.35
     22  1      -386.62117510     4.42e-09      0.00
    ** throwing out 1 trial vectors **

     23  0 *    -386.78122703     4.28e-11      0.35
     23  1      -386.62117510     2.62e-09      0.00
    ** throwing out 1 trial vectors **

     24  0 *    -386.78122703     4.28e-11      0.35
     24  1      -386.62117510     1.50e-09      0.00
    ** throwing out 1 trial vectors **

     25  0 *    -386.78122703     4.27e-11      0.35
     25  1      -386.62117510     8.51e-10      0.00
    ** throwing out 1 trial vectors **

     26  0 *    -386.78122703     4.27e-11      0.35
     26  1      -386.62117510     4.94e-10      0.00
    ** throwing out 1 trial vectors **

     27  0 *    -386.78122703     4.27e-11      0.35
     27  1      -386.62117510     2.89e-10      0.00
    ** throwing out 1 trial vectors **

     28  0 *    -386.78122703     4.27e-11      0.33
     28  1      -386.62117510     1.64e-10      0.00
    ** throwing out 1 trial vectors **

     29  0 *    -386.78122703     4.27e-11      0.24
     29  1 *    -386.62117510     9.33e-11      0.00

     * ci vector   0, <S^2> = 0.0000, E =     -386.78122703
       222222......    -0.8981157897
       22222ba.....    -0.0810454196
       22222ab.....    -0.0810454196
       222.22.2....     0.0733199613
       2222.2.2....     0.0681535142
       222ab2.2....     0.0604510533
       222ba2.2....     0.0604510533
       2222.22.....     0.0576930432
       22222....2..     0.0528554805
       .22222.....2     0.0515766940

     * ci vector   1, <S^2> = -0.0000, E =     -386.62117510
       22222ba.....     0.6179962952
       22222ab.....     0.6179962952
       222222......    -0.1207292786
       2222baab....     0.0590449626
       2222abba....     0.0590449626
       22a22bb.a...    -0.0523151717
       22b22aa.b...    -0.0523151717
       222.2ba2....    -0.0522147108
       222.2ab2....    -0.0522147108
       222a2b2.....     0.0516571194
       222b2a2.....     0.0516571194
       22b22aa..b..     0.0513614349
       22a22bb..a..     0.0513614349
       2222.ba2....    -0.0512440954
       2222.ab2....    -0.0512440954
       - FCI and RDMs                             17.74
    * Integral transformation done. Elapsed time: 0.08

       - jop, kop                                  0.00
       - denom                                     0.02
     guess   0:   closed 111111......         open ............        
     guess   1:   closed 11111.......         open .....11.....        

  === FCI iteration ===

      0  0      -386.64313578     3.77e-04      0.62
      0  1      -386.47421990     3.75e-04      0.00

      1  0      -386.75627193     1.84e-04      0.63
      1  1      -386.58610511     1.97e-04      0.00

      2  0      -386.77670978     8.64e-05      0.60
      2  1      -386.61213629     1.06e-04      0.00

      3  0      -386.78046842     3.79e-05      0.63
      3  1      -386.61880001     5.52e-05      0.00

      4  0      -386.78109319     1.60e-05      0.63
      4  1      -386.62052815     2.92e-05      0.00

      5  0      -386.78119778     7.27e-06      0.63
      5  1      -386.62099531     1.59e-05      0.00

      6  0      -386.78121988     3.57e-06      0.63
      6  1      -386.62112074     8.87e-06      0.00

      7  0      -386.78122533     1.87e-06      0.62
      7  1      -386.62115607     4.84e-06      0.00

      8  0      -386.78122672     9.66e-07      0.61
      8  1      -386.62116692     2.75e-06      0.00

      9  0      -386.78122708     4.90e-07      0.61
      9  1      -386.62117106     1.87e-06      0.00

     10  0      -386.78122717     2.44e-07      0.61
     10  1      -386.62117311     1.41e-06      0.00

     11  0      -386.78122719     1.18e-07      0.64
     11  1      -386.62117418     9.83e-07      0.00

     12  0      -386.78122720     5.41e-08      0.65
     12  1      -386.62117465     6.00e-07      0.00

     13  0      -386.78122720     2.48e-08      0.65
     13  1      -386.62117482     3.60e-07      0.00

     14  0      -386.78122720     1.25e-08      0.65
     14  1      -386.62117489     2.24e-07      0.00

     15  0      -386.78122720     6.26e-09      0.66
     15  1      -386.62117491     1.42e-07      0.00

     16  0      -386.78122720     2.92e-09      0.66
     16  1      -386.62117492     8.93e-08      0.00

     17  0      -386.78122720     1.28e-09      0.66
     17  1      -386.62117492     5.48e-08      0.00

     18  0      -386.78122720     5.54e-10      0.63
     18  1      -386.62117493     3.22e-08      0.00

     19  0      -386.78122720     2.44e-10      0.63
     19  1      -386.62117493     1.93e-08      0.00
    ** throwing out 2 trial vectors **

     20  0      -386.78122720     1.07e-10      0.65
     20  1      -386.62117493     1.21e-08      0.00
    ** throwing out 2 trial vectors **

     21  0 *    -386.78122720     4.87e-11      0.54
     21  1      -386.62117493     7.52e-09      0.00
    ** throwing out 1 trial vectors **

     22  0 *    -386.78122720     4.37e-11      0.34
     22  1      -386.62117493     4.42e-09      0.00
    ** throwing out 1 trial vectors **

     23  0 *    -386.78122720     4.28e-11      0.33
     23  1      -386.62117493     2.62e-09      0.00
    ** throwing out 1 trial vectors **

     24  0 *    -386.78122720     4.28e-11      0.33
     24  1      -386.62117493     1.50e-09      0.00
    ** throwing out 1 trial vectors **

     25  0 *    -386.78122720     4.27e-11      0.34
     25  1      -386.62117493     8.51e-10      0.00
    ** throwing out 1 trial vectors **

     26  0 *    -386.78122720     4.27e-11      0.34
     26  1      -386.62117493     4.94e-10      0.00
    ** throwing out 1 trial vectors **

     27  0 *    -386.78122720     4.27e-11      0.34
     27  1      -386.62117493     2.89e-10      0.00
    ** throwing out 1 trial vectors **

     28  0 *    -386.78122720     4.27e-11      0.34
     28  1      -386.62117493     1.64e-10      0.00
    ** throwing out 1 trial vectors **

     29  0 *    -386.78122720     4.27e-11      0.24
     29  1 *    -386.62117493     9.33e-11      0.00

     * ci vector   0, <S^2> = 0.0000, E =     -386.78122720
       222222......     0.8981125537
       22222ba.....     0.0810637346
       22222ab.....     0.0810637346
       222.22.2....    -0.0733158345
       2222.2.2....    -0.0681540085
       222ab2.2....    -0.0604470021
       222ba2.2....    -0.0604470021
       2222.22.....    -0.0576949943
       22222....2..    -0.0528577687
       .22222.....2    -0.0515734442

     * ci vector   1, <S^2> = 0.0000, E =     -386.62117493
       22222ba.....    -0.6179936370
       22222ab.....    -0.6179936370
       222222......     0.1207532047
       2222baab....    -0.0590495027
       2222abba....    -0.0590495027
       22a22bb.a...     0.0523220723
       22b22aa.b...     0.0523220723
       222.2ba2....     0.0522120406
       222.2ab2....     0.0522120406
       222b2a2.....    -0.0516568372
       222a2b2.....    -0.0516568372
       22b22aa..b..    -0.0513516158
       22a22bb..a..    -0.0513516158
       2222.ba2....     0.0512455858
       2222.ab2....     0.0512455858
       - FCI and RDMs                             18.02
    * Integral transformation done. Elapsed time: 0.08

       - jop, kop                                  0.00
       - denom                                     0.02
     guess   0:   closed 111111......         open ............        
     guess   1:   closed 11111.......         open .....11.....        

  === FCI iteration ===

      0  0      -386.64313576     3.77e-04      0.60
      0  1      -386.47421993     3.75e-04      0.00

      1  0      -386.75627194     1.84e-04      0.60
      1  1      -386.58610487     1.97e-04      0.00

      2  0      -386.77670985     8.64e-05      0.61
      2  1      -386.61213617     1.06e-04      0.00

      3  0      -386.78046850     3.79e-05      0.60
      3  1      -386.61879991     5.52e-05      0.00

      4  0      -386.78109327     1.60e-05      0.61
      4  1      -386.62052806     2.92e-05      0.00

      5  0      -386.78119787     7.27e-06      0.61
      5  1      -386.62099523     1.59e-05      0.00

      6  0      -386.78121997     3.57e-06      0.61
      6  1      -386.62112066     8.87e-06      0.00

      7  0      -386.78122542     1.87e-06      0.62
      7  1      -386.62115599     4.84e-06      0.00

      8  0      -386.78122681     9.66e-07      0.62
      8  1      -386.62116684     2.75e-06      0.00

      9  0      -386.78122716     4.90e-07      0.62
      9  1      -386.62117098     1.87e-06      0.00

     10  0      -386.78122725     2.44e-07      0.62
     10  1      -386.62117303     1.41e-06      0.00

     11  0      -386.78122728     1.18e-07      0.62
     11  1      -386.62117410     9.83e-07      0.00

     12  0      -386.78122728     5.40e-08      0.62
     12  1      -386.62117456     6.00e-07      0.00

     13  0      -386.78122728     2.48e-08      0.62
     13  1      -386.62117474     3.60e-07      0.00

     14  0      -386.78122728     1.25e-08      0.62
     14  1      -386.62117480     2.24e-07      0.00

     15  0      -386.78122728     6.26e-09      0.63
     15  1      -386.62117483     1.42e-07      0.00

     16  0      -386.78122728     2.92e-09      0.63
     16  1      -386.62117484     8.93e-08      0.00

     17  0      -386.78122728     1.28e-09      0.63
     17  1      -386.62117484     5.48e-08      0.00

     18  0      -386.78122728     5.54e-10      0.62
     18  1      -386.62117484     3.22e-08      0.00

     19  0      -386.78122728     2.44e-10      0.63
     19  1      -386.62117484     1.93e-08      0.00
    ** throwing out 2 trial vectors **

     20  0      -386.78122728     1.07e-10      0.64
     20  1      -386.62117484     1.21e-08      0.00
    ** throwing out 2 trial vectors **

     21  0 *    -386.78122728     4.87e-11      0.55
     21  1      -386.62117484     7.52e-09      0.00
    ** throwing out 1 trial vectors **

     22  0 *    -386.78122728     4.37e-11      0.34
     22  1      -386.62117484     4.42e-09      0.00
    ** throwing out 1 trial vectors **

     23  0 *    -386.78122728     4.28e-11      0.34
     23  1      -386.62117484     2.62e-09      0.00
    ** throwing out 1 trial vectors **

     24  0 *    -386.78122728     4.28e-11      0.34
     24  1      -386.62117484     1.50e-09      0.00
    ** throwing out 1 trial vectors **

     25  0 *    -386.78122728     4.27e-11      0.34
     25  1      -386.62117484     8.51e-10      0.00
    ** throwing out 1 trial vectors **

     26  0 *    -386.78122728     4.27e-11      0.34
     26  1      -386.62117484     4.94e-10      0.00
    ** throwing out 1 trial vectors **

     27  0 *    -386.78122728     4.27e-11      0.34
     27  1      -386.62117484     2.89e-10      0.00
    ** throwing out 1 trial vectors **

     28  0 *    -386.78122728     4.27e-11      0.34
     28  1      -386.62117484     1.64e-10      0.00
    ** throwing out 1 trial vectors **

     29  0 *    -386.78122728     4.27e-11      0.24
     29  1 *    -386.62117484     9.33e-11      0.00

     * ci vector   0, <S^2> = 0.0000, E =     -386.78122728
       222222......    -0.8981109618
       22222ab.....    -0.0810727206
       22222ba.....    -0.0810727206
       222.22.2....     0.0733139997
       2222.2.2....     0.0681544849
       222ab2.2....     0.0604451974
       222ba2.2....     0.0604451974
       2222.22.....     0.0576959343
       22222....2..     0.0528590340
       .22222.....2     0.0515717262

     * ci vector   1, <S^2> = -0.0000, E =     -386.62117484
       22222ab.....     0.6179923647
       22222ba.....     0.6179923646
       222222......    -0.1207649641
       2222abba....     0.0590517676
       2222baab....     0.0590517676
       22b22aa.b...    -0.0523255233
       22a22bb.a...    -0.0523255233
       222.2ab2....    -0.0522108453
       222.2ba2....    -0.0522108453
       222b2a2.....     0.0516565418
       222a2b2.....     0.0516565418
       22a22bb..a..     0.0513467329
       22b22aa..b..     0.0513467329
       2222.ab2....    -0.0512464713
       2222.ba2....    -0.0512464713
       - FCI and RDMs                             17.72
    * Integral transformation done. Elapsed time: 0.08

       - jop, kop                                  0.00
       - denom                                     0.02
     guess   0:   closed 111111......         open ............        
     guess   1:   closed 11111.......         open .....11.....        

  === FCI iteration ===

      0  0      -386.64313574     3.77e-04      0.60
      0  1      -386.47421999     3.75e-04      0.00

      1  0      -386.75627195     1.84e-04      0.61
      1  1      -386.58610477     1.97e-04      0.00

      2  0      -386.77670989     8.64e-05      0.61
      2  1      -386.61213611     1.06e-04      0.00

      3  0      -386.78046854     3.79e-05      0.61
      3  1      -386.61879986     5.52e-05      0.00

      4  0      -386.78109331     1.60e-05      0.61
      4  1      -386.62052801     2.92e-05      0.00

      5  0      -386.78119791     7.27e-06      0.61
      5  1      -386.62099518     1.59e-05      0.00

      6  0      -386.78122001     3.57e-06      0.61
      6  1      -386.62112061     8.87e-06      0.00

      7  0      -386.78122546     1.87e-06      0.62
      7  1      -386.62115595     4.84e-06      0.00

      8  0      -386.78122685     9.66e-07      0.62
      8  1      -386.62116679     2.75e-06      0.00

      9  0      -386.78122721     4.90e-07      0.62
      9  1      -386.62117094     1.87e-06      0.00

     10  0      -386.78122730     2.44e-07      0.62
     10  1      -386.62117298     1.41e-06      0.00

     11  0      -386.78122732     1.18e-07      0.62
     11  1      -386.62117405     9.83e-07      0.00

     12  0      -386.78122732     5.40e-08      0.62
     12  1      -386.62117452     6.00e-07      0.00

     13  0      -386.78122732     2.48e-08      0.62
     13  1      -386.62117470     3.60e-07      0.00

     14  0      -386.78122732     1.25e-08      0.63
     14  1      -386.62117476     2.24e-07      0.00

     15  0      -386.78122732     6.26e-09      0.62
     15  1      -386.62117478     1.42e-07      0.00

     16  0      -386.78122732     2.92e-09      0.63
     16  1      -386.62117479     8.94e-08      0.00

     17  0      -386.78122732     1.28e-09      0.63
     17  1      -386.62117480     5.48e-08      0.00

     18  0      -386.78122732     5.54e-10      0.64
     18  1      -386.62117480     3.22e-08      0.00

     19  0      -386.78122732     2.44e-10      0.63
     19  1      -386.62117480     1.93e-08      0.00
    ** throwing out 2 trial vectors **

     20  0      -386.78122732     1.07e-10      0.64
     20  1      -386.62117480     1.21e-08      0.00
    ** throwing out 2 trial vectors **

     21  0 *    -386.78122732     4.87e-11      0.54
     21  1      -386.62117480     7.52e-09      0.00
    ** throwing out 1 trial vectors **

     22  0 *    -386.78122732     4.37e-11      0.34
     22  1      -386.62117480     4.42e-09      0.00
    ** throwing out 1 trial vectors **

     23  0 *    -386.78122732     4.28e-11      0.34
     23  1      -386.62117480     2.62e-09      0.00
    ** throwing out 1 trial vectors **

     24  0 *    -386.78122732     4.28e-11      0.34
     24  1      -386.62117480     1.50e-09      0.00
    ** throwing out 1 trial vectors **

     25  0 *    -386.78122732     4.27e-11      0.34
     25  1      -386.62117480     8.51e-10      0.00
    ** throwing out 1 trial vectors **

     26  0 *    -386.78122732     4.27e-11      0.34
     26  1      -386.62117480     4.94e-10      0.00
    ** throwing out 1 trial vectors **

     27  0 *    -386.78122732     4.27e-11      0.34
     27  1      -386.62117480     2.89e-10      0.00
    ** throwing out 1 trial vectors **

     28  0 *    -386.78122732     4.27e-11      0.34
     28  1      -386.62117480     1.64e-10      0.00
    ** throwing out 1 trial vectors **

     29  0 *    -386.78122732     4.27e-11      0.24
     29  1 *    -386.62117480     9.33e-11      0.00

     * ci vector   0, <S^2> = 0.0000, E =     -386.78122732
       222222......    -0.8981101744
       22222ab.....    -0.0810771568
       22222ba.....    -0.0810771568
       222.22.2....     0.0733131806
       2222.2.2....     0.0681548328
       222ab2.2....     0.0604443947
       222ba2.2....     0.0604443947
       2222.22.....     0.0576963865
       22222....2..     0.0528597228
       .22222.....2     0.0515708210

     * ci vector   1, <S^2> = 0.0000, E =     -386.62117480
       22222ab.....     0.6179917515
       22222ba.....     0.6179917515
       222222......    -0.1207707785
       2222abba....     0.0590529010
       2222baab....     0.0590529010
       22b22aa.b...    -0.0523272545
       22a22bb.a...    -0.0523272545
       222.2ab2....    -0.0522103076
       222.2ba2....    -0.0522103076
       222b2a2.....     0.0516563231
       222a2b2.....     0.0516563231
       22a22bb..a..     0.0513442958
       22b22aa..b..     0.0513442958
       2222.ab2....    -0.0512469823
       2222.ba2....    -0.0512469823
       - FCI and RDMs                             17.73
    * Integral transformation done. Elapsed time: 0.08

       - jop, kop                                  0.00
       - denom                                     0.02
     guess   0:   closed 111111......         open ............        
     guess   1:   closed 11111.......         open .....11.....        

  === FCI iteration ===

      0  0      -386.64313573     3.77e-04      0.61
      0  1      -386.47422004     3.75e-04      0.00

      1  0      -386.75627194     1.84e-04      0.61
      1  1      -386.58610473     1.97e-04      0.00

      2  0      -386.77670990     8.64e-05      0.61
      2  1      -386.61213608     1.06e-04      0.00

      3  0      -386.78046856     3.79e-05      0.61
      3  1      -386.61879984     5.52e-05      0.00

      4  0      -386.78109334     1.60e-05      0.61
      4  1      -386.62052799     2.92e-05      0.00

      5  0      -386.78119793     7.27e-06      0.61
      5  1      -386.62099516     1.59e-05      0.00

      6  0      -386.78122003     3.57e-06      0.61
      6  1      -386.62112059     8.87e-06      0.00

      7  0      -386.78122548     1.87e-06      0.61
      7  1      -386.62115592     4.84e-06      0.00

      8  0      -386.78122687     9.66e-07      0.61
      8  1      -386.62116677     2.75e-06      0.00

      9  0      -386.78122723     4.90e-07      0.61
      9  1      -386.62117091     1.87e-06      0.00

     10  0      -386.78122732     2.44e-07      0.62
     10  1      -386.62117296     1.41e-06      0.00

     11  0      -386.78122734     1.18e-07      0.62
     11  1      -386.62117403     9.83e-07      0.00

     12  0      -386.78122734     5.40e-08      0.62
     12  1      -386.62117450     6.00e-07      0.00

     13  0      -386.78122735     2.48e-08      0.62
     13  1      -386.62117467     3.60e-07      0.00

     14  0      -386.78122735     1.25e-08      0.63
     14  1      -386.62117474     2.24e-07      0.00

     15  0      -386.78122735     6.26e-09      0.62
     15  1      -386.62117476     1.42e-07      0.00

     16  0      -386.78122735     2.92e-09      0.63
     16  1      -386.62117477     8.94e-08      0.00

     17  0      -386.78122735     1.28e-09      0.63
     17  1      -386.62117478     5.48e-08      0.00

     18  0      -386.78122735     5.54e-10      0.64
     18  1      -386.62117478     3.22e-08      0.00

     19  0      -386.78122735     2.44e-10      0.63
     19  1      -386.62117478     1.93e-08      0.00
    ** throwing out 2 trial vectors **

     20  0      -386.78122735     1.07e-10      0.64
     20  1      -386.62117478     1.21e-08      0.00
    ** throwing out 2 trial vectors **

     21  0 *    -386.78122735     4.87e-11      0.54
     21  1      -386.62117478     7.52e-09      0.00
    ** throwing out 1 trial vectors **

     22  0 *    -386.78122735     4.37e-11      0.33
     22  1      -386.62117478     4.42e-09      0.00
    ** throwing out 1 trial vectors **

     23  0 *    -386.78122735     4.28e-11      0.34
     23  1      -386.62117478     2.62e-09      0.00
    ** throwing out 1 trial vectors **

     24  0 *    -386.78122735     4.28e-11      0.33
     24  1      -386.62117478     1.50e-09      0.00
    ** throwing out 1 trial vectors **

     25  0 *    -386.78122735     4.27e-11      0.34
     25  1      -386.62117478     8.51e-10      0.00
    ** throwing out 1 trial vectors **

     26  0 *    -386.78122735     4.27e-11      0.33
     26  1      -386.62117478     4.94e-10      0.00
    ** throwing out 1 trial vectors **

     27  0 *    -386.78122735     4.26e-11      0.33
     27  1      -386.62117478     2.89e-10      0.00
    ** throwing out 1 trial vectors **

     28  0 *    -386.78122735     4.27e-11      0.33
     28  1      -386.62117478     1.64e-10      0.00
    ** throwing out 1 trial vectors **

     29  0 *    -386.78122735     4.27e-11      0.23
     29  1 *    -386.62117478     9.33e-11      0.00

     * ci vector   0, <S^2> = 0.0000, E =     -386.78122735
       222222......     0.8981097831
       22222ba.....     0.0810793587
       22222ab.....     0.0810793587
       222.22.2....    -0.0733128140
       2222.2.2....    -0.0681550595
       222ba2.2....     0.0604440385
       222ab2.2....     0.0604440385
       2222.22.....    -0.0576966040
       22222....2..    -0.0528600936
       .22222.....2    -0.0515703453

     * ci vector   1, <S^2> = 0.0000, E =     -386.62117478
       22222ba.....    -0.6179914542
       22222ab.....    -0.6179914542
       222222......     0.1207736686
       2222baab....    -0.0590534698
       2222abba....    -0.0590534698
       22a22bb.a...     0.0523281255
       22b22aa.b...     0.0523281255
       222.2ba2....     0.0522100648
       222.2ab2....     0.0522100648
       222a2b2.....     0.0516561807
       222b2a2.....     0.0516561807
       22b22aa..b..    -0.0513430754
       22a22bb..a..    -0.0513430754
       2222.ba2....     0.0512472711
       2222.ab2....     0.0512472711
       - FCI and RDMs                             17.67
    * Integral transformation done. Elapsed time: 0.08

       - jop, kop                                  0.00
       - denom                                     0.02
     guess   0:   closed 111111......         open ............        
     guess   1:   closed 11111.......         open .....11.....        

  === FCI iteration ===

      0  0      -386.64313572     3.77e-04      0.62
      0  1      -386.47422007     3.75e-04      0.00

      1  0      -386.75627194     1.84e-04      0.63
      1  1      -386.58610472     1.97e-04      0.00

      2  0      -386.77670991     8.64e-05      0.60
      2  1      -386.61213607     1.06e-04      0.00

      3  0      -386.78046858     3.79e-05      0.61
      3  1      -386.61879983     5.52e-05      0.00

      4  0      -386.78109335     1.60e-05      0.61
      4  1      -386.62052798     2.92e-05      0.00

      5  0      -386.78119794     7.27e-06      0.61
      5  1      -386.62099515     1.59e-05      0.00

      6  0      -386.78122004     3.57e-06      0.61
      6  1      -386.62112058     8.87e-06      0.00

      7  0      -386.78122549     1.87e-06      0.61
      7  1      -386.62115591     4.84e-06      0.00

      8  0      -386.78122688     9.66e-07      0.62
      8  1      -386.62116676     2.75e-06      0.00

      9  0      -386.78122724     4.90e-07      0.62
      9  1      -386.62117090     1.87e-06      0.00

     10  0      -386.78122733     2.44e-07      0.62
     10  1      -386.62117295     1.41e-06      0.00

     11  0      -386.78122735     1.18e-07      0.62
     11  1      -386.62117402     9.83e-07      0.00

     12  0      -386.78122736     5.40e-08      0.62
     12  1      -386.62117449     6.00e-07      0.00

     13  0      -386.78122736     2.48e-08      0.62
     13  1      -386.62117466     3.60e-07      0.00

     14  0      -386.78122736     1.25e-08      0.62
     14  1      -386.62117473     2.24e-07      0.00

     15  0      -386.78122736     6.26e-09      0.62
     15  1      -386.62117475     1.42e-07      0.00

     16  0      -386.78122736     2.92e-09      0.63
     16  1      -386.62117476     8.94e-08      0.00

     17  0      -386.78122736     1.28e-09      0.63
     17  1      -386.62117477     5.48e-08      0.00

     18  0      -386.78122736     5.54e-10      0.63
     18  1      -386.62117477     3.22e-08      0.00

     19  0      -386.78122736     2.44e-10      0.63
     19  1      -386.62117477     1.93e-08      0.00
    ** throwing out 2 trial vectors **

     20  0      -386.78122736     1.07e-10      0.64
     20  1      -386.62117477     1.21e-08      0.00
    ** throwing out 2 trial vectors **

     21  0 *    -386.78122736     4.87e-11      0.54
     21  1      -386.62117477     7.52e-09      0.00
    ** throwing out 1 trial vectors **

     22  0 *    -386.78122736     4.37e-11      0.33
     22  1      -386.62117477     4.42e-09      0.00
    ** throwing out 1 trial vectors **

     23  0 *    -386.78122736     4.28e-11      0.33
     23  1      -386.62117477     2.62e-09      0.00
    ** throwing out 1 trial vectors **

     24  0 *    -386.78122736     4.28e-11      0.34
     24  1      -386.62117477     1.50e-09      0.00
    ** throwing out 1 trial vectors **

     25  0 *    -386.78122736     4.27e-11      0.34
     25  1      -386.62117477     8.51e-10      0.00
    ** throwing out 1 trial vectors **

     26  0 *    -386.78122736     4.27e-11      0.33
     26  1      -386.62117477     4.94e-10      0.00
    ** throwing out 1 trial vectors **

     27  0 *    -386.78122736     4.26e-11      0.34
     27  1      -386.62117477     2.89e-10      0.00
    ** throwing out 1 trial vectors **

     28  0 *    -386.78122736     4.27e-11      0.33
     28  1      -386.62117477     1.64e-10      0.00
    ** throwing out 1 trial vectors **

     29  0 *    -386.78122736     4.27e-11      0.23
     29  1 *    -386.62117477     9.33e-11      0.00

     * ci vector   0, <S^2> = 0.0000, E =     -386.78122736
       222222......     0.8981095878
       22222ba.....     0.0810804570
       22222ab.....     0.0810804570
       222.22.2....    -0.0733126491
       2222.2.2....    -0.0681551978
       222ab2.2....     0.0604438805
       222ba2.2....     0.0604438805
       2222.22.....    -0.0576967088
       22222....2..    -0.0528602916
       .22222.....2    -0.0515700960

     * ci vector   1, <S^2> = 0.0000, E =     -386.62117477
       22222ba.....    -0.6179913091
       22222ab.....    -0.6179913091
       222222......     0.1207751121
       2222baab....     0.0590537561
       2222abba....     0.0590537561
       22a22bb.a...    -0.0523285648
       22b22aa.b...    -0.0523285648
       222.2ba2....     0.0522099544
       222.2ab2....     0.0522099544
       222a2b2.....    -0.0516560944
       222b2a2.....    -0.0516560944
       22b22aa..b..     0.0513424622
       22a22bb..a..     0.0513424622
       2222.ba2....     0.0512474316
       2222.ab2....     0.0512474316
       - FCI and RDMs                             17.70
    * Integral transformation done. Elapsed time: 0.08

       - jop, kop                                  0.00
       - denom                                     0.02
     guess   0:   closed 111111......         open ............        
     guess   1:   closed 11111.......         open .....11.....        

  === FCI iteration ===

      0  0      -386.64313572     3.77e-04      0.60
      0  1      -386.47422010     3.75e-04      0.00

      1  0      -386.75627194     1.84e-04      0.60
      1  1      -386.58610472     1.97e-04      0.00

      2  0      -386.77670992     8.64e-05      0.60
      2  1      -386.61213607     1.06e-04      0.00

      3  0      -386.78046858     3.79e-05      0.60
      3  1      -386.61879982     5.52e-05      0.00

      4  0      -386.78109335     1.60e-05      0.61
      4  1      -386.62052797     2.92e-05      0.00

      5  0      -386.78119795     7.27e-06      0.61
      5  1      -386.62099514     1.59e-05      0.00

      6  0      -386.78122005     3.57e-06      0.61
      6  1      -386.62112058     8.87e-06      0.00

      7  0      -386.78122550     1.87e-06      0.61
      7  1      -386.62115591     4.84e-06      0.00

      8  0      -386.78122689     9.66e-07      0.61
      8  1      -386.62116675     2.75e-06      0.00

      9  0      -386.78122724     4.90e-07      0.62
      9  1      -386.62117090     1.87e-06      0.00

     10  0      -386.78122733     2.44e-07      0.62
     10  1      -386.62117294     1.41e-06      0.00

     11  0      -386.78122736     1.18e-07      0.62
     11  1      -386.62117402     9.83e-07      0.00

     12  0      -386.78122736     5.40e-08      0.62
     12  1      -386.62117448     6.00e-07      0.00

     13  0      -386.78122736     2.48e-08      0.62
     13  1      -386.62117466     3.60e-07      0.00

     14  0      -386.78122736     1.25e-08      0.62
     14  1      -386.62117472     2.24e-07      0.00

     15  0      -386.78122736     6.26e-09      0.62
     15  1      -386.62117475     1.42e-07      0.00

     16  0      -386.78122736     2.92e-09      0.63
     16  1      -386.62117476     8.94e-08      0.00

     17  0      -386.78122736     1.28e-09      0.63
     17  1      -386.62117476     5.48e-08      0.00

     18  0      -386.78122736     5.54e-10      0.63
     18  1      -386.62117476     3.22e-08      0.00

     19  0      -386.78122736     2.44e-10      0.63
     19  1      -386.62117476     1.93e-08      0.00
    ** throwing out 2 trial vectors **

     20  0      -386.78122736     1.07e-10      0.64
     20  1      -386.62117476     1.21e-08      0.00
    ** throwing out 2 trial vectors **

     21  0 *    -386.78122736     4.87e-11      0.54
     21  1      -386.62117476     7.52e-09      0.00
    ** throwing out 1 trial vectors **

     22  0 *    -386.78122736     4.37e-11      0.34
     22  1      -386.62117476     4.42e-09      0.00
    ** throwing out 1 trial vectors **

     23  0 *    -386.78122736     4.28e-11      0.33
     23  1      -386.62117476     2.62e-09      0.00
    ** throwing out 1 trial vectors **

     24  0 *    -386.78122736     4.28e-11      0.33
     24  1      -386.62117476     1.50e-09      0.00
    ** throwing out 1 trial vectors **

     25  0 *    -386.78122736     4.27e-11      0.33
     25  1      -386.62117476     8.51e-10      0.00
    ** throwing out 1 trial vectors **

     26  0 *    -386.78122736     4.27e-11      0.34
     26  1      -386.62117476     4.94e-10      0.00
    ** throwing out 1 trial vectors **

     27  0 *    -386.78122736     4.26e-11      0.34
     27  1      -386.62117476     2.89e-10      0.00
    ** throwing out 1 trial vectors **

     28  0 *    -386.78122736     4.27e-11      0.34
     28  1      -386.62117476     1.64e-10      0.00
    ** throwing out 1 trial vectors **

     29  0 *    -386.78122736     4.27e-11      0.24
     29  1 *    -386.62117476     9.33e-11      0.00

     * ci vector   0, <S^2> = -0.0000, E =     -386.78122736
       222222......    -0.8981094898
       22222ba.....    -0.0810810074
       22222ab.....    -0.0810810074
       222.22.2....     0.0733125744
       2222.2.2....     0.0681552791
       222ba2.2....    -0.0604438106
       222ab2.2....    -0.0604438106
       2222.22.....     0.0576967593
       22222....2..     0.0528603966
       .22222.....2     0.0515699656

     * ci vector   1, <S^2> = 0.0000, E =     -386.62117476
       22222ab.....     0.6179912379
       22222ba.....     0.6179912379
       222222......    -0.1207758362
       2222abba....    -0.0590539006
       2222baab....    -0.0590539006
       22a22bb.a...    -0.0523287870
       22b22aa.b...    -0.0523287870
       222.2ab2....    -0.0522099039
       222.2ba2....    -0.0522099039
       222a2b2.....     0.0516560440
       222b2a2.....     0.0516560440
       22b22aa..b..     0.0513421533
       22a22bb..a..     0.0513421533
       2222.ab2....    -0.0512475198
       2222.ba2....    -0.0512475198
       - FCI and RDMs                             17.66
