--------------------------------------------------
JOB FRONT-END 3110245 on wux39
SLURM ENVIRONMENT
--------------------------------------------------
SLURM_JOB_ID                   = 3110245             
SLURM_ARRAY_JOB_ID             = N/A                 
SLURM_ARRAY_TASK_ID            = N/A                 
SLURM_JOB_NAME                 = bagel               
SLURM_JOB_PARTITION            = batch               
SLURM_JOB_NUM_NODES            = 1                   
SLURM_JOB_CPUS_PER_NODE        = 20                  
SLURM_NTASKS                   = 20                  
SLURM_NTASKS_PER_NODE          = N/A                 
--------------------------------------------------
--------------------------------------------------
PBS ENVIRONMENT
--------------------------------------------------
PBS_JOBID                      = 3110245             
PBS_ARRAYID                    = N/A                 
PBS_JOBNAME                    = bagel               
PBS_QUEUE                      = batch               
PBS_NUM_NODES                  = 1                   
PBS_NUM_PPN                    = 1                   
PBS_NP                         = 20                  
PBS_NODEFILE                   = /tmp/3110245/nodes  
--------------------------------------------------
  * process grid (5, 4) will be used
    wux39                           
    wux39                           
    wux39                           
    wux39                           
    wux39                           
    wux39                           
    wux39                           
    wux39                           
    wux39                           
    wux39                           
    wux39                           
    wux39                           
    wux39                           
    wux39                           
    wux39                           
    wux39                           
    wux39                           
    wux39                           
    wux39                           
    wux39                           

  * using 20 threads per process

  ===============================================================
    BAGEL - Freshly leavened quantum chemistry                   
  ===============================================================

  *** Geometry ***

  { "atom" : "C", "xyz" : [      4.489882,     -1.151474,      1.719776 ] },
  { "atom" : "C", "xyz" : [      4.175237,      1.541442,      1.750428 ] },
  { "atom" : "C", "xyz" : [      1.951388,      2.657727,      0.868319 ] },
  { "atom" : "N", "xyz" : [      0.101935,      1.070781,      0.079020 ] },
  { "atom" : "B", "xyz" : [      0.153910,     -1.662891,      0.096997 ] },
  { "atom" : "C", "xyz" : [      2.580747,     -2.862757,      1.017111 ] },
  { "atom" : "C", "xyz" : [     -2.355408,     -1.775949,     -1.671159 ] },
  { "atom" : "C", "xyz" : [     -4.982215,     -1.160539,     -0.614330 ] },
  { "atom" : "C", "xyz" : [     -4.694681,      1.409357,     -0.679551 ] },
  { "atom" : "C", "xyz" : [     -2.033510,      1.225180,     -1.752929 ] },
  { "atom" : "H", "xyz" : [      6.369484,     -1.869073,      2.217909 ] },
  { "atom" : "H", "xyz" : [      5.724686,      2.753354,      2.367712 ] },
  { "atom" : "H", "xyz" : [      1.669718,      4.701257,      0.747376 ] },
  { "atom" : "H", "xyz" : [      3.064006,     -4.873208,      1.005732 ] },
  { "atom" : "H", "xyz" : [     -2.258601,     -2.828384,     -3.457947 ] },
  { "atom" : "H", "xyz" : [     -6.552435,     -2.364274,     -0.027810 ] },
  { "atom" : "H", "xyz" : [     -5.890888,      3.003654,     -0.147898 ] },
  { "atom" : "H", "xyz" : [     -1.513255,      2.185797,     -3.518758 ] },

  Number of auxiliary basis functions:      884

  Since a DF basis is specified, we compute 2- and 3-index integrals:
    o Being stored without compression. Storage requirement is 0.079 GB
       - 3-index ints prep                         0.00
       - 3-index ints                              0.07
       - 2-index ints                              0.02
       - computing inverse                         0.41
        elapsed time:        0.51 sec.


  Number of basis functions:      106
  Number of electrons      :       68


    * METHOD: MOLECULE                             0.55

       - Overlap matrix                            0.01
       - Hcore matrix                              0.01
       - Overlap orthog                            0.01

  *** RHF ***

  === Nuclear Repulsion ===
  
   455.2742533462

      * DIIS with orbital gradients will be used.

       - SCF startup                               0.49

  === RHF iteration (/home/miaoxin/software/bagel-1.2.2/obj/share/3-21g.json) ===
  
               o Fock build                                  0.20
      0       -384.34585759          0.01181660           0.20
               o DIIS                                        0.00
               o Diag                                        0.03
               o Post process                                0.01
               o Fock build                                  0.19
      1       -384.48961990          0.00409973           0.23
               o DIIS                                        0.00
               o Diag                                        0.01
               o Post process                                0.00
               o Fock build                                  0.17
      2       -384.50499475          0.00160861           0.18
               o DIIS                                        0.00
               o Diag                                        0.01
               o Post process                                0.00
               o Fock build                                  0.20
      3       -384.50750117          0.00029567           0.21
               o DIIS                                        0.00
               o Diag                                        0.01
               o Post process                                0.00
               o Fock build                                  0.20
      4       -384.50760464          0.00008509           0.21
               o DIIS                                        0.00
               o Diag                                        0.04
               o Post process                                0.00
               o Fock build                                  0.24
      5       -384.50761885          0.00003045           0.28
               o DIIS                                        0.00
               o Diag                                        0.01
               o Post process                                0.00
               o Fock build                                  0.20
      6       -384.50762114          0.00001822           0.22
               o DIIS                                        0.00
               o Diag                                        0.01
               o Post process                                0.00
               o Fock build                                  0.16
      7       -384.50762220          0.00000669           0.17
               o DIIS                                        0.00
               o Diag                                        0.01
               o Post process                                0.00
               o Fock build                                  0.22
      8       -384.50762241          0.00000337           0.24
               o DIIS                                        0.00
               o Diag                                        0.01
               o Post process                                0.00
               o Fock build                                  0.19
      9       -384.50762244          0.00000150           0.21
               o DIIS                                        0.00
               o Diag                                        0.01
               o Post process                                0.00
               o Fock build                                  0.19
     10       -384.50762245          0.00000070           0.20
               o DIIS                                        0.00
               o Diag                                        0.01
               o Post process                                0.00
               o Fock build                                  0.20
     11       -384.50762245          0.00000030           0.22
               o DIIS                                        0.00
               o Diag                                        0.01
               o Post process                                0.00
               o Fock build                                  0.20
     12       -384.50762245          0.00000011           0.22
               o DIIS                                        0.00
               o Diag                                        0.01
               o Post process                                0.00
               o Fock build                                  0.18
     13       -384.50762245          0.00000005           0.20
               o DIIS                                        0.00
               o Diag                                        0.01
               o Post process                                0.00
               o Fock build                                  0.22
     14       -384.50762245          0.00000002           0.24
               o DIIS                                        0.00
               o Diag                                        0.01
               o Post process                                0.00
               o Fock build                                  0.21
     15       -384.50762245          0.00000001           0.23
               o DIIS                                        0.00
               o Diag                                        0.01
               o Post process                                0.00
               o Fock build                                  0.20
     16       -384.50762245          0.00000000           0.21
  
    * SCF iteration converged.

    * Permanent dipole moment:
           (    0.082238,    -0.524232,     0.288545) a.u.

  ---------------------------
      CASSCF calculation     
  ---------------------------

 
    ==== Active orbitals : ===== 
         Orbital 32
         Orbital 33
         Orbital 34
         Orbital 35
         Orbital 36
         Orbital 37
    ============================ 

    * nstate   :      4
    * nclosed  :     31
    * nact     :      6
    * nvirt    :     69
  === CASSCF iteration (/home/miaoxin/software/bagel-1.2.2/obj/share/3-21g.json) ===

    * Using the second-order algorithm

      0  0      -384.54501903     3.06e-03      0.37
      0  1      -384.30888647     0.00e+00      0.37
      0  2      -384.27418350     0.00e+00      0.37
      0  3      -384.23446913     0.00e+00      0.37

         res : 7.16e-02   lamb: 1.00e+00   eps : -1.76e-02   step: 3.25e-01    0.20
         res : 2.54e-02   lamb: 1.00e+00   eps : -1.96e-02   step: 3.81e-01    0.25
         res : 8.40e-03   lamb: 1.00e+00   eps : -1.98e-02   step: 3.82e-01    0.20
         res : 2.60e-03   lamb: 1.00e+00   eps : -1.98e-02   step: 3.83e-01    0.22
         res : 7.27e-04   lamb: 1.00e+00   eps : -1.98e-02   step: 3.83e-01    0.20
         res : 2.01e-04   lamb: 1.00e+00   eps : -1.98e-02   step: 3.84e-01    0.22
         res : 5.70e-05   lamb: 1.00e+00   eps : -1.98e-02   step: 3.84e-01    0.22
         res : 2.00e-05   lamb: 1.00e+00   eps : -1.98e-02   step: 3.84e-01    0.27

      1  0      -384.55735405     2.70e-03     20.50
      1  1      -384.32445301     0.00e+00     20.50
      1  2      -384.29418170     0.00e+00     20.50
      1  3      -384.25872514     0.00e+00     20.50

         res : 9.22e-02   lamb: 1.00e+00   eps : -1.65e-02   step: 2.66e-01    0.19
         res : 2.40e-02   lamb: 1.00e+00   eps : -1.90e-02   step: 3.51e-01    0.22
         res : 1.17e-02   lamb: 1.00e+00   eps : -1.93e-02   step: 3.64e-01    0.20
         res : 2.96e-03   lamb: 1.00e+00   eps : -1.93e-02   step: 3.66e-01    0.21
         res : 1.02e-03   lamb: 1.00e+00   eps : -1.93e-02   step: 3.68e-01    0.23
         res : 3.26e-04   lamb: 1.00e+00   eps : -1.93e-02   step: 3.68e-01    0.25
         res : 9.63e-05   lamb: 1.00e+00   eps : -1.93e-02   step: 3.68e-01    0.21
         res : 2.96e-05   lamb: 1.00e+00   eps : -1.93e-02   step: 3.68e-01    0.19

      2  0      -384.56754562     1.29e-03      2.59
      2  1      -384.34501658     0.00e+00      2.59
      2  2      -384.31154264     0.00e+00      2.59
      2  3      -384.28495540     0.00e+00      2.59

         res : 5.55e-02   lamb: 1.00e+00   eps : -1.38e-02   step: 3.06e-01    0.23
         res : 1.67e-02   lamb: 1.00e+00   eps : -1.46e-02   step: 3.30e-01    0.20
         res : 6.81e-03   lamb: 1.00e+00   eps : -1.47e-02   step: 3.31e-01    0.21
         res : 2.32e-03   lamb: 1.00e+00   eps : -1.47e-02   step: 3.30e-01    0.21
         res : 6.65e-04   lamb: 1.00e+00   eps : -1.47e-02   step: 3.31e-01    0.20
         res : 2.03e-04   lamb: 1.00e+00   eps : -1.47e-02   step: 3.31e-01    0.22
         res : 6.59e-05   lamb: 1.00e+00   eps : -1.47e-02   step: 3.31e-01    0.23
         res : 2.78e-05   lamb: 1.00e+00   eps : -1.47e-02   step: 3.31e-01    0.27

      3  0      -384.57517837     5.80e-04      2.56
      3  1      -384.35713388     0.00e+00      2.56
      3  2      -384.31948616     0.00e+00      2.56
      3  3      -384.30157049     0.00e+00      2.56

         res : 2.40e-02   lamb: 1.00e+00   eps : -1.74e-03   step: 8.95e-02    0.18
         res : 6.20e-03   lamb: 1.00e+00   eps : -1.88e-03   step: 9.90e-02    0.20
         res : 2.18e-03   lamb: 1.00e+00   eps : -1.90e-03   step: 9.84e-02    0.22
         res : 8.34e-04   lamb: 1.00e+00   eps : -1.90e-03   step: 9.82e-02    0.23
         res : 2.36e-04   lamb: 1.00e+00   eps : -1.90e-03   step: 9.83e-02    0.20
         res : 8.19e-05   lamb: 1.00e+00   eps : -1.90e-03   step: 9.83e-02    0.24
         res : 2.64e-05   lamb: 1.00e+00   eps : -1.90e-03   step: 9.83e-02    0.20
         res : 1.24e-05   lamb: 1.00e+00   eps : -1.90e-03   step: 9.83e-02    0.22
         res : 4.89e-06   lamb: 1.00e+00   eps : -1.90e-03   step: 9.83e-02    0.22

      4  0      -384.57690469     2.08e-04      2.76
      4  1      -384.35617829     0.00e+00      2.76
      4  2      -384.31972885     0.00e+00      2.76
      4  3      -384.30528310     0.00e+00      2.76

         res : 8.36e-03   lamb: 1.00e+00   eps : -1.14e-04   step: 1.88e-02    0.19
         res : 1.89e-03   lamb: 1.00e+00   eps : -1.31e-04   step: 2.37e-02    0.19
         res : 5.96e-04   lamb: 1.00e+00   eps : -1.33e-04   step: 2.35e-02    0.24
         res : 2.26e-04   lamb: 1.00e+00   eps : -1.33e-04   step: 2.34e-02    0.20
         res : 6.68e-05   lamb: 1.00e+00   eps : -1.33e-04   step: 2.34e-02    0.24
         res : 2.47e-05   lamb: 1.00e+00   eps : -1.33e-04   step: 2.34e-02    0.23
         res : 9.11e-06   lamb: 1.00e+00   eps : -1.33e-04   step: 2.34e-02    0.20
         res : 3.80e-06   lamb: 1.00e+00   eps : -1.33e-04   step: 2.34e-02    0.19
         res : 1.20e-06   lamb: 1.00e+00   eps : -1.33e-04   step: 2.34e-02    0.22

      5  0      -384.57730267     8.44e-05      2.73
      5  1      -384.35587214     0.00e+00      2.73
      5  2      -384.31907428     0.00e+00      2.73
      5  3      -384.30618977     0.00e+00      2.73

         res : 2.71e-03   lamb: 1.00e+00   eps : -1.05e-05   step: 4.35e-03    0.24
         res : 6.40e-04   lamb: 1.00e+00   eps : -1.27e-05   step: 6.35e-03    0.20
         res : 2.36e-04   lamb: 1.00e+00   eps : -1.29e-05   step: 6.34e-03    0.20
         res : 7.13e-05   lamb: 1.00e+00   eps : -1.29e-05   step: 6.32e-03    0.19
         res : 2.14e-05   lamb: 1.00e+00   eps : -1.29e-05   step: 6.31e-03    0.20
         res : 8.49e-06   lamb: 1.00e+00   eps : -1.29e-05   step: 6.31e-03    0.22
         res : 3.22e-06   lamb: 1.00e+00   eps : -1.29e-05   step: 6.31e-03    0.22
         res : 1.10e-06   lamb: 1.00e+00   eps : -1.29e-05   step: 6.31e-03    0.23
         res : 3.16e-07   lamb: 1.00e+00   eps : -1.29e-05   step: 6.31e-03    0.23

      6  0      -384.57743622     3.36e-05      2.81
      6  1      -384.35585542     0.00e+00      2.81
      6  2      -384.31870801     0.00e+00      2.81
      6  3      -384.30647390     0.00e+00      2.81

         res : 9.10e-04   lamb: 1.00e+00   eps : -1.27e-06   step: 1.26e-03    0.18
         res : 2.36e-04   lamb: 1.00e+00   eps : -1.55e-06   step: 1.96e-03    0.19
         res : 9.08e-05   lamb: 1.00e+00   eps : -1.58e-06   step: 1.98e-03    0.21
         res : 2.49e-05   lamb: 1.00e+00   eps : -1.58e-06   step: 1.98e-03    0.20
         res : 7.65e-06   lamb: 1.00e+00   eps : -1.58e-06   step: 1.98e-03    0.24
         res : 2.88e-06   lamb: 1.00e+00   eps : -1.58e-06   step: 1.98e-03    0.20
         res : 1.16e-06   lamb: 1.00e+00   eps : -1.58e-06   step: 1.98e-03    0.22
         res : 3.71e-07   lamb: 1.00e+00   eps : -1.58e-06   step: 1.98e-03    0.20
         res : 9.41e-08   lamb: 1.00e+00   eps : -1.58e-06   step: 1.98e-03    0.21

      7  0      -384.57748564     1.31e-05      2.62
      7  1      -384.35587159     0.00e+00      2.62
      7  2      -384.31854901     0.00e+00      2.62
      7  3      -384.30657161     0.00e+00      2.62

         res : 3.23e-04   lamb: 1.00e+00   eps : -1.72e-07   step: 4.19e-04    0.18
         res : 8.94e-05   lamb: 1.00e+00   eps : -2.10e-07   step: 6.67e-04    0.24
         res : 3.49e-05   lamb: 1.00e+00   eps : -2.14e-07   step: 6.81e-04    0.20
         res : 9.32e-06   lamb: 1.00e+00   eps : -2.14e-07   step: 6.81e-04    0.22
         res : 2.87e-06   lamb: 1.00e+00   eps : -2.14e-07   step: 6.81e-04    0.22
         res : 1.01e-06   lamb: 1.00e+00   eps : -2.14e-07   step: 6.81e-04    0.19
         res : 4.32e-07   lamb: 1.00e+00   eps : -2.14e-07   step: 6.81e-04    0.19
         res : 1.35e-07   lamb: 1.00e+00   eps : -2.14e-07   step: 6.81e-04    0.19
         res : 3.14e-08   lamb: 1.00e+00   eps : -2.14e-07   step: 6.81e-04    0.22

      8  0      -384.57750434     5.07e-06      2.78
      8  1      -384.35588241     0.00e+00      2.78
      8  2      -384.31848499     0.00e+00      2.78
      8  3      -384.30660670     0.00e+00      2.78

         res : 1.19e-04   lamb: 1.00e+00   eps : -2.43e-08   step: 1.50e-04    0.23
         res : 3.41e-05   lamb: 1.00e+00   eps : -2.96e-08   step: 2.40e-04    0.20
         res : 1.34e-05   lamb: 1.00e+00   eps : -3.01e-08   step: 2.46e-04    0.19
         res : 3.56e-06   lamb: 1.00e+00   eps : -3.01e-08   step: 2.47e-04    0.23
         res : 1.10e-06   lamb: 1.00e+00   eps : -3.01e-08   step: 2.47e-04    0.22
         res : 3.64e-07   lamb: 1.00e+00   eps : -3.01e-08   step: 2.47e-04    0.19
         res : 1.62e-07   lamb: 1.00e+00   eps : -3.01e-08   step: 2.47e-04    0.22
         res : 5.06e-08   lamb: 1.00e+00   eps : -3.01e-08   step: 2.47e-04    0.19
         res : 1.13e-08   lamb: 1.00e+00   eps : -3.01e-08   step: 2.47e-04    0.21

      9  0      -384.57751145     1.95e-06      2.85
      9  1      -384.35588750     0.00e+00      2.85
      9  2      -384.31845997     0.00e+00      2.85
      9  3      -384.30661960     0.00e+00      2.85

         res : 4.43e-05   lamb: 1.00e+00   eps : -3.49e-09   step: 5.52e-05    0.19
         res : 1.30e-05   lamb: 1.00e+00   eps : -4.24e-09   step: 8.86e-05    0.22
         res : 5.12e-06   lamb: 1.00e+00   eps : -4.30e-09   step: 9.14e-05    0.25
         res : 1.37e-06   lamb: 1.00e+00   eps : -4.31e-09   step: 9.15e-05    0.21
         res : 4.20e-07   lamb: 1.00e+00   eps : -4.31e-09   step: 9.15e-05    0.25
         res : 1.34e-07   lamb: 1.00e+00   eps : -4.31e-09   step: 9.16e-05    0.23
         res : 6.08e-08   lamb: 1.00e+00   eps : -4.31e-09   step: 9.16e-05    0.21
         res : 1.91e-08   lamb: 1.00e+00   eps : -4.31e-09   step: 9.16e-05    0.20
         res : 4.23e-09   lamb: 1.00e+00   eps : -4.31e-09   step: 9.16e-05    0.20

     10  0      -384.57751416     7.47e-07      2.87
     10  1      -384.35588965     0.00e+00      2.87
     10  2      -384.31845032     0.00e+00      2.87
     10  3      -384.30662441     0.00e+00      2.87

         res : 1.67e-05   lamb: 1.00e+00   eps : -5.04e-10   step: 2.06e-05    0.21
         res : 4.94e-06   lamb: 1.00e+00   eps : -6.11e-10   step: 3.32e-05    0.23
         res : 1.96e-06   lamb: 1.00e+00   eps : -6.20e-10   step: 3.43e-05    0.22
         res : 5.22e-07   lamb: 1.00e+00   eps : -6.20e-10   step: 3.44e-05    0.20
         res : 1.61e-07   lamb: 1.00e+00   eps : -6.20e-10   step: 3.44e-05    0.20
         res : 5.02e-08   lamb: 1.00e+00   eps : -6.20e-10   step: 3.44e-05    0.20
         res : 2.30e-08   lamb: 1.00e+00   eps : -6.20e-10   step: 3.44e-05    0.22
         res : 7.26e-09   lamb: 1.00e+00   eps : -6.20e-10   step: 3.44e-05    0.21
         res : 1.60e-09   lamb: 1.00e+00   eps : -6.20e-10   step: 3.44e-05    0.23

     11  0      -384.57751519     2.85e-07      2.90
     11  1      -384.35589051     0.00e+00      2.90
     11  2      -384.31844662     0.00e+00      2.90
     11  3      -384.30662622     0.00e+00      2.90

         res : 6.31e-06   lamb: 1.00e+00   eps : -7.28e-11   step: 7.78e-06    0.20
         res : 1.88e-06   lamb: 1.00e+00   eps : -8.81e-11   step: 1.25e-05    0.21
         res : 7.48e-07   lamb: 1.00e+00   eps : -8.94e-11   step: 1.30e-05    0.22
         res : 2.00e-07   lamb: 1.00e+00   eps : -8.95e-11   step: 1.30e-05    0.22
         res : 6.15e-08   lamb: 1.00e+00   eps : -8.95e-11   step: 1.30e-05    0.20
         res : 1.89e-08   lamb: 1.00e+00   eps : -8.95e-11   step: 1.30e-05    0.20
         res : 8.70e-09   lamb: 1.00e+00   eps : -8.95e-11   step: 1.30e-05    0.24
         res : 2.76e-09   lamb: 1.00e+00   eps : -8.95e-11   step: 1.30e-05    0.24

     12  0      -384.57751558     1.09e-07      2.59
     12  1      -384.35589085     0.00e+00      2.59
     12  2      -384.31844521     0.00e+00      2.59
     12  3      -384.30662690     0.00e+00      2.59

         res : 2.39e-06   lamb: 1.00e+00   eps : -1.05e-11   step: 2.94e-06    0.22
         res : 7.16e-07   lamb: 1.00e+00   eps : -1.27e-11   step: 4.73e-06    0.20
         res : 2.85e-07   lamb: 1.00e+00   eps : -1.29e-11   step: 4.90e-06    0.20
         res : 7.62e-08   lamb: 1.00e+00   eps : -1.29e-11   step: 4.91e-06    0.27
         res : 2.35e-08   lamb: 1.00e+00   eps : -1.29e-11   step: 4.91e-06    0.23
         res : 7.15e-09   lamb: 1.00e+00   eps : -1.29e-11   step: 4.91e-06    0.20
         res : 3.30e-09   lamb: 1.00e+00   eps : -1.29e-11   step: 4.91e-06    0.21

     13  0      -384.57751573     4.15e-08      2.45
     13  1      -384.35589099     0.00e+00      2.45
     13  2      -384.31844467     0.00e+00      2.45
     13  3      -384.30662716     0.00e+00      2.45

         res : 9.06e-07   lamb: 1.00e+00   eps : -1.52e-12   step: 1.12e-06    0.19
         res : 2.72e-07   lamb: 1.00e+00   eps : -1.84e-12   step: 1.79e-06    0.24
         res : 1.09e-07   lamb: 1.00e+00   eps : -1.87e-12   step: 1.86e-06    0.23
         res : 2.90e-08   lamb: 1.00e+00   eps : -1.87e-12   step: 1.86e-06    0.21
         res : 8.93e-09   lamb: 1.00e+00   eps : -1.87e-12   step: 1.86e-06    0.21
         res : 2.70e-09   lamb: 1.00e+00   eps : -1.87e-12   step: 1.86e-06    0.21

     14  0      -384.57751578     1.58e-08      2.20
     14  1      -384.35589104     0.00e+00      2.20
     14  2      -384.31844447     0.00e+00      2.20
     14  3      -384.30662726     0.00e+00      2.20

         res : 3.44e-07   lamb: 1.00e+00   eps : -2.20e-13   step: 4.23e-07    0.19
         res : 1.04e-07   lamb: 1.00e+00   eps : -2.66e-13   step: 6.80e-07    0.19
         res : 4.15e-08   lamb: 1.00e+00   eps : -2.70e-13   step: 7.06e-07    0.24
         res : 1.11e-08   lamb: 1.00e+00   eps : -2.70e-13   step: 7.07e-07    0.21
         res : 3.44e-09   lamb: 1.00e+00   eps : -2.70e-13   step: 7.07e-07    0.20

     15  0      -384.57751581     6.01e-09      1.94
     15  1      -384.35589105     0.00e+00      1.94
     15  2      -384.31844439     0.00e+00      1.94
     15  3      -384.30662729     0.00e+00      1.94

    * Second-order optimization converged. *   

    * Integral transformation done. Elapsed time: 0.25

     guess   0:   closed 111...               open ......              
     guess   1:   closed 11....               open ..11..              
     guess   2:   closed 1.1...               open .1..1.              
     guess   3:   closed .11...               open 1..1..              

  === FCI iteration ===

      0  0      -384.50780769     9.98e-03      0.00
      0  1      -384.24962779     9.57e-03      0.00
      0  2      -384.16532442     1.15e-02      0.00
      0  3      -384.09791744     8.52e-03      0.00

      1  0      -384.57125701     3.91e-03      0.00
      1  1      -384.30931584     4.33e-03      0.00
      1  2      -384.28110363     7.86e-03      0.00
      1  3      -384.15517129     4.69e-03      0.00

      2  0      -384.57719672     9.98e-04      0.00
      2  1      -384.33213450     5.44e-03      0.00
      2  2      -384.31470093     3.10e-03      0.00
      2  3      -384.16757985     1.91e-03      0.00

      3  0      -384.57750720     1.71e-04      0.00
      3  1      -384.35313812     2.48e-03      0.00
      3  2      -384.31815928     7.62e-04      0.00
      3  3      -384.16980695     8.79e-04      0.00

      4  0      -384.57751537     3.46e-05      0.00
      4  1      -384.35578723     4.60e-04      0.00
      4  2      -384.31841722     2.25e-04      0.00
      4  3      -384.17249677     2.71e-03      0.00

      5  0      -384.57751577     8.22e-06      0.00
      5  1      -384.35588251     1.05e-04      0.00
      5  2      -384.31844222     5.73e-05      0.00
      5  3      -384.22207809     4.90e-03      0.00

      6  0      -384.57751580     1.95e-06      0.00
      6  1      -384.35588999     3.71e-05      0.00
      6  2      -384.31844426     1.39e-05      0.00
      6  3      -384.28736711     5.30e-03      0.00

      7  0      -384.57751581     3.78e-07      0.01
      7  1      -384.35589091     1.29e-05      0.00
      7  2      -384.31844437     4.09e-06      0.00
      7  3      -384.30471384     1.57e-03      0.00

      8  0      -384.57751581     6.88e-08      0.01
      8  1      -384.35589103     5.16e-06      0.00
      8  2      -384.31844439     1.63e-06      0.00
      8  3      -384.30640946     5.08e-04      0.00

      9  0      -384.57751581     1.09e-08      0.01
      9  1      -384.35589105     1.84e-06      0.00
      9  2      -384.31844439     5.55e-07      0.00
      9  3      -384.30658617     1.91e-04      0.00

     10  0      -384.57751581     1.90e-09      0.01
     10  1      -384.35589105     5.80e-07      0.00
     10  2      -384.31844439     1.68e-07      0.00
     10  3      -384.30662097     9.21e-05      0.00

     11  0      -384.57751581     3.16e-10      0.01
     11  1      -384.35589106     1.52e-07      0.00
     11  2      -384.31844439     4.47e-08      0.00
     11  3      -384.30662676     2.86e-05      0.00

     12  0 *    -384.57751581     4.83e-11      0.01
     12  1      -384.35589106     3.31e-08      0.00
     12  2      -384.31844439     1.11e-08      0.00
     12  3      -384.30662726     7.31e-06      0.00

     13  0 *    -384.57751581     3.83e-11      0.01
     13  1      -384.35589106     9.11e-09      0.00
     13  2      -384.31844439     3.71e-09      0.00
     13  3      -384.30662729     1.94e-06      0.00

     14  0 *    -384.57751581     3.81e-11      0.01
     14  1      -384.35589106     1.84e-09      0.00
     14  2      -384.31844439     8.40e-10      0.00
     14  3      -384.30662729     4.74e-07      0.00

     15  0 *    -384.57751581     3.73e-11      0.01
     15  1      -384.35589106     4.05e-10      0.00
     15  2      -384.31844439     2.06e-10      0.00
     15  3      -384.30662729     1.12e-07      0.00

     16  0 *    -384.57751581     3.41e-11      0.01
     16  1 *    -384.35589106     7.83e-11      0.00
     16  2 *    -384.31844439     4.16e-11      0.00
     16  3      -384.30662729     2.38e-08      0.00

     17  0 *    -384.57751581     3.39e-11      0.06
     17  1 *    -384.35589106     3.82e-11      0.00
     17  2 *    -384.31844439     2.63e-11      0.00
     17  3      -384.30662729     3.86e-09      0.00

     18  0 *    -384.57751581     3.38e-11      0.01
     18  1 *    -384.35589106     3.60e-11      0.00
     18  2 *    -384.31844439     2.53e-11      0.00
     18  3      -384.30662729     6.75e-10      0.00

     19  0 *    -384.57751581     3.36e-11      0.01
     19  1 *    -384.35589106     3.58e-11      0.00
     19  2 *    -384.31844439     2.50e-11      0.00
     19  3      -384.30662729     1.40e-10      0.00

     20  0 *    -384.57751581     3.35e-11      0.01
     20  1 *    -384.35589106     3.57e-11      0.00
     20  2 *    -384.31844439     2.50e-11      0.00
     20  3 *    -384.30662729     2.35e-11      0.00

     * ci vector, state   0, <S^2> = 0.0000
       222...    -0.8729875198
       22ab..    -0.2425581733
       22ba..    -0.2425581733
       2.2.2.     0.2050973376
       22.2..     0.1067578182
       a2bb.a    -0.0944150664
       b2aa.b    -0.0944150664
       .22..2     0.0852139712
       .222..     0.0626815142
       22...2     0.0597795381
       2.ab2.     0.0573009418
       2.ba2.     0.0573009418
       b2ba.a     0.0535416313
       a2ab.b     0.0535416313

     * ci vector, state   1, <S^2> = -0.0000
       a22b..    -0.4004961385
       b22a..    -0.4004961385
       22.2..     0.3712353122
       22b..a    -0.3387595584
       22a..b    -0.3387595584
       .222..    -0.2017758910
       22...2    -0.1796415065
       .22..2     0.1409151886
       b2ab.a     0.1370909611
       a2ba.b     0.1370909611
       222...    -0.1106649023
       a2bb.a     0.1071731948
       b2aa.b     0.1071731948
       a2b2..    -0.1062858461
       b2a2..    -0.1062858461
       a.2b2.    -0.0946397284
       b.2a2.    -0.0946397284
       2..22.    -0.0877943562
       22.b.a    -0.0859653769
       22.a.b    -0.0859653769
       a22..b    -0.0841804741
       b22..a    -0.0841804741
       22ab..     0.0825101906
       22ba..     0.0825101906
       2.b.2a    -0.0801278304
       2.a.2b    -0.0801278304
       a2.b.2    -0.0600474741
       b2.a.2    -0.0600474741
       .2b2.a    -0.0526801529
       .2a2.b    -0.0526801529

     * ci vector, state   2, <S^2> = -0.0000
       22ba..    -0.5955297212
       22ab..    -0.5955297212
       222...     0.3649164899
       2.ba2.     0.1405258922
       2.ab2.     0.1405258922
       22.2..     0.1005578817
       b2aa.b    -0.0821512593
       a2bb.a    -0.0821512593
       2.2.2.    -0.0821497121
       .222..    -0.0766382602
       b22a..    -0.0748411352
       a22b..    -0.0748411352
       22b..a    -0.0730229798
       22a..b    -0.0730229798
       b2a2..     0.0707567363
       a2b2..     0.0707567363
       .2ba.2     0.0674810584
       .2ab.2     0.0674810584
       b2ba.a     0.0599605318
       a2ab.b     0.0599605318
       22...2    -0.0589211950
       22.b.a     0.0569268654
       22.a.b     0.0569268654

     * ci vector, state   3, <S^2> = -0.0000
       2abba.     0.5325083909
       2baab.     0.5325083909
       2aabb.    -0.2681286905
       2bbaa.    -0.2681286904
       2baba.     0.2643797005
       2abab.     0.2643797004
       ab2.ba    -0.1173668751
       ba2.ab    -0.1173668751
       .baab2    -0.0728797309
       .abba2    -0.0728797309
       ababba    -0.0607936341
       babaab    -0.0607936341
       2a2b..    -0.0594864584
       2b2a..    -0.0594864584
       aa2.bb     0.0587215484
       bb2.aa     0.0587215484
       ab2.ab    -0.0586453267
       ba2.ba    -0.0586453267
       baabab    -0.0580394058
       abbaba    -0.0580394058
       22a.b.    -0.0566830813
       22b.a.    -0.0566830812
       2ba2..     0.0563720809
       2ab2..     0.0563720809
       22.ba.     0.0541403621
       22.ab.     0.0541403621

    * METHOD: CASSCF                              62.52

  Number of auxiliary basis functions:      884

  Since a DF basis is specified, we compute 2- and 3-index integrals:
    o Being stored without compression. Storage requirement is 0.645 GB
       - 3-index ints prep                         0.00
       - 3-index ints                              0.21
       - 2-index ints                              0.08
       - computing inverse                         0.27
        elapsed time:        0.56 sec.


  Number of basis functions:      302
  Number of electrons      :       68


    * METHOD: MOLECULE                             0.79

  ---------------------------
      CASSCF calculation     
  ---------------------------

 
    ==== Active orbitals : ===== 
         Orbital 32
         Orbital 33
         Orbital 34
         Orbital 35
         Orbital 36
         Orbital 37
    ============================ 

    * nstate   :      4
    * nclosed  :     31
    * nact     :      6
    * nvirt    :    265
  === CASSCF iteration (/home/miaoxin/software/bagel-1.2.2/obj/share/aug-cc-pVDZ.json) ===

    * Using the second-order algorithm

      0  0      -386.53356054     2.43e-02      0.46
      0  1      -386.31570198     0.00e+00      0.46
      0  2      -386.27671301     0.00e+00      0.46
      0  3      -386.26794511     0.00e+00      0.46

         res : 7.47e-01   lamb: 1.00e+00   eps : -3.79e-01   step: 2.09e-01    0.32
         res : 3.07e-01   lamb: 1.00e+00   eps : -4.24e-01   step: 2.30e-01    0.24
         res : 1.70e-01   lamb: 1.00e+00   eps : -4.33e-01   step: 2.40e-01    0.27
         res : 8.04e-02   lamb: 1.00e+00   eps : -4.36e-01   step: 2.46e-01    0.31
         res : 4.11e-02   lamb: 1.00e+00   eps : -4.36e-01   step: 2.49e-01    0.25
         res : 2.67e-02   lamb: 1.00e+00   eps : -4.37e-01   step: 2.50e-01    0.25
         res : 1.43e-02   lamb: 1.00e+00   eps : -4.37e-01   step: 2.51e-01    0.32
         res : 7.13e-03   lamb: 1.00e+00   eps : -4.37e-01   step: 2.51e-01    0.24
         res : 4.25e-03   lamb: 1.00e+00   eps : -4.37e-01   step: 2.51e-01    0.24
         res : 2.32e-03   lamb: 1.00e+00   eps : -4.37e-01   step: 2.51e-01    0.24
         res : 1.20e-03   lamb: 1.00e+00   eps : -4.37e-01   step: 2.51e-01    0.26
         res : 7.51e-04   lamb: 1.00e+00   eps : -4.37e-01   step: 2.51e-01    0.28
         res : 4.31e-04   lamb: 1.00e+00   eps : -4.37e-01   step: 2.51e-01    0.26
         res : 2.29e-04   lamb: 1.00e+00   eps : -4.37e-01   step: 2.51e-01    0.28
         res : 1.43e-04   lamb: 1.00e+00   eps : -4.37e-01   step: 2.51e-01    0.27
         res : 8.09e-05   lamb: 1.00e+00   eps : -4.37e-01   step: 2.51e-01    0.28
         res : 4.35e-05   lamb: 1.00e+00   eps : -4.37e-01   step: 2.51e-01    0.25
         res : 2.67e-05   lamb: 1.00e+00   eps : -4.37e-01   step: 2.51e-01    0.27
         res : 1.38e-05   lamb: 1.00e+00   eps : -4.37e-01   step: 2.51e-01    0.29

      1  0      -386.76281170     1.14e-03      7.57
      1  1      -386.54787444     0.00e+00      7.57
      1  2      -386.51508703     0.00e+00      7.57
      1  3      -386.49737787     0.00e+00      7.57

         res : 7.10e-02   lamb: 1.00e+00   eps : -4.41e-03   step: 6.61e-02    0.24
         res : 4.91e-02   lamb: 1.00e+00   eps : -5.83e-03   step: 9.14e-02    0.30
         res : 3.35e-02   lamb: 1.00e+00   eps : -6.41e-03   step: 1.05e-01    0.24
         res : 2.63e-02   lamb: 1.00e+00   eps : -6.73e-03   step: 1.14e-01    0.27
         res : 2.13e-02   lamb: 1.00e+00   eps : -6.93e-03   step: 1.20e-01    0.28
         res : 1.61e-02   lamb: 1.00e+00   eps : -7.05e-03   step: 1.25e-01    0.32
         res : 1.26e-02   lamb: 1.00e+00   eps : -7.13e-03   step: 1.29e-01    0.29
         res : 9.05e-03   lamb: 1.00e+00   eps : -7.17e-03   step: 1.31e-01    0.26
         res : 6.31e-03   lamb: 1.00e+00   eps : -7.19e-03   step: 1.32e-01    0.33
         res : 4.56e-03   lamb: 1.00e+00   eps : -7.20e-03   step: 1.32e-01    0.24
         res : 3.60e-03   lamb: 1.00e+00   eps : -7.20e-03   step: 1.33e-01    0.26
         res : 2.75e-03   lamb: 1.00e+00   eps : -7.21e-03   step: 1.33e-01    0.27
         res : 2.10e-03   lamb: 1.00e+00   eps : -7.21e-03   step: 1.34e-01    0.27
         res : 1.55e-03   lamb: 1.00e+00   eps : -7.21e-03   step: 1.34e-01    0.29
         res : 1.11e-03   lamb: 1.00e+00   eps : -7.21e-03   step: 1.34e-01    0.24
         res : 8.58e-04   lamb: 1.00e+00   eps : -7.21e-03   step: 1.34e-01    0.24
         res : 6.04e-04   lamb: 1.00e+00   eps : -7.21e-03   step: 1.34e-01    0.28
         res : 4.13e-04   lamb: 1.00e+00   eps : -7.21e-03   step: 1.34e-01    0.29
         res : 2.73e-04   lamb: 1.00e+00   eps : -7.21e-03   step: 1.34e-01    0.24
         res : 1.86e-04   lamb: 1.00e+00   eps : -7.21e-03   step: 1.34e-01    0.31
         res : 1.22e-04   lamb: 1.00e+00   eps : -7.21e-03   step: 1.34e-01    0.29
         res : 8.05e-05   lamb: 1.00e+00   eps : -7.21e-03   step: 1.34e-01    0.25
         res : 5.32e-05   lamb: 1.00e+00   eps : -7.21e-03   step: 1.34e-01    0.26
         res : 3.65e-05   lamb: 1.00e+00   eps : -7.21e-03   step: 1.34e-01    0.30
         res : 2.59e-05   lamb: 1.00e+00   eps : -7.21e-03   step: 1.34e-01    0.27
         res : 1.75e-05   lamb: 1.00e+00   eps : -7.21e-03   step: 1.34e-01    0.25
         res : 1.16e-05   lamb: 1.00e+00   eps : -7.21e-03   step: 1.34e-01    0.29

      2  0      -386.76281066     6.22e-05      9.73
      2  1      -386.55131268     0.00e+00      9.73
      2  2      -386.52339889     0.00e+00      9.73
      2  3      -386.50046470     0.00e+00      9.73

         res : 3.61e-03   lamb: 1.00e+00   eps : -1.71e-05   step: 5.33e-03    0.23
         res : 2.34e-03   lamb: 1.00e+00   eps : -2.29e-05   step: 8.37e-03    0.25
         res : 1.91e-03   lamb: 1.00e+00   eps : -2.49e-05   step: 9.36e-03    0.33
         res : 1.71e-03   lamb: 1.00e+00   eps : -2.65e-05   step: 1.01e-02    0.24
         res : 1.34e-03   lamb: 1.00e+00   eps : -2.75e-05   step: 1.07e-02    0.27
         res : 1.06e-03   lamb: 1.00e+00   eps : -2.82e-05   step: 1.12e-02    0.32
         res : 7.03e-04   lamb: 1.00e+00   eps : -2.86e-05   step: 1.16e-02    0.34
         res : 5.36e-04   lamb: 1.00e+00   eps : -2.88e-05   step: 1.17e-02    0.27
         res : 4.02e-04   lamb: 1.00e+00   eps : -2.89e-05   step: 1.17e-02    0.26
         res : 3.04e-04   lamb: 1.00e+00   eps : -2.89e-05   step: 1.17e-02    0.32
         res : 2.34e-04   lamb: 1.00e+00   eps : -2.89e-05   step: 1.17e-02    0.28
         res : 1.80e-04   lamb: 1.00e+00   eps : -2.90e-05   step: 1.17e-02    0.25
         res : 1.37e-04   lamb: 1.00e+00   eps : -2.90e-05   step: 1.18e-02    0.27
         res : 1.04e-04   lamb: 1.00e+00   eps : -2.90e-05   step: 1.18e-02    0.30
         res : 7.37e-05   lamb: 1.00e+00   eps : -2.90e-05   step: 1.18e-02    0.24
         res : 5.38e-05   lamb: 1.00e+00   eps : -2.90e-05   step: 1.18e-02    0.24
         res : 3.75e-05   lamb: 1.00e+00   eps : -2.90e-05   step: 1.18e-02    0.26
         res : 2.67e-05   lamb: 1.00e+00   eps : -2.90e-05   step: 1.18e-02    0.26
         res : 1.82e-05   lamb: 1.00e+00   eps : -2.90e-05   step: 1.18e-02    0.27
         res : 1.29e-05   lamb: 1.00e+00   eps : -2.90e-05   step: 1.18e-02    0.24
         res : 8.81e-06   lamb: 1.00e+00   eps : -2.90e-05   step: 1.18e-02    0.29
         res : 5.70e-06   lamb: 1.00e+00   eps : -2.90e-05   step: 1.18e-02    0.27
         res : 3.81e-06   lamb: 1.00e+00   eps : -2.90e-05   step: 1.18e-02    0.24
         res : 2.62e-06   lamb: 1.00e+00   eps : -2.90e-05   step: 1.18e-02    0.27
         res : 2.00e-06   lamb: 1.00e+00   eps : -2.90e-05   step: 1.18e-02    0.28
         res : 1.46e-06   lamb: 1.00e+00   eps : -2.90e-05   step: 1.18e-02    0.29
         res : 1.02e-06   lamb: 1.00e+00   eps : -2.90e-05   step: 1.18e-02    0.25

      3  0      -386.76258154     1.41e-05      9.74
      3  1      -386.55128017     0.00e+00      9.74
      3  2      -386.52396220     0.00e+00      9.74
      3  3      -386.50022967     0.00e+00      9.74

         res : 7.71e-04   lamb: 1.00e+00   eps : -9.25e-07   step: 1.18e-03    0.28
         res : 3.55e-04   lamb: 1.00e+00   eps : -1.14e-06   step: 1.74e-03    0.24
         res : 2.31e-04   lamb: 1.00e+00   eps : -1.18e-06   step: 1.82e-03    0.24
         res : 1.68e-04   lamb: 1.00e+00   eps : -1.19e-06   step: 1.86e-03    0.33
         res : 1.42e-04   lamb: 1.00e+00   eps : -1.21e-06   step: 1.88e-03    0.30
         res : 1.24e-04   lamb: 1.00e+00   eps : -1.21e-06   step: 1.92e-03    0.30
         res : 8.77e-05   lamb: 1.00e+00   eps : -1.22e-06   step: 1.95e-03    0.28
         res : 6.77e-05   lamb: 1.00e+00   eps : -1.22e-06   step: 1.97e-03    0.32
         res : 4.86e-05   lamb: 1.00e+00   eps : -1.22e-06   step: 1.97e-03    0.23
         res : 3.49e-05   lamb: 1.00e+00   eps : -1.22e-06   step: 1.97e-03    0.24
         res : 2.71e-05   lamb: 1.00e+00   eps : -1.22e-06   step: 1.98e-03    0.24
         res : 2.24e-05   lamb: 1.00e+00   eps : -1.22e-06   step: 1.98e-03    0.27
         res : 1.80e-05   lamb: 1.00e+00   eps : -1.22e-06   step: 1.98e-03    0.28
         res : 1.31e-05   lamb: 1.00e+00   eps : -1.22e-06   step: 1.98e-03    0.24
         res : 9.25e-06   lamb: 1.00e+00   eps : -1.22e-06   step: 1.98e-03    0.27
         res : 6.76e-06   lamb: 1.00e+00   eps : -1.22e-06   step: 1.98e-03    0.27
         res : 5.11e-06   lamb: 1.00e+00   eps : -1.22e-06   step: 1.98e-03    0.24
         res : 3.81e-06   lamb: 1.00e+00   eps : -1.22e-06   step: 1.98e-03    0.24
         res : 2.66e-06   lamb: 1.00e+00   eps : -1.22e-06   step: 1.98e-03    0.29
         res : 1.74e-06   lamb: 1.00e+00   eps : -1.22e-06   step: 1.98e-03    0.29
         res : 1.16e-06   lamb: 1.00e+00   eps : -1.22e-06   step: 1.98e-03    0.24
         res : 7.92e-07   lamb: 1.00e+00   eps : -1.22e-06   step: 1.98e-03    0.27
         res : 5.25e-07   lamb: 1.00e+00   eps : -1.22e-06   step: 1.98e-03    0.30
         res : 3.71e-07   lamb: 1.00e+00   eps : -1.22e-06   step: 1.98e-03    0.24
         res : 2.67e-07   lamb: 1.00e+00   eps : -1.22e-06   step: 1.98e-03    0.24
         res : 1.94e-07   lamb: 1.00e+00   eps : -1.22e-06   step: 1.98e-03    0.26

      4  0      -386.76254240     5.94e-06      9.22
      4  1      -386.55126332     0.00e+00      9.22
      4  2      -386.52408691     0.00e+00      9.22
      4  3      -386.50016424     0.00e+00      9.22

         res : 2.62e-04   lamb: 1.00e+00   eps : -1.24e-07   step: 3.58e-04    0.29
         res : 1.26e-04   lamb: 1.00e+00   eps : -1.48e-07   step: 5.28e-04    0.23
         res : 7.24e-05   lamb: 1.00e+00   eps : -1.51e-07   step: 5.59e-04    0.32
         res : 4.78e-05   lamb: 1.00e+00   eps : -1.53e-07   step: 5.68e-04    0.33
         res : 3.62e-05   lamb: 1.00e+00   eps : -1.54e-07   step: 5.73e-04    0.25
         res : 3.09e-05   lamb: 1.00e+00   eps : -1.54e-07   step: 5.77e-04    0.25
         res : 2.33e-05   lamb: 1.00e+00   eps : -1.54e-07   step: 5.81e-04    0.27
         res : 1.86e-05   lamb: 1.00e+00   eps : -1.55e-07   step: 5.84e-04    0.29
         res : 1.40e-05   lamb: 1.00e+00   eps : -1.55e-07   step: 5.86e-04    0.27
         res : 1.02e-05   lamb: 1.00e+00   eps : -1.55e-07   step: 5.86e-04    0.35
         res : 7.46e-06   lamb: 1.00e+00   eps : -1.55e-07   step: 5.87e-04    0.26
         res : 6.22e-06   lamb: 1.00e+00   eps : -1.55e-07   step: 5.88e-04    0.25
         res : 5.06e-06   lamb: 1.00e+00   eps : -1.55e-07   step: 5.88e-04    0.25
         res : 3.65e-06   lamb: 1.00e+00   eps : -1.55e-07   step: 5.88e-04    0.29
         res : 2.56e-06   lamb: 1.00e+00   eps : -1.55e-07   step: 5.88e-04    0.24
         res : 1.82e-06   lamb: 1.00e+00   eps : -1.55e-07   step: 5.88e-04    0.26
         res : 1.34e-06   lamb: 1.00e+00   eps : -1.55e-07   step: 5.88e-04    0.24
         res : 1.00e-06   lamb: 1.00e+00   eps : -1.55e-07   step: 5.89e-04    0.30
         res : 7.59e-07   lamb: 1.00e+00   eps : -1.55e-07   step: 5.89e-04    0.27
         res : 5.19e-07   lamb: 1.00e+00   eps : -1.55e-07   step: 5.89e-04    0.25
         res : 3.41e-07   lamb: 1.00e+00   eps : -1.55e-07   step: 5.89e-04    0.25
         res : 2.31e-07   lamb: 1.00e+00   eps : -1.55e-07   step: 5.89e-04    0.30
         res : 1.51e-07   lamb: 1.00e+00   eps : -1.55e-07   step: 5.89e-04    0.28
         res : 1.06e-07   lamb: 1.00e+00   eps : -1.55e-07   step: 5.89e-04    0.25
         res : 7.61e-08   lamb: 1.00e+00   eps : -1.55e-07   step: 5.89e-04    0.30
         res : 5.35e-08   lamb: 1.00e+00   eps : -1.55e-07   step: 5.89e-04    0.29

      5  0      -386.76252910     2.50e-06      9.38
      5  1      -386.55125554     0.00e+00      9.38
      5  2      -386.52413002     0.00e+00      9.38
      5  3      -386.50014262     0.00e+00      9.38

         res : 1.05e-04   lamb: 1.00e+00   eps : -2.05e-08   step: 1.39e-04    0.24
         res : 5.10e-05   lamb: 1.00e+00   eps : -2.43e-08   step: 2.02e-04    0.31
         res : 2.90e-05   lamb: 1.00e+00   eps : -2.49e-08   step: 2.15e-04    0.26
         res : 1.88e-05   lamb: 1.00e+00   eps : -2.51e-08   step: 2.18e-04    0.24
         res : 1.38e-05   lamb: 1.00e+00   eps : -2.52e-08   step: 2.20e-04    0.29
         res : 1.13e-05   lamb: 1.00e+00   eps : -2.53e-08   step: 2.21e-04    0.31
         res : 8.34e-06   lamb: 1.00e+00   eps : -2.53e-08   step: 2.22e-04    0.25
         res : 6.59e-06   lamb: 1.00e+00   eps : -2.53e-08   step: 2.23e-04    0.27
         res : 4.91e-06   lamb: 1.00e+00   eps : -2.53e-08   step: 2.23e-04    0.31
         res : 3.67e-06   lamb: 1.00e+00   eps : -2.54e-08   step: 2.23e-04    0.25
         res : 2.74e-06   lamb: 1.00e+00   eps : -2.54e-08   step: 2.24e-04    0.28
         res : 2.36e-06   lamb: 1.00e+00   eps : -2.54e-08   step: 2.24e-04    0.29
         res : 1.96e-06   lamb: 1.00e+00   eps : -2.54e-08   step: 2.24e-04    0.35
         res : 1.40e-06   lamb: 1.00e+00   eps : -2.54e-08   step: 2.24e-04    0.24
         res : 9.58e-07   lamb: 1.00e+00   eps : -2.54e-08   step: 2.24e-04    0.24
         res : 6.49e-07   lamb: 1.00e+00   eps : -2.54e-08   step: 2.24e-04    0.31
         res : 4.56e-07   lamb: 1.00e+00   eps : -2.54e-08   step: 2.24e-04    0.24
         res : 3.37e-07   lamb: 1.00e+00   eps : -2.54e-08   step: 2.24e-04    0.28
         res : 2.64e-07   lamb: 1.00e+00   eps : -2.54e-08   step: 2.24e-04    0.28
         res : 1.90e-07   lamb: 1.00e+00   eps : -2.54e-08   step: 2.24e-04    0.25
         res : 1.30e-07   lamb: 1.00e+00   eps : -2.54e-08   step: 2.24e-04    0.26
         res : 9.04e-08   lamb: 1.00e+00   eps : -2.54e-08   step: 2.24e-04    0.24
         res : 6.00e-08   lamb: 1.00e+00   eps : -2.54e-08   step: 2.24e-04    0.26
         res : 4.16e-08   lamb: 1.00e+00   eps : -2.54e-08   step: 2.24e-04    0.29
         res : 2.99e-08   lamb: 1.00e+00   eps : -2.54e-08   step: 2.24e-04    0.27
         res : 2.08e-08   lamb: 1.00e+00   eps : -2.54e-08   step: 2.24e-04    0.25

      6  0      -386.76252394     1.05e-06      9.41
      6  1      -386.55125232     0.00e+00      9.41
      6  2      -386.52414672     0.00e+00      9.41
      6  3      -386.50013438     0.00e+00      9.41

         res : 4.40e-05   lamb: 1.00e+00   eps : -3.64e-09   step: 5.85e-05    0.27
         res : 2.15e-05   lamb: 1.00e+00   eps : -4.29e-09   step: 8.47e-05    0.24
         res : 1.23e-05   lamb: 1.00e+00   eps : -4.40e-09   step: 8.98e-05    0.24
         res : 8.03e-06   lamb: 1.00e+00   eps : -4.44e-09   step: 9.14e-05    0.28
         res : 5.91e-06   lamb: 1.00e+00   eps : -4.46e-09   step: 9.21e-05    0.23
         res : 4.69e-06   lamb: 1.00e+00   eps : -4.47e-09   step: 9.26e-05    0.28
         res : 3.41e-06   lamb: 1.00e+00   eps : -4.48e-09   step: 9.30e-05    0.28
         res : 2.65e-06   lamb: 1.00e+00   eps : -4.48e-09   step: 9.31e-05    0.29
         res : 1.94e-06   lamb: 1.00e+00   eps : -4.49e-09   step: 9.32e-05    0.30
         res : 1.45e-06   lamb: 1.00e+00   eps : -4.49e-09   step: 9.32e-05    0.26
         res : 1.09e-06   lamb: 1.00e+00   eps : -4.49e-09   step: 9.34e-05    0.31
         res : 9.62e-07   lamb: 1.00e+00   eps : -4.49e-09   step: 9.35e-05    0.24
         res : 8.14e-07   lamb: 1.00e+00   eps : -4.49e-09   step: 9.35e-05    0.28
         res : 5.85e-07   lamb: 1.00e+00   eps : -4.49e-09   step: 9.36e-05    0.30
         res : 3.97e-07   lamb: 1.00e+00   eps : -4.49e-09   step: 9.36e-05    0.24
         res : 2.62e-07   lamb: 1.00e+00   eps : -4.49e-09   step: 9.36e-05    0.25
         res : 1.78e-07   lamb: 1.00e+00   eps : -4.49e-09   step: 9.36e-05    0.24
         res : 1.29e-07   lamb: 1.00e+00   eps : -4.49e-09   step: 9.36e-05    0.25
         res : 1.01e-07   lamb: 1.00e+00   eps : -4.49e-09   step: 9.36e-05    0.27
         res : 7.43e-08   lamb: 1.00e+00   eps : -4.49e-09   step: 9.36e-05    0.27
         res : 5.21e-08   lamb: 1.00e+00   eps : -4.49e-09   step: 9.36e-05    0.24
         res : 3.71e-08   lamb: 1.00e+00   eps : -4.49e-09   step: 9.36e-05    0.27
         res : 2.50e-08   lamb: 1.00e+00   eps : -4.49e-09   step: 9.36e-05    0.31
         res : 1.74e-08   lamb: 1.00e+00   eps : -4.49e-09   step: 9.36e-05    0.24
         res : 1.26e-08   lamb: 1.00e+00   eps : -4.49e-09   step: 9.36e-05    0.24
         res : 8.84e-09   lamb: 1.00e+00   eps : -4.49e-09   step: 9.36e-05    0.29

      7  0      -386.76252183     4.45e-07      9.31
      7  1      -386.55125102     0.00e+00      9.31
      7  2      -386.52415349     0.00e+00      9.31
      7  3      -386.50013103     0.00e+00      9.31

         res : 1.88e-05   lamb: 1.00e+00   eps : -6.58e-10   step: 2.50e-05    0.29
         res : 9.18e-06   lamb: 1.00e+00   eps : -7.77e-10   step: 3.62e-05    0.23
         res : 5.28e-06   lamb: 1.00e+00   eps : -7.97e-10   step: 3.84e-05    0.30
         res : 3.46e-06   lamb: 1.00e+00   eps : -8.05e-10   step: 3.91e-05    0.28
         res : 2.56e-06   lamb: 1.00e+00   eps : -8.08e-10   step: 3.94e-05    0.27
         res : 2.01e-06   lamb: 1.00e+00   eps : -8.10e-10   step: 3.96e-05    0.26
         res : 1.44e-06   lamb: 1.00e+00   eps : -8.11e-10   step: 3.98e-05    0.29
         res : 1.11e-06   lamb: 1.00e+00   eps : -8.12e-10   step: 3.98e-05    0.29
         res : 8.02e-07   lamb: 1.00e+00   eps : -8.12e-10   step: 3.99e-05    0.24
         res : 6.00e-07   lamb: 1.00e+00   eps : -8.12e-10   step: 3.99e-05    0.32
         res : 4.55e-07   lamb: 1.00e+00   eps : -8.13e-10   step: 3.99e-05    0.29
         res : 4.04e-07   lamb: 1.00e+00   eps : -8.13e-10   step: 4.00e-05    0.24
         res : 3.44e-07   lamb: 1.00e+00   eps : -8.13e-10   step: 4.00e-05    0.24
         res : 2.49e-07   lamb: 1.00e+00   eps : -8.13e-10   step: 4.00e-05    0.29
         res : 1.69e-07   lamb: 1.00e+00   eps : -8.13e-10   step: 4.00e-05    0.28
         res : 1.10e-07   lamb: 1.00e+00   eps : -8.13e-10   step: 4.00e-05    0.25
         res : 7.36e-08   lamb: 1.00e+00   eps : -8.13e-10   step: 4.00e-05    0.26
         res : 5.27e-08   lamb: 1.00e+00   eps : -8.13e-10   step: 4.00e-05    0.26
         res : 4.07e-08   lamb: 1.00e+00   eps : -8.13e-10   step: 4.00e-05    0.28
         res : 3.03e-08   lamb: 1.00e+00   eps : -8.13e-10   step: 4.00e-05    0.25
         res : 2.15e-08   lamb: 1.00e+00   eps : -8.13e-10   step: 4.00e-05    0.26
         res : 1.55e-08   lamb: 1.00e+00   eps : -8.13e-10   step: 4.00e-05    0.27
         res : 1.06e-08   lamb: 1.00e+00   eps : -8.13e-10   step: 4.00e-05    0.27
         res : 7.40e-09   lamb: 1.00e+00   eps : -8.13e-10   step: 4.00e-05    0.24
         res : 5.39e-09   lamb: 1.00e+00   eps : -8.13e-10   step: 4.00e-05    0.27
         res : 3.80e-09   lamb: 1.00e+00   eps : -8.13e-10   step: 4.00e-05    0.26

      8  0      -386.76252095     1.89e-07      9.21
      8  1      -386.55125050     0.00e+00      9.21
      8  2      -386.52415630     0.00e+00      9.21
      8  3      -386.50012962     0.00e+00      9.21

         res : 8.05e-06   lamb: 1.00e+00   eps : -1.20e-10   step: 1.08e-05    0.29
         res : 3.93e-06   lamb: 1.00e+00   eps : -1.42e-10   step: 1.56e-05    0.28
         res : 2.27e-06   lamb: 1.00e+00   eps : -1.45e-10   step: 1.65e-05    0.29
         res : 1.49e-06   lamb: 1.00e+00   eps : -1.47e-10   step: 1.68e-05    0.26
         res : 1.10e-06   lamb: 1.00e+00   eps : -1.47e-10   step: 1.69e-05    0.31
         res : 8.62e-07   lamb: 1.00e+00   eps : -1.48e-10   step: 1.70e-05    0.26
         res : 6.16e-07   lamb: 1.00e+00   eps : -1.48e-10   step: 1.71e-05    0.25
         res : 4.72e-07   lamb: 1.00e+00   eps : -1.48e-10   step: 1.71e-05    0.25
         res : 3.39e-07   lamb: 1.00e+00   eps : -1.48e-10   step: 1.71e-05    0.30
         res : 2.53e-07   lamb: 1.00e+00   eps : -1.48e-10   step: 1.71e-05    0.24
         res : 1.92e-07   lamb: 1.00e+00   eps : -1.48e-10   step: 1.71e-05    0.27
         res : 1.72e-07   lamb: 1.00e+00   eps : -1.48e-10   step: 1.72e-05    0.30
         res : 1.47e-07   lamb: 1.00e+00   eps : -1.48e-10   step: 1.72e-05    0.34
         res : 1.06e-07   lamb: 1.00e+00   eps : -1.48e-10   step: 1.72e-05    0.24
         res : 7.22e-08   lamb: 1.00e+00   eps : -1.48e-10   step: 1.72e-05    0.24
         res : 4.69e-08   lamb: 1.00e+00   eps : -1.48e-10   step: 1.72e-05    0.26
         res : 3.10e-08   lamb: 1.00e+00   eps : -1.48e-10   step: 1.72e-05    0.27
         res : 2.21e-08   lamb: 1.00e+00   eps : -1.48e-10   step: 1.72e-05    0.28
         res : 1.69e-08   lamb: 1.00e+00   eps : -1.48e-10   step: 1.72e-05    0.24
         res : 1.26e-08   lamb: 1.00e+00   eps : -1.48e-10   step: 1.72e-05    0.28
         res : 9.01e-09   lamb: 1.00e+00   eps : -1.48e-10   step: 1.72e-05    0.26
         res : 6.57e-09   lamb: 1.00e+00   eps : -1.48e-10   step: 1.72e-05    0.25
         res : 4.51e-09   lamb: 1.00e+00   eps : -1.48e-10   step: 1.72e-05    0.27

      9  0      -386.76252058     8.05e-08      8.58
      9  1      -386.55125028     0.00e+00      8.58
      9  2      -386.52415749     0.00e+00      8.58
      9  3      -386.50012902     0.00e+00      8.58

         res : 3.45e-06   lamb: 1.00e+00   eps : -2.19e-11   step: 4.62e-06    0.26
         res : 1.68e-06   lamb: 1.00e+00   eps : -2.59e-11   step: 6.68e-06    0.24
         res : 9.71e-07   lamb: 1.00e+00   eps : -2.66e-11   step: 7.08e-06    0.26
         res : 6.37e-07   lamb: 1.00e+00   eps : -2.68e-11   step: 7.20e-06    0.26
         res : 4.75e-07   lamb: 1.00e+00   eps : -2.69e-11   step: 7.26e-06    0.24
         res : 3.69e-07   lamb: 1.00e+00   eps : -2.70e-11   step: 7.31e-06    0.24
         res : 2.64e-07   lamb: 1.00e+00   eps : -2.70e-11   step: 7.34e-06    0.29
         res : 2.02e-07   lamb: 1.00e+00   eps : -2.71e-11   step: 7.35e-06    0.24
         res : 1.44e-07   lamb: 1.00e+00   eps : -2.71e-11   step: 7.35e-06    0.27
         res : 1.08e-07   lamb: 1.00e+00   eps : -2.71e-11   step: 7.35e-06    0.27
         res : 8.20e-08   lamb: 1.00e+00   eps : -2.71e-11   step: 7.36e-06    0.31
         res : 7.34e-08   lamb: 1.00e+00   eps : -2.71e-11   step: 7.37e-06    0.27
         res : 6.27e-08   lamb: 1.00e+00   eps : -2.71e-11   step: 7.38e-06    0.24
         res : 4.56e-08   lamb: 1.00e+00   eps : -2.71e-11   step: 7.38e-06    0.26
         res : 3.10e-08   lamb: 1.00e+00   eps : -2.71e-11   step: 7.38e-06    0.27
         res : 2.00e-08   lamb: 1.00e+00   eps : -2.71e-11   step: 7.38e-06    0.27
         res : 1.32e-08   lamb: 1.00e+00   eps : -2.71e-11   step: 7.38e-06    0.25
         res : 9.32e-09   lamb: 1.00e+00   eps : -2.71e-11   step: 7.38e-06    0.27
         res : 7.14e-09   lamb: 1.00e+00   eps : -2.71e-11   step: 7.38e-06    0.27
         res : 5.33e-09   lamb: 1.00e+00   eps : -2.71e-11   step: 7.38e-06    0.24
         res : 3.81e-09   lamb: 1.00e+00   eps : -2.71e-11   step: 7.38e-06    0.25

     10  0      -386.76252043     3.44e-08      7.97
     10  1      -386.55125019     0.00e+00      7.97
     10  2      -386.52415799     0.00e+00      7.97
     10  3      -386.50012877     0.00e+00      7.97

         res : 1.48e-06   lamb: 1.00e+00   eps : -4.00e-12   step: 1.98e-06    0.26
         res : 7.20e-07   lamb: 1.00e+00   eps : -4.73e-12   step: 2.87e-06    0.27
         res : 4.16e-07   lamb: 1.00e+00   eps : -4.86e-12   step: 3.04e-06    0.23
         res : 2.73e-07   lamb: 1.00e+00   eps : -4.91e-12   step: 3.09e-06    0.27
         res : 2.04e-07   lamb: 1.00e+00   eps : -4.93e-12   step: 3.12e-06    0.25
         res : 1.58e-07   lamb: 1.00e+00   eps : -4.94e-12   step: 3.14e-06    0.23
         res : 1.13e-07   lamb: 1.00e+00   eps : -4.95e-12   step: 3.15e-06    0.23
         res : 8.61e-08   lamb: 1.00e+00   eps : -4.95e-12   step: 3.15e-06    0.24
         res : 6.14e-08   lamb: 1.00e+00   eps : -4.95e-12   step: 3.15e-06    0.25
         res : 4.59e-08   lamb: 1.00e+00   eps : -4.95e-12   step: 3.15e-06    0.30
         res : 3.51e-08   lamb: 1.00e+00   eps : -4.96e-12   step: 3.16e-06    0.23
         res : 3.15e-08   lamb: 1.00e+00   eps : -4.96e-12   step: 3.16e-06    0.29
         res : 2.69e-08   lamb: 1.00e+00   eps : -4.96e-12   step: 3.16e-06    0.28
         res : 1.96e-08   lamb: 1.00e+00   eps : -4.96e-12   step: 3.16e-06    0.23
         res : 1.33e-08   lamb: 1.00e+00   eps : -4.96e-12   step: 3.16e-06    0.23
         res : 8.56e-09   lamb: 1.00e+00   eps : -4.96e-12   step: 3.17e-06    0.29
         res : 5.60e-09   lamb: 1.00e+00   eps : -4.96e-12   step: 3.17e-06    0.27
         res : 3.95e-09   lamb: 1.00e+00   eps : -4.96e-12   step: 3.17e-06    0.24

     11  0      -386.76252036     1.47e-08      6.76
     11  1      -386.55125016     0.00e+00      6.76
     11  2      -386.52415820     0.00e+00      6.76
     11  3      -386.50012866     0.00e+00      6.76

         res : 6.32e-07   lamb: 1.00e+00   eps : -7.31e-13   step: 8.49e-07    0.31
         res : 3.08e-07   lamb: 1.00e+00   eps : -8.66e-13   step: 1.23e-06    0.28
         res : 1.79e-07   lamb: 1.00e+00   eps : -8.89e-13   step: 1.30e-06    0.23
         res : 1.17e-07   lamb: 1.00e+00   eps : -8.98e-13   step: 1.32e-06    0.23
         res : 8.75e-08   lamb: 1.00e+00   eps : -9.02e-13   step: 1.34e-06    0.27
         res : 6.78e-08   lamb: 1.00e+00   eps : -9.04e-13   step: 1.34e-06    0.23
         res : 4.83e-08   lamb: 1.00e+00   eps : -9.05e-13   step: 1.35e-06    0.26
         res : 3.69e-08   lamb: 1.00e+00   eps : -9.06e-13   step: 1.35e-06    0.23
         res : 2.64e-08   lamb: 1.00e+00   eps : -9.07e-13   step: 1.35e-06    0.30
         res : 1.98e-08   lamb: 1.00e+00   eps : -9.07e-13   step: 1.35e-06    0.26
         res : 1.52e-08   lamb: 1.00e+00   eps : -9.07e-13   step: 1.35e-06    0.25
         res : 1.37e-08   lamb: 1.00e+00   eps : -9.07e-13   step: 1.35e-06    0.26
         res : 1.17e-08   lamb: 1.00e+00   eps : -9.07e-13   step: 1.36e-06    0.29
         res : 8.45e-09   lamb: 1.00e+00   eps : -9.07e-13   step: 1.36e-06    0.29
         res : 5.71e-09   lamb: 1.00e+00   eps : -9.07e-13   step: 1.36e-06    0.24
         res : 3.68e-09   lamb: 1.00e+00   eps : -9.07e-13   step: 1.36e-06    0.31

     12  0      -386.76252033     6.27e-09      6.40
     12  1      -386.55125014     0.00e+00      6.40
     12  2      -386.52415830     0.00e+00      6.40
     12  3      -386.50012861     0.00e+00      6.40

    * Second-order optimization converged. *   

    * Integral transformation done. Elapsed time: 0.32

     guess   0:   closed 111...               open ......              
     guess   1:   closed 11....               open ..11..              
     guess   2:   closed 1.1...               open .1..1.              
     guess   3:   closed .11...               open 1..1..              

  === FCI iteration ===

      0  0      -386.69936336     9.40e-03      0.00
      0  1      -386.46101630     9.15e-03      0.00
      0  2      -386.37943450     1.08e-02      0.00
      0  3      -386.30939298     7.93e-03      0.00

      1  0      -386.75706816     3.59e-03      0.00
      1  1      -386.51672385     4.05e-03      0.00
      1  2      -386.48621470     7.25e-03      0.00
      1  3      -386.35934667     4.19e-03      0.00

      2  0      -386.76225803     8.88e-04      0.00
      2  1      -386.53353045     4.30e-03      0.00
      2  2      -386.51917175     3.60e-03      0.00
      2  3      -386.36970676     1.72e-03      0.00

      3  0      -386.76251320     1.53e-04      0.00
      3  1      -386.54904968     2.14e-03      0.00
      3  2      -386.52383205     8.17e-04      0.00
      3  3      -386.37191683     9.86e-04      0.00

      4  0      -386.76251995     3.11e-05      0.00
      4  1      -386.55116789     3.99e-04      0.00
      4  2      -386.52413387     2.12e-04      0.00
      4  3      -386.37947557     4.81e-03      0.00

      5  0      -386.76252031     7.06e-06      0.00
      5  1      -386.55124314     9.17e-05      0.00
      5  2      -386.52415612     5.46e-05      0.00
      5  3      -386.41701427     4.11e-03      0.00

      6  0      -386.76252033     1.68e-06      0.00
      6  1      -386.55124928     3.35e-05      0.00
      6  2      -386.52415809     1.67e-05      0.00
      6  3      -386.48007870     5.37e-03      0.00

      7  0      -386.76252033     3.38e-07      0.00
      7  1      -386.55125003     1.14e-05      0.00
      7  2      -386.52415827     5.53e-06      0.00
      7  3      -386.49804293     1.63e-03      0.00

      8  0      -386.76252033     5.85e-08      0.00
      8  1      -386.55125013     4.14e-06      0.00
      8  2      -386.52415829     1.87e-06      0.00
      8  3      -386.49991444     5.27e-04      0.00

      9  0      -386.76252033     8.92e-09      0.00
      9  1      -386.55125014     1.58e-06      0.00
      9  2      -386.52415830     6.63e-07      0.00
      9  3      -386.50009620     1.72e-04      0.00

     10  0      -386.76252033     1.46e-09      0.01
     10  1      -386.55125014     5.66e-07      0.00
     10  2      -386.52415830     2.89e-07      0.00
     10  3      -386.50012406     7.69e-05      0.00

     11  0      -386.76252033     2.25e-10      0.01
     11  1      -386.55125014     1.46e-07      0.00
     11  2      -386.52415830     8.49e-08      0.00
     11  3      -386.50012828     2.30e-05      0.00

     12  0 *    -386.76252033     3.62e-11      0.01
     12  1      -386.55125014     3.27e-08      0.00
     12  2      -386.52415830     2.04e-08      0.00
     12  3      -386.50012859     5.56e-06      0.00

     13  0 *    -386.76252033     2.88e-11      0.01
     13  1      -386.55125014     6.78e-09      0.00
     13  2      -386.52415830     4.54e-09      0.00
     13  3      -386.50012861     1.31e-06      0.00

     14  0 *    -386.76252033     2.79e-11      0.01
     14  1      -386.55125014     1.14e-09      0.00
     14  2      -386.52415830     8.04e-10      0.00
     14  3      -386.50012861     2.76e-07      0.00

     15  0 *    -386.76252033     2.68e-11      0.01
     15  1      -386.55125014     2.17e-10      0.00
     15  2      -386.52415830     1.63e-10      0.00
     15  3      -386.50012861     5.70e-08      0.00

     16  0 *    -386.76252033     2.50e-11      0.01
     16  1 *    -386.55125014     4.28e-11      0.00
     16  2 *    -386.52415830     3.27e-11      0.00
     16  3      -386.50012861     1.27e-08      0.00

     17  0 *    -386.76252033     2.50e-11      0.01
     17  1 *    -386.55125014     3.46e-11      0.00
     17  2 *    -386.52415830     2.30e-11      0.00
     17  3      -386.50012861     2.24e-09      0.00

     18  0 *    -386.76252033     2.50e-11      0.01
     18  1 *    -386.55125014     3.45e-11      0.00
     18  2 *    -386.52415830     2.27e-11      0.00
     18  3      -386.50012861     3.98e-10      0.00

     19  0 *    -386.76252033     2.47e-11      0.01
     19  1 *    -386.55125014     3.44e-11      0.00
     19  2 *    -386.52415830     2.25e-11      0.00
     19  3 *    -386.50012861     8.71e-11      0.00

     * ci vector, state   0, <S^2> = 0.0000
       222...     0.8852638263
       22ba..     0.2283224220
       22ab..     0.2283224220
       2.2.2.    -0.1986185258
       22.2..    -0.1081975242
       a2bb.a    -0.0893426877
       b2aa.b    -0.0893426877
       .22..2    -0.0835375377
       .222..    -0.0624105600
       22...2    -0.0594502705
       b2ba.a     0.0532464516
       a2ab.b     0.0532464516
       2.ba2.    -0.0514516162
       2.ab2.    -0.0514516162

     * ci vector, state   1, <S^2> = 0.0000
       b22a..    -0.4100444664
       a22b..    -0.4100444664
       22.2..     0.3799022448
       22a..b     0.3151832058
       22b..a     0.3151832058
       .222..    -0.2003707157
       22...2    -0.1651650907
       b2ab.a    -0.1342392556
       a2ba.b    -0.1342392556
       22ab..     0.1334764865
       22ba..     0.1334764865
       .22..2     0.1327395272
       222...    -0.1224530589
       b2aa.b    -0.1070174991
       a2bb.a    -0.1070174991
       a2b2..    -0.1010079230
       b2a2..    -0.1010079230
       22.a.b     0.0926083291
       22.b.a     0.0926083291
       b.2a2.    -0.0925649228
       a.2b2.    -0.0925649228
       2..22.    -0.0856101856
       a22..b     0.0846945604
       b22..a     0.0846945604
       2.a.2b     0.0712042888
       2.b.2a     0.0712042888
       b2.a.2    -0.0586700186
       a2.b.2    -0.0586700186

     * ci vector, state   2, <S^2> = 0.0000
       22ab..    -0.5965073736
       22ba..    -0.5965073736
       222...     0.3343504802
       2.ab2.     0.1343725711
       2.ba2.     0.1343725711
       22.2..     0.1238240523
       a22b..    -0.1126101208
       b22a..    -0.1126101208
       22a..b     0.0922033950
       22b..a     0.0922033950
       .222..    -0.0877514947
       a2b2..     0.0749995781
       b2a2..     0.0749995781
       2.2.2.    -0.0724191857
       a2bb.a     0.0691391105
       b2aa.b     0.0691391105
       22...2    -0.0651385973
       .2ab.2     0.0647930900
       .2ba.2     0.0647930900
       a2ab.b    -0.0587983727
       b2ba.a    -0.0587983727

     * ci vector, state   3, <S^2> = 0.0000
       2baab.     0.5342224842
       2abba.     0.5342224842
       2bbaa.    -0.2691306070
       2aabb.    -0.2691306068
       2abab.     0.2650918774
       2baba.     0.2650918772
       ab2.ba     0.1077247057
       ba2.ab     0.1077247057
       .baab2    -0.0694587664
       .abba2    -0.0694587664
       22b.a.     0.0687924951
       22a.b.     0.0687924951
       2b2a..    -0.0648534830
       2a2b..    -0.0648534829
       2ab2..     0.0613729790
       2ba2..     0.0613729790
       22.ab.    -0.0567757394
       22.ba.    -0.0567757394
       abbaba     0.0562261226
       baabab     0.0562261226
       bb2.aa    -0.0539167978
       aa2.bb    -0.0539167978
       ba2.ba     0.0538079078
       ab2.ab     0.0538079078
       babaab     0.0525459355
       ababba     0.0525459355

    * METHOD: CASSCF                             105.02

  === SMITH program ===

    * freezing 10 orbitals
    * SS-SR internal contraction is used

    * Approximate memory requirement for SMITH calulation per MPI process:
      o Storage requirement for T-amplitude, lambda, and residual is 0.14 GB
      o Storage requirement for MO integrals is 0.02 GB
       - MO integral evaluation                    3.96

  ++ State-averaged Fock matrix over basis states ++

                         0                   1                   2                   3
     0       -1.6954273603        0.0351463752       -0.0707766940       -0.0020382885
     1        0.0351463752       -1.2711301840        0.0727759735        0.0016054837
     2       -0.0707766940        0.0727759735       -1.4533468035       -0.0045347257
     3       -0.0020382885        0.0016054837       -0.0045347257       -1.0587865620


  ++ Extended multi-state CASPT2 (XMS-CASPT2) rotation matrix ++

                         0                   1                   2                   3
     0       -0.9511503512        0.3078612846       -0.0230451281       -0.0018332916
     1        0.1203053850        0.3008946224       -0.9460315172        0.0036618351
     2       -0.2842761676       -0.9025429643       -0.3232542181       -0.0104865884
     3       -0.0051656890       -0.0100026574        0.0000321311        0.9999366287


  ++ Reference energies in XMS basis ++

                         0                   1                   2                   3
     0     -386.7401927966        0.0688182727       -0.0021413567       -0.0005516975
     1        0.0688182727     -386.5492003347        0.0094029507       -0.0001356646
     2       -0.0021413567        0.0094029507     -386.5485314261        0.0000845535
     3       -0.0005516975       -0.0001356646        0.0000845535     -386.5001328206

    * Calculating and saving rdm4f

    - linear dependency detected:    1 /   72    min eigenvalue:     2.5135e-15    max eigenvalue:     2.5135e-15
    - linear dependency detected:    1 /   72    min eigenvalue:     1.6813e-15    max eigenvalue:     1.6813e-15
    - linear dependency detected:    1 /   72    min eigenvalue:    -6.4043e-16    max eigenvalue:    -6.4043e-16
    - linear dependency detected:    1 /   72    min eigenvalue:    -2.8066e-15    max eigenvalue:    -2.8066e-15
    - linear dependency detected:   21 /  216    min eigenvalue:    -5.2934e-17    max eigenvalue:     9.0277e-10
    - linear dependency detected:   14 /  216    min eigenvalue:    -8.0937e-16    max eigenvalue:     9.4075e-10
    - linear dependency detected:   13 /  216    min eigenvalue:    -2.6914e-15    max eigenvalue:     7.6597e-10
    - linear dependency detected:   13 /  216    min eigenvalue:    -5.7415e-15    max eigenvalue:     9.3931e-10
    - linear dependency detected:   21 /  216    min eigenvalue:    -2.2963e-15    max eigenvalue:     8.3857e-10
    - linear dependency detected:   13 /  216    min eigenvalue:    -4.7689e-16    max eigenvalue:     7.2108e-10
    - linear dependency detected:   13 /  216    min eigenvalue:    -5.1185e-16    max eigenvalue:     8.5152e-10
    - linear dependency detected:   12 /  216    min eigenvalue:    -3.2358e-16    max eigenvalue:     5.7747e-10
       - RDM + denominator evaluation              1.76

    * Zeroth order energy : state  0       -1.7210373542
    * Zeroth order energy : state  1       -1.4535172712
    * Zeroth order energy : state  2       -1.2454068956
    * Zeroth order energy : state  3       -1.0587293888

    * CASPT2 iteration is performed using redundant basis

      ---- iteration ----

        0    -1.10807276     0.00102476      3.22
        1    -1.10862206     0.00006123      3.38
        2    -1.10862464     0.00000463      3.44
        3    -1.10862466     0.00000048      3.50

        0    -1.12899255     0.00098294      3.66
        1    -1.12962079     0.00006077      3.49
        2    -1.12962459     0.00000533      3.50
        3    -1.12962463     0.00000055      3.48

        0    -1.09467667     0.00087830      3.60
        1    -1.09516771     0.00005337      3.48
        2    -1.09517059     0.00000457      3.39
        3    -1.09517062     0.00000049      3.50

        0    -1.08501415     0.00086407      3.76
        1    -1.08549677     0.00006208      3.50
        2    -1.08550154     0.00000690      3.44
        3    -1.08550222     0.00000250      3.61
        4    -1.08550298     0.00000180      3.49
        5    -1.08550370     0.00000086      3.62

      -------------------

       - CASPT2 energy evaluation                 65.48

    * CASPT2 energy : state  0     -388.0169718183
        w/o shift correction       -387.8488174589
        reference weight              0.7483300721

    * CASPT2 energy : state  1     -387.8578725628
        w/o shift correction       -387.6788249655
        reference weight              0.7363254093

    * CASPT2 energy : state  2     -387.8130071457
        w/o shift correction       -387.6437020456
        reference weight              0.7470434633

    * CASPT2 energy : state  3     -387.7519237949
        w/o shift correction       -387.5856365180
        reference weight              0.7504270566


    * MS-CASPT2 Heff
           -388.0169718183        0.0431098354        0.0022845828       -0.0005332427
              0.0431098354     -387.8578725628        0.0137742876       -0.0001683254
              0.0022845828        0.0137742876     -387.8130071457        0.0002779754
             -0.0005332427       -0.0001683254        0.0002779754     -387.7519237949


    * MS-CASPT2 rotation matrix
             -0.9692102142        0.2335798655       -0.0778890382       -0.0023032165
              0.2461679577        0.9121902414       -0.3275763780       -0.0020041826
             -0.0054725847       -0.3366535217       -0.9416041405        0.0040124363
             -0.0017169988        0.0037170288        0.0029422458        0.9999872893


    * XMS-CASPT2 rotation matrix
              0.9977794835        0.0664098975       -0.0050699045       -0.0003520405
             -0.0373596431        0.6210725070        0.7828615264       -0.0010142397
              0.0551332485       -0.7809063815        0.6221404087       -0.0093198816
              0.0008272389       -0.0066249512        0.0065907894        0.9999559926

    * MS-CASPT2 energy : state  0     -388.0279092527
    * MS-CASPT2 energy : state  1     -387.8519178823
    * MS-CASPT2 energy : state  2     -387.8080270727
    * MS-CASPT2 energy : state  3     -387.7519211140



    * METHOD: SMITH                               90.23


  
  ===============================================================

