    * Using parallel algorithm in FCI.
    * Parallel algorithm will be used.
  ---------------------------
        FCI calculation      
  ---------------------------

 Constructing space of all determinants that can formed by removing 1 electron from 6 alpha and 6 beta electrons.

 Space is made up of 4 determinants.
  o forming links
    * Integral transformation done. Elapsed time: 0.09

       - jop, kop                                  0.00
       - denom                                     0.02
     guess   0:   closed 111111......         open ............        
     guess   1:   closed 11111.......         open .....11.....        

  === FCI iteration ===

      0  0      -386.60640092     3.73e-04      0.60
      0  1      -386.46432814     3.73e-04      0.00

      1  0      -386.71817403     1.88e-04      0.61
      1  1      -386.57500437     1.97e-04      0.00

      2  0      -386.74071456     9.25e-05      0.61
      2  1      -386.60156389     1.05e-04      0.00

      3  0      -386.74527499     4.13e-05      0.61
      3  1      -386.60838777     5.68e-05      0.00

      4  0      -386.74605864     1.72e-05      0.61
      4  1      -386.61035587     3.32e-05      0.00

      5  0      -386.74618694     7.50e-06      0.61
      5  1      -386.61103518     2.07e-05      0.00

      6  0      -386.74621101     3.71e-06      0.61
      6  1      -386.61127428     1.22e-05      0.00

      7  0      -386.74621726     1.88e-06      0.61
      7  1      -386.61135250     6.60e-06      0.00

      8  0      -386.74621896     9.51e-07      0.61
      8  1      -386.61137623     3.66e-06      0.00

      9  0      -386.74621937     4.79e-07      0.61
      9  1      -386.61138449     2.37e-06      0.00

     10  0      -386.74621948     2.57e-07      0.61
     10  1      -386.61138801     1.65e-06      0.00

     11  0      -386.74621951     1.28e-07      0.61
     11  1      -386.61138966     1.09e-06      0.00

     12  0      -386.74621951     5.82e-08      0.61
     12  1      -386.61139034     7.29e-07      0.00

     13  0      -386.74621951     2.89e-08      0.62
     13  1      -386.61139065     4.91e-07      0.00

     14  0      -386.74621951     1.49e-08      0.65
     14  1      -386.61139079     3.22e-07      0.00

     15  0      -386.74621951     6.80e-09      0.66
     15  1      -386.61139085     1.94e-07      0.00

     16  0      -386.74621951     2.94e-09      0.66
     16  1      -386.61139087     1.19e-07      0.00

     17  0      -386.74621951     1.26e-09      0.65
     17  1      -386.61139088     7.79e-08      0.00

     18  0      -386.74621951     5.51e-10      0.66
     18  1      -386.61139088     5.33e-08      0.00

     19  0      -386.74621951     2.51e-10      0.65
     19  1      -386.61139088     3.39e-08      0.00
    ** throwing out 2 trial vectors **

     20  0      -386.74621951     1.16e-10      0.68
     20  1      -386.61139088     1.96e-08      0.00
    ** throwing out 2 trial vectors **

     21  0 *    -386.74621951     5.47e-11      0.57
     21  1      -386.61139088     1.10e-08      0.00
    ** throwing out 1 trial vectors **

     22  0 *    -386.74621951     5.47e-11      0.35
     22  1      -386.61139088     6.24e-09      0.00
    ** throwing out 1 trial vectors **

     23  0 *    -386.74621951     5.45e-11      0.35
     23  1      -386.61139088     3.72e-09      0.00
    ** throwing out 1 trial vectors **

     24  0 *    -386.74621951     5.44e-11      0.35
     24  1      -386.61139088     2.39e-09      0.00
    ** throwing out 1 trial vectors **

     25  0 *    -386.74621951     5.37e-11      0.34
     25  1      -386.61139088     1.66e-09      0.00
    ** throwing out 1 trial vectors **

     26  0 *    -386.74621951     5.36e-11      0.33
     26  1      -386.61139088     1.16e-09      0.00
    ** throwing out 1 trial vectors **

     27  0 *    -386.74621951     5.33e-11      0.34
     27  1      -386.61139088     7.58e-10      0.00
    ** throwing out 1 trial vectors **

     28  0 *    -386.74621951     5.33e-11      0.34
     28  1      -386.61139088     4.75e-10      0.00
    ** throwing out 1 trial vectors **

     29  0 *    -386.74621951     5.33e-11      0.34
     29  1      -386.61139088     2.87e-10      0.00
    ** throwing out 1 trial vectors **

     30  0 *    -386.74621951     5.33e-11      0.34
     30  1      -386.61139088     1.62e-10      0.00
    ** throwing out 1 trial vectors **

     31  0 *    -386.74621951     5.33e-11      0.24
     31  1 *    -386.61139088     8.63e-11      0.00

     * ci vector   0, <S^2> = 0.0000, E =     -386.74621951
       222222......     0.8436528805
       22222ba.....     0.2179239929
       22222ab.....     0.2179239929
       222.22..2...    -0.0676104764
       22222..2....    -0.0673875939
       2222.2.2....    -0.0600107910
       2222.2..2...    -0.0553212107
       22222b.a....     0.0542701133
       22222a.b....     0.0542701133

     * ci vector   1, <S^2> = -0.0000, E =     -386.61139088
       22222ab.....    -0.5799903782
       22222ba.....    -0.5799903781
       222222......     0.2958021302
       22222.ba....     0.0718841230
       22222.ab....     0.0718841230
       22222..2....    -0.0560797267
       2b222aab....    -0.0531499579
       2a222bba....    -0.0531499579
       222a2bb.a...    -0.0507711070
       222b2aa.b...    -0.0507711070
       222.2ab.2...     0.0505873735
       222.2ba.2...     0.0505873735
       - FCI and RDMs                             18.63
    * Integral transformation done. Elapsed time: 0.08

       - jop, kop                                  0.00
       - denom                                     0.02
     guess   0:   closed 111111......         open ............        
     guess   1:   closed 11111.......         open .....11.....        

  === FCI iteration ===

      0  0      -386.63554566     3.74e-04      0.60
      0  1      -386.49566944     3.72e-04      0.00

      1  0      -386.74780634     1.89e-04      0.61
      1  1      -386.60594472     1.95e-04      0.00

      2  0      -386.77038749     9.22e-05      0.61
      2  1      -386.63179194     1.03e-04      0.00

      3  0      -386.77489122     4.10e-05      0.63
      3  1      -386.63836656     5.59e-05      0.00

      4  0      -386.77565953     1.71e-05      0.62
      4  1      -386.64023960     3.20e-05      0.00

      5  0      -386.77578634     7.51e-06      0.61
      5  1      -386.64085824     1.95e-05      0.00

      6  0      -386.77581013     3.73e-06      0.61
      6  1      -386.64106573     1.14e-05      0.00

      7  0      -386.77581638     1.86e-06      0.61
      7  1      -386.64113270     6.19e-06      0.00

      8  0      -386.77581800     9.35e-07      0.61
      8  1      -386.64115335     3.46e-06      0.00

      9  0      -386.77581839     4.73e-07      0.62
      9  1      -386.64116076     2.31e-06      0.00

     10  0      -386.77581849     2.60e-07      0.62
     10  1      -386.64116410     1.64e-06      0.00

     11  0      -386.77581852     1.28e-07      0.62
     11  1      -386.64116572     1.10e-06      0.00

     12  0      -386.77581852     5.88e-08      0.62
     12  1      -386.64116639     7.46e-07      0.00

     13  0      -386.77581853     2.97e-08      0.62
     13  1      -386.64116670     4.97e-07      0.00

     14  0      -386.77581853     1.52e-08      0.63
     14  1      -386.64116684     3.17e-07      0.00

     15  0      -386.77581853     7.03e-09      0.62
     15  1      -386.64116690     1.85e-07      0.00

     16  0      -386.77581853     3.15e-09      0.63
     16  1      -386.64116691     1.08e-07      0.00

     17  0      -386.77581853     1.39e-09      0.63
     17  1      -386.64116692     6.53e-08      0.00

     18  0      -386.77581853     6.34e-10      0.63
     18  1      -386.64116692     4.29e-08      0.00

     19  0      -386.77581853     2.92e-10      0.63
     19  1      -386.64116692     2.79e-08      0.00
    ** throwing out 2 trial vectors **

     20  0      -386.77581853     1.36e-10      0.64
     20  1      -386.64116692     1.69e-08      0.00
    ** throwing out 2 trial vectors **

     21  0 *    -386.77581853     6.74e-11      0.54
     21  1      -386.64116692     9.60e-09      0.00
    ** throwing out 1 trial vectors **

     22  0 *    -386.77581853     5.92e-11      0.34
     22  1      -386.64116692     5.10e-09      0.00
    ** throwing out 1 trial vectors **

     23  0 *    -386.77581853     5.84e-11      0.34
     23  1      -386.64116692     2.68e-09      0.00
    ** throwing out 1 trial vectors **

     24  0 *    -386.77581853     5.83e-11      0.34
     24  1      -386.64116692     1.48e-09      0.00
    ** throwing out 1 trial vectors **

     25  0 *    -386.77581853     5.83e-11      0.33
     25  1      -386.64116692     8.97e-10      0.00
    ** throwing out 1 trial vectors **

     26  0 *    -386.77581853     5.85e-11      0.33
     26  1      -386.64116692     6.07e-10      0.00
    ** throwing out 1 trial vectors **

     27  0 *    -386.77581853     5.85e-11      0.34
     27  1      -386.64116692     4.31e-10      0.00
    ** throwing out 1 trial vectors **

     28  0 *    -386.77581853     5.82e-11      0.33
     28  1      -386.64116692     3.04e-10      0.00
    ** throwing out 1 trial vectors **

     29  0 *    -386.77581853     5.80e-11      0.33
     29  1      -386.64116692     2.10e-10      0.00
    ** throwing out 1 trial vectors **

     30  0 *    -386.77581853     5.75e-11      0.33
     30  1      -386.64116692     1.36e-10      0.00
    ** throwing out 1 trial vectors **

     31  0 *    -386.77581853     5.72e-11      0.24
     31  1 *    -386.64116692     7.88e-11      0.00

     * ci vector   0, <S^2> = -0.0000, E =     -386.77581853
       222222......     0.8603587939
       22222ab.....    -0.1814052743
       22222ba.....    -0.1814052743
       22222..2....    -0.0681215933
       222.22..2...    -0.0675016137
       22222a.b....    -0.0596665778
       22222b.a....    -0.0596665778
       2222.2.2....    -0.0590235291
       2222.2..2...    -0.0579096685

     * ci vector   1, <S^2> = -0.0000, E =     -386.64116692
       22222ba.....    -0.5935658848
       22222ab.....    -0.5935658848
       222222......    -0.2492648539
       22222.ab....    -0.0724660208
       22222.ba....    -0.0724660208
       2a222bba....     0.0561774964
       2b222aab....     0.0561774964
       222.2ba.2...     0.0500149681
       222.2ab.2...     0.0500149681
       - FCI and RDMs                             18.40
    * Integral transformation done. Elapsed time: 0.08

       - jop, kop                                  0.00
       - denom                                     0.02
     guess   0:   closed 111111......         open ............        
     guess   1:   closed 11111.......         open .....11.....        

  === FCI iteration ===

      0  0      -386.63500081     3.75e-04      0.60
      0  1      -386.49579312     3.72e-04      0.00

      1  0      -386.74745729     1.89e-04      0.61
      1  1      -386.60617613     1.95e-04      0.00

      2  0      -386.77024322     9.29e-05      0.61
      2  1      -386.63206252     1.04e-04      0.00

      3  0      -386.77481734     4.16e-05      0.61
      3  1      -386.63864938     5.59e-05      0.00

      4  0      -386.77560808     1.73e-05      0.61
      4  1      -386.64051756     3.18e-05      0.00

      5  0      -386.77573913     7.59e-06      0.61
      5  1      -386.64112864     1.92e-05      0.00

      6  0      -386.77576351     3.80e-06      0.61
      6  1      -386.64133075     1.13e-05      0.00

      7  0      -386.77576996     1.91e-06      0.62
      7  1      -386.64139514     6.15e-06      0.00

      8  0      -386.77577166     9.65e-07      0.61
      8  1      -386.64141542     3.47e-06      0.00

      9  0      -386.77577208     4.86e-07      0.62
      9  1      -386.64142299     2.35e-06      0.00

     10  0      -386.77577218     2.66e-07      0.62
     10  1      -386.64142650     1.67e-06      0.00

     11  0      -386.77577221     1.31e-07      0.61
     11  1      -386.64142822     1.11e-06      0.00

     12  0      -386.77577222     6.00e-08      0.62
     12  1      -386.64142891     7.56e-07      0.00

     13  0      -386.77577222     3.01e-08      0.63
     13  1      -386.64142922     5.03e-07      0.00

     14  0      -386.77577222     1.55e-08      0.62
     14  1      -386.64142936     3.17e-07      0.00

     15  0      -386.77577222     7.30e-09      0.63
     15  1      -386.64142941     1.83e-07      0.00

     16  0      -386.77577222     3.31e-09      0.63
     16  1      -386.64142943     1.06e-07      0.00

     17  0      -386.77577222     1.48e-09      0.62
     17  1      -386.64142943     6.43e-08      0.00

     18  0      -386.77577222     6.82e-10      0.63
     18  1      -386.64142944     4.20e-08      0.00

     19  0      -386.77577222     3.17e-10      0.63
     19  1      -386.64142944     2.73e-08      0.00
    ** throwing out 2 trial vectors **

     20  0      -386.77577222     1.52e-10      0.65
     20  1      -386.64142944     1.66e-08      0.00
    ** throwing out 2 trial vectors **

     21  0 *    -386.77577222     7.69e-11      0.55
     21  1      -386.64142944     9.45e-09      0.00
    ** throwing out 1 trial vectors **

     22  0 *    -386.77577222     6.79e-11      0.34
     22  1      -386.64142944     5.02e-09      0.00
    ** throwing out 1 trial vectors **

     23  0 *    -386.77577222     6.67e-11      0.33
     23  1      -386.64142944     2.64e-09      0.00
    ** throwing out 1 trial vectors **

     24  0 *    -386.77577222     6.66e-11      0.33
     24  1      -386.64142944     1.44e-09      0.00
    ** throwing out 1 trial vectors **

     25  0 *    -386.77577222     6.65e-11      0.34
     25  1      -386.64142944     8.48e-10      0.00
    ** throwing out 1 trial vectors **

     26  0 *    -386.77577222     6.67e-11      0.33
     26  1      -386.64142944     5.50e-10      0.00
    ** throwing out 1 trial vectors **

     27  0 *    -386.77577222     6.67e-11      0.34
     27  1      -386.64142944     3.74e-10      0.00
    ** throwing out 1 trial vectors **

     28  0 *    -386.77577222     6.60e-11      0.34
     28  1      -386.64142944     2.56e-10      0.00
    ** throwing out 1 trial vectors **

     29  0 *    -386.77577222     6.55e-11      0.34
     29  1      -386.64142944     1.75e-10      0.00
    ** throwing out 1 trial vectors **

     30  0 *    -386.77577222     6.45e-11      0.34
     30  1      -386.64142944     1.15e-10      0.00
    ** throwing out 1 trial vectors **

     31  0 *    -386.77577222     6.40e-11      0.24
     31  1 *    -386.64142944     6.86e-11      0.00

     * ci vector   0, <S^2> = 0.0000, E =     -386.77577222
       222222......    -0.8623548892
       22222ba.....     0.1758221697
       22222ab.....     0.1758221697
       222.22..2...     0.0684402125
       22222..2....     0.0683346052
       22222a.b....     0.0622172988
       22222b.a....     0.0622172988
       2222.2..2...     0.0580585808
       2222.2.2....     0.0579044678

     * ci vector   1, <S^2> = -0.0000, E =     -386.64142944
       22222ab.....    -0.5954335246
       22222ba.....    -0.5954335246
       222222......    -0.2414182984
       22222.ab....    -0.0717061084
       22222.ba....    -0.0717061084
       2b222aab....    -0.0561584501
       2a222bba....    -0.0561584501
       22a22bba....     0.0507210940
       22b22aab....     0.0507210940
       222.2ab.2...     0.0504818698
       222.2ba.2...     0.0504818698
       - FCI and RDMs                             18.36
    * Integral transformation done. Elapsed time: 0.08

       - jop, kop                                  0.00
       - denom                                     0.02
     guess   0:   closed 111111......         open ............        
     guess   1:   closed 11111.......         open .....11.....        

  === FCI iteration ===

      0  0      -386.63469158     3.75e-04      0.60
      0  1      -386.49580219     3.72e-04      0.00

      1  0      -386.74724556     1.90e-04      0.63
      1  1      -386.60625766     1.95e-04      0.00

      2  0      -386.77011320     9.32e-05      0.63
      2  1      -386.63216760     1.04e-04      0.00

      3  0      -386.77472140     4.19e-05      0.63
      3  1      -386.63876115     5.59e-05      0.00

      4  0      -386.77552486     1.74e-05      0.63
      4  1      -386.64062763     3.16e-05      0.00

      5  0      -386.77565830     7.64e-06      0.63
      5  1      -386.64123342     1.91e-05      0.00

      6  0      -386.77568300     3.83e-06      0.64
      6  1      -386.64143250     1.11e-05      0.00

      7  0      -386.77568957     1.93e-06      0.64
      7  1      -386.64149556     6.12e-06      0.00

      8  0      -386.77569131     9.82e-07      0.64
      8  1      -386.64151571     3.49e-06      0.00

      9  0      -386.77569173     4.93e-07      0.64
      9  1      -386.64152345     2.40e-06      0.00

     10  0      -386.77569184     2.69e-07      0.62
     10  1      -386.64152712     1.72e-06      0.00

     11  0      -386.77569187     1.33e-07      0.62
     11  1      -386.64152894     1.14e-06      0.00

     12  0      -386.77569188     6.08e-08      0.63
     12  1      -386.64152966     7.69e-07      0.00

     13  0      -386.77569188     3.04e-08      0.62
     13  1      -386.64152997     5.12e-07      0.00

     14  0      -386.77569188     1.57e-08      0.63
     14  1      -386.64153012     3.20e-07      0.00

     15  0      -386.77569188     7.48e-09      0.62
     15  1      -386.64153017     1.83e-07      0.00

     16  0      -386.77569188     3.41e-09      0.63
     16  1      -386.64153019     1.05e-07      0.00

     17  0      -386.77569188     1.53e-09      0.63
     17  1      -386.64153019     6.31e-08      0.00

     18  0      -386.77569188     7.10e-10      0.63
     18  1      -386.64153019     4.10e-08      0.00

     19  0      -386.77569188     3.35e-10      0.62
     19  1      -386.64153020     2.67e-08      0.00
    ** throwing out 2 trial vectors **

     20  0      -386.77569188     1.64e-10      0.63
     20  1      -386.64153020     1.63e-08      0.00
    ** throwing out 2 trial vectors **

     21  0 *    -386.77569188     8.43e-11      0.54
     21  1      -386.64153020     9.29e-09      0.00
    ** throwing out 1 trial vectors **

     22  0 *    -386.77569188     7.58e-11      0.33
     22  1      -386.64153020     4.94e-09      0.00
    ** throwing out 1 trial vectors **

     23  0 *    -386.77569188     7.44e-11      0.33
     23  1      -386.64153020     2.58e-09      0.00
    ** throwing out 1 trial vectors **

     24  0 *    -386.77569188     7.43e-11      0.33
     24  1      -386.64153020     1.38e-09      0.00
    ** throwing out 1 trial vectors **

     25  0 *    -386.77569188     7.43e-11      0.34
     25  1      -386.64153020     7.79e-10      0.00
    ** throwing out 1 trial vectors **

     26  0 *    -386.77569188     7.44e-11      0.33
     26  1      -386.64153020     4.76e-10      0.00
    ** throwing out 1 trial vectors **

     27  0 *    -386.77569188     7.44e-11      0.34
     27  1      -386.64153020     3.04e-10      0.00
    ** throwing out 1 trial vectors **

     28  0 *    -386.77569188     7.37e-11      0.33
     28  1      -386.64153020     2.01e-10      0.00
    ** throwing out 1 trial vectors **

     29  0 *    -386.77569188     7.36e-11      0.33
     29  1      -386.64153020     1.36e-10      0.00
    ** throwing out 1 trial vectors **

     30  0 *    -386.77569188     7.25e-11      0.24
     30  1 *    -386.64153020     9.34e-11      0.00

     * ci vector   0, <S^2> = -0.0000, E =     -386.77569188
       222222......    -0.8638677059
       22222ba.....     0.1714245031
       22222ab.....     0.1714245031
       22222..2....     0.0690676989
       222.22..2...     0.0688778856
       22222b.a....     0.0635078888
       22222a.b....     0.0635078888
       2222.2..2...     0.0581014482
       2222.2.2....     0.0569786724

     * ci vector   1, <S^2> = 0.0000, E =     -386.64153020
       22222ab.....     0.5966587355
       22222ba.....     0.5966587355
       222222......     0.2359972385
       22222.ba....     0.0719089594
       22222.ab....     0.0719089594
       2b222aab....    -0.0561377831
       2a222bba....    -0.0561377831
       22b22aab....     0.0525356825
       22a22bba....     0.0525356825
       222.2ab.2...    -0.0506581750
       222.2ba.2...    -0.0506581750
       - FCI and RDMs                             18.21
    * Integral transformation done. Elapsed time: 0.08

       - jop, kop                                  0.00
       - denom                                     0.02
     guess   0:   closed 111111......         open ............        
     guess   1:   closed 11111.......         open .....11.....        

  === FCI iteration ===

      0  0      -386.63455216     3.75e-04      0.59
      0  1      -386.49577845     3.72e-04      0.00

      1  0      -386.74714112     1.90e-04      0.60
      1  1      -386.60627868     1.95e-04      0.00

      2  0      -386.77004079     9.34e-05      0.60
      2  1      -386.63221549     1.04e-04      0.00

      3  0      -386.77466443     4.20e-05      0.60
      3  1      -386.63881811     5.59e-05      0.00

      4  0      -386.77547407     1.75e-05      0.60
      4  1      -386.64068570     3.16e-05      0.00

      5  0      -386.77560863     7.67e-06      0.61
      5  1      -386.64128941     1.90e-05      0.00

      6  0      -386.77563349     3.85e-06      0.61
      6  1      -386.64148729     1.11e-05      0.00

      7  0      -386.77564010     1.94e-06      0.61
      7  1      -386.64154982     6.11e-06      0.00

      8  0      -386.77564187     9.90e-07      0.61
      8  1      -386.64156991     3.50e-06      0.00

      9  0      -386.77564230     4.96e-07      0.61
      9  1      -386.64157773     2.42e-06      0.00

     10  0      -386.77564241     2.70e-07      0.61
     10  1      -386.64158148     1.74e-06      0.00

     11  0      -386.77564244     1.34e-07      0.61
     11  1      -386.64158333     1.15e-06      0.00

     12  0      -386.77564244     6.13e-08      0.62
     12  1      -386.64158407     7.75e-07      0.00

     13  0      -386.77564244     3.07e-08      0.63
     13  1      -386.64158439     5.16e-07      0.00

     14  0      -386.77564244     1.59e-08      0.62
     14  1      -386.64158453     3.21e-07      0.00

     15  0      -386.77564244     7.59e-09      0.62
     15  1      -386.64158458     1.83e-07      0.00

     16  0      -386.77564244     3.47e-09      0.62
     16  1      -386.64158460     1.05e-07      0.00

     17  0      -386.77564244     1.55e-09      0.62
     17  1      -386.64158461     6.25e-08      0.00

     18  0      -386.77564244     7.25e-10      0.62
     18  1      -386.64158461     4.04e-08      0.00

     19  0      -386.77564244     3.45e-10      0.62
     19  1      -386.64158461     2.63e-08      0.00
    ** throwing out 2 trial vectors **

     20  0      -386.77564244     1.71e-10      0.63
     20  1      -386.64158461     1.62e-08      0.00
    ** throwing out 2 trial vectors **

     21  0 *    -386.77564244     8.80e-11      0.54
     21  1      -386.64158461     9.22e-09      0.00
    ** throwing out 1 trial vectors **

     22  0 *    -386.77564244     7.98e-11      0.34
     22  1      -386.64158461     4.90e-09      0.00
    ** throwing out 1 trial vectors **

     23  0 *    -386.77564244     7.84e-11      0.33
     23  1      -386.64158461     2.55e-09      0.00
    ** throwing out 1 trial vectors **

     24  0 *    -386.77564244     7.83e-11      0.34
     24  1      -386.64158461     1.36e-09      0.00
    ** throwing out 1 trial vectors **

     25  0 *    -386.77564244     7.83e-11      0.34
     25  1      -386.64158461     7.53e-10      0.00
    ** throwing out 1 trial vectors **

     26  0 *    -386.77564244     7.84e-11      0.33
     26  1      -386.64158461     4.48e-10      0.00
    ** throwing out 1 trial vectors **

     27  0 *    -386.77564244     7.86e-11      0.34
     27  1      -386.64158461     2.77e-10      0.00
    ** throwing out 1 trial vectors **

     28  0 *    -386.77564244     7.79e-11      0.33
     28  1      -386.64158461     1.77e-10      0.00
    ** throwing out 1 trial vectors **

     29  0 *    -386.77564244     7.75e-11      0.34
     29  1      -386.64158461     1.18e-10      0.00
    ** throwing out 1 trial vectors **

     30  0 *    -386.77564244     7.62e-11      0.24
     30  1 *    -386.64158461     8.10e-11      0.00

     * ci vector   0, <S^2> = 0.0000, E =     -386.77564244
       222222......    -0.8645922746
       22222ab.....     0.1692639961
       22222ba.....     0.1692639961
       22222..2....     0.0695507591
       222.22..2...     0.0689866943
       22222b.a....     0.0640719958
       22222a.b....     0.0640719958
       2222.2..2...     0.0581837833
       2222.2.2....     0.0564598161

     * ci vector   1, <S^2> = -0.0000, E =     -386.64158461
       22222ab.....     0.5971892357
       22222ba.....     0.5971892357
       222222......     0.2333698324
       22222.ba....     0.0721716396
       22222.ab....     0.0721716396
       2a222bba....     0.0561330269
       2b222aab....     0.0561330269
       22b22aab....     0.0534566368
       22a22bba....     0.0534566368
       222.2ab.2...    -0.0506658464
       222.2ba.2...    -0.0506658464
       - FCI and RDMs                             17.92
    * Integral transformation done. Elapsed time: 0.08

       - jop, kop                                  0.00
       - denom                                     0.02
     guess   0:   closed 111111......         open ............        
     guess   1:   closed 11111.......         open .....11.....        

  === FCI iteration ===

      0  0      -386.63448253     3.75e-04      0.60
      0  1      -386.49575813     3.72e-04      0.00

      1  0      -386.74708561     1.90e-04      0.60
      1  1      -386.60628344     1.96e-04      0.00

      2  0      -386.77000106     9.35e-05      0.60
      2  1      -386.63223906     1.04e-04      0.00

      3  0      -386.77463267     4.21e-05      0.61
      3  1      -386.63884802     5.60e-05      0.00

      4  0      -386.77544554     1.75e-05      0.61
      4  1      -386.64071664     3.16e-05      0.00

      5  0      -386.77558068     7.68e-06      0.61
      5  1      -386.64131938     1.90e-05      0.00

      6  0      -386.77560562     3.85e-06      0.62
      6  1      -386.64151670     1.11e-05      0.00

      7  0      -386.77561226     1.95e-06      0.61
      7  1      -386.64157898     6.10e-06      0.00

      8  0      -386.77561403     9.94e-07      0.62
      8  1      -386.64159904     3.51e-06      0.00

      9  0      -386.77561446     4.98e-07      0.61
      9  1      -386.64160690     2.43e-06      0.00

     10  0      -386.77561457     2.71e-07      0.62
     10  1      -386.64161069     1.74e-06      0.00

     11  0      -386.77561460     1.34e-07      0.62
     11  1      -386.64161256     1.15e-06      0.00

     12  0      -386.77561461     6.16e-08      0.62
     12  1      -386.64161331     7.78e-07      0.00

     13  0      -386.77561461     3.08e-08      0.62
     13  1      -386.64161363     5.18e-07      0.00

     14  0      -386.77561461     1.60e-08      0.62
     14  1      -386.64161377     3.22e-07      0.00

     15  0      -386.77561461     7.64e-09      0.62
     15  1      -386.64161382     1.84e-07      0.00

     16  0      -386.77561461     3.50e-09      0.62
     16  1      -386.64161384     1.05e-07      0.00

     17  0      -386.77561461     1.57e-09      0.63
     17  1      -386.64161384     6.22e-08      0.00

     18  0      -386.77561461     7.33e-10      0.63
     18  1      -386.64161385     4.01e-08      0.00

     19  0      -386.77561461     3.50e-10      0.63
     19  1      -386.64161385     2.62e-08      0.00
    ** throwing out 2 trial vectors **

     20  0      -386.77561461     1.74e-10      0.64
     20  1      -386.64161385     1.61e-08      0.00
    ** throwing out 2 trial vectors **

     21  0 *    -386.77561461     9.00e-11      0.54
     21  1      -386.64161385     9.18e-09      0.00
    ** throwing out 1 trial vectors **

     22  0 *    -386.77561461     8.19e-11      0.33
     22  1      -386.64161385     4.88e-09      0.00
    ** throwing out 1 trial vectors **

     23  0 *    -386.77561461     8.05e-11      0.33
     23  1      -386.64161385     2.54e-09      0.00
    ** throwing out 1 trial vectors **

     24  0 *    -386.77561461     8.04e-11      0.34
     24  1      -386.64161385     1.35e-09      0.00
    ** throwing out 1 trial vectors **

     25  0 *    -386.77561461     8.04e-11      0.33
     25  1      -386.64161385     7.42e-10      0.00
    ** throwing out 1 trial vectors **

     26  0 *    -386.77561461     8.05e-11      0.33
     26  1      -386.64161385     4.36e-10      0.00
    ** throwing out 1 trial vectors **

     27  0 *    -386.77561461     8.07e-11      0.33
     27  1      -386.64161385     2.66e-10      0.00
    ** throwing out 1 trial vectors **

     28  0 *    -386.77561461     8.01e-11      0.34
     28  1      -386.64161385     1.67e-10      0.00
    ** throwing out 1 trial vectors **

     29  0 *    -386.77561461     7.98e-11      0.34
     29  1      -386.64161385     1.09e-10      0.00
    ** throwing out 1 trial vectors **

     30  0 *    -386.77561461     7.85e-11      0.23
     30  1 *    -386.64161385     7.49e-11      0.00

     * ci vector   0, <S^2> = 0.0000, E =     -386.77561461
       222222......    -0.8649637336
       22222ba.....    -0.1681434196
       22222ab.....    -0.1681434196
       22222..2....     0.0698309820
       222.22..2...     0.0690168437
       22222b.a....    -0.0643595192
       22222a.b....    -0.0643595192
       2222.2..2...     0.0582386513
       2222.2.2....     0.0561753967

     * ci vector   1, <S^2> = -0.0000, E =     -386.64161385
       22222ab.....    -0.5974475884
       22222ba.....    -0.5974475884
       222222......     0.2320066160
       22222.ba....     0.0723501976
       22222.ab....     0.0723501976
       2b222aab....     0.0561297544
       2a222bba....     0.0561297544
       22b22aab....    -0.0539419976
       22a22bba....    -0.0539419976
       222.2ab.2...     0.0506501538
       222.2ba.2...     0.0506501538
       - FCI and RDMs                             17.99
    * Integral transformation done. Elapsed time: 0.08

       - jop, kop                                  0.00
       - denom                                     0.02
     guess   0:   closed 111111......         open ............        
     guess   1:   closed 11111.......         open .....11.....        

  === FCI iteration ===

      0  0      -386.63444609     3.75e-04      0.60
      0  1      -386.49574507     3.72e-04      0.00

      1  0      -386.74705553     1.90e-04      0.61
      1  1      -386.60628408     1.96e-04      0.00

      2  0      -386.76997945     9.35e-05      0.60
      2  1      -386.63225108     1.04e-04      0.00

      3  0      -386.77461536     4.21e-05      0.61
      3  1      -386.63886384     5.60e-05      0.00

      4  0      -386.77542996     1.75e-05      0.61
      4  1      -386.64073313     3.16e-05      0.00

      5  0      -386.77556541     7.69e-06      0.61
      5  1      -386.64133538     1.90e-05      0.00

      6  0      -386.77559038     3.86e-06      0.61
      6  1      -386.64153241     1.11e-05      0.00

      7  0      -386.77559703     1.95e-06      0.61
      7  1      -386.64159456     6.10e-06      0.00

      8  0      -386.77559881     9.96e-07      0.62
      8  1      -386.64161461     3.51e-06      0.00

      9  0      -386.77559924     4.98e-07      0.62
      9  1      -386.64162249     2.43e-06      0.00

     10  0      -386.77559935     2.71e-07      0.62
     10  1      -386.64162630     1.75e-06      0.00

     11  0      -386.77559938     1.34e-07      0.62
     11  1      -386.64162819     1.15e-06      0.00

     12  0      -386.77559939     6.17e-08      0.62
     12  1      -386.64162893     7.79e-07      0.00

     13  0      -386.77559939     3.08e-08      0.62
     13  1      -386.64162925     5.19e-07      0.00

     14  0      -386.77559939     1.60e-08      0.62
     14  1      -386.64162940     3.22e-07      0.00

     15  0      -386.77559939     7.67e-09      0.62
     15  1      -386.64162945     1.84e-07      0.00

     16  0      -386.77559939     3.51e-09      0.63
     16  1      -386.64162947     1.05e-07      0.00

     17  0      -386.77559939     1.58e-09      0.63
     17  1      -386.64162947     6.21e-08      0.00

     18  0      -386.77559939     7.37e-10      0.63
     18  1      -386.64162947     4.00e-08      0.00

     19  0      -386.77559939     3.53e-10      0.63
     19  1      -386.64162947     2.61e-08      0.00
    ** throwing out 2 trial vectors **

     20  0      -386.77559939     1.76e-10      0.63
     20  1      -386.64162948     1.60e-08      0.00
    ** throwing out 2 trial vectors **

     21  0 *    -386.77559939     9.10e-11      0.54
     21  1      -386.64162948     9.16e-09      0.00
    ** throwing out 1 trial vectors **

     22  0 *    -386.77559939     8.30e-11      0.34
     22  1      -386.64162948     4.87e-09      0.00
    ** throwing out 1 trial vectors **

     23  0 *    -386.77559939     8.16e-11      0.33
     23  1      -386.64162948     2.54e-09      0.00
    ** throwing out 1 trial vectors **

     24  0 *    -386.77559939     8.16e-11      0.34
     24  1      -386.64162948     1.34e-09      0.00
    ** throwing out 1 trial vectors **

     25  0 *    -386.77559939     8.15e-11      0.34
     25  1      -386.64162948     7.36e-10      0.00
    ** throwing out 1 trial vectors **

     26  0 *    -386.77559939     8.16e-11      0.33
     26  1      -386.64162948     4.30e-10      0.00
    ** throwing out 1 trial vectors **

     27  0 *    -386.77559939     8.18e-11      0.33
     27  1      -386.64162948     2.60e-10      0.00
    ** throwing out 1 trial vectors **

     28  0 *    -386.77559939     8.13e-11      0.34
     28  1      -386.64162948     1.62e-10      0.00
    ** throwing out 1 trial vectors **

     29  0 *    -386.77559939     8.09e-11      0.33
     29  1      -386.64162948     1.05e-10      0.00
    ** throwing out 1 trial vectors **

     30  0 *    -386.77559939     7.97e-11      0.24
     30  1 *    -386.64162948     7.20e-11      0.00

     * ci vector   0, <S^2> = 0.0000, E =     -386.77559939
       222222......     0.8651591373
       22222ba.....     0.1675492287
       22222ab.....     0.1675492287
       22222..2....    -0.0699876778
       222.22..2...    -0.0690247175
       22222b.a....     0.0645148901
       22222a.b....     0.0645148901
       2222.2..2...    -0.0582711283
       2222.2.2....    -0.0560204943

     * ci vector   1, <S^2> = 0.0000, E =     -386.64162948
       22222ab.....    -0.5975801096
       22222ba.....    -0.5975801095
       222222......     0.2312826094
       22222.ba....     0.0724580874
       22222.ab....     0.0724580874
       2b222aab....     0.0561274477
       2a222bba....     0.0561274477
       22b22aab....     0.0542011452
       22a22bba....     0.0542011452
       222.2ab.2...     0.0506358333
       222.2ba.2...     0.0506358333
       - FCI and RDMs                             17.99
    * Integral transformation done. Elapsed time: 0.08

       - jop, kop                                  0.00
       - denom                                     0.02
     guess   0:   closed 111111......         open ............        
     guess   1:   closed 11111.......         open .....11.....        

  === FCI iteration ===

      0  0      -386.63442663     3.75e-04      0.59
      0  1      -386.49573747     3.72e-04      0.00

      1  0      -386.74703918     1.90e-04      0.60
      1  1      -386.60628385     1.96e-04      0.00

      2  0      -386.76996775     9.35e-05      0.60
      2  1      -386.63225732     1.04e-04      0.00

      3  0      -386.77460601     4.22e-05      0.63
      3  1      -386.63887223     5.60e-05      0.00

      4  0      -386.77542154     1.75e-05      0.63
      4  1      -386.64074192     3.16e-05      0.00

      5  0      -386.77555716     7.69e-06      0.64
      5  1      -386.64134392     1.90e-05      0.00

      6  0      -386.77558215     3.86e-06      0.63
      6  1      -386.64154080     1.11e-05      0.00

      7  0      -386.77558881     1.96e-06      0.62
      7  1      -386.64160288     6.10e-06      0.00

      8  0      -386.77559059     9.97e-07      0.64
      8  1      -386.64162292     3.51e-06      0.00

      9  0      -386.77559103     4.99e-07      0.63
      9  1      -386.64163081     2.43e-06      0.00

     10  0      -386.77559114     2.71e-07      0.64
     10  1      -386.64163463     1.75e-06      0.00

     11  0      -386.77559117     1.34e-07      0.64
     11  1      -386.64163652     1.16e-06      0.00

     12  0      -386.77559117     6.18e-08      0.63
     12  1      -386.64163727     7.80e-07      0.00

     13  0      -386.77559117     3.09e-08      0.63
     13  1      -386.64163759     5.19e-07      0.00

     14  0      -386.77559117     1.60e-08      0.63
     14  1      -386.64163774     3.22e-07      0.00

     15  0      -386.77559117     7.69e-09      0.63
     15  1      -386.64163779     1.84e-07      0.00

     16  0      -386.77559117     3.52e-09      0.65
     16  1      -386.64163781     1.05e-07      0.00

     17  0      -386.77559117     1.58e-09      0.67
     17  1      -386.64163781     6.20e-08      0.00

     18  0      -386.77559117     7.40e-10      0.67
     18  1      -386.64163781     3.99e-08      0.00

     19  0      -386.77559117     3.55e-10      0.67
     19  1      -386.64163782     2.60e-08      0.00
    ** throwing out 2 trial vectors **

     20  0      -386.77559117     1.77e-10      0.68
     20  1      -386.64163782     1.60e-08      0.00
    ** throwing out 2 trial vectors **

     21  0 *    -386.77559117     9.15e-11      0.58
     21  1      -386.64163782     9.14e-09      0.00
    ** throwing out 1 trial vectors **

     22  0 *    -386.77559117     8.36e-11      0.36
     22  1      -386.64163782     4.86e-09      0.00
    ** throwing out 1 trial vectors **

     23  0 *    -386.77559117     8.22e-11      0.36
     23  1      -386.64163782     2.54e-09      0.00
    ** throwing out 1 trial vectors **

     24  0 *    -386.77559117     8.21e-11      0.36
     24  1      -386.64163782     1.34e-09      0.00
    ** throwing out 1 trial vectors **

     25  0 *    -386.77559117     8.21e-11      0.36
     25  1      -386.64163782     7.34e-10      0.00
    ** throwing out 1 trial vectors **

     26  0 *    -386.77559117     8.22e-11      0.36
     26  1      -386.64163782     4.27e-10      0.00
    ** throwing out 1 trial vectors **

     27  0 *    -386.77559117     8.24e-11      0.36
     27  1      -386.64163782     2.57e-10      0.00
    ** throwing out 1 trial vectors **

     28  0 *    -386.77559117     8.19e-11      0.36
     28  1      -386.64163782     1.59e-10      0.00
    ** throwing out 1 trial vectors **

     29  0 *    -386.77559117     8.16e-11      0.36
     29  1      -386.64163782     1.03e-10      0.00
    ** throwing out 1 trial vectors **

     30  0 *    -386.77559117     8.04e-11      0.24
     30  1 *    -386.64163782     7.04e-11      0.00

     * ci vector   0, <S^2> = 0.0000, E =     -386.77559117
       222222......     0.8652634728
       22222ba.....     0.1672301786
       22222ab.....     0.1672301786
       22222..2....    -0.0700742795
       222.22..2...    -0.0690264121
       22222b.a....     0.0646006294
       22222a.b....     0.0646006294
       2222.2..2...    -0.0582894496
       2222.2.2....    -0.0559361355

     * ci vector   1, <S^2> = -0.0000, E =     -386.64163782
       22222ab.....    -0.5976499847
       22222ba.....    -0.5976499847
       222222......     0.2308933772
       22222.ba....     0.0725209548
       22222.ab....     0.0725209548
       2b222aab....     0.0561262182
       2a222bba....     0.0561262182
       22b22aab....     0.0543403649
       22a22bba....     0.0543403649
       222.2ab.2...     0.0506263211
       222.2ba.2...     0.0506263211
       - FCI and RDMs                             18.69
    * Integral transformation done. Elapsed time: 0.08

       - jop, kop                                  0.00
       - denom                                     0.02
     guess   0:   closed 111111......         open ............        
     guess   1:   closed 11111.......         open .....11.....        

  === FCI iteration ===

      0  0      -386.63441616     3.75e-04      0.61
      0  1      -386.49573323     3.72e-04      0.00

      1  0      -386.74703029     1.90e-04      0.61
      1  1      -386.60628353     1.96e-04      0.00

      2  0      -386.76996144     9.35e-05      0.62
      2  1      -386.63226058     1.04e-04      0.00

      3  0      -386.77460098     4.22e-05      0.62
      3  1      -386.63887670     5.60e-05      0.00

      4  0      -386.77541702     1.75e-05      0.62
      4  1      -386.64074661     3.16e-05      0.00

      5  0      -386.77555272     7.69e-06      0.62
      5  1      -386.64134847     1.90e-05      0.00

      6  0      -386.77557773     3.86e-06      0.62
      6  1      -386.64154527     1.10e-05      0.00

      7  0      -386.77558439     1.96e-06      0.62
      7  1      -386.64160732     6.10e-06      0.00

      8  0      -386.77558617     9.97e-07      0.62
      8  1      -386.64162736     3.51e-06      0.00

      9  0      -386.77558661     4.99e-07      0.62
      9  1      -386.64163525     2.44e-06      0.00

     10  0      -386.77558672     2.72e-07      0.63
     10  1      -386.64163908     1.75e-06      0.00

     11  0      -386.77558675     1.34e-07      0.63
     11  1      -386.64164097     1.16e-06      0.00

     12  0      -386.77558676     6.18e-08      0.63
     12  1      -386.64164172     7.80e-07      0.00

     13  0      -386.77558676     3.09e-08      0.63
     13  1      -386.64164204     5.19e-07      0.00

     14  0      -386.77558676     1.61e-08      0.63
     14  1      -386.64164219     3.22e-07      0.00

     15  0      -386.77558676     7.70e-09      0.63
     15  1      -386.64164224     1.84e-07      0.00

     16  0      -386.77558676     3.53e-09      0.63
     16  1      -386.64164226     1.05e-07      0.00

     17  0      -386.77558676     1.58e-09      0.63
     17  1      -386.64164226     6.20e-08      0.00

     18  0      -386.77558676     7.41e-10      0.64
     18  1      -386.64164226     3.99e-08      0.00

     19  0      -386.77558676     3.55e-10      0.63
     19  1      -386.64164227     2.60e-08      0.00
    ** throwing out 2 trial vectors **

     20  0      -386.77558676     1.77e-10      0.65
     20  1      -386.64164227     1.60e-08      0.00
    ** throwing out 2 trial vectors **

     21  0 *    -386.77558676     9.18e-11      0.55
     21  1      -386.64164227     9.14e-09      0.00
    ** throwing out 1 trial vectors **

     22  0 *    -386.77558676     8.39e-11      0.34
     22  1      -386.64164227     4.86e-09      0.00
    ** throwing out 1 trial vectors **

     23  0 *    -386.77558676     8.25e-11      0.34
     23  1      -386.64164227     2.53e-09      0.00
    ** throwing out 1 trial vectors **

     24  0 *    -386.77558676     8.25e-11      0.34
     24  1      -386.64164227     1.34e-09      0.00
    ** throwing out 1 trial vectors **

     25  0 *    -386.77558676     8.25e-11      0.34
     25  1      -386.64164227     7.32e-10      0.00
    ** throwing out 1 trial vectors **

     26  0 *    -386.77558676     8.25e-11      0.34
     26  1      -386.64164227     4.26e-10      0.00
    ** throwing out 1 trial vectors **

     27  0 *    -386.77558676     8.27e-11      0.34
     27  1      -386.64164227     2.56e-10      0.00
    ** throwing out 1 trial vectors **

     28  0 *    -386.77558676     8.22e-11      0.34
     28  1      -386.64164227     1.58e-10      0.00
    ** throwing out 1 trial vectors **

     29  0 *    -386.77558676     8.19e-11      0.34
     29  1      -386.64164227     1.02e-10      0.00
    ** throwing out 1 trial vectors **

     30  0 *    -386.77558676     8.08e-11      0.24
     30  1 *    -386.64164227     6.95e-11      0.00

     * ci vector   0, <S^2> = 0.0000, E =     -386.77558676
       222222......    -0.8653196973
       22222ba.....    -0.1670575554
       22222ab.....    -0.1670575554
       22222..2....     0.0701219602
       222.22..2...     0.0690264705
       22222b.a....    -0.0646483176
       22222a.b....    -0.0646483176
       2222.2..2...     0.0582995651
       2222.2.2....     0.0558901214

     * ci vector   1, <S^2> = 0.0000, E =     -386.64164227
       22222ab.....     0.5976873968
       22222ba.....     0.5976873968
       222222......    -0.2306826001
       22222.ba....    -0.0725571120
       22222.ab....    -0.0725571120
       2b222aab....    -0.0561257039
       2a222bba....    -0.0561257039
       22b22aab....    -0.0544153643
       22a22bba....    -0.0544153643
       222.2ab.2...    -0.0506205908
       222.2ba.2...    -0.0506205908
       - FCI and RDMs                             18.26
    * Integral transformation done. Elapsed time: 0.08

       - jop, kop                                  0.00
       - denom                                     0.02
     guess   0:   closed 111111......         open ............        
     guess   1:   closed 11111.......         open .....11.....        

  === FCI iteration ===

      0  0      -386.63441050     3.75e-04      0.61
      0  1      -386.49573092     3.72e-04      0.00

      1  0      -386.74702546     1.90e-04      0.61
      1  1      -386.60628329     1.96e-04      0.00

      2  0      -386.76995804     9.35e-05      0.62
      2  1      -386.63226230     1.04e-04      0.00

      3  0      -386.77459829     4.22e-05      0.61
      3  1      -386.63887907     5.60e-05      0.00

      4  0      -386.77541460     1.75e-05      0.61
      4  1      -386.64074911     3.16e-05      0.00

      5  0      -386.77555035     7.69e-06      0.63
      5  1      -386.64135090     1.89e-05      0.00

      6  0      -386.77557536     3.86e-06      0.63
      6  1      -386.64154766     1.10e-05      0.00

      7  0      -386.77558203     1.96e-06      0.62
      7  1      -386.64160969     6.10e-06      0.00

      8  0      -386.77558381     9.98e-07      0.63
      8  1      -386.64162972     3.51e-06      0.00

      9  0      -386.77558425     4.99e-07      0.62
      9  1      -386.64163762     2.44e-06      0.00

     10  0      -386.77558436     2.72e-07      0.63
     10  1      -386.64164145     1.75e-06      0.00

     11  0      -386.77558439     1.34e-07      0.63
     11  1      -386.64164335     1.16e-06      0.00

     12  0      -386.77558439     6.18e-08      0.63
     12  1      -386.64164410     7.80e-07      0.00

     13  0      -386.77558440     3.09e-08      0.63
     13  1      -386.64164442     5.20e-07      0.00

     14  0      -386.77558440     1.61e-08      0.63
     14  1      -386.64164456     3.22e-07      0.00

     15  0      -386.77558440     7.70e-09      0.63
     15  1      -386.64164461     1.84e-07      0.00

     16  0      -386.77558440     3.53e-09      0.64
     16  1      -386.64164463     1.05e-07      0.00

     17  0      -386.77558440     1.58e-09      0.63
     17  1      -386.64164464     6.20e-08      0.00

     18  0      -386.77558440     7.42e-10      0.63
     18  1      -386.64164464     3.98e-08      0.00

     19  0      -386.77558440     3.56e-10      0.63
     19  1      -386.64164464     2.60e-08      0.00
    ** throwing out 2 trial vectors **

     20  0      -386.77558440     1.78e-10      0.64
     20  1      -386.64164464     1.60e-08      0.00
    ** throwing out 2 trial vectors **

     21  0 *    -386.77558440     9.20e-11      0.54
     21  1      -386.64164464     9.14e-09      0.00
    ** throwing out 1 trial vectors **

     22  0 *    -386.77558440     8.41e-11      0.34
     22  1      -386.64164464     4.86e-09      0.00
    ** throwing out 1 trial vectors **

     23  0 *    -386.77558440     8.27e-11      0.34
     23  1      -386.64164464     2.53e-09      0.00
    ** throwing out 1 trial vectors **

     24  0 *    -386.77558440     8.26e-11      0.34
     24  1      -386.64164464     1.34e-09      0.00
    ** throwing out 1 trial vectors **

     25  0 *    -386.77558440     8.26e-11      0.34
     25  1      -386.64164464     7.32e-10      0.00
    ** throwing out 1 trial vectors **

     26  0 *    -386.77558440     8.27e-11      0.34
     26  1      -386.64164464     4.25e-10      0.00
    ** throwing out 1 trial vectors **

     27  0 *    -386.77558440     8.29e-11      0.34
     27  1      -386.64164464     2.55e-10      0.00
    ** throwing out 1 trial vectors **

     28  0 *    -386.77558440     8.24e-11      0.34
     28  1      -386.64164464     1.57e-10      0.00
    ** throwing out 1 trial vectors **

     29  0 *    -386.77558440     8.21e-11      0.34
     29  1      -386.64164464     1.01e-10      0.00
    ** throwing out 1 trial vectors **

     30  0 *    -386.77558440     8.09e-11      0.24
     30  1 *    -386.64164464     6.91e-11      0.00

     * ci vector   0, <S^2> = 0.0000, E =     -386.77558440
       222222......    -0.8653501685
       22222ab.....    -0.1669637167
       22222ba.....    -0.1669637167
       22222..2....     0.0701481846
       222.22..2...     0.0690261718
       22222a.b....    -0.0646749263
       22222b.a....    -0.0646749263
       2222.2..2...     0.0583050945
       2222.2.2....     0.0558649806

     * ci vector   1, <S^2> = -0.0000, E =     -386.64164464
       22222ba.....    -0.5977076022
       22222ab.....    -0.5977076022
       222222......     0.2305679483
       22222.ab....     0.0725778026
       22222.ba....     0.0725778026
       2a222bba....     0.0561255558
       2b222aab....     0.0561255558
       22b22aab....     0.0544558158
       22a22bba....     0.0544558158
       222.2ba.2...     0.0506172692
       222.2ab.2...     0.0506172692
       - FCI and RDMs                             18.23
    * Integral transformation done. Elapsed time: 0.08

       - jop, kop                                  0.00
       - denom                                     0.02
     guess   0:   closed 111111......         open ............        
     guess   1:   closed 11111.......         open .....11.....        

  === FCI iteration ===

      0  0      -386.63440744     3.75e-04      0.60
      0  1      -386.49572968     3.72e-04      0.00

      1  0      -386.74702284     1.90e-04      0.61
      1  1      -386.60628313     1.96e-04      0.00

      2  0      -386.76995621     9.35e-05      0.61
      2  1      -386.63226321     1.04e-04      0.00

      3  0      -386.77459684     4.22e-05      0.61
      3  1      -386.63888034     5.60e-05      0.00

      4  0      -386.77541330     1.75e-05      0.61
      4  1      -386.64075045     3.16e-05      0.00

      5  0      -386.77554908     7.69e-06      0.61
      5  1      -386.64135220     1.89e-05      0.00

      6  0      -386.77557410     3.86e-06      0.62
      6  1      -386.64154893     1.10e-05      0.00

      7  0      -386.77558076     1.96e-06      0.62
      7  1      -386.64161095     6.10e-06      0.00

      8  0      -386.77558254     9.98e-07      0.62
      8  1      -386.64163099     3.51e-06      0.00

      9  0      -386.77558298     4.99e-07      0.62
      9  1      -386.64163889     2.44e-06      0.00

     10  0      -386.77558309     2.72e-07      0.62
     10  1      -386.64164271     1.75e-06      0.00

     11  0      -386.77558312     1.34e-07      0.62
     11  1      -386.64164461     1.16e-06      0.00

     12  0      -386.77558313     6.19e-08      0.63
     12  1      -386.64164536     7.80e-07      0.00

     13  0      -386.77558313     3.09e-08      0.62
     13  1      -386.64164568     5.20e-07      0.00

     14  0      -386.77558313     1.61e-08      0.63
     14  1      -386.64164583     3.22e-07      0.00

     15  0      -386.77558313     7.71e-09      0.63
     15  1      -386.64164588     1.84e-07      0.00

     16  0      -386.77558313     3.53e-09      0.63
     16  1      -386.64164590     1.05e-07      0.00

     17  0      -386.77558313     1.58e-09      0.63
     17  1      -386.64164590     6.19e-08      0.00

     18  0      -386.77558313     7.42e-10      0.64
     18  1      -386.64164591     3.98e-08      0.00

     19  0      -386.77558313     3.56e-10      0.64
     19  1      -386.64164591     2.60e-08      0.00
    ** throwing out 2 trial vectors **

     20  0      -386.77558313     1.78e-10      0.64
     20  1      -386.64164591     1.60e-08      0.00
    ** throwing out 2 trial vectors **

     21  0 *    -386.77558313     9.21e-11      0.55
     21  1      -386.64164591     9.13e-09      0.00
    ** throwing out 1 trial vectors **

     22  0 *    -386.77558313     8.42e-11      0.34
     22  1      -386.64164591     4.86e-09      0.00
    ** throwing out 1 trial vectors **

     23  0 *    -386.77558313     8.28e-11      0.34
     23  1      -386.64164591     2.53e-09      0.00
    ** throwing out 1 trial vectors **

     24  0 *    -386.77558313     8.27e-11      0.34
     24  1      -386.64164591     1.34e-09      0.00
    ** throwing out 1 trial vectors **

     25  0 *    -386.77558313     8.27e-11      0.34
     25  1      -386.64164591     7.31e-10      0.00
    ** throwing out 1 trial vectors **

     26  0 *    -386.77558313     8.28e-11      0.34
     26  1      -386.64164591     4.24e-10      0.00
    ** throwing out 1 trial vectors **

     27  0 *    -386.77558313     8.30e-11      0.34
     27  1      -386.64164591     2.55e-10      0.00
    ** throwing out 1 trial vectors **

     28  0 *    -386.77558313     8.25e-11      0.34
     28  1      -386.64164591     1.57e-10      0.00
    ** throwing out 1 trial vectors **

     29  0 *    -386.77558313     8.22e-11      0.34
     29  1      -386.64164591     1.01e-10      0.00
    ** throwing out 1 trial vectors **

     30  0 *    -386.77558313     8.10e-11      0.24
     30  1 *    -386.64164591     6.89e-11      0.00

     * ci vector   0, <S^2> = 0.0000, E =     -386.77558313
       222222......    -0.8653667420
       22222ab.....    -0.1669125523
       22222ba.....    -0.1669125523
       22222..2....     0.0701626077
       222.22..2...     0.0690258640
       22222a.b....    -0.0646897947
       22222b.a....    -0.0646897947
       2222.2..2...     0.0583081027
       2222.2.2....     0.0558512255

     * ci vector   1, <S^2> = -0.0000, E =     -386.64164591
       22222ba.....    -0.5977185698
       22222ab.....    -0.5977185698
       222222......     0.2305054047
       22222.ab....     0.0725896175
       22222.ba....     0.0725896175
       2a222bba....     0.0561255621
       2b222aab....     0.0561255621
       22a22bba....     0.0544776448
       22b22aab....     0.0544776448
       222.2ba.2...     0.0506153753
       222.2ab.2...     0.0506153753
       - FCI and RDMs                             18.17
    * Integral transformation done. Elapsed time: 0.08

       - jop, kop                                  0.00
       - denom                                     0.02
     guess   0:   closed 111111......         open ............        
     guess   1:   closed 11111.......         open .....11.....        

  === FCI iteration ===

      0  0      -386.63440578     3.75e-04      0.61
      0  1      -386.49572902     3.72e-04      0.00

      1  0      -386.74702141     1.90e-04      0.61
      1  1      -386.60628303     1.96e-04      0.00

      2  0      -386.76995523     9.35e-05      0.61
      2  1      -386.63226368     1.04e-04      0.00

      3  0      -386.77459607     4.22e-05      0.61
      3  1      -386.63888101     5.60e-05      0.00

      4  0      -386.77541261     1.75e-05      0.61
      4  1      -386.64075116     3.16e-05      0.00

      5  0      -386.77554841     7.69e-06      0.61
      5  1      -386.64135289     1.89e-05      0.00

      6  0      -386.77557342     3.86e-06      0.61
      6  1      -386.64154961     1.10e-05      0.00

      7  0      -386.77558009     1.96e-06      0.62
      7  1      -386.64161162     6.10e-06      0.00

      8  0      -386.77558187     9.98e-07      0.62
      8  1      -386.64163166     3.51e-06      0.00

      9  0      -386.77558231     4.99e-07      0.62
      9  1      -386.64163956     2.44e-06      0.00

     10  0      -386.77558242     2.72e-07      0.62
     10  1      -386.64164339     1.75e-06      0.00

     11  0      -386.77558245     1.34e-07      0.62
     11  1      -386.64164529     1.16e-06      0.00

     12  0      -386.77558246     6.19e-08      0.62
     12  1      -386.64164604     7.80e-07      0.00

     13  0      -386.77558246     3.09e-08      0.63
     13  1      -386.64164636     5.20e-07      0.00

     14  0      -386.77558246     1.61e-08      0.63
     14  1      -386.64164650     3.22e-07      0.00

     15  0      -386.77558246     7.71e-09      0.63
     15  1      -386.64164656     1.84e-07      0.00

     16  0      -386.77558246     3.53e-09      0.63
     16  1      -386.64164657     1.05e-07      0.00

     17  0      -386.77558246     1.58e-09      0.63
     17  1      -386.64164658     6.19e-08      0.00

     18  0      -386.77558246     7.42e-10      0.63
     18  1      -386.64164658     3.98e-08      0.00

     19  0      -386.77558246     3.56e-10      0.63
     19  1      -386.64164658     2.60e-08      0.00
    ** throwing out 2 trial vectors **

     20  0      -386.77558246     1.78e-10      0.64
     20  1      -386.64164658     1.60e-08      0.00
    ** throwing out 2 trial vectors **

     21  0 *    -386.77558246     9.21e-11      0.54
     21  1      -386.64164658     9.13e-09      0.00
    ** throwing out 1 trial vectors **

     22  0 *    -386.77558246     8.42e-11      0.33
     22  1      -386.64164658     4.86e-09      0.00
    ** throwing out 1 trial vectors **

     23  0 *    -386.77558246     8.29e-11      0.33
     23  1      -386.64164658     2.53e-09      0.00
    ** throwing out 1 trial vectors **

     24  0 *    -386.77558246     8.28e-11      0.34
     24  1      -386.64164658     1.34e-09      0.00
    ** throwing out 1 trial vectors **

     25  0 *    -386.77558246     8.28e-11      0.34
     25  1      -386.64164658     7.31e-10      0.00
    ** throwing out 1 trial vectors **

     26  0 *    -386.77558246     8.28e-11      0.34
     26  1      -386.64164658     4.24e-10      0.00
    ** throwing out 1 trial vectors **

     27  0 *    -386.77558246     8.30e-11      0.34
     27  1      -386.64164658     2.54e-10      0.00
    ** throwing out 1 trial vectors **

     28  0 *    -386.77558246     8.25e-11      0.33
     28  1      -386.64164658     1.57e-10      0.00
    ** throwing out 1 trial vectors **

     29  0 *    -386.77558246     8.22e-11      0.34
     29  1      -386.64164658     1.01e-10      0.00
    ** throwing out 1 trial vectors **

     30  0 *    -386.77558246     8.11e-11      0.24
     30  1 *    -386.64164658     6.87e-11      0.00

     * ci vector   0, <S^2> = 0.0000, E =     -386.77558246
       222222......     0.8653757777
       22222ab.....     0.1668845993
       22222ba.....     0.1668845993
       22222..2....    -0.0701705429
       222.22..2...    -0.0690256255
       22222a.b....     0.0646981094
       22222b.a....     0.0646981094
       2222.2..2...    -0.0583097356
       2222.2.2....    -0.0558436914

     * ci vector   1, <S^2> = -0.0000, E =     -386.64164658
       22222ba.....     0.5977245415
       22222ab.....     0.5977245415
       222222......    -0.2304712205
       22222.ba....    -0.0725963570
       22222.ab....    -0.0725963570
       2a222bba....    -0.0561256178
       2b222aab....    -0.0561256178
       22a22bba....    -0.0544894273
       22b22aab....    -0.0544894273
       222.2ba.2...    -0.0506143034
       222.2ab.2...    -0.0506143034
       - FCI and RDMs                             18.08
    * Integral transformation done. Elapsed time: 0.08

       - jop, kop                                  0.00
       - denom                                     0.02
     guess   0:   closed 111111......         open ............        
     guess   1:   closed 11111.......         open .....11.....        

  === FCI iteration ===

      0  0      -386.63440488     3.75e-04      0.59
      0  1      -386.49572866     3.72e-04      0.00

      1  0      -386.74702064     1.90e-04      0.62
      1  1      -386.60628297     1.96e-04      0.00

      2  0      -386.76995470     9.35e-05      0.64
      2  1      -386.63226393     1.04e-04      0.00

      3  0      -386.77459566     4.22e-05      0.63
      3  1      -386.63888137     5.60e-05      0.00

      4  0      -386.77541225     1.75e-05      0.63
      4  1      -386.64075154     3.16e-05      0.00

      5  0      -386.77554804     7.69e-06      0.64
      5  1      -386.64135326     1.89e-05      0.00

      6  0      -386.77557306     3.86e-06      0.64
      6  1      -386.64154997     1.10e-05      0.00

      7  0      -386.77557973     1.96e-06      0.64
      7  1      -386.64161198     6.10e-06      0.00

      8  0      -386.77558151     9.98e-07      0.64
      8  1      -386.64163202     3.51e-06      0.00

      9  0      -386.77558195     4.99e-07      0.64
      9  1      -386.64163992     2.44e-06      0.00

     10  0      -386.77558206     2.72e-07      0.64
     10  1      -386.64164375     1.75e-06      0.00

     11  0      -386.77558209     1.34e-07      0.62
     11  1      -386.64164565     1.16e-06      0.00

     12  0      -386.77558210     6.19e-08      0.62
     12  1      -386.64164640     7.80e-07      0.00

     13  0      -386.77558210     3.09e-08      0.62
     13  1      -386.64164672     5.20e-07      0.00

     14  0      -386.77558210     1.61e-08      0.62
     14  1      -386.64164686     3.22e-07      0.00

     15  0      -386.77558210     7.71e-09      0.63
     15  1      -386.64164692     1.84e-07      0.00

     16  0      -386.77558210     3.53e-09      0.63
     16  1      -386.64164693     1.05e-07      0.00

     17  0      -386.77558210     1.58e-09      0.63
     17  1      -386.64164694     6.19e-08      0.00

     18  0      -386.77558210     7.42e-10      0.63
     18  1      -386.64164694     3.98e-08      0.00

     19  0      -386.77558210     3.56e-10      0.63
     19  1      -386.64164694     2.60e-08      0.00
    ** throwing out 2 trial vectors **

     20  0      -386.77558210     1.78e-10      0.64
     20  1      -386.64164694     1.60e-08      0.00
    ** throwing out 2 trial vectors **

     21  0 *    -386.77558210     9.21e-11      0.54
     21  1      -386.64164694     9.13e-09      0.00
    ** throwing out 1 trial vectors **

     22  0 *    -386.77558210     8.42e-11      0.33
     22  1      -386.64164694     4.86e-09      0.00
    ** throwing out 1 trial vectors **

     23  0 *    -386.77558210     8.29e-11      0.34
     23  1      -386.64164694     2.53e-09      0.00
    ** throwing out 1 trial vectors **

     24  0 *    -386.77558210     8.28e-11      0.33
     24  1      -386.64164694     1.34e-09      0.00
    ** throwing out 1 trial vectors **

     25  0 *    -386.77558210     8.28e-11      0.34
     25  1      -386.64164694     7.31e-10      0.00
    ** throwing out 1 trial vectors **

     26  0 *    -386.77558210     8.29e-11      0.34
     26  1      -386.64164694     4.24e-10      0.00
    ** throwing out 1 trial vectors **

     27  0 *    -386.77558210     8.30e-11      0.33
     27  1      -386.64164694     2.54e-10      0.00
    ** throwing out 1 trial vectors **

     28  0 *    -386.77558210     8.25e-11      0.34
     28  1      -386.64164694     1.56e-10      0.00
    ** throwing out 1 trial vectors **

     29  0 *    -386.77558210     8.22e-11      0.34
     29  1      -386.64164694     1.00e-10      0.00
    ** throwing out 1 trial vectors **

     30  0 *    -386.77558210     8.11e-11      0.23
     30  1 *    -386.64164694     6.87e-11      0.00

     * ci vector   0, <S^2> = 0.0000, E =     -386.77558210
       222222......    -0.8653807119
       22222ab.....    -0.1668693059
       22222ba.....    -0.1668693059
       22222..2....     0.0701749108
       222.22..2...     0.0690254587
       22222a.b....    -0.0647027615
       22222b.a....    -0.0647027615
       2222.2..2...     0.0583106210
       2222.2.2....     0.0558395613

     * ci vector   1, <S^2> = -0.0000, E =     -386.64164694
       22222ba.....    -0.5977277993
       22222ab.....    -0.5977277993
       222222......     0.2304525108
       22222.ab....     0.0726001990
       22222.ba....     0.0726001990
       2a222bba....    -0.0561256783
       2b222aab....    -0.0561256783
       22a22bba....    -0.0544957880
       22b22aab....    -0.0544957880
       222.2ba.2...     0.0506136986
       222.2ab.2...     0.0506136986
       - FCI and RDMs                             18.25
    * Integral transformation done. Elapsed time: 0.08

       - jop, kop                                  0.00
       - denom                                     0.02
     guess   0:   closed 111111......         open ............        
     guess   1:   closed 11111.......         open .....11.....        

  === FCI iteration ===

      0  0      -386.63440439     3.75e-04      0.60
      0  1      -386.49572848     3.72e-04      0.00

      1  0      -386.74702022     1.90e-04      0.60
      1  1      -386.60628294     1.96e-04      0.00

      2  0      -386.76995442     9.35e-05      0.61
      2  1      -386.63226406     1.04e-04      0.00

      3  0      -386.77459544     4.22e-05      0.61
      3  1      -386.63888156     5.60e-05      0.00

      4  0      -386.77541205     1.75e-05      0.61
      4  1      -386.64075175     3.16e-05      0.00

      5  0      -386.77554785     7.69e-06      0.61
      5  1      -386.64135345     1.89e-05      0.00

      6  0      -386.77557287     3.86e-06      0.61
      6  1      -386.64155016     1.10e-05      0.00

      7  0      -386.77557954     1.96e-06      0.61
      7  1      -386.64161217     6.10e-06      0.00

      8  0      -386.77558132     9.98e-07      0.61
      8  1      -386.64163221     3.51e-06      0.00

      9  0      -386.77558176     4.99e-07      0.61
      9  1      -386.64164011     2.44e-06      0.00

     10  0      -386.77558187     2.72e-07      0.62
     10  1      -386.64164394     1.75e-06      0.00

     11  0      -386.77558190     1.34e-07      0.62
     11  1      -386.64164584     1.16e-06      0.00

     12  0      -386.77558191     6.19e-08      0.62
     12  1      -386.64164659     7.80e-07      0.00

     13  0      -386.77558191     3.09e-08      0.62
     13  1      -386.64164691     5.20e-07      0.00

     14  0      -386.77558191     1.61e-08      0.63
     14  1      -386.64164705     3.22e-07      0.00

     15  0      -386.77558191     7.71e-09      0.63
     15  1      -386.64164711     1.84e-07      0.00

     16  0      -386.77558191     3.53e-09      0.62
     16  1      -386.64164712     1.05e-07      0.00

     17  0      -386.77558191     1.58e-09      0.63
     17  1      -386.64164713     6.19e-08      0.00

     18  0      -386.77558191     7.42e-10      0.63
     18  1      -386.64164713     3.98e-08      0.00

     19  0      -386.77558191     3.56e-10      0.63
     19  1      -386.64164713     2.60e-08      0.00
    ** throwing out 2 trial vectors **

     20  0      -386.77558191     1.78e-10      0.64
     20  1      -386.64164713     1.60e-08      0.00
    ** throwing out 2 trial vectors **

     21  0 *    -386.77558191     9.22e-11      0.54
     21  1      -386.64164713     9.13e-09      0.00
    ** throwing out 1 trial vectors **

     22  0 *    -386.77558191     8.43e-11      0.34
     22  1      -386.64164713     4.86e-09      0.00
    ** throwing out 1 trial vectors **

     23  0 *    -386.77558191     8.29e-11      0.34
     23  1      -386.64164713     2.53e-09      0.00
    ** throwing out 1 trial vectors **

     24  0 *    -386.77558191     8.28e-11      0.34
     24  1      -386.64164713     1.34e-09      0.00
    ** throwing out 1 trial vectors **

     25  0 *    -386.77558191     8.28e-11      0.34
     25  1      -386.64164713     7.31e-10      0.00
    ** throwing out 1 trial vectors **

     26  0 *    -386.77558191     8.29e-11      0.33
     26  1      -386.64164713     4.24e-10      0.00
    ** throwing out 1 trial vectors **

     27  0 *    -386.77558191     8.31e-11      0.34
     27  1      -386.64164713     2.54e-10      0.00
    ** throwing out 1 trial vectors **

     28  0 *    -386.77558191     8.26e-11      0.34
     28  1      -386.64164713     1.56e-10      0.00
    ** throwing out 1 trial vectors **

     29  0 *    -386.77558191     8.23e-11      0.34
     29  1      -386.64164713     1.00e-10      0.00
    ** throwing out 1 trial vectors **

     30  0 *    -386.77558191     8.11e-11      0.24
     30  1 *    -386.64164713     6.86e-11      0.00

     * ci vector   0, <S^2> = 0.0000, E =     -386.77558191
       222222......     0.8653834095
       22222ba.....     0.1668609295
       22222ab.....     0.1668609295
       22222..2....    -0.0701773164
       222.22..2...    -0.0690253479
       22222b.a....     0.0647053651
       22222a.b....     0.0647053651
       2222.2..2...    -0.0583111011
       2222.2.2....    -0.0558372954

     * ci vector   1, <S^2> = 0.0000, E =     -386.64164713
       22222ab.....     0.5977295790
       22222ba.....     0.5977295790
       222222......    -0.2304422596
       22222.ba....    -0.0726023881
       22222.ab....    -0.0726023881
       2b222aab....     0.0561257284
       2a222bba....     0.0561257284
       22b22aab....     0.0544992221
       22a22bba....     0.0544992221
       222.2ab.2...    -0.0506133579
       222.2ba.2...    -0.0506133579
       - FCI and RDMs                             18.01
    * Integral transformation done. Elapsed time: 0.08

       - jop, kop                                  0.00
       - denom                                     0.02
     guess   0:   closed 111111......         open ............        
     guess   1:   closed 11111.......         open .....11.....        

  === FCI iteration ===

      0  0      -386.63440413     3.75e-04      0.60
      0  1      -386.49572838     3.72e-04      0.00

      1  0      -386.74701999     1.90e-04      0.60
      1  1      -386.60628292     1.96e-04      0.00

      2  0      -386.76995427     9.35e-05      0.60
      2  1      -386.63226413     1.04e-04      0.00

      3  0      -386.77459532     4.22e-05      0.60
      3  1      -386.63888166     5.60e-05      0.00

      4  0      -386.77541194     1.75e-05      0.60
      4  1      -386.64075185     3.16e-05      0.00

      5  0      -386.77554775     7.69e-06      0.60
      5  1      -386.64135356     1.89e-05      0.00

      6  0      -386.77557277     3.86e-06      0.63
      6  1      -386.64155027     1.10e-05      0.00

      7  0      -386.77557943     1.96e-06      0.64
      7  1      -386.64161228     6.10e-06      0.00

      8  0      -386.77558122     9.98e-07      0.64
      8  1      -386.64163231     3.51e-06      0.00

      9  0      -386.77558166     4.99e-07      0.64
      9  1      -386.64164021     2.44e-06      0.00

     10  0      -386.77558177     2.72e-07      0.64
     10  1      -386.64164404     1.75e-06      0.00

     11  0      -386.77558180     1.34e-07      0.64
     11  1      -386.64164594     1.16e-06      0.00

     12  0      -386.77558180     6.19e-08      0.64
     12  1      -386.64164669     7.80e-07      0.00

     13  0      -386.77558180     3.09e-08      0.64
     13  1      -386.64164701     5.20e-07      0.00

     14  0      -386.77558181     1.61e-08      0.64
     14  1      -386.64164716     3.22e-07      0.00

     15  0      -386.77558181     7.71e-09      0.64
     15  1      -386.64164721     1.84e-07      0.00

     16  0      -386.77558181     3.53e-09      0.64
     16  1      -386.64164723     1.05e-07      0.00

     17  0      -386.77558181     1.58e-09      0.64
     17  1      -386.64164723     6.19e-08      0.00

     18  0      -386.77558181     7.42e-10      0.64
     18  1      -386.64164723     3.98e-08      0.00

     19  0      -386.77558181     3.56e-10      0.64
     19  1      -386.64164724     2.60e-08      0.00
    ** throwing out 2 trial vectors **

     20  0      -386.77558181     1.78e-10      0.65
     20  1      -386.64164724     1.60e-08      0.00
    ** throwing out 2 trial vectors **

     21  0 *    -386.77558181     9.22e-11      0.55
     21  1      -386.64164724     9.13e-09      0.00
    ** throwing out 1 trial vectors **

     22  0 *    -386.77558181     8.43e-11      0.34
     22  1      -386.64164724     4.86e-09      0.00
    ** throwing out 1 trial vectors **

     23  0 *    -386.77558181     8.29e-11      0.34
     23  1      -386.64164724     2.53e-09      0.00
    ** throwing out 1 trial vectors **

     24  0 *    -386.77558181     8.28e-11      0.34
     24  1      -386.64164724     1.34e-09      0.00
    ** throwing out 1 trial vectors **

     25  0 *    -386.77558181     8.28e-11      0.35
     25  1      -386.64164724     7.31e-10      0.00
    ** throwing out 1 trial vectors **

     26  0 *    -386.77558181     8.29e-11      0.34
     26  1      -386.64164724     4.24e-10      0.00
    ** throwing out 1 trial vectors **

     27  0 *    -386.77558181     8.31e-11      0.34
     27  1      -386.64164724     2.54e-10      0.00
    ** throwing out 1 trial vectors **

     28  0 *    -386.77558181     8.26e-11      0.35
     28  1      -386.64164724     1.56e-10      0.00
    ** throwing out 1 trial vectors **

     29  0 *    -386.77558181     8.23e-11      0.35
     29  1      -386.64164724     1.00e-10      0.00
    ** throwing out 1 trial vectors **

     30  0 *    -386.77558181     8.12e-11      0.24
     30  1 *    -386.64164724     6.86e-11      0.00

     * ci vector   0, <S^2> = 0.0000, E =     -386.77558181
       222222......     0.8653848857
       22222ba.....     0.1668563377
       22222ab.....     0.1668563377
       22222..2....    -0.0701786418
       222.22..2...    -0.0690252765
       22222b.a....     0.0647068233
       22222a.b....     0.0647068233
       2222.2..2...    -0.0583113613
       2222.2.2....    -0.0558360515

     * ci vector   1, <S^2> = -0.0000, E =     -386.64164724
       22222ab.....     0.5977305523
       22222ba.....     0.5977305522
       222222......    -0.2304366383
       22222.ba....    -0.0726036346
       22222.ab....    -0.0726036346
       2b222aab....     0.0561257653
       2a222bba....     0.0561257653
       22b22aab....     0.0545010764
       22a22bba....     0.0545010764
       222.2ab.2...    -0.0506131660
       222.2ba.2...    -0.0506131660
       - FCI and RDMs                             18.36
    * Integral transformation done. Elapsed time: 0.08

       - jop, kop                                  0.00
       - denom                                     0.02
     guess   0:   closed 111111......         open ............        
     guess   1:   closed 11111.......         open .....11.....        

  === FCI iteration ===

      0  0      -386.63440399     3.75e-04      0.62
      0  1      -386.49572833     3.72e-04      0.00

      1  0      -386.74701987     1.90e-04      0.62
      1  1      -386.60628290     1.96e-04      0.00

      2  0      -386.76995419     9.35e-05      0.62
      2  1      -386.63226417     1.04e-04      0.00

      3  0      -386.77459526     4.22e-05      0.62
      3  1      -386.63888171     5.60e-05      0.00

      4  0      -386.77541189     1.75e-05      0.62
      4  1      -386.64075191     3.16e-05      0.00

      5  0      -386.77554770     7.69e-06      0.62
      5  1      -386.64135361     1.89e-05      0.00

      6  0      -386.77557272     3.86e-06      0.62
      6  1      -386.64155032     1.10e-05      0.00

      7  0      -386.77557938     1.96e-06      0.62
      7  1      -386.64161233     6.10e-06      0.00

      8  0      -386.77558116     9.98e-07      0.63
      8  1      -386.64163236     3.51e-06      0.00

      9  0      -386.77558160     4.99e-07      0.63
      9  1      -386.64164027     2.44e-06      0.00

     10  0      -386.77558171     2.72e-07      0.63
     10  1      -386.64164409     1.75e-06      0.00

     11  0      -386.77558174     1.34e-07      0.63
     11  1      -386.64164600     1.16e-06      0.00

     12  0      -386.77558175     6.19e-08      0.63
     12  1      -386.64164675     7.80e-07      0.00

     13  0      -386.77558175     3.09e-08      0.63
     13  1      -386.64164707     5.20e-07      0.00

     14  0      -386.77558175     1.61e-08      0.63
     14  1      -386.64164721     3.22e-07      0.00

     15  0      -386.77558175     7.71e-09      0.63
     15  1      -386.64164726     1.84e-07      0.00

     16  0      -386.77558175     3.53e-09      0.63
     16  1      -386.64164728     1.05e-07      0.00

     17  0      -386.77558175     1.58e-09      0.64
     17  1      -386.64164729     6.19e-08      0.00

     18  0      -386.77558175     7.42e-10      0.64
     18  1      -386.64164729     3.98e-08      0.00

     19  0      -386.77558175     3.56e-10      0.64
     19  1      -386.64164729     2.60e-08      0.00
    ** throwing out 2 trial vectors **

     20  0      -386.77558175     1.78e-10      0.65
     20  1      -386.64164729     1.60e-08      0.00
    ** throwing out 2 trial vectors **

     21  0 *    -386.77558175     9.22e-11      0.55
     21  1      -386.64164729     9.13e-09      0.00
    ** throwing out 1 trial vectors **

     22  0 *    -386.77558175     8.43e-11      0.34
     22  1      -386.64164729     4.86e-09      0.00
    ** throwing out 1 trial vectors **

     23  0 *    -386.77558175     8.29e-11      0.34
     23  1      -386.64164729     2.53e-09      0.00
    ** throwing out 1 trial vectors **

     24  0 *    -386.77558175     8.28e-11      0.34
     24  1      -386.64164729     1.34e-09      0.00
    ** throwing out 1 trial vectors **

     25  0 *    -386.77558175     8.28e-11      0.34
     25  1      -386.64164729     7.31e-10      0.00
    ** throwing out 1 trial vectors **

     26  0 *    -386.77558175     8.29e-11      0.34
     26  1      -386.64164729     4.24e-10      0.00
    ** throwing out 1 trial vectors **

     27  0 *    -386.77558175     8.31e-11      0.34
     27  1      -386.64164729     2.54e-10      0.00
    ** throwing out 1 trial vectors **

     28  0 *    -386.77558175     8.26e-11      0.34
     28  1      -386.64164729     1.56e-10      0.00
    ** throwing out 1 trial vectors **

     29  0 *    -386.77558175     8.23e-11      0.34
     29  1      -386.64164729     1.00e-10      0.00
    ** throwing out 1 trial vectors **

     30  0 *    -386.77558175     8.12e-11      0.24
     30  1 *    -386.64164729     6.86e-11      0.00

     * ci vector   0, <S^2> = 0.0000, E =     -386.77558175
       222222......     0.8653856941
       22222ab.....     0.1668538189
       22222ba.....     0.1668538189
       22222..2....    -0.0701793727
       222.22..2...    -0.0690252312
       22222a.b....     0.0647076396
       22222b.a....     0.0647076396
       2222.2..2...    -0.0583115025
       2222.2.2....    -0.0558353682

     * ci vector   1, <S^2> = 0.0000, E =     -386.64164729
       22222ba.....     0.5977310848
       22222ab.....     0.5977310848
       222222......    -0.2304335538
       22222.ab....    -0.0726043444
       22222.ba....    -0.0726043444
       2b222aab....    -0.0561257908
       2a222bba....    -0.0561257908
       22a22bba....    -0.0545020777
       22b22aab....    -0.0545020777
       222.2ba.2...    -0.0506130577
       222.2ab.2...    -0.0506130577
       - FCI and RDMs                             18.34
    * Integral transformation done. Elapsed time: 0.08

       - jop, kop                                  0.00
       - denom                                     0.02
     guess   0:   closed 111111......         open ............        
     guess   1:   closed 11111.......         open .....11.....        

  === FCI iteration ===

      0  0      -386.63440391     3.75e-04      0.61
      0  1      -386.49572830     3.72e-04      0.00

      1  0      -386.74701980     1.90e-04      0.62
      1  1      -386.60628290     1.96e-04      0.00

      2  0      -386.76995414     9.35e-05      0.62
      2  1      -386.63226419     1.04e-04      0.00

      3  0      -386.77459523     4.22e-05      0.62
      3  1      -386.63888174     5.60e-05      0.00

      4  0      -386.77541186     1.75e-05      0.62
      4  1      -386.64075194     3.16e-05      0.00

      5  0      -386.77554767     7.69e-06      0.62
      5  1      -386.64135364     1.89e-05      0.00

      6  0      -386.77557269     3.86e-06      0.62
      6  1      -386.64155035     1.10e-05      0.00

      7  0      -386.77557935     1.96e-06      0.63
      7  1      -386.64161236     6.10e-06      0.00

      8  0      -386.77558113     9.98e-07      0.63
      8  1      -386.64163239     3.51e-06      0.00

      9  0      -386.77558157     4.99e-07      0.63
      9  1      -386.64164030     2.44e-06      0.00

     10  0      -386.77558168     2.72e-07      0.62
     10  1      -386.64164412     1.75e-06      0.00

     11  0      -386.77558171     1.34e-07      0.63
     11  1      -386.64164602     1.16e-06      0.00

     12  0      -386.77558172     6.19e-08      0.62
     12  1      -386.64164678     7.80e-07      0.00

     13  0      -386.77558172     3.09e-08      0.63
     13  1      -386.64164710     5.20e-07      0.00

     14  0      -386.77558172     1.61e-08      0.62
     14  1      -386.64164724     3.22e-07      0.00

     15  0      -386.77558172     7.71e-09      0.62
     15  1      -386.64164729     1.84e-07      0.00

     16  0      -386.77558172     3.53e-09      0.62
     16  1      -386.64164731     1.05e-07      0.00

     17  0      -386.77558172     1.58e-09      0.64
     17  1      -386.64164732     6.19e-08      0.00

     18  0      -386.77558172     7.42e-10      0.66
     18  1      -386.64164732     3.98e-08      0.00

     19  0      -386.77558172     3.56e-10      0.66
     19  1      -386.64164732     2.60e-08      0.00
    ** throwing out 2 trial vectors **

     20  0      -386.77558172     1.78e-10      0.67
     20  1      -386.64164732     1.60e-08      0.00
    ** throwing out 2 trial vectors **

     21  0 *    -386.77558172     9.22e-11      0.57
     21  1      -386.64164732     9.13e-09      0.00
    ** throwing out 1 trial vectors **

     22  0 *    -386.77558172     8.43e-11      0.35
     22  1      -386.64164732     4.86e-09      0.00
    ** throwing out 1 trial vectors **

     23  0 *    -386.77558172     8.29e-11      0.35
     23  1      -386.64164732     2.53e-09      0.00
    ** throwing out 1 trial vectors **

     24  0 *    -386.77558172     8.28e-11      0.35
     24  1      -386.64164732     1.34e-09      0.00
    ** throwing out 1 trial vectors **

     25  0 *    -386.77558172     8.28e-11      0.35
     25  1      -386.64164732     7.31e-10      0.00
    ** throwing out 1 trial vectors **

     26  0 *    -386.77558172     8.29e-11      0.35
     26  1      -386.64164732     4.24e-10      0.00
    ** throwing out 1 trial vectors **

     27  0 *    -386.77558172     8.31e-11      0.35
     27  1      -386.64164732     2.54e-10      0.00
    ** throwing out 1 trial vectors **

     28  0 *    -386.77558172     8.26e-11      0.35
     28  1      -386.64164732     1.56e-10      0.00
    ** throwing out 1 trial vectors **

     29  0 *    -386.77558172     8.23e-11      0.36
     29  1      -386.64164732     1.00e-10      0.00
    ** throwing out 1 trial vectors **

     30  0 *    -386.77558172     8.12e-11      0.25
     30  1 *    -386.64164732     6.86e-11      0.00

     * ci vector   0, <S^2> = -0.0000, E =     -386.77558172
       222222......     0.8653861372
       22222ab.....     0.1668524361
       22222ba.....     0.1668524361
       22222..2....    -0.0701797760
       222.22..2...    -0.0690252034
       22222a.b....     0.0647080967
       22222b.a....     0.0647080967
       2222.2..2...    -0.0583115790
       2222.2.2....    -0.0558349927

     * ci vector   1, <S^2> = -0.0000, E =     -386.64164732
       22222ba.....     0.5977313764
       22222ab.....     0.5977313764
       222222......    -0.2304318598
       22222.ab....    -0.0726047481
       22222.ba....    -0.0726047481
       2a222bba....     0.0561258077
       2b222aab....     0.0561258077
       22a22bba....    -0.0545026186
       22b22aab....    -0.0545026186
       222.2ba.2...    -0.0506129970
       222.2ab.2...    -0.0506129970
       - FCI and RDMs                             18.48
