--------------------------------------------------
JOB FRONT-END 484547 on wux54
SLURM ENVIRONMENT
--------------------------------------------------
SLURM_JOB_ID                   = 484547              
SLURM_ARRAY_JOB_ID             = N/A                 
SLURM_ARRAY_TASK_ID            = N/A                 
SLURM_JOB_NAME                 = bagel-chain         
SLURM_JOB_PARTITION            = wux5x               
SLURM_JOB_NUM_NODES            = 1                   
SLURM_JOB_CPUS_PER_NODE        = 20                  
SLURM_NTASKS                   = 20                  
SLURM_NTASKS_PER_NODE          = N/A                 
--------------------------------------------------
--------------------------------------------------
PBS ENVIRONMENT
--------------------------------------------------
PBS_JOBID                      = 484547              
PBS_ARRAYID                    = N/A                 
PBS_JOBNAME                    = bagel-chain         
PBS_QUEUE                      = wux5x               
PBS_NUM_NODES                  = 1                   
PBS_NUM_PPN                    = 1                   
PBS_NP                         = 20                  
PBS_NODEFILE                   = /tmp/484547/nodes   
--------------------------------------------------
  * process grid (5, 4) will be used
    wux54                           
    wux54                           
    wux54                           
    wux54                           
    wux54                           
    wux54                           
    wux54                           
    wux54                           
    wux54                           
    wux54                           
    wux54                           
    wux54                           
    wux54                           
    wux54                           
    wux54                           
    wux54                           
    wux54                           
    wux54                           
    wux54                           
    wux54                           

  * using 20 threads per process

  ===============================================================
    BAGEL - Freshly leavened quantum chemistry                   
  ===============================================================

  *** Geometry ***

  { "atom" : "C", "xyz" : [      4.440411,     -1.048425,      1.137149 ] },
  { "atom" : "C", "xyz" : [      4.202934,      1.648279,      1.524789 ] },
  { "atom" : "C", "xyz" : [      1.924213,      2.846665,      1.384860 ] },
  { "atom" : "N", "xyz" : [     -0.393617,      1.564003,      1.049583 ] },
  { "atom" : "B", "xyz" : [     -0.269927,     -1.281533,      0.178699 ] },
  { "atom" : "C", "xyz" : [      2.408868,     -2.477094,      0.431867 ] },
  { "atom" : "C", "xyz" : [     -2.572794,     -2.626953,     -0.902777 ] },
  { "atom" : "C", "xyz" : [     -4.896756,     -1.209918,     -1.206681 ] },
  { "atom" : "C", "xyz" : [     -4.389949,      1.326637,     -1.143207 ] },
  { "atom" : "C", "xyz" : [     -1.596580,      1.634128,     -1.277873 ] },
  { "atom" : "H", "xyz" : [      6.302658,     -1.909102,      1.406766 ] },
  { "atom" : "H", "xyz" : [      5.868916,      2.794228,      1.935541 ] },
  { "atom" : "H", "xyz" : [      1.740282,      4.886411,      1.672162 ] },
  { "atom" : "H", "xyz" : [      2.680676,     -4.516124,      0.174216 ] },
  { "atom" : "H", "xyz" : [     -2.431693,     -4.588499,     -1.558500 ] },
  { "atom" : "H", "xyz" : [     -6.770033,     -2.076052,     -1.200655 ] },
  { "atom" : "H", "xyz" : [     -5.654402,      2.866650,     -0.591215 ] },
  { "atom" : "H", "xyz" : [     -0.593208,      2.166699,     -3.014725 ] },

  Number of auxiliary basis functions:      884

  Since a DF basis is specified, we compute 2- and 3-index integrals:
    o Being stored without compression. Storage requirement is 0.645 GB
       - 3-index ints prep                         0.00
       - 3-index ints                              0.15
       - 2-index ints                              0.01
       - computing inverse                         0.10
        elapsed time:        0.26 sec.


  Number of basis functions:      302
  Number of electrons      :       68


    * METHOD: MOLECULE                             0.29

       - 3-index ints prep                         0.00
       - 3-index ints                              0.12
       - 2-index ints                              0.01
       - computing inverse                         0.07

  Using the coefficient projected to the input geometry 


    * METHOD: LOAD_REF                             0.31

  ---------------------------
      CASSCF calculation     
  ---------------------------

    * nstate   :      2
    * nclosed  :     28
    * nact     :     12
    * nvirt    :    262
  === CASSCF iteration (/home/buehlerm/software/bagel/installation/share/aug-cc-pVDZ.json) ===

    * Using the second-order algorithm

      0  0      -386.75807100     7.61e-03     17.42
      0  1      -386.64860434     0.00e+00     17.42

         res : 4.71e-02   lamb: 1.00e+00   eps : -3.60e-02   step: 8.36e-02    0.06
         res : 1.58e-02   lamb: 1.00e+00   eps : -3.64e-02   step: 8.35e-02    0.06
         res : 4.62e-03   lamb: 1.00e+00   eps : -3.65e-02   step: 8.49e-02    0.06
         res : 1.54e-03   lamb: 1.00e+00   eps : -3.65e-02   step: 8.56e-02    0.06
         res : 4.20e-04   lamb: 1.00e+00   eps : -3.65e-02   step: 8.58e-02    0.06
         res : 1.69e-04   lamb: 1.00e+00   eps : -3.65e-02   step: 8.58e-02    0.06
         res : 5.12e-05   lamb: 1.00e+00   eps : -3.65e-02   step: 8.58e-02    0.06
         res : 2.31e-05   lamb: 1.00e+00   eps : -3.65e-02   step: 8.58e-02    0.06
         res : 9.39e-06   lamb: 1.00e+00   eps : -3.65e-02   step: 8.58e-02    0.06
         res : 3.70e-06   lamb: 1.00e+00   eps : -3.65e-02   step: 8.58e-02    0.06

      1  0      -386.77665658     9.36e-05     18.68
      1  1      -386.66683377     0.00e+00     18.68

         res : 5.32e-03   lamb: 1.00e+00   eps : -6.05e-05   step: 2.06e-02    0.06
         res : 1.84e-03   lamb: 1.00e+00   eps : -6.91e-05   step: 2.73e-02    0.06
         res : 5.78e-04   lamb: 1.00e+00   eps : -7.08e-05   step: 2.97e-02    0.06
         res : 2.73e-04   lamb: 1.00e+00   eps : -7.09e-05   step: 3.02e-02    0.06
         res : 1.27e-04   lamb: 1.00e+00   eps : -7.10e-05   step: 3.03e-02    0.06
         res : 5.06e-05   lamb: 1.00e+00   eps : -7.10e-05   step: 3.03e-02    0.06
         res : 2.30e-05   lamb: 1.00e+00   eps : -7.10e-05   step: 3.03e-02    0.06
         res : 1.10e-05   lamb: 1.00e+00   eps : -7.10e-05   step: 3.03e-02    0.06
         res : 5.12e-06   lamb: 1.00e+00   eps : -7.10e-05   step: 3.03e-02    0.06
         res : 2.35e-06   lamb: 1.00e+00   eps : -7.10e-05   step: 3.03e-02    0.06

      2  0      -386.77671236     2.13e-05     18.96
      2  1      -386.66686176     0.00e+00     18.96

         res : 1.29e-03   lamb: 1.00e+00   eps : -3.29e-06   step: 4.90e-03    0.06
         res : 4.43e-04   lamb: 1.00e+00   eps : -3.82e-06   step: 6.80e-03    0.06
         res : 1.75e-04   lamb: 1.00e+00   eps : -3.93e-06   step: 7.52e-03    0.06
         res : 7.67e-05   lamb: 1.00e+00   eps : -3.94e-06   step: 7.70e-03    0.06
         res : 3.01e-05   lamb: 1.00e+00   eps : -3.94e-06   step: 7.72e-03    0.06
         res : 1.30e-05   lamb: 1.00e+00   eps : -3.94e-06   step: 7.72e-03    0.06
         res : 6.47e-06   lamb: 1.00e+00   eps : -3.94e-06   step: 7.72e-03    0.06
         res : 3.53e-06   lamb: 1.00e+00   eps : -3.94e-06   step: 7.72e-03    0.06
         res : 1.72e-06   lamb: 1.00e+00   eps : -3.94e-06   step: 7.72e-03    0.06
         res : 8.61e-07   lamb: 1.00e+00   eps : -3.94e-06   step: 7.72e-03    0.06
         res : 4.09e-07   lamb: 1.00e+00   eps : -3.94e-06   step: 7.72e-03    0.06

      3  0      -386.77670971     6.41e-06     18.94
      3  1      -386.66686976     0.00e+00     18.94

         res : 4.16e-04   lamb: 1.00e+00   eps : -4.65e-07   step: 2.16e-03    0.06
         res : 1.84e-04   lamb: 1.00e+00   eps : -5.30e-07   step: 2.79e-03    0.06
         res : 6.96e-05   lamb: 1.00e+00   eps : -5.45e-07   step: 3.05e-03    0.06
         res : 2.55e-05   lamb: 1.00e+00   eps : -5.47e-07   step: 3.12e-03    0.06
         res : 9.50e-06   lamb: 1.00e+00   eps : -5.47e-07   step: 3.13e-03    0.06
         res : 4.65e-06   lamb: 1.00e+00   eps : -5.47e-07   step: 3.12e-03    0.06
         res : 2.84e-06   lamb: 1.00e+00   eps : -5.47e-07   step: 3.13e-03    0.06
         res : 1.58e-06   lamb: 1.00e+00   eps : -5.47e-07   step: 3.13e-03    0.06
         res : 7.47e-07   lamb: 1.00e+00   eps : -5.47e-07   step: 3.13e-03    0.06
         res : 3.60e-07   lamb: 1.00e+00   eps : -5.47e-07   step: 3.13e-03    0.06
         res : 1.60e-07   lamb: 1.00e+00   eps : -5.47e-07   step: 3.13e-03    0.06

      4  0      -386.77670202     2.58e-06     18.79
      4  1      -386.66687822     0.00e+00     18.79

         res : 1.64e-04   lamb: 1.00e+00   eps : -8.95e-08   step: 1.02e-03    0.06
         res : 8.37e-05   lamb: 1.00e+00   eps : -1.01e-07   step: 1.26e-03    0.06
         res : 3.29e-05   lamb: 1.00e+00   eps : -1.04e-07   step: 1.37e-03    0.06
         res : 1.24e-05   lamb: 1.00e+00   eps : -1.04e-07   step: 1.40e-03    0.06
         res : 4.64e-06   lamb: 1.00e+00   eps : -1.04e-07   step: 1.40e-03    0.06
         res : 2.31e-06   lamb: 1.00e+00   eps : -1.04e-07   step: 1.40e-03    0.06
         res : 1.39e-06   lamb: 1.00e+00   eps : -1.04e-07   step: 1.40e-03    0.06
         res : 7.50e-07   lamb: 1.00e+00   eps : -1.04e-07   step: 1.40e-03    0.06
         res : 3.46e-07   lamb: 1.00e+00   eps : -1.04e-07   step: 1.40e-03    0.06
         res : 1.56e-07   lamb: 1.00e+00   eps : -1.04e-07   step: 1.40e-03    0.06
         res : 6.72e-08   lamb: 1.00e+00   eps : -1.04e-07   step: 1.40e-03    0.06

      5  0      -386.77669650     1.34e-06     18.73
      5  1      -386.66688389     0.00e+00     18.73

         res : 9.31e-05   lamb: 1.00e+00   eps : -2.04e-08   step: 4.76e-04    0.06
         res : 4.03e-05   lamb: 1.00e+00   eps : -2.32e-08   step: 6.03e-04    0.06
         res : 1.66e-05   lamb: 1.00e+00   eps : -2.39e-08   step: 6.53e-04    0.06
         res : 6.05e-06   lamb: 1.00e+00   eps : -2.40e-08   step: 6.70e-04    0.06
         res : 2.09e-06   lamb: 1.00e+00   eps : -2.40e-08   step: 6.72e-04    0.06
         res : 1.06e-06   lamb: 1.00e+00   eps : -2.40e-08   step: 6.71e-04    0.06
         res : 6.67e-07   lamb: 1.00e+00   eps : -2.40e-08   step: 6.71e-04    0.06
         res : 3.58e-07   lamb: 1.00e+00   eps : -2.40e-08   step: 6.71e-04    0.06
         res : 1.53e-07   lamb: 1.00e+00   eps : -2.40e-08   step: 6.71e-04    0.06
         res : 6.43e-08   lamb: 1.00e+00   eps : -2.40e-08   step: 6.71e-04    0.06

      6  0      -386.77669317     7.55e-07     18.62
      6  1      -386.66688726     0.00e+00     18.62

         res : 5.41e-05   lamb: 1.00e+00   eps : -5.15e-09   step: 2.27e-04    0.06
         res : 1.89e-05   lamb: 1.00e+00   eps : -5.98e-09   step: 3.01e-04    0.06
         res : 8.29e-06   lamb: 1.00e+00   eps : -6.18e-09   step: 3.27e-04    0.06
         res : 3.07e-06   lamb: 1.00e+00   eps : -6.21e-09   step: 3.35e-04    0.06
         res : 1.06e-06   lamb: 1.00e+00   eps : -6.21e-09   step: 3.36e-04    0.06
         res : 5.49e-07   lamb: 1.00e+00   eps : -6.21e-09   step: 3.36e-04    0.06
         res : 3.54e-07   lamb: 1.00e+00   eps : -6.21e-09   step: 3.36e-04    0.06
         res : 1.96e-07   lamb: 1.00e+00   eps : -6.21e-09   step: 3.36e-04    0.06
         res : 8.33e-08   lamb: 1.00e+00   eps : -6.21e-09   step: 3.36e-04    0.06
         res : 3.47e-08   lamb: 1.00e+00   eps : -6.21e-09   step: 3.36e-04    0.06
         res : 1.43e-08   lamb: 1.00e+00   eps : -6.21e-09   step: 3.36e-04    0.06

      7  0      -386.77669126     4.31e-07     18.70
      7  1      -386.66688918     0.00e+00     18.70

         res : 3.01e-05   lamb: 1.00e+00   eps : -1.39e-09   step: 1.12e-04    0.06
         res : 9.22e-06   lamb: 1.00e+00   eps : -1.64e-09   step: 1.55e-04    0.06
         res : 4.24e-06   lamb: 1.00e+00   eps : -1.69e-09   step: 1.68e-04    0.06
         res : 1.63e-06   lamb: 1.00e+00   eps : -1.70e-09   step: 1.73e-04    0.06
         res : 5.72e-07   lamb: 1.00e+00   eps : -1.70e-09   step: 1.73e-04    0.06
         res : 2.99e-07   lamb: 1.00e+00   eps : -1.70e-09   step: 1.73e-04    0.06
         res : 1.92e-07   lamb: 1.00e+00   eps : -1.70e-09   step: 1.73e-04    0.06
         res : 1.06e-07   lamb: 1.00e+00   eps : -1.70e-09   step: 1.73e-04    0.06
         res : 4.41e-08   lamb: 1.00e+00   eps : -1.70e-09   step: 1.73e-04    0.06
         res : 1.77e-08   lamb: 1.00e+00   eps : -1.70e-09   step: 1.73e-04    0.06
         res : 7.29e-09   lamb: 1.00e+00   eps : -1.70e-09   step: 1.73e-04    0.06

      8  0      -386.77669020     2.43e-07     18.62
      8  1      -386.66689024     0.00e+00     18.62

         res : 1.63e-05   lamb: 1.00e+00   eps : -3.87e-10   step: 5.68e-05    0.07
         res : 4.69e-06   lamb: 1.00e+00   eps : -4.63e-10   step: 8.17e-05    0.06
         res : 2.22e-06   lamb: 1.00e+00   eps : -4.78e-10   step: 8.83e-05    0.06
         res : 8.80e-07   lamb: 1.00e+00   eps : -4.80e-10   step: 9.05e-05    0.06
         res : 3.10e-07   lamb: 1.00e+00   eps : -4.81e-10   step: 9.09e-05    0.06
         res : 1.62e-07   lamb: 1.00e+00   eps : -4.81e-10   step: 9.08e-05    0.06
         res : 1.03e-07   lamb: 1.00e+00   eps : -4.81e-10   step: 9.08e-05    0.06
         res : 5.64e-08   lamb: 1.00e+00   eps : -4.81e-10   step: 9.08e-05    0.06
         res : 2.33e-08   lamb: 1.00e+00   eps : -4.81e-10   step: 9.08e-05    0.06
         res : 9.16e-09   lamb: 1.00e+00   eps : -4.81e-10   step: 9.08e-05    0.06
         res : 3.76e-09   lamb: 1.00e+00   eps : -4.81e-10   step: 9.08e-05    0.06

      9  0      -386.77668962     1.35e-07     19.16
      9  1      -386.66689082     0.00e+00     19.16

         res : 8.80e-06   lamb: 1.00e+00   eps : -1.10e-10   step: 2.94e-05    0.06
         res : 2.45e-06   lamb: 1.00e+00   eps : -1.33e-10   step: 4.34e-05    0.06
         res : 1.17e-06   lamb: 1.00e+00   eps : -1.37e-10   step: 4.68e-05    0.06
         res : 4.77e-07   lamb: 1.00e+00   eps : -1.38e-10   step: 4.80e-05    0.06
         res : 1.67e-07   lamb: 1.00e+00   eps : -1.38e-10   step: 4.82e-05    0.06
         res : 8.73e-08   lamb: 1.00e+00   eps : -1.38e-10   step: 4.82e-05    0.06
         res : 5.55e-08   lamb: 1.00e+00   eps : -1.38e-10   step: 4.82e-05    0.06
         res : 3.03e-08   lamb: 1.00e+00   eps : -1.38e-10   step: 4.82e-05    0.06
         res : 1.24e-08   lamb: 1.00e+00   eps : -1.38e-10   step: 4.82e-05    0.06
         res : 4.80e-09   lamb: 1.00e+00   eps : -1.38e-10   step: 4.82e-05    0.06

     10  0      -386.77668930     7.46e-08     18.85
     10  1      -386.66689114     0.00e+00     18.85

         res : 4.74e-06   lamb: 1.00e+00   eps : -3.16e-11   step: 1.55e-05    0.06
         res : 1.30e-06   lamb: 1.00e+00   eps : -3.83e-11   step: 2.32e-05    0.06
         res : 6.24e-07   lamb: 1.00e+00   eps : -3.96e-11   step: 2.50e-05    0.06
         res : 2.59e-07   lamb: 1.00e+00   eps : -3.97e-11   step: 2.57e-05    0.06
         res : 9.02e-08   lamb: 1.00e+00   eps : -3.98e-11   step: 2.58e-05    0.06
         res : 4.72e-08   lamb: 1.00e+00   eps : -3.98e-11   step: 2.58e-05    0.06
         res : 3.00e-08   lamb: 1.00e+00   eps : -3.98e-11   step: 2.58e-05    0.06
         res : 1.63e-08   lamb: 1.00e+00   eps : -3.98e-11   step: 2.58e-05    0.06
         res : 6.61e-09   lamb: 1.00e+00   eps : -3.98e-11   step: 2.58e-05    0.06
         res : 2.54e-09   lamb: 1.00e+00   eps : -3.98e-11   step: 2.58e-05    0.06

     11  0      -386.77668913     4.09e-08     18.79
     11  1      -386.66689132     0.00e+00     18.79

         res : 2.55e-06   lamb: 1.00e+00   eps : -9.12e-12   step: 8.21e-06    0.06
         res : 6.93e-07   lamb: 1.00e+00   eps : -1.11e-11   step: 1.25e-05    0.06
         res : 3.35e-07   lamb: 1.00e+00   eps : -1.15e-11   step: 1.35e-05    0.06
         res : 1.41e-07   lamb: 1.00e+00   eps : -1.15e-11   step: 1.38e-05    0.06
         res : 4.87e-08   lamb: 1.00e+00   eps : -1.15e-11   step: 1.39e-05    0.06
         res : 2.55e-08   lamb: 1.00e+00   eps : -1.15e-11   step: 1.38e-05    0.06
         res : 1.62e-08   lamb: 1.00e+00   eps : -1.15e-11   step: 1.38e-05    0.06
         res : 8.80e-09   lamb: 1.00e+00   eps : -1.15e-11   step: 1.38e-05    0.06
         res : 3.54e-09   lamb: 1.00e+00   eps : -1.15e-11   step: 1.38e-05    0.06

     12  0      -386.77668903     2.23e-08     18.63
     12  1      -386.66689141     0.00e+00     18.63

         res : 1.37e-06   lamb: 1.00e+00   eps : -2.64e-12   step: 4.39e-06    0.06
         res : 3.72e-07   lamb: 1.00e+00   eps : -3.23e-12   step: 6.74e-06    0.06
         res : 1.80e-07   lamb: 1.00e+00   eps : -3.34e-12   step: 7.25e-06    0.06
         res : 7.64e-08   lamb: 1.00e+00   eps : -3.35e-12   step: 7.43e-06    0.06
         res : 2.64e-08   lamb: 1.00e+00   eps : -3.35e-12   step: 7.47e-06    0.06
         res : 1.39e-08   lamb: 1.00e+00   eps : -3.35e-12   step: 7.46e-06    0.06
         res : 8.81e-09   lamb: 1.00e+00   eps : -3.35e-12   step: 7.46e-06    0.06
         res : 4.77e-09   lamb: 1.00e+00   eps : -3.35e-12   step: 7.46e-06    0.06

     13  0      -386.77668898     1.21e-08     18.58
     13  1      -386.66689146     0.00e+00     18.58

         res : 7.41e-07   lamb: 1.00e+00   eps : -7.68e-13   step: 2.35e-06    0.06
         res : 2.00e-07   lamb: 1.00e+00   eps : -9.41e-13   step: 3.64e-06    0.06
         res : 9.70e-08   lamb: 1.00e+00   eps : -9.71e-13   step: 3.91e-06    0.06
         res : 4.16e-08   lamb: 1.00e+00   eps : -9.75e-13   step: 4.01e-06    0.06
         res : 1.43e-08   lamb: 1.00e+00   eps : -9.75e-13   step: 4.03e-06    0.06
         res : 7.67e-09   lamb: 1.00e+00   eps : -9.75e-13   step: 4.02e-06    0.06
         res : 4.87e-09   lamb: 1.00e+00   eps : -9.75e-13   step: 4.02e-06    0.06

     14  0      -386.77668895     6.57e-09     18.43
     14  1      -386.66689149     0.00e+00     18.43

    * Second-order optimization converged. *   

    * Integral transformation done. Elapsed time: 0.09

       - jop, kop                                  0.00
       - denom                                     0.02
     guess   0:   closed 111111......         open ............        
     guess   1:   closed 11111.......         open .....11.....        

  === FCI iteration ===

      0  0      -386.63703271     3.73e-04      0.62
      0  1      -386.52390744     3.72e-04      0.00

      1  0      -386.74874841     1.89e-04      0.61
      1  1      -386.63328547     1.93e-04      0.00

      2  0      -386.77122080     9.24e-05      0.60
      2  1      -386.65806015     1.00e-04      0.00

      3  0      -386.77579946     3.97e-05      0.60
      3  1      -386.66408816     5.36e-05      0.00

      4  0      -386.77653761     1.63e-05      0.60
      4  1      -386.66585439     3.13e-05      0.00

      5  0      -386.77665526     7.14e-06      0.61
      5  1      -386.66650461     1.98e-05      0.00

      6  0      -386.77668007     3.57e-06      0.61
      6  1      -386.66674590     1.19e-05      0.00

      7  0      -386.77668636     1.97e-06      0.61
      7  1      -386.66682992     6.87e-06      0.00

      8  0      -386.77668822     1.02e-06      0.61
      8  1      -386.66686252     4.63e-06      0.00

      9  0      -386.77668875     5.49e-07      0.61
      9  1      -386.66687894     3.42e-06      0.00

     10  0      -386.77668890     2.82e-07      0.61
     10  1      -386.66688678     2.21e-06      0.00

     11  0      -386.77668894     1.30e-07      0.62
     11  1      -386.66688983     1.32e-06      0.00

     12  0      -386.77668895     6.14e-08      0.62
     12  1      -386.66689094     7.97e-07      0.00

     13  0      -386.77668895     3.03e-08      0.62
     13  1      -386.66689133     4.64e-07      0.00

     14  0      -386.77668895     1.47e-08      0.61
     14  1      -386.66689144     2.50e-07      0.00

     15  0      -386.77668895     7.17e-09      0.62
     15  1      -386.66689148     1.35e-07      0.00

     16  0      -386.77668895     3.49e-09      0.62
     16  1      -386.66689149     7.85e-08      0.00

     17  0      -386.77668895     1.75e-09      0.62
     17  1      -386.66689149     4.88e-08      0.00

     18  0      -386.77668895     8.89e-10      0.63
     18  1      -386.66689149     2.98e-08      0.00

     19  0      -386.77668895     4.34e-10      0.62
     19  1      -386.66689149     1.71e-08      0.00
    ** throwing out 2 trial vectors **

     20  0      -386.77668895     2.02e-10      0.64
     20  1      -386.66689149     9.25e-09      0.00
    ** throwing out 2 trial vectors **

     21  0 *    -386.77668895     8.90e-11      0.54
     21  1      -386.66689149     4.85e-09      0.00
    ** throwing out 1 trial vectors **

     22  0 *    -386.77668895     7.05e-11      0.33
     22  1      -386.66689149     2.49e-09      0.00
    ** throwing out 1 trial vectors **

     23  0 *    -386.77668895     6.73e-11      0.33
     23  1      -386.66689149     1.30e-09      0.00
    ** throwing out 1 trial vectors **

     24  0 *    -386.77668895     6.66e-11      0.34
     24  1      -386.66689149     7.16e-10      0.00
    ** throwing out 1 trial vectors **

     25  0 *    -386.77668895     6.66e-11      0.33
     25  1      -386.66689149     4.13e-10      0.00
    ** throwing out 1 trial vectors **

     26  0 *    -386.77668895     6.65e-11      0.33
     26  1      -386.66689149     2.34e-10      0.00
    ** throwing out 1 trial vectors **

     27  0 *    -386.77668895     6.66e-11      0.33
     27  1      -386.66689149     1.35e-10      0.00
    ** throwing out 1 trial vectors **

     28  0 *    -386.77668895     6.65e-11      0.24
     28  1 *    -386.66689149     7.97e-11      0.00

     * ci vector   0, <S^2> = 0.0000, E =     -386.77668895
       222222......    -0.8040613105
       22222ab.....    -0.2799277846
       22222ba.....    -0.2799277846
       22222..2....     0.0785787229
       2222.2.2....     0.0737396069
       222.22..2...     0.0675786516
       222a2bb.a...     0.0553705412
       222b2aa.b...     0.0553705412
       22.222...2..     0.0520952979
       22.222.2....     0.0519805687
       22b2a2.a.b..    -0.0509984634
       22a2b2.b.a..    -0.0509984634

     * ci vector   1, <S^2> = -0.0000, E =     -386.66689149
       22222ba.....    -0.5572496809
       22222ab.....    -0.5572496809
       222222......     0.3826670579
       2222baab....     0.0830476206
       2222abba....     0.0830476206
       22222..2....    -0.0777633719
       222b2aa.b...     0.0669089572
       222a2bb.a...     0.0669089572
       2a222b2.....     0.0654885015
       2b222a2.....     0.0654885015
       2222.ba2....     0.0638878442
       2222.ab2....     0.0638878442
       2222aabb....    -0.0610928434
       2222bbaa....    -0.0610928434
       222.2ba.2...     0.0537497394
       222.2ab.2...     0.0537497394
       2.22222.....    -0.0502238354

    * METHOD: CASSCF                             297.55


    * METHOD: PRINT                                0.07


    * METHOD: SAVE_REF                             0.18

  === SMITH program ===

    * freezing 10 orbitals
    * SS-SR internal contraction is used

    * Approximate memory requirement for SMITH calculation per MPI process:
      o Storage requirement for T-amplitude, lambda, and residual is 0.43 GB
      o Storage requirement for MO integrals is 0.03 GB
       - MO integral evaluation                    0.70

  ++ State-averaged Fock matrix over basis states ++

                         0                   1
     0       -4.6063607818        0.0454095110
     1        0.0454095110       -4.4256133424


  ++ Extended multi-state CASPT2 (XMS-CASPT2) rotation matrix ++

                         0                   1
     0       -0.9730223268       -0.2307109697
     1        0.2307109697       -0.9730223268


     * ci vector, state   0, <S^2> = -0.0000
       222222......     0.8706550952
       22222ab.....     0.1438123701
       22222ba.....     0.1438123701
       22222..2....    -0.0943997148
       2222.2.2....    -0.0753371047
       222.22..2...    -0.0712079793
       22.222.2....    -0.0556884633
       22.222...2..    -0.0556839167
       22b2a2.a.b..     0.0540448666
       22a2b2.b.a..     0.0540448666
       22222...2...    -0.0526689968
       2.22222.....    -0.0511555471
       22222a.b....     0.0501454332
       22222b.a....     0.0501454332

     * ci vector, state   1, <S^2> = 0.0000
       22222ba.....     0.6067987918
       22222ab.....     0.6067987918
       222222......    -0.1868378264
       2222baab....    -0.0892811375
       2222abba....    -0.0892811375
       222b2aa.b...    -0.0778785005
       222a2bb.a...    -0.0778785005
       2a222b2.....    -0.0699252276
       2b222a2.....    -0.0699252276
       2222.ba2....    -0.0694208148
       2222.ab2....    -0.0694208148
       2222aabb....     0.0619922909
       2222bbaa....     0.0619922909
       222.2ba.2...    -0.0589531111
       222.2ab.2...    -0.0589531111
       22222..2....     0.0575365237
       22222.ab....    -0.0505799316
       22222.ba....    -0.0505799316

  ++ Reference energies in XMS basis ++

                         0                   1
     0     -386.7708447015       -0.0246480938
     1       -0.0246480938     -386.6727357425

    * Calculating and saving rdm4f

    * Third and Fock-weighted fourth order RDM ( 1, 1) evaluation
      will be done with 40 passes
       - RDM evaluation (multipassing)            35.89
    * Third and Fock-weighted fourth order RDM ( 2, 1) evaluation
      will be done with 40 passes
       - RDM evaluation (multipassing)            58.10
    * Third and Fock-weighted fourth order RDM ( 1, 2) evaluation
      will be done with 40 passes
       - RDM evaluation (multipassing)            58.66
    * Third and Fock-weighted fourth order RDM ( 2, 2) evaluation
      will be done with 40 passes
       - RDM evaluation (multipassing)            35.69
    - linear dependency detected:    1 /  288    min eigenvalue:    -8.4995e-14    max eigenvalue:    -8.4995e-14
    - linear dependency detected:    1 /  288    min eigenvalue:    -1.3619e-14    max eigenvalue:    -1.3619e-14
    - linear dependency detected:   12 / 1728    min eigenvalue:    -2.4602e-13    max eigenvalue:     6.7721e-14
    - linear dependency detected:   12 / 1728    min eigenvalue:    -5.6065e-14    max eigenvalue:     4.8694e-14
    - linear dependency detected:   12 / 1728    min eigenvalue:    -4.1179e-15    max eigenvalue:     3.5409e-15
    - linear dependency detected:   12 / 1728    min eigenvalue:    -3.0736e-15    max eigenvalue:     1.7047e-15
       - RDM + denominator evaluation            222.74

    * Zeroth order energy : state  0       -4.6171277211
    * Zeroth order energy : state  1       -4.4148464031

    * CASPT2 iteration is performed using redundant basis

      ---- iteration ----

        0    -1.04633209     0.00213282      5.91
        1    -1.04855402     0.00023307      6.07
        2    -1.04858199     0.00002886      6.04
        3    -1.04858245     0.00000432      6.02
        4    -1.04858246     0.00000061      6.02

        0    -1.06415066     0.00208464      7.50
        1    -1.06644784     0.00022925      6.06
        2    -1.06647801     0.00002881      5.96
        3    -1.06647852     0.00000431      5.99
        4    -1.06647853     0.00000061      6.02

      -------------------

       - CASPT2 energy evaluation                 63.12

    * CASPT2 energy : state  0     -387.9759730899
        w/o shift correction       -387.8194271657
        reference weight              0.7615613494

    * CASPT2 energy : state  1     -387.9019234610
        w/o shift correction       -387.7392142748
        reference weight              0.7544787524


    * MS-CASPT2 Heff
           -387.9759730899       -0.0194989815
             -0.0194989815     -387.9019234610


    * MS-CASPT2 rotation matrix
             -0.9707722872        0.2400024300
             -0.2400024300       -0.9707722872


    * XMS-CASPT2 rotation matrix
              0.9999543030       -0.0095599072
              0.0095599072        0.9999543030

    * MS-CASPT2 energy : state  0     -387.9807937909
    * MS-CASPT2 energy : state  1     -387.8971027600



    * METHOD: SMITH                              296.05


  
  ===============================================================

