    * Using parallel algorithm in FCI.
    * Parallel algorithm will be used.
  ---------------------------
        FCI calculation      
  ---------------------------

 Constructing space of all determinants that can formed by removing 1 electron from 6 alpha and 6 beta electrons.

 Space is made up of 4 determinants.
  o forming links
    * Integral transformation done. Elapsed time: 0.09

       - jop, kop                                  0.00
       - denom                                     0.02
     guess   0:   closed 111111......         open ............        
     guess   1:   closed 11111.......         open .....11.....        

  === FCI iteration ===

      0  0      -386.61869093     3.74e-04      0.60
      0  1      -386.50498628     3.72e-04      0.00

      1  0      -386.73060058     1.88e-04      0.60
      1  1      -386.61505883     1.92e-04      0.00

      2  0      -386.75274093     9.14e-05      0.61
      2  1      -386.63978526     9.97e-05      0.00

      3  0      -386.75721320     3.90e-05      0.60
      3  1      -386.64581333     5.32e-05      0.00

      4  0      -386.75792641     1.58e-05      0.61
      4  1      -386.64757096     3.13e-05      0.00

      5  0      -386.75803818     6.96e-06      0.61
      5  1      -386.64822508     1.98e-05      0.00

      6  0      -386.75806216     3.52e-06      0.61
      6  1      -386.64846681     1.18e-05      0.00

      7  0      -386.75806842     1.96e-06      0.61
      7  1      -386.64854837     6.71e-06      0.00

      8  0      -386.75807029     1.03e-06      0.62
      8  1      -386.64857886     4.43e-06      0.00

      9  0      -386.75807081     5.47e-07      0.62
      9  1      -386.64859331     3.17e-06      0.00

     10  0      -386.75807096     2.73e-07      0.62
     10  1      -386.64860006     2.06e-06      0.00

     11  0      -386.75807099     1.22e-07      0.62
     11  1      -386.64860277     1.27e-06      0.00

     12  0      -386.75807100     5.65e-08      0.62
     12  1      -386.64860381     7.78e-07      0.00

     13  0      -386.75807100     2.80e-08      0.62
     13  1      -386.64860418     4.56e-07      0.00

     14  0      -386.75807100     1.35e-08      0.62
     14  1      -386.64860429     2.47e-07      0.00

     15  0      -386.75807100     6.64e-09      0.63
     15  1      -386.64860432     1.34e-07      0.00

     16  0      -386.75807100     3.29e-09      0.63
     16  1      -386.64860433     7.74e-08      0.00

     17  0      -386.75807100     1.62e-09      0.63
     17  1      -386.64860434     4.82e-08      0.00

     18  0      -386.75807100     8.06e-10      0.63
     18  1      -386.64860434     2.93e-08      0.00

     19  0      -386.75807100     3.92e-10      0.63
     19  1      -386.64860434     1.68e-08      0.00
    ** throwing out 2 trial vectors **

     20  0      -386.75807100     1.82e-10      0.64
     20  1      -386.64860434     8.98e-09      0.00
    ** throwing out 2 trial vectors **

     21  0 *    -386.75807100     7.95e-11      0.54
     21  1      -386.64860434     4.69e-09      0.00
    ** throwing out 1 trial vectors **

     22  0 *    -386.75807100     6.01e-11      0.33
     22  1      -386.64860434     2.46e-09      0.00
    ** throwing out 1 trial vectors **

     23  0 *    -386.75807100     5.64e-11      0.34
     23  1      -386.64860434     1.34e-09      0.00
    ** throwing out 1 trial vectors **

     24  0 *    -386.75807100     5.58e-11      0.33
     24  1      -386.64860434     7.72e-10      0.00
    ** throwing out 1 trial vectors **

     25  0 *    -386.75807100     5.57e-11      0.33
     25  1      -386.64860434     4.60e-10      0.00
    ** throwing out 1 trial vectors **

     26  0 *    -386.75807100     5.57e-11      0.33
     26  1      -386.64860434     2.66e-10      0.00
    ** throwing out 1 trial vectors **

     27  0 *    -386.75807100     5.57e-11      0.34
     27  1      -386.64860434     1.54e-10      0.00
    ** throwing out 1 trial vectors **

     28  0 *    -386.75807100     5.57e-11      0.23
     28  1 *    -386.64860434     8.65e-11      0.00

     * ci vector   0, <S^2> = 0.0000, E =     -386.75807100
       222222......    -0.7888384668
       22222ba.....     0.3031832790
       22222ab.....     0.3031832790
       2222.2.2....     0.0766423624
       22222..2....     0.0752441325
       222.22..2...     0.0671504321
       222a2bb.a...    -0.0575170360
       222b2aa.b...    -0.0575170360
       22b2a2.a.b..     0.0530742369
       22a2b2.b.a..     0.0530742369
       22.222...2..     0.0527804831
       22.222.2....     0.0521324817

     * ci vector   1, <S^2> = -0.0000, E =     -386.64860434
       22222ba.....     0.5450808161
       22222ab.....     0.5450808161
       222222......     0.4126598326
       2222baab....    -0.0832450845
       2222abba....    -0.0832450845
       22222..2....    -0.0778178481
       2a222b2.....    -0.0708465995
       2b222a2.....    -0.0708465995
       222b2aa.b...    -0.0674969940
       222a2bb.a...    -0.0674969940
       2222.ba2....    -0.0653826231
       2222.ab2....    -0.0653826231
       2222bbaa....     0.0629879732
       2222aabb....     0.0629879732
       2.22222.....    -0.0569442072
       222.2ba.2...    -0.0540170525
       222.2ab.2...    -0.0540170525
       - FCI and RDMs                             17.31
    * Integral transformation done. Elapsed time: 0.08

       - jop, kop                                  0.00
       - denom                                     0.02
     guess   0:   closed 111111......         open ............        
     guess   1:   closed 11111.......         open .....11.....        

  === FCI iteration ===

      0  0      -386.63721854     3.74e-04      0.60
      0  1      -386.52383856     3.72e-04      0.00

      1  0      -386.74897633     1.88e-04      0.60
      1  1      -386.63333882     1.92e-04      0.00

      2  0      -386.77126551     9.19e-05      0.61
      2  1      -386.65802027     9.98e-05      0.00

      3  0      -386.77578186     3.94e-05      0.61
      3  1      -386.66402892     5.34e-05      0.00

      4  0      -386.77650768     1.61e-05      0.61
      4  1      -386.66579203     3.13e-05      0.00

      5  0      -386.77662305     7.08e-06      0.61
      5  1      -386.66644646     1.98e-05      0.00

      6  0      -386.77664767     3.56e-06      0.61
      6  1      -386.66668925     1.19e-05      0.00

      7  0      -386.77665399     1.97e-06      0.61
      7  1      -386.66677309     6.85e-06      0.00

      8  0      -386.77665586     1.03e-06      0.61
      8  1      -386.66680548     4.61e-06      0.00

      9  0      -386.77665638     5.51e-07      0.61
      9  1      -386.66682153     3.36e-06      0.00

     10  0      -386.77665654     2.80e-07      0.62
     10  1      -386.66682913     2.17e-06      0.00

     11  0      -386.77665658     1.27e-07      0.62
     11  1      -386.66683211     1.32e-06      0.00

     12  0      -386.77665658     5.95e-08      0.62
     12  1      -386.66683322     7.95e-07      0.00

     13  0      -386.77665658     2.94e-08      0.62
     13  1      -386.66683360     4.61e-07      0.00

     14  0      -386.77665658     1.42e-08      0.62
     14  1      -386.66683372     2.48e-07      0.00

     15  0      -386.77665658     6.92e-09      0.63
     15  1      -386.66683375     1.34e-07      0.00

     16  0      -386.77665658     3.39e-09      0.63
     16  1      -386.66683376     7.75e-08      0.00

     17  0      -386.77665658     1.69e-09      0.62
     17  1      -386.66683376     4.78e-08      0.00

     18  0      -386.77665658     8.50e-10      0.63
     18  1      -386.66683377     2.89e-08      0.00

     19  0      -386.77665658     4.15e-10      0.63
     19  1      -386.66683377     1.65e-08      0.00
    ** throwing out 2 trial vectors **

     20  0      -386.77665658     1.92e-10      0.64
     20  1      -386.66683377     8.89e-09      0.00
    ** throwing out 2 trial vectors **

     21  0 *    -386.77665658     8.39e-11      0.54
     21  1      -386.66683377     4.65e-09      0.00
    ** throwing out 1 trial vectors **

     22  0 *    -386.77665658     6.62e-11      0.33
     22  1      -386.66683377     2.40e-09      0.00
    ** throwing out 1 trial vectors **

     23  0 *    -386.77665658     6.30e-11      0.34
     23  1      -386.66683377     1.28e-09      0.00
    ** throwing out 1 trial vectors **

     24  0 *    -386.77665658     6.24e-11      0.33
     24  1      -386.66683377     7.15e-10      0.00
    ** throwing out 1 trial vectors **

     25  0 *    -386.77665658     6.24e-11      0.34
     25  1      -386.66683377     4.16e-10      0.00
    ** throwing out 1 trial vectors **

     26  0 *    -386.77665658     6.24e-11      0.33
     26  1      -386.66683377     2.38e-10      0.00
    ** throwing out 1 trial vectors **

     27  0 *    -386.77665658     6.24e-11      0.33
     27  1      -386.66683377     1.38e-10      0.00
    ** throwing out 1 trial vectors **

     28  0 *    -386.77665658     6.24e-11      0.24
     28  1 *    -386.66683377     8.05e-11      0.00

     * ci vector   0, <S^2> = -0.0000, E =     -386.77665658
       222222......    -0.7994536032
       22222ba.....     0.2877721589
       22222ab.....     0.2877721589
       22222..2....     0.0768653269
       2222.2.2....     0.0752875412
       222.22..2...     0.0675554205
       222b2aa.b...     0.0564036923
       222a2bb.a...     0.0564036923
       22.222...2..     0.0526787820
       22.222.2....     0.0523696807
       22a2b2.b.a..     0.0521725248
       22b2a2.a.b..     0.0521725248

     * ci vector   1, <S^2> = -0.0000, E =     -386.66683377
       22222ba.....    -0.5533334272
       22222ab.....    -0.5533334270
       222222......    -0.3930159930
       2222baab....    -0.0831355613
       2222abba....    -0.0831355613
       22222..2....     0.0774676080
       2a222b2.....     0.0679627426
       2b222a2.....     0.0679627426
       222b2aa.b...    -0.0671008554
       222a2bb.a...    -0.0671008554
       2222.ba2....     0.0646776443
       2222.ab2....     0.0646776443
       2222bbaa....     0.0617282463
       2222aabb....     0.0617282463
       222.2ba.2...     0.0539892985
       222.2ab.2...     0.0539892985
       2.22222.....     0.0532944417
       - FCI and RDMs                             17.29
    * Integral transformation done. Elapsed time: 0.08

       - jop, kop                                  0.00
       - denom                                     0.02
     guess   0:   closed 111111......         open ............        
     guess   1:   closed 11111.......         open .....11.....        

  === FCI iteration ===

      0  0      -386.63716329     3.73e-04      0.59
      0  1      -386.52393599     3.72e-04      0.00

      1  0      -386.74887707     1.89e-04      0.60
      1  1      -386.63332970     1.93e-04      0.00

      2  0      -386.77127520     9.21e-05      0.62
      2  1      -386.65804954     9.98e-05      0.00

      3  0      -386.77582952     3.95e-05      0.63
      3  1      -386.66406298     5.35e-05      0.00

      4  0      -386.77656236     1.62e-05      0.63
      4  1      -386.66582473     3.13e-05      0.00

      5  0      -386.77667887     7.11e-06      0.63
      5  1      -386.66647590     1.98e-05      0.00

      6  0      -386.77670352     3.56e-06      0.62
      6  1      -386.66671718     1.19e-05      0.00

      7  0      -386.77670979     1.96e-06      0.63
      7  1      -386.66680081     6.84e-06      0.00

      8  0      -386.77671164     1.02e-06      0.62
      8  1      -386.66683318     4.61e-06      0.00

      9  0      -386.77671216     5.48e-07      0.63
      9  1      -386.66684937     3.39e-06      0.00

     10  0      -386.77671232     2.81e-07      0.63
     10  1      -386.66685709     2.19e-06      0.00

     11  0      -386.77671235     1.28e-07      0.63
     11  1      -386.66686010     1.32e-06      0.00

     12  0      -386.77671236     6.04e-08      0.63
     12  1      -386.66686121     7.95e-07      0.00

     13  0      -386.77671236     2.98e-08      0.63
     13  1      -386.66686159     4.63e-07      0.00

     14  0      -386.77671236     1.44e-08      0.63
     14  1      -386.66686171     2.50e-07      0.00

     15  0      -386.77671236     7.03e-09      0.63
     15  1      -386.66686174     1.35e-07      0.00

     16  0      -386.77671236     3.43e-09      0.63
     16  1      -386.66686175     7.84e-08      0.00

     17  0      -386.77671236     1.72e-09      0.63
     17  1      -386.66686176     4.85e-08      0.00

     18  0      -386.77671236     8.68e-10      0.63
     18  1      -386.66686176     2.94e-08      0.00

     19  0      -386.77671236     4.24e-10      0.64
     19  1      -386.66686176     1.69e-08      0.00
    ** throwing out 2 trial vectors **

     20  0      -386.77671236     1.97e-10      0.65
     20  1      -386.66686176     9.12e-09      0.00
    ** throwing out 2 trial vectors **

     21  0 *    -386.77671236     8.64e-11      0.54
     21  1      -386.66686176     4.78e-09      0.00
    ** throwing out 1 trial vectors **

     22  0 *    -386.77671236     6.83e-11      0.34
     22  1      -386.66686176     2.46e-09      0.00
    ** throwing out 1 trial vectors **

     23  0 *    -386.77671236     6.51e-11      0.34
     23  1      -386.66686176     1.29e-09      0.00
    ** throwing out 1 trial vectors **

     24  0 *    -386.77671236     6.44e-11      0.34
     24  1      -386.66686176     7.18e-10      0.00
    ** throwing out 1 trial vectors **

     25  0 *    -386.77671236     6.44e-11      0.34
     25  1      -386.66686176     4.15e-10      0.00
    ** throwing out 1 trial vectors **

     26  0 *    -386.77671236     6.44e-11      0.34
     26  1      -386.66686176     2.36e-10      0.00
    ** throwing out 1 trial vectors **

     27  0 *    -386.77671236     6.44e-11      0.34
     27  1      -386.66686176     1.37e-10      0.00
    ** throwing out 1 trial vectors **

     28  0 *    -386.77671236     6.44e-11      0.24
     28  1 *    -386.66686176     8.08e-11      0.00

     * ci vector   0, <S^2> = 0.0000, E =     -386.77671236
       222222......     0.8024344386
       22222ba.....    -0.2827616504
       22222ab.....    -0.2827616504
       22222..2....    -0.0777114263
       2222.2.2....    -0.0745232964
       222.22..2...    -0.0676222637
       222a2bb.a...    -0.0557969733
       222b2aa.b...    -0.0557969733
       22.222...2..    -0.0525452367
       22.222.2....    -0.0521733758
       22b2a2.a.b..    -0.0516316986
       22a2b2.b.a..    -0.0516316986

     * ci vector   1, <S^2> = 0.0000, E =     -386.66686176
       22222ba.....    -0.5559168852
       22222ab.....    -0.5559168852
       222222......    -0.3862589823
       2222baab....     0.0830625879
       2222abba....     0.0830625879
       22222..2....     0.0774496400
       222b2aa.b...    -0.0670156807
       222a2bb.a...    -0.0670156807
       2a222b2.....     0.0663911176
       2b222a2.....     0.0663911176
       2222.ba2....     0.0642917865
       2222.ab2....     0.0642917865
       2222bbaa....    -0.0612683780
       2222aabb....    -0.0612683780
       222.2ba.2...     0.0538887228
       222.2ab.2...     0.0538887228
       2.22222.....     0.0515493311
       - FCI and RDMs                             17.58
    * Integral transformation done. Elapsed time: 0.08

       - jop, kop                                  0.00
       - denom                                     0.02
     guess   0:   closed 111111......         open ............        
     guess   1:   closed 11111.......         open .....11.....        

  === FCI iteration ===

      0  0      -386.63709308     3.73e-04      0.61
      0  1      -386.52393827     3.72e-04      0.00

      1  0      -386.74880722     1.89e-04      0.61
      1  1      -386.63330749     1.93e-04      0.00

      2  0      -386.77125301     9.23e-05      0.61
      2  1      -386.65805076     9.99e-05      0.00

      3  0      -386.77582286     3.96e-05      0.61
      3  1      -386.66406967     5.35e-05      0.00

      4  0      -386.77655892     1.62e-05      0.61
      4  1      -386.66583294     3.13e-05      0.00

      5  0      -386.77667610     7.13e-06      0.61
      5  1      -386.66648322     1.98e-05      0.00

      6  0      -386.77670085     3.57e-06      0.61
      6  1      -386.66672443     1.19e-05      0.00

      7  0      -386.77670712     1.96e-06      0.61
      7  1      -386.66680833     6.86e-06      0.00

      8  0      -386.77670898     1.02e-06      0.62
      8  1      -386.66684089     4.63e-06      0.00

      9  0      -386.77670950     5.49e-07      0.62
      9  1      -386.66685725     3.41e-06      0.00

     10  0      -386.77670966     2.82e-07      0.62
     10  1      -386.66686505     2.20e-06      0.00

     11  0      -386.77670970     1.29e-07      0.62
     11  1      -386.66686809     1.32e-06      0.00

     12  0      -386.77670970     6.10e-08      0.62
     12  1      -386.66686921     7.96e-07      0.00

     13  0      -386.77670971     3.01e-08      0.62
     13  1      -386.66686959     4.64e-07      0.00

     14  0      -386.77670971     1.46e-08      0.63
     14  1      -386.66686971     2.50e-07      0.00

     15  0      -386.77670971     7.11e-09      0.63
     15  1      -386.66686974     1.36e-07      0.00

     16  0      -386.77670971     3.46e-09      0.63
     16  1      -386.66686975     7.86e-08      0.00

     17  0      -386.77670971     1.74e-09      0.63
     17  1      -386.66686975     4.88e-08      0.00

     18  0      -386.77670971     8.80e-10      0.63
     18  1      -386.66686975     2.97e-08      0.00

     19  0      -386.77670971     4.30e-10      0.64
     19  1      -386.66686976     1.71e-08      0.00
    ** throwing out 2 trial vectors **

     20  0      -386.77670971     2.00e-10      0.64
     20  1      -386.66686976     9.22e-09      0.00
    ** throwing out 2 trial vectors **

     21  0 *    -386.77670971     8.79e-11      0.54
     21  1      -386.66686976     4.84e-09      0.00
    ** throwing out 1 trial vectors **

     22  0 *    -386.77670971     6.95e-11      0.34
     22  1      -386.66686976     2.49e-09      0.00
    ** throwing out 1 trial vectors **

     23  0 *    -386.77670971     6.63e-11      0.34
     23  1      -386.66686976     1.31e-09      0.00
    ** throwing out 1 trial vectors **

     24  0 *    -386.77670971     6.56e-11      0.34
     24  1      -386.66686976     7.19e-10      0.00
    ** throwing out 1 trial vectors **

     25  0 *    -386.77670971     6.56e-11      0.34
     25  1      -386.66686976     4.15e-10      0.00
    ** throwing out 1 trial vectors **

     26  0 *    -386.77670971     6.55e-11      0.34
     26  1      -386.66686976     2.37e-10      0.00
    ** throwing out 1 trial vectors **

     27  0 *    -386.77670971     6.56e-11      0.34
     27  1      -386.66686976     1.37e-10      0.00
    ** throwing out 1 trial vectors **

     28  0 *    -386.77670971     6.55e-11      0.24
     28  1 *    -386.66686976     8.05e-11      0.00

     * ci vector   0, <S^2> = -0.0000, E =     -386.77670971
       222222......    -0.8034634673
       22222ab.....     0.2809656626
       22222ba.....     0.2809656626
       22222..2....     0.0781715842
       2222.2.2....     0.0741087615
       222.22..2...     0.0675921738
       222a2bb.a...     0.0555393771
       222b2aa.b...     0.0555393771
       22.222...2..     0.0523060843
       22.222.2....     0.0520751134
       22b2a2.a.b..     0.0512970957
       22a2b2.b.a..     0.0512970957

     * ci vector   1, <S^2> = -0.0000, E =     -386.66686976
       22222ab.....    -0.5567978960
       22222ba.....    -0.5567978959
       222222......    -0.3839619145
       2222abba....    -0.0830652947
       2222baab....    -0.0830652947
       22222..2....     0.0775730938
       222a2bb.a...    -0.0669566801
       222b2aa.b...    -0.0669566801
       2b222a2.....     0.0657230980
       2a222b2.....     0.0657230979
       2222.ab2....     0.0640781194
       2222.ba2....     0.0640781193
       2222aabb....     0.0611840441
       2222bbaa....     0.0611840441
       222.2ab.2...     0.0538047483
       222.2ba.2...     0.0538047483
       2.22222.....     0.0507085087
       - FCI and RDMs                             17.46
    * Integral transformation done. Elapsed time: 0.08

       - jop, kop                                  0.00
       - denom                                     0.02
     guess   0:   closed 111111......         open ............        
     guess   1:   closed 11111.......         open .....11.....        

  === FCI iteration ===

      0  0      -386.63706316     3.73e-04      0.60
      0  1      -386.52392616     3.72e-04      0.00

      1  0      -386.74877789     1.89e-04      0.61
      1  1      -386.63329470     1.93e-04      0.00

      2  0      -386.77123900     9.23e-05      0.61
      2  1      -386.65805289     1.00e-04      0.00

      3  0      -386.77581380     3.97e-05      0.61
      3  1      -386.66407637     5.36e-05      0.00

      4  0      -386.77655096     1.62e-05      0.61
      4  1      -386.66584122     3.13e-05      0.00

      5  0      -386.77666837     7.14e-06      0.61
      5  1      -386.66649143     1.98e-05      0.00

      6  0      -386.77669315     3.57e-06      0.61
      6  1      -386.66673269     1.19e-05      0.00

      7  0      -386.77669944     1.97e-06      0.61
      7  1      -386.66681668     6.87e-06      0.00

      8  0      -386.77670130     1.02e-06      0.62
      8  1      -386.66684928     4.63e-06      0.00

      9  0      -386.77670182     5.49e-07      0.62
      9  1      -386.66686568     3.41e-06      0.00

     10  0      -386.77670198     2.82e-07      0.62
     10  1      -386.66687350     2.21e-06      0.00

     11  0      -386.77670201     1.29e-07      0.62
     11  1      -386.66687655     1.32e-06      0.00

     12  0      -386.77670202     6.12e-08      0.62
     12  1      -386.66687767     7.97e-07      0.00

     13  0      -386.77670202     3.02e-08      0.62
     13  1      -386.66687805     4.64e-07      0.00

     14  0      -386.77670202     1.46e-08      0.62
     14  1      -386.66687817     2.50e-07      0.00

     15  0      -386.77670202     7.15e-09      0.62
     15  1      -386.66687820     1.36e-07      0.00

     16  0      -386.77670202     3.47e-09      0.62
     16  1      -386.66687821     7.86e-08      0.00

     17  0      -386.77670202     1.74e-09      0.63
     17  1      -386.66687822     4.88e-08      0.00

     18  0      -386.77670202     8.85e-10      0.63
     18  1      -386.66687822     2.97e-08      0.00

     19  0      -386.77670202     4.32e-10      0.63
     19  1      -386.66687822     1.71e-08      0.00
    ** throwing out 2 trial vectors **

     20  0      -386.77670202     2.01e-10      0.63
     20  1      -386.66687822     9.25e-09      0.00
    ** throwing out 2 trial vectors **

     21  0 *    -386.77670202     8.85e-11      0.53
     21  1      -386.66687822     4.85e-09      0.00
    ** throwing out 1 trial vectors **

     22  0 *    -386.77670202     7.00e-11      0.33
     22  1      -386.66687822     2.49e-09      0.00
    ** throwing out 1 trial vectors **

     23  0 *    -386.77670202     6.68e-11      0.33
     23  1      -386.66687822     1.31e-09      0.00
    ** throwing out 1 trial vectors **

     24  0 *    -386.77670202     6.61e-11      0.33
     24  1      -386.66687822     7.19e-10      0.00
    ** throwing out 1 trial vectors **

     25  0 *    -386.77670202     6.61e-11      0.33
     25  1      -386.66687822     4.15e-10      0.00
    ** throwing out 1 trial vectors **

     26  0 *    -386.77670202     6.61e-11      0.33
     26  1      -386.66687822     2.36e-10      0.00
    ** throwing out 1 trial vectors **

     27  0 *    -386.77670202     6.61e-11      0.34
     27  1      -386.66687822     1.36e-10      0.00
    ** throwing out 1 trial vectors **

     28  0 *    -386.77670202     6.61e-11      0.24
     28  1 *    -386.66687822     8.02e-11      0.00

     * ci vector   0, <S^2> = -0.0000, E =     -386.77670202
       222222......    -0.8038041125
       22222ab.....     0.2803725136
       22222ba.....     0.2803725136
       22222..2....     0.0783869773
       2222.2.2....     0.0739177385
       222.22..2...     0.0675785082
       222a2bb.a...     0.0554434063
       222b2aa.b...     0.0554434063
       22.222...2..     0.0522015309
       22.222.2....     0.0520232363
       22a2b2.b.a..     0.0511446859
       22b2a2.a.b..     0.0511446859

     * ci vector   1, <S^2> = -0.0000, E =     -386.66687822
       22222ba.....    -0.5570648907
       22222ab.....    -0.5570648907
       222222......    -0.3832213016
       2222baab....    -0.0830608372
       2222abba....    -0.0830608372
       22222..2....     0.0776666748
       222b2aa.b...    -0.0669296784
       222a2bb.a...    -0.0669296784
       2a222b2.....    -0.0655456302
       2b222a2.....    -0.0655456302
       2222.ba2....     0.0639814893
       2222.ab2....     0.0639814893
       2222bbaa....     0.0611455121
       2222aabb....     0.0611455121
       222.2ba.2...     0.0537709366
       222.2ab.2...     0.0537709366
       2.22222.....     0.0504177262
       - FCI and RDMs                             17.32
    * Integral transformation done. Elapsed time: 0.08

       - jop, kop                                  0.00
       - denom                                     0.02
     guess   0:   closed 111111......         open ............        
     guess   1:   closed 11111.......         open .....11.....        

  === FCI iteration ===

      0  0      -386.63704853     3.73e-04      0.60
      0  1      -386.52391773     3.72e-04      0.00

      1  0      -386.74876373     1.89e-04      0.60
      1  1      -386.63328911     1.93e-04      0.00

      2  0      -386.77123087     9.23e-05      0.60
      2  1      -386.65805531     1.00e-04      0.00

      3  0      -386.77580767     3.97e-05      0.61
      3  1      -386.66408117     5.36e-05      0.00

      4  0      -386.77654531     1.62e-05      0.61
      4  1      -386.66584680     3.13e-05      0.00

      5  0      -386.77666283     7.14e-06      0.61
      5  1      -386.66649702     1.98e-05      0.00

      6  0      -386.77668763     3.57e-06      0.61
      6  1      -386.66673832     1.19e-05      0.00

      7  0      -386.77669391     1.97e-06      0.61
      7  1      -386.66682233     6.87e-06      0.00

      8  0      -386.77669577     1.02e-06      0.61
      8  1      -386.66685493     4.63e-06      0.00

      9  0      -386.77669630     5.49e-07      0.62
      9  1      -386.66687134     3.42e-06      0.00

     10  0      -386.77669645     2.82e-07      0.61
     10  1      -386.66687918     2.21e-06      0.00

     11  0      -386.77669649     1.30e-07      0.62
     11  1      -386.66688223     1.32e-06      0.00

     12  0      -386.77669650     6.13e-08      0.62
     12  1      -386.66688335     7.97e-07      0.00

     13  0      -386.77669650     3.03e-08      0.62
     13  1      -386.66688373     4.64e-07      0.00

     14  0      -386.77669650     1.46e-08      0.62
     14  1      -386.66688385     2.50e-07      0.00

     15  0      -386.77669650     7.16e-09      0.62
     15  1      -386.66688388     1.36e-07      0.00

     16  0      -386.77669650     3.48e-09      0.62
     16  1      -386.66688389     7.86e-08      0.00

     17  0      -386.77669650     1.75e-09      0.62
     17  1      -386.66688389     4.88e-08      0.00

     18  0      -386.77669650     8.87e-10      0.62
     18  1      -386.66688389     2.98e-08      0.00

     19  0      -386.77669650     4.33e-10      0.63
     19  1      -386.66688389     1.71e-08      0.00
    ** throwing out 2 trial vectors **

     20  0      -386.77669650     2.02e-10      0.64
     20  1      -386.66688389     9.25e-09      0.00
    ** throwing out 2 trial vectors **

     21  0 *    -386.77669650     8.87e-11      0.54
     21  1      -386.66688389     4.85e-09      0.00
    ** throwing out 1 trial vectors **

     22  0 *    -386.77669650     7.03e-11      0.34
     22  1      -386.66688389     2.49e-09      0.00
    ** throwing out 1 trial vectors **

     23  0 *    -386.77669650     6.71e-11      0.34
     23  1      -386.66688389     1.31e-09      0.00
    ** throwing out 1 trial vectors **

     24  0 *    -386.77669650     6.64e-11      0.33
     24  1      -386.66688389     7.18e-10      0.00
    ** throwing out 1 trial vectors **

     25  0 *    -386.77669650     6.64e-11      0.33
     25  1      -386.66688389     4.14e-10      0.00
    ** throwing out 1 trial vectors **

     26  0 *    -386.77669650     6.63e-11      0.34
     26  1      -386.66688389     2.35e-10      0.00
    ** throwing out 1 trial vectors **

     27  0 *    -386.77669650     6.64e-11      0.34
     27  1      -386.66688389     1.36e-10      0.00
    ** throwing out 1 trial vectors **

     28  0 *    -386.77669650     6.63e-11      0.24
     28  1 *    -386.66688389     8.00e-11      0.00

     * ci vector   0, <S^2> = -0.0000, E =     -386.77669650
       222222......    -0.8039419221
       22222ba.....    -0.2801340097
       22222ab.....    -0.2801340097
       22222..2....     0.0784874421
       2222.2.2....     0.0738275019
       222.22..2...     0.0675760052
       222b2aa.b...     0.0554039387
       222a2bb.a...     0.0554039387
       22.222...2..     0.0521508445
       22.222.2....     0.0519996263
       22a2b2.b.a..    -0.0510717988
       22b2a2.a.b..    -0.0510717988

     * ci vector   1, <S^2> = 0.0000, E =     -386.66688389
       22222ba.....    -0.5571659958
       22222ab.....    -0.5571659957
       222222......     0.3829251389
       2222baab....     0.0830564678
       2222abba....     0.0830564678
       22222..2....    -0.0777172586
       222b2aa.b...     0.0669183209
       222a2bb.a...     0.0669183209
       2a222b2.....     0.0654976697
       2b222a2.....     0.0654976697
       2222.ba2....     0.0639353637
       2222.ab2....     0.0639353637
       2222bbaa....    -0.0611229185
       2222aabb....    -0.0611229185
       222.2ba.2...     0.0537583451
       222.2ab.2...     0.0537583451
       2.22222.....    -0.0503075211
       - FCI and RDMs                             17.28
    * Integral transformation done. Elapsed time: 0.08

       - jop, kop                                  0.00
       - denom                                     0.02
     guess   0:   closed 111111......         open ............        
     guess   1:   closed 11111.......         open .....11.....        

  === FCI iteration ===

      0  0      -386.63704102     3.73e-04      0.60
      0  1      -386.52391288     3.72e-04      0.00

      1  0      -386.74875648     1.89e-04      0.60
      1  1      -386.63328679     1.93e-04      0.00

      2  0      -386.77122631     9.23e-05      0.60
      2  1      -386.65805715     1.00e-04      0.00

      3  0      -386.77580402     3.97e-05      0.61
      3  1      -386.66408416     5.36e-05      0.00

      4  0      -386.77654190     1.63e-05      0.61
      4  1      -386.66585014     3.13e-05      0.00

      5  0      -386.77665948     7.14e-06      0.61
      5  1      -386.66650037     1.98e-05      0.00

      6  0      -386.77668429     3.57e-06      0.61
      6  1      -386.66674167     1.19e-05      0.00

      7  0      -386.77669058     1.97e-06      0.61
      7  1      -386.66682569     6.87e-06      0.00

      8  0      -386.77669244     1.02e-06      0.61
      8  1      -386.66685830     4.63e-06      0.00

      9  0      -386.77669296     5.49e-07      0.61
      9  1      -386.66687471     3.42e-06      0.00

     10  0      -386.77669312     2.82e-07      0.61
     10  1      -386.66688255     2.21e-06      0.00

     11  0      -386.77669316     1.30e-07      0.62
     11  1      -386.66688560     1.32e-06      0.00

     12  0      -386.77669316     6.13e-08      0.62
     12  1      -386.66688672     7.97e-07      0.00

     13  0      -386.77669317     3.03e-08      0.62
     13  1      -386.66688710     4.64e-07      0.00

     14  0      -386.77669317     1.47e-08      0.62
     14  1      -386.66688722     2.50e-07      0.00

     15  0      -386.77669317     7.17e-09      0.63
     15  1      -386.66688725     1.35e-07      0.00

     16  0      -386.77669317     3.48e-09      0.62
     16  1      -386.66688726     7.85e-08      0.00

     17  0      -386.77669317     1.75e-09      0.62
     17  1      -386.66688726     4.88e-08      0.00

     18  0      -386.77669317     8.88e-10      0.63
     18  1      -386.66688726     2.98e-08      0.00

     19  0      -386.77669317     4.33e-10      0.63
     19  1      -386.66688726     1.71e-08      0.00
    ** throwing out 2 trial vectors **

     20  0      -386.77669317     2.02e-10      0.63
     20  1      -386.66688726     9.25e-09      0.00
    ** throwing out 2 trial vectors **

     21  0 *    -386.77669317     8.89e-11      0.54
     21  1      -386.66688726     4.85e-09      0.00
    ** throwing out 1 trial vectors **

     22  0 *    -386.77669317     7.04e-11      0.33
     22  1      -386.66688726     2.49e-09      0.00
    ** throwing out 1 trial vectors **

     23  0 *    -386.77669317     6.72e-11      0.33
     23  1      -386.66688726     1.30e-09      0.00
    ** throwing out 1 trial vectors **

     24  0 *    -386.77669317     6.65e-11      0.33
     24  1      -386.66688726     7.17e-10      0.00
    ** throwing out 1 trial vectors **

     25  0 *    -386.77669317     6.65e-11      0.34
     25  1      -386.66688726     4.13e-10      0.00
    ** throwing out 1 trial vectors **

     26  0 *    -386.77669317     6.64e-11      0.33
     26  1      -386.66688726     2.35e-10      0.00
    ** throwing out 1 trial vectors **

     27  0 *    -386.77669317     6.65e-11      0.33
     27  1      -386.66688726     1.35e-10      0.00
    ** throwing out 1 trial vectors **

     28  0 *    -386.77669317     6.64e-11      0.24
     28  1 *    -386.66688726     7.98e-11      0.00

     * ci vector   0, <S^2> = -0.0000, E =     -386.77669317
       222222......    -0.8040033766
       22222ab.....     0.2800278880
       22222ba.....     0.2800278880
       22222..2....     0.0785347120
       2222.2.2....     0.0737836923
       222.22..2...     0.0675763962
       222a2bb.a...    -0.0553865270
       222b2aa.b...    -0.0553865270
       22.222...2..     0.0521247532
       22.222.2....     0.0519891170
       22a2b2.b.a..    -0.0510358125
       22b2a2.a.b..    -0.0510358125

     * ci vector   1, <S^2> = -0.0000, E =     -386.66688726
       22222ab.....     0.5572094284
       22222ba.....     0.5572094284
       222222......     0.3827929363
       2222abba....    -0.0830532458
       2222baab....    -0.0830532458
       22222..2....    -0.0777419176
       222a2bb.a...    -0.0669134278
       222b2aa.b...    -0.0669134278
       2b222a2.....    -0.0654861572
       2a222b2.....    -0.0654861572
       2222.ab2....    -0.0639123865
       2222.ba2....    -0.0639123865
       2222aabb....     0.0611097568
       2222bbaa....     0.0611097568
       222.2ab.2...    -0.0537534512
       222.2ba.2...    -0.0537534512
       2.22222.....    -0.0502621579
       - FCI and RDMs                             17.24
    * Integral transformation done. Elapsed time: 0.08

       - jop, kop                                  0.00
       - denom                                     0.02
     guess   0:   closed 111111......         open ............        
     guess   1:   closed 11111.......         open .....11.....        

  === FCI iteration ===

      0  0      -386.63703709     3.73e-04      0.59
      0  1      -386.52391025     3.72e-04      0.00

      1  0      -386.74875268     1.89e-04      0.60
      1  1      -386.63328589     1.93e-04      0.00

      2  0      -386.77122379     9.23e-05      0.61
      2  1      -386.65805837     1.00e-04      0.00

      3  0      -386.77580196     3.97e-05      0.61
      3  1      -386.66408592     5.36e-05      0.00

      4  0      -386.77653997     1.63e-05      0.61
      4  1      -386.66585205     3.13e-05      0.00

      5  0      -386.77665758     7.14e-06      0.61
      5  1      -386.66650228     1.98e-05      0.00

      6  0      -386.77668239     3.57e-06      0.61
      6  1      -386.66674358     1.19e-05      0.00

      7  0      -386.77668868     1.97e-06      0.61
      7  1      -386.66682760     6.87e-06      0.00

      8  0      -386.77669054     1.02e-06      0.61
      8  1      -386.66686021     4.63e-06      0.00

      9  0      -386.77669106     5.49e-07      0.61
      9  1      -386.66687662     3.42e-06      0.00

     10  0      -386.77669122     2.82e-07      0.61
     10  1      -386.66688446     2.21e-06      0.00

     11  0      -386.77669126     1.30e-07      0.62
     11  1      -386.66688751     1.32e-06      0.00

     12  0      -386.77669126     6.14e-08      0.64
     12  1      -386.66688863     7.97e-07      0.00

     13  0      -386.77669126     3.03e-08      0.65
     13  1      -386.66688901     4.64e-07      0.00

     14  0      -386.77669126     1.47e-08      0.62
     14  1      -386.66688913     2.50e-07      0.00

     15  0      -386.77669126     7.17e-09      0.62
     15  1      -386.66688916     1.35e-07      0.00

     16  0      -386.77669126     3.48e-09      0.62
     16  1      -386.66688917     7.85e-08      0.00

     17  0      -386.77669126     1.75e-09      0.63
     17  1      -386.66688917     4.88e-08      0.00

     18  0      -386.77669126     8.88e-10      0.62
     18  1      -386.66688918     2.98e-08      0.00

     19  0      -386.77669126     4.34e-10      0.62
     19  1      -386.66688918     1.71e-08      0.00
    ** throwing out 2 trial vectors **

     20  0      -386.77669126     2.02e-10      0.63
     20  1      -386.66688918     9.25e-09      0.00
    ** throwing out 2 trial vectors **

     21  0 *    -386.77669126     8.89e-11      0.54
     21  1      -386.66688918     4.85e-09      0.00
    ** throwing out 1 trial vectors **

     22  0 *    -386.77669126     7.05e-11      0.33
     22  1      -386.66688918     2.49e-09      0.00
    ** throwing out 1 trial vectors **

     23  0 *    -386.77669126     6.72e-11      0.33
     23  1      -386.66688918     1.30e-09      0.00
    ** throwing out 1 trial vectors **

     24  0 *    -386.77669126     6.66e-11      0.33
     24  1      -386.66688918     7.17e-10      0.00
    ** throwing out 1 trial vectors **

     25  0 *    -386.77669126     6.65e-11      0.33
     25  1      -386.66688918     4.13e-10      0.00
    ** throwing out 1 trial vectors **

     26  0 *    -386.77669126     6.65e-11      0.33
     26  1      -386.66688918     2.34e-10      0.00
    ** throwing out 1 trial vectors **

     27  0 *    -386.77669126     6.65e-11      0.33
     27  1      -386.66688918     1.35e-10      0.00
    ** throwing out 1 trial vectors **

     28  0 *    -386.77669126     6.65e-11      0.24
     28  1 *    -386.66688918     7.98e-11      0.00

     * ci vector   0, <S^2> = -0.0000, E =     -386.77669126
       222222......    -0.8040323797
       22222ab.....    -0.2799777991
       22222ba.....    -0.2799777991
       22222..2....     0.0785572564
       2222.2.2....     0.0737619687
       222.22..2...     0.0675771693
       222b2aa.b...    -0.0553784280
       222a2bb.a...    -0.0553784280
       22.222...2..     0.0521109942
       22.222.2....     0.0519844186
       22b2a2.a.b..     0.0510176728
       22a2b2.b.a..     0.0510176728

     * ci vector   1, <S^2> = 0.0000, E =     -386.66688918
       22222ab.....    -0.5572295789
       22222ba.....    -0.5572295789
       222222......     0.3827301872
       2222abba....     0.0830510603
       2222baab....     0.0830510603
       22222..2....    -0.0777534848
       222a2bb.a...    -0.0669112012
       222b2aa.b...    -0.0669112012
       2a222b2.....    -0.0654846666
       2b222a2.....    -0.0654846666
       2222.ab2....     0.0639006369
       2222.ba2....     0.0639006369
       2222bbaa....    -0.0611022457
       2222aabb....    -0.0611022457
       222.2ba.2...     0.0537514282
       222.2ab.2...     0.0537514282
       2.22222.....    -0.0502421825
       - FCI and RDMs                             17.26
    * Integral transformation done. Elapsed time: 0.08

       - jop, kop                                  0.00
       - denom                                     0.02
     guess   0:   closed 111111......         open ............        
     guess   1:   closed 11111.......         open .....11.....        

  === FCI iteration ===

      0  0      -386.63703502     3.73e-04      0.59
      0  1      -386.52390887     3.72e-04      0.00

      1  0      -386.74875067     1.89e-04      0.60
      1  1      -386.63328556     1.93e-04      0.00

      2  0      -386.77122241     9.23e-05      0.60
      2  1      -386.65805912     1.00e-04      0.00

      3  0      -386.77580081     3.97e-05      0.60
      3  1      -386.66408692     5.36e-05      0.00

      4  0      -386.77653889     1.63e-05      0.61
      4  1      -386.66585312     3.13e-05      0.00

      5  0      -386.77665651     7.14e-06      0.61
      5  1      -386.66650334     1.98e-05      0.00

      6  0      -386.77668133     3.57e-06      0.61
      6  1      -386.66674464     1.19e-05      0.00

      7  0      -386.77668762     1.97e-06      0.61
      7  1      -386.66682867     6.87e-06      0.00

      8  0      -386.77668948     1.02e-06      0.61
      8  1      -386.66686127     4.63e-06      0.00

      9  0      -386.77669000     5.49e-07      0.61
      9  1      -386.66687768     3.42e-06      0.00

     10  0      -386.77669016     2.82e-07      0.61
     10  1      -386.66688552     2.21e-06      0.00

     11  0      -386.77669019     1.30e-07      0.61
     11  1      -386.66688857     1.32e-06      0.00

     12  0      -386.77669020     6.14e-08      0.62
     12  1      -386.66688969     7.97e-07      0.00

     13  0      -386.77669020     3.03e-08      0.62
     13  1      -386.66689007     4.64e-07      0.00

     14  0      -386.77669020     1.47e-08      0.62
     14  1      -386.66689019     2.50e-07      0.00

     15  0      -386.77669020     7.17e-09      0.62
     15  1      -386.66689022     1.35e-07      0.00

     16  0      -386.77669020     3.48e-09      0.62
     16  1      -386.66689023     7.85e-08      0.00

     17  0      -386.77669020     1.75e-09      0.62
     17  1      -386.66689024     4.88e-08      0.00

     18  0      -386.77669020     8.89e-10      0.63
     18  1      -386.66689024     2.98e-08      0.00

     19  0      -386.77669020     4.34e-10      0.63
     19  1      -386.66689024     1.71e-08      0.00
    ** throwing out 2 trial vectors **

     20  0      -386.77669020     2.02e-10      0.63
     20  1      -386.66689024     9.25e-09      0.00
    ** throwing out 2 trial vectors **

     21  0 *    -386.77669020     8.90e-11      0.53
     21  1      -386.66689024     4.85e-09      0.00
    ** throwing out 1 trial vectors **

     22  0 *    -386.77669020     7.05e-11      0.33
     22  1      -386.66689024     2.49e-09      0.00
    ** throwing out 1 trial vectors **

     23  0 *    -386.77669020     6.73e-11      0.33
     23  1      -386.66689024     1.30e-09      0.00
    ** throwing out 1 trial vectors **

     24  0 *    -386.77669020     6.66e-11      0.33
     24  1      -386.66689024     7.17e-10      0.00
    ** throwing out 1 trial vectors **

     25  0 *    -386.77669020     6.65e-11      0.33
     25  1      -386.66689024     4.13e-10      0.00
    ** throwing out 1 trial vectors **

     26  0 *    -386.77669020     6.65e-11      0.33
     26  1      -386.66689024     2.34e-10      0.00
    ** throwing out 1 trial vectors **

     27  0 *    -386.77669020     6.66e-11      0.33
     27  1      -386.66689024     1.35e-10      0.00
    ** throwing out 1 trial vectors **

     28  0 *    -386.77669020     6.65e-11      0.23
     28  1 *    -386.66689024     7.97e-11      0.00

     * ci vector   0, <S^2> = 0.0000, E =     -386.77669020
       222222......     0.8040465975
       22222ab.....     0.2799532253
       22222ba.....     0.2799532253
       22222..2....    -0.0785681581
       2222.2.2....    -0.0737510269
       222.22..2...    -0.0675777678
       222a2bb.a...     0.0553745106
       222b2aa.b...     0.0553745106
       22.222...2..    -0.0521036641
       22.222.2....    -0.0519823050
       22b2a2.a.b..     0.0510083972
       22a2b2.b.a..     0.0510083972

     * ci vector   1, <S^2> = -0.0000, E =     -386.66689024
       22222ab.....     0.5572394101
       22222ba.....     0.5572394099
       222222......    -0.3826992383
       2222abba....    -0.0830496512
       2222baab....    -0.0830496512
       22222..2....     0.0777588344
       222a2bb.a...     0.0669101228
       222b2aa.b...     0.0669101227
       2b222a2.....     0.0654855084
       2a222b2.....     0.0654855084
       2222.ab2....    -0.0638945332
       2222.ba2....    -0.0638945332
       2222aabb....     0.0610980155
       2222bbaa....     0.0610980155
       222.2ab.2...    -0.0537505399
       222.2ba.2...    -0.0537505399
       2.22222.....     0.0502329009
       - FCI and RDMs                             17.18
    * Integral transformation done. Elapsed time: 0.08

       - jop, kop                                  0.00
       - denom                                     0.02
     guess   0:   closed 111111......         open ............        
     guess   1:   closed 11111.......         open .....11.....        

  === FCI iteration ===

      0  0      -386.63703393     3.73e-04      0.61
      0  1      -386.52390816     3.72e-04      0.00

      1  0      -386.74874960     1.89e-04      0.62
      1  1      -386.63328546     1.93e-04      0.00

      2  0      -386.77122165     9.23e-05      0.62
      2  1      -386.65805957     1.00e-04      0.00

      3  0      -386.77580018     3.97e-05      0.62
      3  1      -386.66408749     5.36e-05      0.00

      4  0      -386.77653829     1.63e-05      0.62
      4  1      -386.66585371     3.13e-05      0.00

      5  0      -386.77665593     7.14e-06      0.62
      5  1      -386.66650393     1.98e-05      0.00

      6  0      -386.77668074     3.57e-06      0.62
      6  1      -386.66674523     1.19e-05      0.00

      7  0      -386.77668703     1.97e-06      0.62
      7  1      -386.66682925     6.87e-06      0.00

      8  0      -386.77668889     1.02e-06      0.63
      8  1      -386.66686185     4.63e-06      0.00

      9  0      -386.77668942     5.49e-07      0.62
      9  1      -386.66687827     3.42e-06      0.00

     10  0      -386.77668957     2.82e-07      0.63
     10  1      -386.66688611     2.21e-06      0.00

     11  0      -386.77668961     1.30e-07      0.63
     11  1      -386.66688916     1.32e-06      0.00

     12  0      -386.77668962     6.14e-08      0.62
     12  1      -386.66689027     7.97e-07      0.00

     13  0      -386.77668962     3.03e-08      0.62
     13  1      -386.66689066     4.64e-07      0.00

     14  0      -386.77668962     1.47e-08      0.64
     14  1      -386.66689077     2.50e-07      0.00

     15  0      -386.77668962     7.17e-09      0.66
     15  1      -386.66689081     1.35e-07      0.00

     16  0      -386.77668962     3.48e-09      0.66
     16  1      -386.66689082     7.85e-08      0.00

     17  0      -386.77668962     1.75e-09      0.64
     17  1      -386.66689082     4.88e-08      0.00

     18  0      -386.77668962     8.89e-10      0.64
     18  1      -386.66689082     2.98e-08      0.00

     19  0      -386.77668962     4.34e-10      0.64
     19  1      -386.66689082     1.71e-08      0.00
    ** throwing out 2 trial vectors **

     20  0      -386.77668962     2.02e-10      0.65
     20  1      -386.66689082     9.25e-09      0.00
    ** throwing out 2 trial vectors **

     21  0 *    -386.77668962     8.90e-11      0.55
     21  1      -386.66689082     4.85e-09      0.00
    ** throwing out 1 trial vectors **

     22  0 *    -386.77668962     7.05e-11      0.34
     22  1      -386.66689082     2.49e-09      0.00
    ** throwing out 1 trial vectors **

     23  0 *    -386.77668962     6.73e-11      0.34
     23  1      -386.66689082     1.30e-09      0.00
    ** throwing out 1 trial vectors **

     24  0 *    -386.77668962     6.66e-11      0.34
     24  1      -386.66689082     7.17e-10      0.00
    ** throwing out 1 trial vectors **

     25  0 *    -386.77668962     6.66e-11      0.34
     25  1      -386.66689082     4.13e-10      0.00
    ** throwing out 1 trial vectors **

     26  0 *    -386.77668962     6.65e-11      0.34
     26  1      -386.66689082     2.34e-10      0.00
    ** throwing out 1 trial vectors **

     27  0 *    -386.77668962     6.66e-11      0.34
     27  1      -386.66689082     1.35e-10      0.00
    ** throwing out 1 trial vectors **

     28  0 *    -386.77668962     6.65e-11      0.24
     28  1 *    -386.66689082     7.97e-11      0.00

     * ci vector   0, <S^2> = -0.0000, E =     -386.77668962
       222222......    -0.8040537565
       22222ab.....    -0.2799408455
       22222ba.....    -0.2799408455
       22222..2....     0.0785734972
       2222.2.2....     0.0737454512
       222.22..2...     0.0675781513
       222a2bb.a...     0.0553725618
       222b2aa.b...     0.0553725618
       22.222...2..     0.0520997407
       22.222.2....     0.0519813503
       22a2b2.b.a..    -0.0510036053
       22b2a2.a.b..    -0.0510036053

     * ci vector   1, <S^2> = -0.0000, E =     -386.66689082
       22222ab.....    -0.5572443689
       22222ba.....    -0.5572443689
       222222......     0.3826835807
       2222abba....     0.0830487755
       2222baab....     0.0830487755
       22222..2....    -0.0777612974
       222a2bb.a...     0.0669095713
       222b2aa.b...     0.0669095713
       2b222a2.....     0.0654865596
       2a222b2.....     0.0654865596
       2222.ab2....     0.0638913314
       2222.ba2....     0.0638913314
       2222aabb....    -0.0610956563
       2222bbaa....    -0.0610956563
       222.2ab.2...     0.0537501296
       222.2ba.2...     0.0537501296
       2.22222.....    -0.0502284039
       - FCI and RDMs                             17.65
    * Integral transformation done. Elapsed time: 0.08

       - jop, kop                                  0.00
       - denom                                     0.02
     guess   0:   closed 111111......         open ............        
     guess   1:   closed 11111.......         open .....11.....        

  === FCI iteration ===

      0  0      -386.63703334     3.73e-04      0.61
      0  1      -386.52390780     3.72e-04      0.00

      1  0      -386.74874903     1.89e-04      0.61
      1  1      -386.63328544     1.93e-04      0.00

      2  0      -386.77122125     9.24e-05      0.60
      2  1      -386.65805983     1.00e-04      0.00

      3  0      -386.77579983     3.97e-05      0.61
      3  1      -386.66408780     5.36e-05      0.00

      4  0      -386.77653797     1.63e-05      0.61
      4  1      -386.66585403     3.13e-05      0.00

      5  0      -386.77665561     7.14e-06      0.61
      5  1      -386.66650425     1.98e-05      0.00

      6  0      -386.77668042     3.57e-06      0.62
      6  1      -386.66674555     1.19e-05      0.00

      7  0      -386.77668671     1.97e-06      0.62
      7  1      -386.66682957     6.87e-06      0.00

      8  0      -386.77668857     1.02e-06      0.62
      8  1      -386.66686217     4.63e-06      0.00

      9  0      -386.77668910     5.49e-07      0.62
      9  1      -386.66687859     3.42e-06      0.00

     10  0      -386.77668925     2.82e-07      0.62
     10  1      -386.66688643     2.21e-06      0.00

     11  0      -386.77668929     1.30e-07      0.63
     11  1      -386.66688948     1.32e-06      0.00

     12  0      -386.77668930     6.14e-08      0.62
     12  1      -386.66689059     7.97e-07      0.00

     13  0      -386.77668930     3.03e-08      0.63
     13  1      -386.66689098     4.64e-07      0.00

     14  0      -386.77668930     1.47e-08      0.63
     14  1      -386.66689109     2.50e-07      0.00

     15  0      -386.77668930     7.17e-09      0.63
     15  1      -386.66689113     1.35e-07      0.00

     16  0      -386.77668930     3.49e-09      0.63
     16  1      -386.66689114     7.85e-08      0.00

     17  0      -386.77668930     1.75e-09      0.63
     17  1      -386.66689114     4.88e-08      0.00

     18  0      -386.77668930     8.89e-10      0.63
     18  1      -386.66689114     2.98e-08      0.00

     19  0      -386.77668930     4.34e-10      0.64
     19  1      -386.66689114     1.71e-08      0.00
    ** throwing out 2 trial vectors **

     20  0      -386.77668930     2.02e-10      0.64
     20  1      -386.66689114     9.25e-09      0.00
    ** throwing out 2 trial vectors **

     21  0 *    -386.77668930     8.90e-11      0.54
     21  1      -386.66689114     4.85e-09      0.00
    ** throwing out 1 trial vectors **

     22  0 *    -386.77668930     7.05e-11      0.34
     22  1      -386.66689114     2.49e-09      0.00
    ** throwing out 1 trial vectors **

     23  0 *    -386.77668930     6.73e-11      0.34
     23  1      -386.66689114     1.30e-09      0.00
    ** throwing out 1 trial vectors **

     24  0 *    -386.77668930     6.66e-11      0.33
     24  1      -386.66689114     7.17e-10      0.00
    ** throwing out 1 trial vectors **

     25  0 *    -386.77668930     6.66e-11      0.34
     25  1      -386.66689114     4.13e-10      0.00
    ** throwing out 1 trial vectors **

     26  0 *    -386.77668930     6.65e-11      0.34
     26  1      -386.66689114     2.34e-10      0.00
    ** throwing out 1 trial vectors **

     27  0 *    -386.77668930     6.66e-11      0.34
     27  1      -386.66689114     1.35e-10      0.00
    ** throwing out 1 trial vectors **

     28  0 *    -386.77668930     6.65e-11      0.24
     28  1 *    -386.66689114     7.97e-11      0.00

     * ci vector   0, <S^2> = -0.0000, E =     -386.77668930
       222222......     0.8040574300
       22222ab.....     0.2799344927
       22222ba.....     0.2799344927
       22222..2....    -0.0785761412
       2222.2.2....    -0.0737425840
       222.22..2...    -0.0675783782
       222b2aa.b...    -0.0553715728
       222a2bb.a...    -0.0553715728
       22.222...2..    -0.0520976353
       22.222.2....    -0.0519809184
       22b2a2.a.b..     0.0510011105
       22a2b2.b.a..     0.0510011105

     * ci vector   1, <S^2> = -0.0000, E =     -386.66689114
       22222ab.....     0.5572469262
       22222ba.....     0.5572469262
       222222......    -0.3826755204
       2222abba....    -0.0830482473
       2222baab....    -0.0830482473
       22222..2....     0.0777624314
       222b2aa.b...    -0.0669092775
       222a2bb.a...    -0.0669092775
       2b222a2.....    -0.0654873493
       2a222b2.....    -0.0654873493
       2222.ba2....    -0.0638896410
       2222.ab2....    -0.0638896410
       2222aabb....     0.0610943501
       2222bbaa....     0.0610943501
       222.2ba.2...    -0.0537499318
       222.2ab.2...    -0.0537499318
       2.22222.....     0.0502261551
       - FCI and RDMs                             17.44
    * Integral transformation done. Elapsed time: 0.08

       - jop, kop                                  0.00
       - denom                                     0.02
     guess   0:   closed 111111......         open ............        
     guess   1:   closed 11111.......         open .....11.....        

  === FCI iteration ===

      0  0      -386.63703303     3.73e-04      0.60
      0  1      -386.52390761     3.72e-04      0.00

      1  0      -386.74874872     1.89e-04      0.61
      1  1      -386.63328544     1.93e-04      0.00

      2  0      -386.77122102     9.24e-05      0.61
      2  1      -386.65805998     1.00e-04      0.00

      3  0      -386.77579965     3.97e-05      0.61
      3  1      -386.66408798     5.36e-05      0.00

      4  0      -386.77653779     1.63e-05      0.62
      4  1      -386.66585421     3.13e-05      0.00

      5  0      -386.77665543     7.14e-06      0.61
      5  1      -386.66650443     1.98e-05      0.00

      6  0      -386.77668025     3.57e-06      0.62
      6  1      -386.66674573     1.19e-05      0.00

      7  0      -386.77668654     1.97e-06      0.61
      7  1      -386.66682975     6.87e-06      0.00

      8  0      -386.77668840     1.02e-06      0.61
      8  1      -386.66686235     4.63e-06      0.00

      9  0      -386.77668892     5.49e-07      0.62
      9  1      -386.66687876     3.42e-06      0.00

     10  0      -386.77668908     2.82e-07      0.61
     10  1      -386.66688660     2.21e-06      0.00

     11  0      -386.77668912     1.30e-07      0.62
     11  1      -386.66688965     1.32e-06      0.00

     12  0      -386.77668912     6.14e-08      0.63
     12  1      -386.66689077     7.97e-07      0.00

     13  0      -386.77668913     3.03e-08      0.65
     13  1      -386.66689115     4.64e-07      0.00

     14  0      -386.77668913     1.47e-08      0.64
     14  1      -386.66689127     2.50e-07      0.00

     15  0      -386.77668913     7.17e-09      0.62
     15  1      -386.66689130     1.35e-07      0.00

     16  0      -386.77668913     3.49e-09      0.63
     16  1      -386.66689131     7.85e-08      0.00

     17  0      -386.77668913     1.75e-09      0.62
     17  1      -386.66689132     4.88e-08      0.00

     18  0      -386.77668913     8.89e-10      0.63
     18  1      -386.66689132     2.98e-08      0.00

     19  0      -386.77668913     4.34e-10      0.63
     19  1      -386.66689132     1.71e-08      0.00
    ** throwing out 2 trial vectors **

     20  0      -386.77668913     2.02e-10      0.64
     20  1      -386.66689132     9.25e-09      0.00
    ** throwing out 2 trial vectors **

     21  0 *    -386.77668913     8.90e-11      0.54
     21  1      -386.66689132     4.85e-09      0.00
    ** throwing out 1 trial vectors **

     22  0 *    -386.77668913     7.05e-11      0.33
     22  1      -386.66689132     2.49e-09      0.00
    ** throwing out 1 trial vectors **

     23  0 *    -386.77668913     6.73e-11      0.33
     23  1      -386.66689132     1.30e-09      0.00
    ** throwing out 1 trial vectors **

     24  0 *    -386.77668913     6.66e-11      0.34
     24  1      -386.66689132     7.16e-10      0.00
    ** throwing out 1 trial vectors **

     25  0 *    -386.77668913     6.66e-11      0.33
     25  1      -386.66689132     4.13e-10      0.00
    ** throwing out 1 trial vectors **

     26  0 *    -386.77668913     6.65e-11      0.34
     26  1      -386.66689132     2.34e-10      0.00
    ** throwing out 1 trial vectors **

     27  0 *    -386.77668913     6.66e-11      0.33
     27  1      -386.66689132     1.35e-10      0.00
    ** throwing out 1 trial vectors **

     28  0 *    -386.77668913     6.65e-11      0.24
     28  1 *    -386.66689132     7.97e-11      0.00

     * ci vector   0, <S^2> = 0.0000, E =     -386.77668913
       222222......    -0.8040593406
       22222ab.....    -0.2799311899
       22222ba.....    -0.2799311899
       22222..2....     0.0785774633
       2222.2.2....     0.0737410989
       222.22..2...     0.0675785073
       222a2bb.a...     0.0553710637
       222b2aa.b...     0.0553710637
       22.222...2..     0.0520965036
       22.222.2....     0.0519807233
       22a2b2.b.a..    -0.0509998037
       22b2a2.a.b..    -0.0509998037

     * ci vector   1, <S^2> = -0.0000, E =     -386.66689132
       22222ab.....    -0.5572482644
       22222ba.....    -0.5572482644
       222222......     0.3826713208
       2222abba....     0.0830479357
       2222baab....     0.0830479357
       22222..2....    -0.0777629543
       222a2bb.a...     0.0669091170
       222b2aa.b...     0.0669091170
       2b222a2.....     0.0654878609
       2a222b2.....     0.0654878609
       2222.ab2....     0.0638887445
       2222.ba2....     0.0638887445
       2222aabb....    -0.0610936307
       2222bbaa....    -0.0610936307
       222.2ab.2...     0.0537498334
       222.2ba.2...     0.0537498334
       2.22222.....    -0.0502250041
       - FCI and RDMs                             17.39
    * Integral transformation done. Elapsed time: 0.08

       - jop, kop                                  0.00
       - denom                                     0.02
     guess   0:   closed 111111......         open ............        
     guess   1:   closed 11111.......         open .....11.....        

  === FCI iteration ===

      0  0      -386.63703286     3.73e-04      0.60
      0  1      -386.52390752     3.72e-04      0.00

      1  0      -386.74874856     1.89e-04      0.61
      1  1      -386.63328545     1.93e-04      0.00

      2  0      -386.77122091     9.24e-05      0.61
      2  1      -386.65806007     1.00e-04      0.00

      3  0      -386.77579954     3.97e-05      0.61
      3  1      -386.66408807     5.36e-05      0.00

      4  0      -386.77653769     1.63e-05      0.61
      4  1      -386.66585431     3.13e-05      0.00

      5  0      -386.77665534     7.14e-06      0.61
      5  1      -386.66650453     1.98e-05      0.00

      6  0      -386.77668015     3.57e-06      0.61
      6  1      -386.66674582     1.19e-05      0.00

      7  0      -386.77668644     1.97e-06      0.61
      7  1      -386.66682984     6.87e-06      0.00

      8  0      -386.77668830     1.02e-06      0.61
      8  1      -386.66686244     4.63e-06      0.00

      9  0      -386.77668883     5.49e-07      0.61
      9  1      -386.66687886     3.42e-06      0.00

     10  0      -386.77668898     2.82e-07      0.62
     10  1      -386.66688670     2.21e-06      0.00

     11  0      -386.77668902     1.30e-07      0.62
     11  1      -386.66688975     1.32e-06      0.00

     12  0      -386.77668903     6.14e-08      0.61
     12  1      -386.66689086     7.97e-07      0.00

     13  0      -386.77668903     3.03e-08      0.62
     13  1      -386.66689125     4.64e-07      0.00

     14  0      -386.77668903     1.47e-08      0.62
     14  1      -386.66689136     2.50e-07      0.00

     15  0      -386.77668903     7.17e-09      0.62
     15  1      -386.66689140     1.35e-07      0.00

     16  0      -386.77668903     3.49e-09      0.62
     16  1      -386.66689141     7.85e-08      0.00

     17  0      -386.77668903     1.75e-09      0.63
     17  1      -386.66689141     4.88e-08      0.00

     18  0      -386.77668903     8.89e-10      0.63
     18  1      -386.66689141     2.98e-08      0.00

     19  0      -386.77668903     4.34e-10      0.63
     19  1      -386.66689141     1.71e-08      0.00
    ** throwing out 2 trial vectors **

     20  0      -386.77668903     2.02e-10      0.64
     20  1      -386.66689141     9.25e-09      0.00
    ** throwing out 2 trial vectors **

     21  0 *    -386.77668903     8.90e-11      0.54
     21  1      -386.66689141     4.85e-09      0.00
    ** throwing out 1 trial vectors **

     22  0 *    -386.77668903     7.05e-11      0.33
     22  1      -386.66689141     2.49e-09      0.00
    ** throwing out 1 trial vectors **

     23  0 *    -386.77668903     6.73e-11      0.34
     23  1      -386.66689141     1.30e-09      0.00
    ** throwing out 1 trial vectors **

     24  0 *    -386.77668903     6.66e-11      0.33
     24  1      -386.66689141     7.16e-10      0.00
    ** throwing out 1 trial vectors **

     25  0 *    -386.77668903     6.66e-11      0.34
     25  1      -386.66689141     4.13e-10      0.00
    ** throwing out 1 trial vectors **

     26  0 *    -386.77668903     6.65e-11      0.33
     26  1      -386.66689141     2.34e-10      0.00
    ** throwing out 1 trial vectors **

     27  0 *    -386.77668903     6.66e-11      0.33
     27  1      -386.66689141     1.35e-10      0.00
    ** throwing out 1 trial vectors **

     28  0 *    -386.77668903     6.65e-11      0.24
     28  1 *    -386.66689141     7.97e-11      0.00

     * ci vector   0, <S^2> = 0.0000, E =     -386.77668903
       222222......    -0.8040603439
       22222ba.....    -0.2799294568
       22222ab.....    -0.2799294568
       22222..2....     0.0785781300
       2222.2.2....     0.0737403252
       222.22..2...     0.0675785790
       222b2aa.b...     0.0553707989
       222a2bb.a...     0.0553707989
       22.222...2..     0.0520958946
       22.222.2....     0.0519806354
       22a2b2.b.a..    -0.0509991160
       22b2a2.a.b..    -0.0509991160

     * ci vector   1, <S^2> = 0.0000, E =     -386.66689141
       22222ba.....    -0.5572489717
       22222ab.....    -0.5572489715
       222222......     0.3826691137
       2222baab....     0.0830477550
       2222abba....     0.0830477550
       22222..2....    -0.0777631960
       222b2aa.b...     0.0669090280
       222a2bb.a...     0.0669090280
       2a222b2.....     0.0654881703
       2b222a2.....     0.0654881703
       2222.ba2....     0.0638882675
       2222.ab2....     0.0638882675
       2222bbaa....    -0.0610932362
       2222aabb....    -0.0610932362
       222.2ba.2...     0.0537497831
       222.2ab.2...     0.0537497831
       2.22222.....    -0.0502244048
       - FCI and RDMs                             17.30
    * Integral transformation done. Elapsed time: 0.08

       - jop, kop                                  0.00
       - denom                                     0.02
     guess   0:   closed 111111......         open ............        
     guess   1:   closed 11111.......         open .....11.....        

  === FCI iteration ===

      0  0      -386.63703278     3.73e-04      0.60
      0  1      -386.52390747     3.72e-04      0.00

      1  0      -386.74874847     1.89e-04      0.60
      1  1      -386.63328546     1.93e-04      0.00

      2  0      -386.77122084     9.24e-05      0.61
      2  1      -386.65806011     1.00e-04      0.00

      3  0      -386.77579949     3.97e-05      0.60
      3  1      -386.66408812     5.36e-05      0.00

      4  0      -386.77653764     1.63e-05      0.61
      4  1      -386.66585436     3.13e-05      0.00

      5  0      -386.77665528     7.14e-06      0.61
      5  1      -386.66650458     1.98e-05      0.00

      6  0      -386.77668010     3.57e-06      0.62
      6  1      -386.66674587     1.19e-05      0.00

      7  0      -386.77668639     1.97e-06      0.64
      7  1      -386.66682989     6.87e-06      0.00

      8  0      -386.77668825     1.02e-06      0.64
      8  1      -386.66686249     4.63e-06      0.00

      9  0      -386.77668878     5.49e-07      0.62
      9  1      -386.66687891     3.42e-06      0.00

     10  0      -386.77668893     2.82e-07      0.62
     10  1      -386.66688675     2.21e-06      0.00

     11  0      -386.77668897     1.30e-07      0.62
     11  1      -386.66688980     1.32e-06      0.00

     12  0      -386.77668898     6.14e-08      0.62
     12  1      -386.66689092     7.97e-07      0.00

     13  0      -386.77668898     3.03e-08      0.62
     13  1      -386.66689130     4.64e-07      0.00

     14  0      -386.77668898     1.47e-08      0.62
     14  1      -386.66689142     2.50e-07      0.00

     15  0      -386.77668898     7.17e-09      0.62
     15  1      -386.66689145     1.35e-07      0.00

     16  0      -386.77668898     3.49e-09      0.62
     16  1      -386.66689146     7.85e-08      0.00

     17  0      -386.77668898     1.75e-09      0.62
     17  1      -386.66689146     4.88e-08      0.00

     18  0      -386.77668898     8.89e-10      0.63
     18  1      -386.66689146     2.98e-08      0.00

     19  0      -386.77668898     4.34e-10      0.63
     19  1      -386.66689146     1.71e-08      0.00
    ** throwing out 2 trial vectors **

     20  0      -386.77668898     2.02e-10      0.63
     20  1      -386.66689146     9.25e-09      0.00
    ** throwing out 2 trial vectors **

     21  0 *    -386.77668898     8.90e-11      0.54
     21  1      -386.66689146     4.85e-09      0.00
    ** throwing out 1 trial vectors **

     22  0 *    -386.77668898     7.05e-11      0.33
     22  1      -386.66689146     2.49e-09      0.00
    ** throwing out 1 trial vectors **

     23  0 *    -386.77668898     6.73e-11      0.33
     23  1      -386.66689146     1.30e-09      0.00
    ** throwing out 1 trial vectors **

     24  0 *    -386.77668898     6.66e-11      0.33
     24  1      -386.66689146     7.16e-10      0.00
    ** throwing out 1 trial vectors **

     25  0 *    -386.77668898     6.66e-11      0.34
     25  1      -386.66689146     4.13e-10      0.00
    ** throwing out 1 trial vectors **

     26  0 *    -386.77668898     6.65e-11      0.34
     26  1      -386.66689146     2.34e-10      0.00
    ** throwing out 1 trial vectors **

     27  0 *    -386.77668898     6.66e-11      0.34
     27  1      -386.66689146     1.35e-10      0.00
    ** throwing out 1 trial vectors **

     28  0 *    -386.77668898     6.65e-11      0.24
     28  1 *    -386.66689146     7.97e-11      0.00

     * ci vector   0, <S^2> = 0.0000, E =     -386.77668898
       222222......    -0.8040608736
       22222ab.....    -0.2799285423
       22222ba.....    -0.2799285423
       22222..2....     0.0785784687
       2222.2.2....     0.0737399199
       222.22..2...     0.0675786184
       222a2bb.a...     0.0553706603
       222b2aa.b...     0.0553706603
       22.222...2..     0.0520955667
       22.222.2....     0.0519805959
       22b2a2.a.b..    -0.0509987525
       22a2b2.b.a..    -0.0509987525

     * ci vector   1, <S^2> = 0.0000, E =     -386.66689146
       22222ab.....    -0.5572493474
       22222ba.....    -0.5572493474
       222222......     0.3826679479
       2222abba....     0.0830476518
       2222baab....     0.0830476518
       22222..2....    -0.0777633079
       222a2bb.a...     0.0669089782
       222b2aa.b...     0.0669089782
       2b222a2.....     0.0654883504
       2a222b2.....     0.0654883504
       2222.ab2....     0.0638880129
       2222.ba2....     0.0638880129
       2222aabb....    -0.0610930206
       2222bbaa....    -0.0610930206
       222.2ab.2...     0.0537497569
       222.2ba.2...     0.0537497569
       2.22222.....    -0.0502240892
       - FCI and RDMs                             17.32
    * Integral transformation done. Elapsed time: 0.08

       - jop, kop                                  0.00
       - denom                                     0.02
     guess   0:   closed 111111......         open ............        
     guess   1:   closed 11111.......         open .....11.....        

  === FCI iteration ===

      0  0      -386.63703273     3.73e-04      0.59
      0  1      -386.52390745     3.72e-04      0.00

      1  0      -386.74874843     1.89e-04      0.60
      1  1      -386.63328547     1.93e-04      0.00

      2  0      -386.77122080     9.24e-05      0.60
      2  1      -386.65806014     1.00e-04      0.00

      3  0      -386.77579946     3.97e-05      0.60
      3  1      -386.66408815     5.36e-05      0.00

      4  0      -386.77653761     1.63e-05      0.60
      4  1      -386.66585439     3.13e-05      0.00

      5  0      -386.77665526     7.14e-06      0.60
      5  1      -386.66650461     1.98e-05      0.00

      6  0      -386.77668007     3.57e-06      0.61
      6  1      -386.66674590     1.19e-05      0.00

      7  0      -386.77668636     1.97e-06      0.61
      7  1      -386.66682992     6.87e-06      0.00

      8  0      -386.77668822     1.02e-06      0.61
      8  1      -386.66686252     4.63e-06      0.00

      9  0      -386.77668875     5.49e-07      0.61
      9  1      -386.66687894     3.42e-06      0.00

     10  0      -386.77668890     2.82e-07      0.61
     10  1      -386.66688678     2.21e-06      0.00

     11  0      -386.77668894     1.30e-07      0.61
     11  1      -386.66688983     1.32e-06      0.00

     12  0      -386.77668895     6.14e-08      0.61
     12  1      -386.66689094     7.97e-07      0.00

     13  0      -386.77668895     3.03e-08      0.62
     13  1      -386.66689133     4.64e-07      0.00

     14  0      -386.77668895     1.47e-08      0.62
     14  1      -386.66689144     2.50e-07      0.00

     15  0      -386.77668895     7.17e-09      0.62
     15  1      -386.66689148     1.35e-07      0.00

     16  0      -386.77668895     3.49e-09      0.62
     16  1      -386.66689149     7.85e-08      0.00

     17  0      -386.77668895     1.75e-09      0.62
     17  1      -386.66689149     4.88e-08      0.00

     18  0      -386.77668895     8.89e-10      0.63
     18  1      -386.66689149     2.98e-08      0.00

     19  0      -386.77668895     4.34e-10      0.63
     19  1      -386.66689149     1.71e-08      0.00
    ** throwing out 2 trial vectors **

     20  0      -386.77668895     2.02e-10      0.63
     20  1      -386.66689149     9.25e-09      0.00
    ** throwing out 2 trial vectors **

     21  0 *    -386.77668895     8.90e-11      0.54
     21  1      -386.66689149     4.85e-09      0.00
    ** throwing out 1 trial vectors **

     22  0 *    -386.77668895     7.05e-11      0.33
     22  1      -386.66689149     2.49e-09      0.00
    ** throwing out 1 trial vectors **

     23  0 *    -386.77668895     6.73e-11      0.33
     23  1      -386.66689149     1.30e-09      0.00
    ** throwing out 1 trial vectors **

     24  0 *    -386.77668895     6.66e-11      0.33
     24  1      -386.66689149     7.16e-10      0.00
    ** throwing out 1 trial vectors **

     25  0 *    -386.77668895     6.66e-11      0.33
     25  1      -386.66689149     4.13e-10      0.00
    ** throwing out 1 trial vectors **

     26  0 *    -386.77668895     6.65e-11      0.33
     26  1      -386.66689149     2.34e-10      0.00
    ** throwing out 1 trial vectors **

     27  0 *    -386.77668895     6.66e-11      0.33
     27  1      -386.66689149     1.35e-10      0.00
    ** throwing out 1 trial vectors **

     28  0 *    -386.77668895     6.65e-11      0.24
     28  1 *    -386.66689149     7.97e-11      0.00

     * ci vector   0, <S^2> = -0.0000, E =     -386.77668895
       222222......    -0.8040611557
       22222ab.....    -0.2799280561
       22222ba.....    -0.2799280561
       22222..2....     0.0785786420
       2222.2.2....     0.0737397070
       222.22..2...     0.0675786399
       222a2bb.a...     0.0553705871
       222b2aa.b...     0.0553705871
       22.222...2..     0.0520953900
       22.222.2....     0.0519805784
       22a2b2.b.a..    -0.0509985599
       22b2a2.a.b..    -0.0509985599

     * ci vector   1, <S^2> = -0.0000, E =     -386.66689149
       22222ab.....    -0.5572495484
       22222ba.....    -0.5572495483
       222222......     0.3826673277
       2222abba....     0.0830475933
       2222baab....     0.0830475933
       22222..2....    -0.0777633599
       222a2bb.a...     0.0669089505
       222b2aa.b...     0.0669089504
       2b222a2.....     0.0654884535
       2a222b2.....     0.0654884535
       2222.ab2....     0.0638878770
       2222.ba2....     0.0638878770
       2222aabb....    -0.0610929031
       2222bbaa....    -0.0610929030
       222.2ab.2...     0.0537497431
       222.2ba.2...     0.0537497431
       2.22222.....    -0.0502239217
       - FCI and RDMs                             17.23
