--------------------------------------------------
JOB FRONT-END 484547 on wux54
SLURM ENVIRONMENT
--------------------------------------------------
SLURM_JOB_ID                   = 484547              
SLURM_ARRAY_JOB_ID             = N/A                 
SLURM_ARRAY_TASK_ID            = N/A                 
SLURM_JOB_NAME                 = bagel-chain         
SLURM_JOB_PARTITION            = wux5x               
SLURM_JOB_NUM_NODES            = 1                   
SLURM_JOB_CPUS_PER_NODE        = 20                  
SLURM_NTASKS                   = 20                  
SLURM_NTASKS_PER_NODE          = N/A                 
--------------------------------------------------
--------------------------------------------------
PBS ENVIRONMENT
--------------------------------------------------
PBS_JOBID                      = 484547              
PBS_ARRAYID                    = N/A                 
PBS_JOBNAME                    = bagel-chain         
PBS_QUEUE                      = wux5x               
PBS_NUM_NODES                  = 1                   
PBS_NUM_PPN                    = 1                   
PBS_NP                         = 20                  
PBS_NODEFILE                   = /tmp/484547/nodes   
--------------------------------------------------
  * process grid (5, 4) will be used
    wux54                           
    wux54                           
    wux54                           
    wux54                           
    wux54                           
    wux54                           
    wux54                           
    wux54                           
    wux54                           
    wux54                           
    wux54                           
    wux54                           
    wux54                           
    wux54                           
    wux54                           
    wux54                           
    wux54                           
    wux54                           
    wux54                           
    wux54                           

  * using 20 threads per process

  ===============================================================
    BAGEL - Freshly leavened quantum chemistry                   
  ===============================================================

  *** Geometry ***

  { "atom" : "C", "xyz" : [      4.489882,     -1.151474,      1.719776 ] },
  { "atom" : "C", "xyz" : [      4.175237,      1.541442,      1.750428 ] },
  { "atom" : "C", "xyz" : [      1.951388,      2.657727,      0.868319 ] },
  { "atom" : "N", "xyz" : [      0.101935,      1.070781,      0.079020 ] },
  { "atom" : "B", "xyz" : [      0.153910,     -1.662891,      0.096997 ] },
  { "atom" : "C", "xyz" : [      2.580747,     -2.862757,      1.017111 ] },
  { "atom" : "C", "xyz" : [     -2.355408,     -1.775949,     -1.671159 ] },
  { "atom" : "C", "xyz" : [     -4.982215,     -1.160539,     -0.614330 ] },
  { "atom" : "C", "xyz" : [     -4.694681,      1.409357,     -0.679551 ] },
  { "atom" : "C", "xyz" : [     -2.033510,      1.225180,     -1.752929 ] },
  { "atom" : "H", "xyz" : [      6.369484,     -1.869073,      2.217909 ] },
  { "atom" : "H", "xyz" : [      5.724686,      2.753354,      2.367712 ] },
  { "atom" : "H", "xyz" : [      1.669718,      4.701257,      0.747376 ] },
  { "atom" : "H", "xyz" : [      3.064006,     -4.873208,      1.005732 ] },
  { "atom" : "H", "xyz" : [     -2.258601,     -2.828384,     -3.457947 ] },
  { "atom" : "H", "xyz" : [     -6.552435,     -2.364274,     -0.027810 ] },
  { "atom" : "H", "xyz" : [     -5.890888,      3.003654,     -0.147898 ] },
  { "atom" : "H", "xyz" : [     -1.513255,      2.185797,     -3.518758 ] },

  Number of auxiliary basis functions:      884

  Since a DF basis is specified, we compute 2- and 3-index integrals:
    o Being stored without compression. Storage requirement is 0.645 GB
       - 3-index ints prep                         0.00
       - 3-index ints                              0.15
       - 2-index ints                              0.02
       - computing inverse                         0.10
        elapsed time:        0.27 sec.


  Number of basis functions:      302
  Number of electrons      :       68


    * METHOD: MOLECULE                             0.30

       - 3-index ints prep                         0.00
       - 3-index ints                              0.12
       - 2-index ints                              0.02
       - computing inverse                         0.08

  Using the coefficient projected to the input geometry 


    * METHOD: LOAD_REF                             0.32

  ---------------------------
      CASSCF calculation     
  ---------------------------

    * nstate   :      2
    * nclosed  :     28
    * nact     :     12
    * nvirt    :    262
  === CASSCF iteration (/home/buehlerm/software/bagel/installation/share/aug-cc-pVDZ.json) ===

    * Using the second-order algorithm

      0  0      -386.77720112     1.24e-02     15.59
      0  1      -386.60117702     0.00e+00     15.59

         res : 8.23e-02   lamb: 1.00e+00   eps : -9.62e-02   step: 1.24e-01    0.06
         res : 2.69e-02   lamb: 1.00e+00   eps : -9.74e-02   step: 1.27e-01    0.06
         res : 6.82e-03   lamb: 1.00e+00   eps : -9.75e-02   step: 1.28e-01    0.06
         res : 2.22e-03   lamb: 1.00e+00   eps : -9.76e-02   step: 1.29e-01    0.06
         res : 5.57e-04   lamb: 1.00e+00   eps : -9.76e-02   step: 1.29e-01    0.06
         res : 1.89e-04   lamb: 1.00e+00   eps : -9.76e-02   step: 1.29e-01    0.06
         res : 6.19e-05   lamb: 1.00e+00   eps : -9.76e-02   step: 1.29e-01    0.06
         res : 2.21e-05   lamb: 1.00e+00   eps : -9.76e-02   step: 1.29e-01    0.06
         res : 8.70e-06   lamb: 1.00e+00   eps : -9.76e-02   step: 1.29e-01    0.06

      1  0      -386.82697884     1.69e-04     16.53
      1  1      -386.65059856     0.00e+00     16.53

         res : 8.30e-03   lamb: 1.00e+00   eps : -1.83e-04   step: 2.59e-02    0.06
         res : 2.94e-03   lamb: 1.00e+00   eps : -2.01e-04   step: 3.13e-02    0.07
         res : 9.66e-04   lamb: 1.00e+00   eps : -2.05e-04   step: 3.41e-02    0.06
         res : 5.57e-04   lamb: 1.00e+00   eps : -2.05e-04   step: 3.53e-02    0.06
         res : 3.15e-04   lamb: 1.00e+00   eps : -2.06e-04   step: 3.58e-02    0.06
         res : 1.70e-04   lamb: 1.00e+00   eps : -2.06e-04   step: 3.59e-02    0.06
         res : 8.19e-05   lamb: 1.00e+00   eps : -2.06e-04   step: 3.59e-02    0.06
         res : 5.29e-05   lamb: 1.00e+00   eps : -2.06e-04   step: 3.59e-02    0.06
         res : 3.16e-05   lamb: 1.00e+00   eps : -2.06e-04   step: 3.59e-02    0.06
         res : 1.43e-05   lamb: 1.00e+00   eps : -2.06e-04   step: 3.59e-02    0.06
         res : 6.37e-06   lamb: 1.00e+00   eps : -2.06e-04   step: 3.59e-02    0.06
         res : 2.43e-06   lamb: 1.00e+00   eps : -2.06e-04   step: 3.59e-02    0.06

      2  0      -386.82707107     2.92e-05     16.79
      2  1      -386.65072081     0.00e+00     16.79

         res : 9.89e-04   lamb: 1.00e+00   eps : -1.82e-06   step: 1.50e-03    0.06
         res : 2.69e-04   lamb: 1.00e+00   eps : -2.08e-06   step: 2.35e-03    0.06
         res : 1.27e-04   lamb: 1.00e+00   eps : -2.11e-06   step: 2.60e-03    0.06
         res : 5.58e-05   lamb: 1.00e+00   eps : -2.12e-06   step: 2.68e-03    0.06
         res : 3.51e-05   lamb: 1.00e+00   eps : -2.12e-06   step: 2.70e-03    0.06
         res : 2.03e-05   lamb: 1.00e+00   eps : -2.12e-06   step: 2.71e-03    0.06
         res : 1.17e-05   lamb: 1.00e+00   eps : -2.12e-06   step: 2.71e-03    0.06
         res : 5.99e-06   lamb: 1.00e+00   eps : -2.12e-06   step: 2.71e-03    0.06
         res : 2.88e-06   lamb: 1.00e+00   eps : -2.12e-06   step: 2.71e-03    0.06
         res : 1.44e-06   lamb: 1.00e+00   eps : -2.12e-06   step: 2.71e-03    0.06
         res : 6.02e-07   lamb: 1.00e+00   eps : -2.12e-06   step: 2.71e-03    0.06
         res : 2.64e-07   lamb: 1.00e+00   eps : -2.12e-06   step: 2.71e-03    0.06

      3  0      -386.82707946     9.45e-06     16.72
      3  1      -386.65071520     0.00e+00     16.72

         res : 3.19e-04   lamb: 1.00e+00   eps : -2.12e-07   step: 5.81e-04    0.06
         res : 8.68e-05   lamb: 1.00e+00   eps : -2.44e-07   step: 9.32e-04    0.06
         res : 3.81e-05   lamb: 1.00e+00   eps : -2.47e-07   step: 9.99e-04    0.06
         res : 1.40e-05   lamb: 1.00e+00   eps : -2.48e-07   step: 1.01e-03    0.06
         res : 7.44e-06   lamb: 1.00e+00   eps : -2.48e-07   step: 1.02e-03    0.06
         res : 3.75e-06   lamb: 1.00e+00   eps : -2.48e-07   step: 1.02e-03    0.06
         res : 2.45e-06   lamb: 1.00e+00   eps : -2.48e-07   step: 1.02e-03    0.06
         res : 1.42e-06   lamb: 1.00e+00   eps : -2.48e-07   step: 1.02e-03    0.06
         res : 7.04e-07   lamb: 1.00e+00   eps : -2.48e-07   step: 1.02e-03    0.06
         res : 3.56e-07   lamb: 1.00e+00   eps : -2.48e-07   step: 1.02e-03    0.06
         res : 1.62e-07   lamb: 1.00e+00   eps : -2.48e-07   step: 1.02e-03    0.06
         res : 7.96e-08   lamb: 1.00e+00   eps : -2.48e-07   step: 1.02e-03    0.06

      4  0      -386.82708490     3.65e-06     16.75
      4  1      -386.65071011     0.00e+00     16.75

         res : 1.45e-04   lamb: 1.00e+00   eps : -3.97e-08   step: 2.96e-04    0.07
         res : 3.60e-05   lamb: 1.00e+00   eps : -4.63e-08   step: 4.66e-04    0.06
         res : 1.56e-05   lamb: 1.00e+00   eps : -4.68e-08   step: 4.89e-04    0.06
         res : 5.07e-06   lamb: 1.00e+00   eps : -4.69e-08   step: 4.93e-04    0.06
         res : 2.39e-06   lamb: 1.00e+00   eps : -4.69e-08   step: 4.95e-04    0.06
         res : 9.50e-07   lamb: 1.00e+00   eps : -4.69e-08   step: 4.95e-04    0.06
         res : 4.54e-07   lamb: 1.00e+00   eps : -4.69e-08   step: 4.95e-04    0.07
         res : 2.58e-07   lamb: 1.00e+00   eps : -4.69e-08   step: 4.95e-04    0.07
         res : 1.42e-07   lamb: 1.00e+00   eps : -4.69e-08   step: 4.95e-04    0.07
         res : 7.55e-08   lamb: 1.00e+00   eps : -4.69e-08   step: 4.95e-04    0.06
         res : 4.01e-08   lamb: 1.00e+00   eps : -4.69e-08   step: 4.95e-04    0.07

      5  0      -386.82708792     1.58e-06     16.73
      5  1      -386.65070717     0.00e+00     16.73

         res : 7.34e-05   lamb: 1.00e+00   eps : -9.13e-09   step: 1.57e-04    0.06
         res : 1.66e-05   lamb: 1.00e+00   eps : -1.07e-08   step: 2.39e-04    0.06
         res : 7.27e-06   lamb: 1.00e+00   eps : -1.08e-08   step: 2.49e-04    0.06
         res : 2.24e-06   lamb: 1.00e+00   eps : -1.08e-08   step: 2.51e-04    0.06
         res : 1.02e-06   lamb: 1.00e+00   eps : -1.08e-08   step: 2.51e-04    0.06
         res : 3.96e-07   lamb: 1.00e+00   eps : -1.08e-08   step: 2.51e-04    0.06
         res : 1.57e-07   lamb: 1.00e+00   eps : -1.08e-08   step: 2.51e-04    0.06
         res : 7.66e-08   lamb: 1.00e+00   eps : -1.08e-08   step: 2.51e-04    0.06
         res : 3.74e-08   lamb: 1.00e+00   eps : -1.08e-08   step: 2.51e-04    0.06
         res : 1.71e-08   lamb: 1.00e+00   eps : -1.08e-08   step: 2.51e-04    0.06

      6  0      -386.82708950     7.35e-07     16.49
      6  1      -386.65070560     0.00e+00     16.49

         res : 3.76e-05   lamb: 1.00e+00   eps : -2.27e-09   step: 8.30e-05    0.06
         res : 8.11e-06   lamb: 1.00e+00   eps : -2.65e-09   step: 1.23e-04    0.06
         res : 3.55e-06   lamb: 1.00e+00   eps : -2.68e-09   step: 1.27e-04    0.06
         res : 1.08e-06   lamb: 1.00e+00   eps : -2.69e-09   step: 1.28e-04    0.06
         res : 4.78e-07   lamb: 1.00e+00   eps : -2.69e-09   step: 1.28e-04    0.06
         res : 1.90e-07   lamb: 1.00e+00   eps : -2.69e-09   step: 1.28e-04    0.06
         res : 7.17e-08   lamb: 1.00e+00   eps : -2.69e-09   step: 1.28e-04    0.06
         res : 3.62e-08   lamb: 1.00e+00   eps : -2.69e-09   step: 1.28e-04    0.06
         res : 1.94e-08   lamb: 1.00e+00   eps : -2.69e-09   step: 1.28e-04    0.06
         res : 1.05e-08   lamb: 1.00e+00   eps : -2.69e-09   step: 1.28e-04    0.06

      7  0      -386.82709032     3.56e-07     16.71
      7  1      -386.65070479     0.00e+00     16.71

         res : 1.92e-05   lamb: 1.00e+00   eps : -5.81e-10   step: 4.32e-05    0.06
         res : 4.08e-06   lamb: 1.00e+00   eps : -6.76e-10   step: 6.26e-05    0.06
         res : 1.77e-06   lamb: 1.00e+00   eps : -6.84e-10   step: 6.49e-05    0.06
         res : 5.43e-07   lamb: 1.00e+00   eps : -6.85e-10   step: 6.53e-05    0.06
         res : 2.35e-07   lamb: 1.00e+00   eps : -6.85e-10   step: 6.55e-05    0.06
         res : 9.41e-08   lamb: 1.00e+00   eps : -6.85e-10   step: 6.55e-05    0.06
         res : 3.47e-08   lamb: 1.00e+00   eps : -6.85e-10   step: 6.54e-05    0.06
         res : 1.74e-08   lamb: 1.00e+00   eps : -6.85e-10   step: 6.54e-05    0.06
         res : 9.61e-09   lamb: 1.00e+00   eps : -6.85e-10   step: 6.54e-05    0.06
         res : 5.51e-09   lamb: 1.00e+00   eps : -6.85e-10   step: 6.54e-05    0.06

      8  0      -386.82709073     1.77e-07     16.56
      8  1      -386.65070437     0.00e+00     16.56

         res : 9.78e-06   lamb: 1.00e+00   eps : -1.50e-10   step: 2.23e-05    0.07
         res : 2.07e-06   lamb: 1.00e+00   eps : -1.74e-10   step: 3.19e-05    0.07
         res : 8.92e-07   lamb: 1.00e+00   eps : -1.76e-10   step: 3.31e-05    0.07
         res : 2.76e-07   lamb: 1.00e+00   eps : -1.76e-10   step: 3.33e-05    0.07
         res : 1.18e-07   lamb: 1.00e+00   eps : -1.76e-10   step: 3.34e-05    0.07
         res : 4.72e-08   lamb: 1.00e+00   eps : -1.76e-10   step: 3.34e-05    0.07
         res : 1.72e-08   lamb: 1.00e+00   eps : -1.76e-10   step: 3.33e-05    0.07
         res : 8.39e-09   lamb: 1.00e+00   eps : -1.76e-10   step: 3.33e-05    0.07
         res : 4.57e-09   lamb: 1.00e+00   eps : -1.76e-10   step: 3.33e-05    0.07

      9  0      -386.82709095     8.87e-08     16.66
      9  1      -386.65070416     0.00e+00     16.66

         res : 4.98e-06   lamb: 1.00e+00   eps : -3.88e-11   step: 1.14e-05    0.06
         res : 1.05e-06   lamb: 1.00e+00   eps : -4.50e-11   step: 1.63e-05    0.06
         res : 4.52e-07   lamb: 1.00e+00   eps : -4.56e-11   step: 1.68e-05    0.06
         res : 1.41e-07   lamb: 1.00e+00   eps : -4.56e-11   step: 1.69e-05    0.06
         res : 6.00e-08   lamb: 1.00e+00   eps : -4.56e-11   step: 1.70e-05    0.06
         res : 2.39e-08   lamb: 1.00e+00   eps : -4.56e-11   step: 1.70e-05    0.06
         res : 8.67e-09   lamb: 1.00e+00   eps : -4.56e-11   step: 1.70e-05    0.06
         res : 4.18e-09   lamb: 1.00e+00   eps : -4.56e-11   step: 1.70e-05    0.06

     10  0      -386.82709106     4.48e-08     16.44
     10  1      -386.65070405     0.00e+00     16.44

         res : 2.53e-06   lamb: 1.00e+00   eps : -1.01e-11   step: 5.83e-06    0.06
         res : 5.37e-07   lamb: 1.00e+00   eps : -1.17e-11   step: 8.27e-06    0.06
         res : 2.30e-07   lamb: 1.00e+00   eps : -1.18e-11   step: 8.57e-06    0.06
         res : 7.18e-08   lamb: 1.00e+00   eps : -1.18e-11   step: 8.62e-06    0.06
         res : 3.06e-08   lamb: 1.00e+00   eps : -1.18e-11   step: 8.64e-06    0.06
         res : 1.22e-08   lamb: 1.00e+00   eps : -1.18e-11   step: 8.64e-06    0.06
         res : 4.42e-09   lamb: 1.00e+00   eps : -1.18e-11   step: 8.64e-06    0.06

     11  0      -386.82709111     2.27e-08     16.29
     11  1      -386.65070400     0.00e+00     16.29

         res : 1.29e-06   lamb: 1.00e+00   eps : -2.61e-12   step: 2.98e-06    0.06
         res : 2.74e-07   lamb: 1.00e+00   eps : -3.02e-12   step: 4.21e-06    0.06
         res : 1.17e-07   lamb: 1.00e+00   eps : -3.05e-12   step: 4.36e-06    0.06
         res : 3.67e-08   lamb: 1.00e+00   eps : -3.06e-12   step: 4.39e-06    0.06
         res : 1.56e-08   lamb: 1.00e+00   eps : -3.06e-12   step: 4.40e-06    0.06
         res : 6.21e-09   lamb: 1.00e+00   eps : -3.06e-12   step: 4.40e-06    0.06
         res : 2.27e-09   lamb: 1.00e+00   eps : -3.06e-12   step: 4.40e-06    0.06

     12  0      -386.82709114     1.15e-08     16.28
     12  1      -386.65070397     0.00e+00     16.28

         res : 6.57e-07   lamb: 1.00e+00   eps : -6.75e-13   step: 1.52e-06    0.06
         res : 1.39e-07   lamb: 1.00e+00   eps : -7.82e-13   step: 2.14e-06    0.06
         res : 5.95e-08   lamb: 1.00e+00   eps : -7.91e-13   step: 2.22e-06    0.06
         res : 1.87e-08   lamb: 1.00e+00   eps : -7.92e-13   step: 2.23e-06    0.06
         res : 7.96e-09   lamb: 1.00e+00   eps : -7.92e-13   step: 2.24e-06    0.06
         res : 3.16e-09   lamb: 1.00e+00   eps : -7.92e-13   step: 2.24e-06    0.06

     13  0      -386.82709115     5.87e-09     16.32
     13  1      -386.65070395     0.00e+00     16.32

    * Second-order optimization converged. *   

    * Integral transformation done. Elapsed time: 0.08

       - jop, kop                                  0.00
       - denom                                     0.02
     guess   0:   closed 111111......         open ............        
     guess   1:   closed 11111.......         open .....11.....        

  === FCI iteration ===

      0  0      -386.69362651     3.85e-04      0.60
      0  1      -386.45958604     4.09e-04      0.00

      1  0      -386.80478332     1.82e-04      0.60
      1  1      -386.59382814     2.48e-04      0.00

      2  0      -386.82333074     8.07e-05      0.61
      2  1      -386.63597299     1.33e-04      0.00

      3  0      -386.82648539     3.38e-05      0.60
      3  1      -386.64666283     6.97e-05      0.00

      4  0      -386.82699937     1.35e-05      0.61
      4  1      -386.64948057     3.84e-05      0.00

      5  0      -386.82707693     5.43e-06      0.61
      5  1      -386.65032215     2.11e-05      0.00

      6  0      -386.82708889     2.15e-06      0.61
      6  1      -386.65056486     1.16e-05      0.00

      7  0      -386.82709077     8.57e-07      0.61
      7  1      -386.65064081     6.91e-06      0.00

      8  0      -386.82709109     3.71e-07      0.61
      8  1      -386.65067615     5.25e-06      0.00

      9  0      -386.82709114     1.50e-07      0.61
      9  1      -386.65069550     3.59e-06      0.00

     10  0      -386.82709115     5.60e-08      0.62
     10  1      -386.65070209     1.81e-06      0.00

     11  0      -386.82709115     1.92e-08      0.63
     11  1      -386.65070358     7.87e-07      0.00

     12  0      -386.82709115     6.70e-09      0.63
     12  1      -386.65070386     3.56e-07      0.00

     13  0      -386.82709115     2.62e-09      0.62
     13  1      -386.65070393     1.86e-07      0.00

     14  0      -386.82709115     1.05e-09      0.62
     14  1      -386.65070395     9.30e-08      0.00

     15  0      -386.82709115     4.12e-10      0.62
     15  1      -386.65070395     4.50e-08      0.00

     16  0      -386.82709115     1.63e-10      0.62
     16  1      -386.65070395     2.34e-08      0.00

     17  0 *    -386.82709115     6.82e-11      0.53
     17  1      -386.65070395     1.34e-08      0.00

     18  0 *    -386.82709115     6.06e-11      0.32
     18  1      -386.65070395     7.60e-09      0.00

     19  0 *    -386.82709115     5.95e-11      0.33
     19  1      -386.65070395     3.85e-09      0.00

     20  0 *    -386.82709115     5.94e-11      0.33
     20  1      -386.65070395     1.85e-09      0.00

     21  0 *    -386.82709115     5.94e-11      0.33
     21  1      -386.65070395     8.66e-10      0.00
    ** throwing out 1 trial vectors **

     22  0 *    -386.82709115     5.93e-11      0.33
     22  1      -386.65070395     4.19e-10      0.00
    ** throwing out 1 trial vectors **

     23  0 *    -386.82709115     5.91e-11      0.33
     23  1      -386.65070395     2.14e-10      0.00
    ** throwing out 1 trial vectors **

     24  0 *    -386.82709115     5.90e-11      0.33
     24  1      -386.65070395     1.14e-10      0.00
    ** throwing out 1 trial vectors **

     25  0 *    -386.82709115     5.89e-11      0.23
     25  1 *    -386.65070395     5.81e-11      0.00

     * ci vector   0, <S^2> = -0.0000, E =     -386.82709115
       222222......     0.9081197883
       222.22..2...    -0.1870820459
       2222.22.....    -0.1266978171
       22222..2....    -0.1168236419
       2.2222....2.    -0.0872836548
       2222aabb....    -0.0688117796
       2222bbaa....    -0.0688117796
       2222abab....    -0.0679214187
       2222baba....    -0.0679214187
       .22222.....2    -0.0658952085
       22222ab.....     0.0640323835
       22222ba.....     0.0640323835
       22222.2.....    -0.0631283046

     * ci vector   1, <S^2> = -0.0000, E =     -386.65070395
       22222ab.....    -0.5617337335
       22222ba.....    -0.5617337335
       2222b2.a....     0.2443594844
       2222a2.b....     0.2443594844
       222.2ab.2...     0.1153142451
       222.2ba.2...     0.1153142451
       222222......     0.1017634065
       22a2b22.....    -0.0949442260
       22b2a22.....    -0.0949442260
       22222..a.b..    -0.0778540025
       22222..b.a..    -0.0778540025
       22222.a..b..    -0.0611989172
       22222.b..a..    -0.0611989172
       2222abb..a..     0.0603157725
       2222baa..b..     0.0603157725
       22b22aab....     0.0596679669
       22a22bba....     0.0596679669
       2222ab2.....     0.0592138685
       2222ba2.....     0.0592138685
       2222.2b..a..     0.0582764194
       2222.2a..b..     0.0582764194
       22a22b2.....    -0.0563318084
       22b22a2.....    -0.0563318084
       22a2b2ba....    -0.0550552375
       22b2a2ab....    -0.0550552375
       2.222ab...2.     0.0537868305
       2.222ba...2.     0.0537868305
       22b22a.2....     0.0534623612
       22a22b.2....     0.0534623612
       2222ba.a.b..    -0.0514659485
       2222ab.b.a..    -0.0514659485
       2222.2.2....    -0.0512078622
       2222baba....    -0.0504682025
       2222abab....    -0.0504682025
       222.b2.a2...    -0.0503295362
       222.a2.b2...    -0.0503295362

    * METHOD: CASSCF                             246.31


    * METHOD: PRINT                                0.07


    * METHOD: SAVE_REF                             0.17

  === SMITH program ===

    * freezing 10 orbitals
    * SS-SR internal contraction is used

    * Approximate memory requirement for SMITH calculation per MPI process:
      o Storage requirement for T-amplitude, lambda, and residual is 0.43 GB
      o Storage requirement for MO integrals is 0.03 GB
       - MO integral evaluation                    0.74

  ++ State-averaged Fock matrix over basis states ++

                         0                   1
     0       -4.8657508127       -0.0195461578
     1       -0.0195461578       -4.4873554662


  ++ Extended multi-state CASPT2 (XMS-CASPT2) rotation matrix ++

                         0                   1
     0       -0.9986755689        0.0514500535
     1       -0.0514500535       -0.9986755689


     * ci vector, state   0, <S^2> = 0.0000
       222222......    -0.9121527789
       222.22..2...     0.1878426998
       2222.22.....     0.1265270898
       22222..2....     0.1171371826
       2.2222....2.     0.0876837903
       2222baba....     0.0704280532
       2222abab....     0.0704280532
       2222bbaa....     0.0693620898
       2222aabb....     0.0693620898
       .22222.....2     0.0661583883
       22222.2.....     0.0642765704

     * ci vector, state   1, <S^2> = -0.0000
       22222ab.....     0.5642842254
       22222ba.....     0.5642842254
       2222b2.a....    -0.2461723467
       2222a2.b....    -0.2461723467
       222.2ab.2...    -0.1158539770
       222.2ba.2...    -0.1158539770
       22a2b22.....     0.0949481323
       22b2a22.....     0.0949481323
       22222..a.b..     0.0781186026
       22222..b.a..     0.0781186026
       2222abb..a..    -0.0615111033
       2222baa..b..    -0.0615111033
       22222.a..b..     0.0614685580
       22222.b..a..     0.0614685580
       22b22aab....    -0.0603968013
       22a22bba....    -0.0603968013
       2222ab2.....    -0.0602722288
       2222ba2.....    -0.0602722288
       2222.2b..a..    -0.0596709866
       2222.2a..b..    -0.0596709866
       22a22b2.....     0.0568476448
       22b22a2.....     0.0568476448
       22b22a.2....    -0.0550538135
       22a22b.2....    -0.0550538135
       222222......    -0.0549058162
       22a2b2ba....     0.0542429338
       22b2a2ab....     0.0542429338
       2.222ab...2.    -0.0540257309
       2.222ba...2.    -0.0540257309
       222.b2.a2...     0.0507006732
       222.a2.b2...     0.0507006732
       2222ba.a.b..     0.0505397616
       2222ab.b.a..     0.0505397616
       2222.2.2....     0.0501359142

  ++ Reference energies in XMS basis ++

                         0                   1
     0     -386.8266242371        0.0090631114
     1        0.0090631114     -386.6511708703

    * Calculating and saving rdm4f

    * Third and Fock-weighted fourth order RDM ( 1, 1) evaluation
      will be done with 40 passes
       - RDM evaluation (multipassing)            35.77
    * Third and Fock-weighted fourth order RDM ( 2, 1) evaluation
      will be done with 40 passes
       - RDM evaluation (multipassing)            58.65
    * Third and Fock-weighted fourth order RDM ( 1, 2) evaluation
      will be done with 40 passes
       - RDM evaluation (multipassing)            58.53
    * Third and Fock-weighted fourth order RDM ( 2, 2) evaluation
      will be done with 40 passes
       - RDM evaluation (multipassing)            35.65
    - linear dependency detected:    1 /  288    min eigenvalue:    -1.6300e-13    max eigenvalue:    -1.6300e-13
    - linear dependency detected:    1 /  288    min eigenvalue:    -8.5106e-14    max eigenvalue:    -8.5106e-14
    - linear dependency detected:   12 / 1728    min eigenvalue:    -3.1532e-13    max eigenvalue:     3.9077e-15
    - linear dependency detected:   12 / 1728    min eigenvalue:    -1.9965e-13    max eigenvalue:     6.6168e-14
    - linear dependency detected:   12 / 1728    min eigenvalue:    -5.0341e-15    max eigenvalue:     1.9250e-15
    - linear dependency detected:   12 / 1728    min eigenvalue:    -1.9180e-15    max eigenvalue:     3.3654e-15
       - RDM + denominator evaluation            223.75

    * Zeroth order energy : state  0       -4.8667577973
    * Zeroth order energy : state  1       -4.4863484816

    * CASPT2 iteration is performed using redundant basis

      ---- iteration ----

        0    -1.04036595     0.00251460      5.95
        1    -1.04331327     0.00034556      6.10
        2    -1.04337225     0.00004875      6.08
        3    -1.04337368     0.00000874      6.05
        4    -1.04337373     0.00000145      6.09
        5    -1.04337373     0.00000030      6.66

        0    -1.04854630     0.00247182      6.63
        1    -1.05159499     0.00034386      6.09
        2    -1.05165885     0.00004908      6.05
        3    -1.05166043     0.00000892      6.12
        4    -1.05166049     0.00000147      6.63
        5    -1.05166049     0.00000030      6.59

      -------------------

       - CASPT2 energy evaluation                 76.75

    * CASPT2 energy : state  0     -388.0241065934
        w/o shift correction       -387.8699979644
        reference weight              0.7643990277

    * CASPT2 energy : state  1     -387.8636347801
        w/o shift correction       -387.7028313581
        reference weight              0.7566546772


    * MS-CASPT2 Heff
           -388.0241065934        0.0065658819
              0.0065658819     -387.8636347801


    * MS-CASPT2 rotation matrix
             -0.9991667697       -0.0408138010
              0.0408138010       -0.9991667697


    * XMS-CASPT2 rotation matrix
              0.9999433144       -0.0106474378
              0.0106474378        0.9999433144

    * MS-CASPT2 energy : state  0     -388.0243747955
    * MS-CASPT2 energy : state  1     -387.8633665781



    * METHOD: SMITH                              311.23


  
  ===============================================================

