    * Using parallel algorithm in FCI.
    * Parallel algorithm will be used.
  ---------------------------
        FCI calculation      
  ---------------------------

 Constructing space of all determinants that can formed by removing 1 electron from 6 alpha and 6 beta electrons.

 Space is made up of 4 determinants.
  o forming links
    * Integral transformation done. Elapsed time: 0.09

       - jop, kop                                  0.00
       - denom                                     0.02
     guess   0:   closed 111111......         open ............        
     guess   1:   closed 11111.......         open .....11.....        

  === FCI iteration ===

      0  0      -386.64396918     3.85e-04      0.61
      0  1      -386.41123650     4.08e-04      0.00

      1  0      -386.75491089     1.82e-04      0.60
      1  1      -386.54481083     2.47e-04      0.00

      2  0      -386.77342168     8.07e-05      0.60
      2  1      -386.58651123     1.33e-04      0.00

      3  0      -386.77658733     3.39e-05      0.60
      3  1      -386.59711146     6.95e-05      0.00

      4  0      -386.77710781     1.36e-05      0.63
      4  1      -386.59992574     3.85e-05      0.00

      5  0      -386.77718664     5.47e-06      0.64
      5  1      -386.60077782     2.13e-05      0.00

      6  0      -386.77719879     2.17e-06      0.64
      6  1      -386.60102754     1.18e-05      0.00

      7  0      -386.77720071     8.71e-07      0.64
      7  1      -386.60110803     7.19e-06      0.00

      8  0      -386.77720105     3.79e-07      0.64
      8  1      -386.60114705     5.55e-06      0.00

      9  0      -386.77720111     1.52e-07      0.65
      9  1      -386.60116828     3.70e-06      0.00

     10  0      -386.77720111     5.67e-08      0.65
     10  1      -386.60117515     1.82e-06      0.00

     11  0      -386.77720112     1.95e-08      0.65
     11  1      -386.60117665     7.87e-07      0.00

     12  0      -386.77720112     6.91e-09      0.66
     12  1      -386.60117693     3.53e-07      0.00

     13  0      -386.77720112     2.73e-09      0.65
     13  1      -386.60117700     1.83e-07      0.00

     14  0      -386.77720112     1.11e-09      0.63
     14  1      -386.60117701     9.05e-08      0.00

     15  0      -386.77720112     4.36e-10      0.64
     15  1      -386.60117702     4.33e-08      0.00

     16  0      -386.77720112     1.71e-10      0.63
     16  1      -386.60117702     2.15e-08      0.00

     17  0 *    -386.77720112     7.05e-11      0.54
     17  1      -386.60117702     1.18e-08      0.00

     18  0 *    -386.77720112     6.21e-11      0.33
     18  1      -386.60117702     6.74e-09      0.00

     19  0 *    -386.77720112     6.07e-11      0.33
     19  1      -386.60117702     3.57e-09      0.00

     20  0 *    -386.77720112     6.07e-11      0.33
     20  1      -386.60117702     1.77e-09      0.00

     21  0 *    -386.77720112     6.07e-11      0.33
     21  1      -386.60117702     8.38e-10      0.00
    ** throwing out 1 trial vectors **

     22  0 *    -386.77720112     6.05e-11      0.34
     22  1      -386.60117702     4.00e-10      0.00
    ** throwing out 1 trial vectors **

     23  0 *    -386.77720112     6.03e-11      0.34
     23  1      -386.60117702     1.97e-10      0.00
    ** throwing out 1 trial vectors **

     24  0 *    -386.77720112     6.01e-11      0.34
     24  1      -386.60117702     1.00e-10      0.00
    ** throwing out 1 trial vectors **

     25  0 *    -386.77720112     5.99e-11      0.24
     25  1 *    -386.60117702     5.02e-11      0.00

     * ci vector   0, <S^2> = 0.0000, E =     -386.77720112
       222222......    -0.9076543446
       222.22..2...     0.1881198977
       2222.22.....     0.1257589653
       22222..2....     0.1168643381
       2.2222....2.     0.0862798219
       2222bbaa....     0.0688376000
       2222aabb....     0.0688376000
       2222abab....     0.0675464476
       2222baba....     0.0675464476
       22222ab.....    -0.0656384728
       22222ba.....    -0.0656384728
       .22222.....2     0.0649449873
       22222.2.....     0.0629880608

     * ci vector   1, <S^2> = -0.0000, E =     -386.60117702
       22222ab.....    -0.5624037846
       22222ba.....    -0.5624037846
       2222b2.a....     0.2434730769
       2222a2.b....     0.2434730769
       222.2ab.2...     0.1160970945
       222.2ba.2...     0.1160970945
       222222......     0.1036148308
       22a2b22.....    -0.0933407636
       22b2a22.....    -0.0933407636
       22222..a.b..    -0.0791607762
       22222..b.a..    -0.0791607762
       2222abb..a..     0.0624908310
       2222baa..b..     0.0624908310
       22222.a..b..    -0.0601726329
       22222.b..a..    -0.0601726329
       2222ab2.....     0.0584655245
       2222ba2.....     0.0584655245
       22b22aab....     0.0583040303
       22a22bba....     0.0583040303
       22a22b2.....    -0.0576205732
       22b22a2.....    -0.0576205732
       2222.2b..a..     0.0571754844
       2222.2a..b..     0.0571754844
       22a2b2ba....    -0.0569470342
       22b2a2ab....    -0.0569470342
       22b22a.2....     0.0541209022
       22a22b.2....     0.0541209022
       2.222ab...2.     0.0532982007
       2.222ba...2.     0.0532982007
       2222.2.2....    -0.0505837555
       222.b2.a2...    -0.0504397714
       222.a2.b2...    -0.0504397714
       2222ba.a.b..    -0.0503627756
       2222ab.b.a..    -0.0503627756
       - FCI and RDMs                             15.48
    * Integral transformation done. Elapsed time: 0.08

       - jop, kop                                  0.00
       - denom                                     0.02
     guess   0:   closed 111111......         open ............        
     guess   1:   closed 11111.......         open .....11.....        

  === FCI iteration ===

      0  0      -386.69378870     3.85e-04      0.60
      0  1      -386.46029903     4.08e-04      0.00

      1  0      -386.80475058     1.82e-04      0.60
      1  1      -386.59414680     2.48e-04      0.00

      2  0      -386.82322572     8.06e-05      0.61
      2  1      -386.63599221     1.33e-04      0.00

      3  0      -386.82637099     3.38e-05      0.61
      3  1      -386.64659496     6.93e-05      0.00

      4  0      -386.82688625     1.36e-05      0.61
      4  1      -386.64938751     3.82e-05      0.00

      5  0      -386.82696444     5.46e-06      0.61
      5  1      -386.65022101     2.10e-05      0.00

      6  0      -386.82697655     2.17e-06      0.62
      6  1      -386.65046099     1.15e-05      0.00

      7  0      -386.82697845     8.61e-07      0.61
      7  1      -386.65053606     6.87e-06      0.00

      8  0      -386.82697877     3.73e-07      0.62
      8  1      -386.65057113     5.24e-06      0.00

      9  0      -386.82697883     1.51e-07      0.62
      9  1      -386.65059031     3.56e-06      0.00

     10  0      -386.82697884     5.63e-08      0.62
     10  1      -386.65059675     1.78e-06      0.00

     11  0      -386.82697884     1.94e-08      0.63
     11  1      -386.65059819     7.77e-07      0.00

     12  0      -386.82697884     6.84e-09      0.62
     12  1      -386.65059847     3.53e-07      0.00

     13  0      -386.82697884     2.69e-09      0.62
     13  1      -386.65059854     1.85e-07      0.00

     14  0      -386.82697884     1.08e-09      0.63
     14  1      -386.65059855     9.26e-08      0.00

     15  0      -386.82697884     4.24e-10      0.62
     15  1      -386.65059856     4.45e-08      0.00

     16  0      -386.82697884     1.68e-10      0.63
     16  1      -386.65059856     2.25e-08      0.00

     17  0 *    -386.82697884     6.99e-11      0.53
     17  1      -386.65059856     1.27e-08      0.00

     18  0 *    -386.82697884     6.11e-11      0.33
     18  1      -386.65059856     7.15e-09      0.00

     19  0 *    -386.82697884     5.99e-11      0.33
     19  1      -386.65059856     3.62e-09      0.00

     20  0 *    -386.82697884     5.98e-11      0.33
     20  1      -386.65059856     1.73e-09      0.00

     21  0 *    -386.82697884     5.98e-11      0.34
     21  1      -386.65059856     8.09e-10      0.00
    ** throwing out 1 trial vectors **

     22  0 *    -386.82697884     5.97e-11      0.34
     22  1      -386.65059856     3.87e-10      0.00
    ** throwing out 1 trial vectors **

     23  0 *    -386.82697884     5.95e-11      0.34
     23  1      -386.65059856     1.94e-10      0.00
    ** throwing out 1 trial vectors **

     24  0 *    -386.82697884     5.93e-11      0.34
     24  1      -386.65059856     1.02e-10      0.00
    ** throwing out 1 trial vectors **

     25  0 *    -386.82697884     5.92e-11      0.24
     25  1 *    -386.65059856     5.22e-11      0.00

     * ci vector   0, <S^2> = -0.0000, E =     -386.82697884
       222222......     0.9082661845
       222.22..2...    -0.1878347105
       2222.22.....    -0.1260676744
       22222..2....    -0.1169591037
       2.2222....2.    -0.0870007672
       2222bbaa....    -0.0686999642
       2222aabb....    -0.0686999642
       2222baba....    -0.0674637906
       2222abab....    -0.0674637906
       .22222.....2    -0.0656764965
       22222ab.....     0.0633840476
       22222ba.....     0.0633840476
       22222.2.....    -0.0632419876

     * ci vector   1, <S^2> = -0.0000, E =     -386.65059856
       22222ab.....    -0.5625283730
       22222ba.....    -0.5625283730
       2222b2.a....     0.2430141529
       2222a2.b....     0.2430141529
       222.2ab.2...     0.1158910409
       222.2ba.2...     0.1158910409
       222222......     0.1010265408
       22a2b22.....     0.0939074952
       22b2a22.....     0.0939074952
       22222..a.b..     0.0787171528
       22222..b.a..     0.0787171528
       2222baa..b..    -0.0619092974
       2222abb..a..    -0.0619092974
       22222.a..b..    -0.0602290915
       22222.b..a..    -0.0602290915
       2222ab2.....    -0.0593247630
       2222ba2.....    -0.0593247630
       22a22bba....    -0.0583074306
       22b22aab....    -0.0583074306
       22a22b2.....    -0.0572812878
       22b22a2.....    -0.0572812878
       2222.2b..a..     0.0571085196
       2222.2a..b..     0.0571085196
       22a2b2ba....    -0.0556638529
       22b2a2ab....    -0.0556638529
       22b22a.2....     0.0540931366
       22a22b.2....     0.0540931366
       2.222ab...2.     0.0536860750
       2.222ba...2.     0.0536860750
       2222.2.2....    -0.0511686408
       2222ba.a.b..    -0.0504621689
       2222ab.b.a..    -0.0504621689
       2222baba....    -0.0504381171
       2222abab....    -0.0504381171
       222.b2.a2...    -0.0502299020
       222.a2.b2...    -0.0502299020
       - FCI and RDMs                             15.19
    * Integral transformation done. Elapsed time: 0.08

       - jop, kop                                  0.00
       - denom                                     0.02
     guess   0:   closed 111111......         open ............        
     guess   1:   closed 11111.......         open .....11.....        

  === FCI iteration ===

      0  0      -386.69372616     3.85e-04      0.60
      0  1      -386.45996310     4.09e-04      0.00

      1  0      -386.80479802     1.82e-04      0.61
      1  1      -386.59403008     2.48e-04      0.00

      2  0      -386.82331389     8.07e-05      0.61
      2  1      -386.63605043     1.33e-04      0.00

      3  0      -386.82646468     3.38e-05      0.61
      3  1      -386.64669864     6.95e-05      0.00

      4  0      -386.82697911     1.36e-05      0.62
      4  1      -386.64950300     3.83e-05      0.00

      5  0      -386.82705682     5.43e-06      0.62
      5  1      -386.65034054     2.10e-05      0.00

      6  0      -386.82706881     2.15e-06      0.63
      6  1      -386.65058222     1.16e-05      0.00

      7  0      -386.82707068     8.56e-07      0.62
      7  1      -386.65065790     6.90e-06      0.00

      8  0      -386.82707100     3.71e-07      0.62
      8  1      -386.65069319     5.25e-06      0.00

      9  0      -386.82707106     1.50e-07      0.62
      9  1      -386.65071247     3.57e-06      0.00

     10  0      -386.82707107     5.60e-08      0.62
     10  1      -386.65071898     1.80e-06      0.00

     11  0      -386.82707107     1.92e-08      0.62
     11  1      -386.65072044     7.80e-07      0.00

     12  0      -386.82707107     6.72e-09      0.62
     12  1      -386.65072072     3.54e-07      0.00

     13  0      -386.82707107     2.63e-09      0.63
     13  1      -386.65072079     1.85e-07      0.00

     14  0      -386.82707107     1.06e-09      0.63
     14  1      -386.65072080     9.32e-08      0.00

     15  0      -386.82707107     4.16e-10      0.63
     15  1      -386.65072081     4.53e-08      0.00

     16  0      -386.82707107     1.65e-10      0.63
     16  1      -386.65072081     2.34e-08      0.00

     17  0 *    -386.82707107     6.88e-11      0.54
     17  1      -386.65072081     1.33e-08      0.00

     18  0 *    -386.82707107     6.08e-11      0.33
     18  1      -386.65072081     7.52e-09      0.00

     19  0 *    -386.82707107     5.96e-11      0.34
     19  1      -386.65072081     3.79e-09      0.00

     20  0 *    -386.82707107     5.95e-11      0.33
     20  1      -386.65072081     1.81e-09      0.00

     21  0 *    -386.82707107     5.95e-11      0.33
     21  1      -386.65072081     8.46e-10      0.00
    ** throwing out 1 trial vectors **

     22  0 *    -386.82707107     5.94e-11      0.34
     22  1      -386.65072081     4.09e-10      0.00
    ** throwing out 1 trial vectors **

     23  0 *    -386.82707107     5.93e-11      0.34
     23  1      -386.65072081     2.09e-10      0.00
    ** throwing out 1 trial vectors **

     24  0 *    -386.82707107     5.91e-11      0.34
     24  1      -386.65072081     1.11e-10      0.00
    ** throwing out 1 trial vectors **

     25  0 *    -386.82707107     5.90e-11      0.24
     25  1 *    -386.65072081     5.69e-11      0.00

     * ci vector   0, <S^2> = 0.0000, E =     -386.82707107
       222222......    -0.9081579229
       222.22..2...     0.1873076180
       2222.22.....     0.1263260422
       22222..2....     0.1169595261
       2.2222....2.     0.0870416831
       2222bbaa....     0.0687790361
       2222aabb....     0.0687790361
       2222baba....     0.0676938409
       2222abab....     0.0676938409
       .22222.....2     0.0657203980
       22222ba.....    -0.0639220280
       22222ab.....    -0.0639220280
       22222.2.....     0.0631120430

     * ci vector   1, <S^2> = -0.0000, E =     -386.65072081
       22222ba.....     0.5621365881
       22222ab.....     0.5621365881
       2222a2.b....    -0.2436963192
       2222b2.a....    -0.2436963192
       222.2ba.2...    -0.1155208799
       222.2ab.2...    -0.1155208799
       222222......    -0.1015330210
       22b2a22.....     0.0942671562
       22a2b22.....     0.0942671562
       22222..b.a..     0.0783659260
       22222..a.b..     0.0783659260
       2222baa..b..    -0.0611566180
       2222abb..a..    -0.0611566180
       22222.b..a..    -0.0605933237
       22222.a..b..    -0.0605933237
       2222ba2.....     0.0593273218
       2222ab2.....     0.0593273218
       22a22bba....    -0.0588865303
       22b22aab....    -0.0588865303
       2222.2a..b..     0.0576736941
       2222.2b..a..     0.0576736941
       22b22a2.....    -0.0569308792
       22a22b2.....    -0.0569308792
       22b2a2ab....    -0.0554512681
       22a2b2ba....    -0.0554512681
       22a22b.2....     0.0538874931
       22b22a.2....     0.0538874931
       2.222ba...2.    -0.0536773046
       2.222ab...2.    -0.0536773046
       2222.2.2....     0.0511315454
       2222ab.b.a..    -0.0508813573
       2222ba.a.b..    -0.0508813573
       2222abab....     0.0503732358
       2222baba....     0.0503732358
       222.a2.b2...     0.0502517263
       222.b2.a2...     0.0502517263
       - FCI and RDMs                             15.24
    * Integral transformation done. Elapsed time: 0.08

       - jop, kop                                  0.00
       - denom                                     0.02
     guess   0:   closed 111111......         open ............        
     guess   1:   closed 11111.......         open .....11.....        

  === FCI iteration ===

      0  0      -386.69366474     3.85e-04      0.60
      0  1      -386.45975808     4.09e-04      0.00

      1  0      -386.80478384     1.82e-04      0.61
      1  1      -386.59392036     2.48e-04      0.00

      2  0      -386.82331991     8.07e-05      0.61
      2  1      -386.63601220     1.33e-04      0.00

      3  0      -386.82647340     3.38e-05      0.61
      3  1      -386.64668375     6.96e-05      0.00

      4  0      -386.82698760     1.35e-05      0.61
      4  1      -386.64949467     3.83e-05      0.00

      5  0      -386.82706523     5.43e-06      0.61
      5  1      -386.65033408     2.11e-05      0.00

      6  0      -386.82707720     2.15e-06      0.62
      6  1      -386.65057629     1.16e-05      0.00

      7  0      -386.82707907     8.56e-07      0.62
      7  1      -386.65065214     6.91e-06      0.00

      8  0      -386.82707939     3.71e-07      0.63
      8  1      -386.65068747     5.25e-06      0.00

      9  0      -386.82707945     1.50e-07      0.62
      9  1      -386.65070680     3.58e-06      0.00

     10  0      -386.82707946     5.60e-08      0.61
     10  1      -386.65071335     1.80e-06      0.00

     11  0      -386.82707946     1.92e-08      0.61
     11  1      -386.65071483     7.84e-07      0.00

     12  0      -386.82707946     6.71e-09      0.63
     12  1      -386.65071511     3.55e-07      0.00

     13  0      -386.82707946     2.62e-09      0.63
     13  1      -386.65071518     1.86e-07      0.00

     14  0      -386.82707946     1.06e-09      0.63
     14  1      -386.65071520     9.32e-08      0.00

     15  0      -386.82707946     4.14e-10      0.62
     15  1      -386.65071520     4.52e-08      0.00

     16  0      -386.82707946     1.64e-10      0.63
     16  1      -386.65071520     2.34e-08      0.00

     17  0 *    -386.82707946     6.85e-11      0.53
     17  1      -386.65071520     1.34e-08      0.00

     18  0 *    -386.82707946     6.07e-11      0.33
     18  1      -386.65071520     7.58e-09      0.00

     19  0 *    -386.82707946     5.96e-11      0.33
     19  1      -386.65071520     3.83e-09      0.00

     20  0 *    -386.82707946     5.95e-11      0.33
     20  1      -386.65071520     1.83e-09      0.00

     21  0 *    -386.82707946     5.95e-11      0.33
     21  1      -386.65071520     8.59e-10      0.00
    ** throwing out 1 trial vectors **

     22  0 *    -386.82707946     5.94e-11      0.34
     22  1      -386.65071520     4.15e-10      0.00
    ** throwing out 1 trial vectors **

     23  0 *    -386.82707946     5.92e-11      0.34
     23  1      -386.65071520     2.12e-10      0.00
    ** throwing out 1 trial vectors **

     24  0 *    -386.82707946     5.91e-11      0.34
     24  1      -386.65071520     1.13e-10      0.00
    ** throwing out 1 trial vectors **

     25  0 *    -386.82707946     5.90e-11      0.24
     25  1 *    -386.65071520     5.77e-11      0.00

     * ci vector   0, <S^2> = 0.0000, E =     -386.82707946
       222222......     0.9081241295
       222.22..2...    -0.1871417341
       2222.22.....    -0.1265115760
       22222..2....    -0.1168932128
       2.2222....2.    -0.0871905164
       2222bbaa....    -0.0687983765
       2222aabb....    -0.0687983765
       2222baba....    -0.0678187482
       2222abab....    -0.0678187482
       .22222.....2    -0.0658349100
       22222ba.....     0.0640750621
       22222ab.....     0.0640750621
       22222.2.....    -0.0631041840

     * ci vector   1, <S^2> = 0.0000, E =     -386.65071520
       22222ba.....     0.5619104864
       22222ab.....     0.5619104864
       2222a2.b....    -0.2440495260
       2222b2.a....    -0.2440495260
       222.2ba.2...    -0.1153837624
       222.2ab.2...    -0.1153837624
       222222......    -0.1017581436
       22b2a22.....     0.0945771059
       22a2b22.....     0.0945771059
       22222..b.a..    -0.0781326432
       22222..a.b..    -0.0781326432
       22222.b..a..    -0.0608550266
       22222.a..b..    -0.0608550266
       2222abb..a..     0.0607494673
       2222baa..b..     0.0607494673
       2222ba2.....    -0.0593478627
       2222ab2.....    -0.0593478627
       22b22aab....    -0.0592602161
       22a22bba....    -0.0592602161
       2222.2a..b..     0.0579532173
       2222.2b..a..     0.0579532173
       22b22a2.....     0.0566004728
       22a22b2.....     0.0566004728
       22b2a2ab....     0.0552742658
       22a2b2ba....     0.0552742658
       2.222ba...2.    -0.0537476528
       2.222ab...2.    -0.0537476528
       22a22b.2....    -0.0536882293
       22b22a.2....    -0.0536882293
       2222ab.b.a..    -0.0511821544
       2222ba.a.b..    -0.0511821544
       2222.2.2....     0.0511632418
       2222abab....     0.0503709407
       2222baba....     0.0503709407
       222.a2.b2...     0.0502819245
       222.b2.a2...     0.0502819245
       - FCI and RDMs                             15.19
    * Integral transformation done. Elapsed time: 0.08

       - jop, kop                                  0.00
       - denom                                     0.02
     guess   0:   closed 111111......         open ............        
     guess   1:   closed 11111.......         open .....11.....        

  === FCI iteration ===

      0  0      -386.69364289     3.85e-04      0.60
      0  1      -386.45966629     4.09e-04      0.00

      1  0      -386.80478212     1.82e-04      0.60
      1  1      -386.59387184     2.48e-04      0.00

      2  0      -386.82332472     8.07e-05      0.61
      2  1      -386.63599215     1.33e-04      0.00

      3  0      -386.82647897     3.38e-05      0.61
      3  1      -386.64667360     6.97e-05      0.00

      4  0      -386.82699308     1.35e-05      0.61
      4  1      -386.64948804     3.84e-05      0.00

      5  0      -386.82707068     5.43e-06      0.62
      5  1      -386.65032857     2.11e-05      0.00

      6  0      -386.82708264     2.15e-06      0.61
      6  1      -386.65057106     1.16e-05      0.00

      7  0      -386.82708452     8.56e-07      0.61
      7  1      -386.65064699     6.91e-06      0.00

      8  0      -386.82708484     3.71e-07      0.61
      8  1      -386.65068234     5.25e-06      0.00

      9  0      -386.82708489     1.50e-07      0.62
      9  1      -386.65070168     3.58e-06      0.00

     10  0      -386.82708490     5.60e-08      0.62
     10  1      -386.65070826     1.81e-06      0.00

     11  0      -386.82708490     1.92e-08      0.62
     11  1      -386.65070974     7.86e-07      0.00

     12  0      -386.82708490     6.71e-09      0.63
     12  1      -386.65071002     3.56e-07      0.00

     13  0      -386.82708490     2.62e-09      0.63
     13  1      -386.65071009     1.86e-07      0.00

     14  0      -386.82708490     1.06e-09      0.62
     14  1      -386.65071011     9.32e-08      0.00

     15  0      -386.82708490     4.13e-10      0.62
     15  1      -386.65071011     4.52e-08      0.00

     16  0      -386.82708490     1.64e-10      0.63
     16  1      -386.65071011     2.34e-08      0.00

     17  0 *    -386.82708490     6.83e-11      0.53
     17  1      -386.65071011     1.34e-08      0.00

     18  0 *    -386.82708490     6.07e-11      0.33
     18  1      -386.65071011     7.60e-09      0.00

     19  0 *    -386.82708490     5.95e-11      0.32
     19  1      -386.65071011     3.84e-09      0.00

     20  0 *    -386.82708490     5.94e-11      0.32
     20  1      -386.65071011     1.84e-09      0.00

     21  0 *    -386.82708490     5.95e-11      0.33
     21  1      -386.65071011     8.63e-10      0.00
    ** throwing out 1 trial vectors **

     22  0 *    -386.82708490     5.93e-11      0.33
     22  1      -386.65071011     4.18e-10      0.00
    ** throwing out 1 trial vectors **

     23  0 *    -386.82708490     5.92e-11      0.33
     23  1      -386.65071011     2.13e-10      0.00
    ** throwing out 1 trial vectors **

     24  0 *    -386.82708490     5.91e-11      0.33
     24  1      -386.65071011     1.13e-10      0.00
    ** throwing out 1 trial vectors **

     25  0 *    -386.82708490     5.89e-11      0.24
     25  1 *    -386.65071011     5.80e-11      0.00

     * ci vector   0, <S^2> = -0.0000, E =     -386.82708490
       222222......     0.9081179205
       222.22..2...    -0.1871016805
       2222.22.....    -0.1266032833
       22222..2....    -0.1168577900
       2.2222....2.    -0.0872448604
       2222bbaa....     0.0688063093
       2222aabb....     0.0688063093
       2222baba....     0.0678749408
       2222abab....     0.0678749408
       .22222.....2    -0.0658733962
       22222ba.....     0.0640821237
       22222ab.....     0.0640821237
       22222.2.....    -0.0631123580

     * ci vector   1, <S^2> = 0.0000, E =     -386.65071011
       22222ba.....    -0.5618131243
       22222ab.....    -0.5618131243
       2222a2.b....    -0.2442166154
       2222b2.a....    -0.2442166154
       222.2ba.2...     0.1153420960
       222.2ab.2...     0.1153420960
       222222......     0.1017914947
       22b2a22.....    -0.0947591895
       22a2b22.....    -0.0947591895
       22222..b.a..    -0.0779986956
       22222..a.b..    -0.0779986956
       22222.b..a..     0.0610198301
       22222.a..b..     0.0610198301
       2222baa..b..    -0.0605364220
       2222abb..a..    -0.0605364220
       22a22bba....    -0.0594653832
       22b22aab....    -0.0594653832
       2222ba2.....     0.0592961146
       2222ab2.....     0.0592961146
       2222.2a..b..    -0.0581117269
       2222.2b..a..    -0.0581117269
       22b22a2.....    -0.0564616178
       22a22b2.....    -0.0564616178
       22b2a2ab....     0.0551747056
       22a2b2ba....     0.0551747056
       2.222ba...2.     0.0537712235
       2.222ab...2.     0.0537712235
       22a22b.2....     0.0535797581
       22b22a.2....     0.0535797581
       2222ab.b.a..    -0.0513272214
       2222ba.a.b..    -0.0513272214
       2222.2.2....    -0.0511774464
       2222abab....     0.0504027003
       2222baba....     0.0504027003
       222.a2.b2...     0.0503059056
       222.b2.a2...     0.0503059056
       - FCI and RDMs                             15.22
    * Integral transformation done. Elapsed time: 0.08

       - jop, kop                                  0.00
       - denom                                     0.02
     guess   0:   closed 111111......         open ............        
     guess   1:   closed 11111.......         open .....11.....        

  === FCI iteration ===

      0  0      -386.69363405     3.85e-04      0.62
      0  1      -386.45962462     4.09e-04      0.00

      1  0      -386.80478236     1.82e-04      0.63
      1  1      -386.59384939     2.48e-04      0.00

      2  0      -386.82332756     8.07e-05      0.61
      2  1      -386.63598242     1.33e-04      0.00

      3  0      -386.82648206     3.38e-05      0.61
      3  1      -386.64666827     6.97e-05      0.00

      4  0      -386.82699611     1.35e-05      0.61
      4  1      -386.64948439     3.84e-05      0.00

      5  0      -386.82707369     5.43e-06      0.61
      5  1      -386.65032547     2.11e-05      0.00

      6  0      -386.82708565     2.15e-06      0.61
      6  1      -386.65056808     1.16e-05      0.00

      7  0      -386.82708753     8.56e-07      0.61
      7  1      -386.65064403     6.92e-06      0.00

      8  0      -386.82708785     3.71e-07      0.61
      8  1      -386.65067937     5.25e-06      0.00

      9  0      -386.82708791     1.50e-07      0.62
      9  1      -386.65069872     3.58e-06      0.00

     10  0      -386.82708791     5.60e-08      0.62
     10  1      -386.65070531     1.81e-06      0.00

     11  0      -386.82708792     1.92e-08      0.62
     11  1      -386.65070679     7.86e-07      0.00

     12  0      -386.82708792     6.70e-09      0.62
     12  1      -386.65070708     3.56e-07      0.00

     13  0      -386.82708792     2.62e-09      0.62
     13  1      -386.65070715     1.86e-07      0.00

     14  0      -386.82708792     1.05e-09      0.62
     14  1      -386.65070716     9.31e-08      0.00

     15  0      -386.82708792     4.12e-10      0.62
     15  1      -386.65070717     4.51e-08      0.00

     16  0      -386.82708792     1.64e-10      0.63
     16  1      -386.65070717     2.34e-08      0.00

     17  0 *    -386.82708792     6.83e-11      0.53
     17  1      -386.65070717     1.34e-08      0.00

     18  0 *    -386.82708792     6.07e-11      0.33
     18  1      -386.65070717     7.60e-09      0.00

     19  0 *    -386.82708792     5.95e-11      0.33
     19  1      -386.65070717     3.85e-09      0.00

     20  0 *    -386.82708792     5.94e-11      0.33
     20  1      -386.65070717     1.85e-09      0.00

     21  0 *    -386.82708792     5.94e-11      0.33
     21  1      -386.65070717     8.65e-10      0.00
    ** throwing out 1 trial vectors **

     22  0 *    -386.82708792     5.93e-11      0.34
     22  1      -386.65070717     4.19e-10      0.00
    ** throwing out 1 trial vectors **

     23  0 *    -386.82708792     5.92e-11      0.33
     23  1      -386.65070717     2.14e-10      0.00
    ** throwing out 1 trial vectors **

     24  0 *    -386.82708792     5.90e-11      0.34
     24  1      -386.65070717     1.13e-10      0.00
    ** throwing out 1 trial vectors **

     25  0 *    -386.82708792     5.89e-11      0.23
     25  1 *    -386.65070717     5.80e-11      0.00

     * ci vector   0, <S^2> = 0.0000, E =     -386.82708792
       222222......     0.9081176243
       222.22..2...    -0.1870889224
       2222.22.....    -0.1266496446
       22222..2....    -0.1168405138
       2.2222....2.    -0.0872660788
       2222bbaa....     0.0688094573
       2222aabb....     0.0688094573
       2222baba....     0.0678995713
       2222abab....     0.0678995713
       .22222.....2    -0.0658865784
       22222ab.....     0.0640660721
       22222ba.....     0.0640660721
       22222.2.....    -0.0631192216

     * ci vector   1, <S^2> = -0.0000, E =     -386.65070717
       22222ab.....    -0.5617706119
       22222ba.....    -0.5617706118
       2222b2.a....    -0.2442919912
       2222a2.b....    -0.2442919912
       222.2ab.2...     0.1153261450
       222.2ba.2...     0.1153261450
       222222......     0.1017867923
       22a2b22.....    -0.0948513558
       22b2a22.....    -0.0948513558
       22222..a.b..    -0.0779280852
       22222..b.a..    -0.0779280852
       22222.a..b..     0.0611073625
       22222.b..a..     0.0611073625
       2222abb..a..    -0.0604279505
       2222baa..b..    -0.0604279505
       22b22aab....    -0.0595669707
       22a22bba....    -0.0595669707
       2222ab2.....     0.0592587174
       2222ba2.....     0.0592587174
       2222.2b..a..    -0.0581928493
       2222.2a..b..    -0.0581928493
       22a22b2.....    -0.0563961330
       22b22a2.....    -0.0563961330
       22a2b2ba....     0.0551180141
       22b2a2ab....     0.0551180141
       2.222ab...2.     0.0537799063
       2.222ba...2.     0.0537799063
       22b22a.2....     0.0535226632
       22a22b.2....     0.0535226632
       2222ba.a.b..    -0.0513972910
       2222ab.b.a..    -0.0513972910
       2222.2.2....    -0.0511899024
       2222baba....     0.0504301063
       2222abab....     0.0504301063
       222.b2.a2...     0.0503178646
       222.a2.b2...     0.0503178646
       - FCI and RDMs                             15.18
    * Integral transformation done. Elapsed time: 0.08

       - jop, kop                                  0.00
       - denom                                     0.02
     guess   0:   closed 111111......         open ............        
     guess   1:   closed 11111.......         open .....11.....        

  === FCI iteration ===

      0  0      -386.69363012     3.85e-04      0.60
      0  1      -386.45960497     4.09e-04      0.00

      1  0      -386.80478274     1.82e-04      0.61
      1  1      -386.59383864     2.48e-04      0.00

      2  0      -386.82332910     8.07e-05      0.61
      2  1      -386.63597767     1.33e-04      0.00

      3  0      -386.82648369     3.38e-05      0.61
      3  1      -386.64666557     6.97e-05      0.00

      4  0      -386.82699770     1.35e-05      0.61
      4  1      -386.64948251     3.84e-05      0.00

      5  0      -386.82707528     5.43e-06      0.61
      5  1      -386.65032384     2.11e-05      0.00

      6  0      -386.82708724     2.15e-06      0.61
      6  1      -386.65056651     1.16e-05      0.00

      7  0      -386.82708911     8.56e-07      0.61
      7  1      -386.65064246     6.92e-06      0.00

      8  0      -386.82708943     3.71e-07      0.61
      8  1      -386.65067780     5.25e-06      0.00

      9  0      -386.82708949     1.50e-07      0.62
      9  1      -386.65069715     3.58e-06      0.00

     10  0      -386.82708950     5.60e-08      0.62
     10  1      -386.65070374     1.81e-06      0.00

     11  0      -386.82708950     1.92e-08      0.62
     11  1      -386.65070522     7.87e-07      0.00

     12  0      -386.82708950     6.70e-09      0.62
     12  1      -386.65070551     3.56e-07      0.00

     13  0      -386.82708950     2.62e-09      0.62
     13  1      -386.65070558     1.86e-07      0.00

     14  0      -386.82708950     1.05e-09      0.63
     14  1      -386.65070560     9.31e-08      0.00

     15  0      -386.82708950     4.12e-10      0.63
     15  1      -386.65070560     4.51e-08      0.00

     16  0      -386.82708950     1.64e-10      0.63
     16  1      -386.65070560     2.34e-08      0.00

     17  0 *    -386.82708950     6.82e-11      0.53
     17  1      -386.65070560     1.34e-08      0.00

     18  0 *    -386.82708950     6.07e-11      0.33
     18  1      -386.65070560     7.60e-09      0.00

     19  0 *    -386.82708950     5.95e-11      0.33
     19  1      -386.65070560     3.85e-09      0.00

     20  0 *    -386.82708950     5.94e-11      0.33
     20  1      -386.65070560     1.85e-09      0.00

     21  0 *    -386.82708950     5.94e-11      0.33
     21  1      -386.65070560     8.65e-10      0.00
    ** throwing out 1 trial vectors **

     22  0 *    -386.82708950     5.93e-11      0.33
     22  1      -386.65070560     4.19e-10      0.00
    ** throwing out 1 trial vectors **

     23  0 *    -386.82708950     5.91e-11      0.33
     23  1      -386.65070560     2.14e-10      0.00
    ** throwing out 1 trial vectors **

     24  0 *    -386.82708950     5.90e-11      0.34
     24  1      -386.65070560     1.14e-10      0.00
    ** throwing out 1 trial vectors **

     25  0 *    -386.82708950     5.89e-11      0.23
     25  1 *    -386.65070560     5.81e-11      0.00

     * ci vector   0, <S^2> = 0.0000, E =     -386.82708950
       222222......     0.9081183278
       222.22..2...    -0.1870845885
       2222.22.....    -0.1266733058
       22222..2....    -0.1168320405
       2.2222....2.    -0.0872752186
       2222aabb....    -0.0688107419
       2222bbaa....    -0.0688107419
       2222abab....    -0.0679108631
       2222baba....    -0.0679108631
       .22222.....2    -0.0658914276
       22222ab.....     0.0640519080
       22222ba.....     0.0640519080
       22222.2.....    -0.0631234212

     * ci vector   1, <S^2> = 0.0000, E =     -386.65070560
       22222ab.....     0.5617513678
       22222ba.....     0.5617513678
       2222b2.a....    -0.2443268771
       2222a2.b....    -0.2443268771
       222.2ab.2...    -0.1153195874
       222.2ba.2...    -0.1153195874
       222222......    -0.1017778962
       22a2b22.....     0.0948975352
       22b2a22.....     0.0948975352
       22222..a.b..     0.0778916766
       22222..b.a..     0.0778916766
       22222.a..b..     0.0611523968
       22222.b..a..     0.0611523968
       2222abb..a..    -0.0603726869
       2222baa..b..    -0.0603726869
       22b22aab....    -0.0596173759
       22a22bba....    -0.0596173759
       2222ab2.....    -0.0592372938
       2222ba2.....    -0.0592372938
       2222.2b..a..    -0.0582340862
       2222.2a..b..    -0.0582340862
       22a22b2.....     0.0563640068
       22b22a2.....     0.0563640068
       22a2b2ba....     0.0550876028
       22b2a2ab....     0.0550876028
       2.222ab...2.    -0.0537835231
       2.222ba...2.    -0.0537835231
       22b22a.2....    -0.0534931202
       22a22b.2....    -0.0534931202
       2222ba.a.b..     0.0514317073
       2222ab.b.a..     0.0514317073
       2222.2.2....     0.0511980154
       2222baba....     0.0504474528
       2222abab....     0.0504474528
       222.b2.a2...     0.0503237305
       222.a2.b2...     0.0503237305
       - FCI and RDMs                             15.10
    * Integral transformation done. Elapsed time: 0.08

       - jop, kop                                  0.00
       - denom                                     0.02
     guess   0:   closed 111111......         open ............        
     guess   1:   closed 11111.......         open .....11.....        

  === FCI iteration ===

      0  0      -386.69362827     3.85e-04      0.59
      0  1      -386.45959543     4.09e-04      0.00

      1  0      -386.80478300     1.82e-04      0.60
      1  1      -386.59383337     2.48e-04      0.00

      2  0      -386.82332991     8.07e-05      0.59
      2  1      -386.63597532     1.33e-04      0.00

      3  0      -386.82648453     3.38e-05      0.61
      3  1      -386.64666421     6.97e-05      0.00

      4  0      -386.82699853     1.35e-05      0.63
      4  1      -386.64948155     3.84e-05      0.00

      5  0      -386.82707610     5.43e-06      0.63
      5  1      -386.65032300     2.11e-05      0.00

      6  0      -386.82708805     2.15e-06      0.64
      6  1      -386.65056569     1.16e-05      0.00

      7  0      -386.82708993     8.57e-07      0.63
      7  1      -386.65064165     6.92e-06      0.00

      8  0      -386.82709025     3.71e-07      0.64
      8  1      -386.65067699     5.25e-06      0.00

      9  0      -386.82709031     1.50e-07      0.64
      9  1      -386.65069633     3.59e-06      0.00

     10  0      -386.82709032     5.60e-08      0.64
     10  1      -386.65070293     1.81e-06      0.00

     11  0      -386.82709032     1.92e-08      0.64
     11  1      -386.65070441     7.87e-07      0.00

     12  0      -386.82709032     6.70e-09      0.64
     12  1      -386.65070470     3.56e-07      0.00

     13  0      -386.82709032     2.62e-09      0.65
     13  1      -386.65070477     1.86e-07      0.00

     14  0      -386.82709032     1.05e-09      0.63
     14  1      -386.65070478     9.31e-08      0.00

     15  0      -386.82709032     4.12e-10      0.63
     15  1      -386.65070479     4.51e-08      0.00

     16  0      -386.82709032     1.64e-10      0.63
     16  1      -386.65070479     2.34e-08      0.00

     17  0 *    -386.82709032     6.82e-11      0.53
     17  1      -386.65070479     1.34e-08      0.00

     18  0 *    -386.82709032     6.07e-11      0.33
     18  1      -386.65070479     7.60e-09      0.00

     19  0 *    -386.82709032     5.95e-11      0.33
     19  1      -386.65070479     3.85e-09      0.00

     20  0 *    -386.82709032     5.94e-11      0.33
     20  1      -386.65070479     1.85e-09      0.00

     21  0 *    -386.82709032     5.94e-11      0.33
     21  1      -386.65070479     8.65e-10      0.00
    ** throwing out 1 trial vectors **

     22  0 *    -386.82709032     5.93e-11      0.34
     22  1      -386.65070479     4.19e-10      0.00
    ** throwing out 1 trial vectors **

     23  0 *    -386.82709032     5.91e-11      0.34
     23  1      -386.65070479     2.14e-10      0.00
    ** throwing out 1 trial vectors **

     24  0 *    -386.82709032     5.90e-11      0.34
     24  1      -386.65070479     1.14e-10      0.00
    ** throwing out 1 trial vectors **

     25  0 *    -386.82709032     5.89e-11      0.24
     25  1 *    -386.65070479     5.81e-11      0.00

     * ci vector   0, <S^2> = 0.0000, E =     -386.82709032
       222222......     0.9081189395
       222.22..2...    -0.1870830464
       2222.22.....    -0.1266853885
       22222..2....    -0.1168278411
       2.2222....2.    -0.0872794845
       2222aabb....    -0.0688112967
       2222bbaa....    -0.0688112967
       2222baba....    -0.0679162369
       2222abab....    -0.0679162369
       .22222.....2    -0.0658934292
       22222ab.....     0.0640429492
       22222ba.....     0.0640429492
       22222.2.....    -0.0631257551

     * ci vector   1, <S^2> = 0.0000, E =     -386.65070479
       22222ab.....    -0.5617423216
       22222ba.....    -0.5617423216
       2222a2.b....     0.2443435190
       2222b2.a....     0.2443435190
       222.2ab.2...     0.1153167363
       222.2ba.2...     0.1153167363
       222222......     0.1017714780
       22a2b22.....    -0.0949207403
       22b2a22.....    -0.0949207403
       22222..a.b..    -0.0778730687
       22222..b.a..    -0.0778730687
       22222.a..b..    -0.0611753824
       22222.b..a..    -0.0611753824
       2222abb..a..     0.0603445688
       2222baa..b..     0.0603445688
       22b22aab....     0.0596425732
       22a22bba....     0.0596425732
       2222ba2.....     0.0592258580
       2222ab2.....     0.0592258580
       2222.2b..a..     0.0582550227
       2222.2a..b..     0.0582550227
       22a22b2.....    -0.0563479855
       22b22a2.....    -0.0563479855
       22a2b2ba....    -0.0550717552
       22b2a2ab....    -0.0550717552
       2.222ab...2.     0.0537851913
       2.222ba...2.     0.0537851913
       22b22a.2....     0.0534779746
       22a22b.2....     0.0534779746
       2222ba.a.b..    -0.0514488078
       2222ab.b.a..    -0.0514488078
       2222.2.2....    -0.0512026711
       2222baba....    -0.0504572824
       2222abab....    -0.0504572824
       222.a2.b2...    -0.0503266413
       222.b2.a2...    -0.0503266413
       - FCI and RDMs                             15.33
    * Integral transformation done. Elapsed time: 0.08

       - jop, kop                                  0.00
       - denom                                     0.02
     guess   0:   closed 111111......         open ............        
     guess   1:   closed 11111.......         open .....11.....        

  === FCI iteration ===

      0  0      -386.69362738     3.85e-04      0.60
      0  1      -386.45959071     4.09e-04      0.00

      1  0      -386.80478315     1.82e-04      0.61
      1  1      -386.59383074     2.48e-04      0.00

      2  0      -386.82333032     8.07e-05      0.61
      2  1      -386.63597415     1.33e-04      0.00

      3  0      -386.82648496     3.38e-05      0.61
      3  1      -386.64666352     6.97e-05      0.00

      4  0      -386.82699895     1.35e-05      0.61
      4  1      -386.64948106     3.84e-05      0.00

      5  0      -386.82707651     5.43e-06      0.61
      5  1      -386.65032257     2.11e-05      0.00

      6  0      -386.82708847     2.15e-06      0.61
      6  1      -386.65056528     1.16e-05      0.00

      7  0      -386.82709035     8.57e-07      0.61
      7  1      -386.65064123     6.92e-06      0.00

      8  0      -386.82709067     3.71e-07      0.62
      8  1      -386.65067657     5.25e-06      0.00

      9  0      -386.82709072     1.50e-07      0.62
      9  1      -386.65069592     3.59e-06      0.00

     10  0      -386.82709073     5.60e-08      0.63
     10  1      -386.65070251     1.81e-06      0.00

     11  0      -386.82709073     1.92e-08      0.63
     11  1      -386.65070400     7.87e-07      0.00

     12  0      -386.82709073     6.70e-09      0.63
     12  1      -386.65070428     3.56e-07      0.00

     13  0      -386.82709073     2.62e-09      0.62
     13  1      -386.65070435     1.86e-07      0.00

     14  0      -386.82709073     1.05e-09      0.62
     14  1      -386.65070437     9.30e-08      0.00

     15  0      -386.82709073     4.12e-10      0.63
     15  1      -386.65070437     4.51e-08      0.00

     16  0      -386.82709073     1.63e-10      0.63
     16  1      -386.65070437     2.34e-08      0.00

     17  0 *    -386.82709073     6.82e-11      0.53
     17  1      -386.65070437     1.34e-08      0.00

     18  0 *    -386.82709073     6.07e-11      0.33
     18  1      -386.65070437     7.60e-09      0.00

     19  0 *    -386.82709073     5.95e-11      0.33
     19  1      -386.65070437     3.85e-09      0.00

     20  0 *    -386.82709073     5.94e-11      0.33
     20  1      -386.65070437     1.85e-09      0.00

     21  0 *    -386.82709073     5.94e-11      0.34
     21  1      -386.65070437     8.66e-10      0.00
    ** throwing out 1 trial vectors **

     22  0 *    -386.82709073     5.93e-11      0.33
     22  1      -386.65070437     4.19e-10      0.00
    ** throwing out 1 trial vectors **

     23  0 *    -386.82709073     5.91e-11      0.33
     23  1      -386.65070437     2.14e-10      0.00
    ** throwing out 1 trial vectors **

     24  0 *    -386.82709073     5.90e-11      0.34
     24  1      -386.65070437     1.14e-10      0.00
    ** throwing out 1 trial vectors **

     25  0 *    -386.82709073     5.89e-11      0.23
     25  1 *    -386.65070437     5.81e-11      0.00

     * ci vector   0, <S^2> = 0.0000, E =     -386.82709073
       222222......     0.9081193261
       222.22..2...    -0.1870824644
       2222.22.....    -0.1266915521
       22222..2....    -0.1168257430
       2.2222....2.    -0.0872815705
       2222aabb....    -0.0688115498
       2222bbaa....    -0.0688115498
       2222abab....    -0.0679188596
       2222baba....    -0.0679188596
       .22222.....2    -0.0658943387
       22222ab.....     0.0640378875
       22222ba.....     0.0640378875
       22222.2.....    -0.0631269992

     * ci vector   1, <S^2> = -0.0000, E =     -386.65070437
       22222ab.....    -0.5617379450
       22222ba.....    -0.5617379450
       2222b2.a....     0.2443516435
       2222a2.b....     0.2443516435
       222.2ab.2...     0.1153154345
       222.2ba.2...     0.1153154345
       222222......     0.1017676678
       22a2b22.....    -0.0949324445
       22b2a22.....    -0.0949324445
       22222..a.b..    -0.0778635923
       22222..b.a..    -0.0778635923
       22222.a..b..    -0.0611870855
       22222.b..a..    -0.0611870855
       2222abb..a..     0.0603302745
       2222baa..b..     0.0603302745
       22b22aab....     0.0596552439
       22a22bba....     0.0596552439
       2222ab2.....     0.0592199211
       2222ba2.....     0.0592199211
       2222.2b..a..     0.0582656515
       2222.2a..b..     0.0582656515
       22a22b2.....    -0.0563399327
       22b22a2.....    -0.0563399327
       22a2b2ba....    -0.0550636040
       22b2a2ab....    -0.0550636040
       2.222ab...2.     0.0537860067
       2.222ba...2.     0.0537860067
       22b22a.2....     0.0534702455
       22a22b.2....     0.0534702455
       2222ba.a.b..    -0.0514573714
       2222ab.b.a..    -0.0514573714
       2222.2.2....    -0.0512051943
       2222baba....    -0.0504625806
       2222abab....    -0.0504625806
       222.b2.a2...    -0.0503280994
       222.a2.b2...    -0.0503280994
       - FCI and RDMs                             15.15
    * Integral transformation done. Elapsed time: 0.08

       - jop, kop                                  0.00
       - denom                                     0.02
     guess   0:   closed 111111......         open ............        
     guess   1:   closed 11111.......         open .....11.....        

  === FCI iteration ===

      0  0      -386.69362694     3.85e-04      0.63
      0  1      -386.45958835     4.09e-04      0.00

      1  0      -386.80478323     1.82e-04      0.63
      1  1      -386.59382943     2.48e-04      0.00

      2  0      -386.82333053     8.07e-05      0.61
      2  1      -386.63597356     1.33e-04      0.00

      3  0      -386.82648518     3.38e-05      0.62
      3  1      -386.64666317     6.97e-05      0.00

      4  0      -386.82699916     1.35e-05      0.62
      4  1      -386.64948081     3.84e-05      0.00

      5  0      -386.82707673     5.43e-06      0.62
      5  1      -386.65032236     2.11e-05      0.00

      6  0      -386.82708869     2.15e-06      0.62
      6  1      -386.65056507     1.16e-05      0.00

      7  0      -386.82709056     8.57e-07      0.61
      7  1      -386.65064102     6.91e-06      0.00

      8  0      -386.82709088     3.71e-07      0.62
      8  1      -386.65067636     5.25e-06      0.00

      9  0      -386.82709094     1.50e-07      0.62
      9  1      -386.65069570     3.59e-06      0.00

     10  0      -386.82709095     5.60e-08      0.62
     10  1      -386.65070230     1.81e-06      0.00

     11  0      -386.82709095     1.92e-08      0.62
     11  1      -386.65070378     7.87e-07      0.00

     12  0      -386.82709095     6.70e-09      0.62
     12  1      -386.65070407     3.56e-07      0.00

     13  0      -386.82709095     2.62e-09      0.62
     13  1      -386.65070414     1.86e-07      0.00

     14  0      -386.82709095     1.05e-09      0.62
     14  1      -386.65070415     9.30e-08      0.00

     15  0      -386.82709095     4.12e-10      0.62
     15  1      -386.65070416     4.51e-08      0.00

     16  0      -386.82709095     1.63e-10      0.63
     16  1      -386.65070416     2.34e-08      0.00

     17  0 *    -386.82709095     6.82e-11      0.53
     17  1      -386.65070416     1.34e-08      0.00

     18  0 *    -386.82709095     6.06e-11      0.33
     18  1      -386.65070416     7.60e-09      0.00

     19  0 *    -386.82709095     5.95e-11      0.33
     19  1      -386.65070416     3.85e-09      0.00

     20  0 *    -386.82709095     5.94e-11      0.33
     20  1      -386.65070416     1.85e-09      0.00

     21  0 *    -386.82709095     5.94e-11      0.33
     21  1      -386.65070416     8.66e-10      0.00
    ** throwing out 1 trial vectors **

     22  0 *    -386.82709095     5.93e-11      0.34
     22  1      -386.65070416     4.19e-10      0.00
    ** throwing out 1 trial vectors **

     23  0 *    -386.82709095     5.91e-11      0.34
     23  1      -386.65070416     2.14e-10      0.00
    ** throwing out 1 trial vectors **

     24  0 *    -386.82709095     5.90e-11      0.34
     24  1      -386.65070416     1.14e-10      0.00
    ** throwing out 1 trial vectors **

     25  0 *    -386.82709095     5.89e-11      0.24
     25  1 *    -386.65070416     5.81e-11      0.00

     * ci vector   0, <S^2> = -0.0000, E =     -386.82709095
       222222......     0.9081195451
       222.22..2...    -0.1870822294
       2222.22.....    -0.1266946931
       22222..2....    -0.1168246884
       2.2222....2.    -0.0872826146
       2222aabb....    -0.0688116704
       2222bbaa....    -0.0688116704
       2222abab....    -0.0679201604
       2222baba....    -0.0679201604
       .22222.....2    -0.0658947775
       22222ab.....     0.0640351693
       22222ba.....     0.0640351693
       22222.2.....    -0.0631276485

     * ci vector   1, <S^2> = -0.0000, E =     -386.65070416
       22222ab.....    -0.5617357862
       22222ba.....    -0.5617357862
       2222b2.a....     0.2443556720
       2222a2.b....     0.2443556720
       222.2ab.2...     0.1153148171
       222.2ba.2...     0.1153148171
       222222......     0.1017655739
       22a2b22.....    -0.0949383650
       22b2a22.....    -0.0949383650
       22222..a.b..    -0.0778587723
       22222..b.a..    -0.0778587723
       22222.a..b..    -0.0611930395
       22222.b..a..    -0.0611930395
       2222abb..a..     0.0603230094
       2222baa..b..     0.0603230094
       22b22aab....     0.0596616418
       22a22bba....     0.0596616418
       2222ab2.....     0.0592168745
       2222ba2.....     0.0592168745
       2222.2b..a..     0.0582710493
       2222.2a..b..     0.0582710493
       22a22b2.....    -0.0563358666
       22b22a2.....    -0.0563358666
       22a2b2ba....    -0.0550594362
       22b2a2ab....    -0.0550594362
       2.222ab...2.     0.0537864162
       2.222ba...2.     0.0537864162
       22b22a.2....     0.0534663091
       22a22b.2....     0.0534663091
       2222ba.a.b..    -0.0514616829
       2222ab.b.a..    -0.0514616829
       2222.2.2....    -0.0512065238
       2222baba....    -0.0504653644
       2222abab....    -0.0504653644
       222.b2.a2...    -0.0503288340
       222.a2.b2...    -0.0503288340
       - FCI and RDMs                             15.23
    * Integral transformation done. Elapsed time: 0.08

       - jop, kop                                  0.00
       - denom                                     0.02
     guess   0:   closed 111111......         open ............        
     guess   1:   closed 11111.......         open .....11.....        

  === FCI iteration ===

      0  0      -386.69362672     3.85e-04      0.60
      0  1      -386.45958716     4.09e-04      0.00

      1  0      -386.80478328     1.82e-04      0.61
      1  1      -386.59382877     2.48e-04      0.00

      2  0      -386.82333064     8.07e-05      0.61
      2  1      -386.63597326     1.33e-04      0.00

      3  0      -386.82648529     3.38e-05      0.61
      3  1      -386.64666299     6.97e-05      0.00

      4  0      -386.82699927     1.35e-05      0.61
      4  1      -386.64948068     3.84e-05      0.00

      5  0      -386.82707684     5.43e-06      0.62
      5  1      -386.65032225     2.11e-05      0.00

      6  0      -386.82708879     2.15e-06      0.61
      6  1      -386.65056496     1.16e-05      0.00

      7  0      -386.82709067     8.57e-07      0.61
      7  1      -386.65064091     6.91e-06      0.00

      8  0      -386.82709099     3.71e-07      0.61
      8  1      -386.65067625     5.25e-06      0.00

      9  0      -386.82709105     1.50e-07      0.62
      9  1      -386.65069559     3.59e-06      0.00

     10  0      -386.82709105     5.60e-08      0.62
     10  1      -386.65070219     1.81e-06      0.00

     11  0      -386.82709106     1.92e-08      0.62
     11  1      -386.65070367     7.87e-07      0.00

     12  0      -386.82709106     6.70e-09      0.62
     12  1      -386.65070396     3.56e-07      0.00

     13  0      -386.82709106     2.62e-09      0.62
     13  1      -386.65070403     1.86e-07      0.00

     14  0      -386.82709106     1.05e-09      0.63
     14  1      -386.65070405     9.30e-08      0.00

     15  0      -386.82709106     4.12e-10      0.63
     15  1      -386.65070405     4.51e-08      0.00

     16  0      -386.82709106     1.63e-10      0.63
     16  1      -386.65070405     2.34e-08      0.00

     17  0 *    -386.82709106     6.82e-11      0.53
     17  1      -386.65070405     1.34e-08      0.00

     18  0 *    -386.82709106     6.06e-11      0.33
     18  1      -386.65070405     7.60e-09      0.00

     19  0 *    -386.82709106     5.95e-11      0.33
     19  1      -386.65070405     3.85e-09      0.00

     20  0 *    -386.82709106     5.94e-11      0.33
     20  1      -386.65070405     1.85e-09      0.00

     21  0 *    -386.82709106     5.94e-11      0.33
     21  1      -386.65070405     8.66e-10      0.00
    ** throwing out 1 trial vectors **

     22  0 *    -386.82709106     5.93e-11      0.34
     22  1      -386.65070405     4.19e-10      0.00
    ** throwing out 1 trial vectors **

     23  0 *    -386.82709106     5.91e-11      0.33
     23  1      -386.65070405     2.14e-10      0.00
    ** throwing out 1 trial vectors **

     24  0 *    -386.82709106     5.90e-11      0.33
     24  1      -386.65070405     1.14e-10      0.00
    ** throwing out 1 trial vectors **

     25  0 *    -386.82709106     5.89e-11      0.24
     25  1 *    -386.65070405     5.81e-11      0.00

     * ci vector   0, <S^2> = 0.0000, E =     -386.82709106
       222222......     0.9081196630
       222.22..2...    -0.1870821281
       2222.22.....    -0.1266962928
       22222..2....    -0.1168241562
       2.2222....2.    -0.0872831429
       2222aabb....    -0.0688117294
       2222bbaa....    -0.0688117294
       2222abab....    -0.0679208120
       2222baba....    -0.0679208120
       .22222.....2    -0.0658949960
       22222ab.....     0.0640337463
       22222ba.....     0.0640337463
       22222.2.....    -0.0631279836

     * ci vector   1, <S^2> = 0.0000, E =     -386.65070405
       22222ab.....    -0.5617347084
       22222ba.....    -0.5617347084
       2222b2.a....     0.2443576890
       2222a2.b....     0.2443576890
       222.2ab.2...     0.1153145164
       222.2ba.2...     0.1153145164
       222222......     0.1017644646
       22a2b22.....    -0.0949413659
       22b2a22.....    -0.0949413659
       22222..a.b..    -0.0778563216
       22222..b.a..    -0.0778563216
       22222.a..b..    -0.0611960679
       22222.b..a..    -0.0611960679
       2222abb..a..     0.0603193167
       2222baa..b..     0.0603193167
       22b22aab....     0.0596648811
       22a22bba....     0.0596648811
       2222ab2.....     0.0592153192
       2222ba2.....     0.0592153192
       2222.2b..a..     0.0582737917
       2222.2a..b..     0.0582737917
       22a22b2.....    -0.0563338078
       22b22a2.....    -0.0563338078
       22a2b2ba....    -0.0550573110
       22b2a2ab....    -0.0550573110
       2.222ab...2.     0.0537866242
       2.222ba...2.     0.0537866242
       22b22a.2....     0.0534643059
       22a22b.2....     0.0534643059
       2222ba.a.b..    -0.0514638616
       2222ab.b.a..    -0.0514638616
       2222.2.2....    -0.0512072136
       2222baba....    -0.0504668071
       2222abab....    -0.0504668071
       222.b2.a2...    -0.0503292054
       222.a2.b2...    -0.0503292054
       - FCI and RDMs                             15.16
    * Integral transformation done. Elapsed time: 0.08

       - jop, kop                                  0.00
       - denom                                     0.02
     guess   0:   closed 111111......         open ............        
     guess   1:   closed 11111.......         open .....11.....        

  === FCI iteration ===

      0  0      -386.69362661     3.85e-04      0.59
      0  1      -386.45958655     4.09e-04      0.00

      1  0      -386.80478330     1.82e-04      0.60
      1  1      -386.59382843     2.48e-04      0.00

      2  0      -386.82333070     8.07e-05      0.61
      2  1      -386.63597311     1.33e-04      0.00

      3  0      -386.82648535     3.38e-05      0.61
      3  1      -386.64666290     6.97e-05      0.00

      4  0      -386.82699933     1.35e-05      0.61
      4  1      -386.64948062     3.84e-05      0.00

      5  0      -386.82707689     5.43e-06      0.61
      5  1      -386.65032219     2.11e-05      0.00

      6  0      -386.82708885     2.15e-06      0.61
      6  1      -386.65056491     1.16e-05      0.00

      7  0      -386.82709072     8.57e-07      0.61
      7  1      -386.65064086     6.91e-06      0.00

      8  0      -386.82709104     3.71e-07      0.61
      8  1      -386.65067619     5.25e-06      0.00

      9  0      -386.82709110     1.50e-07      0.62
      9  1      -386.65069554     3.59e-06      0.00

     10  0      -386.82709111     5.60e-08      0.61
     10  1      -386.65070213     1.81e-06      0.00

     11  0      -386.82709111     1.92e-08      0.62
     11  1      -386.65070362     7.87e-07      0.00

     12  0      -386.82709111     6.70e-09      0.62
     12  1      -386.65070391     3.56e-07      0.00

     13  0      -386.82709111     2.62e-09      0.62
     13  1      -386.65070397     1.86e-07      0.00

     14  0      -386.82709111     1.05e-09      0.62
     14  1      -386.65070399     9.30e-08      0.00

     15  0      -386.82709111     4.12e-10      0.63
     15  1      -386.65070400     4.50e-08      0.00

     16  0      -386.82709111     1.63e-10      0.62
     16  1      -386.65070400     2.34e-08      0.00

     17  0 *    -386.82709111     6.82e-11      0.53
     17  1      -386.65070400     1.34e-08      0.00

     18  0 *    -386.82709111     6.06e-11      0.33
     18  1      -386.65070400     7.60e-09      0.00

     19  0 *    -386.82709111     5.95e-11      0.33
     19  1      -386.65070400     3.85e-09      0.00

     20  0 *    -386.82709111     5.94e-11      0.33
     20  1      -386.65070400     1.85e-09      0.00

     21  0 *    -386.82709111     5.94e-11      0.33
     21  1      -386.65070400     8.66e-10      0.00
    ** throwing out 1 trial vectors **

     22  0 *    -386.82709111     5.93e-11      0.33
     22  1      -386.65070400     4.19e-10      0.00
    ** throwing out 1 trial vectors **

     23  0 *    -386.82709111     5.91e-11      0.34
     23  1      -386.65070400     2.14e-10      0.00
    ** throwing out 1 trial vectors **

     24  0 *    -386.82709111     5.90e-11      0.33
     24  1      -386.65070400     1.14e-10      0.00
    ** throwing out 1 trial vectors **

     25  0 *    -386.82709111     5.89e-11      0.24
     25  1 *    -386.65070400     5.81e-11      0.00

     * ci vector   0, <S^2> = 0.0000, E =     -386.82709111
       222222......     0.9081197250
       222.22..2...    -0.1870820819
       2222.22.....    -0.1266971072
       22222..2....    -0.1168238867
       2.2222....2.    -0.0872834114
       2222aabb....    -0.0688117589
       2222bbaa....    -0.0688117589
       2222abab....    -0.0679211404
       2222baba....    -0.0679211404
       .22222.....2    -0.0658951064
       22222ab.....     0.0640330107
       22222ba.....     0.0640330107
       22222.2.....    -0.0631281554

     * ci vector   1, <S^2> = 0.0000, E =     -386.65070400
       22222ab.....    -0.5617341664
       22222ba.....    -0.5617341664
       2222b2.a....     0.2443587052
       2222a2.b....     0.2443587052
       222.2ab.2...     0.1153143675
       222.2ba.2...     0.1153143675
       222222......     0.1017638875
       22a2b22.....    -0.0949428891
       22b2a22.....    -0.0949428891
       22222..a.b..    -0.0778550752
       22222..b.a..    -0.0778550752
       22222.a..b..    -0.0611976085
       22222.b..a..    -0.0611976085
       2222abb..a..     0.0603174391
       2222baa..b..     0.0603174391
       22b22aab....     0.0596665244
       22a22bba....     0.0596665244
       2222ab2.....     0.0592145269
       2222ba2.....     0.0592145269
       2222.2b..a..     0.0582751859
       2222.2a..b..     0.0582751859
       22a22b2.....    -0.0563327632
       22b22a2.....    -0.0563327632
       22a2b2ba....    -0.0550562286
       22b2a2ab....    -0.0550562286
       2.222ab...2.     0.0537867303
       2.222ba...2.     0.0537867303
       22b22a.2....     0.0534632867
       22a22b.2....     0.0534632867
       2222ba.a.b..    -0.0514649652
       2222ab.b.a..    -0.0514649652
       2222.2.2....    -0.0512075688
       2222baba....    -0.0504675490
       2222abab....    -0.0504675490
       222.b2.a2...    -0.0503293936
       222.a2.b2...    -0.0503293936
       - FCI and RDMs                             15.08
    * Integral transformation done. Elapsed time: 0.08

       - jop, kop                                  0.00
       - denom                                     0.02
     guess   0:   closed 111111......         open ............        
     guess   1:   closed 11111.......         open .....11.....        

  === FCI iteration ===

      0  0      -386.69362655     3.85e-04      0.60
      0  1      -386.45958625     4.09e-04      0.00

      1  0      -386.80478331     1.82e-04      0.60
      1  1      -386.59382826     2.48e-04      0.00

      2  0      -386.82333073     8.07e-05      0.61
      2  1      -386.63597304     1.33e-04      0.00

      3  0      -386.82648537     3.38e-05      0.60
      3  1      -386.64666286     6.97e-05      0.00

      4  0      -386.82699935     1.35e-05      0.61
      4  1      -386.64948058     3.84e-05      0.00

      5  0      -386.82707692     5.43e-06      0.61
      5  1      -386.65032216     2.11e-05      0.00

      6  0      -386.82708888     2.15e-06      0.61
      6  1      -386.65056488     1.16e-05      0.00

      7  0      -386.82709075     8.57e-07      0.61
      7  1      -386.65064083     6.91e-06      0.00

      8  0      -386.82709107     3.71e-07      0.61
      8  1      -386.65067616     5.25e-06      0.00

      9  0      -386.82709113     1.50e-07      0.61
      9  1      -386.65069551     3.59e-06      0.00

     10  0      -386.82709114     5.60e-08      0.62
     10  1      -386.65070210     1.81e-06      0.00

     11  0      -386.82709114     1.92e-08      0.62
     11  1      -386.65070359     7.87e-07      0.00

     12  0      -386.82709114     6.70e-09      0.62
     12  1      -386.65070388     3.56e-07      0.00

     13  0      -386.82709114     2.62e-09      0.62
     13  1      -386.65070395     1.86e-07      0.00

     14  0      -386.82709114     1.05e-09      0.62
     14  1      -386.65070396     9.30e-08      0.00

     15  0      -386.82709114     4.12e-10      0.63
     15  1      -386.65070397     4.50e-08      0.00

     16  0      -386.82709114     1.63e-10      0.62
     16  1      -386.65070397     2.34e-08      0.00

     17  0 *    -386.82709114     6.82e-11      0.53
     17  1      -386.65070397     1.34e-08      0.00

     18  0 *    -386.82709114     6.06e-11      0.33
     18  1      -386.65070397     7.60e-09      0.00

     19  0 *    -386.82709114     5.95e-11      0.33
     19  1      -386.65070397     3.85e-09      0.00

     20  0 *    -386.82709114     5.94e-11      0.33
     20  1      -386.65070397     1.85e-09      0.00

     21  0 *    -386.82709114     5.94e-11      0.33
     21  1      -386.65070397     8.66e-10      0.00
    ** throwing out 1 trial vectors **

     22  0 *    -386.82709114     5.93e-11      0.33
     22  1      -386.65070397     4.19e-10      0.00
    ** throwing out 1 trial vectors **

     23  0 *    -386.82709114     5.91e-11      0.34
     23  1      -386.65070397     2.14e-10      0.00
    ** throwing out 1 trial vectors **

     24  0 *    -386.82709114     5.90e-11      0.33
     24  1      -386.65070397     1.14e-10      0.00
    ** throwing out 1 trial vectors **

     25  0 *    -386.82709114     5.89e-11      0.24
     25  1 *    -386.65070397     5.81e-11      0.00

     * ci vector   0, <S^2> = 0.0000, E =     -386.82709114
       222222......     0.9081197569
       222.22..2...    -0.1870820600
       2222.22.....    -0.1266975217
       22222..2....    -0.1168237499
       2.2222....2.    -0.0872835481
       2222bbaa....    -0.0688117737
       2222aabb....    -0.0688117737
       2222baba....    -0.0679213065
       2222abab....    -0.0679213065
       .22222.....2    -0.0658951626
       22222ba.....     0.0640326339
       22222ab.....     0.0640326339
       22222.2.....    -0.0631282432

     * ci vector   1, <S^2> = 0.0000, E =     -386.65070397
       22222ba.....    -0.5617338924
       22222ab.....    -0.5617338924
       2222a2.b....     0.2443592192
       2222b2.a....     0.2443592192
       222.2ba.2...     0.1153142929
       222.2ab.2...     0.1153142929
       222222......     0.1017635908
       22b2a22.....    -0.0949436630
       22a2b22.....    -0.0949436630
       22222..b.a..    -0.0778544412
       22222..a.b..    -0.0778544412
       22222.b..a..    -0.0611983922
       22222.a..b..    -0.0611983922
       2222baa..b..     0.0603164843
       2222abb..a..     0.0603164843
       22a22bba....     0.0596673589
       22b22aab....     0.0596673589
       2222ba2.....     0.0592141233
       2222ab2.....     0.0592141233
       2222.2a..b..     0.0582758948
       2222.2b..a..     0.0582758948
       22b22a2.....    -0.0563322326
       22a22b2.....    -0.0563322326
       22b2a2ab....    -0.0550556776
       22a2b2ba....    -0.0550556776
       2.222ba...2.     0.0537867845
       2.222ab...2.     0.0537867845
       22a22b.2....     0.0534627682
       22b22a.2....     0.0534627682
       2222ab.b.a..    -0.0514655253
       2222ba.a.b..    -0.0514655253
       2222.2.2....    -0.0512077507
       2222abab....    -0.0504679288
       2222baba....    -0.0504679288
       222.a2.b2...    -0.0503294891
       222.b2.a2...    -0.0503294891
       - FCI and RDMs                             15.08
    * Integral transformation done. Elapsed time: 0.08

       - jop, kop                                  0.00
       - denom                                     0.02
     guess   0:   closed 111111......         open ............        
     guess   1:   closed 11111.......         open .....11.....        

  === FCI iteration ===

      0  0      -386.69362652     3.85e-04      0.62
      0  1      -386.45958609     4.09e-04      0.00

      1  0      -386.80478332     1.82e-04      0.63
      1  1      -386.59382817     2.48e-04      0.00

      2  0      -386.82333074     8.07e-05      0.63
      2  1      -386.63597300     1.33e-04      0.00

      3  0      -386.82648539     3.38e-05      0.63
      3  1      -386.64666283     6.97e-05      0.00

      4  0      -386.82699937     1.35e-05      0.63
      4  1      -386.64948057     3.84e-05      0.00

      5  0      -386.82707693     5.43e-06      0.62
      5  1      -386.65032215     2.11e-05      0.00

      6  0      -386.82708889     2.15e-06      0.61
      6  1      -386.65056486     1.16e-05      0.00

      7  0      -386.82709077     8.57e-07      0.61
      7  1      -386.65064081     6.91e-06      0.00

      8  0      -386.82709109     3.71e-07      0.61
      8  1      -386.65067615     5.25e-06      0.00

      9  0      -386.82709114     1.50e-07      0.62
      9  1      -386.65069550     3.59e-06      0.00

     10  0      -386.82709115     5.60e-08      0.62
     10  1      -386.65070209     1.81e-06      0.00

     11  0      -386.82709115     1.92e-08      0.62
     11  1      -386.65070358     7.87e-07      0.00

     12  0      -386.82709115     6.70e-09      0.62
     12  1      -386.65070386     3.56e-07      0.00

     13  0      -386.82709115     2.62e-09      0.62
     13  1      -386.65070393     1.86e-07      0.00

     14  0      -386.82709115     1.05e-09      0.62
     14  1      -386.65070395     9.30e-08      0.00

     15  0      -386.82709115     4.12e-10      0.62
     15  1      -386.65070395     4.50e-08      0.00

     16  0      -386.82709115     1.63e-10      0.62
     16  1      -386.65070395     2.34e-08      0.00

     17  0 *    -386.82709115     6.82e-11      0.52
     17  1      -386.65070395     1.34e-08      0.00

     18  0 *    -386.82709115     6.06e-11      0.33
     18  1      -386.65070395     7.60e-09      0.00

     19  0 *    -386.82709115     5.95e-11      0.33
     19  1      -386.65070395     3.85e-09      0.00

     20  0 *    -386.82709115     5.94e-11      0.33
     20  1      -386.65070395     1.85e-09      0.00

     21  0 *    -386.82709115     5.94e-11      0.33
     21  1      -386.65070395     8.66e-10      0.00
    ** throwing out 1 trial vectors **

     22  0 *    -386.82709115     5.93e-11      0.33
     22  1      -386.65070395     4.19e-10      0.00
    ** throwing out 1 trial vectors **

     23  0 *    -386.82709115     5.91e-11      0.33
     23  1      -386.65070395     2.14e-10      0.00
    ** throwing out 1 trial vectors **

     24  0 *    -386.82709115     5.90e-11      0.34
     24  1      -386.65070395     1.14e-10      0.00
    ** throwing out 1 trial vectors **

     25  0 *    -386.82709115     5.89e-11      0.24
     25  1 *    -386.65070395     5.81e-11      0.00

     * ci vector   0, <S^2> = 0.0000, E =     -386.82709115
       222222......     0.9081197734
       222.22..2...    -0.1870820493
       2222.22.....    -0.1266977327
       22222..2....    -0.1168236805
       2.2222....2.    -0.0872836177
       2222aabb....    -0.0688117812
       2222bbaa....    -0.0688117812
       2222baba....    -0.0679213907
       2222abab....    -0.0679213907
       .22222.....2    -0.0658951912
       22222ab.....     0.0640324413
       22222ba.....     0.0640324413
       22222.2.....    -0.0631282880

     * ci vector   1, <S^2> = -0.0000, E =     -386.65070395
       22222ab.....    -0.5617337536
       22222ba.....    -0.5617337536
       2222b2.a....     0.2443594797
       2222a2.b....     0.2443594797
       222.2ab.2...     0.1153142553
       222.2ba.2...     0.1153142553
       222222......     0.1017634390
       22a2b22.....    -0.0949440565
       22b2a22.....    -0.0949440565
       22222..a.b..    -0.0778541187
       22222..b.a..    -0.0778541187
       22222.a..b..    -0.0611987909
       22222.b..a..    -0.0611987909
       2222abb..a..     0.0603159986
       2222baa..b..     0.0603159986
       22b22aab....     0.0596677831
       22a22bba....     0.0596677831
       2222ab2.....     0.0592139178
       2222ba2.....     0.0592139178
       2222.2b..a..     0.0582762554
       2222.2a..b..     0.0582762554
       22a22b2.....    -0.0563319629
       22b22a2.....    -0.0563319629
       22a2b2ba....    -0.0550553972
       22b2a2ab....    -0.0550553972
       2.222ab...2.     0.0537868121
       2.222ba...2.     0.0537868121
       22b22a.2....     0.0534625043
       22a22b.2....     0.0534625043
       2222ba.a.b..    -0.0514658097
       2222ab.b.a..    -0.0514658097
       2222.2.2....    -0.0512078437
       2222baba....    -0.0504681229
       2222abab....    -0.0504681229
       222.b2.a2...    -0.0503295376
       222.a2.b2...    -0.0503295376
       - FCI and RDMs                             15.19
