--------------------------------------------------
JOB FRONT-END 3110225 on wux26
SLURM ENVIRONMENT
--------------------------------------------------
SLURM_JOB_ID                   = 3110225             
SLURM_ARRAY_JOB_ID             = N/A                 
SLURM_ARRAY_TASK_ID            = N/A                 
SLURM_JOB_NAME                 = bagel               
SLURM_JOB_PARTITION            = batch               
SLURM_JOB_NUM_NODES            = 1                   
SLURM_JOB_CPUS_PER_NODE        = 20                  
SLURM_NTASKS                   = 20                  
SLURM_NTASKS_PER_NODE          = N/A                 
--------------------------------------------------
--------------------------------------------------
PBS ENVIRONMENT
--------------------------------------------------
PBS_JOBID                      = 3110225             
PBS_ARRAYID                    = N/A                 
PBS_JOBNAME                    = bagel               
PBS_QUEUE                      = batch               
PBS_NUM_NODES                  = 1                   
PBS_NUM_PPN                    = 1                   
PBS_NP                         = 20                  
PBS_NODEFILE                   = /tmp/3110225/nodes  
--------------------------------------------------
  * process grid (5, 4) will be used
    wux26                           
    wux26                           
    wux26                           
    wux26                           
    wux26                           
    wux26                           
    wux26                           
    wux26                           
    wux26                           
    wux26                           
    wux26                           
    wux26                           
    wux26                           
    wux26                           
    wux26                           
    wux26                           
    wux26                           
    wux26                           
    wux26                           
    wux26                           

  * using 20 threads per process

  ===============================================================
    BAGEL - Freshly leavened quantum chemistry                   
  ===============================================================

  *** Geometry ***

  { "atom" : "C", "xyz" : [      4.471002,     -1.087548,      1.163278 ] },
  { "atom" : "C", "xyz" : [      4.233700,      1.625748,      1.504430 ] },
  { "atom" : "C", "xyz" : [      1.952895,      2.833864,      1.360840 ] },
  { "atom" : "N", "xyz" : [     -0.385463,      1.558669,      1.049594 ] },
  { "atom" : "B", "xyz" : [     -0.254977,     -1.313544,      0.047188 ] },
  { "atom" : "C", "xyz" : [      2.436027,     -2.507425,      0.417074 ] },
  { "atom" : "C", "xyz" : [     -2.570257,     -2.707801,     -0.913735 ] },
  { "atom" : "C", "xyz" : [     -4.876047,     -1.249347,     -1.233804 ] },
  { "atom" : "C", "xyz" : [     -4.402073,      1.295808,     -1.150722 ] },
  { "atom" : "C", "xyz" : [     -1.598255,      1.764802,     -1.241963 ] },
  { "atom" : "H", "xyz" : [      6.322227,     -1.954305,      1.497697 ] },
  { "atom" : "H", "xyz" : [      5.906344,      2.776242,      1.886008 ] },
  { "atom" : "H", "xyz" : [      1.769008,      4.878342,      1.582289 ] },
  { "atom" : "H", "xyz" : [      2.688869,     -4.560131,      0.235138 ] },
  { "atom" : "H", "xyz" : [     -2.507531,     -4.725353,     -1.414768 ] },
  { "atom" : "H", "xyz" : [     -6.757335,     -2.101408,     -1.212530 ] },
  { "atom" : "H", "xyz" : [     -5.756645,      2.798251,     -0.702097 ] },
  { "atom" : "H", "xyz" : [     -0.671490,      2.675137,     -2.873915 ] },

  Number of auxiliary basis functions:      884

  Since a DF basis is specified, we compute 2- and 3-index integrals:
    o Being stored without compression. Storage requirement is 0.079 GB
       - 3-index ints prep                         0.00
       - 3-index ints                              0.05
       - 2-index ints                              0.03
       - computing inverse                         0.30
        elapsed time:        0.38 sec.


  Number of basis functions:      106
  Number of electrons      :       68


    * METHOD: MOLECULE                             0.45

       - Overlap matrix                            0.00
       - Hcore matrix                              0.01
       - Overlap orthog                            0.01

  *** RHF ***

  === Nuclear Repulsion ===
  
   451.9168731621

      * DIIS with orbital gradients will be used.

       - SCF startup                               0.43

  === RHF iteration (/home/miaoxin/software/bagel-1.2.2/obj/share/3-21g.json) ===
  
               o Fock build                                  0.21
      0       -384.23029551          0.01273332           0.22
               o DIIS                                        0.00
               o Diag                                        0.01
               o Post process                                0.00
               o Fock build                                  0.20
      1       -384.38969530          0.00586232           0.22
               o DIIS                                        0.00
               o Diag                                        0.01
               o Post process                                0.00
               o Fock build                                  0.23
      2       -384.41917339          0.00207231           0.24
               o DIIS                                        0.00
               o Diag                                        0.01
               o Post process                                0.00
               o Fock build                                  0.23
      3       -384.42453053          0.00073754           0.25
               o DIIS                                        0.00
               o Diag                                        0.01
               o Post process                                0.00
               o Fock build                                  0.16
      4       -384.42516750          0.00020562           0.18
               o DIIS                                        0.00
               o Diag                                        0.01
               o Post process                                0.00
               o Fock build                                  0.16
      5       -384.42534536          0.00013881           0.18
               o DIIS                                        0.00
               o Diag                                        0.01
               o Post process                                0.00
               o Fock build                                  0.21
      6       -384.42540720          0.00008182           0.22
               o DIIS                                        0.00
               o Diag                                        0.01
               o Post process                                0.00
               o Fock build                                  0.19
      7       -384.42545405          0.00004600           0.21
               o DIIS                                        0.00
               o Diag                                        0.01
               o Post process                                0.00
               o Fock build                                  0.15
      8       -384.42546645          0.00002191           0.17
               o DIIS                                        0.00
               o Diag                                        0.01
               o Post process                                0.00
               o Fock build                                  0.15
      9       -384.42546872          0.00001725           0.17
               o DIIS                                        0.00
               o Diag                                        0.01
               o Post process                                0.00
               o Fock build                                  0.15
     10       -384.42547054          0.00000832           0.17
               o DIIS                                        0.00
               o Diag                                        0.01
               o Post process                                0.00
               o Fock build                                  0.16
     11       -384.42547088          0.00000434           0.17
               o DIIS                                        0.00
               o Diag                                        0.01
               o Post process                                0.00
               o Fock build                                  0.16
     12       -384.42547100          0.00000232           0.17
               o DIIS                                        0.00
               o Diag                                        0.01
               o Post process                                0.00
               o Fock build                                  0.23
     13       -384.42547102          0.00000145           0.24
               o DIIS                                        0.00
               o Diag                                        0.01
               o Post process                                0.00
               o Fock build                                  0.26
     14       -384.42547103          0.00000064           0.28
               o DIIS                                        0.00
               o Diag                                        0.01
               o Post process                                0.00
               o Fock build                                  0.16
     15       -384.42547103          0.00000035           0.18
               o DIIS                                        0.00
               o Diag                                        0.01
               o Post process                                0.00
               o Fock build                                  0.20
     16       -384.42547103          0.00000023           0.21
               o DIIS                                        0.00
               o Diag                                        0.01
               o Post process                                0.00
               o Fock build                                  0.24
     17       -384.42547103          0.00000014           0.25
               o DIIS                                        0.00
               o Diag                                        0.01
               o Post process                                0.00
               o Fock build                                  0.19
     18       -384.42547103          0.00000008           0.21
               o DIIS                                        0.00
               o Diag                                        0.01
               o Post process                                0.00
               o Fock build                                  0.20
     19       -384.42547103          0.00000004           0.21
               o DIIS                                        0.00
               o Diag                                        0.01
               o Post process                                0.00
               o Fock build                                  0.20
     20       -384.42547103          0.00000003           0.21
               o DIIS                                        0.00
               o Diag                                        0.01
               o Post process                                0.00
               o Fock build                                  0.37
     21       -384.42547103          0.00000001           0.38
               o DIIS                                        0.00
               o Diag                                        0.01
               o Post process                                0.00
               o Fock build                                  0.21
     22       -384.42547103          0.00000001           0.23
  
    * SCF iteration converged.

    * Permanent dipole moment:
           (   -0.213385,    -0.674808,     0.491247) a.u.

  ---------------------------
      CASSCF calculation     
  ---------------------------

 
    ==== Active orbitals : ===== 
         Orbital 32
         Orbital 33
         Orbital 34
         Orbital 35
         Orbital 36
         Orbital 37
    ============================ 

    * nstate   :      4
    * nclosed  :     31
    * nact     :      6
    * nvirt    :     69
  === CASSCF iteration (/home/miaoxin/software/bagel-1.2.2/obj/share/3-21g.json) ===

    * Using the second-order algorithm

      0  0      -384.46222053     3.80e-03      0.27
      0  1      -384.36406530     0.00e+00      0.27
      0  2      -384.31072287     0.00e+00      0.27
      0  3      -384.27642185     0.00e+00      0.27

         res : 8.46e-02   lamb: 1.00e+00   eps : -3.21e-02   step: 5.76e-01    0.18
         res : 3.26e-02   lamb: 1.00e+00   eps : -3.48e-02   step: 6.06e-01    0.20
         res : 8.74e-03   lamb: 1.00e+00   eps : -3.51e-02   step: 5.89e-01    0.20
         res : 2.93e-03   lamb: 1.00e+00   eps : -3.51e-02   step: 5.87e-01    0.20
         res : 8.44e-04   lamb: 1.00e+00   eps : -3.51e-02   step: 5.87e-01    0.36
         res : 3.36e-04   lamb: 1.00e+00   eps : -3.51e-02   step: 5.87e-01    0.20
         res : 1.44e-04   lamb: 1.00e+00   eps : -3.51e-02   step: 5.87e-01    0.21
         res : 1.15e-04   lamb: 1.00e+00   eps : -3.51e-02   step: 5.87e-01    0.20
         res : 6.34e-05   lamb: 1.00e+00   eps : -3.51e-02   step: 5.87e-01    0.26
         res : 2.26e-05   lamb: 1.00e+00   eps : -3.51e-02   step: 5.87e-01    0.20

      1  0      -384.48596287     1.65e-03      3.08
      1  1      -384.38812582     0.00e+00      3.08
      1  2      -384.35049209     0.00e+00      3.08
      1  3      -384.32866031     0.00e+00      3.08

         res : 5.23e-02   lamb: 1.00e+00   eps : -1.04e-02   step: 2.24e-01    0.18
         res : 2.11e-02   lamb: 1.00e+00   eps : -1.13e-02   step: 2.45e-01    0.20
         res : 1.08e-02   lamb: 1.00e+00   eps : -1.15e-02   step: 2.48e-01    0.20
         res : 2.59e-02   lamb: 1.00e+00   eps : -1.17e-02   step: 2.68e-01    0.26
         res : 9.10e-02   lamb: 1.00e+00   eps : -1.35e-02   step: 8.75e-01    0.20
         res : 3.75e-03   lamb: 1.95e+00   eps : -1.99e-02   step: 2.38e-01    0.20
         res : 1.47e-03   lamb: 1.95e+00   eps : -2.00e-02   step: 2.33e-01    0.20
         res : 4.85e-04   lamb: 1.96e+00   eps : -2.00e-02   step: 2.32e-01    0.19
         res : 1.88e-04   lamb: 1.99e+00   eps : -2.02e-02   step: 2.29e-01    0.20
         res : 1.53e-04   lamb: 2.02e+00   eps : -2.04e-02   step: 2.26e-01    0.20
         res : 1.46e-04   lamb: 2.13e+00   eps : -2.11e-02   step: 2.17e-01    0.20
         res : 4.08e-05   lamb: 2.14e+00   eps : -2.12e-02   step: 2.16e-01    0.20
         res : 1.82e-05   lamb: 2.14e+00   eps : -2.12e-02   step: 2.16e-01    0.20

      2  0      -384.49268523     4.37e-04      3.62
      2  1      -384.39088200     0.00e+00      3.62
      2  2      -384.36112729     0.00e+00      3.62
      2  3      -384.33574132     0.00e+00      3.62

         res : 1.61e-02   lamb: 1.00e+00   eps : -1.28e-03   step: 8.11e-02    0.29
         res : 3.94e-02   lamb: 1.00e+00   eps : -1.87e-03   step: 1.49e-01    0.19
         res : 1.66e-01   lamb: 1.00e+00   eps : -6.04e-03   step: 1.00e+00    0.20
         res : 1.00e-02   lamb: 2.79e+00   eps : -8.26e-03   step: 4.65e-01    0.20
         res : 2.60e-03   lamb: 3.08e+00   eps : -8.30e-03   step: 4.10e-01    0.20
         res : 7.56e-04   lamb: 3.09e+00   eps : -8.32e-03   step: 4.08e-01    0.26
         res : 2.88e-04   lamb: 3.09e+00   eps : -8.32e-03   step: 4.07e-01    0.20
         res : 9.18e-05   lamb: 3.09e+00   eps : -8.32e-03   step: 4.07e-01    0.20
         res : 3.15e-05   lamb: 3.09e+00   eps : -8.32e-03   step: 4.07e-01    0.20

      3  0      -384.49923076     5.35e-04      3.01
      3  1      -384.39174367     0.00e+00      3.01
      3  2      -384.36515233     0.00e+00      3.01
      3  3      -384.33785721     0.00e+00      3.01

         res : 2.57e-02   lamb: 1.00e+00   eps : -1.18e-03   step: 6.97e-02    0.17
         res : 3.34e-02   lamb: 1.00e+00   eps : -1.98e-03   step: 1.48e-01    0.26
         res : 1.59e-02   lamb: 1.00e+00   eps : -2.45e-03   step: 2.14e-01    0.20
         res : 7.71e-03   lamb: 1.00e+00   eps : -2.53e-03   step: 2.29e-01    0.20
         res : 2.26e-03   lamb: 1.00e+00   eps : -2.54e-03   step: 2.33e-01    0.20
         res : 9.76e-04   lamb: 1.00e+00   eps : -2.55e-03   step: 2.33e-01    0.27
         res : 2.36e-04   lamb: 1.00e+00   eps : -2.55e-03   step: 2.33e-01    0.35
         res : 8.56e-05   lamb: 1.00e+00   eps : -2.55e-03   step: 2.33e-01    0.21
         res : 3.01e-05   lamb: 1.00e+00   eps : -2.55e-03   step: 2.33e-01    0.19
         res : 9.33e-06   lamb: 1.00e+00   eps : -2.55e-03   step: 2.33e-01    0.25

      4  0      -384.50375526     2.37e-04      3.05
      4  1      -384.39202282     0.00e+00      3.05
      4  2      -384.36418849     0.00e+00      3.05
      4  3      -384.33904530     0.00e+00      3.05

         res : 8.15e-03   lamb: 1.00e+00   eps : -2.49e-04   step: 3.26e-02    0.25
         res : 4.61e-03   lamb: 1.00e+00   eps : -2.85e-04   step: 4.09e-02    0.43
         res : 1.84e-03   lamb: 1.00e+00   eps : -2.93e-04   step: 4.34e-02    0.19
         res : 8.29e-04   lamb: 1.00e+00   eps : -2.94e-04   step: 4.40e-02    0.21
         res : 2.22e-04   lamb: 1.00e+00   eps : -2.94e-04   step: 4.41e-02    0.27
         res : 1.07e-04   lamb: 1.00e+00   eps : -2.94e-04   step: 4.42e-02    0.19
         res : 3.16e-05   lamb: 1.00e+00   eps : -2.94e-04   step: 4.42e-02    0.19
         res : 1.16e-05   lamb: 1.00e+00   eps : -2.94e-04   step: 4.42e-02    0.19
         res : 3.83e-06   lamb: 1.00e+00   eps : -2.94e-04   step: 4.42e-02    0.26

      5  0      -384.50350849     4.60e-05      3.09
      5  1      -384.39183774     0.00e+00      3.09
      5  2      -384.36483345     0.00e+00      3.09
      5  3      -384.33946713     0.00e+00      3.09

         res : 1.26e-03   lamb: 1.00e+00   eps : -3.73e-06   step: 3.01e-03    0.25
         res : 4.21e-04   lamb: 1.00e+00   eps : -4.27e-06   step: 4.05e-03    0.19
         res : 2.86e-04   lamb: 1.00e+00   eps : -4.38e-06   step: 4.30e-03    0.19
         res : 1.26e-04   lamb: 1.00e+00   eps : -4.41e-06   step: 4.39e-03    0.19
         res : 5.27e-05   lamb: 1.00e+00   eps : -4.41e-06   step: 4.45e-03    0.19
         res : 1.88e-05   lamb: 1.00e+00   eps : -4.41e-06   step: 4.46e-03    0.27
         res : 5.53e-06   lamb: 1.00e+00   eps : -4.41e-06   step: 4.46e-03    0.21
         res : 1.96e-06   lamb: 1.00e+00   eps : -4.41e-06   step: 4.46e-03    0.21
         res : 5.17e-07   lamb: 1.00e+00   eps : -4.41e-06   step: 4.46e-03    0.21
         res : 1.84e-07   lamb: 1.00e+00   eps : -4.41e-06   step: 4.46e-03    0.28

      6  0      -384.50348305     1.43e-05      2.93
      6  1      -384.39180896     0.00e+00      2.93
      6  2      -384.36490750     0.00e+00      2.93
      6  3      -384.33945823     0.00e+00      2.93

         res : 3.58e-04   lamb: 1.00e+00   eps : -2.91e-07   step: 7.77e-04    0.33
         res : 9.33e-05   lamb: 1.00e+00   eps : -3.28e-07   step: 1.02e-03    0.19
         res : 4.48e-05   lamb: 1.00e+00   eps : -3.31e-07   step: 1.03e-03    0.19
         res : 9.87e-06   lamb: 1.00e+00   eps : -3.31e-07   step: 1.02e-03    0.19
         res : 3.96e-06   lamb: 1.00e+00   eps : -3.31e-07   step: 1.02e-03    0.19
         res : 1.22e-06   lamb: 1.00e+00   eps : -3.31e-07   step: 1.02e-03    0.26
         res : 5.71e-07   lamb: 1.00e+00   eps : -3.31e-07   step: 1.02e-03    0.20
         res : 2.26e-07   lamb: 1.00e+00   eps : -3.31e-07   step: 1.02e-03    0.19
         res : 9.05e-08   lamb: 1.00e+00   eps : -3.31e-07   step: 1.02e-03    0.20

      7  0      -384.50348618     5.14e-06      2.86
      7  1      -384.39180117     0.00e+00      2.86
      7  2      -384.36491995     0.00e+00      2.86
      7  3      -384.33945134     0.00e+00      2.86

         res : 1.29e-04   lamb: 1.00e+00   eps : -3.48e-08   step: 2.59e-04    0.18
         res : 3.28e-05   lamb: 1.00e+00   eps : -3.97e-08   step: 3.52e-04    0.26
         res : 1.59e-05   lamb: 1.00e+00   eps : -4.01e-08   step: 3.53e-04    0.20
         res : 3.75e-06   lamb: 1.00e+00   eps : -4.02e-08   step: 3.52e-04    0.19
         res : 1.95e-06   lamb: 1.00e+00   eps : -4.02e-08   step: 3.52e-04    0.21
         res : 1.03e-06   lamb: 1.00e+00   eps : -4.02e-08   step: 3.53e-04    0.37
         res : 4.44e-07   lamb: 1.00e+00   eps : -4.02e-08   step: 3.53e-04    0.20
         res : 1.49e-07   lamb: 1.00e+00   eps : -4.02e-08   step: 3.53e-04    0.21
         res : 4.15e-08   lamb: 1.00e+00   eps : -4.02e-08   step: 3.53e-04    0.19
         res : 1.74e-08   lamb: 1.00e+00   eps : -4.02e-08   step: 3.53e-04    0.20

      8  0      -384.50348841     1.93e-06      3.20
      8  1      -384.39179769     0.00e+00      3.20
      8  2      -384.36492326     0.00e+00      3.20
      8  3      -384.33944939     0.00e+00      3.20

         res : 4.75e-05   lamb: 1.00e+00   eps : -4.56e-09   step: 9.04e-05    0.29
         res : 1.17e-05   lamb: 1.00e+00   eps : -5.25e-09   step: 1.26e-04    0.20
         res : 5.67e-06   lamb: 1.00e+00   eps : -5.30e-09   step: 1.26e-04    0.20
         res : 1.43e-06   lamb: 1.00e+00   eps : -5.31e-09   step: 1.26e-04    0.20
         res : 7.88e-07   lamb: 1.00e+00   eps : -5.31e-09   step: 1.26e-04    0.27
         res : 4.17e-07   lamb: 1.00e+00   eps : -5.31e-09   step: 1.26e-04    0.19
         res : 1.62e-07   lamb: 1.00e+00   eps : -5.31e-09   step: 1.26e-04    0.20
         res : 5.37e-08   lamb: 1.00e+00   eps : -5.31e-09   step: 1.26e-04    0.20
         res : 1.46e-08   lamb: 1.00e+00   eps : -5.31e-09   step: 1.26e-04    0.19
         res : 6.17e-09   lamb: 1.00e+00   eps : -5.31e-09   step: 1.26e-04    0.27

      9  0      -384.50348943     7.32e-07      3.18
      9  1      -384.39179613     0.00e+00      3.18
      9  2      -384.36492436     0.00e+00      3.18
      9  3      -384.33944884     0.00e+00      3.18

         res : 1.77e-05   lamb: 1.00e+00   eps : -6.24e-10   step: 3.23e-05    0.19
         res : 4.21e-06   lamb: 1.00e+00   eps : -7.22e-10   step: 4.60e-05    0.19
         res : 2.02e-06   lamb: 1.00e+00   eps : -7.29e-10   step: 4.60e-05    0.20
         res : 5.28e-07   lamb: 1.00e+00   eps : -7.30e-10   step: 4.59e-05    0.20
         res : 2.82e-07   lamb: 1.00e+00   eps : -7.30e-10   step: 4.60e-05    0.26
         res : 1.49e-07   lamb: 1.00e+00   eps : -7.30e-10   step: 4.61e-05    0.20
         res : 5.75e-08   lamb: 1.00e+00   eps : -7.30e-10   step: 4.61e-05    0.20
         res : 1.92e-08   lamb: 1.00e+00   eps : -7.30e-10   step: 4.61e-05    0.20
         res : 5.15e-09   lamb: 1.00e+00   eps : -7.30e-10   step: 4.61e-05    0.26
         res : 2.19e-09   lamb: 1.00e+00   eps : -7.30e-10   step: 4.61e-05    0.20

     10  0      -384.50348986     2.80e-07      3.03
     10  1      -384.39179546     0.00e+00      3.03
     10  2      -384.36492476     0.00e+00      3.03
     10  3      -384.33944868     0.00e+00      3.03

         res : 6.63e-06   lamb: 1.00e+00   eps : -8.77e-11   step: 1.18e-05    0.21
         res : 1.54e-06   lamb: 1.00e+00   eps : -1.02e-10   step: 1.70e-05    0.20
         res : 7.23e-07   lamb: 1.00e+00   eps : -1.03e-10   step: 1.70e-05    0.20
         res : 1.93e-07   lamb: 1.00e+00   eps : -1.03e-10   step: 1.70e-05    0.21
         res : 9.85e-08   lamb: 1.00e+00   eps : -1.03e-10   step: 1.70e-05    0.26
         res : 5.26e-08   lamb: 1.00e+00   eps : -1.03e-10   step: 1.70e-05    0.19
         res : 2.06e-08   lamb: 1.00e+00   eps : -1.03e-10   step: 1.70e-05    0.19
         res : 6.94e-09   lamb: 1.00e+00   eps : -1.03e-10   step: 1.70e-05    0.19
         res : 1.85e-09   lamb: 1.00e+00   eps : -1.03e-10   step: 1.70e-05    0.26

     11  0      -384.50349004     1.07e-07      2.74
     11  1      -384.39179517     0.00e+00      2.74
     11  2      -384.36492492     0.00e+00      2.74
     11  3      -384.33944863     0.00e+00      2.74

         res : 2.51e-06   lamb: 1.00e+00   eps : -1.25e-11   step: 4.37e-06    0.25
         res : 5.75e-07   lamb: 1.00e+00   eps : -1.46e-11   step: 6.37e-06    0.20
         res : 2.62e-07   lamb: 1.00e+00   eps : -1.47e-11   step: 6.37e-06    0.21
         res : 7.12e-08   lamb: 1.00e+00   eps : -1.47e-11   step: 6.36e-06    0.20
         res : 3.43e-08   lamb: 1.00e+00   eps : -1.47e-11   step: 6.36e-06    0.25
         res : 1.85e-08   lamb: 1.00e+00   eps : -1.47e-11   step: 6.37e-06    0.20
         res : 7.50e-09   lamb: 1.00e+00   eps : -1.47e-11   step: 6.37e-06    0.27
         res : 2.55e-09   lamb: 1.00e+00   eps : -1.47e-11   step: 6.37e-06    0.19

     12  0      -384.50349011     4.11e-08      2.63
     12  1      -384.39179506     0.00e+00      2.63
     12  2      -384.36492497     0.00e+00      2.63
     12  3      -384.33944862     0.00e+00      2.63

         res : 9.55e-07   lamb: 1.00e+00   eps : -1.82e-12   step: 1.64e-06    0.20
         res : 2.16e-07   lamb: 1.00e+00   eps : -2.11e-12   step: 2.40e-06    0.37
         res : 9.63e-08   lamb: 1.00e+00   eps : -2.13e-12   step: 2.40e-06    0.26
         res : 2.65e-08   lamb: 1.00e+00   eps : -2.14e-12   step: 2.40e-06    0.20
         res : 1.21e-08   lamb: 1.00e+00   eps : -2.14e-12   step: 2.40e-06    0.20
         res : 6.55e-09   lamb: 1.00e+00   eps : -2.14e-12   step: 2.40e-06    0.29
         res : 2.74e-09   lamb: 1.00e+00   eps : -2.14e-12   step: 2.40e-06    0.19

     13  0      -384.50349014     1.58e-08      2.51
     13  1      -384.39179501     0.00e+00      2.51
     13  2      -384.36492500     0.00e+00      2.51
     13  3      -384.33944862     0.00e+00      2.51

         res : 3.65e-07   lamb: 1.00e+00   eps : -2.65e-13   step: 6.17e-07    0.24
         res : 8.19e-08   lamb: 1.00e+00   eps : -3.09e-13   step: 9.10e-07    0.19
         res : 3.57e-08   lamb: 1.00e+00   eps : -3.12e-13   step: 9.11e-07    0.20
         res : 9.96e-09   lamb: 1.00e+00   eps : -3.12e-13   step: 9.10e-07    0.23
         res : 4.33e-09   lamb: 1.00e+00   eps : -3.12e-13   step: 9.10e-07    0.26

     14  0      -384.50349015     6.09e-09      1.96
     14  1      -384.39179499     0.00e+00      1.96
     14  2      -384.36492501     0.00e+00      1.96
     14  3      -384.33944861     0.00e+00      1.96

    * Second-order optimization converged. *   

    * Integral transformation done. Elapsed time: 0.41

     guess   0:   closed 11....               open ..11..              
     guess   1:   closed 111...               open ......              
     guess   2:   closed 11....               open ..1.1.              
     guess   3:   closed 11.1..               open ......              

  === FCI iteration ===

      0  0      -384.43107271     9.43e-03      0.00
      0  1      -384.32775320     8.49e-03      0.00
      0  2      -384.20690639     8.74e-03      0.00
      0  3      -384.19379341     8.88e-03      0.00

      1  0      -384.49069613     4.69e-03      0.00
      1  1      -384.37411108     4.21e-03      0.00
      1  2      -384.28007521     5.49e-03      0.00
      1  3      -384.26232209     5.36e-03      0.00

      2  0      -384.50223928     1.66e-03      0.00
      2  1      -384.38614963     2.36e-03      0.00
      2  2      -384.32749189     5.94e-03      0.00
      2  3      -384.30387982     6.11e-03      0.00

      3  0      -384.50338298     4.98e-04      0.00
      3  1      -384.39028473     1.48e-03      0.00
      3  2      -384.35543162     3.69e-03      0.00
      3  3      -384.33238029     3.33e-03      0.00

      4  0      -384.50347378     1.66e-04      0.00
      4  1      -384.39161938     5.54e-04      0.00
      4  2      -384.36368691     1.50e-03      0.00
      4  3      -384.33866737     1.09e-03      0.00

      5  0      -384.50348694     6.84e-05      0.00
      5  1      -384.39177543     1.87e-04      0.00
      5  2      -384.36476473     5.11e-04      0.00
      5  3      -384.33933729     4.09e-04      0.00

      6  0      -384.50348966     2.76e-05      0.00
      6  1      -384.39179294     5.56e-05      0.00
      6  2      -384.36490730     1.66e-04      0.00
      6  3      -384.33943473     1.37e-04      0.00

      7  0      -384.50349009     1.07e-05      0.00
      7  1      -384.39179467     2.27e-05      0.00
      7  2      -384.36492209     6.93e-05      0.00
      7  3      -384.33944643     5.60e-05      0.00

      8  0      -384.50349014     3.37e-06      0.01
      8  1      -384.39179494     9.21e-06      0.00
      8  2      -384.36492447     2.62e-05      0.00
      8  3      -384.33944828     2.29e-05      0.00

      9  0      -384.50349015     8.86e-07      0.01
      9  1      -384.39179499     2.86e-06      0.00
      9  2      -384.36492489     1.16e-05      0.00
      9  3      -384.33944857     8.16e-06      0.00

     10  0      -384.50349015     2.47e-07      0.01
     10  1      -384.39179499     9.52e-07      0.00
     10  2      -384.36492499     4.75e-06      0.00
     10  3      -384.33944861     2.97e-06      0.00

     11  0      -384.50349015     5.54e-08      0.01
     11  1      -384.39179499     2.71e-07      0.00
     11  2      -384.36492500     1.41e-06      0.00
     11  3      -384.33944861     8.41e-07      0.00

     12  0      -384.50349015     1.11e-08      0.01
     12  1      -384.39179499     6.69e-08      0.00
     12  2      -384.36492501     3.88e-07      0.00
     12  3      -384.33944861     2.50e-07      0.00

     13  0      -384.50349015     2.45e-09      0.07
     13  1      -384.39179499     1.55e-08      0.00
     13  2      -384.36492501     1.00e-07      0.00
     13  3      -384.33944861     7.47e-08      0.00

     14  0      -384.50349015     5.60e-10      0.01
     14  1      -384.39179499     3.94e-09      0.00
     14  2      -384.36492501     2.72e-08      0.00
     14  3      -384.33944861     2.07e-08      0.00

     15  0      -384.50349015     1.11e-10      0.01
     15  1      -384.39179499     8.99e-10      0.00
     15  2      -384.36492501     7.12e-09      0.00
     15  3      -384.33944861     5.83e-09      0.00

     16  0 *    -384.50349015     2.46e-11      0.01
     16  1      -384.39179499     2.51e-10      0.00
     16  2      -384.36492501     1.82e-09      0.00
     16  3      -384.33944861     1.58e-09      0.00

     17  0 *    -384.50349015     1.39e-11      0.01
     17  1 *    -384.39179499     5.79e-11      0.00
     17  2      -384.36492501     4.63e-10      0.00
     17  3      -384.33944861     4.57e-10      0.00

     18  0 *    -384.50349015     1.35e-11      0.01
     18  1 *    -384.39179499     4.50e-11      0.00
     18  2 *    -384.36492501     9.92e-11      0.00
     18  3      -384.33944861     1.03e-10      0.00

     19  0 *    -384.50349015     1.35e-11      0.01
     19  1 *    -384.39179499     4.20e-11      0.00
     19  2 *    -384.36492501     9.03e-11      0.00
     19  3 *    -384.33944861     2.95e-11      0.00

     * ci vector, state   0, <S^2> = -0.0000
       222...     0.5557036521
       22ab..    -0.5205588666
       22ba..    -0.5205588666
       a2bb.a     0.0985001155
       b2aa.b     0.0985001155
       2.2.2.    -0.0778620264
       2.ab2.     0.0739530251
       2.ba2.     0.0739530251
       a22b..    -0.0724667880
       b22a..    -0.0724667880
       2ba2..    -0.0631319120
       2ab2..    -0.0631319120
       .2ab.2     0.0517804671
       .2ba.2     0.0517804671
       2ba.2.     0.0511669467
       2ab.2.     0.0511669467
       2abb.a    -0.0500084339
       2baa.b    -0.0500084339

     * ci vector, state   1, <S^2> = -0.0000
       222...    -0.6340275572
       22ab..    -0.3520705032
       22ba..    -0.3520705032
       22a.b.    -0.1577886324
       22b.a.    -0.1577886324
       b22a..     0.1556102468
       a22b..     0.1556102468
       2abba.     0.1392919726
       2baab.     0.1392919726
       2a2b..    -0.1299191963
       2b2a..    -0.1299191963
       22.a.b    -0.1166407034
       22.b.a    -0.1166407034
       22...2     0.1118605696
       2.2.2.     0.0939907596
       2aabb.    -0.0818120825
       2bbaa.    -0.0818120825
       2ba2..    -0.0694580821
       2ab2..    -0.0694580821
       2.ab2.     0.0652526304
       2.ba2.     0.0652526304
       2baba.     0.0574798901
       2abab.     0.0574798901
       .22b.a     0.0536257180
       .22a.b     0.0536257180
       a2bb.a     0.0505496068
       b2aa.b     0.0505496068

     * ci vector, state   2, <S^2> = 0.0000
       2b2a..     0.3117453622
       2a2b..     0.3117453622
       22.ab.    -0.2537592522
       22.ba.    -0.2537592522
       22.2..     0.2108484544
       22b.a.    -0.2049975085
       22a.b.    -0.2049975085
       22.b.a     0.1935070948
       22.a.b     0.1935070948
       2abba.     0.1921962484
       2baab.     0.1921962484
       a22b..    -0.1828507423
       b22a..    -0.1828507423
       b2aab.     0.1551213821
       a2bba.     0.1551213821
       2abab.     0.0986216824
       2baba.     0.0986216824
       b2baa.    -0.0984109834
       a2abb.    -0.0984109834
       22b..a    -0.0967904705
       22a..b    -0.0967904705
       2aabb.    -0.0935745661
       2bbaa.    -0.0935745661
       2baa.b     0.0877070802
       2abb.a     0.0877070802
       222...    -0.0860549202
       .222..    -0.0763719464
       22...2    -0.0706542031
       2a.b.2     0.0674069480
       2b.a.2     0.0674069480
       2aba.b     0.0625611418
       2bab.a     0.0625611418
       b2.a.2    -0.0589548505
       a2.b.2    -0.0589548505
       a2bab.     0.0567103987
       b2aba.     0.0567103987
       22..ba     0.0566683876
       22..ab     0.0566683876
       .22ab.     0.0565392605
       .22ba.     0.0565392605
       ab2a.b     0.0562954441
       ba2b.a     0.0562954441
       2.2ab.     0.0554146524
       2.2ba.     0.0554146524
       2a2..b    -0.0525965849
       2b2..a    -0.0525965849

     * ci vector, state   3, <S^2> = 0.0000
       222...    -0.4268040747
       b22a..    -0.2630013759
       a22b..    -0.2630013759
       22.2..     0.2594187975
       22.a.b     0.2506577135
       22.b.a     0.2506577135
       2abba.    -0.2272627967
       2baab.    -0.2272627967
       22a.b.     0.2045927649
       22b.a.     0.2045927649
       22ba..    -0.1594713066
       22ab..    -0.1594713066
       2baba.    -0.1197680218
       2abab.    -0.1197680218
       2aabb.     0.1074947750
       2bbaa.     0.1074947750
       b2aab.    -0.1001392558
       a2bba.    -0.1001392558
       22.ab.     0.0864369852
       22.ba.     0.0864369852
       .222..    -0.0861249279
       2.2.2.     0.0638313252
       b2.a.2    -0.0598435955
       a2.b.2    -0.0598435955
       a2bab.    -0.0590276335
       b2aba.    -0.0590276335
       .22..2     0.0557003626
       ab2ab.    -0.0518853638
       ba2ba.    -0.0518853638

    * METHOD: CASSCF                              47.47

  Number of auxiliary basis functions:      884

  Since a DF basis is specified, we compute 2- and 3-index integrals:
    o Being stored without compression. Storage requirement is 0.645 GB
       - 3-index ints prep                         0.00
       - 3-index ints                              0.24
       - 2-index ints                              0.02
       - computing inverse                         0.26
        elapsed time:        0.53 sec.


  Number of basis functions:      302
  Number of electrons      :       68


    * METHOD: MOLECULE                             0.84

  ---------------------------
      CASSCF calculation     
  ---------------------------

 
    ==== Active orbitals : ===== 
         Orbital 32
         Orbital 33
         Orbital 34
         Orbital 35
         Orbital 36
         Orbital 37
    ============================ 

    * nstate   :      4
    * nclosed  :     31
    * nact     :      6
    * nvirt    :    265
  === CASSCF iteration (/home/miaoxin/software/bagel-1.2.2/obj/share/aug-cc-pVDZ.json) ===

    * Using the second-order algorithm

      0  0      -386.46119041     2.44e-02      0.46
      0  1      -386.34995671     0.00e+00      0.46
      0  2      -386.32524771     0.00e+00      0.46
      0  3      -386.29916034     0.00e+00      0.46

         res : 7.42e-01   lamb: 1.00e+00   eps : -3.88e-01   step: 2.12e-01    0.24
         res : 2.77e-01   lamb: 1.00e+00   eps : -4.37e-01   step: 2.35e-01    0.25
         res : 1.48e-01   lamb: 1.00e+00   eps : -4.46e-01   step: 2.46e-01    0.23
         res : 6.59e-02   lamb: 1.00e+00   eps : -4.48e-01   step: 2.52e-01    0.44
         res : 3.88e-02   lamb: 1.00e+00   eps : -4.48e-01   step: 2.54e-01    0.24
         res : 2.28e-02   lamb: 1.00e+00   eps : -4.49e-01   step: 2.55e-01    0.34
         res : 1.08e-02   lamb: 1.00e+00   eps : -4.49e-01   step: 2.55e-01    0.26
         res : 5.74e-03   lamb: 1.00e+00   eps : -4.49e-01   step: 2.55e-01    0.27
         res : 3.08e-03   lamb: 1.00e+00   eps : -4.49e-01   step: 2.55e-01    0.43
         res : 1.48e-03   lamb: 1.00e+00   eps : -4.49e-01   step: 2.55e-01    0.40
         res : 8.49e-04   lamb: 1.00e+00   eps : -4.49e-01   step: 2.55e-01    0.25
         res : 4.70e-04   lamb: 1.00e+00   eps : -4.49e-01   step: 2.55e-01    0.32
         res : 2.40e-04   lamb: 1.00e+00   eps : -4.49e-01   step: 2.55e-01    0.24
         res : 1.43e-04   lamb: 1.00e+00   eps : -4.49e-01   step: 2.55e-01    0.26
         res : 7.50e-05   lamb: 1.00e+00   eps : -4.49e-01   step: 2.55e-01    0.26
         res : 4.13e-05   lamb: 1.00e+00   eps : -4.49e-01   step: 2.55e-01    0.52
         res : 2.38e-05   lamb: 1.00e+00   eps : -4.49e-01   step: 2.55e-01    0.25

      1  0      -386.70045675     1.19e-03      7.62
      1  1      -386.59248211     0.00e+00      7.62
      1  2      -386.56152277     0.00e+00      7.62
      1  3      -386.53753236     0.00e+00      7.62

         res : 7.18e-02   lamb: 1.00e+00   eps : -4.55e-03   step: 6.59e-02    0.32
         res : 4.24e-02   lamb: 1.00e+00   eps : -5.85e-03   step: 8.72e-02    0.25
         res : 2.49e-02   lamb: 1.00e+00   eps : -6.32e-03   step: 9.63e-02    0.25
         res : 1.70e-02   lamb: 1.00e+00   eps : -6.50e-03   step: 1.00e-01    0.25
         res : 1.10e-02   lamb: 1.00e+00   eps : -6.58e-03   step: 1.02e-01    0.24
         res : 6.85e-03   lamb: 1.00e+00   eps : -6.62e-03   step: 1.04e-01    0.24
         res : 4.55e-03   lamb: 1.00e+00   eps : -6.63e-03   step: 1.04e-01    0.26
         res : 2.85e-03   lamb: 1.00e+00   eps : -6.63e-03   step: 1.04e-01    0.26
         res : 1.84e-03   lamb: 1.00e+00   eps : -6.63e-03   step: 1.04e-01    0.33
         res : 1.27e-03   lamb: 1.00e+00   eps : -6.64e-03   step: 1.04e-01    0.27
         res : 8.87e-04   lamb: 1.00e+00   eps : -6.64e-03   step: 1.04e-01    0.26
         res : 6.07e-04   lamb: 1.00e+00   eps : -6.64e-03   step: 1.05e-01    0.57
         res : 4.14e-04   lamb: 1.00e+00   eps : -6.64e-03   step: 1.05e-01    0.25
         res : 2.59e-04   lamb: 1.00e+00   eps : -6.64e-03   step: 1.05e-01    0.24
         res : 1.66e-04   lamb: 1.00e+00   eps : -6.64e-03   step: 1.05e-01    0.32
         res : 1.04e-04   lamb: 1.00e+00   eps : -6.64e-03   step: 1.05e-01    0.26
         res : 6.46e-05   lamb: 1.00e+00   eps : -6.64e-03   step: 1.05e-01    0.26
         res : 3.87e-05   lamb: 1.00e+00   eps : -6.64e-03   step: 1.05e-01    0.41
         res : 2.41e-05   lamb: 1.00e+00   eps : -6.64e-03   step: 1.05e-01    0.32
         res : 1.50e-05   lamb: 1.00e+00   eps : -6.64e-03   step: 1.05e-01    0.26
         res : 9.80e-06   lamb: 1.00e+00   eps : -6.64e-03   step: 1.05e-01    0.35

      2  0      -386.70235918     4.60e-05      8.31
      2  1      -386.59685559     0.00e+00      8.31
      2  2      -386.56513547     0.00e+00      8.31
      2  3      -386.54115714     0.00e+00      8.31

         res : 2.49e-03   lamb: 1.00e+00   eps : -1.13e-05   step: 5.09e-03    0.25
         res : 1.23e-03   lamb: 1.00e+00   eps : -1.34e-05   step: 6.61e-03    0.25
         res : 7.39e-04   lamb: 1.00e+00   eps : -1.40e-05   step: 6.82e-03    0.24
         res : 4.24e-04   lamb: 1.00e+00   eps : -1.42e-05   step: 6.87e-03    0.24
         res : 3.32e-04   lamb: 1.00e+00   eps : -1.43e-05   step: 6.96e-03    0.34
         res : 2.24e-04   lamb: 1.00e+00   eps : -1.43e-05   step: 7.02e-03    0.25
         res : 1.54e-04   lamb: 1.00e+00   eps : -1.43e-05   step: 7.02e-03    0.33
         res : 9.26e-05   lamb: 1.00e+00   eps : -1.43e-05   step: 7.01e-03    0.25
         res : 6.32e-05   lamb: 1.00e+00   eps : -1.43e-05   step: 7.01e-03    0.25
         res : 4.13e-05   lamb: 1.00e+00   eps : -1.43e-05   step: 7.01e-03    0.25
         res : 2.89e-05   lamb: 1.00e+00   eps : -1.43e-05   step: 7.01e-03    0.53
         res : 1.91e-05   lamb: 1.00e+00   eps : -1.43e-05   step: 7.01e-03    0.27
         res : 1.27e-05   lamb: 1.00e+00   eps : -1.43e-05   step: 7.01e-03    0.26
         res : 8.26e-06   lamb: 1.00e+00   eps : -1.43e-05   step: 7.01e-03    0.33
         res : 5.45e-06   lamb: 1.00e+00   eps : -1.43e-05   step: 7.01e-03    0.27
         res : 3.44e-06   lamb: 1.00e+00   eps : -1.43e-05   step: 7.01e-03    0.26
         res : 2.18e-06   lamb: 1.00e+00   eps : -1.43e-05   step: 7.01e-03    0.34
         res : 1.32e-06   lamb: 1.00e+00   eps : -1.43e-05   step: 7.01e-03    0.34
         res : 8.06e-07   lamb: 1.00e+00   eps : -1.43e-05   step: 7.01e-03    0.26
         res : 5.07e-07   lamb: 1.00e+00   eps : -1.43e-05   step: 7.01e-03    0.34

      3  0      -386.70224191     1.02e-05      7.99
      3  1      -386.59702707     0.00e+00      7.99
      3  2      -386.56518047     0.00e+00      7.99
      3  3      -386.54109191     0.00e+00      7.99

         res : 5.36e-04   lamb: 1.00e+00   eps : -6.15e-07   step: 1.18e-03    0.25
         res : 2.15e-04   lamb: 1.00e+00   eps : -7.00e-07   step: 1.50e-03    0.25
         res : 1.33e-04   lamb: 1.00e+00   eps : -7.18e-07   step: 1.54e-03    0.24
         res : 6.30e-05   lamb: 1.00e+00   eps : -7.22e-07   step: 1.54e-03    0.23
         res : 4.07e-05   lamb: 1.00e+00   eps : -7.24e-07   step: 1.55e-03    0.25
         res : 2.40e-05   lamb: 1.00e+00   eps : -7.24e-07   step: 1.55e-03    0.26
         res : 1.69e-05   lamb: 1.00e+00   eps : -7.24e-07   step: 1.55e-03    0.24
         res : 1.01e-05   lamb: 1.00e+00   eps : -7.24e-07   step: 1.55e-03    0.34
         res : 6.25e-06   lamb: 1.00e+00   eps : -7.24e-07   step: 1.55e-03    0.25
         res : 4.00e-06   lamb: 1.00e+00   eps : -7.24e-07   step: 1.55e-03    0.25
         res : 2.54e-06   lamb: 1.00e+00   eps : -7.24e-07   step: 1.55e-03    0.56
         res : 1.69e-06   lamb: 1.00e+00   eps : -7.24e-07   step: 1.55e-03    0.26
         res : 1.14e-06   lamb: 1.00e+00   eps : -7.24e-07   step: 1.55e-03    0.25
         res : 7.88e-07   lamb: 1.00e+00   eps : -7.24e-07   step: 1.55e-03    0.34
         res : 5.60e-07   lamb: 1.00e+00   eps : -7.24e-07   step: 1.55e-03    0.27
         res : 3.82e-07   lamb: 1.00e+00   eps : -7.24e-07   step: 1.55e-03    0.27
         res : 2.64e-07   lamb: 1.00e+00   eps : -7.24e-07   step: 1.55e-03    0.35
         res : 1.77e-07   lamb: 1.00e+00   eps : -7.24e-07   step: 1.55e-03    0.42
         res : 1.09e-07   lamb: 1.00e+00   eps : -7.24e-07   step: 1.55e-03    0.26

      4  0      -386.70222074     3.50e-06      7.80
      4  1      -386.59706727     0.00e+00      7.80
      4  2      -386.56519342     0.00e+00      7.80
      4  3      -386.54106183     0.00e+00      7.80

         res : 1.74e-04   lamb: 1.00e+00   eps : -5.91e-08   step: 3.33e-04    0.25
         res : 6.79e-05   lamb: 1.00e+00   eps : -6.82e-08   step: 4.50e-04    0.25
         res : 4.30e-05   lamb: 1.00e+00   eps : -7.00e-08   step: 4.62e-04    0.23
         res : 2.04e-05   lamb: 1.00e+00   eps : -7.05e-08   step: 4.62e-04    0.41
         res : 1.33e-05   lamb: 1.00e+00   eps : -7.06e-08   step: 4.64e-04    0.25
         res : 7.69e-06   lamb: 1.00e+00   eps : -7.07e-08   step: 4.66e-04    0.24
         res : 5.37e-06   lamb: 1.00e+00   eps : -7.07e-08   step: 4.66e-04    0.34
         res : 3.30e-06   lamb: 1.00e+00   eps : -7.07e-08   step: 4.66e-04    0.25
         res : 2.21e-06   lamb: 1.00e+00   eps : -7.07e-08   step: 4.66e-04    0.26
         res : 1.49e-06   lamb: 1.00e+00   eps : -7.07e-08   step: 4.66e-04    0.57
         res : 1.01e-06   lamb: 1.00e+00   eps : -7.07e-08   step: 4.66e-04    0.25
         res : 6.80e-07   lamb: 1.00e+00   eps : -7.07e-08   step: 4.66e-04    0.26
         res : 4.71e-07   lamb: 1.00e+00   eps : -7.07e-08   step: 4.66e-04    0.35
         res : 3.31e-07   lamb: 1.00e+00   eps : -7.07e-08   step: 4.66e-04    0.27
         res : 2.27e-07   lamb: 1.00e+00   eps : -7.07e-08   step: 4.66e-04    0.27
         res : 1.47e-07   lamb: 1.00e+00   eps : -7.07e-08   step: 4.66e-04    0.34
         res : 9.56e-08   lamb: 1.00e+00   eps : -7.07e-08   step: 4.66e-04    0.39
         res : 6.01e-08   lamb: 1.00e+00   eps : -7.07e-08   step: 4.66e-04    0.26
         res : 3.62e-08   lamb: 1.00e+00   eps : -7.07e-08   step: 4.66e-04    0.35

      5  0      -386.70221461     1.31e-06      8.27
      5  1      -386.59708048     0.00e+00      8.27
      5  2      -386.56519624     0.00e+00      8.27
      5  3      -386.54105212     0.00e+00      8.27

         res : 6.16e-05   lamb: 1.00e+00   eps : -7.15e-09   step: 1.07e-04    0.25
         res : 2.44e-05   lamb: 1.00e+00   eps : -8.36e-09   step: 1.52e-04    0.25
         res : 1.53e-05   lamb: 1.00e+00   eps : -8.58e-09   step: 1.56e-04    0.35
         res : 7.52e-06   lamb: 1.00e+00   eps : -8.63e-09   step: 1.56e-04    0.25
         res : 4.85e-06   lamb: 1.00e+00   eps : -8.65e-09   step: 1.57e-04    0.26
         res : 2.86e-06   lamb: 1.00e+00   eps : -8.66e-09   step: 1.58e-04    0.24
         res : 2.00e-06   lamb: 1.00e+00   eps : -8.66e-09   step: 1.58e-04    0.33
         res : 1.30e-06   lamb: 1.00e+00   eps : -8.66e-09   step: 1.58e-04    0.26
         res : 9.03e-07   lamb: 1.00e+00   eps : -8.66e-09   step: 1.58e-04    0.25
         res : 6.30e-07   lamb: 1.00e+00   eps : -8.66e-09   step: 1.58e-04    0.46
         res : 4.28e-07   lamb: 1.00e+00   eps : -8.66e-09   step: 1.58e-04    0.26
         res : 2.86e-07   lamb: 1.00e+00   eps : -8.66e-09   step: 1.58e-04    0.26
         res : 1.92e-07   lamb: 1.00e+00   eps : -8.66e-09   step: 1.58e-04    0.32
         res : 1.33e-07   lamb: 1.00e+00   eps : -8.66e-09   step: 1.58e-04    0.25
         res : 8.83e-08   lamb: 1.00e+00   eps : -8.66e-09   step: 1.58e-04    0.25
         res : 5.63e-08   lamb: 1.00e+00   eps : -8.66e-09   step: 1.58e-04    0.26
         res : 3.56e-08   lamb: 1.00e+00   eps : -8.66e-09   step: 1.58e-04    0.39
         res : 2.19e-08   lamb: 1.00e+00   eps : -8.66e-09   step: 1.58e-04    0.27
         res : 1.32e-08   lamb: 1.00e+00   eps : -8.66e-09   step: 1.58e-04    0.26

      6  0      -386.70221253     5.11e-07      7.87
      6  1      -386.59708528     0.00e+00      7.87
      6  2      -386.56519670     0.00e+00      7.87
      6  3      -386.54104896     0.00e+00      7.87

         res : 2.33e-05   lamb: 1.00e+00   eps : -1.01e-09   step: 3.81e-05    0.25
         res : 9.35e-06   lamb: 1.00e+00   eps : -1.19e-09   step: 5.57e-05    0.25
         res : 5.78e-06   lamb: 1.00e+00   eps : -1.22e-09   step: 5.76e-05    0.24
         res : 2.94e-06   lamb: 1.00e+00   eps : -1.23e-09   step: 5.76e-05    0.31
         res : 1.87e-06   lamb: 1.00e+00   eps : -1.23e-09   step: 5.78e-05    0.26
         res : 1.13e-06   lamb: 1.00e+00   eps : -1.23e-09   step: 5.81e-05    0.25
         res : 7.89e-07   lamb: 1.00e+00   eps : -1.23e-09   step: 5.82e-05    0.34
         res : 5.39e-07   lamb: 1.00e+00   eps : -1.23e-09   step: 5.81e-05    0.26
         res : 3.78e-07   lamb: 1.00e+00   eps : -1.23e-09   step: 5.81e-05    0.26
         res : 2.67e-07   lamb: 1.00e+00   eps : -1.23e-09   step: 5.81e-05    0.24
         res : 1.80e-07   lamb: 1.00e+00   eps : -1.23e-09   step: 5.82e-05    0.42
         res : 1.18e-07   lamb: 1.00e+00   eps : -1.23e-09   step: 5.82e-05    0.25
         res : 7.72e-08   lamb: 1.00e+00   eps : -1.23e-09   step: 5.82e-05    0.24
         res : 5.33e-08   lamb: 1.00e+00   eps : -1.23e-09   step: 5.81e-05    0.32
         res : 3.49e-08   lamb: 1.00e+00   eps : -1.23e-09   step: 5.81e-05    0.26
         res : 2.21e-08   lamb: 1.00e+00   eps : -1.23e-09   step: 5.81e-05    0.25
         res : 1.38e-08   lamb: 1.00e+00   eps : -1.23e-09   step: 5.81e-05    0.25
         res : 8.46e-09   lamb: 1.00e+00   eps : -1.23e-09   step: 5.81e-05    0.24
         res : 5.14e-09   lamb: 1.00e+00   eps : -1.23e-09   step: 5.81e-05    0.25

      7  0      -386.70221177     2.05e-07      7.64
      7  1      -386.59708711     0.00e+00      7.64
      7  2      -386.56519669     0.00e+00      7.64
      7  3      -386.54104789     0.00e+00      7.64

         res : 9.20e-06   lamb: 1.00e+00   eps : -1.57e-10   step: 1.46e-05    0.32
         res : 3.71e-06   lamb: 1.00e+00   eps : -1.86e-10   step: 2.17e-05    0.25
         res : 2.27e-06   lamb: 1.00e+00   eps : -1.90e-10   step: 2.24e-05    0.25
         res : 1.19e-06   lamb: 1.00e+00   eps : -1.91e-10   step: 2.25e-05    0.38
         res : 7.50e-07   lamb: 1.00e+00   eps : -1.92e-10   step: 2.25e-05    0.37
         res : 4.60e-07   lamb: 1.00e+00   eps : -1.92e-10   step: 2.26e-05    0.26
         res : 3.21e-07   lamb: 1.00e+00   eps : -1.92e-10   step: 2.27e-05    0.35
         res : 2.25e-07   lamb: 1.00e+00   eps : -1.92e-10   step: 2.27e-05    0.24
         res : 1.59e-07   lamb: 1.00e+00   eps : -1.92e-10   step: 2.27e-05    0.26
         res : 1.12e-07   lamb: 1.00e+00   eps : -1.92e-10   step: 2.27e-05    0.25
         res : 7.52e-08   lamb: 1.00e+00   eps : -1.92e-10   step: 2.27e-05    0.57
         res : 4.86e-08   lamb: 1.00e+00   eps : -1.92e-10   step: 2.27e-05    0.26
         res : 3.13e-08   lamb: 1.00e+00   eps : -1.92e-10   step: 2.27e-05    0.25
         res : 2.16e-08   lamb: 1.00e+00   eps : -1.92e-10   step: 2.27e-05    0.33
         res : 1.41e-08   lamb: 1.00e+00   eps : -1.92e-10   step: 2.27e-05    0.26
         res : 8.90e-09   lamb: 1.00e+00   eps : -1.92e-10   step: 2.27e-05    0.26
         res : 5.53e-09   lamb: 1.00e+00   eps : -1.92e-10   step: 2.27e-05    0.37
         res : 3.38e-09   lamb: 1.00e+00   eps : -1.92e-10   step: 2.27e-05    0.24

      8  0      -386.70221148     8.38e-08      7.85
      8  1      -386.59708784     0.00e+00      7.85
      8  2      -386.56519663     0.00e+00      7.85
      8  3      -386.54104752     0.00e+00      7.85

         res : 3.73e-06   lamb: 1.00e+00   eps : -2.58e-11   step: 5.80e-06    0.33
         res : 1.50e-06   lamb: 1.00e+00   eps : -3.05e-11   step: 8.70e-06    0.25
         res : 9.17e-07   lamb: 1.00e+00   eps : -3.12e-11   step: 9.02e-06    0.25
         res : 4.86e-07   lamb: 1.00e+00   eps : -3.15e-11   step: 9.05e-06    0.24
         res : 3.06e-07   lamb: 1.00e+00   eps : -3.15e-11   step: 9.08e-06    0.25
         res : 1.89e-07   lamb: 1.00e+00   eps : -3.15e-11   step: 9.12e-06    0.25
         res : 1.32e-07   lamb: 1.00e+00   eps : -3.16e-11   step: 9.14e-06    0.25
         res : 9.42e-08   lamb: 1.00e+00   eps : -3.16e-11   step: 9.13e-06    0.25
         res : 6.65e-08   lamb: 1.00e+00   eps : -3.16e-11   step: 9.13e-06    0.41
         res : 4.69e-08   lamb: 1.00e+00   eps : -3.16e-11   step: 9.13e-06    0.26
         res : 3.14e-08   lamb: 1.00e+00   eps : -3.16e-11   step: 9.13e-06    0.25
         res : 2.01e-08   lamb: 1.00e+00   eps : -3.16e-11   step: 9.13e-06    0.50
         res : 1.28e-08   lamb: 1.00e+00   eps : -3.16e-11   step: 9.13e-06    0.26
         res : 8.86e-09   lamb: 1.00e+00   eps : -3.16e-11   step: 9.13e-06    0.25
         res : 5.73e-09   lamb: 1.00e+00   eps : -3.16e-11   step: 9.13e-06    0.33
         res : 3.63e-09   lamb: 1.00e+00   eps : -3.16e-11   step: 9.13e-06    0.26

      9  0      -386.70221137     3.46e-08      7.19
      9  1      -386.59708813     0.00e+00      7.19
      9  2      -386.56519659     0.00e+00      7.19
      9  3      -386.54104738     0.00e+00      7.19

         res : 1.54e-06   lamb: 1.00e+00   eps : -4.35e-12   step: 2.36e-06    0.53
         res : 6.18e-07   lamb: 1.00e+00   eps : -5.16e-12   step: 3.57e-06    0.26
         res : 3.76e-07   lamb: 1.00e+00   eps : -5.28e-12   step: 3.70e-06    0.25
         res : 2.01e-07   lamb: 1.00e+00   eps : -5.32e-12   step: 3.71e-06    0.32
         res : 1.26e-07   lamb: 1.00e+00   eps : -5.33e-12   step: 3.73e-06    0.26
         res : 7.84e-08   lamb: 1.00e+00   eps : -5.33e-12   step: 3.74e-06    0.26
         res : 5.49e-08   lamb: 1.00e+00   eps : -5.34e-12   step: 3.75e-06    0.35
         res : 3.95e-08   lamb: 1.00e+00   eps : -5.34e-12   step: 3.75e-06    0.32
         res : 2.79e-08   lamb: 1.00e+00   eps : -5.34e-12   step: 3.74e-06    0.25
         res : 1.97e-08   lamb: 1.00e+00   eps : -5.34e-12   step: 3.75e-06    0.25
         res : 1.31e-08   lamb: 1.00e+00   eps : -5.34e-12   step: 3.75e-06    0.33
         res : 8.33e-09   lamb: 1.00e+00   eps : -5.34e-12   step: 3.75e-06    0.26
         res : 5.30e-09   lamb: 1.00e+00   eps : -5.34e-12   step: 3.75e-06    0.26
         res : 3.65e-09   lamb: 1.00e+00   eps : -5.34e-12   step: 3.75e-06    0.56

     10  0      -386.70221132     1.44e-08      6.73
     10  1      -386.59708825     0.00e+00      6.73
     10  2      -386.56519657     0.00e+00      6.73
     10  3      -386.54104733     0.00e+00      6.73

         res : 6.37e-07   lamb: 1.00e+00   eps : -7.48e-13   step: 9.75e-07    0.26
         res : 2.56e-07   lamb: 1.00e+00   eps : -8.86e-13   step: 1.48e-06    0.35
         res : 1.56e-07   lamb: 1.00e+00   eps : -9.08e-13   step: 1.53e-06    0.26
         res : 8.36e-08   lamb: 1.00e+00   eps : -9.14e-13   step: 1.54e-06    0.27
         res : 5.24e-08   lamb: 1.00e+00   eps : -9.16e-13   step: 1.54e-06    0.51
         res : 3.26e-08   lamb: 1.00e+00   eps : -9.16e-13   step: 1.55e-06    0.26
         res : 2.29e-08   lamb: 1.00e+00   eps : -9.17e-13   step: 1.55e-06    0.25
         res : 1.67e-08   lamb: 1.00e+00   eps : -9.17e-13   step: 1.55e-06    0.32
         res : 1.18e-08   lamb: 1.00e+00   eps : -9.17e-13   step: 1.55e-06    0.24
         res : 8.32e-09   lamb: 1.00e+00   eps : -9.17e-13   step: 1.55e-06    0.26
         res : 5.52e-09   lamb: 1.00e+00   eps : -9.17e-13   step: 1.55e-06    0.42
         res : 3.48e-09   lamb: 1.00e+00   eps : -9.17e-13   step: 1.55e-06    0.37

     11  0      -386.70221130     5.99e-09      6.09
     11  1      -386.59708830     0.00e+00      6.09
     11  2      -386.56519656     0.00e+00      6.09
     11  3      -386.54104731     0.00e+00      6.09

    * Second-order optimization converged. *   

    * Integral transformation done. Elapsed time: 0.30

     guess   0:   closed 11....               open ..11..              
     guess   1:   closed 111...               open ......              
     guess   2:   closed 11....               open ..1.1.              
     guess   3:   closed 11.1..               open ......              

  === FCI iteration ===

      0  0      -386.63577781     8.96e-03      0.01
      0  1      -386.53828876     8.16e-03      0.00
      0  2      -386.41489559     8.43e-03      0.00
      0  3      -386.40239559     8.66e-03      0.00

      1  0      -386.69096327     4.33e-03      0.00
      1  1      -386.58253599     3.97e-03      0.00
      1  2      -386.48418682     5.15e-03      0.00
      1  3      -386.46831451     5.17e-03      0.00

      2  0      -386.70112679     1.52e-03      0.00
      2  1      -386.59301727     2.12e-03      0.00
      2  2      -386.52831907     6.12e-03      0.00
      2  3      -386.50971621     5.66e-03      0.00

      3  0      -386.70211716     4.51e-04      0.00
      3  1      -386.59614091     1.23e-03      0.00
      3  2      -386.55669281     3.49e-03      0.00
      3  3      -386.53407234     3.21e-03      0.00

      4  0      -386.70219640     1.51e-04      0.00
      4  1      -386.59699078     4.13e-04      0.00
      4  2      -386.56404438     1.41e-03      0.00
      4  3      -386.54026032     1.08e-03      0.00

      5  0      -386.70220818     6.65e-05      0.00
      5  1      -386.59707624     1.43e-04      0.00
      5  2      -386.56504597     4.72e-04      0.00
      5  3      -386.54091577     4.29e-04      0.00

      6  0      -386.70221087     2.60e-05      0.00
      6  1      -386.59708690     4.80e-05      0.00
      6  2      -386.56518034     1.54e-04      0.00
      6  3      -386.54102716     1.68e-04      0.00

      7  0      -386.70221127     8.07e-06      0.00
      7  1      -386.59708806     1.94e-05      0.00
      7  2      -386.56519411     5.88e-05      0.00
      7  3      -386.54104349     7.32e-05      0.00

      8  0      -386.70221130     2.18e-06      0.00
      8  1      -386.59708827     6.96e-06      0.00
      8  2      -386.56519601     2.47e-05      0.00
      8  3      -386.54104674     2.72e-05      0.00

      9  0      -386.70221130     7.14e-07      0.01
      9  1      -386.59708830     2.16e-06      0.00
      9  2      -386.56519642     1.35e-05      0.00
      9  3      -386.54104722     1.11e-05      0.00

     10  0      -386.70221130     2.08e-07      0.01
     10  1      -386.59708830     6.96e-07      0.00
     10  2      -386.56519654     5.35e-06      0.00
     10  3      -386.54104730     4.01e-06      0.00

     11  0      -386.70221130     4.52e-08      0.01
     11  1      -386.59708830     1.93e-07      0.00
     11  2      -386.56519656     1.59e-06      0.00
     11  3      -386.54104731     1.14e-06      0.00

     12  0      -386.70221130     9.29e-09      0.01
     12  1      -386.59708830     4.70e-08      0.00
     12  2      -386.56519656     4.52e-07      0.00
     12  3      -386.54104731     3.52e-07      0.00

     13  0      -386.70221130     2.01e-09      0.01
     13  1      -386.59708830     1.09e-08      0.00
     13  2      -386.56519656     1.14e-07      0.00
     13  3      -386.54104731     1.05e-07      0.00

     14  0      -386.70221130     4.64e-10      0.01
     14  1      -386.59708830     2.85e-09      0.00
     14  2      -386.56519656     3.02e-08      0.00
     14  3      -386.54104731     3.19e-08      0.00

     15  0 *    -386.70221130     9.32e-11      0.01
     15  1      -386.59708830     6.74e-10      0.00
     15  2      -386.56519656     7.50e-09      0.00
     15  3      -386.54104731     9.35e-09      0.00

     16  0 *    -386.70221130     6.99e-11      0.01
     16  1      -386.59708830     1.76e-10      0.00
     16  2      -386.56519656     1.87e-09      0.00
     16  3      -386.54104731     2.66e-09      0.00

     17  0 *    -386.70221130     6.27e-11      0.01
     17  1 *    -386.59708830     4.00e-11      0.00
     17  2      -386.56519656     4.83e-10      0.00
     17  3      -386.54104731     8.23e-10      0.00

     18  0 *    -386.70221130     6.25e-11      0.01
     18  1 *    -386.59708830     1.54e-11      0.00
     18  2 *    -386.56519656     9.61e-11      0.00
     18  3      -386.54104731     1.79e-10      0.00

     19  0 *    -386.70221130     6.19e-11      0.01
     19  1 *    -386.59708830     1.42e-11      0.00
     19  2 *    -386.56519656     7.93e-11      0.00
     19  3 *    -386.54104731     4.82e-11      0.00

     * ci vector, state   0, <S^2> = -0.0000
       222...     0.5983731415
       22ab..    -0.4998327401
       22ba..    -0.4998327401
       a2bb.a     0.0946773367
       b2aa.b     0.0946773367
       2.2.2.    -0.0840485097
       a22b..     0.0731763984
       b22a..     0.0731763984
       2.ab2.     0.0706366375
       2.ba2.     0.0706366375
       2ba2..    -0.0606720150
       2ab2..    -0.0606720150
       22...2    -0.0534648486

     * ci vector, state   1, <S^2> = -0.0000
       222...    -0.6408483449
       22ab..    -0.3874530483
       22ba..    -0.3874530483
       22a.b.     0.1572739129
       22b.a.     0.1572739129
       2abba.    -0.1349755064
       2baab.    -0.1349755064
       b22a..    -0.1335267121
       a22b..    -0.1335267121
       22...2     0.0992574066
       2a2b..    -0.0984014263
       2b2a..    -0.0984014263
       2.2.2.     0.0902320897
       2aabb.     0.0804775682
       2bbaa.     0.0804775682
       22.a.b     0.0803252643
       22.b.a     0.0803252643
       2ba2..    -0.0746882080
       2ab2..    -0.0746882080
       2.ab2.     0.0685701578
       2.ba2.     0.0685701578
       2baba.    -0.0544979382
       2abab.    -0.0544979382
       a2bb.a     0.0527913134
       b2aa.b     0.0527913134

     * ci vector, state   2, <S^2> = 0.0000
       2b2a..    -0.3333190985
       2a2b..    -0.3333190985
       22.ab.    -0.2515983803
       22.ba.    -0.2515983803
       22.2..    -0.2229625501
       22a.b.    -0.1968955860
       22b.a.    -0.1968955860
       2abba.     0.1928164888
       2baab.     0.1928164888
       a22b..    -0.1800828225
       b22a..    -0.1800828225
       22.b.a     0.1773865070
       22.a.b     0.1773865070
       b2aab.    -0.1525834535
       a2bba.    -0.1525834535
       2baba.     0.1008780317
       2abab.     0.1008780317
       22b..a    -0.0997005395
       22a..b    -0.0997005395
       b2baa.     0.0981912747
       a2abb.     0.0981912747
       2aabb.    -0.0919384571
       2bbaa.    -0.0919384571
       2baa.b     0.0874868711
       2abb.a     0.0874868711
       .222..     0.0793538029
       22...2     0.0737192710
       2a.b.2    -0.0632268518
       2b.a.2    -0.0632268518
       2aba.b     0.0618539069
       2bab.a     0.0618539069
       22..ba    -0.0605317852
       22..ab    -0.0605317852
       2.2ab.     0.0571219183
       2.2ba.     0.0571219183
       a2.b.2    -0.0554739404
       b2.a.2    -0.0554739404
       .22ab.     0.0546265361
       .22ba.     0.0546265361
       a2bab.    -0.0543921788
       b2aba.    -0.0543921788
       ba2b.a    -0.0534963711
       ab2a.b    -0.0534963711
       2a2..b    -0.0529670554
       2b2..a    -0.0529670554

     * ci vector, state   3, <S^2> = 0.0000
       222...     0.3679828164
       a22b..    -0.2918756135
       b22a..    -0.2918756135
       22.2..    -0.2688425993
       22.b.a     0.2613513792
       22.a.b     0.2613513792
       2baab.    -0.2277792945
       2abba.    -0.2277792945
       22b.a.     0.2150430696
       22a.b.     0.2150430696
       22ab..     0.1490163153
       22ba..     0.1490163153
       2abab.    -0.1191391448
       2baba.    -0.1191391448
       2bbaa.     0.1086401497
       2aabb.     0.1086401497
       .222..     0.0937671634
       a2bba.     0.0894964278
       b2aab.     0.0894964278
       22.ba.     0.0716617798
       22.ab.     0.0716617798
       a2.b.2    -0.0618720731
       b2.a.2    -0.0618720731
       b2aba.     0.0557266047
       a2bab.     0.0557266047
       2.2.2.    -0.0554481296
       ba2ba.     0.0544634880
       ab2ab.     0.0544634880
       .22..2    -0.0539407505
       .22a.b    -0.0528952004
       .22b.a    -0.0528952004
       a22..b    -0.0519109935
       b22..a    -0.0519109935

    * METHOD: CASSCF                              85.03

  === SMITH program ===

    * freezing 10 orbitals
    * SS-SR internal contraction is used

    * Approximate memory requirement for SMITH calulation per MPI process:
      o Storage requirement for T-amplitude, lambda, and residual is 0.14 GB
      o Storage requirement for MO integrals is 0.02 GB
       - MO integral evaluation                    4.29

  ++ State-averaged Fock matrix over basis states ++

                         0                   1                   2                   3
     0       -1.5784492189        0.0589693938       -0.0045211445       -0.0510145556
     1        0.0589693938       -1.4958273126        0.0003005895        0.1464128768
     2       -0.0045211445        0.0003005895       -1.2381920651       -0.0154683231
     3       -0.0510145556        0.1464128768       -0.0154683231       -1.2956397485


  ++ Extended multi-state CASPT2 (XMS-CASPT2) rotation matrix ++

                         0                   1                   2                   3
     0       -0.7204186080        0.6915580833       -0.0324660706        0.0411144850
     1        0.5985685999        0.6576776330        0.2174375605       -0.4023638522
     2       -0.0213585600       -0.0064477542        0.8966267681        0.4422246907
     3       -0.3496519302       -0.2986067229        0.3843530932       -0.8005312314


  ++ Reference energies in XMS basis ++

                         0                   1                   2                   3
     0     -386.6447815278        0.0582290126       -0.0106008242        0.0184987609
     1        0.0582290126     -386.6423653716       -0.0042559814        0.0103163602
     2       -0.0106008242       -0.0042559814     -386.5632812889       -0.0044573350
     3        0.0184987609        0.0103163602       -0.0044573350     -386.5551152822

    * Calculating and saving rdm4f

    - linear dependency detected:    1 /   72    min eigenvalue:     1.9391e-15    max eigenvalue:     1.9391e-15
    - linear dependency detected:    1 /   72    min eigenvalue:     7.0853e-16    max eigenvalue:     7.0853e-16
    - linear dependency detected:    1 /   72    min eigenvalue:    -1.2846e-15    max eigenvalue:    -1.2846e-15
    - linear dependency detected:    1 /   72    min eigenvalue:    -1.7450e-15    max eigenvalue:    -1.7450e-15
    - linear dependency detected:    9 /  216    min eigenvalue:    -1.8301e-16    max eigenvalue:     5.4032e-10
    - linear dependency detected:    9 /  216    min eigenvalue:    -1.3741e-15    max eigenvalue:     8.5359e-10
    - linear dependency detected:    7 /  216    min eigenvalue:    -1.7513e-15    max eigenvalue:     5.2419e-11
    - linear dependency detected:    8 /  216    min eigenvalue:    -6.1052e-15    max eigenvalue:     4.7989e-10
    - linear dependency detected:    9 /  216    min eigenvalue:    -9.4687e-16    max eigenvalue:     2.3088e-10
    - linear dependency detected:    8 /  216    min eigenvalue:    -7.4459e-16    max eigenvalue:     3.8927e-10
    - linear dependency detected:    8 /  216    min eigenvalue:    -4.5439e-16    max eigenvalue:     7.8498e-10
    - linear dependency detected:    7 /  216    min eigenvalue:    -5.9348e-16    max eigenvalue:     4.4654e-10
       - RDM + denominator evaluation              2.03

    * Zeroth order energy : state  0       -1.6523383854
    * Zeroth order energy : state  1       -1.5002991790
    * Zeroth order energy : state  2       -1.2445862023
    * Zeroth order energy : state  3       -1.2108845784

    * CASPT2 iteration is performed using redundant basis

      ---- iteration ----

        0    -1.13505001     0.00113229      3.34
        1    -1.13576162     0.00007524      3.35
        2    -1.13576638     0.00000687      3.44
        3    -1.13576643     0.00000081      3.48

        0    -1.11322194     0.00098945      3.60
        1    -1.11384400     0.00006652      3.27
        2    -1.11384846     0.00000624      3.47
        3    -1.11384851     0.00000074      3.56

        0    -1.10444059     0.00089807      3.50
        1    -1.10501671     0.00006269      3.29
        2    -1.10502144     0.00000637      3.38
        3    -1.10502150     0.00000074      3.46

        0    -1.10883171     0.00084289      3.61
        1    -1.10937247     0.00006139      3.42
        2    -1.10937757     0.00000804      3.24
        3    -1.10937764     0.00000091      3.63

      -------------------

       - CASPT2 energy evaluation                 57.21

    * CASPT2 energy : state  0     -387.9597190682
        w/o shift correction       -387.7805479596
        reference weight              0.7361915041

    * CASPT2 energy : state  1     -387.9299308319
        w/o shift correction       -387.7562138858
        reference weight              0.7421514374

    * CASPT2 energy : state  2     -387.8416688953
        w/o shift correction       -387.6683027909
        reference weight              0.7425381182

    * CASPT2 energy : state  3     -387.8411715299
        w/o shift correction       -387.6644929216
        reference weight              0.7389032162


    * MS-CASPT2 Heff
           -387.9597190682        0.0373082948       -0.0038748017        0.0127464115
              0.0373082948     -387.9299308319       -0.0016803857        0.0086902258
             -0.0038748017       -0.0016803857     -387.8416688953       -0.0047731198
              0.0127464115        0.0086902258       -0.0047731198     -387.8411715299


    * MS-CASPT2 rotation matrix
             -0.8314348396        0.5348881640        0.0597759873        0.1379767768
              0.5540121728        0.8184885066        0.0697627592        0.1352044171
             -0.0146352563        0.0372342438        0.8108849774       -0.5838364273
              0.0396538676       -0.2063609161        0.5779494288        0.7885538668


    * XMS-CASPT2 rotation matrix
              0.9842182237        0.1709956840        0.0026171106        0.0454765309
             -0.1524469108        0.9495971393        0.0254323281       -0.2727240529
              0.0185996734       -0.0745745262        0.9809181418       -0.1785841292
              0.0879117717       -0.2519213946       -0.1927328370       -0.9442781290

    * MS-CASPT2 energy : state  0     -387.9852549270
    * MS-CASPT2 energy : state  1     -387.9078170523
    * MS-CASPT2 energy : state  2     -387.8455010915
    * MS-CASPT2 energy : state  3     -387.8339172545



    * METHOD: SMITH                               82.59


  
  ===============================================================

