--------------------------------------------------
JOB FRONT-END 3110227 on wux27
SLURM ENVIRONMENT
--------------------------------------------------
SLURM_JOB_ID                   = 3110227             
SLURM_ARRAY_JOB_ID             = N/A                 
SLURM_ARRAY_TASK_ID            = N/A                 
SLURM_JOB_NAME                 = bagel               
SLURM_JOB_PARTITION            = batch               
SLURM_JOB_NUM_NODES            = 1                   
SLURM_JOB_CPUS_PER_NODE        = 20                  
SLURM_NTASKS                   = 20                  
SLURM_NTASKS_PER_NODE          = N/A                 
--------------------------------------------------
--------------------------------------------------
PBS ENVIRONMENT
--------------------------------------------------
PBS_JOBID                      = 3110227             
PBS_ARRAYID                    = N/A                 
PBS_JOBNAME                    = bagel               
PBS_QUEUE                      = batch               
PBS_NUM_NODES                  = 1                   
PBS_NUM_PPN                    = 1                   
PBS_NP                         = 20                  
PBS_NODEFILE                   = /tmp/3110227/nodes  
--------------------------------------------------
  * process grid (5, 4) will be used
    wux27                           
    wux27                           
    wux27                           
    wux27                           
    wux27                           
    wux27                           
    wux27                           
    wux27                           
    wux27                           
    wux27                           
    wux27                           
    wux27                           
    wux27                           
    wux27                           
    wux27                           
    wux27                           
    wux27                           
    wux27                           
    wux27                           
    wux27                           

  * using 20 threads per process

  ===============================================================
    BAGEL - Freshly leavened quantum chemistry                   
  ===============================================================

  *** Geometry ***

  { "atom" : "C", "xyz" : [      4.443421,     -1.057084,      1.133148 ] },
  { "atom" : "C", "xyz" : [      4.207713,      1.643897,      1.511592 ] },
  { "atom" : "C", "xyz" : [      1.931383,      2.843312,      1.380934 ] },
  { "atom" : "N", "xyz" : [     -0.398764,      1.569400,      1.060828 ] },
  { "atom" : "B", "xyz" : [     -0.268599,     -1.280672,      0.126054 ] },
  { "atom" : "C", "xyz" : [      2.411610,     -2.477307,      0.418120 ] },
  { "atom" : "C", "xyz" : [     -2.573868,     -2.657519,     -0.895846 ] },
  { "atom" : "C", "xyz" : [     -4.880311,     -1.224231,     -1.223072 ] },
  { "atom" : "C", "xyz" : [     -4.383281,      1.314350,     -1.149865 ] },
  { "atom" : "C", "xyz" : [     -1.590007,      1.674270,     -1.262665 ] },
  { "atom" : "H", "xyz" : [      6.298625,     -1.924038,      1.431017 ] },
  { "atom" : "H", "xyz" : [      5.875762,      2.789735,      1.914530 ] },
  { "atom" : "H", "xyz" : [      1.750672,      4.884162,      1.662161 ] },
  { "atom" : "H", "xyz" : [      2.673471,     -4.521747,      0.187837 ] },
  { "atom" : "H", "xyz" : [     -2.461500,     -4.642223,     -1.488010 ] },
  { "atom" : "H", "xyz" : [     -6.757465,     -2.081482,     -1.221835 ] },
  { "atom" : "H", "xyz" : [     -5.678299,      2.835656,     -0.612549 ] },
  { "atom" : "H", "xyz" : [     -0.600562,      2.311521,     -2.972380 ] },

  Number of auxiliary basis functions:      884

  Since a DF basis is specified, we compute 2- and 3-index integrals:
    o Being stored without compression. Storage requirement is 0.079 GB
       - 3-index ints prep                         0.00
       - 3-index ints                              0.05
       - 2-index ints                              0.03
       - computing inverse                         0.31
        elapsed time:        0.39 sec.


  Number of basis functions:      106
  Number of electrons      :       68


    * METHOD: MOLECULE                             0.43

       - Overlap matrix                            0.01
       - Hcore matrix                              0.01
       - Overlap orthog                            0.01

  *** RHF ***

  === Nuclear Repulsion ===
  
   454.2625711434

      * DIIS with orbital gradients will be used.

       - SCF startup                               0.55

  === RHF iteration (/home/miaoxin/software/bagel-1.2.2/obj/share/3-21g.json) ===
  
               o Fock build                                  0.17
      0       -384.24301340          0.01253230           0.17
               o DIIS                                        0.00
               o Diag                                        0.01
               o Post process                                0.00
               o Fock build                                  0.22
      1       -384.39957508          0.00548737           0.24
               o DIIS                                        0.00
               o Diag                                        0.01
               o Post process                                0.00
               o Fock build                                  0.25
      2       -384.42509277          0.00199857           0.26
               o DIIS                                        0.00
               o Diag                                        0.01
               o Post process                                0.00
               o Fock build                                  0.24
      3       -384.42994617          0.00068526           0.26
               o DIIS                                        0.00
               o Diag                                        0.01
               o Post process                                0.00
               o Fock build                                  0.24
      4       -384.43049688          0.00019133           0.26
               o DIIS                                        0.00
               o Diag                                        0.01
               o Post process                                0.00
               o Fock build                                  0.19
      5       -384.43064709          0.00012656           0.21
               o DIIS                                        0.00
               o Diag                                        0.01
               o Post process                                0.00
               o Fock build                                  0.22
      6       -384.43069840          0.00007131           0.24
               o DIIS                                        0.00
               o Diag                                        0.01
               o Post process                                0.00
               o Fock build                                  0.24
      7       -384.43073139          0.00003699           0.26
               o DIIS                                        0.00
               o Diag                                        0.01
               o Post process                                0.00
               o Fock build                                  0.16
      8       -384.43073817          0.00001674           0.17
               o DIIS                                        0.00
               o Diag                                        0.01
               o Post process                                0.00
               o Fock build                                  0.19
      9       -384.43073917          0.00001246           0.21
               o DIIS                                        0.00
               o Diag                                        0.01
               o Post process                                0.00
               o Fock build                                  0.16
     10       -384.43073990          0.00000615           0.17
               o DIIS                                        0.00
               o Diag                                        0.01
               o Post process                                0.00
               o Fock build                                  0.21
     11       -384.43074005          0.00000297           0.22
               o DIIS                                        0.00
               o Diag                                        0.01
               o Post process                                0.00
               o Fock build                                  0.21
     12       -384.43074009          0.00000163           0.22
               o DIIS                                        0.00
               o Diag                                        0.03
               o Post process                                0.02
               o Fock build                                  0.15
     13       -384.43074010          0.00000099           0.21
               o DIIS                                        0.00
               o Diag                                        0.01
               o Post process                                0.00
               o Fock build                                  0.16
     14       -384.43074010          0.00000045           0.18
               o DIIS                                        0.00
               o Diag                                        0.01
               o Post process                                0.00
               o Fock build                                  0.17
     15       -384.43074011          0.00000024           0.18
               o DIIS                                        0.00
               o Diag                                        0.01
               o Post process                                0.00
               o Fock build                                  0.24
     16       -384.43074011          0.00000016           0.25
               o DIIS                                        0.00
               o Diag                                        0.01
               o Post process                                0.00
               o Fock build                                  0.21
     17       -384.43074011          0.00000009           0.22
               o DIIS                                        0.00
               o Diag                                        0.01
               o Post process                                0.00
               o Fock build                                  0.20
     18       -384.43074011          0.00000006           0.22
               o DIIS                                        0.00
               o Diag                                        0.01
               o Post process                                0.00
               o Fock build                                  0.20
     19       -384.43074011          0.00000003           0.22
               o DIIS                                        0.00
               o Diag                                        0.01
               o Post process                                0.00
               o Fock build                                  0.23
     20       -384.43074011          0.00000002           0.24
               o DIIS                                        0.00
               o Diag                                        0.01
               o Post process                                0.00
               o Fock build                                  0.20
     21       -384.43074011          0.00000001           0.22
               o DIIS                                        0.00
               o Diag                                        0.01
               o Post process                                0.00
               o Fock build                                  0.19
     22       -384.43074011          0.00000001           0.20
  
    * SCF iteration converged.

    * Permanent dipole moment:
           (   -0.155820,    -0.496965,     0.531708) a.u.

  ---------------------------
      CASSCF calculation     
  ---------------------------

 
    ==== Active orbitals : ===== 
         Orbital 32
         Orbital 33
         Orbital 34
         Orbital 35
         Orbital 36
         Orbital 37
    ============================ 

    * nstate   :      4
    * nclosed  :     31
    * nact     :      6
    * nvirt    :     69
  === CASSCF iteration (/home/miaoxin/software/bagel-1.2.2/obj/share/3-21g.json) ===

    * Using the second-order algorithm

      0  0      -384.46728675     3.17e-03      0.27
      0  1      -384.34444092     0.00e+00      0.27
      0  2      -384.29829932     0.00e+00      0.27
      0  3      -384.27668348     0.00e+00      0.27

         res : 7.30e-02   lamb: 1.00e+00   eps : -2.99e-02   step: 6.01e-01    0.19
         res : 3.20e-02   lamb: 1.00e+00   eps : -3.22e-02   step: 6.15e-01    0.21
         res : 7.86e-03   lamb: 1.00e+00   eps : -3.24e-02   step: 6.03e-01    0.22
         res : 3.05e-03   lamb: 1.00e+00   eps : -3.24e-02   step: 6.02e-01    0.27
         res : 9.89e-04   lamb: 1.00e+00   eps : -3.24e-02   step: 6.02e-01    0.23
         res : 5.94e-04   lamb: 1.00e+00   eps : -3.24e-02   step: 6.02e-01    0.20
         res : 4.15e-04   lamb: 1.00e+00   eps : -3.24e-02   step: 6.02e-01    0.20
         res : 1.94e-04   lamb: 1.00e+00   eps : -3.24e-02   step: 6.02e-01    0.23
         res : 7.18e-05   lamb: 1.00e+00   eps : -3.24e-02   step: 6.02e-01    0.24
         res : 2.02e-05   lamb: 1.00e+00   eps : -3.24e-02   step: 6.02e-01    0.20

      1  0      -384.49055914     1.67e-03      3.10
      1  1      -384.37017437     0.00e+00      3.10
      1  2      -384.34074808     0.00e+00      3.10
      1  3      -384.31693937     0.00e+00      3.10

         res : 5.23e-02   lamb: 1.00e+00   eps : -1.03e-02   step: 2.20e-01    0.20
         res : 2.10e-02   lamb: 1.00e+00   eps : -1.12e-02   step: 2.42e-01    0.20
         res : 1.00e-02   lamb: 1.00e+00   eps : -1.14e-02   step: 2.44e-01    0.24
         res : 2.25e-02   lamb: 1.00e+00   eps : -1.15e-02   step: 2.61e-01    0.25
         res : 5.39e-02   lamb: 1.00e+00   eps : -1.25e-02   step: 5.61e-01    0.21
         res : 8.71e-03   lamb: 1.37e+00   eps : -1.56e-02   step: 3.87e-01    0.21
         res : 3.22e-03   lamb: 1.51e+00   eps : -1.66e-02   step: 3.13e-01    0.20
         res : 8.32e-04   lamb: 1.51e+00   eps : -1.66e-02   step: 3.13e-01    0.26
         res : 2.62e-04   lamb: 1.51e+00   eps : -1.66e-02   step: 3.12e-01    0.23
         res : 7.20e-05   lamb: 1.51e+00   eps : -1.66e-02   step: 3.12e-01    0.20
         res : 2.18e-05   lamb: 1.51e+00   eps : -1.66e-02   step: 3.12e-01    0.19

      2  0      -384.49777848     4.71e-04      3.35
      2  1      -384.37426655     0.00e+00      3.35
      2  2      -384.35285809     0.00e+00      3.35
      2  3      -384.32411855     0.00e+00      3.35

         res : 2.15e-02   lamb: 1.00e+00   eps : -1.17e-03   step: 7.62e-02    0.18
         res : 7.03e-02   lamb: 1.00e+00   eps : -2.51e-03   step: 2.44e-01    0.38
         res : 9.77e-02   lamb: 1.05e+00   eps : -7.54e-03   step: 9.92e-01    0.25
         res : 3.65e-02   lamb: 1.34e+00   eps : -9.25e-03   step: 9.95e-01    0.20
         res : 8.01e-03   lamb: 1.38e+00   eps : -9.44e-03   step: 9.91e-01    0.21
         res : 3.41e-03   lamb: 1.39e+00   eps : -9.46e-03   step: 9.91e-01    0.27
         res : 1.19e-03   lamb: 1.39e+00   eps : -9.46e-03   step: 9.91e-01    0.24
         res : 4.12e-04   lamb: 1.39e+00   eps : -9.46e-03   step: 9.91e-01    0.20
         res : 1.38e-04   lamb: 1.39e+00   eps : -9.46e-03   step: 9.91e-01    0.20
         res : 3.80e-05   lamb: 1.39e+00   eps : -9.46e-03   step: 9.91e-01    0.25

      3  0      -384.50214457     1.82e-03      3.23
      3  1      -384.36725277     0.00e+00      3.23
      3  2      -384.33705826     0.00e+00      3.23
      3  3      -384.28260973     0.00e+00      3.23

         res : 4.92e-02   lamb: 1.00e+00   eps : -2.89e-02   step: 3.96e-01    0.22
         res : 1.90e-02   lamb: 1.00e+00   eps : -2.96e-02   step: 4.12e-01    0.25
         res : 5.80e-03   lamb: 1.00e+00   eps : -2.97e-02   step: 4.14e-01    0.21
         res : 2.64e-03   lamb: 1.00e+00   eps : -2.97e-02   step: 4.14e-01    0.19
         res : 9.70e-04   lamb: 1.00e+00   eps : -2.97e-02   step: 4.14e-01    0.26
         res : 3.10e-04   lamb: 1.00e+00   eps : -2.97e-02   step: 4.14e-01    0.28
         res : 1.33e-04   lamb: 1.00e+00   eps : -2.97e-02   step: 4.14e-01    0.24
         res : 3.75e-05   lamb: 1.00e+00   eps : -2.97e-02   step: 4.14e-01    0.19

      4  0      -384.50768897     4.85e-04      2.75
      4  1      -384.37415278     0.00e+00      2.75
      4  2      -384.35226640     0.00e+00      2.75
      4  3      -384.32532511     0.00e+00      2.75

         res : 1.58e-02   lamb: 1.00e+00   eps : -1.49e-03   step: 9.34e-02    0.19
         res : 6.97e-03   lamb: 1.00e+00   eps : -1.59e-03   step: 1.00e-01    0.23
         res : 1.39e-03   lamb: 1.00e+00   eps : -1.61e-03   step: 1.00e-01    0.25
         res : 5.14e-04   lamb: 1.00e+00   eps : -1.61e-03   step: 1.00e-01    0.19
         res : 1.58e-04   lamb: 1.00e+00   eps : -1.61e-03   step: 1.00e-01    0.21
         res : 5.38e-05   lamb: 1.00e+00   eps : -1.61e-03   step: 1.00e-01    0.19
         res : 2.54e-05   lamb: 1.00e+00   eps : -1.61e-03   step: 1.00e-01    0.23
         res : 7.06e-06   lamb: 1.00e+00   eps : -1.61e-03   step: 1.00e-01    0.23

      5  0      -384.50694588     9.46e-05      2.47
      5  1      -384.37438936     0.00e+00      2.47
      5  2      -384.35458104     0.00e+00      2.47
      5  3      -384.32720235     0.00e+00      2.47

         res : 4.00e-03   lamb: 1.00e+00   eps : -7.60e-05   step: 2.29e-02    0.22
         res : 1.92e-03   lamb: 1.00e+00   eps : -9.02e-05   step: 2.76e-02    0.21
         res : 7.01e-04   lamb: 1.00e+00   eps : -9.11e-05   step: 2.79e-02    0.20
         res : 2.05e-04   lamb: 1.00e+00   eps : -9.12e-05   step: 2.80e-02    0.24
         res : 7.01e-05   lamb: 1.00e+00   eps : -9.12e-05   step: 2.80e-02    0.25
         res : 2.29e-05   lamb: 1.00e+00   eps : -9.12e-05   step: 2.80e-02    0.20
         res : 9.16e-06   lamb: 1.00e+00   eps : -9.12e-05   step: 2.80e-02    0.20
         res : 2.65e-06   lamb: 1.00e+00   eps : -9.12e-05   step: 2.80e-02    0.20

      6  0      -384.50650346     2.85e-05      2.69
      6  1      -384.37441435     0.00e+00      2.69
      6  2      -384.35503014     0.00e+00      2.69
      6  3      -384.32738874     0.00e+00      2.69

         res : 9.19e-04   lamb: 1.00e+00   eps : -4.08e-06   step: 4.07e-03    0.19
         res : 6.93e-04   lamb: 1.00e+00   eps : -5.08e-06   step: 5.52e-03    0.26
         res : 2.98e-04   lamb: 1.00e+00   eps : -5.22e-06   step: 5.85e-03    0.20
         res : 1.04e-04   lamb: 1.00e+00   eps : -5.24e-06   step: 5.97e-03    0.19
         res : 3.68e-05   lamb: 1.00e+00   eps : -5.24e-06   step: 6.00e-03    0.20
         res : 1.44e-05   lamb: 1.00e+00   eps : -5.25e-06   step: 6.01e-03    0.22
         res : 4.75e-06   lamb: 1.00e+00   eps : -5.25e-06   step: 6.01e-03    0.24
         res : 1.24e-06   lamb: 1.00e+00   eps : -5.25e-06   step: 6.01e-03    0.26
         res : 4.92e-07   lamb: 1.00e+00   eps : -5.25e-06   step: 6.01e-03    0.19

      7  0      -384.50639306     9.26e-06      2.88
      7  1      -384.37443853     0.00e+00      2.88
      7  2      -384.35510769     0.00e+00      2.88
      7  3      -384.32741072     0.00e+00      2.88

         res : 2.65e-04   lamb: 1.00e+00   eps : -3.36e-07   step: 1.04e-03    0.19
         res : 2.01e-04   lamb: 1.00e+00   eps : -3.98e-07   step: 1.32e-03    0.29
         res : 9.13e-05   lamb: 1.00e+00   eps : -4.11e-07   step: 1.42e-03    0.30
         res : 3.87e-05   lamb: 1.00e+00   eps : -4.13e-07   step: 1.47e-03    0.20
         res : 1.25e-05   lamb: 1.00e+00   eps : -4.14e-07   step: 1.48e-03    0.19
         res : 5.53e-06   lamb: 1.00e+00   eps : -4.14e-07   step: 1.48e-03    0.25
         res : 1.65e-06   lamb: 1.00e+00   eps : -4.14e-07   step: 1.48e-03    0.24
         res : 4.72e-07   lamb: 1.00e+00   eps : -4.14e-07   step: 1.48e-03    0.19
         res : 1.89e-07   lamb: 1.00e+00   eps : -4.14e-07   step: 1.48e-03    0.21
         res : 5.29e-08   lamb: 1.00e+00   eps : -4.14e-07   step: 1.48e-03    0.25

      8  0      -384.50636506     2.92e-06      3.19
      8  1      -384.37444748     0.00e+00      3.19
      8  2      -384.35512191     0.00e+00      3.19
      8  3      -384.32741663     0.00e+00      3.19

         res : 8.25e-05   lamb: 1.00e+00   eps : -2.99e-08   step: 3.00e-04    0.17
         res : 5.78e-05   lamb: 1.00e+00   eps : -3.48e-08   step: 3.72e-04    0.29
         res : 2.65e-05   lamb: 1.00e+00   eps : -3.60e-08   step: 4.00e-04    0.20
         res : 1.22e-05   lamb: 1.00e+00   eps : -3.62e-08   step: 4.13e-04    0.19
         res : 3.85e-06   lamb: 1.00e+00   eps : -3.62e-08   step: 4.18e-04    0.19
         res : 1.81e-06   lamb: 1.00e+00   eps : -3.62e-08   step: 4.18e-04    0.22
         res : 5.04e-07   lamb: 1.00e+00   eps : -3.62e-08   step: 4.19e-04    0.28
         res : 1.50e-07   lamb: 1.00e+00   eps : -3.62e-08   step: 4.19e-04    0.20
         res : 5.88e-08   lamb: 1.00e+00   eps : -3.62e-08   step: 4.19e-04    0.21
         res : 1.65e-08   lamb: 1.00e+00   eps : -3.62e-08   step: 4.19e-04    0.27

      9  0      -384.50635735     9.07e-07      3.13
      9  1      -384.37445009     0.00e+00      3.13
      9  2      -384.35512490     0.00e+00      3.13
      9  3      -384.32741883     0.00e+00      3.13

         res : 2.54e-05   lamb: 1.00e+00   eps : -2.72e-09   step: 8.95e-05    0.22
         res : 1.69e-05   lamb: 1.00e+00   eps : -3.15e-09   step: 1.10e-04    0.27
         res : 7.70e-06   lamb: 1.00e+00   eps : -3.25e-09   step: 1.18e-04    0.19
         res : 3.68e-06   lamb: 1.00e+00   eps : -3.27e-09   step: 1.22e-04    0.20
         res : 1.18e-06   lamb: 1.00e+00   eps : -3.28e-09   step: 1.23e-04    0.34
         res : 5.69e-07   lamb: 1.00e+00   eps : -3.28e-09   step: 1.24e-04    0.19
         res : 1.52e-07   lamb: 1.00e+00   eps : -3.28e-09   step: 1.24e-04    0.19
         res : 4.69e-08   lamb: 1.00e+00   eps : -3.28e-09   step: 1.24e-04    0.20
         res : 1.80e-08   lamb: 1.00e+00   eps : -3.28e-09   step: 1.24e-04    0.24
         res : 5.08e-09   lamb: 1.00e+00   eps : -3.28e-09   step: 1.24e-04    0.25

     10  0      -384.50635517     2.79e-07      3.16
     10  1      -384.37445080     0.00e+00      3.16
     10  2      -384.35512560     0.00e+00      3.16
     10  3      -384.32741961     0.00e+00      3.16

         res : 7.77e-06   lamb: 1.00e+00   eps : -2.52e-10   step: 2.73e-05    0.21
         res : 4.99e-06   lamb: 1.00e+00   eps : -2.90e-10   step: 3.35e-05    0.20
         res : 2.23e-06   lamb: 1.00e+00   eps : -3.00e-10   step: 3.57e-05    0.21
         res : 1.11e-06   lamb: 1.00e+00   eps : -3.01e-10   step: 3.68e-05    0.25
         res : 3.60e-07   lamb: 1.00e+00   eps : -3.02e-10   step: 3.72e-05    0.29
         res : 1.75e-07   lamb: 1.00e+00   eps : -3.02e-10   step: 3.73e-05    0.20
         res : 4.60e-08   lamb: 1.00e+00   eps : -3.02e-10   step: 3.73e-05    0.20
         res : 1.49e-08   lamb: 1.00e+00   eps : -3.02e-10   step: 3.73e-05    0.24
         res : 5.56e-09   lamb: 1.00e+00   eps : -3.02e-10   step: 3.73e-05    0.32
         res : 1.56e-09   lamb: 1.00e+00   eps : -3.02e-10   step: 3.73e-05    0.20

     11  0      -384.50635455     8.52e-08      3.19
     11  1      -384.37445098     0.00e+00      3.19
     11  2      -384.35512577     0.00e+00      3.19
     11  3      -384.32741988     0.00e+00      3.19

         res : 2.36e-06   lamb: 1.00e+00   eps : -2.37e-11   step: 8.43e-06    0.18
         res : 1.49e-06   lamb: 1.00e+00   eps : -2.72e-11   step: 1.03e-05    0.20
         res : 6.43e-07   lamb: 1.00e+00   eps : -2.81e-11   step: 1.09e-05    0.31
         res : 3.31e-07   lamb: 1.00e+00   eps : -2.83e-11   step: 1.13e-05    0.24
         res : 1.11e-07   lamb: 1.00e+00   eps : -2.83e-11   step: 1.14e-05    0.20
         res : 5.32e-08   lamb: 1.00e+00   eps : -2.83e-11   step: 1.14e-05    0.19
         res : 1.41e-08   lamb: 1.00e+00   eps : -2.83e-11   step: 1.14e-05    0.23
         res : 4.74e-09   lamb: 1.00e+00   eps : -2.83e-11   step: 1.14e-05    0.32

     12  0      -384.50635437     2.61e-08      2.77
     12  1      -384.37445103     0.00e+00      2.77
     12  2      -384.35512582     0.00e+00      2.77
     12  3      -384.32741996     0.00e+00      2.77

         res : 7.20e-07   lamb: 1.00e+00   eps : -2.28e-12   step: 2.64e-06    0.20
         res : 4.48e-07   lamb: 1.00e+00   eps : -2.60e-12   step: 3.20e-06    0.20
         res : 1.85e-07   lamb: 1.00e+00   eps : -2.69e-12   step: 3.38e-06    0.21
         res : 9.74e-08   lamb: 1.00e+00   eps : -2.70e-12   step: 3.48e-06    0.24
         res : 3.45e-08   lamb: 1.00e+00   eps : -2.70e-12   step: 3.51e-06    0.24
         res : 1.60e-08   lamb: 1.00e+00   eps : -2.70e-12   step: 3.52e-06    0.19
         res : 4.40e-09   lamb: 1.00e+00   eps : -2.70e-12   step: 3.52e-06    0.20

     13  0      -384.50635432     8.03e-09      2.52
     13  1      -384.37445104     0.00e+00      2.52
     13  2      -384.35512583     0.00e+00      2.52
     13  3      -384.32741999     0.00e+00      2.52

    * Second-order optimization converged. *   

    * Integral transformation done. Elapsed time: 0.18

     guess   0:   closed 11....               open ..11..              
     guess   1:   closed 111...               open ......              
     guess   2:   closed 11....               open ..1.1.              
     guess   3:   closed 1.1...               open .1.1..              

  === FCI iteration ===

      0  0      -384.43681642     9.30e-03      0.00
      0  1      -384.31107624     8.16e-03      0.00
      0  2      -384.19721076     8.93e-03      0.00
      0  3      -384.16524761     9.83e-03      0.00

      1  0      -384.49488526     4.48e-03      0.00
      1  1      -384.35713505     3.66e-03      0.00
      1  2      -384.27762976     6.27e-03      0.00
      1  3      -384.24493367     6.47e-03      0.00

      2  0      -384.50522108     1.59e-03      0.00
      2  1      -384.36770499     2.44e-03      0.00
      2  2      -384.33102486     5.53e-03      0.00
      2  3      -384.29655714     6.09e-03      0.00

      3  0      -384.50625855     4.77e-04      0.00
      3  1      -384.37284752     1.65e-03      0.00
      3  2      -384.35075068     2.78e-03      0.00
      3  3      -384.32186412     3.03e-03      0.00

      4  0      -384.50634090     1.57e-04      0.00
      4  1      -384.37425226     6.28e-04      0.00
      4  2      -384.35464881     8.69e-04      0.00
      4  3      -384.32669645     1.09e-03      0.00

      5  0      -384.50635182     6.15e-05      0.00
      5  1      -384.37442138     2.19e-04      0.00
      5  2      -384.35503912     3.34e-04      0.00
      5  3      -384.32727687     4.51e-04      0.00

      6  0      -384.50635396     2.45e-05      0.00
      6  1      -384.37444737     7.42e-05      0.00
      6  2      -384.35510746     1.51e-04      0.00
      6  3      -384.32740119     1.70e-04      0.00

      7  0      -384.50635428     9.82e-06      0.00
      7  1      -384.37445059     2.56e-05      0.00
      7  2      -384.35512229     6.45e-05      0.00
      7  3      -384.32741746     5.74e-05      0.00

      8  0      -384.50635432     3.62e-06      0.00
      8  1      -384.37445099     7.99e-06      0.00
      8  2      -384.35512517     2.92e-05      0.00
      8  3      -384.32741961     2.12e-05      0.00

      9  0      -384.50635432     8.50e-07      0.01
      9  1      -384.37445103     2.72e-06      0.00
      9  2      -384.35512575     1.09e-05      0.00
      9  3      -384.32741995     7.93e-06      0.00

     10  0      -384.50635432     2.01e-07      0.01
     10  1      -384.37445104     8.31e-07      0.00
     10  2      -384.35512582     3.66e-06      0.00
     10  3      -384.32741999     2.54e-06      0.00

     11  0      -384.50635432     4.74e-08      0.01
     11  1      -384.37445104     2.56e-07      0.00
     11  2      -384.35512583     1.05e-06      0.00
     11  3      -384.32741999     8.39e-07      0.00

     12  0      -384.50635432     1.08e-08      0.01
     12  1      -384.37445104     7.05e-08      0.00
     12  2      -384.35512583     2.79e-07      0.00
     12  3      -384.32741999     2.29e-07      0.00

     13  0      -384.50635432     2.32e-09      0.01
     13  1      -384.37445104     1.71e-08      0.00
     13  2      -384.35512583     7.69e-08      0.00
     13  3      -384.32741999     7.05e-08      0.00

     14  0      -384.50635432     5.64e-10      0.01
     14  1      -384.37445104     4.76e-09      0.00
     14  2      -384.35512583     1.82e-08      0.00
     14  3      -384.32741999     1.69e-08      0.00

     15  0      -384.50635432     1.26e-10      0.01
     15  1      -384.37445104     1.13e-09      0.00
     15  2      -384.35512583     4.56e-09      0.00
     15  3      -384.32741999     4.83e-09      0.00

     16  0 *    -384.50635432     2.40e-11      0.01
     16  1      -384.37445104     2.87e-10      0.00
     16  2      -384.35512583     1.07e-09      0.00
     16  3      -384.32741999     1.28e-09      0.00

     17  0 *    -384.50635432     2.24e-11      0.01
     17  1 *    -384.37445104     7.35e-11      0.00
     17  2      -384.35512583     3.11e-10      0.00
     17  3      -384.32741999     3.43e-10      0.00

     18  0 *    -384.50635432     2.20e-11      0.01
     18  1 *    -384.37445104     5.36e-11      0.00
     18  2 *    -384.35512583     6.63e-11      0.00
     18  3 *    -384.32741999     9.07e-11      0.00

     * ci vector, state   0, <S^2> = 0.0000
       222...     0.6578470472
       22ab..     0.4608850029
       22ba..     0.4608850029
       a2bb.a     0.0922136737
       b2aa.b     0.0922136737
       2.2.2.    -0.0854463198
       a22b..     0.0628616111
       b22a..     0.0628616111
       2.ab2.    -0.0603693982
       2.ba2.    -0.0603693982
       2ba2..     0.0554678922
       2ab2..     0.0554678922
       2abb.a     0.0534836327
       2baa.b     0.0534836327
       2ba.2.    -0.0507888488
       2ab.2.    -0.0507888488

     * ci vector, state   1, <S^2> = 0.0000
       222...     0.4921277384
       22ab..    -0.3785736461
       22ba..    -0.3785736461
       b22a..     0.2014673601
       a22b..     0.2014673601
       2a2b..     0.1730965973
       2b2a..     0.1730965973
       22a.b.     0.1694459781
       22b.a.     0.1694459781
       22.a.b     0.1665062951
       22.b.a     0.1665062951
       2abba.    -0.1396259747
       2baab.    -0.1396259747
       22...2    -0.1113526326
       2ba2..    -0.0818008053
       2ab2..    -0.0818008053
       2aabb.     0.0809817601
       2bbaa.     0.0809817601
       22a..b     0.0800486909
       22b..a     0.0800486909
       2.2.2.    -0.0710643396
       2.ab2.     0.0682973956
       2.ba2.     0.0682973956
       .22b.a    -0.0630991650
       .22a.b    -0.0630991650
       2baba.    -0.0586442146
       2abab.    -0.0586442146
       .222..    -0.0546742670
       22.2..     0.0502490478

     * ci vector, state   2, <S^2> = -0.0000
       2b2a..     0.3032557615
       2a2b..     0.3032557615
       22.ab.     0.2702488644
       22.ba.     0.2702488644
       22.2..     0.1914129094
       22.b.a     0.1869733822
       22.a.b     0.1869733822
       2abba.     0.1820848034
       2baab.     0.1820848034
       222...    -0.1814516579
       a22b..     0.1753552893
       b22a..     0.1753552893
       22a.b.    -0.1747763300
       22b.a.    -0.1747763300
       b2aab.    -0.1526194192
       a2bba.    -0.1526194192
       22b..a     0.1302370643
       22a..b     0.1302370643
       b2baa.     0.1031889774
       a2abb.     0.1031889774
       2aabb.    -0.0927196123
       2bbaa.    -0.0927196123
       2baba.     0.0893651911
       2abab.     0.0893651911
       2baa.b    -0.0850425264
       2abb.a    -0.0850425264
       22ab..     0.0724445043
       22ba..     0.0724445043
       .222..    -0.0697493664
       2a.b.2     0.0645572189
       2b.a.2     0.0645572189
       2aba.b    -0.0618492465
       2bab.a    -0.0618492465
       ab2a.b    -0.0603583428
       ba2b.a    -0.0603583428
       .22ab.    -0.0601731571
       .22ba.    -0.0601731571
       2.2ab.    -0.0600876034
       2.2ba.    -0.0600876034
       2a2..b    -0.0539816162
       2b2..a    -0.0539816162
       ab2b.a    -0.0537141990
       ba2a.b    -0.0537141990
       a2.b.2     0.0535041575
       b2.a.2     0.0535041575
       22..ba    -0.0503184274
       22..ab    -0.0503184274

     * ci vector, state   3, <S^2> = -0.0000
       222...    -0.4340061960
       22ba..     0.2526610649
       22ab..     0.2526610649
       b22a..     0.2275633277
       a22b..     0.2275633277
       22.a.b     0.2224749423
       22.b.a     0.2224749423
       2abba.    -0.2165885484
       2baab.    -0.2165885484
       22a.b.     0.2057194234
       22b.a.     0.2057194234
       22.2..     0.1989959341
       b2aab.     0.1177787913
       a2bba.     0.1177787913
       22.ab.    -0.1161690311
       22.ba.    -0.1161690311
       2baba.    -0.1119372431
       2abab.    -0.1119372431
       2aabb.     0.1046513053
       2bbaa.     0.1046513053
       .222..    -0.0702189921
       2.2.2.     0.0666215887
       b2aba.     0.0621530082
       a2bab.     0.0621530082
       ab2ab.    -0.0574506683
       ba2ba.    -0.0574506683
       b2baa.    -0.0556257830
       a2abb.    -0.0556257830
       22a..b     0.0540778523
       22b..a     0.0540778523
       .22..2     0.0515858786
       ba2ab.    -0.0513070501
       ab2ba.    -0.0513070501

    * METHOD: CASSCF                              44.92

  Number of auxiliary basis functions:      884

  Since a DF basis is specified, we compute 2- and 3-index integrals:
    o Being stored without compression. Storage requirement is 0.645 GB
       - 3-index ints prep                         0.00
       - 3-index ints                              0.21
       - 2-index ints                              0.04
       - computing inverse                         0.25
        elapsed time:        0.51 sec.


  Number of basis functions:      302
  Number of electrons      :       68


    * METHOD: MOLECULE                             0.78

  ---------------------------
      CASSCF calculation     
  ---------------------------

 
    ==== Active orbitals : ===== 
         Orbital 32
         Orbital 33
         Orbital 34
         Orbital 35
         Orbital 36
         Orbital 37
    ============================ 

    * nstate   :      4
    * nclosed  :     31
    * nact     :      6
    * nvirt    :    265
  === CASSCF iteration (/home/miaoxin/software/bagel-1.2.2/obj/share/aug-cc-pVDZ.json) ===

    * Using the second-order algorithm

      0  0      -386.46390600     2.45e-02      0.60
      0  1      -386.33317395     0.00e+00      0.60
      0  2      -386.31542741     0.00e+00      0.60
      0  3      -386.28699224     0.00e+00      0.60

         res : 7.66e-01   lamb: 1.00e+00   eps : -3.88e-01   step: 2.10e-01    0.29
         res : 2.90e-01   lamb: 1.00e+00   eps : -4.38e-01   step: 2.34e-01    0.32
         res : 1.57e-01   lamb: 1.00e+00   eps : -4.47e-01   step: 2.45e-01    0.25
         res : 7.16e-02   lamb: 1.00e+00   eps : -4.49e-01   step: 2.51e-01    0.27
         res : 4.13e-02   lamb: 1.00e+00   eps : -4.50e-01   step: 2.54e-01    0.33
         res : 2.53e-02   lamb: 1.00e+00   eps : -4.50e-01   step: 2.55e-01    0.36
         res : 1.23e-02   lamb: 1.00e+00   eps : -4.50e-01   step: 2.55e-01    0.26
         res : 6.43e-03   lamb: 1.00e+00   eps : -4.50e-01   step: 2.55e-01    0.35
         res : 3.59e-03   lamb: 1.00e+00   eps : -4.50e-01   step: 2.55e-01    0.34
         res : 1.71e-03   lamb: 1.00e+00   eps : -4.50e-01   step: 2.55e-01    0.25
         res : 9.69e-04   lamb: 1.00e+00   eps : -4.50e-01   step: 2.55e-01    0.32
         res : 5.63e-04   lamb: 1.00e+00   eps : -4.50e-01   step: 2.55e-01    0.34
         res : 2.81e-04   lamb: 1.00e+00   eps : -4.50e-01   step: 2.55e-01    0.26
         res : 1.69e-04   lamb: 1.00e+00   eps : -4.50e-01   step: 2.55e-01    0.26
         res : 9.08e-05   lamb: 1.00e+00   eps : -4.50e-01   step: 2.55e-01    0.32
         res : 4.82e-05   lamb: 1.00e+00   eps : -4.50e-01   step: 2.55e-01    0.25
         res : 2.88e-05   lamb: 1.00e+00   eps : -4.50e-01   step: 2.55e-01    0.26
         res : 1.45e-05   lamb: 1.00e+00   eps : -4.50e-01   step: 2.55e-01    0.34

      1  0      -386.70403368     1.20e-03      7.66
      1  1      -386.57550162     0.00e+00      7.66
      1  2      -386.55260190     0.00e+00      7.66
      1  3      -386.52717041     0.00e+00      7.66

         res : 7.27e-02   lamb: 1.00e+00   eps : -4.53e-03   step: 6.56e-02    0.25
         res : 4.38e-02   lamb: 1.00e+00   eps : -5.82e-03   step: 8.70e-02    0.31
         res : 2.57e-02   lamb: 1.00e+00   eps : -6.30e-03   step: 9.64e-02    0.30
         res : 1.74e-02   lamb: 1.00e+00   eps : -6.48e-03   step: 1.00e-01    0.27
         res : 1.16e-02   lamb: 1.00e+00   eps : -6.56e-03   step: 1.03e-01    0.26
         res : 7.21e-03   lamb: 1.00e+00   eps : -6.60e-03   step: 1.04e-01    0.34
         res : 4.94e-03   lamb: 1.00e+00   eps : -6.61e-03   step: 1.05e-01    0.29
         res : 3.21e-03   lamb: 1.00e+00   eps : -6.62e-03   step: 1.05e-01    0.26
         res : 2.09e-03   lamb: 1.00e+00   eps : -6.62e-03   step: 1.05e-01    0.35
         res : 1.42e-03   lamb: 1.00e+00   eps : -6.62e-03   step: 1.05e-01    0.29
         res : 1.01e-03   lamb: 1.00e+00   eps : -6.62e-03   step: 1.05e-01    0.26
         res : 7.03e-04   lamb: 1.00e+00   eps : -6.62e-03   step: 1.05e-01    0.31
         res : 4.76e-04   lamb: 1.00e+00   eps : -6.62e-03   step: 1.05e-01    0.40
         res : 3.01e-04   lamb: 1.00e+00   eps : -6.62e-03   step: 1.05e-01    0.26
         res : 1.91e-04   lamb: 1.00e+00   eps : -6.62e-03   step: 1.05e-01    0.27
         res : 1.20e-04   lamb: 1.00e+00   eps : -6.62e-03   step: 1.05e-01    0.33
         res : 7.83e-05   lamb: 1.00e+00   eps : -6.62e-03   step: 1.05e-01    0.26
         res : 5.03e-05   lamb: 1.00e+00   eps : -6.62e-03   step: 1.05e-01    0.26
         res : 3.36e-05   lamb: 1.00e+00   eps : -6.62e-03   step: 1.05e-01    0.41
         res : 2.28e-05   lamb: 1.00e+00   eps : -6.62e-03   step: 1.05e-01    0.30
         res : 1.55e-05   lamb: 1.00e+00   eps : -6.62e-03   step: 1.05e-01    0.26
         res : 1.04e-05   lamb: 1.00e+00   eps : -6.62e-03   step: 1.05e-01    0.37

      2  0      -386.70570946     4.74e-05      8.96
      2  1      -386.57994916     0.00e+00      8.96
      2  2      -386.55612381     0.00e+00      8.96
      2  3      -386.53101459     0.00e+00      8.96

         res : 2.59e-03   lamb: 1.00e+00   eps : -1.18e-05   step: 5.14e-03    0.25
         res : 1.30e-03   lamb: 1.00e+00   eps : -1.41e-05   step: 6.85e-03    0.32
         res : 8.20e-04   lamb: 1.00e+00   eps : -1.48e-05   step: 7.15e-03    0.39
         res : 4.68e-04   lamb: 1.00e+00   eps : -1.50e-05   step: 7.21e-03    0.27
         res : 3.85e-04   lamb: 1.00e+00   eps : -1.51e-05   step: 7.29e-03    0.38
         res : 2.60e-04   lamb: 1.00e+00   eps : -1.52e-05   step: 7.37e-03    0.37
         res : 1.84e-04   lamb: 1.00e+00   eps : -1.52e-05   step: 7.38e-03    0.26
         res : 1.10e-04   lamb: 1.00e+00   eps : -1.52e-05   step: 7.37e-03    0.33
         res : 7.54e-05   lamb: 1.00e+00   eps : -1.52e-05   step: 7.36e-03    0.33
         res : 4.91e-05   lamb: 1.00e+00   eps : -1.52e-05   step: 7.37e-03    0.26
         res : 3.47e-05   lamb: 1.00e+00   eps : -1.52e-05   step: 7.37e-03    0.26
         res : 2.34e-05   lamb: 1.00e+00   eps : -1.52e-05   step: 7.37e-03    0.33
         res : 1.63e-05   lamb: 1.00e+00   eps : -1.52e-05   step: 7.37e-03    0.25
         res : 1.01e-05   lamb: 1.00e+00   eps : -1.52e-05   step: 7.37e-03    0.26
         res : 6.52e-06   lamb: 1.00e+00   eps : -1.52e-05   step: 7.37e-03    0.29
         res : 4.25e-06   lamb: 1.00e+00   eps : -1.52e-05   step: 7.37e-03    0.37
         res : 2.78e-06   lamb: 1.00e+00   eps : -1.52e-05   step: 7.37e-03    0.26
         res : 1.84e-06   lamb: 1.00e+00   eps : -1.52e-05   step: 7.37e-03    0.31
         res : 1.21e-06   lamb: 1.00e+00   eps : -1.52e-05   step: 7.37e-03    0.35
         res : 7.89e-07   lamb: 1.00e+00   eps : -1.52e-05   step: 7.37e-03    0.26
         res : 5.56e-07   lamb: 1.00e+00   eps : -1.52e-05   step: 7.37e-03    0.32

      3  0      -386.70556816     1.02e-05      8.96
      3  1      -386.58014101     0.00e+00      8.96
      3  2      -386.55615911     0.00e+00      8.96
      3  3      -386.53096500     0.00e+00      8.96

         res : 5.52e-04   lamb: 1.00e+00   eps : -6.94e-07   step: 1.28e-03    0.27
         res : 2.27e-04   lamb: 1.00e+00   eps : -7.88e-07   step: 1.64e-03    0.27
         res : 1.42e-04   lamb: 1.00e+00   eps : -8.11e-07   step: 1.68e-03    0.48
         res : 7.13e-05   lamb: 1.00e+00   eps : -8.16e-07   step: 1.69e-03    0.26
         res : 4.82e-05   lamb: 1.00e+00   eps : -8.18e-07   step: 1.70e-03    0.25
         res : 3.00e-05   lamb: 1.00e+00   eps : -8.18e-07   step: 1.71e-03    0.36
         res : 2.30e-05   lamb: 1.00e+00   eps : -8.19e-07   step: 1.71e-03    0.29
         res : 1.43e-05   lamb: 1.00e+00   eps : -8.19e-07   step: 1.71e-03    0.26
         res : 9.33e-06   lamb: 1.00e+00   eps : -8.19e-07   step: 1.71e-03    0.30
         res : 5.75e-06   lamb: 1.00e+00   eps : -8.19e-07   step: 1.71e-03    0.36
         res : 3.75e-06   lamb: 1.00e+00   eps : -8.19e-07   step: 1.71e-03    0.26
         res : 2.44e-06   lamb: 1.00e+00   eps : -8.19e-07   step: 1.71e-03    0.29
         res : 1.77e-06   lamb: 1.00e+00   eps : -8.19e-07   step: 1.71e-03    0.47
         res : 1.23e-06   lamb: 1.00e+00   eps : -8.19e-07   step: 1.71e-03    0.26
         res : 8.47e-07   lamb: 1.00e+00   eps : -8.19e-07   step: 1.71e-03    0.35
         res : 5.68e-07   lamb: 1.00e+00   eps : -8.19e-07   step: 1.71e-03    0.36
         res : 3.79e-07   lamb: 1.00e+00   eps : -8.19e-07   step: 1.71e-03    0.27
         res : 2.51e-07   lamb: 1.00e+00   eps : -8.19e-07   step: 1.71e-03    0.35
         res : 1.63e-07   lamb: 1.00e+00   eps : -8.19e-07   step: 1.71e-03    0.36

      4  0      -386.70553849     3.46e-06      8.40
      4  1      -386.58019047     0.00e+00      8.40
      4  2      -386.55617193     0.00e+00      8.40
      4  3      -386.53093453     0.00e+00      8.40

         res : 1.81e-04   lamb: 1.00e+00   eps : -6.71e-08   step: 3.68e-04    0.37
         res : 7.14e-05   lamb: 1.00e+00   eps : -7.72e-08   step: 4.91e-04    0.39
         res : 4.70e-05   lamb: 1.00e+00   eps : -7.94e-08   step: 5.08e-04    0.26
         res : 2.30e-05   lamb: 1.00e+00   eps : -8.00e-08   step: 5.10e-04    0.38
         res : 1.57e-05   lamb: 1.00e+00   eps : -8.02e-08   step: 5.13e-04    0.32
         res : 9.50e-06   lamb: 1.00e+00   eps : -8.02e-08   step: 5.15e-04    0.25
         res : 7.06e-06   lamb: 1.00e+00   eps : -8.03e-08   step: 5.16e-04    0.29
         res : 4.44e-06   lamb: 1.00e+00   eps : -8.03e-08   step: 5.15e-04    0.33
         res : 2.97e-06   lamb: 1.00e+00   eps : -8.03e-08   step: 5.15e-04    0.26
         res : 1.99e-06   lamb: 1.00e+00   eps : -8.03e-08   step: 5.15e-04    0.26
         res : 1.36e-06   lamb: 1.00e+00   eps : -8.03e-08   step: 5.15e-04    0.42
         res : 9.15e-07   lamb: 1.00e+00   eps : -8.03e-08   step: 5.15e-04    0.29
         res : 6.63e-07   lamb: 1.00e+00   eps : -8.03e-08   step: 5.15e-04    0.26
         res : 4.65e-07   lamb: 1.00e+00   eps : -8.03e-08   step: 5.15e-04    0.30
         res : 3.17e-07   lamb: 1.00e+00   eps : -8.03e-08   step: 5.15e-04    0.34
         res : 2.10e-07   lamb: 1.00e+00   eps : -8.03e-08   step: 5.15e-04    0.26
         res : 1.35e-07   lamb: 1.00e+00   eps : -8.03e-08   step: 5.15e-04    0.31
         res : 8.71e-08   lamb: 1.00e+00   eps : -8.03e-08   step: 5.15e-04    0.34
         res : 5.47e-08   lamb: 1.00e+00   eps : -8.03e-08   step: 5.15e-04    0.26
         res : 3.33e-08   lamb: 1.00e+00   eps : -8.03e-08   step: 5.15e-04    0.32

      5  0      -386.70552954     1.29e-06      8.56
      5  1      -386.58020680     0.00e+00      8.56
      5  2      -386.55617559     0.00e+00      8.56
      5  3      -386.53092371     0.00e+00      8.56

         res : 6.44e-05   lamb: 1.00e+00   eps : -7.94e-09   step: 1.16e-04    0.27
         res : 2.54e-05   lamb: 1.00e+00   eps : -9.27e-09   step: 1.62e-04    0.42
         res : 1.68e-05   lamb: 1.00e+00   eps : -9.53e-09   step: 1.68e-04    0.30
         res : 8.40e-06   lamb: 1.00e+00   eps : -9.60e-09   step: 1.68e-04    0.26
         res : 5.67e-06   lamb: 1.00e+00   eps : -9.62e-09   step: 1.69e-04    0.41
         res : 3.44e-06   lamb: 1.00e+00   eps : -9.63e-09   step: 1.70e-04    0.25
         res : 2.53e-06   lamb: 1.00e+00   eps : -9.63e-09   step: 1.70e-04    0.25
         res : 1.65e-06   lamb: 1.00e+00   eps : -9.63e-09   step: 1.70e-04    0.28
         res : 1.11e-06   lamb: 1.00e+00   eps : -9.64e-09   step: 1.70e-04    0.36
         res : 7.74e-07   lamb: 1.00e+00   eps : -9.64e-09   step: 1.70e-04    0.26
         res : 5.36e-07   lamb: 1.00e+00   eps : -9.64e-09   step: 1.70e-04    0.25
         res : 3.66e-07   lamb: 1.00e+00   eps : -9.64e-09   step: 1.70e-04    0.40
         res : 2.56e-07   lamb: 1.00e+00   eps : -9.64e-09   step: 1.70e-04    0.26
         res : 1.79e-07   lamb: 1.00e+00   eps : -9.64e-09   step: 1.70e-04    0.26
         res : 1.21e-07   lamb: 1.00e+00   eps : -9.64e-09   step: 1.70e-04    0.41
         res : 8.01e-08   lamb: 1.00e+00   eps : -9.64e-09   step: 1.70e-04    0.30
         res : 5.03e-08   lamb: 1.00e+00   eps : -9.64e-09   step: 1.70e-04    0.27
         res : 3.18e-08   lamb: 1.00e+00   eps : -9.64e-09   step: 1.70e-04    0.35
         res : 1.95e-08   lamb: 1.00e+00   eps : -9.64e-09   step: 1.70e-04    0.31
         res : 1.20e-08   lamb: 1.00e+00   eps : -9.64e-09   step: 1.70e-04    0.26

      6  0      -386.70552653     5.10e-07      8.80
      6  1      -386.58021268     0.00e+00      8.80
      6  2      -386.55617657     0.00e+00      8.80
      6  3      -386.53091988     0.00e+00      8.80

         res : 2.42e-05   lamb: 1.00e+00   eps : -1.10e-09   step: 4.00e-05    0.26
         res : 9.69e-06   lamb: 1.00e+00   eps : -1.30e-09   step: 5.76e-05    0.30
         res : 6.33e-06   lamb: 1.00e+00   eps : -1.33e-09   step: 6.00e-05    0.29
         res : 3.26e-06   lamb: 1.00e+00   eps : -1.34e-09   step: 6.03e-05    0.26
         res : 2.16e-06   lamb: 1.00e+00   eps : -1.35e-09   step: 6.06e-05    0.26
         res : 1.34e-06   lamb: 1.00e+00   eps : -1.35e-09   step: 6.09e-05    0.30
         res : 9.78e-07   lamb: 1.00e+00   eps : -1.35e-09   step: 6.10e-05    0.30
         res : 6.72e-07   lamb: 1.00e+00   eps : -1.35e-09   step: 6.10e-05    0.26
         res : 4.63e-07   lamb: 1.00e+00   eps : -1.35e-09   step: 6.10e-05    0.31
         res : 3.26e-07   lamb: 1.00e+00   eps : -1.35e-09   step: 6.10e-05    0.34
         res : 2.30e-07   lamb: 1.00e+00   eps : -1.35e-09   step: 6.10e-05    0.26
         res : 1.58e-07   lamb: 1.00e+00   eps : -1.35e-09   step: 6.10e-05    0.26
         res : 1.08e-07   lamb: 1.00e+00   eps : -1.35e-09   step: 6.10e-05    0.29
         res : 7.46e-08   lamb: 1.00e+00   eps : -1.35e-09   step: 6.10e-05    0.36
         res : 4.87e-08   lamb: 1.00e+00   eps : -1.35e-09   step: 6.10e-05    0.26
         res : 3.15e-08   lamb: 1.00e+00   eps : -1.35e-09   step: 6.10e-05    0.30
         res : 1.94e-08   lamb: 1.00e+00   eps : -1.35e-09   step: 6.10e-05    0.30
         res : 1.21e-08   lamb: 1.00e+00   eps : -1.35e-09   step: 6.10e-05    0.26
         res : 7.31e-09   lamb: 1.00e+00   eps : -1.35e-09   step: 6.10e-05    0.26
         res : 4.48e-09   lamb: 1.00e+00   eps : -1.35e-09   step: 6.10e-05    0.40

      7  0      -386.70552546     2.07e-07      8.66
      7  1      -386.58021491     0.00e+00      8.66
      7  2      -386.55617680     0.00e+00      8.66
      7  3      -386.53091849     0.00e+00      8.66

         res : 9.58e-06   lamb: 1.00e+00   eps : -1.72e-10   step: 1.50e-05    0.33
         res : 3.86e-06   lamb: 1.00e+00   eps : -2.03e-10   step: 2.20e-05    0.28
         res : 2.48e-06   lamb: 1.00e+00   eps : -2.08e-10   step: 2.29e-05    0.25
         res : 1.31e-06   lamb: 1.00e+00   eps : -2.10e-10   step: 2.31e-05    0.30
         res : 8.59e-07   lamb: 1.00e+00   eps : -2.10e-10   step: 2.32e-05    0.37
         res : 5.42e-07   lamb: 1.00e+00   eps : -2.10e-10   step: 2.33e-05    0.26
         res : 3.97e-07   lamb: 1.00e+00   eps : -2.10e-10   step: 2.34e-05    0.26
         res : 2.83e-07   lamb: 1.00e+00   eps : -2.10e-10   step: 2.33e-05    0.39
         res : 1.96e-07   lamb: 1.00e+00   eps : -2.11e-10   step: 2.33e-05    0.31
         res : 1.38e-07   lamb: 1.00e+00   eps : -2.11e-10   step: 2.33e-05    0.26
         res : 9.77e-08   lamb: 1.00e+00   eps : -2.11e-10   step: 2.33e-05    0.38
         res : 6.60e-08   lamb: 1.00e+00   eps : -2.11e-10   step: 2.34e-05    0.31
         res : 4.41e-08   lamb: 1.00e+00   eps : -2.11e-10   step: 2.34e-05    0.26
         res : 3.02e-08   lamb: 1.00e+00   eps : -2.11e-10   step: 2.33e-05    0.34
         res : 1.95e-08   lamb: 1.00e+00   eps : -2.11e-10   step: 2.33e-05    0.28
         res : 1.26e-08   lamb: 1.00e+00   eps : -2.11e-10   step: 2.34e-05    0.26
         res : 7.67e-09   lamb: 1.00e+00   eps : -2.11e-10   step: 2.34e-05    0.30
         res : 4.73e-09   lamb: 1.00e+00   eps : -2.11e-10   step: 2.33e-05    0.38

      8  0      -386.70552507     8.61e-08      7.99
      8  1      -386.58021579     0.00e+00      7.99
      8  2      -386.55617685     0.00e+00      7.99
      8  3      -386.53091796     0.00e+00      7.99

         res : 3.93e-06   lamb: 1.00e+00   eps : -2.89e-11   step: 5.99e-06    0.35
         res : 1.58e-06   lamb: 1.00e+00   eps : -3.41e-11   step: 8.84e-06    0.25
         res : 1.00e-06   lamb: 1.00e+00   eps : -3.50e-11   step: 9.21e-06    0.25
         res : 5.40e-07   lamb: 1.00e+00   eps : -3.52e-11   step: 9.28e-06    0.31
         res : 3.52e-07   lamb: 1.00e+00   eps : -3.53e-11   step: 9.33e-06    0.36
         res : 2.25e-07   lamb: 1.00e+00   eps : -3.53e-11   step: 9.37e-06    0.26
         res : 1.66e-07   lamb: 1.00e+00   eps : -3.53e-11   step: 9.39e-06    0.26
         res : 1.20e-07   lamb: 1.00e+00   eps : -3.54e-11   step: 9.39e-06    0.35
         res : 8.38e-08   lamb: 1.00e+00   eps : -3.54e-11   step: 9.38e-06    0.25
         res : 5.90e-08   lamb: 1.00e+00   eps : -3.54e-11   step: 9.39e-06    0.26
         res : 4.14e-08   lamb: 1.00e+00   eps : -3.54e-11   step: 9.39e-06    0.34
         res : 2.76e-08   lamb: 1.00e+00   eps : -3.54e-11   step: 9.39e-06    0.32
         res : 1.82e-08   lamb: 1.00e+00   eps : -3.54e-11   step: 9.39e-06    0.26
         res : 1.24e-08   lamb: 1.00e+00   eps : -3.54e-11   step: 9.39e-06    0.30
         res : 7.98e-09   lamb: 1.00e+00   eps : -3.54e-11   step: 9.39e-06    0.34
         res : 5.12e-09   lamb: 1.00e+00   eps : -3.54e-11   step: 9.39e-06    0.26
         res : 3.12e-09   lamb: 1.00e+00   eps : -3.54e-11   step: 9.39e-06    0.26

      9  0      -386.70552492     3.63e-08      7.60
      9  1      -386.58021615     0.00e+00      7.60
      9  2      -386.55617685     0.00e+00      7.60
      9  3      -386.53091775     0.00e+00      7.60

         res : 1.65e-06   lamb: 1.00e+00   eps : -5.06e-12   step: 2.47e-06    0.26
         res : 6.61e-07   lamb: 1.00e+00   eps : -5.98e-12   step: 3.66e-06    0.29
         res : 4.15e-07   lamb: 1.00e+00   eps : -6.13e-12   step: 3.82e-06    0.30
         res : 2.26e-07   lamb: 1.00e+00   eps : -6.18e-12   step: 3.85e-06    0.26
         res : 1.48e-07   lamb: 1.00e+00   eps : -6.19e-12   step: 3.87e-06    0.26
         res : 9.47e-08   lamb: 1.00e+00   eps : -6.20e-12   step: 3.89e-06    0.32
         res : 7.03e-08   lamb: 1.00e+00   eps : -6.20e-12   step: 3.90e-06    0.29
         res : 5.13e-08   lamb: 1.00e+00   eps : -6.20e-12   step: 3.89e-06    0.25
         res : 3.60e-08   lamb: 1.00e+00   eps : -6.20e-12   step: 3.89e-06    0.25
         res : 2.53e-08   lamb: 1.00e+00   eps : -6.20e-12   step: 3.89e-06    0.41
         res : 1.76e-08   lamb: 1.00e+00   eps : -6.20e-12   step: 3.90e-06    0.27
         res : 1.17e-08   lamb: 1.00e+00   eps : -6.21e-12   step: 3.90e-06    0.26
         res : 7.60e-09   lamb: 1.00e+00   eps : -6.21e-12   step: 3.90e-06    0.39
         res : 5.16e-09   lamb: 1.00e+00   eps : -6.21e-12   step: 3.90e-06    0.26
         res : 3.32e-09   lamb: 1.00e+00   eps : -6.21e-12   step: 3.90e-06    0.26

     10  0      -386.70552486     1.55e-08      6.78
     10  1      -386.58021629     0.00e+00      6.78
     10  2      -386.55617684     0.00e+00      6.78
     10  3      -386.53091767     0.00e+00      6.78

         res : 6.99e-07   lamb: 1.00e+00   eps : -9.11e-13   step: 1.04e-06    0.25
         res : 2.80e-07   lamb: 1.00e+00   eps : -1.08e-12   step: 1.55e-06    0.34
         res : 1.74e-07   lamb: 1.00e+00   eps : -1.10e-12   step: 1.61e-06    0.34
         res : 9.59e-08   lamb: 1.00e+00   eps : -1.11e-12   step: 1.63e-06    0.26
         res : 6.25e-08   lamb: 1.00e+00   eps : -1.11e-12   step: 1.64e-06    0.30
         res : 4.03e-08   lamb: 1.00e+00   eps : -1.12e-12   step: 1.64e-06    0.28
         res : 3.01e-08   lamb: 1.00e+00   eps : -1.12e-12   step: 1.65e-06    0.26
         res : 2.21e-08   lamb: 1.00e+00   eps : -1.12e-12   step: 1.65e-06    0.26
         res : 1.55e-08   lamb: 1.00e+00   eps : -1.12e-12   step: 1.64e-06    0.40
         res : 1.09e-08   lamb: 1.00e+00   eps : -1.12e-12   step: 1.65e-06    0.30
         res : 7.57e-09   lamb: 1.00e+00   eps : -1.12e-12   step: 1.65e-06    0.27
         res : 5.01e-09   lamb: 1.00e+00   eps : -1.12e-12   step: 1.65e-06    0.29
         res : 3.21e-09   lamb: 1.00e+00   eps : -1.12e-12   step: 1.65e-06    0.36

     11  0      -386.70552483     6.62e-09      6.61
     11  1      -386.58021635     0.00e+00      6.61
     11  2      -386.55617684     0.00e+00      6.61
     11  3      -386.53091764     0.00e+00      6.61

    * Second-order optimization converged. *   

    * Integral transformation done. Elapsed time: 0.46

     guess   0:   closed 111...               open ......              
     guess   1:   closed 11....               open ..11..              
     guess   2:   closed 11....               open ..1.1.              
     guess   3:   closed 1.1...               open .1.1..              

  === FCI iteration ===

      0  0      -386.64176167     8.86e-03      0.00
      0  1      -386.52321695     7.82e-03      0.00
      0  2      -386.40982904     8.78e-03      0.00
      0  3      -386.37845310     9.46e-03      0.00

      1  0      -386.69533459     4.17e-03      0.00
      1  1      -386.56665149     3.47e-03      0.00
      1  2      -386.48631754     5.95e-03      0.00
      1  3      -386.45253191     5.99e-03      0.00

      2  0      -386.70454187     1.45e-03      0.00
      2  1      -386.57562604     2.07e-03      0.00
      2  2      -386.53399711     5.27e-03      0.00
      2  3      -386.49805926     5.83e-03      0.00

      3  0      -386.70544072     4.35e-04      0.00
      3  1      -386.57914510     1.32e-03      0.00
      3  2      -386.55199681     2.68e-03      0.00
      3  3      -386.52440336     3.19e-03      0.00

      4  0      -386.70551260     1.43e-04      0.00
      4  1      -386.58006932     5.30e-04      0.00
      4  2      -386.55573952     8.52e-04      0.00
      4  3      -386.52995936     1.24e-03      0.00

      5  0      -386.70552240     5.93e-05      0.00
      5  1      -386.58019486     1.84e-04      0.00
      5  2      -386.55609793     3.33e-04      0.00
      5  3      -386.53073554     4.94e-04      0.00

      6  0      -386.70552449     2.36e-05      0.00
      6  1      -386.58021395     5.99e-05      0.00
      6  2      -386.55616059     1.43e-04      0.00
      6  3      -386.53089400     1.85e-04      0.00

      7  0      -386.70552479     9.15e-06      0.00
      7  1      -386.58021603     2.07e-05      0.00
      7  2      -386.55617375     6.10e-05      0.00
      7  3      -386.53091394     6.60e-05      0.00

      8  0      -386.70552483     3.22e-06      0.01
      8  1      -386.58021631     7.22e-06      0.00
      8  2      -386.55617625     2.69e-05      0.00
      8  3      -386.53091697     2.64e-05      0.00

      9  0      -386.70552483     7.73e-07      0.01
      9  1      -386.58021635     2.41e-06      0.00
      9  2      -386.55617676     1.04e-05      0.00
      9  3      -386.53091756     1.03e-05      0.00

     10  0      -386.70552483     1.86e-07      0.01
     10  1      -386.58021635     8.75e-07      0.00
     10  2      -386.55617683     3.76e-06      0.00
     10  3      -386.53091763     3.55e-06      0.00

     11  0      -386.70552483     3.97e-08      0.01
     11  1      -386.58021635     2.79e-07      0.00
     11  2      -386.55617684     1.12e-06      0.00
     11  3      -386.53091764     1.14e-06      0.00

     12  0      -386.70552483     7.79e-09      0.01
     12  1      -386.58021635     7.85e-08      0.00
     12  2      -386.55617684     2.86e-07      0.00
     12  3      -386.53091764     2.90e-07      0.00

     13  0      -386.70552483     1.62e-09      0.01
     13  1      -386.58021635     2.05e-08      0.00
     13  2      -386.55617684     7.36e-08      0.00
     13  3      -386.53091764     9.38e-08      0.00

     14  0      -386.70552483     3.62e-10      0.01
     14  1      -386.58021635     5.16e-09      0.00
     14  2      -386.55617684     1.77e-08      0.00
     14  3      -386.53091764     2.44e-08      0.00

     15  0 *    -386.70552483     7.05e-11      0.01
     15  1      -386.58021635     1.33e-09      0.00
     15  2      -386.55617684     4.39e-09      0.00
     15  3      -386.53091764     6.25e-09      0.00

     16  0 *    -386.70552483     5.76e-11      0.01
     16  1      -386.58021635     3.65e-10      0.00
     16  2      -386.55617684     1.13e-09      0.00
     16  3      -386.53091764     1.63e-09      0.00

     17  0 *    -386.70552483     5.72e-11      0.01
     17  1 *    -386.58021635     9.14e-11      0.00
     17  2      -386.55617684     3.24e-10      0.00
     17  3      -386.53091764     4.45e-10      0.00

     18  0 *    -386.70552483     5.68e-11      0.01
     18  1 *    -386.58021635     5.31e-11      0.00
     18  2 *    -386.55617684     7.42e-11      0.00
     18  3      -386.53091764     1.08e-10      0.00

     19  0 *    -386.70552483     5.64e-11      0.01
     19  1 *    -386.58021635     5.28e-11      0.00
     19  2 *    -386.55617684     7.42e-11      0.00
     19  3 *    -386.53091764     2.57e-11      0.00

     * ci vector, state   0, <S^2> = -0.0000
       222...     0.6859417641
       22ba..     0.4439122050
       22ab..     0.4439122050
       2.2.2.    -0.0883136813
       b2aa.b     0.0880718415
       a2bb.a     0.0880718415
       b22a..     0.0626223148
       a22b..     0.0626223148
       2.ba2.    -0.0573270643
       2.ab2.    -0.0573270643
       2ab2..    -0.0535165630
       2ba2..    -0.0535165630
       22...2    -0.0514897255

     * ci vector, state   1, <S^2> = 0.0000
       222...    -0.5296929701
       22ba..     0.4217328715
       22ab..     0.4217328715
       22b.a.    -0.1770892520
       22a.b.    -0.1770892520
       a22b..    -0.1636291918
       b22a..    -0.1636291918
       2baab.    -0.1420103775
       2abba.    -0.1420103775
       2b2a..     0.1233553574
       2a2b..     0.1233553574
       22.b.a    -0.1123182217
       22.a.b    -0.1123182217
       22...2     0.0986368450
       2ab2..    -0.0834498673
       2ba2..    -0.0834498673
       2bbaa.     0.0832687501
       2aabb.     0.0832687501
       2.ba2.    -0.0713012635
       2.ab2.    -0.0713012635
       2.2.2.     0.0690721496
       2abab.    -0.0587416274
       2baba.    -0.0587416274
       22b..a    -0.0561777092
       22a..b    -0.0561777092
       .22a.b     0.0516300390
       .22b.a     0.0516300390
       b2aa.b     0.0512037470
       a2bb.a     0.0512037470

     * ci vector, state   2, <S^2> = 0.0000
       2b2a..     0.3403400092
       2a2b..     0.3403400092
       22.ab.    -0.2641788167
       22.ba.    -0.2641788167
       22.2..    -0.2076322156
       a22b..    -0.1940264043
       b22a..    -0.1940264043
       22.b.a    -0.1914643142
       22.a.b    -0.1914643142
       2abba.     0.1645972311
       2baab.     0.1645972311
       22a.b.     0.1506933328
       22b.a.     0.1506933328
       b2aab.     0.1471600504
       a2bba.     0.1471600504
       22b..a    -0.1383363780
       22a..b    -0.1383363780
       222...     0.1161865471
       b2baa.    -0.1014640864
       a2abb.    -0.1014640864
       2baa.b    -0.0856085048
       2abb.a    -0.0856085048
       2baba.     0.0837875279
       2abab.     0.0837875279
       2aabb.    -0.0808097031
       2bbaa.    -0.0808097031
       .222..     0.0769773943
       2a.b.2     0.0652610439
       2b.a.2     0.0652610439
       2aba.b    -0.0615860061
       2bab.a    -0.0615860061
       ab2a.b    -0.0610599066
       ba2b.a    -0.0610599066
       .22ab.     0.0589639662
       .22ba.     0.0589639662
       2.2ab.     0.0587638345
       2.2ba.     0.0587638345
       2a2..b    -0.0557450565
       2b2..a    -0.0557450565
       22...2     0.0555688664
       22..ba     0.0552193334
       22..ab     0.0552193334
       ab2b.a    -0.0548014946
       ba2a.b    -0.0548014946
       a2.b.2    -0.0546173010
       b2.a.2    -0.0546173010

     * ci vector, state   3, <S^2> = 0.0000
       222...    -0.3729246374
       a22b..     0.2589125481
       b22a..     0.2589125481
       22.b.a     0.2361575495
       22.a.b     0.2361575495
       22b.a.     0.2311318692
       22a.b.     0.2311318692
       22ab..     0.2276337295
       22ba..     0.2276337294
       2baab.     0.2237480357
       2abba.     0.2237480357
       22.2..     0.1977620633
       a2bba.     0.1152793539
       b2aab.     0.1152793539
       2abab.     0.1151213720
       2baba.     0.1151213720
       2bbaa.    -0.1086266637
       2aabb.    -0.1086266637
       22.ba.    -0.1031422625
       22.ab.    -0.1031422625
       .222..    -0.0758248750
       b2aba.     0.0632819553
       a2bab.     0.0632819553
       ba2ba.     0.0612680339
       ab2ab.     0.0612680339
       22b..a     0.0592263125
       22a..b     0.0592263125
       2.2.2.     0.0587041915
       ab2ba.     0.0543818588
       ba2ab.     0.0543818588
       a2abb.    -0.0519973986
       b2baa.    -0.0519973986
       a2.b.2     0.0501841250
       b2.a.2     0.0501841250

    * METHOD: CASSCF                              90.96

  === SMITH program ===

    * freezing 10 orbitals
    * SS-SR internal contraction is used

    * Approximate memory requirement for SMITH calulation per MPI process:
      o Storage requirement for T-amplitude, lambda, and residual is 0.14 GB
      o Storage requirement for MO integrals is 0.02 GB
       - MO integral evaluation                    4.09

  ++ State-averaged Fock matrix over basis states ++

                         0                   1                   2                   3
     0       -1.6065976955        0.0547710189       -0.0149913720        0.0556861351
     1        0.0547710189       -1.4578260503        0.0243787493       -0.1509395754
     2       -0.0149913720        0.0243787493       -1.2427590084        0.0356059300
     3        0.0556861351       -0.1509395754        0.0356059300       -1.3138661553


  ++ Extended multi-state CASPT2 (XMS-CASPT2) rotation matrix ++

                         0                   1                   2                   3
     0       -0.8068039772        0.5886325632       -0.0388983061       -0.0326491929
     1        0.4745209857        0.6962232168        0.3494071166        0.4098996626
     2       -0.0850528644       -0.0867164072        0.8631900650       -0.4900501879
     3        0.3415599315        0.4015783892       -0.3623596285       -0.7686137588


  ++ Reference energies in XMS basis ++

                         0                   1                   2                   3
     0     -386.6558584891        0.0664496555       -0.0117990781       -0.0152411176
     1        0.0664496555     -386.6155033363       -0.0061039999       -0.0117866804
     2       -0.0117990781       -0.0061039999     -386.5560210398        0.0034024005
     3       -0.0152411176       -0.0117866804        0.0034024005     -386.5454527998

    * Calculating and saving rdm4f

    - linear dependency detected:    1 /   72    min eigenvalue:    -5.0204e-15    max eigenvalue:    -5.0204e-15
    - linear dependency detected:    1 /   72    min eigenvalue:    -1.2403e-15    max eigenvalue:    -1.2403e-15
    - linear dependency detected:    1 /   72    min eigenvalue:     2.1452e-15    max eigenvalue:     2.1452e-15
    - linear dependency detected:    1 /   72    min eigenvalue:    -5.9309e-16    max eigenvalue:    -5.9309e-16
    - linear dependency detected:   10 /  216    min eigenvalue:    -1.3899e-14    max eigenvalue:     9.6433e-10
    - linear dependency detected:    8 /  216    min eigenvalue:    -1.9956e-15    max eigenvalue:     3.6027e-10
    - linear dependency detected:    7 /  216    min eigenvalue:    -2.3505e-16    max eigenvalue:     6.4788e-12
    - linear dependency detected:    7 /  216    min eigenvalue:    -4.4886e-15    max eigenvalue:     6.7687e-11
    - linear dependency detected:    9 /  216    min eigenvalue:    -1.6652e-15    max eigenvalue:     5.8990e-10
    - linear dependency detected:    9 /  216    min eigenvalue:    -1.4504e-15    max eigenvalue:     4.3386e-10
    - linear dependency detected:    8 /  216    min eigenvalue:    -1.2586e-15    max eigenvalue:     9.5344e-10
    - linear dependency detected:    8 /  216    min eigenvalue:    -2.6135e-16    max eigenvalue:     6.9047e-10
       - RDM + denominator evaluation              1.97

    * Zeroth order energy : state  0       -1.6639662892
    * Zeroth order energy : state  1       -1.5016167530
    * Zeroth order energy : state  2       -1.2471623307
    * Zeroth order energy : state  3       -1.2083035366

    * CASPT2 iteration is performed using redundant basis

      ---- iteration ----

        0    -1.12970931     0.00112020      3.31
        1    -1.13040863     0.00007401      3.36
        2    -1.13041331     0.00000679      3.45
        3    -1.13041336     0.00000081      3.32

        0    -1.12137459     0.00100136      3.70
        1    -1.12201493     0.00006691      3.43
        2    -1.12201945     0.00000624      3.34
        3    -1.12201950     0.00000073      3.56

        0    -1.10480001     0.00092008      3.61
        1    -1.10538753     0.00006479      3.36
        2    -1.10539236     0.00000652      3.29
        3    -1.10539243     0.00000076      3.44

        0    -1.10988934     0.00085984      3.80
        1    -1.11044098     0.00006407      3.48
        2    -1.11044634     0.00000849      3.41
        3    -1.11044642     0.00000095      3.43

      -------------------

       - CASPT2 energy evaluation                 57.33

    * CASPT2 energy : state  0     -387.9630598472
        w/o shift correction       -387.7862718523
        reference weight              0.7387837902

    * CASPT2 energy : state  1     -387.9132781111
        w/o shift correction       -387.7375228404
        reference weight              0.7399128378

    * CASPT2 energy : state  2     -387.8342644092
        w/o shift correction       -387.6614134665
        reference weight              0.7431066352

    * CASPT2 energy : state  3     -387.8327085334
        w/o shift correction       -387.6558992181
        reference weight              0.7387605175


    * MS-CASPT2 Heff
           -387.9630598472        0.0428987715       -0.0053221084       -0.0110525739
              0.0428987715     -387.9132781111       -0.0032458767       -0.0098761580
             -0.0053221084       -0.0032458767     -387.8342644092        0.0029223440
             -0.0110525739       -0.0098761580        0.0029223440     -387.8327085334


    * MS-CASPT2 rotation matrix
             -0.8686489108        0.4730264812       -0.0228092477        0.1455154837
              0.4941483291        0.8482408179       -0.0421268627        0.1858232254
             -0.0190717260        0.0795506969       -0.8580870448       -0.5069463280
             -0.0300460945        0.2245109119        0.5112647937       -0.8290358215


    * XMS-CASPT2 rotation matrix
              0.9934240321        0.1072380331        0.0102910982        0.0387658344
             -0.0871342789        0.9348484696       -0.1304076202       -0.3185275637
              0.0292918802       -0.1551428967       -0.9856445381       -0.0598123049
             -0.0682517073        0.3008139370       -0.1067370148        0.9452300722

    * MS-CASPT2 energy : state  0     -387.9879628252
    * MS-CASPT2 energy : state  1     -387.8922737718
    * MS-CASPT2 energy : state  2     -387.8363064206
    * MS-CASPT2 energy : state  3     -387.8267678833



    * METHOD: SMITH                               82.75


  
  ===============================================================

