--------------------------------------------------
JOB FRONT-END 3110244 on wux38
SLURM ENVIRONMENT
--------------------------------------------------
SLURM_JOB_ID                   = 3110244             
SLURM_ARRAY_JOB_ID             = N/A                 
SLURM_ARRAY_TASK_ID            = N/A                 
SLURM_JOB_NAME                 = bagel               
SLURM_JOB_PARTITION            = batch               
SLURM_JOB_NUM_NODES            = 1                   
SLURM_JOB_CPUS_PER_NODE        = 20                  
SLURM_NTASKS                   = 20                  
SLURM_NTASKS_PER_NODE          = N/A                 
--------------------------------------------------
--------------------------------------------------
PBS ENVIRONMENT
--------------------------------------------------
PBS_JOBID                      = 3110244             
PBS_ARRAYID                    = N/A                 
PBS_JOBNAME                    = bagel               
PBS_QUEUE                      = batch               
PBS_NUM_NODES                  = 1                   
PBS_NUM_PPN                    = 1                   
PBS_NP                         = 20                  
PBS_NODEFILE                   = /tmp/3110244/nodes  
--------------------------------------------------
  * process grid (5, 4) will be used
    wux38                           
    wux38                           
    wux38                           
    wux38                           
    wux38                           
    wux38                           
    wux38                           
    wux38                           
    wux38                           
    wux38                           
    wux38                           
    wux38                           
    wux38                           
    wux38                           
    wux38                           
    wux38                           
    wux38                           
    wux38                           
    wux38                           
    wux38                           

  * using 20 threads per process

  ===============================================================
    BAGEL - Freshly leavened quantum chemistry                   
  ===============================================================

  *** Geometry ***

  { "atom" : "C", "xyz" : [      4.509775,     -1.144000,      1.671270 ] },
  { "atom" : "C", "xyz" : [      4.179235,      1.546172,      1.746845 ] },
  { "atom" : "C", "xyz" : [      1.932499,      2.658600,      0.923946 ] },
  { "atom" : "N", "xyz" : [      0.058103,      1.076885,      0.188547 ] },
  { "atom" : "B", "xyz" : [      0.125445,     -1.657350,      0.190960 ] },
  { "atom" : "C", "xyz" : [      2.585345,     -2.856863,      1.013728 ] },
  { "atom" : "C", "xyz" : [     -2.364287,     -1.791754,     -1.607160 ] },
  { "atom" : "C", "xyz" : [     -5.016324,     -1.142390,     -0.647693 ] },
  { "atom" : "C", "xyz" : [     -4.708908,      1.418249,     -0.739571 ] },
  { "atom" : "C", "xyz" : [     -2.020785,      1.203087,     -1.715103 ] },
  { "atom" : "H", "xyz" : [      6.412153,     -1.855328,      2.074116 ] },
  { "atom" : "H", "xyz" : [      5.734104,      2.757965,      2.347931 ] },
  { "atom" : "H", "xyz" : [      1.651953,      4.699498,      0.802496 ] },
  { "atom" : "H", "xyz" : [      3.077278,     -4.865897,      0.939149 ] },
  { "atom" : "H", "xyz" : [     -2.216021,     -2.873228,     -3.372437 ] },
  { "atom" : "H", "xyz" : [     -6.610769,     -2.328002,     -0.082083 ] },
  { "atom" : "H", "xyz" : [     -5.901464,      3.033150,     -0.257384 ] },
  { "atom" : "H", "xyz" : [     -1.427333,      2.121207,     -3.477555 ] },

  Number of auxiliary basis functions:      884

  Since a DF basis is specified, we compute 2- and 3-index integrals:
    o Being stored without compression. Storage requirement is 0.079 GB
       - 3-index ints prep                         0.00
       - 3-index ints                              0.06
       - 2-index ints                              0.03
       - computing inverse                         0.39
        elapsed time:        0.49 sec.


  Number of basis functions:      106
  Number of electrons      :       68


    * METHOD: MOLECULE                             0.55

       - Overlap matrix                            0.01
       - Hcore matrix                              0.01
       - Overlap orthog                            0.01

  *** RHF ***

  === Nuclear Repulsion ===
  
   455.4303236290

      * DIIS with orbital gradients will be used.

       - SCF startup                               0.45

  === RHF iteration (/home/miaoxin/software/bagel-1.2.2/obj/share/3-21g.json) ===
  
               o Fock build                                  0.21
      0       -384.34318673          0.01181787           0.21
               o DIIS                                        0.00
               o Diag                                        0.01
               o Post process                                0.00
               o Fock build                                  0.23
      1       -384.48705804          0.00409950           0.25
               o DIIS                                        0.00
               o Diag                                        0.01
               o Post process                                0.00
               o Fock build                                  0.23
      2       -384.50240291          0.00160896           0.25
               o DIIS                                        0.00
               o Diag                                        0.01
               o Post process                                0.00
               o Fock build                                  0.20
      3       -384.50490763          0.00029795           0.22
               o DIIS                                        0.00
               o Diag                                        0.01
               o Post process                                0.00
               o Fock build                                  0.22
      4       -384.50501264          0.00008605           0.23
               o DIIS                                        0.00
               o Diag                                        0.01
               o Post process                                0.00
               o Fock build                                  0.18
      5       -384.50502716          0.00003084           0.19
               o DIIS                                        0.00
               o Diag                                        0.01
               o Post process                                0.00
               o Fock build                                  0.17
      6       -384.50502952          0.00001842           0.18
               o DIIS                                        0.00
               o Diag                                        0.01
               o Post process                                0.00
               o Fock build                                  0.20
      7       -384.50503061          0.00000677           0.21
               o DIIS                                        0.00
               o Diag                                        0.01
               o Post process                                0.00
               o Fock build                                  0.21
      8       -384.50503082          0.00000340           0.24
               o DIIS                                        0.02
               o Diag                                        0.03
               o Post process                                0.00
               o Fock build                                  0.18
      9       -384.50503086          0.00000151           0.21
               o DIIS                                        0.00
               o Diag                                        0.01
               o Post process                                0.00
               o Fock build                                  0.20
     10       -384.50503086          0.00000071           0.22
               o DIIS                                        0.00
               o Diag                                        0.01
               o Post process                                0.00
               o Fock build                                  0.19
     11       -384.50503086          0.00000031           0.21
               o DIIS                                        0.00
               o Diag                                        0.01
               o Post process                                0.00
               o Fock build                                  0.20
     12       -384.50503086          0.00000011           0.21
               o DIIS                                        0.00
               o Diag                                        0.01
               o Post process                                0.00
               o Fock build                                  0.20
     13       -384.50503086          0.00000005           0.21
               o DIIS                                        0.00
               o Diag                                        0.01
               o Post process                                0.00
               o Fock build                                  0.27
     14       -384.50503086          0.00000002           0.29
               o DIIS                                        0.00
               o Diag                                        0.01
               o Post process                                0.00
               o Fock build                                  0.19
     15       -384.50503086          0.00000001           0.20
               o DIIS                                        0.00
               o Diag                                        0.01
               o Post process                                0.00
               o Fock build                                  0.20
     16       -384.50503086          0.00000000           0.22
  
    * SCF iteration converged.

    * Permanent dipole moment:
           (    0.052622,    -0.514836,     0.313276) a.u.

  ---------------------------
      CASSCF calculation     
  ---------------------------

 
    ==== Active orbitals : ===== 
         Orbital 32
         Orbital 33
         Orbital 34
         Orbital 35
         Orbital 36
         Orbital 37
    ============================ 

    * nstate   :      4
    * nclosed  :     31
    * nact     :      6
    * nvirt    :     69
  === CASSCF iteration (/home/miaoxin/software/bagel-1.2.2/obj/share/3-21g.json) ===

    * Using the second-order algorithm

      0  0      -384.54173214     3.17e-03      0.34
      0  1      -384.30668986     0.00e+00      0.34
      0  2      -384.27125817     0.00e+00      0.34
      0  3      -384.23162559     0.00e+00      0.34

         res : 7.23e-02   lamb: 1.00e+00   eps : -1.75e-02   step: 3.20e-01    0.20
         res : 2.57e-02   lamb: 1.00e+00   eps : -1.96e-02   step: 3.79e-01    0.20
         res : 8.70e-03   lamb: 1.00e+00   eps : -1.98e-02   step: 3.80e-01    0.21
         res : 2.68e-03   lamb: 1.00e+00   eps : -1.98e-02   step: 3.80e-01    0.25
         res : 7.60e-04   lamb: 1.00e+00   eps : -1.98e-02   step: 3.81e-01    0.20
         res : 2.11e-04   lamb: 1.00e+00   eps : -1.98e-02   step: 3.82e-01    0.19
         res : 5.88e-05   lamb: 1.00e+00   eps : -1.98e-02   step: 3.81e-01    0.22
         res : 2.08e-05   lamb: 1.00e+00   eps : -1.98e-02   step: 3.81e-01    0.21

      1  0      -384.55382946     2.69e-03      2.54
      1  1      -384.32175604     0.00e+00      2.54
      1  2      -384.29112854     0.00e+00      2.54
      1  3      -384.25369101     0.00e+00      2.54

         res : 9.04e-02   lamb: 1.00e+00   eps : -1.55e-02   step: 2.57e-01    0.22
         res : 2.38e-02   lamb: 1.00e+00   eps : -1.80e-02   step: 3.44e-01    0.22
         res : 1.20e-02   lamb: 1.00e+00   eps : -1.83e-02   step: 3.58e-01    0.19
         res : 3.05e-03   lamb: 1.00e+00   eps : -1.83e-02   step: 3.60e-01    0.21
         res : 1.06e-03   lamb: 1.00e+00   eps : -1.83e-02   step: 3.62e-01    0.21
         res : 3.34e-04   lamb: 1.00e+00   eps : -1.83e-02   step: 3.63e-01    0.20
         res : 9.71e-05   lamb: 1.00e+00   eps : -1.83e-02   step: 3.63e-01    0.20
         res : 2.79e-05   lamb: 1.00e+00   eps : -1.83e-02   step: 3.63e-01    0.20

      2  0      -384.56383146     1.37e-03      2.65
      2  1      -384.34046889     0.00e+00      2.65
      2  2      -384.30909799     0.00e+00      2.65
      2  3      -384.27928994     0.00e+00      2.65

         res : 6.08e-02   lamb: 1.00e+00   eps : -1.47e-02   step: 3.21e-01    0.21
         res : 1.77e-02   lamb: 1.00e+00   eps : -1.56e-02   step: 3.49e-01    0.21
         res : 7.36e-03   lamb: 1.00e+00   eps : -1.57e-02   step: 3.50e-01    0.21
         res : 2.43e-03   lamb: 1.00e+00   eps : -1.57e-02   step: 3.50e-01    0.20
         res : 6.91e-04   lamb: 1.00e+00   eps : -1.57e-02   step: 3.50e-01    0.20
         res : 2.18e-04   lamb: 1.00e+00   eps : -1.57e-02   step: 3.50e-01    0.22
         res : 6.72e-05   lamb: 1.00e+00   eps : -1.57e-02   step: 3.50e-01    0.25
         res : 2.79e-05   lamb: 1.00e+00   eps : -1.57e-02   step: 3.50e-01    0.22

      3  0      -384.57202089     6.40e-04      2.58
      3  1      -384.35444270     0.00e+00      2.58
      3  2      -384.31792035     0.00e+00      2.58
      3  3      -384.29733406     0.00e+00      2.58

         res : 2.69e-02   lamb: 1.00e+00   eps : -2.15e-03   step: 1.00e-01    0.18
         res : 6.83e-03   lamb: 1.00e+00   eps : -2.31e-03   step: 1.11e-01    0.20
         res : 2.55e-03   lamb: 1.00e+00   eps : -2.33e-03   step: 1.10e-01    0.20
         res : 9.66e-04   lamb: 1.00e+00   eps : -2.34e-03   step: 1.10e-01    0.21
         res : 2.65e-04   lamb: 1.00e+00   eps : -2.34e-03   step: 1.10e-01    0.20
         res : 9.00e-05   lamb: 1.00e+00   eps : -2.34e-03   step: 1.10e-01    0.23
         res : 2.74e-05   lamb: 1.00e+00   eps : -2.34e-03   step: 1.10e-01    0.21
         res : 1.29e-05   lamb: 1.00e+00   eps : -2.34e-03   step: 1.10e-01    0.21
         res : 5.09e-06   lamb: 1.00e+00   eps : -2.34e-03   step: 1.10e-01    0.22

      4  0      -384.57405087     2.29e-04      2.69
      4  1      -384.35355325     0.00e+00      2.69
      4  2      -384.31836315     0.00e+00      2.69
      4  3      -384.30156613     0.00e+00      2.69

         res : 9.29e-03   lamb: 1.00e+00   eps : -1.38e-04   step: 2.07e-02    0.27
         res : 2.08e-03   lamb: 1.00e+00   eps : -1.59e-04   step: 2.63e-02    0.21
         res : 6.61e-04   lamb: 1.00e+00   eps : -1.61e-04   step: 2.60e-02    0.20
         res : 2.47e-04   lamb: 1.00e+00   eps : -1.61e-04   step: 2.59e-02    0.22
         res : 7.53e-05   lamb: 1.00e+00   eps : -1.61e-04   step: 2.59e-02    0.21
         res : 2.77e-05   lamb: 1.00e+00   eps : -1.61e-04   step: 2.59e-02    0.20
         res : 9.95e-06   lamb: 1.00e+00   eps : -1.61e-04   step: 2.59e-02    0.21
         res : 4.19e-06   lamb: 1.00e+00   eps : -1.61e-04   step: 2.59e-02    0.20
         res : 1.24e-06   lamb: 1.00e+00   eps : -1.61e-04   step: 2.59e-02    0.22

      5  0      -384.57450335     9.32e-05      2.88
      5  1      -384.35321379     0.00e+00      2.88
      5  2      -384.31766045     0.00e+00      2.88
      5  3      -384.30257246     0.00e+00      2.88

         res : 2.96e-03   lamb: 1.00e+00   eps : -1.25e-05   step: 4.70e-03    0.21
         res : 7.06e-04   lamb: 1.00e+00   eps : -1.51e-05   step: 6.94e-03    0.20
         res : 2.61e-04   lamb: 1.00e+00   eps : -1.54e-05   step: 6.93e-03    0.19
         res : 7.94e-05   lamb: 1.00e+00   eps : -1.54e-05   step: 6.91e-03    0.20
         res : 2.39e-05   lamb: 1.00e+00   eps : -1.54e-05   step: 6.90e-03    0.20
         res : 9.45e-06   lamb: 1.00e+00   eps : -1.54e-05   step: 6.90e-03    0.21
         res : 3.60e-06   lamb: 1.00e+00   eps : -1.54e-05   step: 6.90e-03    0.24
         res : 1.22e-06   lamb: 1.00e+00   eps : -1.54e-05   step: 6.90e-03    0.22
         res : 3.25e-07   lamb: 1.00e+00   eps : -1.54e-05   step: 6.90e-03    0.20

      6  0      -384.57465280     3.69e-05      2.77
      6  1      -384.35319523     0.00e+00      2.77
      6  2      -384.31725963     0.00e+00      2.77
      6  3      -384.30288370     0.00e+00      2.77

         res : 9.83e-04   lamb: 1.00e+00   eps : -1.49e-06   step: 1.34e-03    0.18
         res : 2.59e-04   lamb: 1.00e+00   eps : -1.83e-06   step: 2.12e-03    0.22
         res : 1.00e-04   lamb: 1.00e+00   eps : -1.86e-06   step: 2.14e-03    0.22
         res : 2.75e-05   lamb: 1.00e+00   eps : -1.86e-06   step: 2.14e-03    0.22
         res : 8.44e-06   lamb: 1.00e+00   eps : -1.86e-06   step: 2.14e-03    0.21
         res : 3.18e-06   lamb: 1.00e+00   eps : -1.86e-06   step: 2.14e-03    0.21
         res : 1.29e-06   lamb: 1.00e+00   eps : -1.86e-06   step: 2.14e-03    0.21
         res : 4.08e-07   lamb: 1.00e+00   eps : -1.86e-06   step: 2.14e-03    0.20
         res : 9.77e-08   lamb: 1.00e+00   eps : -1.86e-06   step: 2.14e-03    0.20

      7  0      -384.57470761     1.43e-05      2.72
      7  1      -384.35321308     0.00e+00      2.72
      7  2      -384.31708583     0.00e+00      2.72
      7  3      -384.30298992     0.00e+00      2.72

         res : 3.46e-04   lamb: 1.00e+00   eps : -2.00e-07   step: 4.44e-04    0.20
         res : 9.77e-05   lamb: 1.00e+00   eps : -2.45e-07   step: 7.16e-04    0.21
         res : 3.82e-05   lamb: 1.00e+00   eps : -2.49e-07   step: 7.32e-04    0.25
         res : 1.03e-05   lamb: 1.00e+00   eps : -2.49e-07   step: 7.32e-04    0.21
         res : 3.14e-06   lamb: 1.00e+00   eps : -2.49e-07   step: 7.32e-04    0.21
         res : 1.10e-06   lamb: 1.00e+00   eps : -2.49e-07   step: 7.32e-04    0.20
         res : 4.77e-07   lamb: 1.00e+00   eps : -2.49e-07   step: 7.32e-04    0.21
         res : 1.48e-07   lamb: 1.00e+00   eps : -2.49e-07   step: 7.32e-04    0.22
         res : 3.31e-08   lamb: 1.00e+00   eps : -2.49e-07   step: 7.32e-04    0.23

      8  0      -384.57472821     5.50e-06      2.84
      8  1      -384.35322491     0.00e+00      2.84
      8  2      -384.31701619     0.00e+00      2.84
      8  3      -384.30302782     0.00e+00      2.84

         res : 1.26e-04   lamb: 1.00e+00   eps : -2.79e-08   step: 1.57e-04    0.18
         res : 3.70e-05   lamb: 1.00e+00   eps : -3.41e-08   step: 2.56e-04    0.20
         res : 1.46e-05   lamb: 1.00e+00   eps : -3.46e-08   step: 2.63e-04    0.20
         res : 3.90e-06   lamb: 1.00e+00   eps : -3.46e-08   step: 2.63e-04    0.20
         res : 1.19e-06   lamb: 1.00e+00   eps : -3.46e-08   step: 2.63e-04    0.25
         res : 3.96e-07   lamb: 1.00e+00   eps : -3.46e-08   step: 2.64e-04    0.21
         res : 1.77e-07   lamb: 1.00e+00   eps : -3.46e-08   step: 2.64e-04    0.22
         res : 5.55e-08   lamb: 1.00e+00   eps : -3.46e-08   step: 2.64e-04    0.22
         res : 1.21e-08   lamb: 1.00e+00   eps : -3.46e-08   step: 2.64e-04    0.22

      9  0      -384.57473599     2.10e-06      2.73
      9  1      -384.35323044     0.00e+00      2.73
      9  2      -384.31698913     0.00e+00      2.73
      9  3      -384.30304166     0.00e+00      2.73

         res : 4.69e-05   lamb: 1.00e+00   eps : -3.96e-09   step: 5.77e-05    0.20
         res : 1.40e-05   lamb: 1.00e+00   eps : -4.82e-09   step: 9.38e-05    0.25
         res : 5.55e-06   lamb: 1.00e+00   eps : -4.89e-09   step: 9.70e-05    0.20
         res : 1.49e-06   lamb: 1.00e+00   eps : -4.89e-09   step: 9.72e-05    0.19
         res : 4.55e-07   lamb: 1.00e+00   eps : -4.90e-09   step: 9.72e-05    0.21
         res : 1.45e-07   lamb: 1.00e+00   eps : -4.90e-09   step: 9.72e-05    0.22
         res : 6.63e-08   lamb: 1.00e+00   eps : -4.90e-09   step: 9.72e-05    0.20
         res : 2.09e-08   lamb: 1.00e+00   eps : -4.90e-09   step: 9.72e-05    0.20
         res : 4.53e-09   lamb: 1.00e+00   eps : -4.90e-09   step: 9.72e-05    0.20

     10  0      -384.57473893     8.00e-07      2.80
     10  1      -384.35323275     0.00e+00      2.80
     10  2      -384.31697875     0.00e+00      2.80
     10  3      -384.30304679     0.00e+00      2.80

         res : 1.75e-05   lamb: 1.00e+00   eps : -5.64e-10   step: 2.14e-05    0.20
         res : 5.30e-06   lamb: 1.00e+00   eps : -6.85e-10   step: 3.49e-05    0.22
         res : 2.11e-06   lamb: 1.00e+00   eps : -6.95e-10   step: 3.62e-05    0.20
         res : 5.65e-07   lamb: 1.00e+00   eps : -6.96e-10   step: 3.63e-05    0.20
         res : 1.74e-07   lamb: 1.00e+00   eps : -6.96e-10   step: 3.63e-05    0.20
         res : 5.40e-08   lamb: 1.00e+00   eps : -6.96e-10   step: 3.63e-05    0.21
         res : 2.49e-08   lamb: 1.00e+00   eps : -6.96e-10   step: 3.63e-05    0.24
         res : 7.92e-09   lamb: 1.00e+00   eps : -6.96e-10   step: 3.63e-05    0.23
         res : 1.71e-09   lamb: 1.00e+00   eps : -6.96e-10   step: 3.63e-05    0.20

     11  0      -384.57474004     3.04e-07      2.78
     11  1      -384.35323367     0.00e+00      2.78
     11  2      -384.31697480     0.00e+00      2.78
     11  3      -384.30304871     0.00e+00      2.78

         res : 6.59e-06   lamb: 1.00e+00   eps : -8.05e-11   step: 8.04e-06    0.18
         res : 2.01e-06   lamb: 1.00e+00   eps : -9.77e-11   step: 1.31e-05    0.20
         res : 8.00e-07   lamb: 1.00e+00   eps : -9.92e-11   step: 1.36e-05    0.21
         res : 2.15e-07   lamb: 1.00e+00   eps : -9.93e-11   step: 1.36e-05    0.23
         res : 6.60e-08   lamb: 1.00e+00   eps : -9.93e-11   step: 1.36e-05    0.23
         res : 2.02e-08   lamb: 1.00e+00   eps : -9.93e-11   step: 1.36e-05    0.20
         res : 9.37e-09   lamb: 1.00e+00   eps : -9.93e-11   step: 1.36e-05    0.23
         res : 2.99e-09   lamb: 1.00e+00   eps : -9.93e-11   step: 1.36e-05    0.22

     12  0      -384.57474046     1.15e-07      2.52
     12  1      -384.35323403     0.00e+00      2.52
     12  2      -384.31697330     0.00e+00      2.52
     12  3      -384.30304943     0.00e+00      2.52

         res : 2.48e-06   lamb: 1.00e+00   eps : -1.15e-11   step: 3.02e-06    0.20
         res : 7.59e-07   lamb: 1.00e+00   eps : -1.39e-11   step: 4.91e-06    0.21
         res : 3.03e-07   lamb: 1.00e+00   eps : -1.42e-11   step: 5.11e-06    0.20
         res : 8.14e-08   lamb: 1.00e+00   eps : -1.42e-11   step: 5.12e-06    0.21
         res : 2.50e-08   lamb: 1.00e+00   eps : -1.42e-11   step: 5.12e-06    0.21
         res : 7.61e-09   lamb: 1.00e+00   eps : -1.42e-11   step: 5.12e-06    0.20
         res : 3.54e-09   lamb: 1.00e+00   eps : -1.42e-11   step: 5.12e-06    0.20

     13  0      -384.57474062     4.36e-08      2.31
     13  1      -384.35323417     0.00e+00      2.31
     13  2      -384.31697274     0.00e+00      2.31
     13  3      -384.30304970     0.00e+00      2.31

         res : 9.35e-07   lamb: 1.00e+00   eps : -1.64e-12   step: 1.14e-06    0.20
         res : 2.87e-07   lamb: 1.00e+00   eps : -1.99e-12   step: 1.85e-06    0.20
         res : 1.15e-07   lamb: 1.00e+00   eps : -2.02e-12   step: 1.93e-06    0.25
         res : 3.08e-08   lamb: 1.00e+00   eps : -2.02e-12   step: 1.93e-06    0.21
         res : 9.46e-09   lamb: 1.00e+00   eps : -2.02e-12   step: 1.93e-06    0.20
         res : 2.86e-09   lamb: 1.00e+00   eps : -2.02e-12   step: 1.93e-06    0.19

     14  0      -384.57474068     1.65e-08      2.17
     14  1      -384.35323422     0.00e+00      2.17
     14  2      -384.31697252     0.00e+00      2.17
     14  3      -384.30304980     0.00e+00      2.17

         res : 3.53e-07   lamb: 1.00e+00   eps : -2.35e-13   step: 4.30e-07    0.20
         res : 1.08e-07   lamb: 1.00e+00   eps : -2.84e-13   step: 6.99e-07    0.20
         res : 4.36e-08   lamb: 1.00e+00   eps : -2.88e-13   step: 7.27e-07    0.22
         res : 1.17e-08   lamb: 1.00e+00   eps : -2.89e-13   step: 7.29e-07    0.20
         res : 3.62e-09   lamb: 1.00e+00   eps : -2.89e-13   step: 7.29e-07    0.20

     15  0      -384.57474070     6.24e-09      1.85
     15  1      -384.35323424     0.00e+00      1.85
     15  2      -384.31697244     0.00e+00      1.85
     15  3      -384.30304984     0.00e+00      1.85

    * Second-order optimization converged. *   

    * Integral transformation done. Elapsed time: 0.26

     guess   0:   closed 111...               open ......              
     guess   1:   closed 11....               open ..11..              
     guess   2:   closed 1.1...               open .1..1.              
     guess   3:   closed .11...               open 1..1..              

  === FCI iteration ===

      0  0      -384.50520226     9.97e-03      0.00
      0  1      -384.24834816     9.56e-03      0.00
      0  2      -384.16271085     1.15e-02      0.00
      0  3      -384.09444210     8.50e-03      0.00

      1  0      -384.56852438     3.90e-03      0.00
      1  1      -384.30775686     4.30e-03      0.00
      1  2      -384.27863557     7.85e-03      0.00
      1  3      -384.15161413     4.68e-03      0.00

      2  0      -384.57442511     9.93e-04      0.00
      2  1      -384.32957270     5.38e-03      0.00
      2  2      -384.31312646     3.19e-03      0.00
      2  3      -384.16382444     1.89e-03      0.00

      3  0      -384.57473229     1.69e-04      0.00
      3  1      -384.35051763     2.48e-03      0.00
      3  2      -384.31669285     7.58e-04      0.00
      3  3      -384.16581364     7.74e-04      0.00

      4  0      -384.57474030     3.34e-05      0.00
      4  1      -384.35313750     4.48e-04      0.00
      4  2      -384.31694492     2.22e-04      0.00
      4  3      -384.16721983     1.71e-03      0.00

      5  0      -384.57474068     7.40e-06      0.00
      5  1      -384.35322777     9.59e-05      0.00
      5  2      -384.31696914     5.58e-05      0.00
      5  3      -384.20605067     4.18e-03      0.00

      6  0      -384.57474070     1.72e-06      0.00
      6  1      -384.35323359     2.94e-05      0.00
      6  2      -384.31697141     2.46e-05      0.00
      6  3      -384.27109234     6.63e-03      0.00

      7  0      -384.57474070     3.52e-07      0.00
      7  1      -384.35323415     1.05e-05      0.00
      7  2      -384.31697217     1.72e-05      0.00
      7  3      -384.29968141     2.09e-03      0.00

      8  0      -384.57474070     6.32e-08      0.01
      8  1      -384.35323423     4.17e-06      0.00
      8  2      -384.31697241     6.21e-06      0.00
      8  3      -384.30268403     6.45e-04      0.00

      9  0      -384.57474070     8.76e-09      0.01
      9  1      -384.35323424     1.70e-06      0.00
      9  2      -384.31697243     2.42e-06      0.00
      9  3      -384.30296761     2.40e-04      0.00

     10  0      -384.57474070     1.46e-09      0.01
     10  1      -384.35323424     5.48e-07      0.00
     10  2      -384.31697244     1.17e-06      0.00
     10  3      -384.30303641     1.26e-04      0.00

     11  0      -384.57474070     2.07e-10      0.01
     11  1      -384.35323425     1.45e-07      0.00
     11  2      -384.31697244     3.63e-07      0.00
     11  3      -384.30304868     4.13e-05      0.00

     12  0 *    -384.57474070     3.35e-11      0.01
     12  1      -384.35323425     2.77e-08      0.00
     12  2      -384.31697244     8.01e-08      0.00
     12  3      -384.30304978     9.58e-06      0.00

     13  0 *    -384.57474070     3.03e-11      0.01
     13  1      -384.35323425     7.17e-09      0.00
     13  2      -384.31697244     2.32e-08      0.00
     13  3      -384.30304983     2.91e-06      0.00

     14  0 *    -384.57474070     2.98e-11      0.01
     14  1      -384.35323425     1.41e-09      0.00
     14  2      -384.31697244     5.71e-09      0.00
     14  3      -384.30304984     7.75e-07      0.00

     15  0 *    -384.57474070     2.96e-11      0.01
     15  1      -384.35323425     2.55e-10      0.00
     15  2      -384.31697244     1.07e-09      0.00
     15  3      -384.30304984     1.50e-07      0.00

     16  0 *    -384.57474070     2.74e-11      0.01
     16  1 *    -384.35323425     4.96e-11      0.00
     16  2      -384.31697244     2.22e-10      0.00
     16  3      -384.30304984     3.21e-08      0.00

     17  0 *    -384.57474070     2.70e-11      0.01
     17  1 *    -384.35323425     1.47e-11      0.00
     17  2 *    -384.31697244     4.14e-11      0.00
     17  3      -384.30304984     6.10e-09      0.00

     18  0 *    -384.57474070     2.68e-11      0.01
     18  1 *    -384.35323425     1.12e-11      0.00
     18  2 *    -384.31697244     8.91e-12      0.00
     18  3      -384.30304984     1.18e-09      0.00

     19  0 *    -384.57474070     2.67e-11      0.01
     19  1 *    -384.35323425     1.08e-11      0.00
     19  2 *    -384.31697244     3.93e-12      0.00
     19  3      -384.30304984     2.44e-10      0.00

     20  0 *    -384.57474070     2.67e-11      0.01
     20  1 *    -384.35323425     1.08e-11      0.00
     20  2 *    -384.31697244     3.82e-12      0.00
     20  3 *    -384.30304984     4.60e-11      0.00

     * ci vector, state   0, <S^2> = 0.0000
       222...    -0.8733321814
       22ab..     0.2422852555
       22ba..     0.2422852555
       2.2.2.     0.2047806712
       22.2..     0.1074543783
       b2aa.b    -0.0949176664
       a2bb.a    -0.0949176664
       .22..2     0.0848396488
       .222..     0.0634957171
       22...2     0.0601346204
       2.ab2.    -0.0571307766
       2.ba2.    -0.0571307766
       a2ab.b     0.0535587420
       b2ba.a     0.0535587420

     * ci vector, state   1, <S^2> = 0.0000
       a22b..     0.3996716899
       b22a..     0.3996716899
       22.2..     0.3755337996
       22a..b     0.3392810598
       22b..a     0.3392810598
       .222..    -0.2029246796
       22...2    -0.1807182258
       .22..2     0.1410414333
       a2ba.b     0.1367163522
       b2ab.a     0.1367163522
       222...    -0.1101772275
       b2a2..    -0.1077785800
       a2b2..    -0.1077785800
       a2bb.a     0.1059969710
       b2aa.b     0.1059969710
       a.2b2.     0.0941316752
       b.2a2.     0.0941316752
       2..22.    -0.0885076170
       b22..a     0.0849092187
       a22..b     0.0849092187
       22.b.a    -0.0830762666
       22.a.b    -0.0830762666
       22ba..    -0.0815892366
       22ab..    -0.0815892366
       2.a.2b     0.0799412345
       2.b.2a     0.0799412345
       a2.b.2     0.0598718759
       b2.a.2     0.0598718759
       .2a2.b     0.0534049216
       .2b2.a     0.0534049216

     * ci vector, state   2, <S^2> = -0.0000
       22ab..    -0.5960159505
       22ba..    -0.5960159505
       222...    -0.3649652830
       2.ab2.     0.1401550641
       2.ba2.     0.1401550641
       22.2..    -0.1015565057
       a2bb.a     0.0826326891
       b2aa.b     0.0826326891
       2.2.2.     0.0821440728
       .222..     0.0775669681
       a22b..    -0.0741374649
       b22a..    -0.0741374649
       a2b2..    -0.0718240882
       b2a2..    -0.0718240882
       22a..b    -0.0717055340
       22b..a    -0.0717055340
       .2ab.2     0.0672741106
       .2ba.2     0.0672741106
       a2ab.b    -0.0600637525
       b2ba.a    -0.0600637525
       22.a.b    -0.0581087370
       22.b.a    -0.0581087370
       22...2     0.0579324409

     * ci vector, state   3, <S^2> = 0.0000
       2baab.    -0.5358847661
       2abba.    -0.5358847661
       2bbaa.     0.2693087933
       2aabb.     0.2693087933
       2baba.    -0.2665759728
       2abab.    -0.2665759728
       ab2.ba     0.1178254670
       ba2.ab     0.1178254670
       .baab2     0.0731060819
       .abba2     0.0731060819
       ababba    -0.0616237502
       babaab    -0.0616237502
       bb2.aa    -0.0589402205
       aa2.bb    -0.0589402205
       ab2.ab     0.0588852465
       ba2.ba     0.0588852465
       baabab    -0.0579395972
       abbaba    -0.0579395972
       2a2b..    -0.0563739360
       2b2a..    -0.0563739360

    * METHOD: CASSCF                              44.16

  Number of auxiliary basis functions:      884

  Since a DF basis is specified, we compute 2- and 3-index integrals:
    o Being stored without compression. Storage requirement is 0.645 GB
       - 3-index ints prep                         0.00
       - 3-index ints                              0.20
       - 2-index ints                              0.03
       - computing inverse                         0.30
        elapsed time:        0.53 sec.


  Number of basis functions:      302
  Number of electrons      :       68


    * METHOD: MOLECULE                             0.77

  ---------------------------
      CASSCF calculation     
  ---------------------------

 
    ==== Active orbitals : ===== 
         Orbital 32
         Orbital 33
         Orbital 34
         Orbital 35
         Orbital 36
         Orbital 37
    ============================ 

    * nstate   :      4
    * nclosed  :     31
    * nact     :      6
    * nvirt    :    265
  === CASSCF iteration (/home/miaoxin/software/bagel-1.2.2/obj/share/aug-cc-pVDZ.json) ===

    * Using the second-order algorithm

      0  0      -386.53107303     2.43e-02      0.49
      0  1      -386.31331983     0.00e+00      0.49
      0  2      -386.27548655     0.00e+00      0.49
      0  3      -386.26466448     0.00e+00      0.49

         res : 7.53e-01   lamb: 1.00e+00   eps : -3.79e-01   step: 2.09e-01    0.27
         res : 3.06e-01   lamb: 1.00e+00   eps : -4.26e-01   step: 2.30e-01    0.27
         res : 1.70e-01   lamb: 1.00e+00   eps : -4.35e-01   step: 2.40e-01    0.28
         res : 8.06e-02   lamb: 1.00e+00   eps : -4.37e-01   step: 2.46e-01    0.24
         res : 4.08e-02   lamb: 1.00e+00   eps : -4.38e-01   step: 2.49e-01    0.27
         res : 2.62e-02   lamb: 1.00e+00   eps : -4.38e-01   step: 2.50e-01    0.24
         res : 1.41e-02   lamb: 1.00e+00   eps : -4.38e-01   step: 2.51e-01    0.24
         res : 6.97e-03   lamb: 1.00e+00   eps : -4.38e-01   step: 2.51e-01    0.24
         res : 4.14e-03   lamb: 1.00e+00   eps : -4.38e-01   step: 2.51e-01    0.28
         res : 2.24e-03   lamb: 1.00e+00   eps : -4.38e-01   step: 2.51e-01    0.29
         res : 1.15e-03   lamb: 1.00e+00   eps : -4.38e-01   step: 2.51e-01    0.25
         res : 7.14e-04   lamb: 1.00e+00   eps : -4.38e-01   step: 2.51e-01    0.28
         res : 4.01e-04   lamb: 1.00e+00   eps : -4.38e-01   step: 2.51e-01    0.26
         res : 2.11e-04   lamb: 1.00e+00   eps : -4.38e-01   step: 2.51e-01    0.24
         res : 1.32e-04   lamb: 1.00e+00   eps : -4.38e-01   step: 2.51e-01    0.24
         res : 7.56e-05   lamb: 1.00e+00   eps : -4.38e-01   step: 2.51e-01    0.26
         res : 4.13e-05   lamb: 1.00e+00   eps : -4.38e-01   step: 2.51e-01    0.33
         res : 2.55e-05   lamb: 1.00e+00   eps : -4.38e-01   step: 2.51e-01    0.29
         res : 1.33e-05   lamb: 1.00e+00   eps : -4.38e-01   step: 2.51e-01    0.25

      1  0      -386.76113448     1.15e-03      7.49
      1  1      -386.54627207     0.00e+00      7.49
      1  2      -386.51460155     0.00e+00      7.49
      1  3      -386.49481870     0.00e+00      7.49

         res : 7.11e-02   lamb: 1.00e+00   eps : -4.43e-03   step: 6.63e-02    0.25
         res : 4.86e-02   lamb: 1.00e+00   eps : -5.83e-03   step: 9.14e-02    0.24
         res : 3.30e-02   lamb: 1.00e+00   eps : -6.40e-03   step: 1.05e-01    0.25
         res : 2.62e-02   lamb: 1.00e+00   eps : -6.71e-03   step: 1.13e-01    0.27
         res : 2.09e-02   lamb: 1.00e+00   eps : -6.91e-03   step: 1.20e-01    0.29
         res : 1.57e-02   lamb: 1.00e+00   eps : -7.03e-03   step: 1.24e-01    0.24
         res : 1.23e-02   lamb: 1.00e+00   eps : -7.10e-03   step: 1.28e-01    0.27
         res : 8.95e-03   lamb: 1.00e+00   eps : -7.14e-03   step: 1.30e-01    0.24
         res : 6.29e-03   lamb: 1.00e+00   eps : -7.16e-03   step: 1.31e-01    0.24
         res : 4.45e-03   lamb: 1.00e+00   eps : -7.17e-03   step: 1.32e-01    0.24
         res : 3.45e-03   lamb: 1.00e+00   eps : -7.17e-03   step: 1.32e-01    0.27
         res : 2.65e-03   lamb: 1.00e+00   eps : -7.18e-03   step: 1.32e-01    0.29
         res : 2.07e-03   lamb: 1.00e+00   eps : -7.18e-03   step: 1.33e-01    0.26
         res : 1.54e-03   lamb: 1.00e+00   eps : -7.18e-03   step: 1.33e-01    0.30
         res : 1.09e-03   lamb: 1.00e+00   eps : -7.18e-03   step: 1.33e-01    0.26
         res : 7.89e-04   lamb: 1.00e+00   eps : -7.18e-03   step: 1.33e-01    0.24
         res : 5.30e-04   lamb: 1.00e+00   eps : -7.18e-03   step: 1.33e-01    0.24
         res : 3.52e-04   lamb: 1.00e+00   eps : -7.18e-03   step: 1.33e-01    0.26
         res : 2.34e-04   lamb: 1.00e+00   eps : -7.18e-03   step: 1.33e-01    0.29
         res : 1.61e-04   lamb: 1.00e+00   eps : -7.18e-03   step: 1.33e-01    0.27
         res : 1.14e-04   lamb: 1.00e+00   eps : -7.18e-03   step: 1.33e-01    0.25
         res : 7.60e-05   lamb: 1.00e+00   eps : -7.18e-03   step: 1.33e-01    0.29
         res : 5.00e-05   lamb: 1.00e+00   eps : -7.18e-03   step: 1.33e-01    0.25
         res : 3.53e-05   lamb: 1.00e+00   eps : -7.18e-03   step: 1.33e-01    0.25
         res : 2.64e-05   lamb: 1.00e+00   eps : -7.18e-03   step: 1.33e-01    0.25
         res : 1.84e-05   lamb: 1.00e+00   eps : -7.18e-03   step: 1.33e-01    0.30
         res : 1.22e-05   lamb: 1.00e+00   eps : -7.18e-03   step: 1.33e-01    0.28

      2  0      -386.76115638     6.13e-05      9.64
      2  1      -386.54968152     0.00e+00      9.64
      2  2      -386.52281992     0.00e+00      9.64
      2  3      -386.49793785     0.00e+00      9.64

         res : 3.56e-03   lamb: 1.00e+00   eps : -1.66e-05   step: 5.25e-03    0.26
         res : 2.36e-03   lamb: 1.00e+00   eps : -2.22e-05   step: 8.16e-03    0.24
         res : 1.91e-03   lamb: 1.00e+00   eps : -2.41e-05   step: 9.14e-03    0.24
         res : 1.67e-03   lamb: 1.00e+00   eps : -2.56e-05   step: 9.86e-03    0.26
         res : 1.32e-03   lamb: 1.00e+00   eps : -2.67e-05   step: 1.04e-02    0.33
         res : 1.03e-03   lamb: 1.00e+00   eps : -2.73e-05   step: 1.10e-02    0.27
         res : 6.91e-04   lamb: 1.00e+00   eps : -2.77e-05   step: 1.13e-02    0.25
         res : 5.16e-04   lamb: 1.00e+00   eps : -2.79e-05   step: 1.15e-02    0.28
         res : 3.88e-04   lamb: 1.00e+00   eps : -2.80e-05   step: 1.15e-02    0.26
         res : 2.97e-04   lamb: 1.00e+00   eps : -2.80e-05   step: 1.15e-02    0.24
         res : 2.24e-04   lamb: 1.00e+00   eps : -2.80e-05   step: 1.15e-02    0.24
         res : 1.70e-04   lamb: 1.00e+00   eps : -2.81e-05   step: 1.15e-02    0.30
         res : 1.30e-04   lamb: 1.00e+00   eps : -2.81e-05   step: 1.15e-02    0.29
         res : 9.91e-05   lamb: 1.00e+00   eps : -2.81e-05   step: 1.15e-02    0.26
         res : 6.93e-05   lamb: 1.00e+00   eps : -2.81e-05   step: 1.15e-02    0.27
         res : 5.11e-05   lamb: 1.00e+00   eps : -2.81e-05   step: 1.15e-02    0.26
         res : 3.63e-05   lamb: 1.00e+00   eps : -2.81e-05   step: 1.15e-02    0.25
         res : 2.57e-05   lamb: 1.00e+00   eps : -2.81e-05   step: 1.16e-02    0.24
         res : 1.80e-05   lamb: 1.00e+00   eps : -2.81e-05   step: 1.16e-02    0.26
         res : 1.28e-05   lamb: 1.00e+00   eps : -2.81e-05   step: 1.16e-02    0.30
         res : 8.48e-06   lamb: 1.00e+00   eps : -2.81e-05   step: 1.16e-02    0.27
         res : 5.64e-06   lamb: 1.00e+00   eps : -2.81e-05   step: 1.16e-02    0.25
         res : 3.72e-06   lamb: 1.00e+00   eps : -2.81e-05   step: 1.16e-02    0.28
         res : 2.57e-06   lamb: 1.00e+00   eps : -2.81e-05   step: 1.16e-02    0.24
         res : 1.92e-06   lamb: 1.00e+00   eps : -2.81e-05   step: 1.16e-02    0.25
         res : 1.44e-06   lamb: 1.00e+00   eps : -2.81e-05   step: 1.16e-02    0.25
         res : 1.05e-06   lamb: 1.00e+00   eps : -2.81e-05   step: 1.16e-02    0.28

      3  0      -386.76093134     1.38e-05      9.71
      3  1      -386.54964503     0.00e+00      9.71
      3  2      -386.52337101     0.00e+00      9.71
      3  3      -386.49771279     0.00e+00      9.71

         res : 7.50e-04   lamb: 1.00e+00   eps : -8.81e-07   step: 1.16e-03    0.27
         res : 3.51e-04   lamb: 1.00e+00   eps : -1.08e-06   step: 1.70e-03    0.27
         res : 2.31e-04   lamb: 1.00e+00   eps : -1.12e-06   step: 1.79e-03    0.25
         res : 1.64e-04   lamb: 1.00e+00   eps : -1.14e-06   step: 1.82e-03    0.24
         res : 1.40e-04   lamb: 1.00e+00   eps : -1.15e-06   step: 1.85e-03    0.26
         res : 1.20e-04   lamb: 1.00e+00   eps : -1.16e-06   step: 1.89e-03    0.29
         res : 8.48e-05   lamb: 1.00e+00   eps : -1.16e-06   step: 1.91e-03    0.29
         res : 6.33e-05   lamb: 1.00e+00   eps : -1.16e-06   step: 1.93e-03    0.24
         res : 4.63e-05   lamb: 1.00e+00   eps : -1.17e-06   step: 1.93e-03    0.24
         res : 3.40e-05   lamb: 1.00e+00   eps : -1.17e-06   step: 1.94e-03    0.26
         res : 2.60e-05   lamb: 1.00e+00   eps : -1.17e-06   step: 1.94e-03    0.24
         res : 2.10e-05   lamb: 1.00e+00   eps : -1.17e-06   step: 1.94e-03    0.24
         res : 1.62e-05   lamb: 1.00e+00   eps : -1.17e-06   step: 1.94e-03    0.25
         res : 1.14e-05   lamb: 1.00e+00   eps : -1.17e-06   step: 1.94e-03    0.30
         res : 8.67e-06   lamb: 1.00e+00   eps : -1.17e-06   step: 1.94e-03    0.27
         res : 6.70e-06   lamb: 1.00e+00   eps : -1.17e-06   step: 1.94e-03    0.24
         res : 5.24e-06   lamb: 1.00e+00   eps : -1.17e-06   step: 1.94e-03    0.28
         res : 3.84e-06   lamb: 1.00e+00   eps : -1.17e-06   step: 1.94e-03    0.26
         res : 2.62e-06   lamb: 1.00e+00   eps : -1.17e-06   step: 1.94e-03    0.24
         res : 1.65e-06   lamb: 1.00e+00   eps : -1.17e-06   step: 1.94e-03    0.24
         res : 1.09e-06   lamb: 1.00e+00   eps : -1.17e-06   step: 1.94e-03    0.28
         res : 7.75e-07   lamb: 1.00e+00   eps : -1.17e-06   step: 1.94e-03    0.31
         res : 5.27e-07   lamb: 1.00e+00   eps : -1.17e-06   step: 1.94e-03    0.25
         res : 3.60e-07   lamb: 1.00e+00   eps : -1.17e-06   step: 1.94e-03    0.27
         res : 2.45e-07   lamb: 1.00e+00   eps : -1.17e-06   step: 1.94e-03    0.26
         res : 1.69e-07   lamb: 1.00e+00   eps : -1.17e-06   step: 1.94e-03    0.25

      4  0      -386.76089314     5.77e-06      9.35
      4  1      -386.54962685     0.00e+00      9.35
      4  2      -386.52349341     0.00e+00      9.35
      4  3      -386.49764988     0.00e+00      9.35

         res : 2.52e-04   lamb: 1.00e+00   eps : -1.15e-07   step: 3.46e-04    0.31
         res : 1.22e-04   lamb: 1.00e+00   eps : -1.37e-07   step: 5.10e-04    0.29
         res : 7.13e-05   lamb: 1.00e+00   eps : -1.41e-07   step: 5.41e-04    0.24
         res : 4.58e-05   lamb: 1.00e+00   eps : -1.43e-07   step: 5.50e-04    0.26
         res : 3.48e-05   lamb: 1.00e+00   eps : -1.43e-07   step: 5.55e-04    0.27
         res : 2.90e-05   lamb: 1.00e+00   eps : -1.44e-07   step: 5.60e-04    0.24
         res : 2.23e-05   lamb: 1.00e+00   eps : -1.44e-07   step: 5.64e-04    0.24
         res : 1.73e-05   lamb: 1.00e+00   eps : -1.44e-07   step: 5.66e-04    0.30
         res : 1.31e-05   lamb: 1.00e+00   eps : -1.44e-07   step: 5.67e-04    0.30
         res : 9.78e-06   lamb: 1.00e+00   eps : -1.44e-07   step: 5.68e-04    0.24
         res : 7.09e-06   lamb: 1.00e+00   eps : -1.44e-07   step: 5.69e-04    0.28
         res : 5.75e-06   lamb: 1.00e+00   eps : -1.44e-07   step: 5.70e-04    0.26
         res : 4.51e-06   lamb: 1.00e+00   eps : -1.44e-07   step: 5.70e-04    0.24
         res : 3.09e-06   lamb: 1.00e+00   eps : -1.44e-07   step: 5.70e-04    0.24
         res : 2.26e-06   lamb: 1.00e+00   eps : -1.44e-07   step: 5.70e-04    0.26
         res : 1.72e-06   lamb: 1.00e+00   eps : -1.44e-07   step: 5.70e-04    0.31
         res : 1.36e-06   lamb: 1.00e+00   eps : -1.44e-07   step: 5.70e-04    0.27
         res : 1.04e-06   lamb: 1.00e+00   eps : -1.44e-07   step: 5.70e-04    0.26
         res : 7.77e-07   lamb: 1.00e+00   eps : -1.44e-07   step: 5.70e-04    0.28
         res : 5.05e-07   lamb: 1.00e+00   eps : -1.44e-07   step: 5.70e-04    0.25
         res : 3.19e-07   lamb: 1.00e+00   eps : -1.44e-07   step: 5.70e-04    0.25
         res : 2.17e-07   lamb: 1.00e+00   eps : -1.44e-07   step: 5.70e-04    0.25
         res : 1.44e-07   lamb: 1.00e+00   eps : -1.44e-07   step: 5.70e-04    0.30
         res : 9.98e-08   lamb: 1.00e+00   eps : -1.44e-07   step: 5.70e-04    0.28
         res : 6.99e-08   lamb: 1.00e+00   eps : -1.44e-07   step: 5.70e-04    0.25
         res : 4.78e-08   lamb: 1.00e+00   eps : -1.44e-07   step: 5.70e-04    0.27

      5  0      -386.76088017     2.41e-06      9.44
      5  1      -386.54961873     0.00e+00      9.44
      5  2      -386.52353557     0.00e+00      9.44
      5  3      -386.49762920     0.00e+00      9.44

         res : 9.91e-05   lamb: 1.00e+00   eps : -1.87e-08   step: 1.32e-04    0.24
         res : 4.88e-05   lamb: 1.00e+00   eps : -2.21e-08   step: 1.92e-04    0.26
         res : 2.79e-05   lamb: 1.00e+00   eps : -2.27e-08   step: 2.04e-04    0.27
         res : 1.77e-05   lamb: 1.00e+00   eps : -2.29e-08   step: 2.08e-04    0.27
         res : 1.29e-05   lamb: 1.00e+00   eps : -2.30e-08   step: 2.10e-04    0.24
         res : 1.01e-05   lamb: 1.00e+00   eps : -2.30e-08   step: 2.11e-04    0.26
         res : 7.71e-06   lamb: 1.00e+00   eps : -2.31e-08   step: 2.12e-04    0.26
         res : 5.98e-06   lamb: 1.00e+00   eps : -2.31e-08   step: 2.12e-04    0.24
         res : 4.45e-06   lamb: 1.00e+00   eps : -2.31e-08   step: 2.12e-04    0.24
         res : 3.44e-06   lamb: 1.00e+00   eps : -2.31e-08   step: 2.13e-04    0.25
         res : 2.56e-06   lamb: 1.00e+00   eps : -2.31e-08   step: 2.13e-04    0.29
         res : 2.15e-06   lamb: 1.00e+00   eps : -2.31e-08   step: 2.13e-04    0.28
         res : 1.72e-06   lamb: 1.00e+00   eps : -2.31e-08   step: 2.13e-04    0.25
         res : 1.16e-06   lamb: 1.00e+00   eps : -2.31e-08   step: 2.13e-04    0.29
         res : 8.12e-07   lamb: 1.00e+00   eps : -2.31e-08   step: 2.13e-04    0.25
         res : 5.89e-07   lamb: 1.00e+00   eps : -2.31e-08   step: 2.13e-04    0.25
         res : 4.55e-07   lamb: 1.00e+00   eps : -2.31e-08   step: 2.13e-04    0.25
         res : 3.51e-07   lamb: 1.00e+00   eps : -2.31e-08   step: 2.13e-04    0.29
         res : 2.77e-07   lamb: 1.00e+00   eps : -2.31e-08   step: 2.13e-04    0.29
         res : 1.90e-07   lamb: 1.00e+00   eps : -2.31e-08   step: 2.13e-04    0.24
         res : 1.23e-07   lamb: 1.00e+00   eps : -2.31e-08   step: 2.13e-04    0.28
         res : 8.49e-08   lamb: 1.00e+00   eps : -2.31e-08   step: 2.13e-04    0.26
         res : 5.73e-08   lamb: 1.00e+00   eps : -2.31e-08   step: 2.13e-04    0.25
         res : 3.96e-08   lamb: 1.00e+00   eps : -2.31e-08   step: 2.13e-04    0.25
         res : 2.77e-08   lamb: 1.00e+00   eps : -2.31e-08   step: 2.13e-04    0.26
         res : 1.88e-08   lamb: 1.00e+00   eps : -2.31e-08   step: 2.13e-04    0.28

      6  0      -386.76087515     1.01e-06      9.36
      6  1      -386.54961545     0.00e+00      9.36
      6  2      -386.52355177     0.00e+00      9.36
      6  3      -386.49762138     0.00e+00      9.36

         res : 4.12e-05   lamb: 1.00e+00   eps : -3.26e-09   step: 5.47e-05    0.27
         res : 2.04e-05   lamb: 1.00e+00   eps : -3.84e-09   step: 7.94e-05    0.26
         res : 1.17e-05   lamb: 1.00e+00   eps : -3.94e-09   step: 8.44e-05    0.24
         res : 7.42e-06   lamb: 1.00e+00   eps : -3.97e-09   step: 8.59e-05    0.24
         res : 5.40e-06   lamb: 1.00e+00   eps : -3.99e-09   step: 8.66e-05    0.29
         res : 4.13e-06   lamb: 1.00e+00   eps : -4.00e-09   step: 8.71e-05    0.30
         res : 3.08e-06   lamb: 1.00e+00   eps : -4.00e-09   step: 8.74e-05    0.28
         res : 2.35e-06   lamb: 1.00e+00   eps : -4.00e-09   step: 8.75e-05    0.27
         res : 1.72e-06   lamb: 1.00e+00   eps : -4.01e-09   step: 8.76e-05    0.27
         res : 1.32e-06   lamb: 1.00e+00   eps : -4.01e-09   step: 8.77e-05    0.25
         res : 1.01e-06   lamb: 1.00e+00   eps : -4.01e-09   step: 8.78e-05    0.24
         res : 8.74e-07   lamb: 1.00e+00   eps : -4.01e-09   step: 8.79e-05    0.27
         res : 7.13e-07   lamb: 1.00e+00   eps : -4.01e-09   step: 8.79e-05    0.29
         res : 4.77e-07   lamb: 1.00e+00   eps : -4.01e-09   step: 8.79e-05    0.27
         res : 3.30e-07   lamb: 1.00e+00   eps : -4.01e-09   step: 8.80e-05    0.24
         res : 2.33e-07   lamb: 1.00e+00   eps : -4.01e-09   step: 8.80e-05    0.25
         res : 1.75e-07   lamb: 1.00e+00   eps : -4.01e-09   step: 8.80e-05    0.26
         res : 1.33e-07   lamb: 1.00e+00   eps : -4.01e-09   step: 8.80e-05    0.24
         res : 1.06e-07   lamb: 1.00e+00   eps : -4.01e-09   step: 8.80e-05    0.25
         res : 7.52e-08   lamb: 1.00e+00   eps : -4.01e-09   step: 8.80e-05    0.29
         res : 5.03e-08   lamb: 1.00e+00   eps : -4.01e-09   step: 8.80e-05    0.32
         res : 3.53e-08   lamb: 1.00e+00   eps : -4.01e-09   step: 8.80e-05    0.24
         res : 2.43e-08   lamb: 1.00e+00   eps : -4.01e-09   step: 8.80e-05    0.26
         res : 1.69e-08   lamb: 1.00e+00   eps : -4.01e-09   step: 8.80e-05    0.27
         res : 1.19e-08   lamb: 1.00e+00   eps : -4.01e-09   step: 8.80e-05    0.25
         res : 8.03e-09   lamb: 1.00e+00   eps : -4.01e-09   step: 8.80e-05    0.25

      7  0      -386.76087311     4.23e-07      9.45
      7  1      -386.54961416     0.00e+00      9.45
      7  2      -386.52355827     0.00e+00      9.45
      7  3      -386.49761821     0.00e+00      9.45

         res : 1.75e-05   lamb: 1.00e+00   eps : -5.79e-10   step: 2.32e-05    0.29
         res : 8.60e-06   lamb: 1.00e+00   eps : -6.83e-10   step: 3.36e-05    0.24
         res : 4.95e-06   lamb: 1.00e+00   eps : -7.00e-10   step: 3.58e-05    0.27
         res : 3.16e-06   lamb: 1.00e+00   eps : -7.07e-10   step: 3.64e-05    0.24
         res : 2.31e-06   lamb: 1.00e+00   eps : -7.10e-10   step: 3.67e-05    0.24
         res : 1.75e-06   lamb: 1.00e+00   eps : -7.11e-10   step: 3.69e-05    0.24
         res : 1.29e-06   lamb: 1.00e+00   eps : -7.12e-10   step: 3.71e-05    0.28
         res : 9.74e-07   lamb: 1.00e+00   eps : -7.13e-10   step: 3.71e-05    0.31
         res : 7.04e-07   lamb: 1.00e+00   eps : -7.13e-10   step: 3.71e-05    0.24
         res : 5.32e-07   lamb: 1.00e+00   eps : -7.13e-10   step: 3.71e-05    0.28
         res : 4.16e-07   lamb: 1.00e+00   eps : -7.13e-10   step: 3.72e-05    0.26
         res : 3.66e-07   lamb: 1.00e+00   eps : -7.13e-10   step: 3.72e-05    0.24
         res : 3.01e-07   lamb: 1.00e+00   eps : -7.13e-10   step: 3.72e-05    0.25
         res : 2.01e-07   lamb: 1.00e+00   eps : -7.13e-10   step: 3.72e-05    0.26
         res : 1.38e-07   lamb: 1.00e+00   eps : -7.13e-10   step: 3.73e-05    0.30
         res : 9.67e-08   lamb: 1.00e+00   eps : -7.13e-10   step: 3.73e-05    0.27
         res : 7.15e-08   lamb: 1.00e+00   eps : -7.13e-10   step: 3.73e-05    0.25
         res : 5.39e-08   lamb: 1.00e+00   eps : -7.13e-10   step: 3.73e-05    0.29
         res : 4.28e-08   lamb: 1.00e+00   eps : -7.13e-10   step: 3.73e-05    0.25
         res : 3.07e-08   lamb: 1.00e+00   eps : -7.13e-10   step: 3.73e-05    0.24
         res : 2.09e-08   lamb: 1.00e+00   eps : -7.13e-10   step: 3.73e-05    0.25
         res : 1.48e-08   lamb: 1.00e+00   eps : -7.13e-10   step: 3.73e-05    0.30
         res : 1.04e-08   lamb: 1.00e+00   eps : -7.13e-10   step: 3.73e-05    0.30
         res : 7.24e-09   lamb: 1.00e+00   eps : -7.13e-10   step: 3.73e-05    0.26
         res : 5.09e-09   lamb: 1.00e+00   eps : -7.13e-10   step: 3.73e-05    0.28
         res : 3.46e-09   lamb: 1.00e+00   eps : -7.13e-10   step: 3.73e-05    0.27

      8  0      -386.76087226     1.78e-07      9.54
      8  1      -386.54961365     0.00e+00      9.54
      8  2      -386.52356095     0.00e+00      9.54
      8  3      -386.49761689     0.00e+00      9.54

         res : 7.42e-06   lamb: 1.00e+00   eps : -1.04e-10   step: 9.89e-06    0.26
         res : 3.65e-06   lamb: 1.00e+00   eps : -1.22e-10   step: 1.43e-05    0.28
         res : 2.11e-06   lamb: 1.00e+00   eps : -1.26e-10   step: 1.52e-05    0.29
         res : 1.35e-06   lamb: 1.00e+00   eps : -1.27e-10   step: 1.55e-05    0.24
         res : 9.88e-07   lamb: 1.00e+00   eps : -1.27e-10   step: 1.56e-05    0.27
         res : 7.42e-07   lamb: 1.00e+00   eps : -1.28e-10   step: 1.57e-05    0.26
         res : 5.43e-07   lamb: 1.00e+00   eps : -1.28e-10   step: 1.58e-05    0.25
         res : 4.10e-07   lamb: 1.00e+00   eps : -1.28e-10   step: 1.58e-05    0.25
         res : 2.95e-07   lamb: 1.00e+00   eps : -1.28e-10   step: 1.58e-05    0.29
         res : 2.20e-07   lamb: 1.00e+00   eps : -1.28e-10   step: 1.58e-05    0.28
         res : 1.73e-07   lamb: 1.00e+00   eps : -1.28e-10   step: 1.58e-05    0.26
         res : 1.54e-07   lamb: 1.00e+00   eps : -1.28e-10   step: 1.59e-05    0.28
         res : 1.27e-07   lamb: 1.00e+00   eps : -1.28e-10   step: 1.59e-05    0.27
         res : 8.54e-08   lamb: 1.00e+00   eps : -1.28e-10   step: 1.59e-05    0.25
         res : 5.87e-08   lamb: 1.00e+00   eps : -1.28e-10   step: 1.59e-05    0.25
         res : 4.08e-08   lamb: 1.00e+00   eps : -1.28e-10   step: 1.59e-05    0.27
         res : 2.99e-08   lamb: 1.00e+00   eps : -1.28e-10   step: 1.59e-05    0.30
         res : 2.24e-08   lamb: 1.00e+00   eps : -1.28e-10   step: 1.59e-05    0.27
         res : 1.77e-08   lamb: 1.00e+00   eps : -1.28e-10   step: 1.59e-05    0.25
         res : 1.28e-08   lamb: 1.00e+00   eps : -1.28e-10   step: 1.59e-05    0.26
         res : 8.74e-09   lamb: 1.00e+00   eps : -1.28e-10   step: 1.59e-05    0.26
         res : 6.24e-09   lamb: 1.00e+00   eps : -1.28e-10   step: 1.59e-05    0.25
         res : 4.41e-09   lamb: 1.00e+00   eps : -1.28e-10   step: 1.59e-05    0.24

      9  0      -386.76087191     7.54e-08      8.58
      9  1      -386.54961344     0.00e+00      8.58
      9  2      -386.52356207     0.00e+00      8.58
      9  3      -386.49761633     0.00e+00      8.58

         res : 3.15e-06   lamb: 1.00e+00   eps : -1.87e-11   step: 4.22e-06    0.26
         res : 1.55e-06   lamb: 1.00e+00   eps : -2.20e-11   step: 6.11e-06    0.26
         res : 8.97e-07   lamb: 1.00e+00   eps : -2.26e-11   step: 6.49e-06    0.27
         res : 5.72e-07   lamb: 1.00e+00   eps : -2.28e-11   step: 6.61e-06    0.25
         res : 4.21e-07   lamb: 1.00e+00   eps : -2.29e-11   step: 6.66e-06    0.24
         res : 3.15e-07   lamb: 1.00e+00   eps : -2.30e-11   step: 6.71e-06    0.26
         res : 2.30e-07   lamb: 1.00e+00   eps : -2.30e-11   step: 6.73e-06    0.30
         res : 1.73e-07   lamb: 1.00e+00   eps : -2.30e-11   step: 6.74e-06    0.28
         res : 1.25e-07   lamb: 1.00e+00   eps : -2.30e-11   step: 6.74e-06    0.24
         res : 9.19e-08   lamb: 1.00e+00   eps : -2.30e-11   step: 6.74e-06    0.27
         res : 7.26e-08   lamb: 1.00e+00   eps : -2.30e-11   step: 6.75e-06    0.27
         res : 6.46e-08   lamb: 1.00e+00   eps : -2.30e-11   step: 6.76e-06    0.25
         res : 5.38e-08   lamb: 1.00e+00   eps : -2.30e-11   step: 6.76e-06    0.24
         res : 3.63e-08   lamb: 1.00e+00   eps : -2.30e-11   step: 6.76e-06    0.31
         res : 2.49e-08   lamb: 1.00e+00   eps : -2.30e-11   step: 6.76e-06    0.32
         res : 1.73e-08   lamb: 1.00e+00   eps : -2.30e-11   step: 6.77e-06    0.25
         res : 1.26e-08   lamb: 1.00e+00   eps : -2.30e-11   step: 6.77e-06    0.27
         res : 9.38e-09   lamb: 1.00e+00   eps : -2.30e-11   step: 6.77e-06    0.26
         res : 7.41e-09   lamb: 1.00e+00   eps : -2.30e-11   step: 6.77e-06    0.24
         res : 5.35e-09   lamb: 1.00e+00   eps : -2.30e-11   step: 6.77e-06    0.26
         res : 3.67e-09   lamb: 1.00e+00   eps : -2.30e-11   step: 6.77e-06    0.26

     10  0      -386.76087176     3.19e-08      8.16
     10  1      -386.54961336     0.00e+00      8.16
     10  2      -386.52356254     0.00e+00      8.16
     10  3      -386.49761610     0.00e+00      8.16

         res : 1.34e-06   lamb: 1.00e+00   eps : -3.36e-12   step: 1.79e-06    0.26
         res : 6.58e-07   lamb: 1.00e+00   eps : -3.97e-12   step: 2.60e-06    0.27
         res : 3.82e-07   lamb: 1.00e+00   eps : -4.08e-12   step: 2.76e-06    0.26
         res : 2.43e-07   lamb: 1.00e+00   eps : -4.11e-12   step: 2.81e-06    0.24
         res : 1.79e-07   lamb: 1.00e+00   eps : -4.13e-12   step: 2.84e-06    0.25
         res : 1.34e-07   lamb: 1.00e+00   eps : -4.14e-12   step: 2.86e-06    0.26
         res : 9.79e-08   lamb: 1.00e+00   eps : -4.15e-12   step: 2.87e-06    0.31
         res : 7.35e-08   lamb: 1.00e+00   eps : -4.15e-12   step: 2.87e-06    0.27
         res : 5.31e-08   lamb: 1.00e+00   eps : -4.15e-12   step: 2.87e-06    0.25
         res : 3.89e-08   lamb: 1.00e+00   eps : -4.15e-12   step: 2.87e-06    0.27
         res : 3.08e-08   lamb: 1.00e+00   eps : -4.15e-12   step: 2.88e-06    0.27
         res : 2.69e-08   lamb: 1.00e+00   eps : -4.15e-12   step: 2.88e-06    0.25
         res : 2.25e-08   lamb: 1.00e+00   eps : -4.15e-12   step: 2.88e-06    0.25
         res : 1.54e-08   lamb: 1.00e+00   eps : -4.15e-12   step: 2.88e-06    0.28
         res : 1.06e-08   lamb: 1.00e+00   eps : -4.15e-12   step: 2.88e-06    0.32
         res : 7.32e-09   lamb: 1.00e+00   eps : -4.15e-12   step: 2.88e-06    0.26
         res : 5.32e-09   lamb: 1.00e+00   eps : -4.15e-12   step: 2.88e-06    0.25
         res : 3.95e-09   lamb: 1.00e+00   eps : -4.15e-12   step: 2.88e-06    0.27

     11  0      -386.76087170     1.35e-08      7.26
     11  1      -386.54961332     0.00e+00      7.26
     11  2      -386.52356274     0.00e+00      7.26
     11  3      -386.49761600     0.00e+00      7.26

         res : 5.70e-07   lamb: 1.00e+00   eps : -6.06e-13   step: 7.64e-07    0.25
         res : 2.79e-07   lamb: 1.00e+00   eps : -7.16e-13   step: 1.11e-06    0.28
         res : 1.61e-07   lamb: 1.00e+00   eps : -7.35e-13   step: 1.18e-06    0.27
         res : 1.03e-07   lamb: 1.00e+00   eps : -7.42e-13   step: 1.20e-06    0.26
         res : 7.64e-08   lamb: 1.00e+00   eps : -7.45e-13   step: 1.21e-06    0.28
         res : 5.70e-08   lamb: 1.00e+00   eps : -7.47e-13   step: 1.22e-06    0.26
         res : 4.15e-08   lamb: 1.00e+00   eps : -7.48e-13   step: 1.22e-06    0.25
         res : 3.11e-08   lamb: 1.00e+00   eps : -7.48e-13   step: 1.22e-06    0.24
         res : 2.24e-08   lamb: 1.00e+00   eps : -7.48e-13   step: 1.22e-06    0.26
         res : 1.65e-08   lamb: 1.00e+00   eps : -7.49e-13   step: 1.22e-06    0.30
         res : 1.32e-08   lamb: 1.00e+00   eps : -7.49e-13   step: 1.22e-06    0.29
         res : 1.16e-08   lamb: 1.00e+00   eps : -7.49e-13   step: 1.22e-06    0.25
         res : 9.69e-09   lamb: 1.00e+00   eps : -7.49e-13   step: 1.23e-06    0.27
         res : 6.57e-09   lamb: 1.00e+00   eps : -7.49e-13   step: 1.23e-06    0.27
         res : 4.51e-09   lamb: 1.00e+00   eps : -7.49e-13   step: 1.23e-06    0.25

     12  0      -386.76087167     5.74e-09      6.32
     12  1      -386.54961331     0.00e+00      6.32
     12  2      -386.52356282     0.00e+00      6.32
     12  3      -386.49761595     0.00e+00      6.32

    * Second-order optimization converged. *   

    * Integral transformation done. Elapsed time: 0.35

     guess   0:   closed 111...               open ......              
     guess   1:   closed 11....               open ..11..              
     guess   2:   closed 1.1...               open .1..1.              
     guess   3:   closed .11...               open 1..1..              

  === FCI iteration ===

      0  0      -386.69784455     9.40e-03      0.00
      0  1      -386.46059898     9.14e-03      0.00
      0  2      -386.37766024     1.08e-02      0.00
      0  3      -386.30692998     7.92e-03      0.00

      1  0      -386.75545609     3.59e-03      0.00
      1  1      -386.51597385     4.02e-03      0.00
      1  2      -386.48467167     7.26e-03      0.00
      1  3      -386.35678628     4.18e-03      0.00

      2  0      -386.76061222     8.84e-04      0.00
      2  1      -386.53202159     4.20e-03      0.00
      2  2      -386.51837453     3.72e-03      0.00
      2  3      -386.36696818     1.70e-03      0.00

      3  0      -386.76086472     1.52e-04      0.00
      3  1      -386.54744012     2.15e-03      0.00
      3  2      -386.52324533     8.13e-04      0.00
      3  3      -386.36888876     8.48e-04      0.00

      4  0      -386.76087133     3.00e-05      0.00
      4  1      -386.54953726     3.88e-04      0.00
      4  2      -386.52353919     2.08e-04      0.00
      4  3      -386.37345015     4.05e-03      0.00

      5  0      -386.76087165     6.24e-06      0.00
      5  1      -386.54960797     8.28e-05      0.00
      5  2      -386.52356052     5.22e-05      0.00
      5  3      -386.40497717     3.10e-03      0.00

      6  0      -386.76087167     1.45e-06      0.00
      6  1      -386.54961272     2.73e-05      0.00
      6  2      -386.52356244     1.91e-05      0.00
      6  3      -386.46342785     6.84e-03      0.00

      7  0      -386.76087167     3.04e-07      0.00
      7  1      -386.54961323     9.90e-06      0.00
      7  2      -386.52356276     9.07e-06      0.00
      7  3      -386.49407707     2.14e-03      0.00

      8  0      -386.76087167     5.38e-08      0.01
      8  1      -386.54961330     3.43e-06      0.00
      8  2      -386.52356282     2.91e-06      0.00
      8  3      -386.49728104     6.65e-04      0.00

      9  0      -386.76087167     7.90e-09      0.01
      9  1      -386.54961330     1.34e-06      0.00
      9  2      -386.52356282     9.37e-07      0.00
      9  3      -386.49756581     2.01e-04      0.00

     10  0      -386.76087167     1.43e-09      0.01
     10  1      -386.54961331     4.91e-07      0.00
     10  2      -386.52356282     4.56e-07      0.00
     10  3      -386.49760831     9.90e-05      0.00

     11  0      -386.76087167     2.13e-10      0.01
     11  1      -386.54961331     1.16e-07      0.00
     11  2      -386.52356282     1.23e-07      0.00
     11  3      -386.49761544     2.86e-05      0.00

     12  0 *    -386.76087167     3.52e-11      0.01
     12  1      -386.54961331     2.00e-08      0.00
     12  2      -386.52356282     2.28e-08      0.00
     12  3      -386.49761593     6.32e-06      0.00

     13  0 *    -386.76087167     2.62e-11      0.01
     13  1      -386.54961331     4.53e-09      0.00
     13  2      -386.52356282     4.78e-09      0.00
     13  3      -386.49761595     1.44e-06      0.00

     14  0 *    -386.76087167     2.46e-11      0.01
     14  1      -386.54961331     7.87e-10      0.00
     14  2      -386.52356282     8.50e-10      0.00
     14  3      -386.49761595     3.13e-07      0.00

     15  0 *    -386.76087167     2.40e-11      0.01
     15  1      -386.54961331     1.46e-10      0.00
     15  2      -386.52356282     1.76e-10      0.00
     15  3      -386.49761595     6.18e-08      0.00

     16  0 *    -386.76087167     2.27e-11      0.01
     16  1 *    -386.54961331     2.91e-11      0.00
     16  2 *    -386.52356282     4.51e-11      0.00
     16  3      -386.49761595     1.62e-08      0.00

     17  0 *    -386.76087167     2.26e-11      0.01
     17  1 *    -386.54961331     2.39e-11      0.00
     17  2 *    -386.52356282     2.23e-11      0.00
     17  3      -386.49761595     3.51e-09      0.00

     18  0 *    -386.76087167     2.25e-11      0.01
     18  1 *    -386.54961331     2.34e-11      0.00
     18  2 *    -386.52356282     2.01e-11      0.00
     18  3      -386.49761595     7.18e-10      0.00

     19  0 *    -386.76087167     2.24e-11      0.01
     19  1 *    -386.54961331     2.31e-11      0.00
     19  2 *    -386.52356282     1.95e-11      0.00
     19  3      -386.49761595     1.47e-10      0.00

     20  0 *    -386.76087167     2.23e-11      0.01
     20  1 *    -386.54961331     2.30e-11      0.00
     20  2 *    -386.52356282     1.95e-11      0.00
     20  3 *    -386.49761595     2.73e-11      0.00

     * ci vector, state   0, <S^2> = 0.0000
       222...    -0.8857004156
       22ba..     0.2277758535
       22ab..     0.2277758535
       2.2.2.     0.1983755392
       22.2..     0.1091430479
       a2bb.a    -0.0899847934
       b2aa.b    -0.0899847934
       .22..2     0.0831408657
       .222..     0.0632872603
       22...2     0.0598065699
       b2ba.a     0.0532468154
       a2ab.b     0.0532468154
       2.ba2.    -0.0512523831
       2.ab2.    -0.0512523831

     * ci vector, state   1, <S^2> = -0.0000
       a22b..    -0.4091060105
       b22a..    -0.4091060105
       22.2..     0.3850139958
       22a..b    -0.3160077810
       22b..a    -0.3160077810
       .222..    -0.2018017119
       22...2    -0.1666316999
       a2ba.b     0.1339577667
       b2ab.a     0.1339577667
       .22..2     0.1329919914
       22ba..    -0.1319657196
       22ab..    -0.1319657196
       222...    -0.1214738272
       b2aa.b     0.1057238455
       a2bb.a     0.1057238455
       b2a2..     0.1026635381
       a2b2..     0.1026635381
       b.2a2.    -0.0920482550
       a.2b2.    -0.0920482550
       22.b.a     0.0894050177
       22.a.b     0.0894050177
       2..22.    -0.0865169306
       b22..a     0.0853129963
       a22..b     0.0853129963
       2.a.2b    -0.0711101957
       2.b.2a    -0.0711101957
       a2.b.2    -0.0585002100
       b2.a.2    -0.0585002100

     * ci vector, state   2, <S^2> = 0.0000
       22ab..     0.5973335889
       22ba..     0.5973335889
       222...     0.3342791538
       2.ab2.    -0.1340832384
       2.ba2.    -0.1340832384
       22.2..     0.1251489925
       a22b..    -0.1112651967
       b22a..    -0.1112651967
       22a..b    -0.0907235167
       22b..a    -0.0907235167
       .222..    -0.0886569315
       a2b2..    -0.0761423071
       b2a2..    -0.0761423071
       2.2.2.    -0.0723161795
       a2bb.a    -0.0697471250
       b2aa.b    -0.0697471250
       .2ab.2    -0.0645485572
       .2ba.2    -0.0645485572
       22...2    -0.0641127166
       a2ab.b     0.0590186688
       b2ba.a     0.0590186688

     * ci vector, state   3, <S^2> = -0.0000
       2baab.     0.5378672463
       2abba.     0.5378672463
       2bbaa.    -0.2703318522
       2aabb.    -0.2703318522
       2abab.     0.2675353941
       2baba.     0.2675353941
       ba2.ab    -0.1085294285
       ab2.ba    -0.1085294285
       .abba2    -0.0696791499
       .baab2    -0.0696791499
       2a2b..     0.0600866478
       2b2a..     0.0600866478
       baabab     0.0560416978
       abbaba     0.0560416978
       22a.b.     0.0559956318
       22b.a.     0.0559956318
       2ba2..     0.0544153876
       2ab2..     0.0544153875
       bb2.aa     0.0543004447
       aa2.bb     0.0543004447
       ba2.ba    -0.0542289839
       ab2.ab    -0.0542289839
       ababba     0.0534941354
       babaab     0.0534941354

    * METHOD: CASSCF                             106.06

  === SMITH program ===

    * freezing 10 orbitals
    * SS-SR internal contraction is used

    * Approximate memory requirement for SMITH calulation per MPI process:
      o Storage requirement for T-amplitude, lambda, and residual is 0.14 GB
      o Storage requirement for MO integrals is 0.02 GB
       - MO integral evaluation                    3.89

  ++ State-averaged Fock matrix over basis states ++

                         0                   1                   2                   3
     0       -1.6985808279       -0.0351014280        0.0706833364       -0.0013762600
     1       -0.0351014280       -1.2745743442        0.0725811739       -0.0009656212
     2        0.0706833364        0.0725811739       -1.4582580594        0.0015504961
     3       -0.0013762600       -0.0009656212        0.0015504961       -1.0599993389


  ++ Extended multi-state CASPT2 (XMS-CASPT2) rotation matrix ++

                         0                   1                   2                   3
     0       -0.9507928388       -0.3089286655        0.0235234315       -0.0016448119
     1       -0.1203063913        0.2981840929       -0.9468908650       -0.0032107081
     2        0.2855020958       -0.9031274869       -0.3206870740        0.0030160066
     3       -0.0028112514        0.0031731261       -0.0020343267        0.9999889448


  ++ Reference energies in XMS basis ++

                         0                   1                   2                   3
     0     -386.7384685292       -0.0687697661        0.0023401832       -0.0004541263
     1       -0.0687697661     -386.5485268326        0.0090796675       -0.0000133116
     2        0.0023401832        0.0090796675     -386.5470509540       -0.0001228004
     3       -0.0004541263       -0.0000133116       -0.0001228004     -386.4976174390

    * Calculating and saving rdm4f

    - linear dependency detected:    1 /   72    min eigenvalue:    -6.7276e-16    max eigenvalue:    -6.7276e-16
    - linear dependency detected:    1 /   72    min eigenvalue:     2.9482e-15    max eigenvalue:     2.9482e-15
    - linear dependency detected:    1 /   72    min eigenvalue:     6.0550e-16    max eigenvalue:     6.0550e-16
    - linear dependency detected:    1 /   72    min eigenvalue:     5.1214e-16    max eigenvalue:     5.1214e-16
    - linear dependency detected:   22 /  216    min eigenvalue:    -1.7037e-15    max eigenvalue:     8.7562e-10
    - linear dependency detected:   15 /  216    min eigenvalue:    -1.1835e-15    max eigenvalue:     9.6936e-10
    - linear dependency detected:   13 /  216    min eigenvalue:    -2.4957e-15    max eigenvalue:     5.4201e-10
    - linear dependency detected:   13 /  216    min eigenvalue:    -9.0759e-16    max eigenvalue:     6.9702e-10
    - linear dependency detected:   22 /  216    min eigenvalue:    -1.6018e-15    max eigenvalue:     8.5111e-10
    - linear dependency detected:   13 /  216    min eigenvalue:    -9.9386e-16    max eigenvalue:     5.2209e-10
    - linear dependency detected:   13 /  216    min eigenvalue:    -4.6785e-16    max eigenvalue:     9.6274e-10
    - linear dependency detected:   14 /  216    min eigenvalue:    -3.2356e-16    max eigenvalue:     9.2188e-10
       - RDM + denominator evaluation              1.63

    * Zeroth order energy : state  0       -1.7242510211
    * Zeroth order energy : state  1       -1.4580491881
    * Zeroth order energy : state  2       -1.2491230627
    * Zeroth order energy : state  3       -1.0599892984

    * CASPT2 iteration is performed using redundant basis

      ---- iteration ----

        0    -1.10805283     0.00102667      3.24
        1    -1.10860339     0.00006131      3.41
        2    -1.10860598     0.00000463      3.42
        3    -1.10860600     0.00000048      3.55

        0    -1.12895126     0.00098534      3.78
        1    -1.12958102     0.00006090      3.42
        2    -1.12958482     0.00000533      3.41
        3    -1.12958486     0.00000055      3.50

        0    -1.09465127     0.00088083      3.71
        1    -1.09514406     0.00005360      3.37
        2    -1.09514695     0.00000459      3.40
        3    -1.09514698     0.00000049      3.57

        0    -1.08483572     0.00086503      3.75
        1    -1.08531792     0.00006227      3.42
        2    -1.08532238     0.00000676      3.42
        3    -1.08532287     0.00000214      3.55
        4    -1.08532336     0.00000159      3.57
        5    -1.08532399     0.00000083      3.58

      -------------------

       - CASPT2 energy evaluation                 65.46

    * CASPT2 energy : state  0     -388.0151778564
        w/o shift correction       -387.8470745319
        reference weight              0.7483872355

    * CASPT2 energy : state  1     -387.8571042829
        w/o shift correction       -387.6781116928
        reference weight              0.7363850612

    * CASPT2 energy : state  2     -387.8114534244
        w/o shift correction       -387.6421979296
        reference weight              0.7470988343

    * CASPT2 energy : state  3     -387.7489807154
        w/o shift correction       -387.5829414281
        reference weight              0.7507064666


    * MS-CASPT2 Heff
           -388.0151778564       -0.0429851476       -0.0021064999       -0.0004345367
             -0.0429851476     -387.8571042829        0.0135133316        0.0000108384
             -0.0021064999        0.0135133316     -387.8114534244       -0.0002572611
             -0.0004345367        0.0000108384       -0.0002572611     -387.7489807154


    * MS-CASPT2 rotation matrix
             -0.9690135560       -0.2353135913        0.0750836074       -0.0016413082
             -0.2469292625        0.9154665986       -0.3177212344        0.0002518242
              0.0060336752       -0.3264118792       -0.9451998814       -0.0040080112
             -0.0015040983       -0.0019250393       -0.0035851602        0.9999905892


    * XMS-CASPT2 rotation matrix
              0.9977590841       -0.0667545583        0.0045357930       -0.0002563303
              0.0372397431        0.6103699137        0.7912401882        0.0008570212
             -0.0555862548       -0.7892953075        0.6114818786        0.0036052693
              0.0004242470        0.0023054269       -0.0028815237        0.9999931009

    * MS-CASPT2 energy : state  0     -388.0261191217
    * MS-CASPT2 energy : state  1     -387.8508735185
    * MS-CASPT2 energy : state  2     -387.8067446704
    * MS-CASPT2 energy : state  3     -387.7489789684



    * METHOD: SMITH                               90.20


  
  ===============================================================

