    * Using parallel algorithm in FCI.
    * Parallel algorithm will be used.
  ---------------------------
        FCI calculation      
  ---------------------------

 Constructing space of all determinants that can formed by removing 1 electron from 6 alpha and 6 beta electrons.

 Space is made up of 4 determinants.
  o forming links
    * Integral transformation done. Elapsed time: 0.09

       - jop, kop                                  0.00
       - denom                                     0.02
     guess   0:   closed 111111......         open ............        
     guess   1:   closed 11111.......         open .....11.....        

  === FCI iteration ===

      0  0      -386.59077878     3.75e-04      0.60
      0  1      -386.38915222     3.90e-04      0.00

      1  0      -386.70089585     1.78e-04      0.60
      1  1      -386.50986807     2.16e-04      0.00

      2  0      -386.71910174     7.92e-05      0.60
      2  1      -386.54039884     1.18e-04      0.00

      3  0      -386.72222255     3.34e-05      0.60
      3  1      -386.54849186     6.19e-05      0.00

      4  0      -386.72273643     1.37e-05      0.61
      4  1      -386.55067837     3.34e-05      0.00

      5  0      -386.72282192     6.10e-06      0.60
      5  1      -386.55135497     1.90e-05      0.00

      6  0      -386.72283771     2.79e-06      0.60
      6  1      -386.55157712     1.15e-05      0.00

      7  0      -386.72284086     1.17e-06      0.61
      7  1      -386.55166053     7.47e-06      0.00

      8  0      -386.72284142     5.07e-07      0.61
      8  1      -386.55170139     5.69e-06      0.00

      9  0      -386.72284153     2.35e-07      0.61
      9  1      -386.55172372     3.95e-06      0.00

     10  0      -386.72284155     1.04e-07      0.61
     10  1      -386.55173148     2.15e-06      0.00

     11  0      -386.72284155     4.27e-08      0.61
     11  1      -386.55173341     1.04e-06      0.00

     12  0      -386.72284155     1.79e-08      0.61
     12  1      -386.55173385     4.95e-07      0.00

     13  0      -386.72284155     8.07e-09      0.62
     13  1      -386.55173397     2.61e-07      0.00

     14  0      -386.72284155     3.68e-09      0.62
     14  1      -386.55173400     1.45e-07      0.00

     15  0      -386.72284155     1.60e-09      0.62
     15  1      -386.55173401     8.10e-08      0.00

     16  0      -386.72284155     6.49e-10      0.63
     16  1      -386.55173401     4.52e-08      0.00

     17  0      -386.72284155     2.56e-10      0.62
     17  1      -386.55173402     2.55e-08      0.00

     18  0      -386.72284155     1.03e-10      0.62
     18  1      -386.55173402     1.49e-08      0.00

     19  0 *    -386.72284155     4.23e-11      0.53
     19  1      -386.55173402     8.67e-09      0.00
    ** throwing out 1 trial vectors **

     20  0 *    -386.72284155     3.78e-11      0.33
     20  1      -386.55173402     4.93e-09      0.00
    ** throwing out 1 trial vectors **

     21  0 *    -386.72284155     3.72e-11      0.34
     21  1      -386.55173402     2.81e-09      0.00
    ** throwing out 1 trial vectors **

     22  0 *    -386.72284155     3.72e-11      0.34
     22  1      -386.55173402     1.58e-09      0.00
    ** throwing out 1 trial vectors **

     23  0 *    -386.72284155     3.72e-11      0.34
     23  1      -386.55173402     8.31e-10      0.00
    ** throwing out 1 trial vectors **

     24  0 *    -386.72284155     3.72e-11      0.33
     24  1      -386.55173402     4.21e-10      0.00
    ** throwing out 1 trial vectors **

     25  0 *    -386.72284155     3.72e-11      0.33
     25  1      -386.55173402     2.06e-10      0.00
    ** throwing out 1 trial vectors **

     26  0 *    -386.72284155     3.72e-11      0.33
     26  1      -386.55173402     1.00e-10      0.00
    ** throwing out 1 trial vectors **

     27  0 *    -386.72284155     3.71e-11      0.24
     27  1 *    -386.55173402     5.05e-11      0.00

     * ci vector   0, <S^2> = 0.0000, E =     -386.72284155
       222222......     0.9050705069
       222.22..2...    -0.1598114068
       2222.22.....    -0.1065024314
       22222..2....    -0.0754022606
       2222b2a.....     0.0623174663
       2222a2b.....     0.0623174663
       22222ab.....     0.0611993975
       22222ba.....     0.0611993975
       .22222.....2    -0.0569821658
       222.22.ba...     0.0554306595
       222.22.ab...     0.0554306595
       2222.2a..b..     0.0533114762
       2222.2b..a..     0.0533114762
       22222.2.....    -0.0525068433

     * ci vector   1, <S^2> = -0.0000, E =     -386.55173402
       22222ab.....     0.6019977896
       22222ba.....     0.6019977896
       2222b2.a....    -0.1398753108
       2222a2.b....    -0.1398753108
       222.2ab.2...    -0.1054134442
       222.2ba.2...    -0.1054134442
       222222......    -0.0973157919
       2222ab2.....    -0.0655137142
       2222ba2.....    -0.0655137142
       22a2b22.....     0.0637139465
       22b2a22.....     0.0637139465
       2222baa..b..     0.0624130738
       2222abb..a..     0.0624130738
       22b22aab....    -0.0605363466
       22a22bba....    -0.0605363466
       22222..a.b..    -0.0528194639
       22222..b.a..    -0.0528194639
       2b22a22.....    -0.0509726849
       2a22b22.....    -0.0509726849
       - FCI and RDMs                             16.28
    * Integral transformation done. Elapsed time: 0.08

       - jop, kop                                  0.00
       - denom                                     0.02
     guess   0:   closed 111111......         open ............        
     guess   1:   closed 11111.......         open .....11.....        

  === FCI iteration ===

      0  0      -386.66748120     3.76e-04      0.62
      0  1      -386.46185176     3.93e-04      0.00

      1  0      -386.77680736     1.78e-04      0.63
      1  1      -386.58416899     2.22e-04      0.00

      2  0      -386.79473565     7.88e-05      0.61
      2  1      -386.61633861     1.19e-04      0.00

      3  0      -386.79778312     3.33e-05      0.61
      3  1      -386.62447275     6.15e-05      0.00

      4  0      -386.79828978     1.34e-05      0.60
      4  1      -386.62659699     3.29e-05      0.00

      5  0      -386.79837133     5.67e-06      0.60
      5  1      -386.62721890     1.79e-05      0.00

      6  0      -386.79838480     2.48e-06      0.61
      6  1      -386.62739961     9.93e-06      0.00

      7  0      -386.79838728     1.03e-06      0.61
      7  1      -386.62745738     5.91e-06      0.00

      8  0      -386.79838773     4.33e-07      0.62
      8  1      -386.62748319     4.43e-06      0.00

      9  0      -386.79838781     1.87e-07      0.61
      9  1      -386.62749842     3.32e-06      0.00

     10  0      -386.79838782     7.62e-08      0.62
     10  1      -386.62750460     1.83e-06      0.00

     11  0      -386.79838782     2.94e-08      0.61
     11  1      -386.62750615     8.14e-07      0.00

     12  0      -386.79838782     1.22e-08      0.61
     12  1      -386.62750647     3.84e-07      0.00

     13  0      -386.79838782     5.30e-09      0.62
     13  1      -386.62750654     1.98e-07      0.00

     14  0      -386.79838782     2.31e-09      0.61
     14  1      -386.62750656     1.03e-07      0.00

     15  0      -386.79838782     9.47e-10      0.64
     15  1      -386.62750657     4.94e-08      0.00

     16  0      -386.79838782     3.72e-10      0.65
     16  1      -386.62750657     2.36e-08      0.00

     17  0      -386.79838782     1.46e-10      0.64
     17  1      -386.62750657     1.26e-08      0.00

     18  0 *    -386.79838782     5.90e-11      0.53
     18  1      -386.62750657     6.95e-09      0.00

     19  0 *    -386.79838782     5.77e-11      0.33
     19  1      -386.62750657     3.74e-09      0.00

     20  0 *    -386.79838782     5.74e-11      0.33
     20  1      -386.62750657     1.89e-09      0.00
    ** throwing out 1 trial vectors **

     21  0 *    -386.79838782     5.73e-11      0.33
     21  1      -386.62750657     9.73e-10      0.00
    ** throwing out 1 trial vectors **

     22  0 *    -386.79838782     5.72e-11      0.33
     22  1      -386.62750657     5.30e-10      0.00
    ** throwing out 1 trial vectors **

     23  0 *    -386.79838782     5.72e-11      0.33
     23  1      -386.62750657     3.00e-10      0.00
    ** throwing out 1 trial vectors **

     24  0 *    -386.79838782     5.72e-11      0.33
     24  1      -386.62750657     1.66e-10      0.00
    ** throwing out 1 trial vectors **

     25  0 *    -386.79838782     5.71e-11      0.23
     25  1 *    -386.62750657     8.68e-11      0.00

     * ci vector   0, <S^2> = 0.0000, E =     -386.79838782
       222222......     0.9048243946
       222.22..2...    -0.1807221507
       2222.22.....    -0.1095086419
       22222..2....    -0.0896847428
       22222ab.....     0.0771014982
       22222ba.....     0.0771014982
       .22222.....2    -0.0560357028
       2.2222....2.    -0.0557454558
       2222aabb....    -0.0555699440
       2222bbaa....    -0.0555699440
       22222.2.....    -0.0545828323
       22b22a.2....     0.0539331337
       22a22b.2....     0.0539331337
       2222a2b.....     0.0522463990
       2222b2a.....     0.0522463990
       2222.2b..a..    -0.0518663943
       2222.2a..b..    -0.0518663943

     * ci vector   1, <S^2> = -0.0000, E =     -386.62750657
       22222ab.....    -0.5983866162
       22222ba.....    -0.5983866162
       2222b2.a....     0.1511460746
       2222a2.b....     0.1511460746
       222.2ab.2...     0.1187586025
       222.2ba.2...     0.1187586025
       222222......     0.1186775643
       22a2b22.....     0.0736473909
       22b2a22.....     0.0736473909
       2222ab2.....     0.0709121065
       2222ba2.....     0.0709121065
       2222abb..a..     0.0668857722
       2222baa..b..     0.0668857722
       22222..a.b..    -0.0626897276
       22222..b.a..    -0.0626897276
       22b22aab....    -0.0596286986
       22a22bba....    -0.0596286986
       22222.ab....     0.0558676584
       22222.ba....     0.0558676584
       22a2b2ba....     0.0520806454
       22b2a2ab....     0.0520806454
       - FCI and RDMs                             15.41
    * Integral transformation done. Elapsed time: 0.08

       - jop, kop                                  0.00
       - denom                                     0.02
     guess   0:   closed 111111......         open ............        
     guess   1:   closed 11111.......         open .....11.....        

  === FCI iteration ===

      0  0      -386.66740330     3.77e-04      0.59
      0  1      -386.45996350     3.96e-04      0.00

      1  0      -386.77714938     1.79e-04      0.60
      1  1      -386.58318947     2.25e-04      0.00

      2  0      -386.79522026     7.93e-05      0.60
      2  1      -386.61637412     1.22e-04      0.00

      3  0      -386.79830002     3.35e-05      0.63
      3  1      -386.62480986     6.29e-05      0.00

      4  0      -386.79881388     1.35e-05      0.63
      4  1      -386.62703659     3.39e-05      0.00

      5  0      -386.79889606     5.67e-06      0.63
      5  1      -386.62769262     1.84e-05      0.00

      6  0      -386.79890955     2.46e-06      0.62
      6  1      -386.62788103     1.01e-05      0.00

      7  0      -386.79891201     1.03e-06      0.61
      7  1      -386.62793905     5.82e-06      0.00

      8  0      -386.79891246     4.36e-07      0.61
      8  1      -386.62796396     4.33e-06      0.00

      9  0      -386.79891255     1.89e-07      0.64
      9  1      -386.62797881     3.31e-06      0.00

     10  0      -386.79891256     7.65e-08      0.64
     10  1      -386.62798506     1.85e-06      0.00

     11  0      -386.79891256     2.90e-08      0.63
     11  1      -386.62798666     8.28e-07      0.00

     12  0      -386.79891256     1.17e-08      0.62
     12  1      -386.62798699     3.95e-07      0.00

     13  0      -386.79891256     4.97e-09      0.62
     13  1      -386.62798707     2.07e-07      0.00

     14  0      -386.79891256     2.17e-09      0.63
     14  1      -386.62798709     1.09e-07      0.00

     15  0      -386.79891256     8.92e-10      0.63
     15  1      -386.62798710     5.22e-08      0.00

     16  0      -386.79891256     3.50e-10      0.62
     16  1      -386.62798710     2.49e-08      0.00

     17  0      -386.79891256     1.37e-10      0.63
     17  1      -386.62798710     1.32e-08      0.00

     18  0 *    -386.79891256     5.54e-11      0.53
     18  1      -386.62798710     7.24e-09      0.00

     19  0 *    -386.79891256     5.54e-11      0.33
     19  1      -386.62798710     3.82e-09      0.00

     20  0 *    -386.79891256     5.53e-11      0.33
     20  1      -386.62798710     1.86e-09      0.00
    ** throwing out 1 trial vectors **

     21  0 *    -386.79891256     5.53e-11      0.33
     21  1      -386.62798710     9.30e-10      0.00
    ** throwing out 1 trial vectors **

     22  0 *    -386.79891256     5.53e-11      0.34
     22  1      -386.62798710     4.92e-10      0.00
    ** throwing out 1 trial vectors **

     23  0 *    -386.79891256     5.52e-11      0.34
     23  1      -386.62798710     2.69e-10      0.00
    ** throwing out 1 trial vectors **

     24  0 *    -386.79891256     5.52e-11      0.34
     24  1      -386.62798710     1.47e-10      0.00
    ** throwing out 1 trial vectors **

     25  0 *    -386.79891256     5.52e-11      0.24
     25  1 *    -386.62798710     7.86e-11      0.00

     * ci vector   0, <S^2> = 0.0000, E =     -386.79891256
       222222......    -0.9038079901
       222.22..2...     0.1849206633
       2222.22.....     0.1105774521
       22222..2....     0.0936252869
       22222ab.....     0.0825625593
       22222ba.....     0.0825625593
       2.2222....2.     0.0607531067
       .22222.....2     0.0576476391
       2222bbaa....    -0.0575802978
       2222aabb....    -0.0575802978
       22222.2.....     0.0554277951
       22a22b.2....    -0.0535922451
       22b22a.2....    -0.0535922451
       2222.2a..b..    -0.0500517812
       2222.2b..a..    -0.0500517812

     * ci vector   1, <S^2> = -0.0000, E =     -386.62798710
       22222ab.....    -0.5955793059
       22222ba.....    -0.5955793059
       2222b2.a....    -0.1579429579
       2222a2.b....    -0.1579429579
       222222......    -0.1260999634
       222.2ab.2...     0.1211103293
       222.2ba.2...     0.1211103293
       22a2b22.....    -0.0762054317
       22b2a22.....    -0.0762054317
       2222ab2.....    -0.0716590706
       2222ba2.....    -0.0716590706
       2222abb..a..     0.0671716526
       2222baa..b..     0.0671716526
       22222..a.b..     0.0659982070
       22222..b.a..     0.0659982070
       22b22aab....    -0.0581619208
       22a22bba....    -0.0581619208
       22222.ab....     0.0569680256
       22222.ba....     0.0569680256
       22a2b2ba....     0.0542045076
       22b2a2ab....     0.0542045076
       - FCI and RDMs                             15.48
    * Integral transformation done. Elapsed time: 0.08

       - jop, kop                                  0.00
       - denom                                     0.02
     guess   0:   closed 111111......         open ............        
     guess   1:   closed 11111.......         open .....11.....        

  === FCI iteration ===

      0  0      -386.66725696     3.77e-04      0.60
      0  1      -386.45868829     3.96e-04      0.00

      1  0      -386.77718843     1.79e-04      0.60
      1  1      -386.58240604     2.27e-04      0.00

      2  0      -386.79532280     7.95e-05      0.60
      2  1      -386.61613750     1.23e-04      0.00

      3  0      -386.79841511     3.36e-05      0.63
      3  1      -386.62471665     6.35e-05      0.00

      4  0      -386.79893123     1.35e-05      0.63
      4  1      -386.62699781     3.45e-05      0.00

      5  0      -386.79901341     5.65e-06      0.62
      5  1      -386.62767223     1.87e-05      0.00

      6  0      -386.79902685     2.43e-06      0.61
      6  1      -386.62786334     1.01e-05      0.00

      7  0      -386.79902929     1.02e-06      0.62
      7  1      -386.62792040     5.70e-06      0.00

      8  0      -386.79902974     4.37e-07      0.62
      8  1      -386.62794405     4.19e-06      0.00

      9  0      -386.79902982     1.89e-07      0.62
      9  1      -386.62795818     3.25e-06      0.00

     10  0      -386.79902983     7.62e-08      0.62
     10  1      -386.62796433     1.86e-06      0.00

     11  0      -386.79902984     2.85e-08      0.61
     11  1      -386.62796596     8.40e-07      0.00

     12  0      -386.79902984     1.13e-08      0.62
     12  1      -386.62796631     4.09e-07      0.00

     13  0      -386.79902984     4.60e-09      0.62
     13  1      -386.62796640     2.19e-07      0.00

     14  0      -386.79902984     1.97e-09      0.62
     14  1      -386.62796642     1.14e-07      0.00

     15  0      -386.79902984     8.20e-10      0.62
     15  1      -386.62796643     5.54e-08      0.00

     16  0      -386.79902984     3.25e-10      0.62
     16  1      -386.62796643     2.68e-08      0.00

     17  0      -386.79902984     1.27e-10      0.62
     17  1      -386.62796643     1.45e-08      0.00

     18  0 *    -386.79902984     5.11e-11      0.53
     18  1      -386.62796643     7.88e-09      0.00

     19  0 *    -386.79902984     5.06e-11      0.33
     19  1      -386.62796643     4.07e-09      0.00

     20  0 *    -386.79902984     5.06e-11      0.33
     20  1      -386.62796643     1.93e-09      0.00
    ** throwing out 1 trial vectors **

     21  0 *    -386.79902984     5.05e-11      0.33
     21  1      -386.62796643     9.41e-10      0.00
    ** throwing out 1 trial vectors **

     22  0 *    -386.79902984     5.05e-11      0.33
     22  1      -386.62796643     4.83e-10      0.00
    ** throwing out 1 trial vectors **

     23  0 *    -386.79902984     5.05e-11      0.33
     23  1      -386.62796643     2.54e-10      0.00
    ** throwing out 1 trial vectors **

     24  0 *    -386.79902984     5.05e-11      0.33
     24  1      -386.62796643     1.35e-10      0.00
    ** throwing out 1 trial vectors **

     25  0 *    -386.79902984     5.05e-11      0.23
     25  1 *    -386.62796643     7.26e-11      0.00

     * ci vector   0, <S^2> = -0.0000, E =     -386.79902984
       222222......     0.9032401866
       222.22..2...    -0.1869965167
       2222.22.....    -0.1114226119
       22222..2....    -0.0959389058
       22222ba.....     0.0852665498
       22222ab.....     0.0852665498
       2.2222....2.    -0.0643773615
       2222bbaa....    -0.0586526398
       2222aabb....    -0.0586526398
       .22222.....2    -0.0583094340
       22222.2.....    -0.0560656319
       22a22b.2....    -0.0530722648
       22b22a.2....    -0.0530722648

     * ci vector   1, <S^2> = 0.0000, E =     -386.62796643
       22222ab.....     0.5937948133
       22222ba.....     0.5937948133
       2222b2.a....    -0.1615849256
       2222a2.b....    -0.1615849256
       222222......    -0.1299310345
       222.2ab.2...    -0.1221930732
       222.2ba.2...    -0.1221930732
       22a2b22.....     0.0784882823
       22b2a22.....     0.0784882823
       2222ab2.....    -0.0720935161
       2222ba2.....    -0.0720935161
       22222..a.b..    -0.0679270547
       22222..b.a..    -0.0679270547
       2222abb..a..     0.0670512520
       2222baa..b..     0.0670512520
       22222.ab....    -0.0571760224
       22222.ba....    -0.0571760224
       22b22aab....    -0.0570409518
       22a22bba....    -0.0570409518
       22a2b2ba....     0.0554009461
       22b2a2ab....     0.0554009461
       - FCI and RDMs                             15.44
    * Integral transformation done. Elapsed time: 0.08

       - jop, kop                                  0.00
       - denom                                     0.02
     guess   0:   closed 111111......         open ............        
     guess   1:   closed 11111.......         open .....11.....        

  === FCI iteration ===

      0  0      -386.66717513     3.78e-04      0.60
      0  1      -386.45799118     3.97e-04      0.00

      1  0      -386.77720883     1.79e-04      0.60
      1  1      -386.58196095     2.28e-04      0.00

      2  0      -386.79537737     7.96e-05      0.61
      2  1      -386.61597237     1.23e-04      0.00

      3  0      -386.79847683     3.36e-05      0.61
      3  1      -386.62463139     6.39e-05      0.00

      4  0      -386.79899404     1.35e-05      0.61
      4  1      -386.62694671     3.48e-05      0.00

      5  0      -386.79907625     5.65e-06      0.61
      5  1      -386.62763361     1.89e-05      0.00

      6  0      -386.79908969     2.43e-06      0.61
      6  1      -386.62782725     1.01e-05      0.00

      7  0      -386.79909212     1.02e-06      0.61
      7  1      -386.62788437     5.67e-06      0.00

      8  0      -386.79909257     4.38e-07      0.62
      8  1      -386.62790768     4.14e-06      0.00

      9  0      -386.79909265     1.90e-07      0.62
      9  1      -386.62792160     3.24e-06      0.00

     10  0      -386.79909267     7.62e-08      0.62
     10  1      -386.62792775     1.86e-06      0.00

     11  0      -386.79909267     2.84e-08      0.62
     11  1      -386.62792939     8.47e-07      0.00

     12  0      -386.79909267     1.12e-08      0.63
     12  1      -386.62792975     4.16e-07      0.00

     13  0      -386.79909267     4.50e-09      0.62
     13  1      -386.62792984     2.24e-07      0.00

     14  0      -386.79909267     1.91e-09      0.63
     14  1      -386.62792987     1.17e-07      0.00

     15  0      -386.79909267     7.89e-10      0.62
     15  1      -386.62792987     5.67e-08      0.00

     16  0      -386.79909267     3.14e-10      0.63
     16  1      -386.62792988     2.77e-08      0.00

     17  0      -386.79909267     1.23e-10      0.62
     17  1      -386.62792988     1.52e-08      0.00

     18  0 *    -386.79909267     4.94e-11      0.54
     18  1      -386.62792988     8.22e-09      0.00

     19  0 *    -386.79909267     4.88e-11      0.33
     19  1      -386.62792988     4.21e-09      0.00

     20  0 *    -386.79909267     4.88e-11      0.33
     20  1      -386.62792988     1.99e-09      0.00
    ** throwing out 1 trial vectors **

     21  0 *    -386.79909267     4.87e-11      0.34
     21  1      -386.62792988     9.64e-10      0.00
    ** throwing out 1 trial vectors **

     22  0 *    -386.79909267     4.87e-11      0.34
     22  1      -386.62792988     4.89e-10      0.00
    ** throwing out 1 trial vectors **

     23  0 *    -386.79909267     4.86e-11      0.34
     23  1      -386.62792988     2.53e-10      0.00
    ** throwing out 1 trial vectors **

     24  0 *    -386.79909267     4.86e-11      0.34
     24  1      -386.62792988     1.32e-10      0.00
    ** throwing out 1 trial vectors **

     25  0 *    -386.79909267     4.86e-11      0.24
     25  1 *    -386.62792988     7.04e-11      0.00

     * ci vector   0, <S^2> = -0.0000, E =     -386.79909267
       222222......     0.9029704971
       222.22..2...    -0.1876582460
       2222.22.....    -0.1119588582
       22222..2....    -0.0969085618
       22222ba.....     0.0864437096
       22222ab.....     0.0864437096
       2.2222....2.    -0.0664485692
       2222bbaa....     0.0591450431
       2222aabb....     0.0591450431
       .22222.....2    -0.0586572911
       22222.2.....    -0.0564303650
       22a22b.2....    -0.0526666455
       22b22a.2....    -0.0526666455
       2222baba....     0.0503719049
       2222abab....     0.0503719049

     * ci vector   1, <S^2> = 0.0000, E =     -386.62792988
       22222ba.....    -0.5928005928
       22222ab.....    -0.5928005928
       2222a2.b....    -0.1635457052
       2222b2.a....    -0.1635457052
       222222......     0.1316043909
       222.2ba.2...     0.1224602195
       222.2ab.2...     0.1224602195
       22b2a22.....     0.0798503560
       22a2b22.....     0.0798503560
       2222ab2.....    -0.0720934052
       2222ba2.....    -0.0720934052
       22222..a.b..     0.0688218911
       22222..b.a..     0.0688218911
       2222abb..a..     0.0667606021
       2222baa..b..     0.0667606021
       22222.ba....     0.0571847284
       22222.ab....     0.0571847284
       22b22aab....     0.0565688370
       22a22bba....     0.0565688370
       22a2b2ba....     0.0559424801
       22b2a2ab....     0.0559424801
       - FCI and RDMs                             15.46
    * Integral transformation done. Elapsed time: 0.08

       - jop, kop                                  0.00
       - denom                                     0.02
     guess   0:   closed 111111......         open ............        
     guess   1:   closed 11111.......         open .....11.....        

  === FCI iteration ===

      0  0      -386.66712893     3.78e-04      0.60
      0  1      -386.45760018     3.97e-04      0.00

      1  0      -386.77721996     1.79e-04      0.61
      1  1      -386.58170482     2.28e-04      0.00

      2  0      -386.79540780     7.97e-05      0.61
      2  1      -386.61586970     1.23e-04      0.00

      3  0      -386.79851126     3.37e-05      0.61
      3  1      -386.62457456     6.41e-05      0.00

      4  0      -386.79902900     1.35e-05      0.61
      4  1      -386.62691052     3.50e-05      0.00

      5  0      -386.79911125     5.65e-06      0.61
      5  1      -386.62760508     1.90e-05      0.00

      6  0      -386.79912469     2.43e-06      0.61
      6  1      -386.62780041     1.02e-05      0.00

      7  0      -386.79912712     1.02e-06      0.62
      7  1      -386.62785771     5.67e-06      0.00

      8  0      -386.79912757     4.38e-07      0.62
      8  1      -386.62788092     4.13e-06      0.00

      9  0      -386.79912766     1.90e-07      0.62
      9  1      -386.62789477     3.24e-06      0.00

     10  0      -386.79912767     7.63e-08      0.62
     10  1      -386.62790094     1.87e-06      0.00

     11  0      -386.79912768     2.84e-08      0.62
     11  1      -386.62790259     8.51e-07      0.00

     12  0      -386.79912768     1.12e-08      0.62
     12  1      -386.62790295     4.19e-07      0.00

     13  0      -386.79912768     4.47e-09      0.63
     13  1      -386.62790305     2.27e-07      0.00

     14  0      -386.79912768     1.89e-09      0.63
     14  1      -386.62790308     1.18e-07      0.00

     15  0      -386.79912768     7.78e-10      0.63
     15  1      -386.62790308     5.72e-08      0.00

     16  0      -386.79912768     3.09e-10      0.63
     16  1      -386.62790308     2.81e-08      0.00

     17  0      -386.79912768     1.21e-10      0.63
     17  1      -386.62790308     1.55e-08      0.00

     18  0 *    -386.79912768     4.86e-11      0.54
     18  1      -386.62790308     8.36e-09      0.00

     19  0 *    -386.79912768     4.80e-11      0.33
     19  1      -386.62790308     4.27e-09      0.00

     20  0 *    -386.79912768     4.80e-11      0.33
     20  1      -386.62790308     2.02e-09      0.00
    ** throwing out 1 trial vectors **

     21  0 *    -386.79912768     4.79e-11      0.34
     21  1      -386.62790308     9.76e-10      0.00
    ** throwing out 1 trial vectors **

     22  0 *    -386.79912768     4.79e-11      0.33
     22  1      -386.62790308     4.94e-10      0.00
    ** throwing out 1 trial vectors **

     23  0 *    -386.79912768     4.79e-11      0.33
     23  1      -386.62790308     2.54e-10      0.00
    ** throwing out 1 trial vectors **

     24  0 *    -386.79912768     4.79e-11      0.34
     24  1      -386.62790308     1.31e-10      0.00
    ** throwing out 1 trial vectors **

     25  0 *    -386.79912768     4.79e-11      0.24
     25  1 *    -386.62790308     6.95e-11      0.00

     * ci vector   0, <S^2> = 0.0000, E =     -386.79912768
       222222......     0.9028348400
       222.22..2...    -0.1879236106
       2222.22.....    -0.1122998533
       22222..2....    -0.0973498276
       22222ba.....     0.0870188506
       22222ab.....     0.0870188506
       2.2222....2.    -0.0675704731
       2222bbaa....     0.0593939254
       2222aabb....     0.0593939254
       .22222.....2    -0.0588284464
       22222.2.....    -0.0566401098
       22b22a.2....     0.0524180305
       22a22b.2....     0.0524180305
       2222abab....     0.0507989426
       2222baba....     0.0507989426

     * ci vector   1, <S^2> = -0.0000, E =     -386.62790308
       22222ba.....    -0.5922422257
       22222ab.....    -0.5922422257
       2222a2.b....    -0.1646358345
       2222b2.a....    -0.1646358345
       222222......     0.1324285341
       222.2ba.2...     0.1225381298
       222.2ab.2...     0.1225381298
       22b2a22.....    -0.0806423853
       22a2b22.....    -0.0806423853
       2222ba2.....    -0.0720503138
       2222ab2.....    -0.0720503138
       22222..b.a..     0.0692538541
       22222..a.b..     0.0692538541
       2222baa..b..     0.0664945365
       2222abb..a..     0.0664945365
       22222.ba....     0.0571484657
       22222.ab....     0.0571484657
       22a22bba....    -0.0563997257
       22b22aab....    -0.0563997257
       22b2a2ab....    -0.0561951030
       22a2b2ba....    -0.0561951030
       - FCI and RDMs                             15.49
    * Integral transformation done. Elapsed time: 0.08

       - jop, kop                                  0.00
       - denom                                     0.02
     guess   0:   closed 111111......         open ............        
     guess   1:   closed 11111.......         open .....11.....        

  === FCI iteration ===

      0  0      -386.66710222     3.78e-04      0.60
      0  1      -386.45737538     3.97e-04      0.00

      1  0      -386.77722604     1.80e-04      0.61
      1  1      -386.58155535     2.28e-04      0.00

      2  0      -386.79542495     7.97e-05      0.61
      2  1      -386.61580769     1.24e-04      0.00

      3  0      -386.79853067     3.37e-05      0.61
      3  1      -386.62453941     6.43e-05      0.00

      4  0      -386.79904870     1.35e-05      0.61
      4  1      -386.62688775     3.51e-05      0.00

      5  0      -386.79913097     5.65e-06      0.61
      5  1      -386.62758690     1.91e-05      0.00

      6  0      -386.79914441     2.43e-06      0.61
      6  1      -386.62778327     1.02e-05      0.00

      7  0      -386.79914684     1.02e-06      0.62
      7  1      -386.62784072     5.67e-06      0.00

      8  0      -386.79914729     4.39e-07      0.62
      8  1      -386.62786390     4.12e-06      0.00

      9  0      -386.79914738     1.90e-07      0.62
      9  1      -386.62787773     3.24e-06      0.00

     10  0      -386.79914739     7.64e-08      0.62
     10  1      -386.62788391     1.87e-06      0.00

     11  0      -386.79914740     2.85e-08      0.62
     11  1      -386.62788558     8.53e-07      0.00

     12  0      -386.79914740     1.12e-08      0.62
     12  1      -386.62788594     4.21e-07      0.00

     13  0      -386.79914740     4.47e-09      0.63
     13  1      -386.62788604     2.28e-07      0.00

     14  0      -386.79914740     1.88e-09      0.62
     14  1      -386.62788606     1.19e-07      0.00

     15  0      -386.79914740     7.73e-10      0.62
     15  1      -386.62788607     5.75e-08      0.00

     16  0      -386.79914740     3.07e-10      0.63
     16  1      -386.62788607     2.83e-08      0.00

     17  0      -386.79914740     1.21e-10      0.63
     17  1      -386.62788607     1.56e-08      0.00

     18  0 *    -386.79914740     4.83e-11      0.53
     18  1      -386.62788607     8.42e-09      0.00

     19  0 *    -386.79914740     4.77e-11      0.33
     19  1      -386.62788607     4.30e-09      0.00

     20  0 *    -386.79914740     4.77e-11      0.33
     20  1      -386.62788607     2.03e-09      0.00
    ** throwing out 1 trial vectors **

     21  0 *    -386.79914740     4.76e-11      0.33
     21  1      -386.62788607     9.83e-10      0.00
    ** throwing out 1 trial vectors **

     22  0 *    -386.79914740     4.76e-11      0.34
     22  1      -386.62788607     4.96e-10      0.00
    ** throwing out 1 trial vectors **

     23  0 *    -386.79914740     4.75e-11      0.33
     23  1      -386.62788607     2.55e-10      0.00
    ** throwing out 1 trial vectors **

     24  0 *    -386.79914740     4.76e-11      0.33
     24  1      -386.62788607     1.31e-10      0.00
    ** throwing out 1 trial vectors **

     25  0 *    -386.79914740     4.75e-11      0.24
     25  1 *    -386.62788607     6.91e-11      0.00

     * ci vector   0, <S^2> = -0.0000, E =     -386.79914740
       222222......     0.9027628451
       222.22..2...    -0.1880456432
       2222.22.....    -0.1125128973
       22222..2....    -0.0975604139
       22222ab.....     0.0873201648
       22222ba.....     0.0873201648
       2.2222....2.    -0.0681916632
       2222aabb....     0.0595273959
       2222bbaa....     0.0595273959
       .22222.....2    -0.0589161124
       22222.2.....    -0.0567632464
       22b22a.2....     0.0522719523
       22a22b.2....     0.0522719523
       2222abab....     0.0510394949
       2222baba....     0.0510394949

     * ci vector   1, <S^2> = 0.0000, E =     -386.62788607
       22222ba.....     0.5919237656
       22222ab.....     0.5919237656
       2222a2.b....     0.1652563466
       2222b2.a....     0.1652563466
       222222......    -0.1328638921
       222.2ba.2...    -0.1225626784
       222.2ab.2...    -0.1225626784
       22b2a22.....     0.0811105930
       22a2b22.....     0.0811105930
       2222ba2.....     0.0720176667
       2222ab2.....     0.0720176667
       22222..b.a..    -0.0694698908
       22222..a.b..    -0.0694698908
       2222baa..b..    -0.0662941523
       2222abb..a..    -0.0662941523
       22222.ba....    -0.0571133823
       22222.ab....    -0.0571133823
       22a22bba....     0.0563527800
       22b22aab....     0.0563527800
       22b2a2ab....     0.0563162445
       22a2b2ba....     0.0563162445
       - FCI and RDMs                             15.45
    * Integral transformation done. Elapsed time: 0.08

       - jop, kop                                  0.00
       - denom                                     0.02
     guess   0:   closed 111111......         open ............        
     guess   1:   closed 11111.......         open .....11.....        

  === FCI iteration ===

      0  0      -386.66708663     3.78e-04      0.62
      0  1      -386.45724438     3.97e-04      0.00

      1  0      -386.77722940     1.80e-04      0.63
      1  1      -386.58146749     2.29e-04      0.00

      2  0      -386.79543471     7.97e-05      0.63
      2  1      -386.61577062     1.24e-04      0.00

      3  0      -386.79854171     3.37e-05      0.63
      3  1      -386.62451823     6.44e-05      0.00

      4  0      -386.79905990     1.35e-05      0.64
      4  1      -386.62687396     3.52e-05      0.00

      5  0      -386.79914218     5.65e-06      0.64
      5  1      -386.62757585     1.91e-05      0.00

      6  0      -386.79915563     2.43e-06      0.64
      6  1      -386.62777287     1.02e-05      0.00

      7  0      -386.79915806     1.02e-06      0.64
      7  1      -386.62783042     5.67e-06      0.00

      8  0      -386.79915851     4.39e-07      0.62
      8  1      -386.62785358     4.12e-06      0.00

      9  0      -386.79915859     1.90e-07      0.62
      9  1      -386.62786742     3.24e-06      0.00

     10  0      -386.79915861     7.64e-08      0.62
     10  1      -386.62787361     1.87e-06      0.00

     11  0      -386.79915861     2.85e-08      0.62
     11  1      -386.62787528     8.54e-07      0.00

     12  0      -386.79915861     1.12e-08      0.63
     12  1      -386.62787564     4.21e-07      0.00

     13  0      -386.79915861     4.47e-09      0.62
     13  1      -386.62787574     2.29e-07      0.00

     14  0      -386.79915861     1.88e-09      0.62
     14  1      -386.62787577     1.19e-07      0.00

     15  0      -386.79915861     7.72e-10      0.63
     15  1      -386.62787577     5.76e-08      0.00

     16  0      -386.79915861     3.06e-10      0.63
     16  1      -386.62787578     2.84e-08      0.00

     17  0      -386.79915861     1.20e-10      0.63
     17  1      -386.62787578     1.56e-08      0.00

     18  0 *    -386.79915861     4.81e-11      0.53
     18  1      -386.62787578     8.45e-09      0.00

     19  0 *    -386.79915861     4.75e-11      0.33
     19  1      -386.62787578     4.31e-09      0.00

     20  0 *    -386.79915861     4.75e-11      0.33
     20  1      -386.62787578     2.04e-09      0.00
    ** throwing out 1 trial vectors **

     21  0 *    -386.79915861     4.74e-11      0.33
     21  1      -386.62787578     9.87e-10      0.00
    ** throwing out 1 trial vectors **

     22  0 *    -386.79915861     4.74e-11      0.34
     22  1      -386.62787578     4.98e-10      0.00
    ** throwing out 1 trial vectors **

     23  0 *    -386.79915861     4.74e-11      0.33
     23  1      -386.62787578     2.55e-10      0.00
    ** throwing out 1 trial vectors **

     24  0 *    -386.79915861     4.74e-11      0.33
     24  1      -386.62787578     1.31e-10      0.00
    ** throwing out 1 trial vectors **

     25  0 *    -386.79915861     4.74e-11      0.23
     25  1 *    -386.62787578     6.88e-11      0.00

     * ci vector   0, <S^2> = -0.0000, E =     -386.79915861
       222222......     0.9027229813
       222.22..2...    -0.1881067398
       2222.22.....    -0.1126438370
       22222..2....    -0.0976644696
       22222ab.....     0.0874858807
       22222ba.....     0.0874858807
       2.2222....2.    -0.0685436245
       2222aabb....     0.0596016892
       2222bbaa....     0.0596016892
       .22222.....2    -0.0589629937
       22222.2.....    -0.0568362123
       22b22a.2....    -0.0521868427
       22a22b.2....    -0.0521868427
       2222abab....     0.0511777363
       2222baba....     0.0511777363

     * ci vector   1, <S^2> = 0.0000, E =     -386.62787578
       22222ab.....     0.5917398524
       22222ba.....     0.5917398524
       2222b2.a....     0.1656148706
       2222a2.b....     0.1656148706
       222222......    -0.1331045683
       222.2ab.2...    -0.1225705121
       222.2ba.2...    -0.1225705121
       22a2b22.....    -0.0813899176
       22b2a22.....    -0.0813899176
       2222ab2.....     0.0719971250
       2222ba2.....     0.0719971250
       22222..a.b..    -0.0695813909
       22222..b.a..    -0.0695813909
       2222abb..a..    -0.0661562299
       2222baa..b..    -0.0661562299
       22222.ab....    -0.0570878933
       22222.ba....    -0.0570878933
       22a2b2ba....    -0.0563761571
       22b2a2ab....    -0.0563761571
       22a22bba....    -0.0563494135
       22b22aab....    -0.0563494135
       - FCI and RDMs                             15.61
    * Integral transformation done. Elapsed time: 0.08

       - jop, kop                                  0.00
       - denom                                     0.02
     guess   0:   closed 111111......         open ............        
     guess   1:   closed 11111.......         open .....11.....        

  === FCI iteration ===

      0  0      -386.66707749     3.78e-04      0.62
      0  1      -386.45716751     3.97e-04      0.00

      1  0      -386.77723129     1.80e-04      0.63
      1  1      -386.58141568     2.29e-04      0.00

      2  0      -386.79544031     7.97e-05      0.63
      2  1      -386.61574857     1.24e-04      0.00

      3  0      -386.79854805     3.37e-05      0.63
      3  1      -386.62450561     6.44e-05      0.00

      4  0      -386.79906632     1.35e-05      0.63
      4  1      -386.62686576     3.52e-05      0.00

      5  0      -386.79914860     5.65e-06      0.63
      5  1      -386.62756928     1.91e-05      0.00

      6  0      -386.79916206     2.43e-06      0.64
      6  1      -386.62776667     1.02e-05      0.00

      7  0      -386.79916449     1.02e-06      0.64
      7  1      -386.62782429     5.67e-06      0.00

      8  0      -386.79916494     4.39e-07      0.64
      8  1      -386.62784746     4.12e-06      0.00

      9  0      -386.79916503     1.91e-07      0.62
      9  1      -386.62786129     3.24e-06      0.00

     10  0      -386.79916504     7.65e-08      0.62
     10  1      -386.62786749     1.87e-06      0.00

     11  0      -386.79916504     2.85e-08      0.63
     11  1      -386.62786916     8.55e-07      0.00

     12  0      -386.79916504     1.12e-08      0.62
     12  1      -386.62786952     4.22e-07      0.00

     13  0      -386.79916504     4.47e-09      0.62
     13  1      -386.62786962     2.29e-07      0.00

     14  0      -386.79916504     1.88e-09      0.62
     14  1      -386.62786965     1.19e-07      0.00

     15  0      -386.79916504     7.71e-10      0.62
     15  1      -386.62786966     5.77e-08      0.00

     16  0      -386.79916504     3.05e-10      0.62
     16  1      -386.62786966     2.84e-08      0.00

     17  0      -386.79916504     1.20e-10      0.62
     17  1      -386.62786966     1.57e-08      0.00

     18  0 *    -386.79916504     4.80e-11      0.53
     18  1      -386.62786966     8.46e-09      0.00

     19  0 *    -386.79916504     4.74e-11      0.32
     19  1      -386.62786966     4.32e-09      0.00

     20  0 *    -386.79916504     4.74e-11      0.33
     20  1      -386.62786966     2.04e-09      0.00
    ** throwing out 1 trial vectors **

     21  0 *    -386.79916504     4.73e-11      0.33
     21  1      -386.62786966     9.89e-10      0.00
    ** throwing out 1 trial vectors **

     22  0 *    -386.79916504     4.73e-11      0.34
     22  1      -386.62786966     4.99e-10      0.00
    ** throwing out 1 trial vectors **

     23  0 *    -386.79916504     4.73e-11      0.34
     23  1      -386.62786966     2.55e-10      0.00
    ** throwing out 1 trial vectors **

     24  0 *    -386.79916504     4.73e-11      0.34
     24  1      -386.62786966     1.31e-10      0.00
    ** throwing out 1 trial vectors **

     25  0 *    -386.79916504     4.73e-11      0.24
     25  1 *    -386.62786966     6.87e-11      0.00

     * ci vector   0, <S^2> = 0.0000, E =     -386.79916504
       222222......     0.9027002701
       222.22..2...    -0.1881390951
       2222.22.....    -0.1127233765
       22222..2....    -0.0977174744
       22222ba.....     0.0875799594
       22222ab.....     0.0875799594
       2.2222....2.    -0.0687462029
       2222bbaa....    -0.0596440095
       2222aabb....    -0.0596440095
       .22222.....2    -0.0589889094
       22222.2.....    -0.0568795691
       22a22b.2....     0.0521372452
       22b22a.2....     0.0521372452
       2222baba....    -0.0512581251
       2222abab....    -0.0512581251

     * ci vector   1, <S^2> = 0.0000, E =     -386.62786966
       22222ab.....     0.5916327274
       22222ba.....     0.5916327274
       2222b2.a....    -0.1658238762
       2222a2.b....    -0.1658238762
       222222......    -0.1332414772
       222.2ab.2...    -0.1225728997
       222.2ba.2...    -0.1225728997
       22a2b22.....    -0.0815569694
       22b2a22.....    -0.0815569694
       2222ba2.....    -0.0719847780
       2222ab2.....    -0.0719847780
       22222..a.b..    -0.0696405749
       22222..b.a..    -0.0696405749
       2222abb..a..     0.0660660733
       2222baa..b..     0.0660660733
       22222.ab....    -0.0570710600
       22222.ba....    -0.0570710600
       22a2b2ba....    -0.0564067110
       22b2a2ab....    -0.0564067110
       22b22aab....     0.0563583431
       22a22bba....     0.0563583431
       - FCI and RDMs                             15.62
    * Integral transformation done. Elapsed time: 0.08

       - jop, kop                                  0.00
       - denom                                     0.02
     guess   0:   closed 111111......         open ............        
     guess   1:   closed 11111.......         open .....11.....        

  === FCI iteration ===

      0  0      -386.66707212     3.78e-04      0.60
      0  1      -386.45712225     3.97e-04      0.00

      1  0      -386.77723236     1.80e-04      0.61
      1  1      -386.58138508     2.29e-04      0.00

      2  0      -386.79544354     7.97e-05      0.61
      2  1      -386.61573549     1.24e-04      0.00

      3  0      -386.79855170     3.37e-05      0.60
      3  1      -386.62449812     6.45e-05      0.00

      4  0      -386.79907003     1.35e-05      0.61
      4  1      -386.62686090     3.52e-05      0.00

      5  0      -386.79915232     5.65e-06      0.61
      5  1      -386.62756539     1.91e-05      0.00

      6  0      -386.79916577     2.43e-06      0.61
      6  1      -386.62776302     1.02e-05      0.00

      7  0      -386.79916820     1.02e-06      0.61
      7  1      -386.62782068     5.67e-06      0.00

      8  0      -386.79916866     4.39e-07      0.62
      8  1      -386.62784384     4.12e-06      0.00

      9  0      -386.79916874     1.91e-07      0.62
      9  1      -386.62785768     3.24e-06      0.00

     10  0      -386.79916875     7.65e-08      0.62
     10  1      -386.62786388     1.87e-06      0.00

     11  0      -386.79916876     2.85e-08      0.62
     11  1      -386.62786556     8.55e-07      0.00

     12  0      -386.79916876     1.12e-08      0.62
     12  1      -386.62786592     4.22e-07      0.00

     13  0      -386.79916876     4.47e-09      0.62
     13  1      -386.62786602     2.29e-07      0.00

     14  0      -386.79916876     1.88e-09      0.62
     14  1      -386.62786605     1.19e-07      0.00

     15  0      -386.79916876     7.71e-10      0.62
     15  1      -386.62786605     5.77e-08      0.00

     16  0      -386.79916876     3.05e-10      0.63
     16  1      -386.62786605     2.85e-08      0.00

     17  0      -386.79916876     1.20e-10      0.63
     17  1      -386.62786605     1.57e-08      0.00

     18  0 *    -386.79916876     4.80e-11      0.53
     18  1      -386.62786605     8.47e-09      0.00

     19  0 *    -386.79916876     4.74e-11      0.33
     19  1      -386.62786605     4.32e-09      0.00

     20  0 *    -386.79916876     4.74e-11      0.33
     20  1      -386.62786605     2.04e-09      0.00
    ** throwing out 1 trial vectors **

     21  0 *    -386.79916876     4.73e-11      0.34
     21  1      -386.62786605     9.91e-10      0.00
    ** throwing out 1 trial vectors **

     22  0 *    -386.79916876     4.73e-11      0.33
     22  1      -386.62786605     4.99e-10      0.00
    ** throwing out 1 trial vectors **

     23  0 *    -386.79916876     4.73e-11      0.33
     23  1      -386.62786605     2.55e-10      0.00
    ** throwing out 1 trial vectors **

     24  0 *    -386.79916876     4.73e-11      0.33
     24  1      -386.62786605     1.31e-10      0.00
    ** throwing out 1 trial vectors **

     25  0 *    -386.79916876     4.73e-11      0.23
     25  1 *    -386.62786605     6.87e-11      0.00

     * ci vector   0, <S^2> = -0.0000, E =     -386.79916876
       222222......     0.9026871058
       222.22..2...    -0.1881568877
       2222.22.....    -0.1127713073
       22222..2....    -0.0977452262
       22222ab.....     0.0876343982
       22222ba.....     0.0876343982
       2.2222....2.    -0.0688639595
       2222bbaa....    -0.0596684607
       2222aabb....    -0.0596684607
       .22222.....2    -0.0590035715
       22222.2.....    -0.0569053352
       22b22a.2....    -0.0521082740
       22a22b.2....    -0.0521082740
       2222baba....    -0.0513051912
       2222abab....    -0.0513051912

     * ci vector   1, <S^2> = 0.0000, E =     -386.62786605
       22222ba.....    -0.5915699873
       22222ab.....    -0.5915699873
       2222a2.b....     0.1659463654
       2222b2.a....     0.1659463654
       222222......     0.1333206997
       222.2ba.2...     0.1225735241
       222.2ab.2...     0.1225735241
       22b2a22.....    -0.0816568138
       22a2b22.....    -0.0816568138
       2222ab2.....     0.0719774611
       2222ba2.....     0.0719774611
       22222..b.a..     0.0696727551
       22222..a.b..     0.0696727551
       2222baa..b..    -0.0660090038
       2222abb..a..    -0.0660090038
       22222.ab....     0.0570604170
       22222.ba....     0.0570604170
       22b2a2ab....    -0.0564227461
       22a2b2ba....    -0.0564227461
       22a22bba....     0.0563684366
       22b22aab....     0.0563684366
       - FCI and RDMs                             15.44
    * Integral transformation done. Elapsed time: 0.08

       - jop, kop                                  0.00
       - denom                                     0.02
     guess   0:   closed 111111......         open ............        
     guess   1:   closed 11111.......         open .....11.....        

  === FCI iteration ===

      0  0      -386.66706896     3.78e-04      0.60
      0  1      -386.45709555     3.97e-04      0.00

      1  0      -386.77723297     1.80e-04      0.61
      1  1      -386.58136700     2.29e-04      0.00

      2  0      -386.79544542     7.97e-05      0.61
      2  1      -386.61572774     1.24e-04      0.00

      3  0      -386.79855383     3.37e-05      0.61
      3  1      -386.62449370     6.45e-05      0.00

      4  0      -386.79907218     1.35e-05      0.61
      4  1      -386.62685804     3.53e-05      0.00

      5  0      -386.79915447     5.65e-06      0.62
      5  1      -386.62756310     1.92e-05      0.00

      6  0      -386.79916793     2.43e-06      0.62
      6  1      -386.62776086     1.02e-05      0.00

      7  0      -386.79917036     1.02e-06      0.62
      7  1      -386.62781855     5.67e-06      0.00

      8  0      -386.79917081     4.40e-07      0.62
      8  1      -386.62784172     4.12e-06      0.00

      9  0      -386.79917090     1.91e-07      0.62
      9  1      -386.62785556     3.24e-06      0.00

     10  0      -386.79917091     7.65e-08      0.62
     10  1      -386.62786176     1.87e-06      0.00

     11  0      -386.79917091     2.85e-08      0.62
     11  1      -386.62786344     8.55e-07      0.00

     12  0      -386.79917091     1.12e-08      0.62
     12  1      -386.62786380     4.22e-07      0.00

     13  0      -386.79917091     4.47e-09      0.62
     13  1      -386.62786390     2.29e-07      0.00

     14  0      -386.79917091     1.88e-09      0.62
     14  1      -386.62786393     1.19e-07      0.00

     15  0      -386.79917091     7.70e-10      0.63
     15  1      -386.62786393     5.77e-08      0.00

     16  0      -386.79917091     3.05e-10      0.63
     16  1      -386.62786394     2.85e-08      0.00

     17  0      -386.79917091     1.20e-10      0.63
     17  1      -386.62786394     1.57e-08      0.00

     18  0 *    -386.79917091     4.79e-11      0.53
     18  1      -386.62786394     8.47e-09      0.00

     19  0 *    -386.79917091     4.74e-11      0.33
     19  1      -386.62786394     4.32e-09      0.00

     20  0 *    -386.79917091     4.74e-11      0.33
     20  1      -386.62786394     2.05e-09      0.00
    ** throwing out 1 trial vectors **

     21  0 *    -386.79917091     4.73e-11      0.34
     21  1      -386.62786394     9.91e-10      0.00
    ** throwing out 1 trial vectors **

     22  0 *    -386.79917091     4.73e-11      0.34
     22  1      -386.62786394     5.00e-10      0.00
    ** throwing out 1 trial vectors **

     23  0 *    -386.79917091     4.73e-11      0.33
     23  1      -386.62786394     2.55e-10      0.00
    ** throwing out 1 trial vectors **

     24  0 *    -386.79917091     4.73e-11      0.34
     24  1      -386.62786394     1.31e-10      0.00
    ** throwing out 1 trial vectors **

     25  0 *    -386.79917091     4.73e-11      0.24
     25  1 *    -386.62786394     6.87e-11      0.00

     * ci vector   0, <S^2> = -0.0000, E =     -386.79917091
       222222......    -0.9026794002
       222.22..2...     0.1881669201
       2222.22.....     0.1128000315
       22222..2....     0.0977601158
       22222ba.....    -0.0876662415
       22222ab.....    -0.0876662415
       2.2222....2.     0.0689328306
       2222bbaa....     0.0596827105
       2222aabb....     0.0596827105
       .22222.....2     0.0590119963
       22222.2.....     0.0569206366
       22a22b.2....     0.0520913074
       22b22a.2....     0.0520913074
       2222baba....     0.0513328555
       2222abab....     0.0513328555

     * ci vector   1, <S^2> = 0.0000, E =     -386.62786394
       22222ba.....    -0.5915331164
       22222ab.....    -0.5915331164
       2222a2.b....     0.1660183800
       2222b2.a....     0.1660183800
       222222......     0.1333669940
       222.2ba.2...     0.1225736095
       222.2ab.2...     0.1225736095
       22b2a22.....    -0.0817163895
       22a2b22.....    -0.0817163895
       2222ba2.....     0.0719731446
       2222ab2.....     0.0719731446
       22222..b.a..     0.0696906038
       22222..a.b..     0.0696906038
       2222baa..b..    -0.0659736288
       2222abb..a..    -0.0659736288
       22222.ba....     0.0570538447
       22222.ab....     0.0570538447
       22b2a2ab....    -0.0564313781
       22a2b2ba....    -0.0564313781
       22a22bba....     0.0563765059
       22b22aab....     0.0563765059
       - FCI and RDMs                             15.46
    * Integral transformation done. Elapsed time: 0.08

       - jop, kop                                  0.00
       - denom                                     0.02
     guess   0:   closed 111111......         open ............        
     guess   1:   closed 11111.......         open .....11.....        

  === FCI iteration ===

      0  0      -386.66706710     3.78e-04      0.60
      0  1      -386.45707978     3.97e-04      0.00

      1  0      -386.77723333     1.80e-04      0.60
      1  1      -386.58135631     2.29e-04      0.00

      2  0      -386.79544651     7.97e-05      0.61
      2  1      -386.61572315     1.24e-04      0.00

      3  0      -386.79855507     3.37e-05      0.61
      3  1      -386.62449108     6.45e-05      0.00

      4  0      -386.79907344     1.35e-05      0.61
      4  1      -386.62685635     3.53e-05      0.00

      5  0      -386.79915573     5.65e-06      0.61
      5  1      -386.62756176     1.92e-05      0.00

      6  0      -386.79916918     2.43e-06      0.62
      6  1      -386.62775960     1.02e-05      0.00

      7  0      -386.79917162     1.02e-06      0.61
      7  1      -386.62781730     5.67e-06      0.00

      8  0      -386.79917207     4.40e-07      0.62
      8  1      -386.62784047     4.12e-06      0.00

      9  0      -386.79917215     1.91e-07      0.62
      9  1      -386.62785431     3.24e-06      0.00

     10  0      -386.79917217     7.65e-08      0.62
     10  1      -386.62786052     1.87e-06      0.00

     11  0      -386.79917217     2.85e-08      0.62
     11  1      -386.62786219     8.56e-07      0.00

     12  0      -386.79917217     1.12e-08      0.62
     12  1      -386.62786256     4.22e-07      0.00

     13  0      -386.79917217     4.47e-09      0.63
     13  1      -386.62786265     2.29e-07      0.00

     14  0      -386.79917217     1.88e-09      0.62
     14  1      -386.62786268     1.19e-07      0.00

     15  0      -386.79917217     7.70e-10      0.63
     15  1      -386.62786269     5.77e-08      0.00

     16  0      -386.79917217     3.05e-10      0.63
     16  1      -386.62786269     2.85e-08      0.00

     17  0      -386.79917217     1.20e-10      0.63
     17  1      -386.62786269     1.57e-08      0.00

     18  0 *    -386.79917217     4.79e-11      0.53
     18  1      -386.62786269     8.47e-09      0.00

     19  0 *    -386.79917217     4.74e-11      0.33
     19  1      -386.62786269     4.33e-09      0.00

     20  0 *    -386.79917217     4.74e-11      0.33
     20  1      -386.62786269     2.05e-09      0.00
    ** throwing out 1 trial vectors **

     21  0 *    -386.79917217     4.73e-11      0.33
     21  1      -386.62786269     9.92e-10      0.00
    ** throwing out 1 trial vectors **

     22  0 *    -386.79917217     4.73e-11      0.33
     22  1      -386.62786269     5.00e-10      0.00
    ** throwing out 1 trial vectors **

     23  0 *    -386.79917217     4.72e-11      0.33
     23  1      -386.62786269     2.56e-10      0.00
    ** throwing out 1 trial vectors **

     24  0 *    -386.79917217     4.72e-11      0.33
     24  1      -386.62786269     1.31e-10      0.00
    ** throwing out 1 trial vectors **

     25  0 *    -386.79917217     4.72e-11      0.23
     25  1 *    -386.62786269     6.86e-11      0.00

     * ci vector   0, <S^2> = -0.0000, E =     -386.79917217
       222222......    -0.9026748658
       222.22..2...     0.1881726706
       2222.22.....     0.1128171792
       22222..2....     0.0977682745
       22222ab.....    -0.0876849768
       22222ba.....    -0.0876849768
       2.2222....2.     0.0689732644
       2222bbaa....    -0.0596910595
       2222aabb....    -0.0596910595
       .22222.....2     0.0590168865
       22222.2.....     0.0569297154
       22b22a.2....     0.0520813488
       22a22b.2....     0.0520813488
       2222abab....    -0.0513491530
       2222baba....    -0.0513491530

     * ci vector   1, <S^2> = -0.0000, E =     -386.62786269
       22222ba.....    -0.5915114022
       22222ab.....    -0.5915114022
       2222a2.b....    -0.1660608018
       2222b2.a....    -0.1660608018
       222222......     0.1333941952
       222.2ba.2...     0.1225735557
       222.2ab.2...     0.1225735557
       22b2a22.....     0.0817518721
       22a2b22.....     0.0817518721
       2222ba2.....    -0.0719706011
       2222ab2.....    -0.0719706011
       22222..b.a..     0.0697006619
       22222..a.b..     0.0697006619
       2222baa..b..     0.0659520090
       2222abb..a..     0.0659520090
       22222.ba....     0.0570498434
       22222.ab....     0.0570498434
       22b2a2ab....     0.0564361260
       22a2b2ba....     0.0564361260
       22a22bba....     0.0563821886
       22b22aab....     0.0563821886
       - FCI and RDMs                             15.42
    * Integral transformation done. Elapsed time: 0.08

       - jop, kop                                  0.00
       - denom                                     0.02
     guess   0:   closed 111111......         open ............        
     guess   1:   closed 11111.......         open .....11.....        

  === FCI iteration ===

      0  0      -386.66706600     3.78e-04      0.62
      0  1      -386.45707047     3.97e-04      0.00

      1  0      -386.77723353     1.80e-04      0.63
      1  1      -386.58134999     2.29e-04      0.00

      2  0      -386.79544715     7.97e-05      0.63
      2  1      -386.61572043     1.24e-04      0.00

      3  0      -386.79855580     3.37e-05      0.63
      3  1      -386.62448954     6.45e-05      0.00

      4  0      -386.79907417     1.35e-05      0.63
      4  1      -386.62685536     3.53e-05      0.00

      5  0      -386.79915646     5.65e-06      0.64
      5  1      -386.62756097     1.92e-05      0.00

      6  0      -386.79916992     2.43e-06      0.63
      6  1      -386.62775886     1.02e-05      0.00

      7  0      -386.79917236     1.02e-06      0.62
      7  1      -386.62781657     5.67e-06      0.00

      8  0      -386.79917281     4.40e-07      0.62
      8  1      -386.62783974     4.12e-06      0.00

      9  0      -386.79917289     1.91e-07      0.62
      9  1      -386.62785358     3.24e-06      0.00

     10  0      -386.79917291     7.65e-08      0.62
     10  1      -386.62785979     1.87e-06      0.00

     11  0      -386.79917291     2.85e-08      0.62
     11  1      -386.62786146     8.56e-07      0.00

     12  0      -386.79917291     1.12e-08      0.62
     12  1      -386.62786182     4.22e-07      0.00

     13  0      -386.79917291     4.47e-09      0.62
     13  1      -386.62786192     2.30e-07      0.00

     14  0      -386.79917291     1.88e-09      0.62
     14  1      -386.62786195     1.19e-07      0.00

     15  0      -386.79917291     7.70e-10      0.62
     15  1      -386.62786196     5.77e-08      0.00

     16  0      -386.79917291     3.05e-10      0.63
     16  1      -386.62786196     2.85e-08      0.00

     17  0      -386.79917291     1.20e-10      0.63
     17  1      -386.62786196     1.57e-08      0.00

     18  0 *    -386.79917291     4.79e-11      0.53
     18  1      -386.62786196     8.47e-09      0.00

     19  0 *    -386.79917291     4.74e-11      0.33
     19  1      -386.62786196     4.33e-09      0.00

     20  0 *    -386.79917291     4.74e-11      0.33
     20  1      -386.62786196     2.05e-09      0.00
    ** throwing out 1 trial vectors **

     21  0 *    -386.79917291     4.73e-11      0.33
     21  1      -386.62786196     9.92e-10      0.00
    ** throwing out 1 trial vectors **

     22  0 *    -386.79917291     4.73e-11      0.33
     22  1      -386.62786196     5.00e-10      0.00
    ** throwing out 1 trial vectors **

     23  0 *    -386.79917291     4.72e-11      0.33
     23  1      -386.62786196     2.56e-10      0.00
    ** throwing out 1 trial vectors **

     24  0 *    -386.79917291     4.72e-11      0.34
     24  1      -386.62786196     1.31e-10      0.00
    ** throwing out 1 trial vectors **

     25  0 *    -386.79917291     4.72e-11      0.24
     25  1 *    -386.62786196     6.86e-11      0.00

     * ci vector   0, <S^2> = 0.0000, E =     -386.79917291
       222222......    -0.9026721901
       222.22..2...     0.1881760022
       2222.22.....     0.1128273881
       22222..2....     0.0977728241
       22222ba.....    -0.0876960331
       22222ab.....    -0.0876960331
       2.2222....2.     0.0689970600
       2222aabb....    -0.0596959671
       2222bbaa....    -0.0596959671
       .22222.....2     0.0590197437
       22222.2.....     0.0569350977
       22a22b.2....    -0.0520754932
       22b22a.2....    -0.0520754932
       2222baba....    -0.0513587670
       2222abab....    -0.0513587670

     * ci vector   1, <S^2> = 0.0000, E =     -386.62786196
       22222ba.....    -0.5914985971
       22222ab.....    -0.5914985971
       2222a2.b....    -0.1660858217
       2222b2.a....    -0.1660858217
       222222......     0.1334102262
       222.2ba.2...     0.1225734851
       222.2ab.2...     0.1225734851
       22b2a22.....    -0.0817729701
       22a2b22.....    -0.0817729701
       2222ba2.....    -0.0719691023
       2222ab2.....    -0.0719691023
       22222..b.a..     0.0697064002
       22222..a.b..     0.0697064002
       2222abb..a..     0.0659389234
       2222baa..b..     0.0659389234
       22222.ab....     0.0570474294
       22222.ba....     0.0570474294
       22b2a2ab....    -0.0564387836
       22a2b2ba....    -0.0564387836
       22a22bba....    -0.0563859424
       22b22aab....    -0.0563859424
       - FCI and RDMs                             15.60
    * Integral transformation done. Elapsed time: 0.08

       - jop, kop                                  0.00
       - denom                                     0.02
     guess   0:   closed 111111......         open ............        
     guess   1:   closed 11111.......         open .....11.....        

  === FCI iteration ===

      0  0      -386.66706535     3.78e-04      0.59
      0  1      -386.45706496     3.97e-04      0.00

      1  0      -386.77723365     1.80e-04      0.60
      1  1      -386.58134625     2.29e-04      0.00

      2  0      -386.79544753     7.97e-05      0.59
      2  1      -386.61571883     1.24e-04      0.00

      3  0      -386.79855622     3.37e-05      0.59
      3  1      -386.62448862     6.45e-05      0.00

      4  0      -386.79907461     1.35e-05      0.60
      4  1      -386.62685477     3.53e-05      0.00

      5  0      -386.79915690     5.65e-06      0.63
      5  1      -386.62756050     1.92e-05      0.00

      6  0      -386.79917035     2.43e-06      0.64
      6  1      -386.62775842     1.02e-05      0.00

      7  0      -386.79917279     1.02e-06      0.64
      7  1      -386.62781613     5.67e-06      0.00

      8  0      -386.79917324     4.40e-07      0.64
      8  1      -386.62783930     4.12e-06      0.00

      9  0      -386.79917332     1.91e-07      0.64
      9  1      -386.62785315     3.24e-06      0.00

     10  0      -386.79917334     7.65e-08      0.64
     10  1      -386.62785935     1.87e-06      0.00

     11  0      -386.79917334     2.85e-08      0.64
     11  1      -386.62786103     8.56e-07      0.00

     12  0      -386.79917334     1.12e-08      0.65
     12  1      -386.62786139     4.22e-07      0.00

     13  0      -386.79917334     4.47e-09      0.65
     13  1      -386.62786149     2.30e-07      0.00

     14  0      -386.79917334     1.88e-09      0.64
     14  1      -386.62786152     1.19e-07      0.00

     15  0      -386.79917334     7.70e-10      0.62
     15  1      -386.62786153     5.77e-08      0.00

     16  0      -386.79917334     3.05e-10      0.62
     16  1      -386.62786153     2.85e-08      0.00

     17  0      -386.79917334     1.20e-10      0.62
     17  1      -386.62786153     1.57e-08      0.00

     18  0 *    -386.79917334     4.79e-11      0.53
     18  1      -386.62786153     8.47e-09      0.00

     19  0 *    -386.79917334     4.74e-11      0.33
     19  1      -386.62786153     4.33e-09      0.00

     20  0 *    -386.79917334     4.74e-11      0.33
     20  1      -386.62786153     2.05e-09      0.00
    ** throwing out 1 trial vectors **

     21  0 *    -386.79917334     4.73e-11      0.33
     21  1      -386.62786153     9.92e-10      0.00
    ** throwing out 1 trial vectors **

     22  0 *    -386.79917334     4.73e-11      0.33
     22  1      -386.62786153     5.00e-10      0.00
    ** throwing out 1 trial vectors **

     23  0 *    -386.79917334     4.72e-11      0.34
     23  1      -386.62786153     2.56e-10      0.00
    ** throwing out 1 trial vectors **

     24  0 *    -386.79917334     4.72e-11      0.34
     24  1      -386.62786153     1.31e-10      0.00
    ** throwing out 1 trial vectors **

     25  0 *    -386.79917334     4.72e-11      0.24
     25  1 *    -386.62786153     6.86e-11      0.00

     * ci vector   0, <S^2> = -0.0000, E =     -386.79917334
       222222......    -0.9026706091
       222.22..2...     0.1881779459
       2222.22.....     0.1128334540
       22222..2....     0.0977753973
       22222ab.....    -0.0877025674
       22222ba.....    -0.0877025674
       2.2222....2.     0.0690110853
       2222bbaa....    -0.0596988578
       2222aabb....    -0.0596988578
       .22222.....2     0.0590214201
       22222.2.....     0.0569382865
       22a22b.2....    -0.0520720453
       22b22a.2....    -0.0520720453
       2222baba....    -0.0513644428
       2222abab....    -0.0513644428

     * ci vector   1, <S^2> = 0.0000, E =     -386.62786153
       22222ba.....    -0.5914910394
       22222ab.....    -0.5914910394
       2222a2.b....    -0.1661005895
       2222b2.a....    -0.1661005895
       222222......     0.1334196893
       222.2ba.2...     0.1225734288
       222.2ab.2...     0.1225734288
       22b2a22.....    -0.0817854978
       22a2b22.....    -0.0817854978
       2222ba2.....    -0.0719682189
       2222ab2.....    -0.0719682189
       22222..b.a..     0.0697097047
       22222..a.b..     0.0697097047
       2222baa..b..     0.0659310568
       2222abb..a..     0.0659310568
       22222.ba....     0.0570459820
       22222.ab....     0.0570459820
       22b2a2ab....    -0.0564402918
       22a2b2ba....    -0.0564402918
       22a22bba....    -0.0563883315
       22b22aab....    -0.0563883315
       - FCI and RDMs                             15.57
    * Integral transformation done. Elapsed time: 0.08

       - jop, kop                                  0.00
       - denom                                     0.02
     guess   0:   closed 111111......         open ............        
     guess   1:   closed 11111.......         open .....11.....        

  === FCI iteration ===

      0  0      -386.66706497     3.78e-04      0.60
      0  1      -386.45706171     3.97e-04      0.00

      1  0      -386.77723372     1.80e-04      0.61
      1  1      -386.58134405     2.29e-04      0.00

      2  0      -386.79544775     7.97e-05      0.61
      2  1      -386.61571788     1.24e-04      0.00

      3  0      -386.79855647     3.37e-05      0.61
      3  1      -386.62448808     6.45e-05      0.00

      4  0      -386.79907486     1.35e-05      0.61
      4  1      -386.62685442     3.53e-05      0.00

      5  0      -386.79915715     5.65e-06      0.62
      5  1      -386.62756022     1.92e-05      0.00

      6  0      -386.79917061     2.43e-06      0.61
      6  1      -386.62775816     1.02e-05      0.00

      7  0      -386.79917304     1.02e-06      0.62
      7  1      -386.62781588     5.67e-06      0.00

      8  0      -386.79917349     4.40e-07      0.61
      8  1      -386.62783905     4.12e-06      0.00

      9  0      -386.79917358     1.91e-07      0.62
      9  1      -386.62785289     3.24e-06      0.00

     10  0      -386.79917359     7.65e-08      0.62
     10  1      -386.62785910     1.87e-06      0.00

     11  0      -386.79917359     2.85e-08      0.62
     11  1      -386.62786078     8.56e-07      0.00

     12  0      -386.79917359     1.12e-08      0.62
     12  1      -386.62786114     4.22e-07      0.00

     13  0      -386.79917359     4.47e-09      0.62
     13  1      -386.62786124     2.30e-07      0.00

     14  0      -386.79917359     1.88e-09      0.62
     14  1      -386.62786127     1.19e-07      0.00

     15  0      -386.79917359     7.70e-10      0.63
     15  1      -386.62786127     5.77e-08      0.00

     16  0      -386.79917359     3.05e-10      0.63
     16  1      -386.62786128     2.85e-08      0.00

     17  0      -386.79917359     1.20e-10      0.63
     17  1      -386.62786128     1.57e-08      0.00

     18  0 *    -386.79917359     4.79e-11      0.53
     18  1      -386.62786128     8.47e-09      0.00

     19  0 *    -386.79917359     4.74e-11      0.33
     19  1      -386.62786128     4.33e-09      0.00

     20  0 *    -386.79917359     4.74e-11      0.33
     20  1      -386.62786128     2.05e-09      0.00
    ** throwing out 1 trial vectors **

     21  0 *    -386.79917359     4.73e-11      0.33
     21  1      -386.62786128     9.92e-10      0.00
    ** throwing out 1 trial vectors **

     22  0 *    -386.79917359     4.73e-11      0.33
     22  1      -386.62786128     5.00e-10      0.00
    ** throwing out 1 trial vectors **

     23  0 *    -386.79917359     4.72e-11      0.34
     23  1      -386.62786128     2.56e-10      0.00
    ** throwing out 1 trial vectors **

     24  0 *    -386.79917359     4.72e-11      0.34
     24  1      -386.62786128     1.31e-10      0.00
    ** throwing out 1 trial vectors **

     25  0 *    -386.79917359     4.72e-11      0.24
     25  1 *    -386.62786128     6.86e-11      0.00

     * ci vector   0, <S^2> = -0.0000, E =     -386.79917359
       222222......    -0.9026696743
       222.22..2...     0.1881790849
       2222.22.....     0.1128370532
       22222..2....     0.0977768689
       22222ab.....    -0.0877064317
       22222ba.....    -0.0877064317
       2.2222....2.     0.0690193601
       2222aabb....    -0.0597005627
       2222bbaa....    -0.0597005627
       .22222.....2     0.0590224063
       22222.2.....     0.0569401747
       22a22b.2....    -0.0520700130
       22b22a.2....    -0.0520700130
       2222abab....    -0.0513677954
       2222baba....    -0.0513677954

     * ci vector   1, <S^2> = -0.0000, E =     -386.62786128
       22222ba.....    -0.5914865764
       22222ab.....    -0.5914865764
       2222b2.a....    -0.1661093104
       2222a2.b....    -0.1661093104
       222222......     0.1334252801
       222.2ba.2...     0.1225733899
       222.2ab.2...     0.1225733899
       22b2a22.....    -0.0817929284
       22a2b22.....    -0.0817929284
       2222ab2.....    -0.0719676978
       2222ba2.....    -0.0719676978
       22222..b.a..     0.0697116212
       22222..a.b..     0.0697116212
       2222baa..b..     0.0659263502
       2222abb..a..     0.0659263502
       22222.ab....     0.0570451177
       22222.ba....     0.0570451177
       22b2a2ab....    -0.0564411569
       22a2b2ba....    -0.0564411569
       22a22bba....    -0.0563898169
       22b22aab....    -0.0563898169
       - FCI and RDMs                             15.43
    * Integral transformation done. Elapsed time: 0.08

       - jop, kop                                  0.00
       - denom                                     0.02
     guess   0:   closed 111111......         open ............        
     guess   1:   closed 11111.......         open .....11.....        

  === FCI iteration ===

      0  0      -386.66706474     3.78e-04      0.59
      0  1      -386.45705979     3.97e-04      0.00

      1  0      -386.77723377     1.80e-04      0.61
      1  1      -386.58134274     2.29e-04      0.00

      2  0      -386.79544788     7.97e-05      0.61
      2  1      -386.61571732     1.24e-04      0.00

      3  0      -386.79855662     3.37e-05      0.61
      3  1      -386.62448777     6.45e-05      0.00

      4  0      -386.79907501     1.35e-05      0.62
      4  1      -386.62685422     3.53e-05      0.00

      5  0      -386.79915730     5.65e-06      0.61
      5  1      -386.62756006     1.92e-05      0.00

      6  0      -386.79917076     2.43e-06      0.62
      6  1      -386.62775801     1.02e-05      0.00

      7  0      -386.79917319     1.02e-06      0.61
      7  1      -386.62781573     5.67e-06      0.00

      8  0      -386.79917364     4.40e-07      0.62
      8  1      -386.62783890     4.12e-06      0.00

      9  0      -386.79917373     1.91e-07      0.62
      9  1      -386.62785274     3.24e-06      0.00

     10  0      -386.79917374     7.65e-08      0.62
     10  1      -386.62785895     1.87e-06      0.00

     11  0      -386.79917374     2.85e-08      0.62
     11  1      -386.62786063     8.56e-07      0.00

     12  0      -386.79917374     1.12e-08      0.62
     12  1      -386.62786099     4.22e-07      0.00

     13  0      -386.79917374     4.47e-09      0.62
     13  1      -386.62786109     2.30e-07      0.00

     14  0      -386.79917374     1.88e-09      0.63
     14  1      -386.62786112     1.19e-07      0.00

     15  0      -386.79917374     7.70e-10      0.63
     15  1      -386.62786112     5.77e-08      0.00

     16  0      -386.79917374     3.05e-10      0.63
     16  1      -386.62786113     2.85e-08      0.00

     17  0      -386.79917374     1.20e-10      0.63
     17  1      -386.62786113     1.57e-08      0.00

     18  0 *    -386.79917374     4.79e-11      0.53
     18  1      -386.62786113     8.47e-09      0.00

     19  0 *    -386.79917374     4.73e-11      0.33
     19  1      -386.62786113     4.33e-09      0.00

     20  0 *    -386.79917374     4.73e-11      0.33
     20  1      -386.62786113     2.05e-09      0.00
    ** throwing out 1 trial vectors **

     21  0 *    -386.79917374     4.73e-11      0.34
     21  1      -386.62786113     9.92e-10      0.00
    ** throwing out 1 trial vectors **

     22  0 *    -386.79917374     4.73e-11      0.34
     22  1      -386.62786113     5.00e-10      0.00
    ** throwing out 1 trial vectors **

     23  0 *    -386.79917374     4.72e-11      0.34
     23  1      -386.62786113     2.56e-10      0.00
    ** throwing out 1 trial vectors **

     24  0 *    -386.79917374     4.72e-11      0.34
     24  1      -386.62786113     1.31e-10      0.00
    ** throwing out 1 trial vectors **

     25  0 *    -386.79917374     4.72e-11      0.24
     25  1 *    -386.62786113     6.86e-11      0.00

     * ci vector   0, <S^2> = 0.0000, E =     -386.79917374
       222222......    -0.9026691215
       222.22..2...     0.1881797544
       2222.22.....     0.1128391866
       22222..2....     0.0977777178
       22222ba.....    -0.0877087177
       22222ab.....    -0.0877087177
       2.2222....2.     0.0690242453
       2222aabb....    -0.0597015690
       2222bbaa....    -0.0597015690
       .22222.....2     0.0590229874
       22222.2.....     0.0569412923
       22a22b.2....     0.0520688142
       22b22a.2....     0.0520688142
       2222baba....    -0.0513697762
       2222abab....    -0.0513697762

     * ci vector   1, <S^2> = -0.0000, E =     -386.62786113
       22222ab.....    -0.5914839399
       22222ba.....    -0.5914839399
       2222b2.a....    -0.1661144623
       2222a2.b....    -0.1661144623
       222222......     0.1334285849
       222.2ab.2...     0.1225733647
       222.2ba.2...     0.1225733647
       22a2b22.....     0.0817973321
       22b2a22.....     0.0817973321
       2222ab2.....    -0.0719673901
       2222ba2.....    -0.0719673901
       22222..a.b..     0.0697127384
       22222..b.a..     0.0697127384
       2222baa..b..     0.0659235436
       2222abb..a..     0.0659235436
       22222.ab....     0.0570446032
       22222.ba....     0.0570446032
       22a2b2ba....     0.0564416571
       22b2a2ab....     0.0564416571
       22a22bba....     0.0563907265
       22b22aab....     0.0563907265
       - FCI and RDMs                             15.50
    * Integral transformation done. Elapsed time: 0.08

       - jop, kop                                  0.00
       - denom                                     0.02
     guess   0:   closed 111111......         open ............        
     guess   1:   closed 11111.......         open .....11.....        

  === FCI iteration ===

      0  0      -386.66706461     3.78e-04      0.60
      0  1      -386.45705865     3.97e-04      0.00

      1  0      -386.77723379     1.80e-04      0.60
      1  1      -386.58134197     2.29e-04      0.00

      2  0      -386.79544796     7.97e-05      0.61
      2  1      -386.61571699     1.24e-04      0.00

      3  0      -386.79855671     3.37e-05      0.61
      3  1      -386.62448758     6.45e-05      0.00

      4  0      -386.79907510     1.35e-05      0.61
      4  1      -386.62685410     3.53e-05      0.00

      5  0      -386.79915739     5.65e-06      0.61
      5  1      -386.62755997     1.92e-05      0.00

      6  0      -386.79917084     2.43e-06      0.61
      6  1      -386.62775792     1.02e-05      0.00

      7  0      -386.79917328     1.02e-06      0.62
      7  1      -386.62781564     5.67e-06      0.00

      8  0      -386.79917373     4.40e-07      0.62
      8  1      -386.62783881     4.12e-06      0.00

      9  0      -386.79917381     1.91e-07      0.62
      9  1      -386.62785265     3.24e-06      0.00

     10  0      -386.79917383     7.65e-08      0.62
     10  1      -386.62785886     1.87e-06      0.00

     11  0      -386.79917383     2.85e-08      0.62
     11  1      -386.62786054     8.56e-07      0.00

     12  0      -386.79917383     1.12e-08      0.62
     12  1      -386.62786090     4.22e-07      0.00

     13  0      -386.79917383     4.47e-09      0.63
     13  1      -386.62786100     2.30e-07      0.00

     14  0      -386.79917383     1.88e-09      0.62
     14  1      -386.62786103     1.19e-07      0.00

     15  0      -386.79917383     7.70e-10      0.63
     15  1      -386.62786104     5.77e-08      0.00

     16  0      -386.79917383     3.05e-10      0.63
     16  1      -386.62786104     2.85e-08      0.00

     17  0      -386.79917383     1.20e-10      0.63
     17  1      -386.62786104     1.57e-08      0.00

     18  0 *    -386.79917383     4.79e-11      0.53
     18  1      -386.62786104     8.47e-09      0.00

     19  0 *    -386.79917383     4.73e-11      0.33
     19  1      -386.62786104     4.33e-09      0.00

     20  0 *    -386.79917383     4.73e-11      0.33
     20  1      -386.62786104     2.05e-09      0.00
    ** throwing out 1 trial vectors **

     21  0 *    -386.79917383     4.73e-11      0.33
     21  1      -386.62786104     9.92e-10      0.00
    ** throwing out 1 trial vectors **

     22  0 *    -386.79917383     4.73e-11      0.33
     22  1      -386.62786104     5.00e-10      0.00
    ** throwing out 1 trial vectors **

     23  0 *    -386.79917383     4.72e-11      0.33
     23  1      -386.62786104     2.56e-10      0.00
    ** throwing out 1 trial vectors **

     24  0 *    -386.79917383     4.72e-11      0.33
     24  1      -386.62786104     1.31e-10      0.00
    ** throwing out 1 trial vectors **

     25  0 *    -386.79917383     4.72e-11      0.23
     25  1 *    -386.62786104     6.86e-11      0.00

     * ci vector   0, <S^2> = 0.0000, E =     -386.79917383
       222222......    -0.9026687945
       222.22..2...     0.1881801487
       2222.22.....     0.1128404502
       22222..2....     0.0977782105
       22222ab.....    -0.0877100697
       22222ba.....    -0.0877100697
       2.2222....2.     0.0690271306
       2222aabb....    -0.0597021633
       2222bbaa....    -0.0597021633
       .22222.....2     0.0590233303
       22222.2.....     0.0569419536
       22b22a.2....     0.0520681066
       22a22b.2....     0.0520681066
       2222abab....    -0.0513709467
       2222baba....    -0.0513709467

     * ci vector   1, <S^2> = -0.0000, E =     -386.62786104
       22222ba.....    -0.5914823822
       22222ab.....    -0.5914823822
       2222a2.b....    -0.1661175063
       2222b2.a....    -0.1661175063
       222222......     0.1334305383
       222.2ba.2...     0.1225733491
       222.2ab.2...     0.1225733491
       22b2a22.....     0.0817999402
       22a2b22.....     0.0817999402
       2222ba2.....    -0.0719672087
       2222ab2.....    -0.0719672087
       22222..b.a..     0.0697133921
       22222..a.b..     0.0697133921
       2222baa..b..     0.0659218742
       2222abb..a..     0.0659218742
       22222.ba....     0.0570442973
       22222.ab....     0.0570442973
       22b2a2ab....     0.0564419480
       22a2b2ba....     0.0564419480
       22a22bba....     0.0563912777
       22b22aab....     0.0563912777
       - FCI and RDMs                             15.42
    * Integral transformation done. Elapsed time: 0.08

       - jop, kop                                  0.00
       - denom                                     0.02
     guess   0:   closed 111111......         open ............        
     guess   1:   closed 11111.......         open .....11.....        

  === FCI iteration ===

      0  0      -386.66706453     3.78e-04      0.62
      0  1      -386.45705798     3.97e-04      0.00

      1  0      -386.77723381     1.80e-04      0.63
      1  1      -386.58134151     2.29e-04      0.00

      2  0      -386.79544800     7.97e-05      0.63
      2  1      -386.61571679     1.24e-04      0.00

      3  0      -386.79855676     3.37e-05      0.64
      3  1      -386.62448747     6.45e-05      0.00

      4  0      -386.79907515     1.35e-05      0.64
      4  1      -386.62685403     3.53e-05      0.00

      5  0      -386.79915744     5.65e-06      0.64
      5  1      -386.62755991     1.92e-05      0.00

      6  0      -386.79917090     2.43e-06      0.64
      6  1      -386.62775786     1.02e-05      0.00

      7  0      -386.79917333     1.02e-06      0.63
      7  1      -386.62781559     5.67e-06      0.00

      8  0      -386.79917378     4.40e-07      0.62
      8  1      -386.62783876     4.12e-06      0.00

      9  0      -386.79917387     1.91e-07      0.62
      9  1      -386.62785260     3.24e-06      0.00

     10  0      -386.79917388     7.65e-08      0.62
     10  1      -386.62785881     1.87e-06      0.00

     11  0      -386.79917388     2.85e-08      0.62
     11  1      -386.62786049     8.56e-07      0.00

     12  0      -386.79917388     1.12e-08      0.62
     12  1      -386.62786085     4.22e-07      0.00

     13  0      -386.79917388     4.47e-09      0.62
     13  1      -386.62786095     2.30e-07      0.00

     14  0      -386.79917388     1.88e-09      0.63
     14  1      -386.62786098     1.19e-07      0.00

     15  0      -386.79917388     7.70e-10      0.63
     15  1      -386.62786098     5.77e-08      0.00

     16  0      -386.79917388     3.05e-10      0.63
     16  1      -386.62786099     2.85e-08      0.00

     17  0      -386.79917388     1.20e-10      0.63
     17  1      -386.62786099     1.57e-08      0.00

     18  0 *    -386.79917388     4.79e-11      0.53
     18  1      -386.62786099     8.47e-09      0.00

     19  0 *    -386.79917388     4.73e-11      0.33
     19  1      -386.62786099     4.33e-09      0.00

     20  0 *    -386.79917388     4.73e-11      0.33
     20  1      -386.62786099     2.05e-09      0.00
    ** throwing out 1 trial vectors **

     21  0 *    -386.79917388     4.73e-11      0.33
     21  1      -386.62786099     9.92e-10      0.00
    ** throwing out 1 trial vectors **

     22  0 *    -386.79917388     4.73e-11      0.34
     22  1      -386.62786099     5.00e-10      0.00
    ** throwing out 1 trial vectors **

     23  0 *    -386.79917388     4.72e-11      0.34
     23  1      -386.62786099     2.56e-10      0.00
    ** throwing out 1 trial vectors **

     24  0 *    -386.79917388     4.72e-11      0.34
     24  1      -386.62786099     1.31e-10      0.00
    ** throwing out 1 trial vectors **

     25  0 *    -386.79917388     4.72e-11      0.24
     25  1 *    -386.62786099     6.86e-11      0.00

     * ci vector   0, <S^2> = -0.0000, E =     -386.79917388
       222222......    -0.9026686011
       222.22..2...     0.1881803811
       2222.22.....     0.1128411983
       22222..2....     0.0977784980
       22222ab.....    -0.0877108696
       22222ba.....    -0.0877108696
       2.2222....2.     0.0690288352
       2222bbaa....    -0.0597025144
       2222aabb....    -0.0597025144
       .22222.....2     0.0590235327
       22222.2.....     0.0569423448
       22b22a.2....     0.0520676888
       22a22b.2....     0.0520676888
       2222baba....    -0.0513716385
       2222abab....    -0.0513716385

     * ci vector   1, <S^2> = -0.0000, E =     -386.62786099
       22222ab.....    -0.5914814615
       22222ba.....    -0.5914814615
       2222b2.a....    -0.1661193051
       2222a2.b....    -0.1661193051
       222222......     0.1334316932
       222.2ab.2...     0.1225733395
       222.2ba.2...     0.1225733395
       22a2b22.....     0.0818014841
       22b2a22.....     0.0818014841
       2222ab2.....    -0.0719671015
       2222ba2.....    -0.0719671015
       22222..a.b..     0.0697137758
       22222..b.a..     0.0697137758
       2222abb..a..     0.0659208829
       2222baa..b..     0.0659208829
       22222.ab....     0.0570441158
       22222.ba....     0.0570441158
       22a2b2ba....     0.0564421180
       22b2a2ab....     0.0564421180
       22b22aab....     0.0563916093
       22a22bba....     0.0563916093
       - FCI and RDMs                             15.65
    * Integral transformation done. Elapsed time: 0.08

       - jop, kop                                  0.00
       - denom                                     0.02
     guess   0:   closed 111111......         open ............        
     guess   1:   closed 11111.......         open .....11.....        

  === FCI iteration ===

      0  0      -386.66706448     3.78e-04      0.60
      0  1      -386.45705758     3.97e-04      0.00

      1  0      -386.77723381     1.80e-04      0.60
      1  1      -386.58134124     2.29e-04      0.00

      2  0      -386.79544803     7.97e-05      0.60
      2  1      -386.61571667     1.24e-04      0.00

      3  0      -386.79855679     3.37e-05      0.61
      3  1      -386.62448740     6.45e-05      0.00

      4  0      -386.79907518     1.35e-05      0.60
      4  1      -386.62685399     3.53e-05      0.00

      5  0      -386.79915747     5.65e-06      0.60
      5  1      -386.62755988     1.92e-05      0.00

      6  0      -386.79917093     2.43e-06      0.60
      6  1      -386.62775783     1.02e-05      0.00

      7  0      -386.79917336     1.02e-06      0.61
      7  1      -386.62781556     5.67e-06      0.00

      8  0      -386.79917381     4.40e-07      0.61
      8  1      -386.62783873     4.12e-06      0.00

      9  0      -386.79917390     1.91e-07      0.63
      9  1      -386.62785257     3.24e-06      0.00

     10  0      -386.79917391     7.65e-08      0.65
     10  1      -386.62785878     1.87e-06      0.00

     11  0      -386.79917391     2.85e-08      0.64
     11  1      -386.62786046     8.56e-07      0.00

     12  0      -386.79917391     1.12e-08      0.64
     12  1      -386.62786082     4.22e-07      0.00

     13  0      -386.79917391     4.47e-09      0.65
     13  1      -386.62786092     2.30e-07      0.00

     14  0      -386.79917391     1.88e-09      0.65
     14  1      -386.62786095     1.19e-07      0.00

     15  0      -386.79917391     7.70e-10      0.64
     15  1      -386.62786095     5.77e-08      0.00

     16  0      -386.79917391     3.05e-10      0.65
     16  1      -386.62786095     2.85e-08      0.00

     17  0      -386.79917391     1.20e-10      0.65
     17  1      -386.62786096     1.57e-08      0.00

     18  0 *    -386.79917391     4.79e-11      0.55
     18  1      -386.62786096     8.47e-09      0.00

     19  0 *    -386.79917391     4.73e-11      0.33
     19  1      -386.62786096     4.33e-09      0.00

     20  0 *    -386.79917391     4.73e-11      0.33
     20  1      -386.62786096     2.05e-09      0.00
    ** throwing out 1 trial vectors **

     21  0 *    -386.79917391     4.73e-11      0.33
     21  1      -386.62786096     9.92e-10      0.00
    ** throwing out 1 trial vectors **

     22  0 *    -386.79917391     4.73e-11      0.33
     22  1      -386.62786096     5.00e-10      0.00
    ** throwing out 1 trial vectors **

     23  0 *    -386.79917391     4.72e-11      0.34
     23  1      -386.62786096     2.56e-10      0.00
    ** throwing out 1 trial vectors **

     24  0 *    -386.79917391     4.72e-11      0.34
     24  1      -386.62786096     1.31e-10      0.00
    ** throwing out 1 trial vectors **

     25  0 *    -386.79917391     4.72e-11      0.24
     25  1 *    -386.62786096     6.86e-11      0.00

     * ci vector   0, <S^2> = -0.0000, E =     -386.79917391
       222222......     0.9026684868
       222.22..2...    -0.1881805183
       2222.22.....    -0.1128416410
       22222..2....    -0.0977786663
       22222ab.....     0.0877113425
       22222ba.....     0.0877113425
       2.2222....2.    -0.0690298425
       2222aabb....     0.0597027218
       2222bbaa....     0.0597027218
       .22222.....2    -0.0590236523
       22222.2.....    -0.0569425762
       22a22b.2....    -0.0520674421
       22b22a.2....    -0.0520674421
       2222abab....     0.0513720475
       2222baba....     0.0513720475

     * ci vector   1, <S^2> = 0.0000, E =     -386.62786096
       22222ba.....     0.5914809175
       22222ab.....     0.5914809175
       2222a2.b....     0.1661203683
       2222b2.a....     0.1661203683
       222222......    -0.1334323760
       222.2ba.2...    -0.1225733337
       222.2ab.2...    -0.1225733337
       22b2a22.....    -0.0818023977
       22a2b22.....    -0.0818023977
       2222ba2.....     0.0719670382
       2222ab2.....     0.0719670382
       22222..b.a..    -0.0697140014
       22222..a.b..    -0.0697140014
       2222baa..b..    -0.0659202950
       2222abb..a..    -0.0659202950
       22222.ba....    -0.0570440084
       22222.ab....    -0.0570440084
       22b2a2ab....    -0.0564422177
       22a2b2ba....    -0.0564422177
       22a22bba....    -0.0563918078
       22b22aab....    -0.0563918078
       - FCI and RDMs                             15.58
    * Integral transformation done. Elapsed time: 0.08

       - jop, kop                                  0.00
       - denom                                     0.02
     guess   0:   closed 111111......         open ............        
     guess   1:   closed 11111.......         open .....11.....        

  === FCI iteration ===

      0  0      -386.66706445     3.78e-04      0.60
      0  1      -386.45705735     3.97e-04      0.00

      1  0      -386.77723382     1.80e-04      0.61
      1  1      -386.58134108     2.29e-04      0.00

      2  0      -386.79544804     7.97e-05      0.61
      2  1      -386.61571661     1.24e-04      0.00

      3  0      -386.79855680     3.37e-05      0.61
      3  1      -386.62448736     6.45e-05      0.00

      4  0      -386.79907520     1.35e-05      0.61
      4  1      -386.62685396     3.53e-05      0.00

      5  0      -386.79915749     5.65e-06      0.61
      5  1      -386.62755986     1.92e-05      0.00

      6  0      -386.79917095     2.43e-06      0.61
      6  1      -386.62775781     1.02e-05      0.00

      7  0      -386.79917338     1.02e-06      0.62
      7  1      -386.62781554     5.67e-06      0.00

      8  0      -386.79917383     4.40e-07      0.62
      8  1      -386.62783871     4.12e-06      0.00

      9  0      -386.79917392     1.91e-07      0.62
      9  1      -386.62785255     3.24e-06      0.00

     10  0      -386.79917393     7.65e-08      0.62
     10  1      -386.62785876     1.87e-06      0.00

     11  0      -386.79917393     2.85e-08      0.62
     11  1      -386.62786044     8.56e-07      0.00

     12  0      -386.79917393     1.12e-08      0.62
     12  1      -386.62786080     4.22e-07      0.00

     13  0      -386.79917393     4.47e-09      0.62
     13  1      -386.62786090     2.30e-07      0.00

     14  0      -386.79917393     1.88e-09      0.62
     14  1      -386.62786093     1.19e-07      0.00

     15  0      -386.79917393     7.70e-10      0.63
     15  1      -386.62786094     5.77e-08      0.00

     16  0      -386.79917393     3.05e-10      0.63
     16  1      -386.62786094     2.85e-08      0.00

     17  0      -386.79917393     1.20e-10      0.63
     17  1      -386.62786094     1.57e-08      0.00

     18  0 *    -386.79917393     4.79e-11      0.53
     18  1      -386.62786094     8.47e-09      0.00

     19  0 *    -386.79917393     4.73e-11      0.33
     19  1      -386.62786094     4.33e-09      0.00

     20  0 *    -386.79917393     4.73e-11      0.33
     20  1      -386.62786094     2.05e-09      0.00
    ** throwing out 1 trial vectors **

     21  0 *    -386.79917393     4.73e-11      0.34
     21  1      -386.62786094     9.92e-10      0.00
    ** throwing out 1 trial vectors **

     22  0 *    -386.79917393     4.73e-11      0.34
     22  1      -386.62786094     5.00e-10      0.00
    ** throwing out 1 trial vectors **

     23  0 *    -386.79917393     4.72e-11      0.33
     23  1      -386.62786094     2.56e-10      0.00
    ** throwing out 1 trial vectors **

     24  0 *    -386.79917393     4.72e-11      0.34
     24  1      -386.62786094     1.31e-10      0.00
    ** throwing out 1 trial vectors **

     25  0 *    -386.79917393     4.72e-11      0.23
     25  1 *    -386.62786094     6.86e-11      0.00

     * ci vector   0, <S^2> = 0.0000, E =     -386.79917393
       222222......     0.9026684192
       222.22..2...    -0.1881805993
       2222.22.....    -0.1128419029
       22222..2....    -0.0977787652
       22222ba.....     0.0877116221
       22222ab.....     0.0877116221
       2.2222....2.    -0.0690304378
       2222bbaa....     0.0597028444
       2222aabb....     0.0597028444
       .22222.....2    -0.0590237229
       22222.2.....    -0.0569427131
       22b22a.2....    -0.0520672963
       22a22b.2....    -0.0520672963
       2222baba....     0.0513722892
       2222abab....     0.0513722892

     * ci vector   1, <S^2> = 0.0000, E =     -386.62786094
       22222ba.....     0.5914805959
       22222ab.....     0.5914805959
       2222a2.b....     0.1661209965
       2222b2.a....     0.1661209965
       222222......    -0.1334327794
       222.2ba.2...    -0.1225733302
       222.2ab.2...    -0.1225733302
       22b2a22.....    -0.0818029382
       22a2b22.....    -0.0818029382
       2222ab2.....     0.0719670009
       2222ba2.....     0.0719670009
       22222..b.a..    -0.0697141343
       22222..a.b..    -0.0697141343
       2222baa..b..    -0.0659199467
       2222abb..a..    -0.0659199467
       22222.ba....    -0.0570439447
       22222.ab....    -0.0570439447
       22b2a2ab....    -0.0564422762
       22a2b2ba....    -0.0564422762
       22a22bba....    -0.0563919262
       22b22aab....    -0.0563919262
       - FCI and RDMs                             15.43
