--------------------------------------------------
JOB FRONT-END 3110232 on wux11
SLURM ENVIRONMENT
--------------------------------------------------
SLURM_JOB_ID                   = 3110232             
SLURM_ARRAY_JOB_ID             = N/A                 
SLURM_ARRAY_TASK_ID            = N/A                 
SLURM_JOB_NAME                 = bagel               
SLURM_JOB_PARTITION            = batch               
SLURM_JOB_NUM_NODES            = 1                   
SLURM_JOB_CPUS_PER_NODE        = 20                  
SLURM_NTASKS                   = 20                  
SLURM_NTASKS_PER_NODE          = N/A                 
--------------------------------------------------
--------------------------------------------------
PBS ENVIRONMENT
--------------------------------------------------
PBS_JOBID                      = 3110232             
PBS_ARRAYID                    = N/A                 
PBS_JOBNAME                    = bagel               
PBS_QUEUE                      = batch               
PBS_NUM_NODES                  = 1                   
PBS_NUM_PPN                    = 1                   
PBS_NP                         = 20                  
PBS_NODEFILE                   = /tmp/3110232/nodes  
--------------------------------------------------
  * process grid (5, 4) will be used
    wux11                           
    wux11                           
    wux11                           
    wux11                           
    wux11                           
    wux11                           
    wux11                           
    wux11                           
    wux11                           
    wux11                           
    wux11                           
    wux11                           
    wux11                           
    wux11                           
    wux11                           
    wux11                           
    wux11                           
    wux11                           
    wux11                           
    wux11                           

  * using 20 threads per process

  ===============================================================
    BAGEL - Freshly leavened quantum chemistry                   
  ===============================================================

  *** Geometry ***

  { "atom" : "C", "xyz" : [      4.451837,     -1.034139,      1.148493 ] },
  { "atom" : "C", "xyz" : [      4.194336,      1.658275,      1.581019 ] },
  { "atom" : "C", "xyz" : [      1.902618,      2.852331,      1.378542 ] },
  { "atom" : "N", "xyz" : [     -0.345634,      1.480443,      0.983848 ] },
  { "atom" : "B", "xyz" : [     -0.250376,     -1.315853,      0.400924 ] },
  { "atom" : "C", "xyz" : [      2.421381,     -2.534755,      0.559934 ] },
  { "atom" : "C", "xyz" : [     -2.558047,     -2.487186,     -0.938907 ] },
  { "atom" : "C", "xyz" : [     -4.984046,     -1.161541,     -1.115979 ] },
  { "atom" : "C", "xyz" : [     -4.455744,      1.376534,     -1.126525 ] },
  { "atom" : "C", "xyz" : [     -1.655174,      1.477945,     -1.334952 ] },
  { "atom" : "H", "xyz" : [      6.351818,     -1.849325,      1.296299 ] },
  { "atom" : "H", "xyz" : [      5.854313,      2.802363,      2.027806 ] },
  { "atom" : "H", "xyz" : [      1.681176,      4.887858,      1.655066 ] },
  { "atom" : "H", "xyz" : [      2.734542,     -4.546077,      0.172717 ] },
  { "atom" : "H", "xyz" : [     -2.269596,     -4.311477,     -1.889237 ] },
  { "atom" : "H", "xyz" : [     -6.837454,     -2.086823,     -1.070576 ] },
  { "atom" : "H", "xyz" : [     -5.609973,      3.013594,     -0.610076 ] },
  { "atom" : "H", "xyz" : [     -0.625977,      1.777834,     -3.118395 ] },

  Number of auxiliary basis functions:      884

  Since a DF basis is specified, we compute 2- and 3-index integrals:
    o Being stored without compression. Storage requirement is 0.079 GB
       - 3-index ints prep                         0.00
       - 3-index ints                              0.09
       - 2-index ints                              0.02
       - computing inverse                         0.43
        elapsed time:        0.55 sec.


  Number of basis functions:      106
  Number of electrons      :       68


    * METHOD: MOLECULE                             0.61

       - Overlap matrix                            0.01
       - Hcore matrix                              0.01
       - Overlap orthog                            0.01

  *** RHF ***

  === Nuclear Repulsion ===
  
   454.9430861112

      * DIIS with orbital gradients will be used.

       - SCF startup                               0.51

  === RHF iteration (/home/miaoxin/software/bagel-1.2.2/obj/share/3-21g.json) ===
  
               o Fock build                                  0.18
      0       -384.25530469          0.01237091           0.19
               o DIIS                                        0.00
               o Diag                                        0.03
               o Post process                                0.00
               o Fock build                                  0.19
      1       -384.40913986          0.00507931           0.23
               o DIIS                                        0.00
               o Diag                                        0.01
               o Post process                                0.00
               o Fock build                                  0.16
      2       -384.43070998          0.00186193           0.18
               o DIIS                                        0.00
               o Diag                                        0.01
               o Post process                                0.00
               o Fock build                                  0.16
      3       -384.43462800          0.00059484           0.18
               o DIIS                                        0.00
               o Diag                                        0.01
               o Post process                                0.00
               o Fock build                                  0.30
      4       -384.43502272          0.00014578           0.32
               o DIIS                                        0.00
               o Diag                                        0.01
               o Post process                                0.00
               o Fock build                                  0.24
      5       -384.43509916          0.00008697           0.26
               o DIIS                                        0.00
               o Diag                                        0.01
               o Post process                                0.00
               o Fock build                                  0.24
      6       -384.43511941          0.00004363           0.26
               o DIIS                                        0.00
               o Diag                                        0.01
               o Post process                                0.00
               o Fock build                                  0.16
      7       -384.43512969          0.00002052           0.18
               o DIIS                                        0.00
               o Diag                                        0.03
               o Post process                                0.00
               o Fock build                                  0.17
      8       -384.43513116          0.00000890           0.20
               o DIIS                                        0.00
               o Diag                                        0.01
               o Post process                                0.00
               o Fock build                                  0.24
      9       -384.43513136          0.00000576           0.25
               o DIIS                                        0.00
               o Diag                                        0.01
               o Post process                                0.00
               o Fock build                                  0.16
     10       -384.43513146          0.00000291           0.17
               o DIIS                                        0.00
               o Diag                                        0.01
               o Post process                                0.00
               o Fock build                                  0.16
     11       -384.43513148          0.00000118           0.18
               o DIIS                                        0.00
               o Diag                                        0.01
               o Post process                                0.00
               o Fock build                                  0.17
     12       -384.43513149          0.00000070           0.18
               o DIIS                                        0.00
               o Diag                                        0.01
               o Post process                                0.00
               o Fock build                                  0.22
     13       -384.43513149          0.00000041           0.24
               o DIIS                                        0.00
               o Diag                                        0.01
               o Post process                                0.00
               o Fock build                                  0.25
     14       -384.43513149          0.00000021           0.26
               o DIIS                                        0.00
               o Diag                                        0.01
               o Post process                                0.00
               o Fock build                                  0.16
     15       -384.43513149          0.00000011           0.18
               o DIIS                                        0.00
               o Diag                                        0.01
               o Post process                                0.00
               o Fock build                                  0.16
     16       -384.43513149          0.00000007           0.18
               o DIIS                                        0.00
               o Diag                                        0.01
               o Post process                                0.00
               o Fock build                                  0.20
     17       -384.43513149          0.00000003           0.21
               o DIIS                                        0.00
               o Diag                                        0.01
               o Post process                                0.00
               o Fock build                                  0.18
     18       -384.43513149          0.00000002           0.21
               o DIIS                                        0.02
               o Diag                                        0.01
               o Post process                                0.00
               o Fock build                                  0.20
     19       -384.43513149          0.00000001           0.21
  
    * SCF iteration converged.

    * Permanent dipole moment:
           (   -0.226099,    -0.384435,     0.547988) a.u.

  ---------------------------
      CASSCF calculation     
  ---------------------------

 
    ==== Active orbitals : ===== 
         Orbital 32
         Orbital 33
         Orbital 34
         Orbital 35
         Orbital 36
         Orbital 37
    ============================ 

    * nstate   :      4
    * nclosed  :     31
    * nact     :      6
    * nvirt    :     69
  === CASSCF iteration (/home/miaoxin/software/bagel-1.2.2/obj/share/3-21g.json) ===

    * Using the second-order algorithm

      0  0      -384.46577550     3.30e-03      0.32
      0  1      -384.31258482     0.00e+00      0.32
      0  2      -384.26994272     0.00e+00      0.32
      0  3      -384.25314997     0.00e+00      0.32

         res : 7.59e-02   lamb: 1.00e+00   eps : -2.67e-02   step: 5.84e-01    0.21
         res : 3.09e-02   lamb: 1.00e+00   eps : -2.91e-02   step: 6.12e-01    0.21
         res : 8.34e-03   lamb: 1.00e+00   eps : -2.93e-02   step: 6.03e-01    0.21
         res : 3.19e-03   lamb: 1.00e+00   eps : -2.93e-02   step: 6.03e-01    0.22
         res : 1.31e-03   lamb: 1.00e+00   eps : -2.93e-02   step: 6.04e-01    0.22
         res : 8.85e-04   lamb: 1.00e+00   eps : -2.93e-02   step: 6.05e-01    0.21
         res : 5.13e-04   lamb: 1.00e+00   eps : -2.93e-02   step: 6.05e-01    0.20
         res : 1.91e-04   lamb: 1.00e+00   eps : -2.93e-02   step: 6.05e-01    0.25
         res : 6.21e-05   lamb: 1.00e+00   eps : -2.93e-02   step: 6.05e-01    0.24
         res : 1.98e-05   lamb: 1.00e+00   eps : -2.93e-02   step: 6.05e-01    0.21

      1  0      -384.49090844     2.28e-03      3.16
      1  1      -384.33723976     0.00e+00      3.16
      1  2      -384.30850611     0.00e+00      3.16
      1  3      -384.28765201     0.00e+00      3.16

         res : 6.63e-02   lamb: 1.00e+00   eps : -1.60e-02   step: 2.72e-01    0.21
         res : 2.21e-02   lamb: 1.00e+00   eps : -1.73e-02   step: 3.00e-01    0.21
         res : 6.44e-03   lamb: 1.00e+00   eps : -1.75e-02   step: 2.98e-01    0.24
         res : 3.27e-03   lamb: 1.00e+00   eps : -1.75e-02   step: 2.98e-01    0.25
         res : 1.91e-03   lamb: 1.00e+00   eps : -1.75e-02   step: 2.99e-01    0.20
         res : 3.03e-03   lamb: 1.00e+00   eps : -1.75e-02   step: 2.99e-01    0.20
         res : 2.79e-03   lamb: 1.00e+00   eps : -1.75e-02   step: 3.00e-01    0.22
         res : 1.06e-03   lamb: 1.00e+00   eps : -1.75e-02   step: 3.01e-01    0.22
         res : 3.72e-04   lamb: 1.00e+00   eps : -1.75e-02   step: 3.01e-01    0.22
         res : 9.49e-05   lamb: 1.00e+00   eps : -1.75e-02   step: 3.01e-01    0.21
         res : 3.23e-05   lamb: 1.00e+00   eps : -1.75e-02   step: 3.01e-01    0.20
         res : 9.93e-06   lamb: 1.00e+00   eps : -1.75e-02   step: 3.01e-01    0.25

      2  0      -384.49972239     4.77e-04      3.57
      2  1      -384.34276033     0.00e+00      3.57
      2  2      -384.32545867     0.00e+00      3.57
      2  3      -384.29825628     0.00e+00      3.57

         res : 1.39e-02   lamb: 1.00e+00   eps : -4.16e-04   step: 3.15e-02    0.21
         res : 3.61e-03   lamb: 1.00e+00   eps : -4.71e-04   step: 3.77e-02    0.23
         res : 2.37e-03   lamb: 1.00e+00   eps : -4.82e-04   step: 3.77e-02    0.20
         res : 5.81e-03   lamb: 1.00e+00   eps : -4.93e-04   step: 4.40e-02    0.25
         res : 2.37e-02   lamb: 1.00e+00   eps : -6.12e-04   step: 2.22e-01    0.24
         res : 4.10e-03   lamb: 2.69e+00   eps : -1.66e-03   step: 2.61e-01    0.21
         res : 5.16e-04   lamb: 3.69e+00   eps : -1.99e-03   step: 1.34e-01    0.21
         res : 1.63e-04   lamb: 3.76e+00   eps : -2.02e-03   step: 1.29e-01    0.20
         res : 5.20e-05   lamb: 3.77e+00   eps : -2.02e-03   step: 1.29e-01    0.23
         res : 1.35e-05   lamb: 3.78e+00   eps : -2.02e-03   step: 1.28e-01    0.26
         res : 4.07e-06   lamb: 3.78e+00   eps : -2.02e-03   step: 1.28e-01    0.21

      3  0      -384.50084513     1.91e-04      3.47
      3  1      -384.34264286     0.00e+00      3.47
      3  2      -384.32676637     0.00e+00      3.47
      3  3      -384.29759441     0.00e+00      3.47

         res : 7.38e-03   lamb: 1.00e+00   eps : -7.13e-05   step: 1.42e-02    0.19
         res : 9.37e-03   lamb: 1.00e+00   eps : -1.38e-04   step: 4.44e-02    0.21
         res : 2.63e-02   lamb: 1.00e+00   eps : -4.83e-04   step: 2.47e-01    0.25
         res : 4.65e-02   lamb: 1.00e+00   eps : -1.38e-03   step: 8.12e-01    0.24
         res : 1.49e-02   lamb: 1.10e+00   eps : -1.82e-03   step: 9.99e-01    0.21
         res : 5.87e-03   lamb: 1.12e+00   eps : -1.86e-03   step: 9.97e-01    0.21
         res : 1.91e-03   lamb: 1.13e+00   eps : -1.87e-03   step: 9.97e-01    0.24
         res : 6.71e-04   lamb: 1.13e+00   eps : -1.87e-03   step: 9.97e-01    0.24
         res : 2.30e-04   lamb: 1.13e+00   eps : -1.87e-03   step: 9.97e-01    0.23
         res : 6.54e-05   lamb: 1.13e+00   eps : -1.87e-03   step: 9.97e-01    0.21

      4  0      -384.50562355     1.78e-03      3.22
      4  1      -384.34283092     0.00e+00      3.22
      4  2      -384.30624834     0.00e+00      3.22
      4  3      -384.25909642     0.00e+00      3.22

         res : 5.94e-02   lamb: 1.00e+00   eps : -2.44e-02   step: 3.65e-01    0.19
         res : 2.19e-02   lamb: 1.00e+00   eps : -2.54e-02   step: 3.89e-01    0.24
         res : 7.34e-03   lamb: 1.00e+00   eps : -2.55e-02   step: 3.92e-01    0.23
         res : 3.37e-03   lamb: 1.00e+00   eps : -2.55e-02   step: 3.93e-01    0.20
         res : 1.14e-03   lamb: 1.00e+00   eps : -2.55e-02   step: 3.93e-01    0.20
         res : 4.08e-04   lamb: 1.00e+00   eps : -2.55e-02   step: 3.93e-01    0.23
         res : 1.37e-04   lamb: 1.00e+00   eps : -2.55e-02   step: 3.93e-01    0.23
         res : 4.12e-05   lamb: 1.00e+00   eps : -2.55e-02   step: 3.93e-01    0.22
         res : 1.54e-05   lamb: 1.00e+00   eps : -2.55e-02   step: 3.93e-01    0.21

      5  0      -384.50908513     4.72e-04      2.87
      5  1      -384.34692734     0.00e+00      2.87
      5  2      -384.31850666     0.00e+00      2.87
      5  3      -384.29836091     0.00e+00      2.87

         res : 1.82e-02   lamb: 1.00e+00   eps : -1.11e-03   step: 7.48e-02    0.20
         res : 7.47e-03   lamb: 1.00e+00   eps : -1.23e-03   step: 8.68e-02    0.24
         res : 1.54e-03   lamb: 1.00e+00   eps : -1.25e-03   step: 8.86e-02    0.22
         res : 6.51e-04   lamb: 1.00e+00   eps : -1.25e-03   step: 8.87e-02    0.21
         res : 1.71e-04   lamb: 1.00e+00   eps : -1.25e-03   step: 8.87e-02    0.21
         res : 6.51e-05   lamb: 1.00e+00   eps : -1.25e-03   step: 8.86e-02    0.21
         res : 2.54e-05   lamb: 1.00e+00   eps : -1.25e-03   step: 8.86e-02    0.22
         res : 8.03e-06   lamb: 1.00e+00   eps : -1.25e-03   step: 8.86e-02    0.25

      6  0      -384.50835062     8.34e-05      2.61
      6  1      -384.34654681     0.00e+00      2.61
      6  2      -384.32053164     0.00e+00      2.61
      6  3      -384.30035752     0.00e+00      2.61

         res : 3.79e-03   lamb: 1.00e+00   eps : -6.88e-05   step: 2.19e-02    0.18
         res : 1.81e-03   lamb: 1.00e+00   eps : -8.71e-05   step: 2.84e-02    0.22
         res : 6.76e-04   lamb: 1.00e+00   eps : -8.81e-05   step: 2.88e-02    0.21
         res : 1.92e-04   lamb: 1.00e+00   eps : -8.83e-05   step: 2.89e-02    0.25
         res : 8.88e-05   lamb: 1.00e+00   eps : -8.83e-05   step: 2.89e-02    0.23
         res : 2.46e-05   lamb: 1.00e+00   eps : -8.83e-05   step: 2.89e-02    0.21
         res : 1.03e-05   lamb: 1.00e+00   eps : -8.83e-05   step: 2.89e-02    0.21
         res : 3.53e-06   lamb: 1.00e+00   eps : -8.83e-05   step: 2.89e-02    0.23
         res : 9.73e-07   lamb: 1.00e+00   eps : -8.83e-05   step: 2.89e-02    0.24

      7  0      -384.50797066     3.30e-05      2.97
      7  1      -384.34626485     0.00e+00      2.97
      7  2      -384.32119718     0.00e+00      2.97
      7  3      -384.30057773     0.00e+00      2.97

         res : 1.26e-03   lamb: 1.00e+00   eps : -6.75e-06   step: 5.39e-03    0.19
         res : 1.07e-03   lamb: 1.00e+00   eps : -8.64e-06   step: 7.56e-03    0.20
         res : 3.82e-04   lamb: 1.00e+00   eps : -9.01e-06   step: 8.21e-03    0.20
         res : 1.77e-04   lamb: 1.00e+00   eps : -9.08e-06   step: 8.40e-03    0.23
         res : 6.96e-05   lamb: 1.00e+00   eps : -9.09e-06   step: 8.45e-03    0.23
         res : 2.82e-05   lamb: 1.00e+00   eps : -9.09e-06   step: 8.46e-03    0.21
         res : 9.22e-06   lamb: 1.00e+00   eps : -9.09e-06   step: 8.46e-03    0.22
         res : 2.33e-06   lamb: 1.00e+00   eps : -9.09e-06   step: 8.46e-03    0.24
         res : 8.29e-07   lamb: 1.00e+00   eps : -9.09e-06   step: 8.46e-03    0.21

      8  0      -384.50786294     1.39e-05      2.95
      8  1      -384.34618166     0.00e+00      2.95
      8  2      -384.32140263     0.00e+00      2.95
      8  3      -384.30058787     0.00e+00      2.95

         res : 4.88e-04   lamb: 1.00e+00   eps : -9.55e-07   step: 1.86e-03    0.22
         res : 4.01e-04   lamb: 1.00e+00   eps : -1.17e-06   step: 2.48e-03    0.22
         res : 1.57e-04   lamb: 1.00e+00   eps : -1.23e-06   step: 2.76e-03    0.22
         res : 8.54e-05   lamb: 1.00e+00   eps : -1.24e-06   step: 2.85e-03    0.24
         res : 3.03e-05   lamb: 1.00e+00   eps : -1.24e-06   step: 2.88e-03    0.23
         res : 1.36e-05   lamb: 1.00e+00   eps : -1.24e-06   step: 2.89e-03    0.21
         res : 4.04e-06   lamb: 1.00e+00   eps : -1.24e-06   step: 2.89e-03    0.22
         res : 1.11e-06   lamb: 1.00e+00   eps : -1.24e-06   step: 2.89e-03    0.22
         res : 3.93e-07   lamb: 1.00e+00   eps : -1.24e-06   step: 2.89e-03    0.22
         res : 1.18e-07   lamb: 1.00e+00   eps : -1.24e-06   step: 2.89e-03    0.22

      9  0      -384.50782789     5.59e-06      3.18
      9  1      -384.34615444     0.00e+00      3.18
      9  2      -384.32147120     0.00e+00      3.18
      9  3      -384.30058499     0.00e+00      3.18

         res : 1.93e-04   lamb: 1.00e+00   eps : -1.40e-07   step: 6.92e-04    0.21
         res : 1.50e-04   lamb: 1.00e+00   eps : -1.69e-07   step: 9.09e-04    0.21
         res : 6.18e-05   lamb: 1.00e+00   eps : -1.78e-07   step: 1.02e-03    0.23
         res : 3.50e-05   lamb: 1.00e+00   eps : -1.80e-07   step: 1.05e-03    0.22
         res : 1.19e-05   lamb: 1.00e+00   eps : -1.80e-07   step: 1.07e-03    0.21
         res : 5.58e-06   lamb: 1.00e+00   eps : -1.80e-07   step: 1.07e-03    0.21
         res : 1.60e-06   lamb: 1.00e+00   eps : -1.80e-07   step: 1.07e-03    0.21
         res : 4.64e-07   lamb: 1.00e+00   eps : -1.80e-07   step: 1.07e-03    0.25
         res : 1.61e-07   lamb: 1.00e+00   eps : -1.80e-07   step: 1.07e-03    0.23
         res : 4.69e-08   lamb: 1.00e+00   eps : -1.80e-07   step: 1.07e-03    0.21

     10  0      -384.50781509     2.22e-06      3.14
     10  1      -384.34614464     0.00e+00      3.14
     10  2      -384.32149567     0.00e+00      3.14
     10  3      -384.30058362     0.00e+00      3.14

         res : 7.59e-05   lamb: 1.00e+00   eps : -2.08e-08   step: 2.63e-04    0.20
         res : 5.69e-05   lamb: 1.00e+00   eps : -2.50e-08   step: 3.44e-04    0.22
         res : 2.41e-05   lamb: 1.00e+00   eps : -2.63e-08   step: 3.85e-04    0.23
         res : 1.38e-05   lamb: 1.00e+00   eps : -2.66e-08   step: 4.00e-04    0.22
         res : 4.63e-06   lamb: 1.00e+00   eps : -2.66e-08   step: 4.05e-04    0.21
         res : 2.21e-06   lamb: 1.00e+00   eps : -2.67e-08   step: 4.06e-04    0.21
         res : 6.20e-07   lamb: 1.00e+00   eps : -2.67e-08   step: 4.06e-04    0.22
         res : 1.87e-07   lamb: 1.00e+00   eps : -2.67e-08   step: 4.06e-04    0.23
         res : 6.33e-08   lamb: 1.00e+00   eps : -2.67e-08   step: 4.06e-04    0.21
         res : 1.83e-08   lamb: 1.00e+00   eps : -2.67e-08   step: 4.06e-04    0.20

     11  0      -384.50781023     8.76e-07      3.13
     11  1      -384.34614102     0.00e+00      3.13
     11  2      -384.32150469     0.00e+00      3.13
     11  3      -384.30058316     0.00e+00      3.13

         res : 2.98e-05   lamb: 1.00e+00   eps : -3.11e-09   step: 1.01e-04    0.20
         res : 2.18e-05   lamb: 1.00e+00   eps : -3.72e-09   step: 1.31e-04    0.20
         res : 9.34e-06   lamb: 1.00e+00   eps : -3.92e-09   step: 1.47e-04    0.22
         res : 5.39e-06   lamb: 1.00e+00   eps : -3.96e-09   step: 1.53e-04    0.22
         res : 1.79e-06   lamb: 1.00e+00   eps : -3.97e-09   step: 1.55e-04    0.21
         res : 8.65e-07   lamb: 1.00e+00   eps : -3.97e-09   step: 1.56e-04    0.20
         res : 2.40e-07   lamb: 1.00e+00   eps : -3.97e-09   step: 1.56e-04    0.24
         res : 7.40e-08   lamb: 1.00e+00   eps : -3.97e-09   step: 1.56e-04    0.22
         res : 2.47e-08   lamb: 1.00e+00   eps : -3.97e-09   step: 1.56e-04    0.21
         res : 7.14e-09   lamb: 1.00e+00   eps : -3.97e-09   step: 1.56e-04    0.21

     12  0      -384.50780835     3.46e-07      3.13
     12  1      -384.34613968     0.00e+00      3.13
     12  2      -384.32150806     0.00e+00      3.13
     12  3      -384.30058302     0.00e+00      3.13

         res : 1.17e-05   lamb: 1.00e+00   eps : -4.66e-10   step: 3.86e-05    0.19
         res : 8.36e-06   lamb: 1.00e+00   eps : -5.57e-10   step: 5.05e-05    0.24
         res : 3.63e-06   lamb: 1.00e+00   eps : -5.87e-10   step: 5.67e-05    0.22
         res : 2.10e-06   lamb: 1.00e+00   eps : -5.93e-10   step: 5.89e-05    0.20
         res : 6.90e-07   lamb: 1.00e+00   eps : -5.94e-10   step: 5.97e-05    0.20
         res : 3.37e-07   lamb: 1.00e+00   eps : -5.95e-10   step: 5.99e-05    0.23
         res : 9.31e-08   lamb: 1.00e+00   eps : -5.95e-10   step: 5.99e-05    0.22
         res : 2.92e-08   lamb: 1.00e+00   eps : -5.95e-10   step: 5.99e-05    0.21
         res : 9.61e-09   lamb: 1.00e+00   eps : -5.95e-10   step: 5.99e-05    0.20
         res : 2.79e-09   lamb: 1.00e+00   eps : -5.95e-10   step: 5.99e-05    0.21

     13  0      -384.50780761     1.37e-07      3.11
     13  1      -384.34613918     0.00e+00      3.11
     13  2      -384.32150932     0.00e+00      3.11
     13  3      -384.30058298     0.00e+00      3.11

         res : 4.61e-06   lamb: 1.00e+00   eps : -7.02e-11   step: 1.49e-05    0.21
         res : 3.21e-06   lamb: 1.00e+00   eps : -8.38e-11   step: 1.94e-05    0.24
         res : 1.41e-06   lamb: 1.00e+00   eps : -8.84e-11   step: 2.19e-05    0.21
         res : 8.16e-07   lamb: 1.00e+00   eps : -8.93e-11   step: 2.27e-05    0.21
         res : 2.66e-07   lamb: 1.00e+00   eps : -8.95e-11   step: 2.31e-05    0.21
         res : 1.31e-07   lamb: 1.00e+00   eps : -8.95e-11   step: 2.31e-05    0.24
         res : 3.61e-08   lamb: 1.00e+00   eps : -8.95e-11   step: 2.31e-05    0.24
         res : 1.15e-08   lamb: 1.00e+00   eps : -8.95e-11   step: 2.31e-05    0.21
         res : 3.75e-09   lamb: 1.00e+00   eps : -8.95e-11   step: 2.31e-05    0.20

     14  0      -384.50780732     5.47e-08      2.87
     14  1      -384.34613900     0.00e+00      2.87
     14  2      -384.32150981     0.00e+00      2.87
     14  3      -384.30058298     0.00e+00      2.87

         res : 1.83e-06   lamb: 1.00e+00   eps : -1.06e-11   step: 5.72e-06    0.20
         res : 1.24e-06   lamb: 1.00e+00   eps : -1.27e-11   step: 7.50e-06    0.22
         res : 5.50e-07   lamb: 1.00e+00   eps : -1.34e-11   step: 8.45e-06    0.23
         res : 3.18e-07   lamb: 1.00e+00   eps : -1.35e-11   step: 8.79e-06    0.21
         res : 1.03e-07   lamb: 1.00e+00   eps : -1.36e-11   step: 8.92e-06    0.20
         res : 5.08e-08   lamb: 1.00e+00   eps : -1.36e-11   step: 8.94e-06    0.25
         res : 1.40e-08   lamb: 1.00e+00   eps : -1.36e-11   step: 8.94e-06    0.23
         res : 4.54e-09   lamb: 1.00e+00   eps : -1.36e-11   step: 8.94e-06    0.23

     15  0      -384.50780721     2.20e-08      2.67
     15  1      -384.34613893     0.00e+00      2.67
     15  2      -384.32150999     0.00e+00      2.67
     15  3      -384.30058297     0.00e+00      2.67

         res : 7.29e-07   lamb: 1.00e+00   eps : -1.62e-12   step: 2.20e-06    0.22
         res : 4.75e-07   lamb: 1.00e+00   eps : -1.93e-12   step: 2.90e-06    0.22
         res : 2.15e-07   lamb: 1.00e+00   eps : -2.04e-12   step: 3.28e-06    0.25
         res : 1.24e-07   lamb: 1.00e+00   eps : -2.06e-12   step: 3.41e-06    0.24
         res : 3.96e-08   lamb: 1.00e+00   eps : -2.07e-12   step: 3.46e-06    0.22
         res : 1.97e-08   lamb: 1.00e+00   eps : -2.07e-12   step: 3.47e-06    0.21
         res : 5.46e-09   lamb: 1.00e+00   eps : -2.07e-12   step: 3.47e-06    0.23
         res : 1.79e-09   lamb: 1.00e+00   eps : -2.07e-12   step: 3.47e-06    0.26

     16  0      -384.50780716     8.93e-09      2.82
     16  1      -384.34613891     0.00e+00      2.82
     16  2      -384.32151006     0.00e+00      2.82
     16  3      -384.30058298     0.00e+00      2.82

    * Second-order optimization converged. *   

    * Integral transformation done. Elapsed time: 0.33

     guess   0:   closed 111...               open ......              
     guess   1:   closed 11....               open ..11..              
     guess   2:   closed 11....               open ..1.1.              
     guess   3:   closed 1.1...               open .1.1..              

  === FCI iteration ===

      0  0      -384.43751760     9.35e-03      0.00
      0  1      -384.27681177     8.12e-03      0.00
      0  2      -384.17907778     8.55e-03      0.00
      0  3      -384.15567508     8.68e-03      0.00

      1  0      -384.49604849     4.57e-03      0.00
      1  1      -384.32223862     3.86e-03      0.00
      1  2      -384.24574642     6.88e-03      0.00
      1  3      -384.22029505     4.77e-03      0.00

      2  0      -384.50660622     1.65e-03      0.00
      2  1      -384.33523037     2.82e-03      0.00
      2  2      -384.29724457     5.32e-03      0.00
      2  3      -384.24617988     4.45e-03      0.00

      3  0      -384.50769804     5.31e-04      0.00
      3  1      -384.34333334     2.10e-03      0.00
      3  2      -384.31423652     2.75e-03      0.00
      3  3      -384.27803279     5.16e-03      0.00

      4  0      -384.50779494     1.54e-04      0.00
      4  1      -384.34576098     8.34e-04      0.00
      4  2      -384.31972058     1.51e-03      0.00
      4  3      -384.29687092     2.34e-03      0.00

      5  0      -384.50780518     5.43e-05      0.00
      5  1      -384.34608260     2.97e-04      0.00
      5  2      -384.32121563     6.63e-04      0.00
      5  3      -384.29997517     9.11e-04      0.00

      6  0      -384.50780682     2.34e-05      0.00
      6  1      -384.34612938     1.12e-04      0.00
      6  2      -384.32146953     2.36e-04      0.00
      6  3      -384.30049250     3.26e-04      0.00

      7  0      -384.50780712     9.47e-06      0.00
      7  1      -384.34613674     4.95e-05      0.00
      7  2      -384.32150357     8.55e-05      0.00
      7  3      -384.30056175     1.29e-04      0.00

      8  0      -384.50780716     3.21e-06      0.01
      8  1      -384.34613842     2.54e-05      0.00
      8  2      -384.32150846     3.86e-05      0.00
      8  3      -384.30057599     7.69e-05      0.00

      9  0      -384.50780716     7.31e-07      0.01
      9  1      -384.34613884     9.96e-06      0.00
      9  2      -384.32150980     1.90e-05      0.00
      9  3      -384.30058155     4.24e-05      0.00

     10  0      -384.50780716     1.73e-07      0.01
     10  1      -384.34613890     3.48e-06      0.00
     10  2      -384.32151003     6.37e-06      0.00
     10  3      -384.30058280     1.57e-05      0.00

     11  0      -384.50780716     3.52e-08      0.01
     11  1      -384.34613891     1.00e-06      0.00
     11  2      -384.32151006     2.07e-06      0.00
     11  3      -384.30058296     5.16e-06      0.00

     12  0      -384.50780716     8.94e-09      0.01
     12  1      -384.34613891     2.84e-07      0.00
     12  2      -384.32151006     6.13e-07      0.00
     12  3      -384.30058297     1.58e-06      0.00

     13  0      -384.50780716     1.79e-09      0.03
     13  1      -384.34613891     6.71e-08      0.00
     13  2      -384.32151006     1.67e-07      0.00
     13  3      -384.30058298     4.17e-07      0.00

     14  0      -384.50780716     3.82e-10      0.01
     14  1      -384.34613891     2.14e-08      0.00
     14  2      -384.32151006     5.06e-08      0.00
     14  3      -384.30058298     1.44e-07      0.00

     15  0 *    -384.50780716     7.76e-11      0.01
     15  1      -384.34613891     5.59e-09      0.00
     15  2      -384.32151006     1.45e-08      0.00
     15  3      -384.30058298     4.42e-08      0.00

     16  0 *    -384.50780716     5.42e-11      0.01
     16  1      -384.34613891     1.33e-09      0.00
     16  2      -384.32151006     3.60e-09      0.00
     16  3      -384.30058298     1.12e-08      0.00

     17  0 *    -384.50780716     5.21e-11      0.01
     17  1      -384.34613891     2.92e-10      0.00
     17  2      -384.32151006     8.25e-10      0.00
     17  3      -384.30058298     2.55e-09      0.00

     18  0 *    -384.50780716     5.19e-11      0.01
     18  1 *    -384.34613891     7.61e-11      0.00
     18  2      -384.32151006     1.99e-10      0.00
     18  3      -384.30058298     6.56e-10      0.00

     19  0 *    -384.50780716     5.19e-11      0.01
     19  1 *    -384.34613891     3.22e-11      0.00
     19  2 *    -384.32151006     4.99e-11      0.00
     19  3      -384.30058298     1.68e-10      0.00

     20  0 *    -384.50780716     5.18e-11      0.01
     20  1 *    -384.34613891     2.83e-11      0.00
     20  2 *    -384.32151006     2.32e-11      0.00
     20  3 *    -384.30058298     4.44e-11      0.00

     * ci vector, state   0, <S^2> = -0.0000
       222...    -0.7524961485
       22ab..    -0.3803897595
       22ba..    -0.3803897595
       2.2.2.     0.0948390738
       a2bb.a    -0.0855915347
       b2aa.b    -0.0855915347
       a22b..    -0.0785255305
       b22a..    -0.0785255305
       22.b.a    -0.0594600751
       22.a.b    -0.0594600751
       .22..2     0.0581665311
       22.2..     0.0513283079
       22...2     0.0511532617

     * ci vector, state   1, <S^2> = -0.0000
       22ab..     0.3765786232
       22ba..     0.3765786231
       222...    -0.2849324685
       2a2b..     0.2670075116
       2b2a..     0.2670075116
       b22a..    -0.2645407957
       a22b..    -0.2645407957
       22.a.b    -0.2086458468
       22.b.a    -0.2086458468
       22a..b    -0.1301411757
       22b..a    -0.1301411757
       22...2     0.1047085875
       2abba.    -0.1007945718
       2baab.    -0.1007945718
       .22b.a     0.0814538396
       .22a.b     0.0814538396
       22.2..    -0.0789957272
       2abb.a    -0.0769042399
       2baa.b    -0.0769042399
       2.ab2.    -0.0682607317
       2.ba2.    -0.0682607317
       22b.a.    -0.0653251005
       22a.b.    -0.0653251005
       b2.a.2    -0.0632676315
       a2.b.2    -0.0632676315
       22.ba.    -0.0625827226
       22.ab.    -0.0625827226
       2ba2..    -0.0612064636
       2ab2..    -0.0612064636
       2aabb.     0.0583805030
       2bbaa.     0.0583805030
       a2bb.a     0.0580990741
       b2aa.b     0.0580990741
       2b.a.2     0.0573187863
       2a.b.2     0.0573187863
       ab2a.b    -0.0569519081
       ba2b.a    -0.0569519081
       .222..     0.0562254288
       2ab..2     0.0553264523
       2ba..2     0.0553264523
       b.2a2.    -0.0553229363
       a.2b2.    -0.0553229363
       2bab.a    -0.0547293873
       2aba.b    -0.0547293873

     * ci vector, state   2, <S^2> = 0.0000
       222...     0.3149111005
       22.ba.    -0.2749601926
       22.ab.    -0.2749601926
       22ba..    -0.2493004300
       22ab..    -0.2493004299
       2a2b..     0.2232878841
       2b2a..     0.2232878841
       2baab.     0.2150195847
       2abba.     0.2150195847
       a2bba.     0.1567405514
       b2aab.     0.1567405514
       22.a.b    -0.1314677028
       22.b.a    -0.1314677028
       2bbaa.    -0.1257157069
       2aabb.    -0.1257157069
       a2abb.    -0.1175982308
       b2baa.    -0.1175982308
       b22a..    -0.1164856475
       a22b..    -0.1164856475
       22a..b    -0.1122242427
       22b..a    -0.1122242427
       22a.b.     0.1102322550
       22b.a.     0.1102322550
       2abab.     0.0893038778
       2baba.     0.0893038778
       .22ba.     0.0790532227
       .22ab.     0.0790532227
       22..2.    -0.0783974620
       2abb.a    -0.0730060187
       2baa.b    -0.0730060187
       2ba2..    -0.0689395694
       2ab2..    -0.0689395694
       2.2ab.     0.0627826554
       2.2ba.     0.0627826554
       2b2..a    -0.0570786019
       2a2..b    -0.0570786019
       ab2a.b    -0.0538691310
       ba2b.a    -0.0538691310
       2bab.a    -0.0521808165
       2aba.b    -0.0521808165
       2b.a.2     0.0511741006
       2a.b.2     0.0511741006
       ba2ba.     0.0501896420
       ab2ab.     0.0501896420

     * ci vector, state   3, <S^2> = 0.0000
       222...    -0.3873607053
       22ba..     0.2855813983
       22ab..     0.2855813983
       2abba.     0.2331666941
       2baab.     0.2331666941
       22.2..     0.2054965270
       22.a.b     0.2053665002
       22.b.a     0.2053665002
       b22a..     0.1948357093
       a22b..     0.1948357093
       22.ba.    -0.1544886232
       22.ab.    -0.1544886232
       22a.b.     0.1508438791
       22b.a.     0.1508438791
       b2aab.     0.1189266739
       a2bba.     0.1189266739
       2baba.     0.1167520124
       2abab.     0.1167520124
       2aabb.    -0.1164146817
       2bbaa.    -0.1164146817
       22a..b     0.1015875310
       22b..a     0.1015875310
       2.2.2.     0.0775506115
       .222..    -0.0711959200
       a2abb.    -0.0705815966
       b2baa.    -0.0705815966
       ab2ab.     0.0627036759
       ba2ba.     0.0627036759
       2ab2..    -0.0578305290
       2ba2..    -0.0578305290
       ba2ab.     0.0533314733
       ab2ba.     0.0533314733
       .22..2     0.0532798843
       a2b2..    -0.0513095689
       b2a2..    -0.0513095689

    * METHOD: CASSCF                              54.86

  Number of auxiliary basis functions:      884

  Since a DF basis is specified, we compute 2- and 3-index integrals:
    o Being stored without compression. Storage requirement is 0.645 GB
       - 3-index ints prep                         0.00
       - 3-index ints                              0.23
       - 2-index ints                              0.03
       - computing inverse                         0.39
        elapsed time:        0.65 sec.


  Number of basis functions:      302
  Number of electrons      :       68


    * METHOD: MOLECULE                             0.96

  ---------------------------
      CASSCF calculation     
  ---------------------------

 
    ==== Active orbitals : ===== 
         Orbital 32
         Orbital 33
         Orbital 34
         Orbital 35
         Orbital 36
         Orbital 37
    ============================ 

    * nstate   :      4
    * nclosed  :     31
    * nact     :      6
    * nvirt    :    265
  === CASSCF iteration (/home/miaoxin/software/bagel-1.2.2/obj/share/aug-cc-pVDZ.json) ===

    * Using the second-order algorithm

      0  0      -386.46534064     2.45e-02      0.56
      0  1      -386.30556288     0.00e+00      0.56
      0  2      -386.28187701     0.00e+00      0.56
      0  3      -386.26042936     0.00e+00      0.56

         res : 7.53e-01   lamb: 1.00e+00   eps : -3.88e-01   step: 2.11e-01    0.31
         res : 2.88e-01   lamb: 1.00e+00   eps : -4.37e-01   step: 2.34e-01    0.37
         res : 1.57e-01   lamb: 1.00e+00   eps : -4.46e-01   step: 2.45e-01    0.30
         res : 7.16e-02   lamb: 1.00e+00   eps : -4.48e-01   step: 2.51e-01    0.31
         res : 4.17e-02   lamb: 1.00e+00   eps : -4.49e-01   step: 2.54e-01    0.37
         res : 2.56e-02   lamb: 1.00e+00   eps : -4.49e-01   step: 2.55e-01    0.29
         res : 1.23e-02   lamb: 1.00e+00   eps : -4.49e-01   step: 2.55e-01    0.32
         res : 6.47e-03   lamb: 1.00e+00   eps : -4.49e-01   step: 2.55e-01    0.30
         res : 3.60e-03   lamb: 1.00e+00   eps : -4.49e-01   step: 2.55e-01    0.30
         res : 1.75e-03   lamb: 1.00e+00   eps : -4.49e-01   step: 2.55e-01    0.28
         res : 9.82e-04   lamb: 1.00e+00   eps : -4.49e-01   step: 2.55e-01    0.35
         res : 5.62e-04   lamb: 1.00e+00   eps : -4.49e-01   step: 2.55e-01    0.29
         res : 2.85e-04   lamb: 1.00e+00   eps : -4.49e-01   step: 2.55e-01    0.28
         res : 1.71e-04   lamb: 1.00e+00   eps : -4.49e-01   step: 2.55e-01    0.33
         res : 9.15e-05   lamb: 1.00e+00   eps : -4.49e-01   step: 2.55e-01    0.31
         res : 4.82e-05   lamb: 1.00e+00   eps : -4.49e-01   step: 2.55e-01    0.28
         res : 2.89e-05   lamb: 1.00e+00   eps : -4.49e-01   step: 2.55e-01    0.32
         res : 1.43e-05   lamb: 1.00e+00   eps : -4.49e-01   step: 2.55e-01    0.33

      1  0      -386.70485385     1.20e-03      8.02
      1  1      -386.54481682     0.00e+00      8.02
      1  2      -386.52061581     0.00e+00      8.02
      1  3      -386.50035685     0.00e+00      8.02

         res : 7.43e-02   lamb: 1.00e+00   eps : -4.64e-03   step: 6.75e-02    0.29
         res : 4.50e-02   lamb: 1.00e+00   eps : -6.02e-03   step: 9.05e-02    0.34
         res : 2.86e-02   lamb: 1.00e+00   eps : -6.58e-03   step: 1.02e-01    0.28
         res : 2.00e-02   lamb: 1.00e+00   eps : -6.81e-03   step: 1.07e-01    0.27
         res : 1.35e-02   lamb: 1.00e+00   eps : -6.92e-03   step: 1.10e-01    0.36
         res : 8.89e-03   lamb: 1.00e+00   eps : -6.97e-03   step: 1.12e-01    0.28
         res : 6.35e-03   lamb: 1.00e+00   eps : -6.99e-03   step: 1.13e-01    0.29
         res : 4.28e-03   lamb: 1.00e+00   eps : -7.00e-03   step: 1.13e-01    0.32
         res : 2.90e-03   lamb: 1.00e+00   eps : -7.01e-03   step: 1.13e-01    0.34
         res : 1.98e-03   lamb: 1.00e+00   eps : -7.01e-03   step: 1.14e-01    0.30
         res : 1.35e-03   lamb: 1.00e+00   eps : -7.01e-03   step: 1.14e-01    0.35
         res : 9.19e-04   lamb: 1.00e+00   eps : -7.01e-03   step: 1.14e-01    0.31
         res : 6.13e-04   lamb: 1.00e+00   eps : -7.01e-03   step: 1.14e-01    0.28
         res : 3.95e-04   lamb: 1.00e+00   eps : -7.01e-03   step: 1.14e-01    0.30
         res : 2.65e-04   lamb: 1.00e+00   eps : -7.01e-03   step: 1.14e-01    0.32
         res : 1.69e-04   lamb: 1.00e+00   eps : -7.01e-03   step: 1.14e-01    0.28
         res : 1.09e-04   lamb: 1.00e+00   eps : -7.01e-03   step: 1.14e-01    0.31
         res : 7.12e-05   lamb: 1.00e+00   eps : -7.01e-03   step: 1.14e-01    0.34
         res : 4.79e-05   lamb: 1.00e+00   eps : -7.01e-03   step: 1.14e-01    0.28
         res : 3.18e-05   lamb: 1.00e+00   eps : -7.01e-03   step: 1.14e-01    0.34
         res : 2.12e-05   lamb: 1.00e+00   eps : -7.01e-03   step: 1.14e-01    0.31
         res : 1.37e-05   lamb: 1.00e+00   eps : -7.01e-03   step: 1.14e-01    0.31
         res : 9.02e-06   lamb: 1.00e+00   eps : -7.01e-03   step: 1.14e-01    0.29

      2  0      -386.70604949     5.93e-05      9.52
      2  1      -386.54908115     0.00e+00      9.52
      2  2      -386.52512957     0.00e+00      9.52
      2  3      -386.50472112     0.00e+00      9.52

         res : 3.22e-03   lamb: 1.00e+00   eps : -1.78e-05   step: 5.96e-03    0.29
         res : 1.75e-03   lamb: 1.00e+00   eps : -2.18e-05   step: 8.28e-03    0.28
         res : 1.21e-03   lamb: 1.00e+00   eps : -2.33e-05   step: 8.90e-03    0.33
         res : 7.80e-04   lamb: 1.00e+00   eps : -2.38e-05   step: 9.12e-03    0.30
         res : 6.22e-04   lamb: 1.00e+00   eps : -2.40e-05   step: 9.32e-03    0.28
         res : 4.32e-04   lamb: 1.00e+00   eps : -2.42e-05   step: 9.43e-03    0.37
         res : 3.00e-04   lamb: 1.00e+00   eps : -2.42e-05   step: 9.44e-03    0.29
         res : 1.87e-04   lamb: 1.00e+00   eps : -2.43e-05   step: 9.42e-03    0.30
         res : 1.33e-04   lamb: 1.00e+00   eps : -2.43e-05   step: 9.41e-03    0.30
         res : 8.68e-05   lamb: 1.00e+00   eps : -2.43e-05   step: 9.41e-03    0.33
         res : 6.14e-05   lamb: 1.00e+00   eps : -2.43e-05   step: 9.41e-03    0.28
         res : 4.06e-05   lamb: 1.00e+00   eps : -2.43e-05   step: 9.41e-03    0.32
         res : 2.87e-05   lamb: 1.00e+00   eps : -2.43e-05   step: 9.41e-03    0.36
         res : 1.87e-05   lamb: 1.00e+00   eps : -2.43e-05   step: 9.41e-03    0.28
         res : 1.32e-05   lamb: 1.00e+00   eps : -2.43e-05   step: 9.41e-03    0.33
         res : 8.50e-06   lamb: 1.00e+00   eps : -2.43e-05   step: 9.41e-03    0.30
         res : 5.60e-06   lamb: 1.00e+00   eps : -2.43e-05   step: 9.41e-03    0.31
         res : 3.59e-06   lamb: 1.00e+00   eps : -2.43e-05   step: 9.41e-03    0.29
         res : 2.39e-06   lamb: 1.00e+00   eps : -2.43e-05   step: 9.41e-03    0.35
         res : 1.55e-06   lamb: 1.00e+00   eps : -2.43e-05   step: 9.41e-03    0.28
         res : 1.08e-06   lamb: 1.00e+00   eps : -2.43e-05   step: 9.41e-03    0.29
         res : 7.23e-07   lamb: 1.00e+00   eps : -2.43e-05   step: 9.41e-03    0.36

      3  0      -386.70584614     1.43e-05      9.37
      3  1      -386.54922987     0.00e+00      9.37
      3  2      -386.52531592     0.00e+00      9.37
      3  3      -386.50464915     0.00e+00      9.37

         res : 8.26e-04   lamb: 1.00e+00   eps : -1.54e-06   step: 1.92e-03    0.29
         res : 4.14e-04   lamb: 1.00e+00   eps : -1.80e-06   step: 2.55e-03    0.33
         res : 2.71e-04   lamb: 1.00e+00   eps : -1.88e-06   step: 2.74e-03    0.30
         res : 1.63e-04   lamb: 1.00e+00   eps : -1.90e-06   step: 2.81e-03    0.30
         res : 1.18e-04   lamb: 1.00e+00   eps : -1.91e-06   step: 2.86e-03    0.36
         res : 7.84e-05   lamb: 1.00e+00   eps : -1.92e-06   step: 2.89e-03    0.32
         res : 5.25e-05   lamb: 1.00e+00   eps : -1.92e-06   step: 2.89e-03    0.30
         res : 3.46e-05   lamb: 1.00e+00   eps : -1.92e-06   step: 2.89e-03    0.32
         res : 2.46e-05   lamb: 1.00e+00   eps : -1.92e-06   step: 2.89e-03    0.32
         res : 1.65e-05   lamb: 1.00e+00   eps : -1.92e-06   step: 2.89e-03    0.28
         res : 1.12e-05   lamb: 1.00e+00   eps : -1.92e-06   step: 2.88e-03    0.35
         res : 7.49e-06   lamb: 1.00e+00   eps : -1.92e-06   step: 2.88e-03    0.31
         res : 5.38e-06   lamb: 1.00e+00   eps : -1.92e-06   step: 2.88e-03    0.29
         res : 3.69e-06   lamb: 1.00e+00   eps : -1.92e-06   step: 2.88e-03    0.33
         res : 2.63e-06   lamb: 1.00e+00   eps : -1.92e-06   step: 2.88e-03    0.33
         res : 1.70e-06   lamb: 1.00e+00   eps : -1.92e-06   step: 2.88e-03    0.29
         res : 1.13e-06   lamb: 1.00e+00   eps : -1.92e-06   step: 2.88e-03    0.32
         res : 7.39e-07   lamb: 1.00e+00   eps : -1.92e-06   step: 2.88e-03    0.34
         res : 4.77e-07   lamb: 1.00e+00   eps : -1.92e-06   step: 2.88e-03    0.29
         res : 3.01e-07   lamb: 1.00e+00   eps : -1.92e-06   step: 2.88e-03    0.33
         res : 2.01e-07   lamb: 1.00e+00   eps : -1.92e-06   step: 2.88e-03    0.34

      4  0      -386.70579107     5.76e-06      9.08
      4  1      -386.54927162     0.00e+00      9.08
      4  2      -386.52538396     0.00e+00      9.08
      4  3      -386.50459972     0.00e+00      9.08

         res : 3.34e-04   lamb: 1.00e+00   eps : -2.24e-07   step: 6.87e-04    0.32
         res : 1.69e-04   lamb: 1.00e+00   eps : -2.69e-07   step: 9.70e-04    0.34
         res : 1.16e-04   lamb: 1.00e+00   eps : -2.83e-07   step: 1.06e-03    0.30
         res : 6.72e-05   lamb: 1.00e+00   eps : -2.87e-07   step: 1.10e-03    0.34
         res : 4.81e-05   lamb: 1.00e+00   eps : -2.88e-07   step: 1.13e-03    0.37
         res : 3.09e-05   lamb: 1.00e+00   eps : -2.89e-07   step: 1.14e-03    0.29
         res : 2.10e-05   lamb: 1.00e+00   eps : -2.89e-07   step: 1.14e-03    0.33
         res : 1.38e-05   lamb: 1.00e+00   eps : -2.90e-07   step: 1.14e-03    0.30
         res : 9.62e-06   lamb: 1.00e+00   eps : -2.90e-07   step: 1.14e-03    0.30
         res : 6.49e-06   lamb: 1.00e+00   eps : -2.90e-07   step: 1.14e-03    0.28
         res : 4.46e-06   lamb: 1.00e+00   eps : -2.90e-07   step: 1.14e-03    0.31
         res : 3.03e-06   lamb: 1.00e+00   eps : -2.90e-07   step: 1.14e-03    0.30
         res : 2.20e-06   lamb: 1.00e+00   eps : -2.90e-07   step: 1.14e-03    0.29
         res : 1.49e-06   lamb: 1.00e+00   eps : -2.90e-07   step: 1.14e-03    0.35
         res : 1.07e-06   lamb: 1.00e+00   eps : -2.90e-07   step: 1.14e-03    0.31
         res : 6.96e-07   lamb: 1.00e+00   eps : -2.90e-07   step: 1.14e-03    0.29
         res : 4.72e-07   lamb: 1.00e+00   eps : -2.90e-07   step: 1.14e-03    0.36
         res : 3.11e-07   lamb: 1.00e+00   eps : -2.90e-07   step: 1.14e-03    0.34
         res : 2.01e-07   lamb: 1.00e+00   eps : -2.90e-07   step: 1.14e-03    0.29
         res : 1.29e-07   lamb: 1.00e+00   eps : -2.90e-07   step: 1.14e-03    0.33
         res : 8.50e-08   lamb: 1.00e+00   eps : -2.90e-07   step: 1.14e-03    0.32

      5  0      -386.70576904     2.59e-06      9.09
      5  1      -386.54928828     0.00e+00      9.09
      5  2      -386.52540945     0.00e+00      9.09
      5  3      -386.50458040     0.00e+00      9.09

         res : 1.45e-04   lamb: 1.00e+00   eps : -3.99e-08   step: 2.67e-04    0.35
         res : 7.41e-05   lamb: 1.00e+00   eps : -4.86e-08   step: 3.92e-04    0.32
         res : 5.19e-05   lamb: 1.00e+00   eps : -5.12e-08   step: 4.38e-04    0.30
         res : 2.99e-05   lamb: 1.00e+00   eps : -5.20e-08   step: 4.58e-04    0.35
         res : 2.11e-05   lamb: 1.00e+00   eps : -5.23e-08   step: 4.70e-04    0.31
         res : 1.34e-05   lamb: 1.00e+00   eps : -5.25e-08   step: 4.76e-04    0.28
         res : 9.37e-06   lamb: 1.00e+00   eps : -5.25e-08   step: 4.77e-04    0.28
         res : 6.19e-06   lamb: 1.00e+00   eps : -5.26e-08   step: 4.77e-04    0.34
         res : 4.28e-06   lamb: 1.00e+00   eps : -5.26e-08   step: 4.77e-04    0.28
         res : 2.85e-06   lamb: 1.00e+00   eps : -5.26e-08   step: 4.77e-04    0.30
         res : 1.91e-06   lamb: 1.00e+00   eps : -5.26e-08   step: 4.76e-04    0.32
         res : 1.28e-06   lamb: 1.00e+00   eps : -5.26e-08   step: 4.76e-04    0.30
         res : 9.12e-07   lamb: 1.00e+00   eps : -5.26e-08   step: 4.76e-04    0.28
         res : 6.29e-07   lamb: 1.00e+00   eps : -5.26e-08   step: 4.76e-04    0.37
         res : 4.49e-07   lamb: 1.00e+00   eps : -5.26e-08   step: 4.76e-04    0.29
         res : 2.96e-07   lamb: 1.00e+00   eps : -5.26e-08   step: 4.76e-04    0.29
         res : 1.99e-07   lamb: 1.00e+00   eps : -5.26e-08   step: 4.76e-04    0.32
         res : 1.30e-07   lamb: 1.00e+00   eps : -5.26e-08   step: 4.76e-04    0.32
         res : 8.55e-08   lamb: 1.00e+00   eps : -5.26e-08   step: 4.76e-04    0.29
         res : 5.51e-08   lamb: 1.00e+00   eps : -5.26e-08   step: 4.76e-04    0.36
         res : 3.67e-08   lamb: 1.00e+00   eps : -5.26e-08   step: 4.76e-04    0.30

      6  0      -386.70575953     1.23e-06      9.07
      6  1      -386.54929587     0.00e+00      9.07
      6  2      -386.52541905     0.00e+00      9.07
      6  3      -386.50457289     0.00e+00      9.07

         res : 6.63e-05   lamb: 1.00e+00   eps : -8.20e-09   step: 1.13e-04    0.34
         res : 3.38e-05   lamb: 1.00e+00   eps : -1.00e-08   step: 1.68e-04    0.31
         res : 2.38e-05   lamb: 1.00e+00   eps : -1.05e-08   step: 1.89e-04    0.30
         res : 1.38e-05   lamb: 1.00e+00   eps : -1.07e-08   step: 1.99e-04    0.35
         res : 9.62e-06   lamb: 1.00e+00   eps : -1.08e-08   step: 2.05e-04    0.30
         res : 6.08e-06   lamb: 1.00e+00   eps : -1.08e-08   step: 2.08e-04    0.28
         res : 4.35e-06   lamb: 1.00e+00   eps : -1.08e-08   step: 2.09e-04    0.33
         res : 2.90e-06   lamb: 1.00e+00   eps : -1.08e-08   step: 2.09e-04    0.33
         res : 2.06e-06   lamb: 1.00e+00   eps : -1.08e-08   step: 2.09e-04    0.29
         res : 1.37e-06   lamb: 1.00e+00   eps : -1.08e-08   step: 2.08e-04    0.37
         res : 9.65e-07   lamb: 1.00e+00   eps : -1.08e-08   step: 2.08e-04    0.32
         res : 6.52e-07   lamb: 1.00e+00   eps : -1.08e-08   step: 2.08e-04    0.29
         res : 4.80e-07   lamb: 1.00e+00   eps : -1.08e-08   step: 2.08e-04    0.31
         res : 3.29e-07   lamb: 1.00e+00   eps : -1.08e-08   step: 2.08e-04    0.33
         res : 2.27e-07   lamb: 1.00e+00   eps : -1.08e-08   step: 2.08e-04    0.29
         res : 1.49e-07   lamb: 1.00e+00   eps : -1.08e-08   step: 2.08e-04    0.34
         res : 1.02e-07   lamb: 1.00e+00   eps : -1.08e-08   step: 2.08e-04    0.35
         res : 6.64e-08   lamb: 1.00e+00   eps : -1.08e-08   step: 2.08e-04    0.29
         res : 4.26e-08   lamb: 1.00e+00   eps : -1.08e-08   step: 2.08e-04    0.33
         res : 2.72e-08   lamb: 1.00e+00   eps : -1.08e-08   step: 2.08e-04    0.36
         res : 1.78e-08   lamb: 1.00e+00   eps : -1.08e-08   step: 2.08e-04    0.30

      7  0      -386.70575527     6.05e-07      9.16
      7  1      -386.54929955     0.00e+00      9.16
      7  2      -386.52542268     0.00e+00      9.16
      7  3      -386.50456987     0.00e+00      9.16

         res : 3.15e-05   lamb: 1.00e+00   eps : -1.86e-09   step: 5.14e-05    0.35
         res : 1.58e-05   lamb: 1.00e+00   eps : -2.26e-09   step: 7.63e-05    0.30
         res : 1.11e-05   lamb: 1.00e+00   eps : -2.38e-09   step: 8.59e-05    0.34
         res : 6.54e-06   lamb: 1.00e+00   eps : -2.42e-09   step: 9.04e-05    0.36
         res : 4.51e-06   lamb: 1.00e+00   eps : -2.43e-09   step: 9.34e-05    0.29
         res : 2.85e-06   lamb: 1.00e+00   eps : -2.44e-09   step: 9.47e-05    0.33
         res : 2.08e-06   lamb: 1.00e+00   eps : -2.44e-09   step: 9.51e-05    0.37
         res : 1.40e-06   lamb: 1.00e+00   eps : -2.44e-09   step: 9.51e-05    0.28
         res : 1.02e-06   lamb: 1.00e+00   eps : -2.44e-09   step: 9.50e-05    0.33
         res : 6.78e-07   lamb: 1.00e+00   eps : -2.44e-09   step: 9.50e-05    0.31
         res : 4.83e-07   lamb: 1.00e+00   eps : -2.44e-09   step: 9.49e-05    0.30
         res : 3.23e-07   lamb: 1.00e+00   eps : -2.44e-09   step: 9.49e-05    0.29
         res : 2.36e-07   lamb: 1.00e+00   eps : -2.44e-09   step: 9.49e-05    0.34
         res : 1.61e-07   lamb: 1.00e+00   eps : -2.44e-09   step: 9.49e-05    0.30
         res : 1.10e-07   lamb: 1.00e+00   eps : -2.44e-09   step: 9.49e-05    0.28
         res : 7.13e-08   lamb: 1.00e+00   eps : -2.44e-09   step: 9.49e-05    0.38
         res : 4.89e-08   lamb: 1.00e+00   eps : -2.44e-09   step: 9.49e-05    0.32
         res : 3.16e-08   lamb: 1.00e+00   eps : -2.44e-09   step: 9.49e-05    0.29
         res : 2.02e-08   lamb: 1.00e+00   eps : -2.44e-09   step: 9.49e-05    0.33
         res : 1.29e-08   lamb: 1.00e+00   eps : -2.44e-09   step: 9.49e-05    0.33
         res : 8.43e-09   lamb: 1.00e+00   eps : -2.44e-09   step: 9.49e-05    0.29

      8  0      -386.70575332     3.03e-07      9.11
      8  1      -386.54930139     0.00e+00      9.11
      8  2      -386.52542406     0.00e+00      9.11
      8  3      -386.50456861     0.00e+00      9.11

         res : 1.54e-05   lamb: 1.00e+00   eps : -4.52e-10   step: 2.47e-05    0.32
         res : 7.57e-06   lamb: 1.00e+00   eps : -5.46e-10   step: 3.63e-05    0.31
         res : 5.31e-06   lamb: 1.00e+00   eps : -5.71e-10   step: 4.05e-05    0.35
         res : 3.15e-06   lamb: 1.00e+00   eps : -5.80e-10   step: 4.26e-05    0.30
         res : 2.17e-06   lamb: 1.00e+00   eps : -5.84e-10   step: 4.40e-05    0.29
         res : 1.37e-06   lamb: 1.00e+00   eps : -5.85e-10   step: 4.46e-05    0.33
         res : 1.01e-06   lamb: 1.00e+00   eps : -5.86e-10   step: 4.48e-05    0.30
         res : 6.94e-07   lamb: 1.00e+00   eps : -5.86e-10   step: 4.48e-05    0.28
         res : 5.10e-07   lamb: 1.00e+00   eps : -5.86e-10   step: 4.48e-05    0.32
         res : 3.40e-07   lamb: 1.00e+00   eps : -5.86e-10   step: 4.48e-05    0.31
         res : 2.42e-07   lamb: 1.00e+00   eps : -5.86e-10   step: 4.48e-05    0.29
         res : 1.61e-07   lamb: 1.00e+00   eps : -5.86e-10   step: 4.47e-05    0.30
         res : 1.17e-07   lamb: 1.00e+00   eps : -5.86e-10   step: 4.47e-05    0.33
         res : 7.96e-08   lamb: 1.00e+00   eps : -5.86e-10   step: 4.47e-05    0.28
         res : 5.36e-08   lamb: 1.00e+00   eps : -5.86e-10   step: 4.47e-05    0.32
         res : 3.46e-08   lamb: 1.00e+00   eps : -5.86e-10   step: 4.47e-05    0.35
         res : 2.38e-08   lamb: 1.00e+00   eps : -5.86e-10   step: 4.47e-05    0.29
         res : 1.53e-08   lamb: 1.00e+00   eps : -5.86e-10   step: 4.47e-05    0.33
         res : 9.78e-09   lamb: 1.00e+00   eps : -5.86e-10   step: 4.47e-05    0.30
         res : 6.22e-09   lamb: 1.00e+00   eps : -5.86e-10   step: 4.47e-05    0.31
         res : 4.06e-09   lamb: 1.00e+00   eps : -5.86e-10   step: 4.47e-05    0.28

      9  0      -386.70575241     1.53e-07      9.17
      9  1      -386.54930233     0.00e+00      9.17
      9  2      -386.52542458     0.00e+00      9.17
      9  3      -386.50456806     0.00e+00      9.17

         res : 7.70e-06   lamb: 1.00e+00   eps : -1.14e-10   step: 1.23e-05    0.28
         res : 3.70e-06   lamb: 1.00e+00   eps : -1.37e-10   step: 1.79e-05    0.31
         res : 2.57e-06   lamb: 1.00e+00   eps : -1.43e-10   step: 1.98e-05    0.35
         res : 1.53e-06   lamb: 1.00e+00   eps : -1.45e-10   step: 2.07e-05    0.29
         res : 1.06e-06   lamb: 1.00e+00   eps : -1.46e-10   step: 2.13e-05    0.29
         res : 6.73e-07   lamb: 1.00e+00   eps : -1.46e-10   step: 2.16e-05    0.34
         res : 5.02e-07   lamb: 1.00e+00   eps : -1.46e-10   step: 2.17e-05    0.30
         res : 3.48e-07   lamb: 1.00e+00   eps : -1.46e-10   step: 2.17e-05    0.29
         res : 2.57e-07   lamb: 1.00e+00   eps : -1.46e-10   step: 2.17e-05    0.35
         res : 1.71e-07   lamb: 1.00e+00   eps : -1.46e-10   step: 2.17e-05    0.31
         res : 1.22e-07   lamb: 1.00e+00   eps : -1.46e-10   step: 2.17e-05    0.29
         res : 8.11e-08   lamb: 1.00e+00   eps : -1.46e-10   step: 2.17e-05    0.34
         res : 5.86e-08   lamb: 1.00e+00   eps : -1.46e-10   step: 2.17e-05    0.31
         res : 3.97e-08   lamb: 1.00e+00   eps : -1.46e-10   step: 2.17e-05    0.30
         res : 2.65e-08   lamb: 1.00e+00   eps : -1.46e-10   step: 2.17e-05    0.34
         res : 1.70e-08   lamb: 1.00e+00   eps : -1.46e-10   step: 2.17e-05    0.33
         res : 1.17e-08   lamb: 1.00e+00   eps : -1.46e-10   step: 2.17e-05    0.31
         res : 7.46e-09   lamb: 1.00e+00   eps : -1.46e-10   step: 2.17e-05    0.36
         res : 4.78e-09   lamb: 1.00e+00   eps : -1.46e-10   step: 2.17e-05    0.33

     10  0      -386.70575197     7.83e-08      8.61
     10  1      -386.54930281     0.00e+00      8.61
     10  2      -386.52542478     0.00e+00      8.61
     10  3      -386.50456781     0.00e+00      8.61

         res : 3.90e-06   lamb: 1.00e+00   eps : -2.94e-11   step: 6.24e-06    0.33
         res : 1.84e-06   lamb: 1.00e+00   eps : -3.51e-11   step: 8.98e-06    0.31
         res : 1.26e-06   lamb: 1.00e+00   eps : -3.66e-11   step: 9.83e-06    0.28
         res : 7.56e-07   lamb: 1.00e+00   eps : -3.71e-11   step: 1.02e-05    0.34
         res : 5.27e-07   lamb: 1.00e+00   eps : -3.73e-11   step: 1.05e-05    0.29
         res : 3.35e-07   lamb: 1.00e+00   eps : -3.74e-11   step: 1.07e-05    0.29
         res : 2.52e-07   lamb: 1.00e+00   eps : -3.74e-11   step: 1.07e-05    0.29
         res : 1.76e-07   lamb: 1.00e+00   eps : -3.74e-11   step: 1.07e-05    0.36
         res : 1.30e-07   lamb: 1.00e+00   eps : -3.74e-11   step: 1.07e-05    0.28
         res : 8.72e-08   lamb: 1.00e+00   eps : -3.74e-11   step: 1.07e-05    0.33
         res : 6.22e-08   lamb: 1.00e+00   eps : -3.74e-11   step: 1.07e-05    0.37
         res : 4.10e-08   lamb: 1.00e+00   eps : -3.74e-11   step: 1.07e-05    0.28
         res : 2.95e-08   lamb: 1.00e+00   eps : -3.74e-11   step: 1.07e-05    0.34
         res : 1.99e-08   lamb: 1.00e+00   eps : -3.74e-11   step: 1.07e-05    0.32
         res : 1.32e-08   lamb: 1.00e+00   eps : -3.74e-11   step: 1.07e-05    0.29
         res : 8.45e-09   lamb: 1.00e+00   eps : -3.74e-11   step: 1.07e-05    0.28
         res : 5.77e-09   lamb: 1.00e+00   eps : -3.74e-11   step: 1.07e-05    0.34
         res : 3.68e-09   lamb: 1.00e+00   eps : -3.74e-11   step: 1.07e-05    0.30

     11  0      -386.70575176     4.02e-08      7.97
     11  1      -386.54930306     0.00e+00      7.97
     11  2      -386.52542486     0.00e+00      7.97
     11  3      -386.50456770     0.00e+00      7.97

         res : 1.99e-06   lamb: 1.00e+00   eps : -7.68e-12   step: 3.19e-06    0.32
         res : 9.22e-07   lamb: 1.00e+00   eps : -9.15e-12   step: 4.57e-06    0.28
         res : 6.28e-07   lamb: 1.00e+00   eps : -9.51e-12   step: 4.96e-06    0.26
         res : 3.76e-07   lamb: 1.00e+00   eps : -9.63e-12   step: 5.15e-06    0.31
         res : 2.64e-07   lamb: 1.00e+00   eps : -9.68e-12   step: 5.29e-06    0.29
         res : 1.68e-07   lamb: 1.00e+00   eps : -9.70e-12   step: 5.35e-06    0.27
         res : 1.27e-07   lamb: 1.00e+00   eps : -9.71e-12   step: 5.37e-06    0.27
         res : 8.95e-08   lamb: 1.00e+00   eps : -9.72e-12   step: 5.38e-06    0.33
         res : 6.62e-08   lamb: 1.00e+00   eps : -9.72e-12   step: 5.38e-06    0.29
         res : 4.45e-08   lamb: 1.00e+00   eps : -9.72e-12   step: 5.38e-06    0.27
         res : 3.18e-08   lamb: 1.00e+00   eps : -9.72e-12   step: 5.37e-06    0.29
         res : 2.08e-08   lamb: 1.00e+00   eps : -9.72e-12   step: 5.37e-06    0.32
         res : 1.49e-08   lamb: 1.00e+00   eps : -9.72e-12   step: 5.37e-06    0.27
         res : 1.00e-08   lamb: 1.00e+00   eps : -9.72e-12   step: 5.37e-06    0.26
         res : 6.62e-09   lamb: 1.00e+00   eps : -9.72e-12   step: 5.37e-06    0.36
         res : 4.21e-09   lamb: 1.00e+00   eps : -9.72e-12   step: 5.37e-06    0.35

     12  0      -386.70575166     2.07e-08      7.26
     12  1      -386.54930319     0.00e+00      7.26
     12  2      -386.52542489     0.00e+00      7.26
     12  3      -386.50456764     0.00e+00      7.26

         res : 1.02e-06   lamb: 1.00e+00   eps : -2.02e-12   step: 1.64e-06    0.34
         res : 4.66e-07   lamb: 1.00e+00   eps : -2.40e-12   step: 2.34e-06    0.38
         res : 3.15e-07   lamb: 1.00e+00   eps : -2.49e-12   step: 2.52e-06    0.36
         res : 1.89e-07   lamb: 1.00e+00   eps : -2.52e-12   step: 2.61e-06    0.30
         res : 1.33e-07   lamb: 1.00e+00   eps : -2.54e-12   step: 2.68e-06    0.37
         res : 8.50e-08   lamb: 1.00e+00   eps : -2.54e-12   step: 2.70e-06    0.32
         res : 6.46e-08   lamb: 1.00e+00   eps : -2.55e-12   step: 2.72e-06    0.27
         res : 4.58e-08   lamb: 1.00e+00   eps : -2.55e-12   step: 2.72e-06    0.32
         res : 3.39e-08   lamb: 1.00e+00   eps : -2.55e-12   step: 2.72e-06    0.34
         res : 2.29e-08   lamb: 1.00e+00   eps : -2.55e-12   step: 2.72e-06    0.31
         res : 1.63e-08   lamb: 1.00e+00   eps : -2.55e-12   step: 2.72e-06    0.39
         res : 1.06e-08   lamb: 1.00e+00   eps : -2.55e-12   step: 2.72e-06    0.39
         res : 7.53e-09   lamb: 1.00e+00   eps : -2.55e-12   step: 2.72e-06    0.33
         res : 5.06e-09   lamb: 1.00e+00   eps : -2.55e-12   step: 2.72e-06    0.41
         res : 3.33e-09   lamb: 1.00e+00   eps : -2.55e-12   step: 2.72e-06    0.31

     13  0      -386.70575161     1.06e-08      7.84
     13  1      -386.54930325     0.00e+00      7.84
     13  2      -386.52542490     0.00e+00      7.84
     13  3      -386.50456762     0.00e+00      7.84

         res : 5.26e-07   lamb: 1.00e+00   eps : -5.35e-13   step: 8.44e-07    0.37
         res : 2.37e-07   lamb: 1.00e+00   eps : -6.35e-13   step: 1.20e-06    0.33
         res : 1.59e-07   lamb: 1.00e+00   eps : -6.58e-13   step: 1.29e-06    0.38
         res : 9.53e-08   lamb: 1.00e+00   eps : -6.66e-13   step: 1.33e-06    0.32
         res : 6.72e-08   lamb: 1.00e+00   eps : -6.69e-13   step: 1.36e-06    0.32
         res : 4.32e-08   lamb: 1.00e+00   eps : -6.70e-13   step: 1.38e-06    0.38
         res : 3.30e-08   lamb: 1.00e+00   eps : -6.71e-13   step: 1.38e-06    0.30
         res : 2.35e-08   lamb: 1.00e+00   eps : -6.71e-13   step: 1.38e-06    0.27
         res : 1.74e-08   lamb: 1.00e+00   eps : -6.72e-13   step: 1.38e-06    0.38
         res : 1.18e-08   lamb: 1.00e+00   eps : -6.72e-13   step: 1.38e-06    0.33
         res : 8.40e-09   lamb: 1.00e+00   eps : -6.72e-13   step: 1.38e-06    0.31
         res : 5.46e-09   lamb: 1.00e+00   eps : -6.72e-13   step: 1.38e-06    0.40
         res : 3.85e-09   lamb: 1.00e+00   eps : -6.72e-13   step: 1.38e-06    0.36

     14  0      -386.70575158     5.49e-09      7.17
     14  1      -386.54930329     0.00e+00      7.17
     14  2      -386.52542491     0.00e+00      7.17
     14  3      -386.50456760     0.00e+00      7.17

    * Second-order optimization converged. *   

    * Integral transformation done. Elapsed time: 0.34

     guess   0:   closed 111...               open ......              
     guess   1:   closed 11....               open ..11..              
     guess   2:   closed 11....               open ..1.1.              
     guess   3:   closed 1.1...               open .1.1..              

  === FCI iteration ===

      0  0      -386.64175570     8.89e-03      0.00
      0  1      -386.49059921     7.76e-03      0.00
      0  2      -386.39530712     8.29e-03      0.00
      0  3      -386.36926885     8.51e-03      0.00

      1  0      -386.69539312     4.23e-03      0.01
      1  1      -386.53335092     3.55e-03      0.00
      1  2      -386.45571983     6.17e-03      0.00
      1  3      -386.43287707     4.85e-03      0.00

      2  0      -386.70472312     1.51e-03      0.00
      2  1      -386.54307930     2.06e-03      0.00
      2  2      -386.50205952     5.23e-03      0.00
      2  3      -386.45676037     3.93e-03      0.00

      3  0      -386.70565346     4.98e-04      0.00
      3  1      -386.54742987     1.59e-03      0.00
      3  2      -386.51970312     2.69e-03      0.00
      3  3      -386.48151972     4.70e-03      0.00

      4  0      -386.70574101     1.39e-04      0.00
      4  1      -386.54897581     7.42e-04      0.00
      4  2      -386.52431359     1.19e-03      0.00
      4  3      -386.49993337     2.50e-03      0.00

      5  0      -386.70574976     5.07e-05      0.00
      5  1      -386.54925447     2.70e-04      0.00
      5  2      -386.52523964     5.27e-04      0.00
      5  3      -386.50379270     1.01e-03      0.00

      6  0      -386.70575128     2.18e-05      0.00
      6  1      -386.54929623     9.68e-05      0.00
      6  2      -386.52539835     1.91e-04      0.00
      6  3      -386.50446174     3.70e-04      0.00

      7  0      -386.70575155     8.12e-06      0.00
      7  1      -386.54930180     3.96e-05      0.00
      7  2      -386.52542133     7.40e-05      0.00
      7  3      -386.50454911     1.31e-04      0.00

      8  0      -386.70575158     2.63e-06      0.01
      8  1      -386.54930291     2.09e-05      0.00
      8  2      -386.52542439     2.62e-05      0.00
      8  3      -386.50456199     6.72e-05      0.00

      9  0      -386.70575158     6.08e-07      0.01
      9  1      -386.54930322     9.42e-06      0.00
      9  2      -386.52542485     8.85e-06      0.00
      9  3      -386.50456618     3.93e-05      0.00

     10  0      -386.70575158     1.49e-07      0.01
     10  1      -386.54930328     3.56e-06      0.00
     10  2      -386.52542490     2.67e-06      0.00
     10  3      -386.50456742     1.65e-05      0.00

     11  0      -386.70575158     3.19e-08      0.01
     11  1      -386.54930329     1.07e-06      0.00
     11  2      -386.52542491     7.77e-07      0.00
     11  3      -386.50456759     5.18e-06      0.00

     12  0      -386.70575158     7.15e-09      0.01
     12  1      -386.54930329     2.85e-07      0.00
     12  2      -386.52542491     2.23e-07      0.00
     12  3      -386.50456760     1.54e-06      0.00

     13  0      -386.70575158     1.45e-09      0.01
     13  1      -386.54930329     7.08e-08      0.00
     13  2      -386.52542491     6.90e-08      0.00
     13  3      -386.50456760     4.31e-07      0.00

     14  0      -386.70575158     2.70e-10      0.01
     14  1      -386.54930329     1.91e-08      0.00
     14  2      -386.52542491     1.93e-08      0.00
     14  3      -386.50456760     1.31e-07      0.00

     15  0 *    -386.70575158     4.99e-11      0.01
     15  1      -386.54930329     5.33e-09      0.00
     15  2      -386.52542491     5.29e-09      0.00
     15  3      -386.50456760     4.07e-08      0.00

     16  0 *    -386.70575158     3.03e-11      0.01
     16  1      -386.54930329     1.35e-09      0.00
     16  2      -386.52542491     1.39e-09      0.00
     16  3      -386.50456760     1.13e-08      0.00

     17  0 *    -386.70575158     2.85e-11      0.01
     17  1      -386.54930329     3.41e-10      0.00
     17  2      -386.52542491     3.40e-10      0.00
     17  3      -386.50456760     2.88e-09      0.00

     18  0 *    -386.70575158     2.78e-11      0.01
     18  1 *    -386.54930329     8.19e-11      0.00
     18  2 *    -386.52542491     7.96e-11      0.00
     18  3      -386.50456760     7.55e-10      0.00

     19  0 *    -386.70575158     2.77e-11      0.01
     19  1 *    -386.54930329     3.57e-11      0.00
     19  2 *    -386.52542491     6.04e-11      0.00
     19  3      -386.50456760     1.96e-10      0.00

     20  0 *    -386.70575158     2.77e-11      0.01
     20  1 *    -386.54930329     3.11e-11      0.00
     20  2 *    -386.52542491     5.99e-11      0.00
     20  3 *    -386.50456760     4.84e-11      0.00

     * ci vector, state   0, <S^2> = 0.0000
       222...    -0.7695435089
       22ab..     0.3695885618
       22ba..     0.3695885618
       2.2.2.     0.0941168980
       a2bb.a    -0.0812005162
       b2aa.b    -0.0812005162
       b22a..    -0.0760220189
       a22b..    -0.0760220189
       22.b.a     0.0574492053
       22.a.b     0.0574492053
       22...2     0.0553888146
       .22..2     0.0545789860

     * ci vector, state   1, <S^2> = -0.0000
       22ab..    -0.4609753976
       22ba..    -0.4609753976
       222...    -0.3752244269
       b22a..    -0.2111897450
       a22b..    -0.2111897450
       2a2b..    -0.2110107942
       2b2a..    -0.2110107942
       22.a.b     0.1415973834
       22.b.a     0.1415973834
       2abba.     0.1213063292
       2baab.     0.1213063292
       22...2     0.0991504300
       22a..b    -0.0895929591
       22b..a    -0.0895929591
       22b.a.    -0.0797732210
       22a.b.    -0.0797732210
       2.ab2.     0.0754198057
       2.ba2.     0.0754198057
       2aabb.    -0.0729744471
       2bbaa.    -0.0729744471
       a2bb.a     0.0632744054
       b2aa.b     0.0632744054
       .22b.a    -0.0629521499
       .22a.b    -0.0629521499
       22.2..    -0.0566269029
       2abb.a     0.0543658571
       2baa.b     0.0543658571
       2ba2..    -0.0513840143
       2ab2..    -0.0513840143
       .2ab.2     0.0501035708
       .2ba.2     0.0501035708

     * ci vector, state   2, <S^2> = 0.0000
       2a2b..    -0.3003494585
       2b2a..    -0.3003494585
       222...     0.2773318635
       22.ba.     0.2620177465
       22.ab.     0.2620177465
       22ba..     0.1895760431
       22ab..     0.1895760431
       b22a..    -0.1868705968
       a22b..    -0.1868705968
       22.a.b     0.1834994311
       22.b.a     0.1834994311
       2baab.    -0.1555742326
       2abba.    -0.1555742326
       22a..b    -0.1450836108
       22b..a    -0.1450836108
       a2bba.     0.1450548893
       b2aab.     0.1450548893
       a2abb.    -0.1119241047
       b2baa.    -0.1119241047
       2bbaa.     0.0916033921
       2aabb.     0.0916033921
       2abb.a     0.0820827459
       2baa.b     0.0820827459
       22a.b.     0.0819800459
       22b.a.     0.0819800459
       .22ba.    -0.0808512884
       .22ab.    -0.0808512884
       2ba2..    -0.0734564315
       2ab2..    -0.0734564315
       22..2.    -0.0699408951
       2b2..a    -0.0680208541
       2a2..b    -0.0680208541
       ba2b.a    -0.0645212451
       ab2a.b    -0.0645212451
       2b.a.2    -0.0640286586
       2a.b.2    -0.0640286586
       2abab.    -0.0639708405
       2baba.    -0.0639708405
       2bab.a     0.0601663044
       2aba.b     0.0601663044
       2.22..    -0.0547976641
       ba2a.b    -0.0510750617
       ab2b.a    -0.0510750617
       2.2ba.    -0.0500599966
       2.2ab.    -0.0500599966

     * ci vector, state   3, <S^2> = -0.0000
       222...     0.3071070508
       2abba.     0.2566930735
       2baab.     0.2566930735
       b22a..    -0.2202658843
       a22b..    -0.2202658843
       22.2..    -0.2187701024
       22ba..     0.2174732211
       22ab..     0.2174732211
       22.a.b     0.2081352949
       22.b.a     0.2081352949
       22b.a.    -0.1936691534
       22a.b.    -0.1936691534
       22.ab.    -0.1598829643
       22.ba.    -0.1598829642
       b2aab.    -0.1329526079
       a2bba.    -0.1329526079
       2aabb.    -0.1288155248
       2bbaa.    -0.1288155248
       2baba.     0.1278775487
       2abab.     0.1278775487
       22a..b    -0.0931161987
       22b..a    -0.0931161987
       b2baa.     0.0782352624
       a2abb.     0.0782352624
       .222..     0.0755201244
       2.2.2.    -0.0719624601
       ab2ab.    -0.0698367072
       ba2ba.    -0.0698367072
       2ab2..     0.0641961015
       2ba2..     0.0641961015
       ba2ab.    -0.0596621873
       ab2ba.    -0.0596621873
       b2aba.    -0.0547173455
       a2bab.    -0.0547173455
       22..2.     0.0537888321
       22..ab    -0.0534349163
       22..ba    -0.0534349163
       a2b2..    -0.0524359354
       b2a2..    -0.0524359354

    * METHOD: CASSCF                             122.44

  === SMITH program ===

    * freezing 10 orbitals
    * SS-SR internal contraction is used

    * Approximate memory requirement for SMITH calulation per MPI process:
      o Storage requirement for T-amplitude, lambda, and residual is 0.14 GB
      o Storage requirement for MO integrals is 0.02 GB
       - MO integral evaluation                    5.28

  ++ State-averaged Fock matrix over basis states ++

                         0                   1                   2                   3
     0       -1.6116286095       -0.0427480114        0.0446851864        0.0565715823
     1       -0.0427480114       -1.3814125257        0.0771838327        0.1252249157
     2        0.0446851864        0.0771838327       -1.2395850617       -0.0912585017
     3        0.0565715823        0.1252249157       -0.0912585017       -1.2450368547


  ++ Extended multi-state CASPT2 (XMS-CASPT2) rotation matrix ++

                         0                   1                   2                   3
     0       -0.8834040230       -0.4630530135       -0.0685696179        0.0218505478
     1       -0.3204713423        0.7087847335       -0.5828037232        0.2350790091
     2        0.2132572582       -0.3241421783       -0.7355063113       -0.5554130500
     3        0.2672392052       -0.4220639246       -0.3386273671        0.7973561042


  ++ Reference energies in XMS basis ++

                         0                   1                   2                   3
     0     -386.6671151182       -0.0706936299       -0.0172705118        0.0097240987
     1       -0.0706936299     -386.5723706520        0.0071190956       -0.0091733043
     2       -0.0172705118        0.0071190956     -386.5319916243       -0.0020899724
     3        0.0097240987       -0.0091733043       -0.0020899724     -386.5135699853

    * Calculating and saving rdm4f

    - linear dependency detected:    1 /   72    min eigenvalue:     2.1278e-15    max eigenvalue:     2.1278e-15
    - linear dependency detected:    1 /   72    min eigenvalue:    -1.2154e-15    max eigenvalue:    -1.2154e-15
    - linear dependency detected:    1 /   72    min eigenvalue:    -2.2625e-15    max eigenvalue:    -2.2625e-15
    - linear dependency detected:    1 /   72    min eigenvalue:     2.7672e-15    max eigenvalue:     2.7672e-15
    - linear dependency detected:   10 /  216    min eigenvalue:    -3.0574e-15    max eigenvalue:     6.3921e-10
    - linear dependency detected:    7 /  216    min eigenvalue:    -9.4664e-15    max eigenvalue:     1.7114e-13
    - linear dependency detected:    8 /  216    min eigenvalue:    -5.9994e-15    max eigenvalue:     5.4362e-10
    - linear dependency detected:    8 /  216    min eigenvalue:    -1.4555e-15    max eigenvalue:     9.9193e-10
    - linear dependency detected:   10 /  216    min eigenvalue:    -1.0728e-15    max eigenvalue:     8.0178e-10
    - linear dependency detected:    8 /  216    min eigenvalue:    -1.1353e-15    max eigenvalue:     4.9081e-10
    - linear dependency detected:    8 /  216    min eigenvalue:    -6.4310e-16    max eigenvalue:     3.3623e-10
    - linear dependency detected:    8 /  216    min eigenvalue:    -9.2063e-16    max eigenvalue:     3.4303e-10
       - RDM + denominator evaluation              2.34

    * Zeroth order energy : state  0       -1.6550369444
    * Zeroth order energy : state  1       -1.4633511692
    * Zeroth order energy : state  2       -1.2162753432
    * Zeroth order energy : state  3       -1.1429995949

    * CASPT2 iteration is performed using redundant basis

      ---- iteration ----

        0    -1.12395564     0.00114179      4.63
        1    -1.12467873     0.00007523      4.64
        2    -1.12468359     0.00000688      4.76
        3    -1.12468365     0.00000080      4.78

        0    -1.13112244     0.00105036      5.19
        1    -1.13183676     0.00007089      4.56
        2    -1.13184193     0.00000669      4.80
        3    -1.13184199     0.00000074      4.84

        0    -1.10915482     0.00096480      5.15
        1    -1.10979506     0.00006835      4.88
        2    -1.10980048     0.00000692      4.54
        3    -1.10980054     0.00000079      4.87

        0    -1.10870283     0.00088704      5.21
        1    -1.10927787     0.00006861      4.79
        2    -1.10928393     0.00000950      4.57
        3    -1.10928403     0.00000104      4.38
        4    -1.10928403     0.00000011      4.05

      -------------------

       - CASPT2 energy evaluation                 83.91

    * CASPT2 energy : state  0     -387.9665807745
        w/o shift correction       -387.7917987682
        reference weight              0.7409800429

    * CASPT2 energy : state  1     -387.8833674077
        w/o shift correction       -387.7042126398
        reference weight              0.7362092172

    * CASPT2 energy : state  2     -387.8163995253
        w/o shift correction       -387.6417921688
        reference weight              0.7411718760

    * CASPT2 energy : state  3     -387.7992126661
        w/o shift correction       -387.6228540121
        reference weight              0.7392527575


    * MS-CASPT2 Heff
           -387.9665807745       -0.0453173334       -0.0094551647        0.0065831773
             -0.0453173334     -387.8833674077        0.0043610814       -0.0073771771
             -0.0094551647        0.0043610814     -387.8163995253       -0.0012337424
              0.0065831773       -0.0073771771       -0.0012337424     -387.7992126661


    * MS-CASPT2 rotation matrix
             -0.9161552536       -0.3831167201        0.0850278734        0.0815560589
             -0.3984409639        0.9015679316       -0.1023679025       -0.1339435533
             -0.0405150433       -0.1491493852       -0.9786554629       -0.1354491679
              0.0162135993        0.1347267763       -0.1566031872        0.9782950765


    * XMS-CASPT2 rotation matrix
              0.9969669028       -0.0658559255        0.0359719660        0.0206399965
              0.0386164265        0.8803917699        0.4337441222        0.1878433911
             -0.0454314100       -0.3390673101        0.8581012894       -0.3829249577
             -0.0500175301       -0.3249718262        0.2724595954        0.9042440642

    * MS-CASPT2 energy : state  0     -387.9868241725
    * MS-CASPT2 energy : state  1     -387.8659339214
    * MS-CASPT2 energy : state  2     -387.8153192889
    * MS-CASPT2 energy : state  3     -387.7974829909



    * METHOD: SMITH                              114.26


  
  ===============================================================

