    * Using serial Knowles-Handy algorithm in FCI.
  ---------------------------
        FCI calculation      
  ---------------------------

  Performs exactly the same way as Knowles & Handy 1984 CPL

  o alpha-beta strings
      length:            40
  o size of the space 
      determinant space:  400
      spin-adapted space: 175

  o single displacement lists (alpha)
      length:           240
  o single displacement lists (beta)
      length:           240
    * Integral transformation done. Elapsed time: 0.35

     guess   0:   closed 111...               open ......              
     guess   1:   closed 11....               open ..11..              
     guess   2:   closed 1.1...               open .1..1.              
     guess   3:   closed .11...               open 1..1..              

  === FCI iteration ===

      0  0      -386.43684362     1.00e-02      0.00
      0  1      -386.18818176     9.45e-03      0.00
      0  2      -386.09563297     1.15e-02      0.00
      0  3      -386.03280885     8.54e-03      0.00

      1  0      -386.50286122     4.00e-03      0.00
      1  1      -386.24567345     4.19e-03      0.00
      1  2      -386.21506833     7.97e-03      0.00
      1  3      -386.09214955     4.76e-03      0.00

      2  0      -386.50922836     1.03e-03      0.00
      2  1      -386.26420557     5.78e-03      0.00
      2  2      -386.25434169     2.64e-03      0.00
      2  3      -386.10458915     1.95e-03      0.00

      3  0      -386.50955742     1.71e-04      0.00
      3  1      -386.28779567     2.61e-03      0.00
      3  2      -386.25639530     5.42e-04      0.00
      3  3      -386.10651998     7.02e-04      0.00

      4  0      -386.50956565     3.09e-05      0.00
      4  1      -386.29070841     4.67e-04      0.00
      4  2      -386.25652674     1.83e-04      0.00
      4  3      -386.10710097     7.05e-04      0.00

      5  0      -386.50956596     6.15e-06      0.00
      5  1      -386.29081204     9.50e-05      0.00
      5  2      -386.25654487     5.27e-05      0.00
      5  3      -386.12185961     4.52e-03      0.00

      6  0      -386.50956598     1.19e-06      0.00
      6  1      -386.29081775     2.22e-05      0.00
      6  2      -386.25654767     3.87e-05      0.00
      6  3      -386.16672920     7.01e-03      0.00

      7  0      -386.50956598     1.81e-07      0.00
      7  1      -386.29081806     5.17e-06      0.00
      7  2      -386.25655643     8.86e-05      0.00
      7  3      -386.24392949     3.25e-03      0.00

      8  0      -386.50956598     5.25e-08      0.01
      8  1      -386.29081808     1.65e-06      0.00
      8  2      -386.25656460     3.64e-05      0.00
      8  3      -386.24987390     7.19e-04      0.00

      9  0      -386.50956598     1.32e-08      0.01
      9  1      -386.29081808     6.73e-07      0.00
      9  2      -386.25656537     9.96e-06      0.00
      9  3      -386.25016546     1.91e-04      0.00

     10  0      -386.50956598     2.51e-09      0.01
     10  1      -386.29081808     2.58e-07      0.00
     10  2      -386.25656545     4.00e-06      0.00
     10  3      -386.25019379     7.70e-05      0.00

     11  0      -386.50956598     4.43e-10      0.01
     11  1      -386.29081808     7.99e-08      0.00
     11  2      -386.25656546     1.35e-06      0.00
     11  3      -386.25019900     2.67e-05      0.00

     12  0 *    -386.50956598     6.60e-11      0.01
     12  1      -386.29081808     1.77e-08      0.00
     12  2      -386.25656546     3.48e-07      0.00
     12  3      -386.25019942     7.04e-06      0.00

     13  0 *    -386.50956598     4.31e-11      0.01
     13  1      -386.29081808     4.06e-09      0.00
     13  2      -386.25656546     8.84e-08      0.00
     13  3      -386.25019945     1.81e-06      0.00

     14  0 *    -386.50956598     3.81e-11      0.01
     14  1      -386.29081808     8.05e-10      0.00
     14  2      -386.25656546     1.88e-08      0.00
     14  3      -386.25019945     3.92e-07      0.00

     15  0 *    -386.50956598     3.66e-11      0.01
     15  1      -386.29081808     2.05e-10      0.00
     15  2      -386.25656546     4.46e-09      0.00
     15  3      -386.25019945     9.53e-08      0.00

     16  0 *    -386.50956598     3.59e-11      0.01
     16  1 *    -386.29081808     3.69e-11      0.00
     16  2      -386.25656546     8.67e-10      0.00
     16  3      -386.25019945     1.88e-08      0.00

     17  0 *    -386.50956598     3.56e-11      0.01
     17  1 *    -386.29081808     1.42e-11      0.00
     17  2      -386.25656546     1.39e-10      0.00
     17  3      -386.25019945     3.04e-09      0.00

     18  0 *    -386.50956598     3.54e-11      0.01
     18  1 *    -386.29081808     1.13e-11      0.00
     18  2 *    -386.25656546     2.56e-11      0.00
     18  3      -386.25019945     5.63e-10      0.00

     19  0 *    -386.50956598     3.54e-11      0.01
     19  1 *    -386.29081808     1.10e-11      0.00
     19  2 *    -386.25656546     5.22e-12      0.00
     19  3      -386.25019945     1.16e-10      0.00

     20  0 *    -386.50956598     3.54e-11      0.01
     20  1 *    -386.29081808     1.10e-11      0.00
     20  2 *    -386.25656546     2.72e-12      0.00
     20  3 *    -386.25019945     4.21e-11      0.00

     * ci vector, state   0, <S^2> = 0.0000
       222...    -0.8672595593
       22ab..    -0.2435143177
       22ba..    -0.2435143177
       2.2.2.     0.2093566957
       22.2..     0.1114400686
       b2aa.b    -0.1015058694
       a2bb.a    -0.1015058694
       .22..2     0.0816003621
       .222..     0.0690186903
       22...2     0.0644799623
       2.ab2.     0.0590874442
       2.ba2.     0.0590874442
       a2ab.b     0.0522955789
       b2ba.a     0.0522955789

     * ci vector, state   1, <S^2> = -0.0000
       22.2..    -0.4248467291
       b22a..     0.3924360373
       a22b..     0.3924360373
       22b..a     0.3349194674
       22a..b     0.3349194674
       .222..     0.2225803789
       22...2     0.1929854634
       .22..2    -0.1429444732
       b2ab.a    -0.1287480370
       a2ba.b    -0.1287480370
       2..22.     0.1030544839
       a2b2..     0.0949942367
       b2a2..     0.0949942367
       b.2a2.     0.0947937977
       a.2b2.     0.0947937977
       a22..b     0.0849951745
       b22..a     0.0849951745
       b2aa.b    -0.0820938042
       a2bb.a    -0.0820938042
       222...     0.0817287049
       2.a.2b     0.0810731756
       2.b.2a     0.0810731756
       22.a.b     0.0693702391
       22.b.a     0.0693702391
       b2.a.2     0.0631335635
       a2.b.2     0.0631335635
       .2b2.a     0.0598346235
       .2a2.b     0.0598346235
       ..222.    -0.0538313565
       a2.2.b    -0.0524868883
       b2.2.a    -0.0524868883

     * ci vector, state   2, <S^2> = 0.0000
       22ba..    -0.5986052421
       22ab..    -0.5986052421
       222...     0.3763285238
       2.ba2.     0.1444714150
       2.ab2.     0.1444714150
       b2a2..     0.0903092733
       a2b2..     0.0903092733
       a2bb.a    -0.0888373861
       b2aa.b    -0.0888373861
       2.2.2.    -0.0873348880
       22.b.a     0.0736242277
       22.a.b     0.0736242277
       .2ba.2     0.0635632762
       .2ab.2     0.0635632762
       .222..    -0.0613137321
       b2ba.a     0.0572273357
       a2ab.b     0.0572273357
       22.2..     0.0536638297

     * ci vector, state   3, <S^2> = -0.0000
       2baab.     0.5374120252
       2abba.     0.5374120252
       2bbaa.    -0.2696443216
       2aabb.    -0.2696443216
       2abab.     0.2677677036
       2baba.     0.2677677036
       ba2.ab    -0.1259405735
       ab2.ba    -0.1259405735
       .baab2    -0.0729116326
       .abba2    -0.0729116326
       ababba    -0.0636822253
       babaab    -0.0636822253
       ba2.ba    -0.0629925207
       ab2.ab    -0.0629925207
       bb2.aa     0.0629480529
       aa2.bb     0.0629480529
       baabab    -0.0594517769
       abbaba    -0.0594517769
       - FCI and RDMs                              0.15
    * Integral transformation done. Elapsed time: 0.36

     guess   0:   closed 111...               open ......              
     guess   1:   closed 11....               open ..11..              
     guess   2:   closed 1.1...               open .1..1.              
     guess   3:   closed .11...               open 1..1..              

  === FCI iteration ===

      0  0      -386.67641407     9.70e-03      0.00
      0  1      -386.43538149     9.20e-03      0.00
      0  2      -386.34428882     1.12e-02      0.00
      0  3      -386.27851186     8.30e-03      0.00

      1  0      -386.73827834     3.78e-03      0.00
      1  1      -386.48991066     4.06e-03      0.00
      1  2      -386.45908503     7.65e-03      0.00
      1  3      -386.33412953     4.62e-03      0.00

      2  0      -386.74399009     9.40e-04      0.00
      2  1      -386.50462051     5.15e-03      0.00
      2  2      -386.49792090     3.12e-03      0.00
      2  3      -386.34614559     1.85e-03      0.00

      3  0      -386.74426839     1.54e-04      0.00
      3  1      -386.52559593     2.44e-03      0.00
      3  2      -386.50015972     5.09e-04      0.00
      3  3      -386.34791428     6.80e-04      0.00

      4  0      -386.74427502     2.77e-05      0.00
      4  1      -386.52820619     4.31e-04      0.00
      4  2      -386.50027568     1.66e-04      0.00
      4  3      -386.34845834     6.72e-04      0.00

      5  0      -386.74427527     5.18e-06      0.00
      5  1      -386.52829548     8.56e-05      0.00
      5  2      -386.50028979     4.39e-05      0.00
      5  3      -386.36012887     4.12e-03      0.00

      6  0      -386.74427528     9.15e-07      0.00
      6  1      -386.52830017     2.06e-05      0.00
      6  2      -386.50029129     2.13e-05      0.00
      6  3      -386.39167607     5.85e-03      0.00

      7  0      -386.74427528     1.49e-07      0.00
      7  1      -386.52830042     4.90e-06      0.00
      7  2      -386.50029281     3.19e-05      0.00
      7  3      -386.47364730     3.97e-03      0.00

      8  0      -386.74427528     4.20e-08      0.01
      8  1      -386.52830044     1.60e-06      0.00
      8  2      -386.50029382     1.33e-05      0.00
      8  3      -386.48394750     1.10e-03      0.00

      9  0      -386.74427528     1.06e-08      0.01
      9  1      -386.52830044     5.27e-07      0.00
      9  2      -386.50029394     3.76e-06      0.00
      9  3      -386.48474323     3.08e-04      0.00

     10  0      -386.74427528     1.86e-09      0.01
     10  1      -386.52830044     1.89e-07      0.00
     10  2      -386.50029395     1.15e-06      0.00
     10  3      -386.48481029     9.53e-05      0.00

     11  0      -386.74427528     2.91e-10      0.01
     11  1      -386.52830044     8.21e-08      0.00
     11  2      -386.50029395     4.75e-07      0.00
     11  3      -386.48481808     4.21e-05      0.00

     12  0 *    -386.74427528     4.21e-11      0.01
     12  1      -386.52830044     2.08e-08      0.00
     12  2      -386.50029395     1.24e-07      0.00
     12  3      -386.48481911     1.16e-05      0.00

     13  0 *    -386.74427528     2.36e-11      0.01
     13  1      -386.52830044     4.31e-09      0.00
     13  2      -386.50029395     2.58e-08      0.00
     13  3      -386.48481919     2.50e-06      0.00

     14  0 *    -386.74427528     2.32e-11      0.01
     14  1      -386.52830044     7.07e-10      0.00
     14  2      -386.50029395     4.74e-09      0.00
     14  3      -386.48481919     4.70e-07      0.00

     15  0 *    -386.74427528     2.29e-11      0.01
     15  1      -386.52830044     1.37e-10      0.00
     15  2      -386.50029395     8.92e-10      0.00
     15  3      -386.48481919     9.44e-08      0.00

     16  0 *    -386.74427528     2.25e-11      0.01
     16  1 *    -386.52830044     2.59e-11      0.00
     16  2      -386.50029395     1.84e-10      0.00
     16  3      -386.48481919     2.07e-08      0.00

     17  0 *    -386.74427528     2.19e-11      0.01
     17  1 *    -386.52830044     1.20e-11      0.00
     17  2 *    -386.50029395     3.17e-11      0.00
     17  3      -386.48481919     3.82e-09      0.00

     18  0 *    -386.74427528     2.15e-11      0.01
     18  1 *    -386.52830044     1.15e-11      0.00
     18  2 *    -386.50029395     5.56e-12      0.00
     18  3      -386.48481919     6.17e-10      0.00

     19  0 *    -386.74427528     2.12e-11      0.01
     19  1 *    -386.52830044     1.15e-11      0.00
     19  2 *    -386.50029395     3.38e-12      0.00
     19  3      -386.48481919     1.11e-10      0.00

     20  0 *    -386.74427528     2.11e-11      0.01
     20  1 *    -386.52830044     1.15e-11      0.00
     20  2 *    -386.50029395     3.34e-12      0.00
     20  3 *    -386.48481919     2.67e-11      0.00

     * ci vector, state   0, <S^2> = 0.0000
       222...    -0.8736342961
       22ab..    -0.2394279260
       22ba..    -0.2394279260
       2.2.2.     0.2018757804
       22.2..     0.1121416136
       b2aa.b     0.0987762744
       a2bb.a     0.0987762744
       .22..2     0.0794790236
       .222..     0.0690424413
       22...2     0.0626160920
       2.ba2.     0.0555664673
       2.ab2.     0.0555664673
       b2ba.a    -0.0512891694
       a2ab.b    -0.0512891694

     * ci vector, state   1, <S^2> = 0.0000
       22.2..    -0.4385700365
       b22a..     0.4019689046
       a22b..     0.4019689046
       22a..b    -0.3227793249
       22b..a    -0.3227793249
       .222..     0.2211693934
       22...2     0.1848137863
       .22..2    -0.1361193152
       a2ba.b     0.1267646703
       b2ab.a     0.1267646703
       2..22.     0.1017918922
       b2a2..     0.0993309384
       a2b2..     0.0993309384
       b.2a2.     0.0929297354
       a.2b2.     0.0929297354
       222...     0.0827935122
       b2aa.b     0.0810703197
       a2bb.a     0.0810703197
       b22..a    -0.0808822619
       a22..b    -0.0808822619
       2.a.2b    -0.0747790639
       2.b.2a    -0.0747790639
       22.a.b    -0.0714940803
       22.b.a    -0.0714940803
       b2.a.2     0.0626149720
       a2.b.2     0.0626149720
       .2a2.b    -0.0557926405
       .2b2.a    -0.0557926405
       ..222.    -0.0511630690
       b2.2.a     0.0508937886
       a2.2.b     0.0508937886

     * ci vector, state   2, <S^2> = 0.0000
       22ba..     0.6043326922
       22ab..     0.6043326922
       222...    -0.3662707611
       2.ba2.    -0.1395354342
       2.ab2.    -0.1395354342
       b2a2..    -0.0983848157
       a2b2..    -0.0983848157
       a2bb.a    -0.0843300882
       b2aa.b    -0.0843300882
       2.2.2.     0.0816769050
       22.b.a     0.0675900987
       22.a.b     0.0675900987
       .222..     0.0650210976
       .2ba.2    -0.0616036513
       .2ab.2    -0.0616036513
       b2ba.a     0.0554286467
       a2ab.b     0.0554286467
       22.2..    -0.0532375246
       b22a..     0.0529062975
       a22b..     0.0529062975

     * ci vector, state   3, <S^2> = -0.0000
       2baab.    -0.5421948150
       2abba.    -0.5421948150
       2bbaa.     0.2716946839
       2aabb.     0.2716946838
       2abab.    -0.2705001312
       2baba.    -0.2705001312
       ab2.ba    -0.1201275282
       ba2.ab    -0.1201275282
       .baab2     0.0702537748
       .abba2     0.0702537748
       ba2.ba    -0.0600833079
       ab2.ab    -0.0600833079
       bb2.aa     0.0600442203
       aa2.bb     0.0600442203
       babaab    -0.0600390965
       ababba    -0.0600390965
       abbaba    -0.0570267370
       baabab    -0.0570267370
       - FCI and RDMs                              0.16
    * Integral transformation done. Elapsed time: 0.35

     guess   0:   closed 111...               open ......              
     guess   1:   closed 11....               open ..11..              
     guess   2:   closed 1.1...               open .1..1.              
     guess   3:   closed .11...               open 1..1..              

  === FCI iteration ===

      0  0      -386.67906673     9.48e-03      0.00
      0  1      -386.44526236     9.03e-03      0.00
      0  2      -386.35385799     1.09e-02      0.00
      0  3      -386.29005784     8.02e-03      0.00

      1  0      -386.73878988     3.65e-03      0.00
      1  1      -386.49835884     3.94e-03      0.00
      1  2      -386.46506228     7.42e-03      0.00
      1  3      -386.34217607     4.35e-03      0.00

      2  0      -386.74419429     9.00e-04      0.00
      2  1      -386.51085714     4.11e-03      0.00
      2  2      -386.50408036     4.07e-03      0.00
      2  3      -386.35288073     1.75e-03      0.00

      3  0      -386.74445471     1.49e-04      0.00
      3  1      -386.52902599     2.32e-03      0.00
      3  2      -386.50775167     5.52e-04      0.00
      3  3      -386.35451125     6.34e-04      0.00

      4  0      -386.74446100     2.70e-05      0.00
      4  1      -386.53141495     4.02e-04      0.00
      4  2      -386.50788423     1.59e-04      0.00
      4  3      -386.35509154     7.83e-04      0.00

      5  0      -386.74446125     4.99e-06      0.00
      5  1      -386.53149310     7.90e-05      0.00
      5  2      -386.50789750     4.13e-05      0.00
      5  3      -386.36753318     3.29e-03      0.00

      6  0      -386.74446126     8.05e-07      0.00
      6  1      -386.53149711     1.78e-05      0.00
      6  2      -386.50789879     1.57e-05      0.00
      6  3      -386.38089283     3.25e-03      0.00

      7  0      -386.74446126     1.16e-07      0.01
      7  1      -386.53149729     4.38e-06      0.00
      7  2      -386.50789962     2.32e-05      0.00
      7  3      -386.46968335     4.97e-03      0.00

      8  0      -386.74446126     3.01e-08      0.01
      8  1      -386.53149730     1.41e-06      0.00
      8  2      -386.50790021     9.43e-06      0.00
      8  3      -386.48665542     1.27e-03      0.00

      9  0      -386.74446126     8.67e-09      0.01
      9  1      -386.53149730     4.88e-07      0.00
      9  2      -386.50790027     2.97e-06      0.00
      9  3      -386.48780125     3.92e-04      0.00

     10  0      -386.74446126     1.64e-09      0.01
     10  1      -386.53149730     1.41e-07      0.00
     10  2      -386.50790028     8.50e-07      0.00
     10  3      -386.48792063     1.17e-04      0.00

     11  0      -386.74446126     2.69e-10      0.01
     11  1      -386.53149730     4.49e-08      0.00
     11  2      -386.50790028     2.88e-07      0.00
     11  3      -386.48793046     3.97e-05      0.00

     12  0 *    -386.74446126     4.10e-11      0.01
     12  1      -386.53149730     1.29e-08      0.00
     12  2      -386.50790028     1.02e-07      0.00
     12  3      -386.48793175     1.48e-05      0.00

     13  0 *    -386.74446126     1.78e-11      0.02
     13  1      -386.53149730     3.29e-09      0.00
     13  2      -386.50790028     2.66e-08      0.00
     13  3      -386.48793188     4.06e-06      0.00

     14  0 *    -386.74446126     1.65e-11      0.01
     14  1      -386.53149730     7.33e-10      0.00
     14  2      -386.50790028     6.21e-09      0.00
     14  3      -386.48793189     9.95e-07      0.00

     15  0 *    -386.74446126     1.52e-11      0.02
     15  1      -386.53149730     1.48e-10      0.00
     15  2      -386.50790028     1.38e-09      0.00
     15  3      -386.48793189     2.28e-07      0.00

     16  0 *    -386.74446126     1.39e-11      0.01
     16  1 *    -386.53149730     2.73e-11      0.00
     16  2      -386.50790028     2.59e-10      0.00
     16  3      -386.48793189     4.56e-08      0.00

     17  0 *    -386.74446126     1.37e-11      0.01
     17  1 *    -386.53149730     1.24e-11      0.00
     17  2 *    -386.50790028     4.41e-11      0.00
     17  3      -386.48793189     7.99e-09      0.00

     18  0 *    -386.74446126     1.36e-11      0.01
     18  1 *    -386.53149730     1.14e-11      0.00
     18  2 *    -386.50790028     8.08e-12      0.00
     18  3      -386.48793189     1.43e-09      0.00

     19  0 *    -386.74446126     1.36e-11      0.01
     19  1 *    -386.53149730     1.19e-11      0.00
     19  2 *    -386.50790028     2.95e-12      0.00
     19  3      -386.48793189     2.77e-10      0.00

     20  0 *    -386.74446126     1.35e-11      0.01
     20  1 *    -386.53149730     1.12e-11      0.00
     20  2 *    -386.50790028     2.82e-12      0.00
     20  3 *    -386.48793189     7.67e-11      0.00

     * ci vector, state   0, <S^2> = -0.0000
       222...     0.8809026347
       22ba..    -0.2296407426
       22ab..    -0.2296407426
       2.2.2.    -0.2018795138
       22.2..    -0.1130446870
       b2aa.b     0.0965244248
       a2bb.a     0.0965244248
       .22..2    -0.0793393066
       .222..    -0.0682580160
       22...2    -0.0630091640
       2.ba2.     0.0529198988
       2.ab2.     0.0529198988
       b2ba.a    -0.0511686253
       a2ab.b    -0.0511686253

     * ci vector, state   1, <S^2> = -0.0000
       22.2..     0.4411738911
       a22b..     0.4041116774
       b22a..     0.4041116774
       22b..a     0.3190032674
       22a..b     0.3190032674
       .222..    -0.2216129324
       22...2    -0.1813076248
       .22..2     0.1344035232
       b2ab.a     0.1263343429
       a2ba.b     0.1263343429
       2..22.    -0.1015917876
       a2b2..    -0.0974158636
       b2a2..    -0.0974158636
       a.2b2.     0.0926507855
       b.2a2.     0.0926507855
       222...    -0.0862172472
       a22..b     0.0813475451
       b22..a     0.0813475451
       a2bb.a     0.0803585093
       b2aa.b     0.0803585093
       2.b.2a     0.0732514337
       2.a.2b     0.0732514337
       22.a.b    -0.0702957287
       22.b.a    -0.0702957287
       b2.a.2     0.0607905892
       a2.b.2     0.0607905892
       22ab..    -0.0573095930
       22ba..    -0.0573095930
       .2b2.a     0.0530124216
       .2a2.b     0.0530124216
       ..222.     0.0508589098

     * ci vector, state   2, <S^2> = 0.0000
       22ba..     0.6087963886
       22ab..     0.6087963886
       222...     0.3491377225
       2.ba2.    -0.1393008259
       2.ab2.    -0.1393008259
       b2a2..     0.0958128466
       a2b2..     0.0958128466
       b2aa.b    -0.0789208292
       a2bb.a    -0.0789208292
       2.2.2.    -0.0771960143
       .222..    -0.0703436816
       22.2..     0.0678423480
       b22a..     0.0637704993
       a22b..     0.0637704993
       22.b.a     0.0627101212
       22.a.b     0.0627101212
       .2ba.2    -0.0608708878
       .2ab.2    -0.0608708878
       b2ba.a     0.0562860921
       a2ab.b     0.0562860921

     * ci vector, state   3, <S^2> = -0.0000
       2abba.    -0.5438362037
       2baab.    -0.5438362037
       2bbaa.     0.2725725862
       2aabb.     0.2725725862
       2abab.    -0.2712636176
       2baba.    -0.2712636175
       ba2.ab     0.1185003115
       ab2.ba     0.1185003115
       .abba2     0.0691782702
       .baab2     0.0691782702
       ba2.ba     0.0592688118
       ab2.ab     0.0592688117
       bb2.aa    -0.0592314997
       aa2.bb    -0.0592314997
       babaab    -0.0569227418
       ababba    -0.0569227418
       abbaba    -0.0559257838
       baabab    -0.0559257838
       - FCI and RDMs                              0.19
    * Integral transformation done. Elapsed time: 0.38

     guess   0:   closed 111...               open ......              
     guess   1:   closed 11....               open ..11..              
     guess   2:   closed 1.1...               open .1..1.              
     guess   3:   closed .11...               open 1..1..              

  === FCI iteration ===

      0  0      -386.67886299     9.47e-03      0.00
      0  1      -386.44579370     9.04e-03      0.00
      0  2      -386.35503270     1.08e-02      0.00
      0  3      -386.29179983     7.96e-03      0.00

      1  0      -386.73860957     3.65e-03      0.00
      1  1      -386.49890400     3.93e-03      0.00
      1  2      -386.46508507     7.40e-03      0.00
      1  3      -386.34275560     4.26e-03      0.00

      2  0      -386.74401789     9.03e-04      0.00
      2  1      -386.51127210     3.92e-03      0.00
      2  2      -386.50396734     4.23e-03      0.00
      2  3      -386.35298311     1.73e-03      0.00

      3  0      -386.74428015     1.53e-04      0.00
      3  1      -386.52898493     2.32e-03      0.00
      3  2      -386.50814021     5.82e-04      0.00
      3  3      -386.35456034     6.15e-04      0.00

      4  0      -386.74428672     2.76e-05      0.00
      4  1      -386.53137083     4.02e-04      0.00
      4  2      -386.50828562     1.63e-04      0.00
      4  3      -386.35514407     8.17e-04      0.00

      5  0      -386.74428698     5.01e-06      0.00
      5  1      -386.53144889     7.85e-05      0.00
      5  2      -386.50829959     4.24e-05      0.00
      5  3      -386.36808826     3.17e-03      0.00

      6  0      -386.74428699     7.84e-07      0.01
      6  1      -386.53145288     1.70e-05      0.00
      6  2      -386.50830094     1.57e-05      0.00
      6  3      -386.37924477     2.90e-03      0.00

      7  0      -386.74428699     1.13e-07      0.01
      7  1      -386.53145304     4.15e-06      0.00
      7  2      -386.50830173     2.30e-05      0.00
      7  3      -386.46712278     5.29e-03      0.00

      8  0      -386.74428699     2.84e-08      0.01
      8  1      -386.53145305     1.32e-06      0.00
      8  2      -386.50830232     9.35e-06      0.00
      8  3      -386.48641486     1.30e-03      0.00

      9  0      -386.74428699     8.55e-09      0.01
      9  1      -386.53145305     4.98e-07      0.00
      9  2      -386.50830239     2.97e-06      0.00
      9  3      -386.48765415     4.07e-04      0.00

     10  0      -386.74428699     1.72e-09      0.01
     10  1      -386.53145305     1.43e-07      0.00
     10  2      -386.50830239     8.29e-07      0.00
     10  3      -386.48777949     1.18e-04      0.00

     11  0      -386.74428699     2.85e-10      0.01
     11  1      -386.53145305     3.95e-08      0.00
     11  2      -386.50830239     2.64e-07      0.00
     11  3      -386.48778924     3.76e-05      0.00

     12  0 *    -386.74428699     4.08e-11      0.01
     12  1      -386.53145305     9.94e-09      0.00
     12  2      -386.50830239     9.79e-08      0.00
     12  3      -386.48779044     1.48e-05      0.00

     13  0 *    -386.74428699     1.77e-11      0.01
     13  1      -386.53145305     2.38e-09      0.00
     13  2      -386.50830239     2.88e-08      0.00
     13  3      -386.48779059     4.62e-06      0.00

     14  0 *    -386.74428699     1.67e-11      0.01
     14  1      -386.53145305     4.95e-10      0.00
     14  2      -386.50830239     6.15e-09      0.00
     14  3      -386.48779060     1.05e-06      0.00

     15  0 *    -386.74428699     1.53e-11      0.01
     15  1 *    -386.53145305     8.09e-11      0.00
     15  2      -386.50830239     1.19e-09      0.00
     15  3      -386.48779060     2.14e-07      0.00

     16  0 *    -386.74428699     1.44e-11      0.01
     16  1 *    -386.53145305     4.46e-11      0.00
     16  2      -386.50830239     2.62e-10      0.00
     16  3      -386.48779060     4.87e-08      0.00

     17  0 *    -386.74428699     1.42e-11      0.01
     17  1 *    -386.53145305     4.27e-11      0.00
     17  2 *    -386.50830239     4.17e-11      0.00
     17  3      -386.48779060     8.12e-09      0.00

     18  0 *    -386.74428699     1.42e-11      0.01
     18  1 *    -386.53145305     4.26e-11      0.00
     18  2 *    -386.50830239     8.38e-12      0.00
     18  3      -386.48779060     1.55e-09      0.00

     19  0 *    -386.74428699     1.31e-11      0.01
     19  1 *    -386.53145305     4.25e-11      0.00
     19  2 *    -386.50830239     3.31e-12      0.00
     19  3      -386.48779060     3.12e-10      0.00

     20  0 *    -386.74428699     1.27e-11      0.01
     20  1 *    -386.53145305     4.01e-11      0.00
     20  2 *    -386.50830239     3.25e-12      0.00
     20  3 *    -386.48779060     8.50e-11      0.00

     * ci vector, state   0, <S^2> = -0.0000
       222...    -0.8843722790
       22ab..     0.2229576344
       22ba..     0.2229576344
       2.2.2.     0.2025469202
       22.2..     0.1155101355
       a2bb.a    -0.0960692311
       b2aa.b    -0.0960692311
       .22..2     0.0795123443
       .222..     0.0684790492
       22...2     0.0630679801
       2.ab2.    -0.0513887254
       2.ba2.    -0.0513887254
       a2ab.b     0.0510339207
       b2ba.a     0.0510339207

     * ci vector, state   1, <S^2> = 0.0000
       22.2..    -0.4404404654
       b22a..    -0.4050341546
       a22b..    -0.4050341546
       22a..b    -0.3182808589
       22b..a    -0.3182808589
       .222..     0.2229254910
       22...2     0.1808955475
       .22..2    -0.1345670493
       a2ba.b    -0.1269856963
       b2ab.a    -0.1269856963
       2..22.     0.1014169982
       b.2a2.    -0.0928129411
       a.2b2.    -0.0928129411
       b2a2..     0.0913837855
       a2b2..     0.0913837855
       222...     0.0857720549
       b22..a    -0.0812044755
       a22..b    -0.0812044755
       b2aa.b    -0.0799415493
       a2bb.a    -0.0799415493
       2.a.2b    -0.0730306662
       2.b.2a    -0.0730306662
       22.b.a     0.0706349177
       22.a.b     0.0706349177
       22ba..     0.0657077850
       22ab..     0.0657077850
       a2.b.2    -0.0607374998
       b2.a.2    -0.0607374998
       .2a2.b    -0.0520428457
       .2b2.a    -0.0520428457
       ..222.    -0.0511403051

     * ci vector, state   2, <S^2> = -0.0000
       22ab..     0.6104801605
       22ba..     0.6104801605
       222...     0.3402266285
       2.ab2.    -0.1395754265
       2.ba2.    -0.1395754265
       a2b2..     0.0957586566
       b2a2..     0.0957586566
       b2aa.b    -0.0782651309
       a2bb.a    -0.0782651309
       22.2..     0.0771751862
       2.2.2.    -0.0751101578
       .222..    -0.0705385429
       a22b..     0.0672195637
       b22a..     0.0672195637
       22.a.b     0.0619560168
       22.b.a     0.0619560168
       .2ab.2    -0.0605394961
       .2ba.2    -0.0605394961
       a2ab.b     0.0566089540
       b2ba.a     0.0566089540

     * ci vector, state   3, <S^2> = -0.0000
       2baab.     0.5437768853
       2abba.     0.5437768853
       2bbaa.    -0.2726610575
       2aabb.    -0.2726610575
       2baba.     0.2711158278
       2abab.     0.2711158278
       ab2.ba    -0.1188305181
       ba2.ab    -0.1188305181
       .baab2    -0.0689545767
       .abba2    -0.0689545767
       ab2.ab    -0.0594281953
       ba2.ba    -0.0594281953
       bb2.aa     0.0594023228
       aa2.bb     0.0594023228
       ababba     0.0555522325
       babaab     0.0555522325
       baabab     0.0553413683
       abbaba     0.0553413683
       - FCI and RDMs                              0.16
    * Integral transformation done. Elapsed time: 0.36

     guess   0:   closed 111...               open ......              
     guess   1:   closed 11....               open ..11..              
     guess   2:   closed 1.1...               open .1..1.              
     guess   3:   closed .11...               open 1..1..              

  === FCI iteration ===

      0  0      -386.67884428     9.47e-03      0.01
      0  1      -386.44583938     9.04e-03      0.00
      0  2      -386.35520763     1.08e-02      0.00
      0  3      -386.29193354     7.95e-03      0.00

      1  0      -386.73858597     3.65e-03      0.00
      1  1      -386.49899326     3.94e-03      0.00
      1  2      -386.46512592     7.40e-03      0.00
      1  3      -386.34275851     4.26e-03      0.00

      2  0      -386.74399411     9.03e-04      0.00
      2  1      -386.51135840     3.89e-03      0.00
      2  2      -386.50396584     4.25e-03      0.00
      2  3      -386.35295223     1.72e-03      0.00

      3  0      -386.74425650     1.53e-04      0.00
      3  1      -386.52896745     2.31e-03      0.00
      3  2      -386.50821926     5.87e-04      0.00
      3  3      -386.35452448     6.13e-04      0.00

      4  0      -386.74426309     2.76e-05      0.00
      4  1      -386.53135123     4.02e-04      0.00
      4  2      -386.50836726     1.64e-04      0.00
      4  3      -386.35510725     8.20e-04      0.00

      5  0      -386.74426335     5.01e-06      0.00
      5  1      -386.53142904     7.82e-05      0.00
      5  2      -386.50838134     4.26e-05      0.00
      5  3      -386.36809407     3.14e-03      0.00

      6  0      -386.74426336     7.80e-07      0.00
      6  1      -386.53143300     1.69e-05      0.00
      6  2      -386.50838270     1.57e-05      0.00
      6  3      -386.37876885     2.83e-03      0.00

      7  0      -386.74426336     1.13e-07      0.00
      7  1      -386.53143316     4.09e-06      0.00
      7  2      -386.50838349     2.30e-05      0.00
      7  3      -386.46709002     5.31e-03      0.00

      8  0      -386.74426336     2.82e-08      0.01
      8  1      -386.53143317     1.28e-06      0.00
      8  2      -386.50838408     9.17e-06      0.00
      8  3      -386.48639998     1.28e-03      0.00

      9  0      -386.74426336     8.46e-09      0.01
      9  1      -386.53143317     4.96e-07      0.00
      9  2      -386.50838414     2.92e-06      0.00
      9  3      -386.48762034     4.02e-04      0.00

     10  0      -386.74426336     1.72e-09      0.01
     10  1      -386.53143317     1.45e-07      0.00
     10  2      -386.50838415     8.15e-07      0.00
     10  3      -386.48774291     1.16e-04      0.00

     11  0      -386.74426336     2.87e-10      0.01
     11  1      -386.53143317     4.04e-08      0.00
     11  2      -386.50838415     2.59e-07      0.00
     11  3      -386.48775245     3.70e-05      0.00

     12  0 *    -386.74426336     4.10e-11      0.01
     12  1      -386.53143317     1.00e-08      0.00
     12  2      -386.50838415     9.39e-08      0.00
     12  3      -386.48775361     1.43e-05      0.00

     13  0 *    -386.74426336     1.75e-11      0.01
     13  1      -386.53143317     2.41e-09      0.00
     13  2      -386.50838415     2.74e-08      0.00
     13  3      -386.48775375     4.43e-06      0.00

     14  0 *    -386.74426336     1.64e-11      0.01
     14  1      -386.53143317     4.78e-10      0.00
     14  2      -386.50838415     5.69e-09      0.00
     14  3      -386.48775376     9.82e-07      0.00

     15  0 *    -386.74426336     1.49e-11      0.01
     15  1 *    -386.53143317     7.35e-11      0.00
     15  2      -386.50838415     1.09e-09      0.00
     15  3      -386.48775376     1.96e-07      0.00

     16  0 *    -386.74426336     1.45e-11      0.01
     16  1 *    -386.53143317     4.59e-11      0.00
     16  2      -386.50838415     2.47e-10      0.00
     16  3      -386.48775376     4.60e-08      0.00

     17  0 *    -386.74426336     1.43e-11      0.01
     17  1 *    -386.53143317     4.36e-11      0.00
     17  2 *    -386.50838415     4.41e-11      0.00
     17  3      -386.48775376     8.64e-09      0.00

     18  0 *    -386.74426336     1.39e-11      0.01
     18  1 *    -386.53143317     4.34e-11      0.00
     18  2 *    -386.50838415     9.62e-12      0.00
     18  3      -386.48775376     1.80e-09      0.00

     19  0 *    -386.74426336     1.24e-11      0.01
     19  1 *    -386.53143317     4.30e-11      0.00
     19  2 *    -386.50838415     3.07e-12      0.00
     19  3      -386.48775376     3.34e-10      0.00

     20  0 *    -386.74426336     1.23e-11      0.01
     20  1 *    -386.53143317     4.09e-11      0.00
     20  2 *    -386.50838415     2.67e-12      0.00
     20  3 *    -386.48775376     5.81e-11      0.00

     * ci vector, state   0, <S^2> = 0.0000
       222...     0.8847006237
       22ab..    -0.2223112163
       22ba..    -0.2223112163
       2.2.2.    -0.2026139164
       22.2..    -0.1156820029
       b2aa.b     0.0959762805
       a2bb.a     0.0959762805
       .22..2    -0.0794928031
       .222..    -0.0685218292
       22...2    -0.0630973105
       2.ba2.     0.0512455815
       2.ab2.     0.0512455815
       a2ab.b    -0.0510121771
       b2ba.a    -0.0510121771

     * ci vector, state   1, <S^2> = 0.0000
       22.2..    -0.4403843429
       a22b..     0.4051545363
       b22a..     0.4051545363
       22b..a     0.3179864549
       22a..b     0.3179864549
       .222..     0.2228302966
       22...2     0.1807735223
       .22..2    -0.1345335646
       a2ba.b    -0.1270008688
       b2ab.a    -0.1270008688
       2..22.     0.1014070159
       a.2b2.     0.0928400303
       b.2a2.     0.0928400303
       b2a2..    -0.0906686703
       a2b2..    -0.0906686703
       222...     0.0862476295
       b22..a    -0.0814730962
       a22..b    -0.0814730962
       a2bb.a    -0.0800248320
       b2aa.b    -0.0800248320
       2.b.2a     0.0729567034
       2.a.2b     0.0729567034
       22.b.a    -0.0706688304
       22.a.b    -0.0706688304
       22ba..     0.0673405574
       22ab..     0.0673405574
       a2.b.2     0.0607674044
       b2.a.2     0.0607674044
       .2a2.b     0.0518534662
       .2b2.a     0.0518534662
       ..222.    -0.0511200251

     * ci vector, state   2, <S^2> = -0.0000
       22ab..     0.6105028385
       22ba..     0.6105028385
       222...     0.3392374996
       2.ab2.    -0.1395694751
       2.ba2.    -0.1395694751
       a2b2..    -0.0959152426
       b2a2..    -0.0959152426
       22.2..     0.0784984834
       b2aa.b    -0.0780913974
       a2bb.a    -0.0780913974
       2.2.2.    -0.0748787282
       .222..    -0.0707018841
       a22b..    -0.0681948166
       b22a..    -0.0681948166
       22.a.b    -0.0618653193
       22.b.a    -0.0618653193
       .2ab.2    -0.0605071889
       .2ba.2    -0.0605071889
       a2ab.b     0.0566271925
       b2ba.a     0.0566271925

     * ci vector, state   3, <S^2> = 0.0000
       2baab.    -0.5437789059
       2abba.    -0.5437789059
       2bbaa.     0.2726751023
       2aabb.     0.2726751023
       2baba.    -0.2711038036
       2abab.    -0.2711038036
       ab2.ba     0.1187779920
       ba2.ab     0.1187779920
       .baab2     0.0689199082
       .abba2     0.0689199082
       ab2.ab     0.0593997251
       ba2.ba     0.0593997251
       bb2.aa    -0.0593782668
       aa2.bb    -0.0593782668
       ababba    -0.0554167122
       babaab    -0.0554167122
       baabab    -0.0553319161
       abbaba    -0.0553319161
       - FCI and RDMs                              0.16
    * Integral transformation done. Elapsed time: 0.34

     guess   0:   closed 111...               open ......              
     guess   1:   closed 11....               open ..11..              
     guess   2:   closed 1.1...               open .1..1.              
     guess   3:   closed .11...               open 1..1..              

  === FCI iteration ===

      0  0      -386.67884423     9.47e-03      0.00
      0  1      -386.44585059     9.04e-03      0.00
      0  2      -386.35523970     1.08e-02      0.00
      0  3      -386.29193613     7.95e-03      0.00

      1  0      -386.73857913     3.65e-03      0.00
      1  1      -386.49902112     3.94e-03      0.00
      1  2      -386.46513998     7.40e-03      0.00
      1  3      -386.34274609     4.26e-03      0.00

      2  0      -386.74398650     9.03e-04      0.00
      2  1      -386.51138586     3.88e-03      0.00
      2  2      -386.50397028     4.26e-03      0.00
      2  3      -386.35294106     1.72e-03      0.00

      3  0      -386.74424885     1.53e-04      0.00
      3  1      -386.52896014     2.31e-03      0.00
      3  2      -386.50824600     5.89e-04      0.00
      3  3      -386.35451325     6.13e-04      0.00

      4  0      -386.74425544     2.76e-05      0.00
      4  1      -386.53134282     4.02e-04      0.00
      4  2      -386.50839475     1.64e-04      0.00
      4  3      -386.35509577     8.20e-04      0.00

      5  0      -386.74425570     5.01e-06      0.00
      5  1      -386.53142051     7.81e-05      0.00
      5  2      -386.50840886     4.27e-05      0.00
      5  3      -386.36809096     3.14e-03      0.00

      6  0      -386.74425571     7.80e-07      0.00
      6  1      -386.53142446     1.69e-05      0.00
      6  2      -386.50841022     1.58e-05      0.00
      6  3      -386.37864980     2.81e-03      0.00

      7  0      -386.74425571     1.13e-07      0.00
      7  1      -386.53142462     4.08e-06      0.00
      7  2      -386.50841102     2.30e-05      0.00
      7  3      -386.46716357     5.31e-03      0.00

      8  0      -386.74425571     2.81e-08      0.01
      8  1      -386.53142463     1.27e-06      0.00
      8  2      -386.50841160     9.10e-06      0.00
      8  3      -386.48639958     1.27e-03      0.00

      9  0      -386.74425571     8.43e-09      0.01
      9  1      -386.53142463     4.95e-07      0.00
      9  2      -386.50841166     2.90e-06      0.00
      9  3      -386.48761038     4.01e-04      0.00

     10  0      -386.74425571     1.72e-09      0.01
     10  1      -386.53142463     1.45e-07      0.00
     10  2      -386.50841167     8.10e-07      0.00
     10  3      -386.48773180     1.15e-04      0.00

     11  0      -386.74425571     2.88e-10      0.01
     11  1      -386.53142463     4.08e-08      0.00
     11  2      -386.50841167     2.57e-07      0.00
     11  3      -386.48774126     3.69e-05      0.00

     12  0 *    -386.74425571     4.11e-11      0.01
     12  1      -386.53142463     1.01e-08      0.00
     12  2      -386.50841167     9.27e-08      0.00
     12  3      -386.48774242     1.41e-05      0.00

     13  0 *    -386.74425571     1.74e-11      0.01
     13  1      -386.53142463     2.44e-09      0.00
     13  2      -386.50841167     2.69e-08      0.00
     13  3      -386.48774255     4.36e-06      0.00

     14  0 *    -386.74425571     1.63e-11      0.01
     14  1      -386.53142463     4.78e-10      0.00
     14  2      -386.50841167     5.57e-09      0.00
     14  3      -386.48774257     9.64e-07      0.00

     15  0 *    -386.74425571     1.47e-11      0.01
     15  1 *    -386.53142463     7.29e-11      0.00
     15  2      -386.50841167     1.07e-09      0.00
     15  3      -386.48774257     1.93e-07      0.00

     16  0 *    -386.74425571     1.44e-11      0.02
     16  1 *    -386.53142463     4.67e-11      0.00
     16  2      -386.50841167     2.47e-10      0.00
     16  3      -386.48774257     4.60e-08      0.00

     17  0 *    -386.74425571     1.41e-11      0.01
     17  1 *    -386.53142463     4.42e-11      0.00
     17  2 *    -386.50841167     4.55e-11      0.00
     17  3      -386.48774257     8.92e-09      0.00

     18  0 *    -386.74425571     1.36e-11      0.01
     18  1 *    -386.53142463     4.39e-11      0.00
     18  2 *    -386.50841167     9.73e-12      0.00
     18  3      -386.48774257     1.83e-09      0.00

     19  0 *    -386.74425571     1.23e-11      0.01
     19  1 *    -386.53142463     4.37e-11      0.00
     19  2 *    -386.50841167     3.09e-12      0.00
     19  3      -386.48774257     3.33e-10      0.00

     20  0 *    -386.74425571     1.23e-11      0.01
     20  1 *    -386.53142463     4.17e-11      0.00
     20  2 *    -386.50841167     2.96e-12      0.00
     20  3 *    -386.48774257     8.40e-11      0.00

     * ci vector, state   0, <S^2> = -0.0000
       222...    -0.8847144362
       22ba..     0.2222992957
       22ab..     0.2222992957
       2.2.2.     0.2026165096
       22.2..     0.1156497161
       b2aa.b    -0.0959452292
       a2bb.a    -0.0959452292
       .22..2     0.0794725592
       .222..     0.0685366662
       22...2     0.0631122381
       2.ba2.    -0.0512441875
       2.ab2.    -0.0512441875
       b2ba.a     0.0510094776
       a2ab.b     0.0510094776

     * ci vector, state   1, <S^2> = 0.0000
       22.2..     0.4404054142
       b22a..    -0.4051476371
       a22b..    -0.4051476371
       22a..b    -0.3178778198
       22b..a    -0.3178778198
       .222..    -0.2227594513
       22...2    -0.1807348549
       .22..2     0.1345111884
       b2ab.a     0.1269782345
       a2ba.b     0.1269782345
       2..22.    -0.1014121590
       b.2a2.    -0.0928390197
       a.2b2.    -0.0928390197
       b2a2..     0.0905641271
       a2b2..     0.0905641271
       222...    -0.0865032375
       a22..b     0.0816198085
       b22..a     0.0816198085
       b2aa.b     0.0800735629
       a2bb.a     0.0800735629
       2.a.2b    -0.0729304803
       2.b.2a    -0.0729304803
       22.a.b     0.0706950166
       22.b.a     0.0706950166
       22ab..    -0.0678578816
       22ba..    -0.0678578816
       b2.a.2    -0.0607717366
       a2.b.2    -0.0607717366
       .2a2.b    -0.0518003261
       .2b2.a    -0.0518003261
       ..222.     0.0511046135

     * ci vector, state   2, <S^2> = 0.0000
       22ba..    -0.6104366729
       22ab..    -0.6104366728
       222...    -0.3391466638
       2.ba2.     0.1395525469
       2.ab2.     0.1395525469
       b2a2..     0.0959634105
       a2b2..     0.0959634105
       22.2..    -0.0787638030
       a2bb.a     0.0780297572
       b2aa.b     0.0780297572
       2.2.2.     0.0748575620
       .222..     0.0707939700
       b22a..     0.0685894567
       a22b..     0.0685894567
       22.b.a     0.0618467391
       22.a.b     0.0618467391
       .2ba.2     0.0605058664
       .2ab.2     0.0605058664
       b2ba.a    -0.0566401235
       a2ab.b    -0.0566401235

     * ci vector, state   3, <S^2> = -0.0000
       2abba.    -0.5437822625
       2baab.    -0.5437822625
       2aabb.     0.2726775552
       2bbaa.     0.2726775552
       2baba.    -0.2711047073
       2abab.    -0.2711047073
       ba2.ab     0.1187353845
       ab2.ba     0.1187353845
       .abba2     0.0689091836
       .baab2     0.0689091836
       ba2.ba     0.0593778568
       ab2.ab     0.0593778568
       aa2.bb    -0.0593575277
       bb2.aa    -0.0593575277
       ababba    -0.0554130595
       babaab    -0.0554130595
       abbaba    -0.0553576866
       baabab    -0.0553576866
       - FCI and RDMs                              0.17
    * Integral transformation done. Elapsed time: 0.35

     guess   0:   closed 111...               open ......              
     guess   1:   closed 11....               open ..11..              
     guess   2:   closed 1.1...               open .1..1.              
     guess   3:   closed .11...               open 1..1..              

  === FCI iteration ===

      0  0      -386.67884503     9.47e-03      0.00
      0  1      -386.44585470     9.04e-03      0.00
      0  2      -386.35524595     1.08e-02      0.00
      0  3      -386.29193178     7.95e-03      0.00

      1  0      -386.73857665     3.65e-03      0.00
      1  1      -386.49903158     3.94e-03      0.00
      1  2      -386.46514433     7.40e-03      0.00
      1  3      -386.34274016     4.26e-03      0.00

      2  0      -386.74398364     9.03e-04      0.00
      2  1      -386.51139629     3.88e-03      0.00
      2  2      -386.50397200     4.26e-03      0.00
      2  3      -386.35293704     1.72e-03      0.00

      3  0      -386.74424596     1.53e-04      0.00
      3  1      -386.52895734     2.31e-03      0.00
      3  2      -386.50825593     5.89e-04      0.00
      3  3      -386.35450946     6.13e-04      0.00

      4  0      -386.74425255     2.76e-05      0.00
      4  1      -386.53133955     4.01e-04      0.00
      4  2      -386.50840496     1.64e-04      0.00
      4  3      -386.35509196     8.20e-04      0.00

      5  0      -386.74425281     5.01e-06      0.00
      5  1      -386.53141720     7.81e-05      0.00
      5  2      -386.50841908     4.27e-05      0.00
      5  3      -386.36809037     3.14e-03      0.00

      6  0      -386.74425282     7.80e-07      0.00
      6  1      -386.53142114     1.69e-05      0.00
      6  2      -386.50842045     1.58e-05      0.00
      6  3      -386.37862134     2.81e-03      0.00

      7  0      -386.74425282     1.13e-07      0.00
      7  1      -386.53142130     4.07e-06      0.00
      7  2      -386.50842124     2.30e-05      0.00
      7  3      -386.46719266     5.31e-03      0.00

      8  0      -386.74425282     2.81e-08      0.01
      8  1      -386.53142131     1.27e-06      0.00
      8  2      -386.50842182     9.08e-06      0.00
      8  3      -386.48639858     1.27e-03      0.00

      9  0      -386.74425282     8.42e-09      0.01
      9  1      -386.53142132     4.95e-07      0.00
      9  2      -386.50842188     2.89e-06      0.00
      9  3      -386.48760672     4.00e-04      0.00

     10  0      -386.74425282     1.72e-09      0.01
     10  1      -386.53142132     1.45e-07      0.00
     10  2      -386.50842189     8.09e-07      0.00
     10  3      -386.48772783     1.15e-04      0.00

     11  0      -386.74425282     2.88e-10      0.01
     11  1      -386.53142132     4.09e-08      0.00
     11  2      -386.50842189     2.57e-07      0.00
     11  3      -386.48773727     3.68e-05      0.00

     12  0 *    -386.74425282     4.12e-11      0.01
     12  1      -386.53142132     1.02e-08      0.00
     12  2      -386.50842189     9.23e-08      0.00
     12  3      -386.48773843     1.41e-05      0.00

     13  0 *    -386.74425282     1.74e-11      0.01
     13  1      -386.53142132     2.46e-09      0.00
     13  2      -386.50842189     2.67e-08      0.00
     13  3      -386.48773856     4.34e-06      0.00

     14  0 *    -386.74425282     1.63e-11      0.01
     14  1      -386.53142132     4.79e-10      0.00
     14  2      -386.50842189     5.54e-09      0.00
     14  3      -386.48773857     9.59e-07      0.00

     15  0 *    -386.74425282     1.47e-11      0.01
     15  1 *    -386.53142132     7.30e-11      0.00
     15  2      -386.50842189     1.07e-09      0.00
     15  3      -386.48773857     1.92e-07      0.00

     16  0 *    -386.74425282     1.44e-11      0.01
     16  1 *    -386.53142132     4.71e-11      0.00
     16  2      -386.50842189     2.47e-10      0.00
     16  3      -386.48773857     4.61e-08      0.00

     17  0 *    -386.74425282     1.40e-11      0.01
     17  1 *    -386.53142132     4.43e-11      0.00
     17  2 *    -386.50842189     4.59e-11      0.00
     17  3      -386.48773857     8.98e-09      0.00

     18  0 *    -386.74425282     1.35e-11      0.01
     18  1 *    -386.53142132     4.40e-11      0.00
     18  2 *    -386.50842189     9.74e-12      0.00
     18  3      -386.48773857     1.83e-09      0.00

     19  0 *    -386.74425282     1.23e-11      0.01
     19  1 *    -386.53142132     4.38e-11      0.00
     19  2 *    -386.50842189     3.05e-12      0.00
     19  3      -386.48773857     3.30e-10      0.00

     20  0 *    -386.74425282     1.22e-11      0.01
     20  1 *    -386.53142132     4.18e-11      0.00
     20  2 *    -386.50842189     2.84e-12      0.00
     20  3 *    -386.48773857     8.82e-11      0.00

     * ci vector, state   0, <S^2> = 0.0000
       222...     0.8847068460
       22ab..    -0.2223232300
       22ba..    -0.2223232300
       2.2.2.    -0.2026147025
       22.2..    -0.1156247060
       a2bb.a    -0.0959331636
       b2aa.b    -0.0959331636
       .22..2    -0.0794628117
       .222..    -0.0685429032
       22...2    -0.0631189369
       2.ab2.     0.0512500005
       2.ba2.     0.0512500005
       b2ba.a     0.0510093701
       a2ab.b     0.0510093701

     * ci vector, state   1, <S^2> = -0.0000
       22.2..     0.4404186701
       a22b..    -0.4051333140
       b22a..    -0.4051333140
       22a..b     0.3178387195
       22b..a     0.3178387195
       .222..    -0.2227300439
       22...2    -0.1807214710
       .22..2     0.1345016001
       a2ba.b    -0.1269658945
       b2ab.a    -0.1269658945
       2..22.    -0.1014151908
       a.2b2.    -0.0928359016
       b.2a2.    -0.0928359016
       b2a2..     0.0905493698
       a2b2..     0.0905493698
       222...    -0.0866130478
       b22..a    -0.0816842072
       a22..b    -0.0816842072
       a2bb.a    -0.0800937584
       b2aa.b    -0.0800937584
       2.a.2b     0.0729211900
       2.b.2a     0.0729211900
       22.b.a    -0.0707006396
       22.a.b    -0.0707006396
       22ba..    -0.0680585264
       22ab..    -0.0680585264
       a2.b.2    -0.0607696928
       b2.a.2    -0.0607696928
       .2a2.b     0.0517832600
       .2b2.a     0.0517832600
       ..222.     0.0510981245

     * ci vector, state   2, <S^2> = -0.0000
       22ab..    -0.6104009709
       22ba..    -0.6104009709
       222...    -0.3391447461
       2.ab2.     0.1395439912
       2.ba2.     0.1395439912
       a2b2..     0.0959760174
       b2a2..     0.0959760174
       22.2..    -0.0788441877
       b2aa.b    -0.0780048724
       a2bb.a    -0.0780048724
       2.2.2.     0.0748572374
       .222..     0.0708394473
       a22b..     0.0687523766
       b22a..     0.0687523766
       22.a.b    -0.0618424322
       22.b.a    -0.0618424322
       .2ab.2     0.0605064821
       .2ba.2     0.0605064821
       a2ab.b     0.0566477382
       b2ba.a     0.0566477382

     * ci vector, state   3, <S^2> = 0.0000
       2baab.    -0.5437829731
       2abba.    -0.5437829731
       2bbaa.     0.2726778184
       2aabb.     0.2726778184
       2baba.    -0.2711051547
       2abab.    -0.2711051547
       ab2.ba    -0.1187162583
       ba2.ab    -0.1187162583
       .baab2     0.0689049018
       .abba2     0.0689049018
       ab2.ab    -0.0593681512
       ba2.ba    -0.0593681512
       bb2.aa     0.0593481071
       aa2.bb     0.0593481071
       ababba     0.0554186667
       babaab     0.0554186667
       baabab     0.0553703350
       abbaba     0.0553703350
       - FCI and RDMs                              0.15
    * Integral transformation done. Elapsed time: 0.35

     guess   0:   closed 111...               open ......              
     guess   1:   closed 11....               open ..11..              
     guess   2:   closed 1.1...               open .1..1.              
     guess   3:   closed .11...               open 1..1..              

  === FCI iteration ===

      0  0      -386.67884542     9.47e-03      0.00
      0  1      -386.44585633     9.04e-03      0.00
      0  2      -386.35524698     1.08e-02      0.00
      0  3      -386.29192944     7.95e-03      0.00

      1  0      -386.73857568     3.65e-03      0.00
      1  1      -386.49903572     3.94e-03      0.00
      1  2      -386.46514569     7.40e-03      0.00
      1  3      -386.34273776     4.26e-03      0.00

      2  0      -386.74398251     9.03e-04      0.00
      2  1      -386.51140051     3.88e-03      0.00
      2  2      -386.50397250     4.26e-03      0.00
      2  3      -386.35293553     1.72e-03      0.00

      3  0      -386.74424482     1.53e-04      0.00
      3  1      -386.52895631     2.31e-03      0.00
      3  2      -386.50825972     5.90e-04      0.00
      3  3      -386.35450809     6.13e-04      0.00

      4  0      -386.74425141     2.76e-05      0.01
      4  1      -386.53133832     4.01e-04      0.00
      4  2      -386.50840887     1.64e-04      0.00
      4  3      -386.35509059     8.20e-04      0.00

      5  0      -386.74425167     5.01e-06      0.00
      5  1      -386.53141595     7.81e-05      0.00
      5  2      -386.50842300     4.27e-05      0.00
      5  3      -386.36809028     3.14e-03      0.00

      6  0      -386.74425168     7.80e-07      0.00
      6  1      -386.53141989     1.69e-05      0.00
      6  2      -386.50842436     1.58e-05      0.00
      6  3      -386.37861464     2.81e-03      0.00

      7  0      -386.74425168     1.13e-07      0.00
      7  1      -386.53142005     4.07e-06      0.00
      7  2      -386.50842516     2.30e-05      0.00
      7  3      -386.46720232     5.31e-03      0.00

      8  0      -386.74425168     2.81e-08      0.01
      8  1      -386.53142006     1.27e-06      0.00
      8  2      -386.50842574     9.07e-06      0.00
      8  3      -386.48639779     1.27e-03      0.00

      9  0      -386.74425168     8.42e-09      0.01
      9  1      -386.53142007     4.95e-07      0.00
      9  2      -386.50842580     2.89e-06      0.00
      9  3      -386.48760528     4.00e-04      0.00

     10  0      -386.74425168     1.72e-09      0.01
     10  1      -386.53142007     1.45e-07      0.00
     10  2      -386.50842581     8.08e-07      0.00
     10  3      -386.48772631     1.15e-04      0.00

     11  0      -386.74425168     2.88e-10      0.01
     11  1      -386.53142007     4.10e-08      0.00
     11  2      -386.50842581     2.57e-07      0.00
     11  3      -386.48773575     3.68e-05      0.00

     12  0 *    -386.74425168     4.12e-11      0.01
     12  1      -386.53142007     1.02e-08      0.00
     12  2      -386.50842581     9.22e-08      0.00
     12  3      -386.48773690     1.41e-05      0.00

     13  0 *    -386.74425168     1.74e-11      0.01
     13  1      -386.53142007     2.46e-09      0.00
     13  2      -386.50842581     2.67e-08      0.00
     13  3      -386.48773703     4.34e-06      0.00

     14  0 *    -386.74425168     1.62e-11      0.01
     14  1      -386.53142007     4.80e-10      0.00
     14  2      -386.50842581     5.53e-09      0.00
     14  3      -386.48773704     9.58e-07      0.00

     15  0 *    -386.74425168     1.46e-11      0.01
     15  1 *    -386.53142007     7.31e-11      0.00
     15  2      -386.50842581     1.07e-09      0.00
     15  3      -386.48773704     1.92e-07      0.00

     16  0 *    -386.74425168     1.44e-11      0.01
     16  1 *    -386.53142007     4.71e-11      0.00
     16  2      -386.50842581     2.47e-10      0.00
     16  3      -386.48773704     4.61e-08      0.00

     17  0 *    -386.74425168     1.40e-11      0.01
     17  1 *    -386.53142007     4.44e-11      0.00
     17  2 *    -386.50842581     4.60e-11      0.00
     17  3      -386.48773704     9.00e-09      0.00

     18  0 *    -386.74425168     1.35e-11      0.01
     18  1 *    -386.53142007     4.42e-11      0.00
     18  2 *    -386.50842581     9.72e-12      0.00
     18  3      -386.48773704     1.83e-09      0.00

     19  0 *    -386.74425168     1.23e-11      0.01
     19  1 *    -386.53142007     4.39e-11      0.00
     19  2 *    -386.50842581     3.02e-12      0.00
     19  3      -386.48773704     3.31e-10      0.00

     20  0 *    -386.74425168     1.22e-11      0.01
     20  1 *    -386.53142007     4.20e-11      0.00
     20  2 *    -386.50842581     2.70e-12      0.00
     20  3 *    -386.48773704     6.55e-11      0.00

     * ci vector, state   0, <S^2> = 0.0000
       222...    -0.8847023000
       22ba..     0.2223362713
       22ab..     0.2223362713
       2.2.2.     0.2026136373
       22.2..     0.1156131758
       b2aa.b    -0.0959283578
       a2bb.a    -0.0959283578
       .22..2     0.0794587195
       .222..     0.0685455605
       22...2     0.0631217103
       2.ba2.    -0.0512530721
       2.ab2.    -0.0512530721
       a2ab.b     0.0510095159
       b2ba.a     0.0510095159

     * ci vector, state   1, <S^2> = 0.0000
       22.2..    -0.4404240174
       b22a..     0.4051248907
       a22b..     0.4051248907
       22a..b     0.3178246546
       22b..a     0.3178246546
       .222..     0.2227184918
       22...2     0.1807163080
       .22..2    -0.1344978040
       b2ab.a    -0.1269606546
       a2ba.b    -0.1269606546
       2..22.     0.1014163983
       b.2a2.     0.0928340039
       a.2b2.     0.0928340039
       b2a2..    -0.0905496947
       a2b2..    -0.0905496947
       222...     0.0866582757
       a22..b    -0.0817108031
       b22..a    -0.0817108031
       b2aa.b    -0.0801019910
       a2bb.a    -0.0801019910
       2.a.2b     0.0729178778
       2.b.2a     0.0729178778
       22.a.b    -0.0706997784
       22.b.a    -0.0706997784
       22ab..     0.0681400387
       22ba..     0.0681400387
       b2.a.2     0.0607675845
       a2.b.2     0.0607675845
       .2a2.b     0.0517775933
       .2b2.a     0.0517775933
       ..222.    -0.0510955502

     * ci vector, state   2, <S^2> = -0.0000
       22ba..     0.6103854655
       22ab..     0.6103854655
       222...     0.3391478826
       2.ba2.    -0.1395403448
       2.ab2.    -0.1395403448
       b2a2..    -0.0959787048
       a2b2..    -0.0959787048
       22.2..     0.0788748029
       b2aa.b    -0.0779945089
       a2bb.a    -0.0779945089
       2.2.2.    -0.0748580529
       .222..    -0.0708605698
       a22b..    -0.0688184751
       b22a..    -0.0688184751
       22.a.b    -0.0618416100
       22.b.a    -0.0618416100
       .2ba.2    -0.0605068543
       .2ab.2    -0.0605068543
       b2ba.a     0.0566513712
       a2ab.b     0.0566513712

     * ci vector, state   3, <S^2> = 0.0000
       2abba.     0.5437829982
       2baab.     0.5437829982
       2bbaa.    -0.2726777670
       2aabb.    -0.2726777669
       2abab.     0.2711052313
       2baba.     0.2711052312
       ba2.ab    -0.1187084925
       ab2.ba    -0.1187084925
       .baab2    -0.0689031589
       .abba2    -0.0689031589
       ba2.ba    -0.0593642299
       ab2.ab    -0.0593642299
       bb2.aa     0.0593442626
       aa2.bb     0.0593442626
       ababba     0.0554221680
       babaab     0.0554221680
       baabab     0.0553752075
       abbaba     0.0553752075
       - FCI and RDMs                              0.16
    * Integral transformation done. Elapsed time: 0.36

     guess   0:   closed 111...               open ......              
     guess   1:   closed 11....               open ..11..              
     guess   2:   closed 1.1...               open .1..1.              
     guess   3:   closed .11...               open 1..1..              

  === FCI iteration ===

      0  0      -386.67884557     9.47e-03      0.00
      0  1      -386.44585699     9.04e-03      0.00
      0  2      -386.35524701     1.08e-02      0.00
      0  3      -386.29192843     7.95e-03      0.00

      1  0      -386.73857529     3.65e-03      0.00
      1  1      -386.49903738     3.94e-03      0.00
      1  2      -386.46514613     7.40e-03      0.00
      1  3      -386.34273681     4.26e-03      0.00

      2  0      -386.74398206     9.03e-04      0.00
      2  1      -386.51140224     3.88e-03      0.00
      2  2      -386.50397262     4.26e-03      0.00
      2  3      -386.35293495     1.72e-03      0.00

      3  0      -386.74424437     1.53e-04      0.00
      3  1      -386.52895593     2.31e-03      0.00
      3  2      -386.50826120     5.90e-04      0.00
      3  3      -386.35450756     6.13e-04      0.00

      4  0      -386.74425096     2.76e-05      0.00
      4  1      -386.53133786     4.01e-04      0.00
      4  2      -386.50841040     1.64e-04      0.00
      4  3      -386.35509007     8.20e-04      0.00

      5  0      -386.74425122     5.01e-06      0.00
      5  1      -386.53141548     7.81e-05      0.00
      5  2      -386.50842453     4.27e-05      0.00
      5  3      -386.36809024     3.14e-03      0.00

      6  0      -386.74425123     7.80e-07      0.00
      6  1      -386.53141942     1.69e-05      0.00
      6  2      -386.50842589     1.58e-05      0.00
      6  3      -386.37861306     2.81e-03      0.00

      7  0      -386.74425123     1.13e-07      0.00
      7  1      -386.53141958     4.07e-06      0.00
      7  2      -386.50842669     2.30e-05      0.00
      7  3      -386.46720556     5.31e-03      0.00

      8  0      -386.74425123     2.81e-08      0.01
      8  1      -386.53141959     1.27e-06      0.00
      8  2      -386.50842727     9.07e-06      0.00
      8  3      -386.48639736     1.27e-03      0.00

      9  0      -386.74425123     8.42e-09      0.01
      9  1      -386.53141960     4.95e-07      0.00
      9  2      -386.50842733     2.89e-06      0.00
      9  3      -386.48760470     4.00e-04      0.00

     10  0      -386.74425123     1.72e-09      0.01
     10  1      -386.53141960     1.45e-07      0.00
     10  2      -386.50842734     8.08e-07      0.00
     10  3      -386.48772570     1.15e-04      0.00

     11  0      -386.74425123     2.88e-10      0.01
     11  1      -386.53141960     4.10e-08      0.00
     11  2      -386.50842734     2.57e-07      0.00
     11  3      -386.48773514     3.68e-05      0.00

     12  0 *    -386.74425123     4.12e-11      0.01
     12  1      -386.53141960     1.02e-08      0.00
     12  2      -386.50842734     9.21e-08      0.00
     12  3      -386.48773629     1.41e-05      0.00

     13  0 *    -386.74425123     1.74e-11      0.01
     13  1      -386.53141960     2.46e-09      0.00
     13  2      -386.50842734     2.67e-08      0.00
     13  3      -386.48773643     4.34e-06      0.00

     14  0 *    -386.74425123     1.62e-11      0.01
     14  1      -386.53141960     4.80e-10      0.00
     14  2      -386.50842734     5.53e-09      0.00
     14  3      -386.48773644     9.58e-07      0.00

     15  0 *    -386.74425123     1.46e-11      0.01
     15  1 *    -386.53141960     7.32e-11      0.00
     15  2      -386.50842734     1.07e-09      0.00
     15  3      -386.48773644     1.92e-07      0.00

     16  0 *    -386.74425123     1.44e-11      0.01
     16  1 *    -386.53141960     4.71e-11      0.00
     16  2      -386.50842734     2.47e-10      0.00
     16  3      -386.48773644     4.61e-08      0.00

     17  0 *    -386.74425123     1.40e-11      0.01
     17  1 *    -386.53141960     4.44e-11      0.00
     17  2 *    -386.50842734     4.60e-11      0.00
     17  3      -386.48773644     9.01e-09      0.00

     18  0 *    -386.74425123     1.35e-11      0.01
     18  1 *    -386.53141960     4.43e-11      0.00
     18  2 *    -386.50842734     9.74e-12      0.00
     18  3      -386.48773644     1.83e-09      0.00

     19  0 *    -386.74425123     1.23e-11      0.02
     19  1 *    -386.53141960     4.39e-11      0.00
     19  2 *    -386.50842734     3.09e-12      0.00
     19  3      -386.48773644     3.39e-10      0.00

     20  0 *    -386.74425123     1.22e-11      0.01
     20  1 *    -386.53141960     4.21e-11      0.00
     20  2 *    -386.50842734     2.85e-12      0.00
     20  3 *    -386.48773644     8.88e-11      0.00

     * ci vector, state   0, <S^2> = 0.0000
       222...    -0.8847002887
       22ab..     0.2223419630
       22ba..     0.2223419630
       2.2.2.     0.2026131648
       22.2..     0.1156083303
       a2bb.a     0.0959264362
       b2aa.b     0.0959264362
       .22..2     0.0794570622
       .222..     0.0685466794
       22...2     0.0631228221
       2.ab2.    -0.0512543989
       2.ba2.    -0.0512543989
       a2ab.b    -0.0510096255
       b2ba.a    -0.0510096255

     * ci vector, state   1, <S^2> = -0.0000
       22.2..    -0.4404259552
       a22b..     0.4051208212
       b22a..     0.4051208212
       22a..b    -0.3178195285
       22b..a    -0.3178195285
       .222..     0.2227139450
       22...2     0.1807141733
       .22..2    -0.1344963264
       a2ba.b     0.1269585510
       b2ab.a     0.1269585510
       2..22.     0.1014168340
       a.2b2.     0.0928330748
       b.2a2.     0.0928330748
       b2a2..    -0.0905515477
       a2b2..    -0.0905515477
       222...     0.0866767727
       b22..a     0.0817215870
       a22..b     0.0817215870
       b2aa.b     0.0801053968
       a2bb.a     0.0801053968
       2.a.2b    -0.0729166775
       2.b.2a    -0.0729166775
       22.b.a     0.0706983231
       22.a.b     0.0706983231
       22ba..     0.0681733992
       22ab..     0.0681733992
       a2.b.2     0.0607663372
       b2.a.2     0.0607663372
       .2a2.b    -0.0517756756
       .2b2.a    -0.0517756756
       ..222.    -0.0510945307

     * ci vector, state   2, <S^2> = 0.0000
       22ab..     0.6103790571
       22ba..     0.6103790571
       222...     0.3391495896
       2.ab2.    -0.1395388505
       2.ba2.    -0.1395388505
       a2b2..    -0.0959790175
       b2a2..    -0.0959790175
       22.2..     0.0788873417
       a2bb.a     0.0779901827
       b2aa.b     0.0779901827
       2.2.2.    -0.0748584938
       .222..    -0.0708699726
       a22b..    -0.0688451435
       b22a..    -0.0688451435
       22.a.b     0.0618415707
       22.b.a     0.0618415707
       .2ab.2    -0.0605070241
       .2ba.2    -0.0605070241
       a2ab.b    -0.0566529744
       b2ba.a    -0.0566529744

     * ci vector, state   3, <S^2> = 0.0000
       2baab.     0.5437829396
       2abba.     0.5437829396
       2bbaa.    -0.2726777137
       2aabb.    -0.2726777137
       2baba.     0.2711052259
       2abab.     0.2711052259
       ab2.ba     0.1187053999
       ba2.ab     0.1187053999
       .baab2    -0.0689024580
       .abba2    -0.0689024580
       ab2.ab     0.0593626720
       ba2.ba     0.0593626719
       bb2.aa    -0.0593427279
       aa2.bb    -0.0593427279
       ababba    -0.0554238513
       babaab    -0.0554238513
       baabab    -0.0553769978
       abbaba    -0.0553769978
       - FCI and RDMs                              0.17
    * Integral transformation done. Elapsed time: 0.35

     guess   0:   closed 111...               open ......              
     guess   1:   closed 11....               open ..11..              
     guess   2:   closed 1.1...               open .1..1.              
     guess   3:   closed .11...               open 1..1..              

  === FCI iteration ===

      0  0      -386.67884562     9.47e-03      0.00
      0  1      -386.44585726     9.04e-03      0.00
      0  2      -386.35524692     1.08e-02      0.00
      0  3      -386.29192801     7.95e-03      0.00

      1  0      -386.73857513     3.65e-03      0.00
      1  1      -386.49903805     3.94e-03      0.00
      1  2      -386.46514628     7.40e-03      0.00
      1  3      -386.34273643     4.26e-03      0.00

      2  0      -386.74398188     9.03e-04      0.00
      2  1      -386.51140296     3.88e-03      0.00
      2  2      -386.50397265     4.26e-03      0.00
      2  3      -386.35293472     1.72e-03      0.00

      3  0      -386.74424419     1.53e-04      0.00
      3  1      -386.52895578     2.31e-03      0.00
      3  2      -386.50826179     5.90e-04      0.00
      3  3      -386.35450736     6.13e-04      0.00

      4  0      -386.74425077     2.76e-05      0.00
      4  1      -386.53133769     4.01e-04      0.00
      4  2      -386.50841100     1.64e-04      0.00
      4  3      -386.35508986     8.20e-04      0.00

      5  0      -386.74425104     5.01e-06      0.00
      5  1      -386.53141530     7.81e-05      0.00
      5  2      -386.50842513     4.27e-05      0.00
      5  3      -386.36809022     3.14e-03      0.00

      6  0      -386.74425105     7.80e-07      0.00
      6  1      -386.53141924     1.69e-05      0.00
      6  2      -386.50842650     1.58e-05      0.00
      6  3      -386.37861269     2.81e-03      0.00

      7  0      -386.74425105     1.13e-07      0.01
      7  1      -386.53141940     4.07e-06      0.00
      7  2      -386.50842729     2.30e-05      0.00
      7  3      -386.46720671     5.31e-03      0.00

      8  0      -386.74425105     2.81e-08      0.01
      8  1      -386.53141942     1.27e-06      0.00
      8  2      -386.50842787     9.07e-06      0.00
      8  3      -386.48639716     1.27e-03      0.00

      9  0      -386.74425105     8.42e-09      0.01
      9  1      -386.53141942     4.95e-07      0.00
      9  2      -386.50842793     2.89e-06      0.00
      9  3      -386.48760446     4.00e-04      0.00

     10  0      -386.74425105     1.72e-09      0.01
     10  1      -386.53141942     1.45e-07      0.00
     10  2      -386.50842794     8.08e-07      0.00
     10  3      -386.48772546     1.15e-04      0.00

     11  0      -386.74425105     2.88e-10      0.01
     11  1      -386.53141942     4.10e-08      0.00
     11  2      -386.50842794     2.57e-07      0.00
     11  3      -386.48773490     3.68e-05      0.00

     12  0 *    -386.74425105     4.12e-11      0.01
     12  1      -386.53141942     1.02e-08      0.00
     12  2      -386.50842794     9.21e-08      0.00
     12  3      -386.48773605     1.41e-05      0.00

     13  0 *    -386.74425105     1.74e-11      0.01
     13  1      -386.53141942     2.46e-09      0.00
     13  2      -386.50842794     2.67e-08      0.00
     13  3      -386.48773618     4.34e-06      0.00

     14  0 *    -386.74425105     1.62e-11      0.01
     14  1      -386.53141942     4.80e-10      0.00
     14  2      -386.50842794     5.53e-09      0.00
     14  3      -386.48773619     9.58e-07      0.00

     15  0 *    -386.74425105     1.46e-11      0.01
     15  1 *    -386.53141942     7.31e-11      0.00
     15  2      -386.50842794     1.07e-09      0.00
     15  3      -386.48773620     1.92e-07      0.00

     16  0 *    -386.74425105     1.44e-11      0.01
     16  1 *    -386.53141942     4.73e-11      0.00
     16  2      -386.50842794     2.47e-10      0.00
     16  3      -386.48773620     4.61e-08      0.00

     17  0 *    -386.74425105     1.40e-11      0.01
     17  1 *    -386.53141942     4.44e-11      0.00
     17  2 *    -386.50842794     4.60e-11      0.00
     17  3      -386.48773620     9.01e-09      0.00

     18  0 *    -386.74425105     1.34e-11      0.01
     18  1 *    -386.53141942     4.42e-11      0.00
     18  2 *    -386.50842794     9.73e-12      0.00
     18  3      -386.48773620     1.83e-09      0.00

     19  0 *    -386.74425105     1.23e-11      0.01
     19  1 *    -386.53141942     4.39e-11      0.00
     19  2 *    -386.50842794     3.04e-12      0.00
     19  3      -386.48773619     3.34e-10      0.00

     20  0 *    -386.74425105     1.22e-11      0.01
     20  1 *    -386.53141942     4.24e-11      0.00
     20  2 *    -386.50842794     2.81e-12      0.00
     20  3 *    -386.48773620     7.24e-11      0.00

     * ci vector, state   0, <S^2> = 0.0000
       222...    -0.8846994526
       22ab..    -0.2223443247
       22ba..    -0.2223443247
       2.2.2.     0.2026129678
       22.2..     0.1156063412
       b2aa.b     0.0959256659
       a2bb.a     0.0959256659
       .22..2     0.0794563963
       .222..     0.0685471455
       22...2     0.0631232639
       2.ab2.     0.0512549469
       2.ba2.     0.0512549469
       a2ab.b    -0.0510096858
       b2ba.a    -0.0510096858

     * ci vector, state   1, <S^2> = -0.0000
       22.2..    -0.4404266384
       a22b..    -0.4051189956
       b22a..    -0.4051189956
       22a..b     0.3178176263
       22b..a     0.3178176263
       .222..     0.2227121415
       22...2     0.1807132683
       .22..2    -0.1344957512
       a2ba.b     0.1269577163
       b2ab.a     0.1269577163
       2..22.     0.1014169873
       a.2b2.    -0.0928326555
       b.2a2.    -0.0928326555
       b2a2..    -0.0905527872
       a2b2..    -0.0905527872
       222...     0.0866843305
       b22..a    -0.0817259401
       a22..b    -0.0817259401
       a2bb.a     0.0801068153
       b2aa.b     0.0801068153
       2.a.2b     0.0729162337
       2.b.2a     0.0729162337
       22.b.a     0.0706973996
       22.a.b     0.0706973996
       22ba..    -0.0681870491
       22ab..    -0.0681870491
       a2.b.2    -0.0607657149
       b2.a.2    -0.0607657149
       .2a2.b     0.0517750122
       .2b2.a     0.0517750122
       ..222.    -0.0510941248

     * ci vector, state   2, <S^2> = -0.0000
       22ba..    -0.6103764425
       22ab..    -0.6103764425
       222...     0.3391503282
       2.ba2.     0.1395382436
       2.ab2.     0.1395382436
       b2a2..    -0.0959789060
       a2b2..    -0.0959789060
       22.2..     0.0788925507
       a2bb.a     0.0779883850
       b2aa.b     0.0779883850
       2.2.2.    -0.0748586855
       .222..    -0.0708740381
       b22a..     0.0688559089
       a22b..     0.0688559089
       22.b.a     0.0618416471
       22.a.b     0.0618416471
       .2ba.2     0.0605070977
       .2ab.2     0.0605070977
       b2ba.a    -0.0566536591
       a2ab.b    -0.0566536591

     * ci vector, state   3, <S^2> = -0.0000
       2abba.    -0.5437829001
       2baab.    -0.5437829001
       2aabb.     0.2726776854
       2bbaa.     0.2726776854
       2baba.    -0.2711052147
       2abab.    -0.2711052146
       ba2.ab    -0.1187041680
       ab2.ba    -0.1187041680
       .abba2     0.0689021778
       .baab2     0.0689021778
       ab2.ab    -0.0593620525
       ba2.ba    -0.0593620525
       aa2.bb     0.0593421155
       bb2.aa     0.0593421155
       babaab    -0.0554245992
       ababba    -0.0554245992
       abbaba    -0.0553776574
       baabab    -0.0553776574
       - FCI and RDMs                              0.16
    * Integral transformation done. Elapsed time: 0.34

     guess   0:   closed 111...               open ......              
     guess   1:   closed 11....               open ..11..              
     guess   2:   closed 1.1...               open .1..1.              
     guess   3:   closed .11...               open 1..1..              

  === FCI iteration ===

      0  0      -386.67884565     9.47e-03      0.01
      0  1      -386.44585737     9.04e-03      0.00
      0  2      -386.35524685     1.08e-02      0.00
      0  3      -386.29192784     7.95e-03      0.00

      1  0      -386.73857507     3.65e-03      0.00
      1  1      -386.49903833     3.94e-03      0.00
      1  2      -386.46514633     7.40e-03      0.00
      1  3      -386.34273628     4.26e-03      0.00

      2  0      -386.74398181     9.03e-04      0.00
      2  1      -386.51140325     3.88e-03      0.00
      2  2      -386.50397265     4.26e-03      0.00
      2  3      -386.35293463     1.72e-03      0.00

      3  0      -386.74424411     1.53e-04      0.00
      3  1      -386.52895573     2.31e-03      0.00
      3  2      -386.50826202     5.90e-04      0.00
      3  3      -386.35450727     6.13e-04      0.00

      4  0      -386.74425070     2.76e-05      0.00
      4  1      -386.53133762     4.01e-04      0.00
      4  2      -386.50841124     1.64e-04      0.00
      4  3      -386.35508978     8.20e-04      0.00

      5  0      -386.74425096     5.01e-06      0.00
      5  1      -386.53141523     7.81e-05      0.00
      5  2      -386.50842537     4.27e-05      0.00
      5  3      -386.36809020     3.14e-03      0.00

      6  0      -386.74425097     7.80e-07      0.00
      6  1      -386.53141918     1.69e-05      0.00
      6  2      -386.50842674     1.58e-05      0.00
      6  3      -386.37861260     2.81e-03      0.00

      7  0      -386.74425097     1.13e-07      0.00
      7  1      -386.53141934     4.07e-06      0.00
      7  2      -386.50842753     2.30e-05      0.00
      7  3      -386.46720713     5.31e-03      0.00

      8  0      -386.74425097     2.81e-08      0.01
      8  1      -386.53141935     1.27e-06      0.00
      8  2      -386.50842811     9.07e-06      0.00
      8  3      -386.48639708     1.27e-03      0.00

      9  0      -386.74425097     8.42e-09      0.01
      9  1      -386.53141935     4.95e-07      0.00
      9  2      -386.50842817     2.89e-06      0.00
      9  3      -386.48760436     4.00e-04      0.00

     10  0      -386.74425097     1.72e-09      0.01
     10  1      -386.53141935     1.45e-07      0.00
     10  2      -386.50842818     8.08e-07      0.00
     10  3      -386.48772536     1.15e-04      0.00

     11  0      -386.74425097     2.88e-10      0.01
     11  1      -386.53141935     4.10e-08      0.00
     11  2      -386.50842818     2.57e-07      0.00
     11  3      -386.48773480     3.68e-05      0.00

     12  0 *    -386.74425097     4.12e-11      0.01
     12  1      -386.53141935     1.02e-08      0.00
     12  2      -386.50842818     9.21e-08      0.00
     12  3      -386.48773595     1.41e-05      0.00

     13  0 *    -386.74425097     1.74e-11      0.01
     13  1      -386.53141935     2.46e-09      0.00
     13  2      -386.50842818     2.67e-08      0.00
     13  3      -386.48773609     4.34e-06      0.00

     14  0 *    -386.74425097     1.62e-11      0.01
     14  1      -386.53141935     4.80e-10      0.00
     14  2      -386.50842818     5.53e-09      0.00
     14  3      -386.48773610     9.58e-07      0.00

     15  0 *    -386.74425097     1.46e-11      0.01
     15  1 *    -386.53141935     7.31e-11      0.00
     15  2      -386.50842818     1.07e-09      0.00
     15  3      -386.48773610     1.92e-07      0.00

     16  0 *    -386.74425097     1.44e-11      0.01
     16  1 *    -386.53141935     4.72e-11      0.00
     16  2      -386.50842818     2.47e-10      0.00
     16  3      -386.48773610     4.61e-08      0.00

     17  0 *    -386.74425097     1.40e-11      0.01
     17  1 *    -386.53141935     4.45e-11      0.00
     17  2 *    -386.50842818     4.60e-11      0.00
     17  3      -386.48773610     9.01e-09      0.00

     18  0 *    -386.74425097     1.35e-11      0.01
     18  1 *    -386.53141935     4.42e-11      0.00
     18  2 *    -386.50842818     9.72e-12      0.00
     18  3      -386.48773610     1.83e-09      0.00

     19  0 *    -386.74425097     1.22e-11      0.01
     19  1 *    -386.53141935     4.39e-11      0.00
     19  2 *    -386.50842818     3.11e-12      0.00
     19  3      -386.48773610     3.34e-10      0.00

     20  0 *    -386.74425097     1.22e-11      0.01
     20  1 *    -386.53141935     4.20e-11      0.00
     20  2 *    -386.50842818     2.73e-12      0.00
     20  3 *    -386.48773610     8.31e-11      0.00

     * ci vector, state   0, <S^2> = 0.0000
       222...    -0.8846991104
       22ba..    -0.2223452915
       22ab..    -0.2223452915
       2.2.2.     0.2026128870
       22.2..     0.1156055299
       a2bb.a    -0.0959253562
       b2aa.b    -0.0959253562
       .22..2     0.0794561287
       .222..     0.0685473384
       22...2     0.0631234394
       2.ba2.     0.0512551706
       2.ab2.     0.0512551706
       b2ba.a     0.0510097155
       a2ab.b     0.0510097155

     * ci vector, state   1, <S^2> = -0.0000
       22.2..    -0.4404268798
       a22b..     0.4051182058
       b22a..     0.4051182058
       22b..a     0.3178169078
       22a..b     0.3178169078
       .222..     0.2227114216
       22...2     0.1807128840
       .22..2    -0.1344955260
       a2ba.b    -0.1269573848
       b2ab.a    -0.1269573848
       2..22.     0.1014170413
       a.2b2.     0.0928324735
       b.2a2.     0.0928324735
       b2a2..     0.0905534299
       a2b2..     0.0905534299
       222...     0.0866874171
       b22..a     0.0817276973
       a22..b     0.0817276973
       a2bb.a    -0.0801074058
       b2aa.b    -0.0801074058
       2.b.2a     0.0729160665
       2.a.2b     0.0729160665
       22.b.a     0.0706969295
       22.a.b     0.0706969295
       22ba..    -0.0681926266
       22ab..    -0.0681926266
       a2.b.2     0.0607654281
       b2.a.2     0.0607654281
       .2a2.b     0.0517747772
       .2b2.a     0.0517747772
       ..222.    -0.0510939625

     * ci vector, state   2, <S^2> = 0.0000
       22ba..    -0.6103753791
       22ab..    -0.6103753791
       222...     0.3391506324
       2.ba2.     0.1395379974
       2.ab2.     0.1395379974
       a2b2..     0.0959787891
       b2a2..     0.0959787891
       22.2..     0.0788947115
       a2bb.a    -0.0779876419
       b2aa.b    -0.0779876419
       2.2.2.    -0.0748587648
       .222..    -0.0708757620
       b22a..    -0.0688602625
       a22b..    -0.0688602625
       22.b.a     0.0618417064
       22.a.b     0.0618417064
       .2ba.2     0.0605071289
       .2ab.2     0.0605071289
       b2ba.a     0.0566539469
       a2ab.b     0.0566539469

     * ci vector, state   3, <S^2> = 0.0000
       2baab.     0.5437828807
       2abba.     0.5437828807
       2aabb.    -0.2726776721
       2bbaa.    -0.2726776721
       2baba.     0.2711052087
       2abab.     0.2711052086
       ab2.ba    -0.1187036749
       ba2.ab    -0.1187036749
       .baab2    -0.0689020657
       .abba2    -0.0689020657
       ab2.ab    -0.0593618046
       ba2.ba    -0.0593618046
       aa2.bb     0.0593418703
       bb2.aa     0.0593418703
       ababba    -0.0554249201
       babaab    -0.0554249201
       abbaba    -0.0553779042
       baabab    -0.0553779042
       - FCI and RDMs                              0.14
    * Integral transformation done. Elapsed time: 0.31

     guess   0:   closed 111...               open ......              
     guess   1:   closed 11....               open ..11..              
     guess   2:   closed 1.1...               open .1..1.              
     guess   3:   closed .11...               open 1..1..              

  === FCI iteration ===

      0  0      -386.67884565     9.47e-03      0.00
      0  1      -386.44585741     9.04e-03      0.00
      0  2      -386.35524682     1.08e-02      0.00
      0  3      -386.29192777     7.95e-03      0.00

      1  0      -386.73857504     3.65e-03      0.00
      1  1      -386.49903844     3.94e-03      0.00
      1  2      -386.46514634     7.40e-03      0.00
      1  3      -386.34273622     4.26e-03      0.00

      2  0      -386.74398178     9.03e-04      0.00
      2  1      -386.51140337     3.88e-03      0.00
      2  2      -386.50397265     4.26e-03      0.00
      2  3      -386.35293459     1.72e-03      0.00

      3  0      -386.74424408     1.53e-04      0.00
      3  1      -386.52895571     2.31e-03      0.00
      3  2      -386.50826211     5.90e-04      0.00
      3  3      -386.35450724     6.13e-04      0.00

      4  0      -386.74425067     2.76e-05      0.00
      4  1      -386.53133759     4.01e-04      0.00
      4  2      -386.50841134     1.64e-04      0.00
      4  3      -386.35508975     8.20e-04      0.00

      5  0      -386.74425093     5.01e-06      0.00
      5  1      -386.53141521     7.81e-05      0.00
      5  2      -386.50842547     4.27e-05      0.00
      5  3      -386.36809019     3.14e-03      0.00

      6  0      -386.74425095     7.80e-07      0.00
      6  1      -386.53141915     1.69e-05      0.00
      6  2      -386.50842683     1.58e-05      0.00
      6  3      -386.37861258     2.81e-03      0.00

      7  0      -386.74425095     1.13e-07      0.00
      7  1      -386.53141931     4.07e-06      0.00
      7  2      -386.50842763     2.30e-05      0.00
      7  3      -386.46720730     5.31e-03      0.00

      8  0      -386.74425095     2.81e-08      0.01
      8  1      -386.53141932     1.27e-06      0.00
      8  2      -386.50842821     9.07e-06      0.00
      8  3      -386.48639704     1.27e-03      0.00

      9  0      -386.74425095     8.42e-09      0.01
      9  1      -386.53141932     4.95e-07      0.00
      9  2      -386.50842827     2.89e-06      0.00
      9  3      -386.48760432     4.00e-04      0.00

     10  0      -386.74425095     1.72e-09      0.01
     10  1      -386.53141932     1.45e-07      0.00
     10  2      -386.50842828     8.08e-07      0.00
     10  3      -386.48772532     1.15e-04      0.00

     11  0      -386.74425095     2.88e-10      0.01
     11  1      -386.53141932     4.10e-08      0.00
     11  2      -386.50842828     2.57e-07      0.00
     11  3      -386.48773476     3.68e-05      0.00

     12  0 *    -386.74425095     4.12e-11      0.01
     12  1      -386.53141932     1.02e-08      0.00
     12  2      -386.50842828     9.21e-08      0.00
     12  3      -386.48773591     1.41e-05      0.00

     13  0 *    -386.74425095     1.74e-11      0.01
     13  1      -386.53141932     2.46e-09      0.00
     13  2      -386.50842828     2.67e-08      0.00
     13  3      -386.48773604     4.34e-06      0.00

     14  0 *    -386.74425095     1.62e-11      0.01
     14  1      -386.53141932     4.80e-10      0.00
     14  2      -386.50842828     5.53e-09      0.00
     14  3      -386.48773606     9.58e-07      0.00

     15  0 *    -386.74425095     1.46e-11      0.01
     15  1 *    -386.53141932     7.31e-11      0.00
     15  2      -386.50842828     1.07e-09      0.00
     15  3      -386.48773606     1.92e-07      0.00

     16  0 *    -386.74425095     1.44e-11      0.01
     16  1 *    -386.53141932     4.71e-11      0.00
     16  2      -386.50842828     2.47e-10      0.00
     16  3      -386.48773606     4.61e-08      0.00

     17  0 *    -386.74425095     1.40e-11      0.01
     17  1 *    -386.53141932     4.44e-11      0.00
     17  2 *    -386.50842828     4.60e-11      0.00
     17  3      -386.48773606     9.01e-09      0.00

     18  0 *    -386.74425095     1.35e-11      0.01
     18  1 *    -386.53141932     4.42e-11      0.00
     18  2 *    -386.50842828     9.75e-12      0.00
     18  3      -386.48773606     1.83e-09      0.00

     19  0 *    -386.74425095     1.23e-11      0.01
     19  1 *    -386.53141932     4.39e-11      0.00
     19  2 *    -386.50842828     3.04e-12      0.00
     19  3      -386.48773606     3.29e-10      0.00

     20  0 *    -386.74425095     1.22e-11      0.01
     20  1 *    -386.53141932     4.20e-11      0.00
     20  2 *    -386.50842828     2.73e-12      0.00
     20  3 *    -386.48773606     6.58e-11      0.00

     * ci vector, state   0, <S^2> = 0.0000
       222...    -0.8846989709
       22ba..    -0.2223456857
       22ab..    -0.2223456857
       2.2.2.     0.2026128541
       22.2..     0.1156051994
       b2aa.b     0.0959252314
       a2bb.a     0.0959252314
       .22..2     0.0794560209
       .222..     0.0685474179
       22...2     0.0631235095
       2.ba2.     0.0512552617
       2.ab2.     0.0512552617
       a2ab.b    -0.0510097292
       b2ba.a    -0.0510097292

     * ci vector, state   1, <S^2> = -0.0000
       22.2..    -0.4404269660
       a22b..    -0.4051178713
       b22a..    -0.4051178713
       22b..a     0.3178166318
       22a..b     0.3178166318
       .222..     0.2227111329
       22...2     0.1807127216
       .22..2    -0.1344954373
       a2ba.b     0.1269572526
       b2ab.a     0.1269572526
       2..22.     0.1014170606
       a.2b2.    -0.0928323963
       b.2a2.    -0.0928323963
       b2a2..    -0.0905537311
       a2b2..    -0.0905537311
       222...     0.0866886771
       b22..a    -0.0817284077
       a22..b    -0.0817284077
       a2bb.a     0.0801076507
       b2aa.b     0.0801076507
       2.b.2a     0.0729160023
       2.a.2b     0.0729160023
       22.b.a     0.0706967116
       22.a.b     0.0706967116
       22ba..    -0.0681949026
       22ab..    -0.0681949026
       a2.b.2    -0.0607653016
       b2.a.2    -0.0607653016
       .2a2.b     0.0517746918
       .2b2.a     0.0517746918
       ..222.    -0.0510938974

     * ci vector, state   2, <S^2> = -0.0000
       22ba..    -0.6103749469
       22ab..    -0.6103749469
       222...     0.3391507564
       2.ba2.     0.1395378975
       2.ab2.     0.1395378975
       b2a2..    -0.0959787201
       a2b2..    -0.0959787201
       22.2..     0.0788956043
       b2aa.b     0.0779873361
       a2bb.a     0.0779873361
       2.2.2.    -0.0748587973
       .222..    -0.0708764838
       a22b..     0.0688620260
       b22a..     0.0688620260
       22.b.a     0.0618417391
       22.a.b     0.0618417391
       .2ba.2     0.0605071421
       .2ab.2     0.0605071421
       b2ba.a    -0.0566540666
       a2ab.b    -0.0566540666

     * ci vector, state   3, <S^2> = 0.0000
       2abba.    -0.5437828719
       2baab.    -0.5437828719
       2aabb.     0.2726776670
       2bbaa.     0.2726776670
       2baba.    -0.2711052049
       2abab.    -0.2711052049
       ba2.ab    -0.1187034770
       ab2.ba    -0.1187034770
       .abba2     0.0689020211
       .baab2     0.0689020211
       ab2.ab    -0.0593617051
       ba2.ba    -0.0593617051
       aa2.bb     0.0593417719
       bb2.aa     0.0593417719
       ababba    -0.0554250555
       babaab    -0.0554250555
       baabab    -0.0553779985
       abbaba    -0.0553779985
       - FCI and RDMs                              0.14
