--------------------------------------------------
JOB FRONT-END 3110241 on wux16
SLURM ENVIRONMENT
--------------------------------------------------
SLURM_JOB_ID                   = 3110241             
SLURM_ARRAY_JOB_ID             = N/A                 
SLURM_ARRAY_TASK_ID            = N/A                 
SLURM_JOB_NAME                 = bagel               
SLURM_JOB_PARTITION            = batch               
SLURM_JOB_NUM_NODES            = 1                   
SLURM_JOB_CPUS_PER_NODE        = 20                  
SLURM_NTASKS                   = 20                  
SLURM_NTASKS_PER_NODE          = N/A                 
--------------------------------------------------
--------------------------------------------------
PBS ENVIRONMENT
--------------------------------------------------
PBS_JOBID                      = 3110241             
PBS_ARRAYID                    = N/A                 
PBS_JOBNAME                    = bagel               
PBS_QUEUE                      = batch               
PBS_NUM_NODES                  = 1                   
PBS_NUM_PPN                    = 1                   
PBS_NP                         = 20                  
PBS_NODEFILE                   = /tmp/3110241/nodes  
--------------------------------------------------
  * process grid (5, 4) will be used
    wux16                           
    wux16                           
    wux16                           
    wux16                           
    wux16                           
    wux16                           
    wux16                           
    wux16                           
    wux16                           
    wux16                           
    wux16                           
    wux16                           
    wux16                           
    wux16                           
    wux16                           
    wux16                           
    wux16                           
    wux16                           
    wux16                           
    wux16                           

  * using 20 threads per process

  ===============================================================
    BAGEL - Freshly leavened quantum chemistry                   
  ===============================================================

  *** Geometry ***

  { "atom" : "C", "xyz" : [      4.541895,     -1.113850,      1.491792 ] },
  { "atom" : "C", "xyz" : [      4.179724,      1.568837,      1.738500 ] },
  { "atom" : "C", "xyz" : [      1.868868,      2.674684,      1.127909 ] },
  { "atom" : "N", "xyz" : [     -0.070445,      1.108752,      0.510077 ] },
  { "atom" : "B", "xyz" : [      0.029234,     -1.628228,      0.480262 ] },
  { "atom" : "C", "xyz" : [      2.575102,     -2.822613,      0.991862 ] },
  { "atom" : "C", "xyz" : [     -2.390441,     -1.864439,     -1.379348 ] },
  { "atom" : "C", "xyz" : [     -5.097053,     -1.095599,     -0.743585 ] },
  { "atom" : "C", "xyz" : [     -4.710070,      1.445489,     -0.928878 ] },
  { "atom" : "C", "xyz" : [     -1.958732,      1.124110,     -1.603126 ] },
  { "atom" : "H", "xyz" : [      6.491509,     -1.801666,      1.599605 ] },
  { "atom" : "H", "xyz" : [      5.773581,      2.776459,      2.239219 ] },
  { "atom" : "H", "xyz" : [      1.581057,      4.718537,      1.067363 ] },
  { "atom" : "H", "xyz" : [      3.062026,     -4.814535,      0.696353 ] },
  { "atom" : "H", "xyz" : [     -2.092846,     -3.073765,     -3.036637 ] },
  { "atom" : "H", "xyz" : [     -6.783710,     -2.220375,     -0.314348 ] },
  { "atom" : "H", "xyz" : [     -5.861686,      3.130601,     -0.592847 ] },
  { "atom" : "H", "xyz" : [     -1.138013,      1.887601,     -3.344173 ] },

  Number of auxiliary basis functions:      884

  Since a DF basis is specified, we compute 2- and 3-index integrals:
    o Being stored without compression. Storage requirement is 0.079 GB
       - 3-index ints prep                         0.00
       - 3-index ints                              0.05
       - 2-index ints                              0.13
       - computing inverse                         0.37
        elapsed time:        0.55 sec.


  Number of basis functions:      106
  Number of electrons      :       68


    * METHOD: MOLECULE                             0.59

       - Overlap matrix                            0.01
       - Hcore matrix                              0.01
       - Overlap orthog                            0.01

  *** RHF ***

  === Nuclear Repulsion ===
  
   455.9316319600

      * DIIS with orbital gradients will be used.

       - SCF startup                               0.44

  === RHF iteration (/home/miaoxin/software/bagel-1.2.2/obj/share/3-21g.json) ===
  
               o Fock build                                  0.17
      0       -384.32992858          0.01184909           0.17
               o DIIS                                        0.00
               o Diag                                        0.01
               o Post process                                0.00
               o Fock build                                  0.32
      1       -384.47456044          0.00415754           0.34
               o DIIS                                        0.00
               o Diag                                        0.01
               o Post process                                0.00
               o Fock build                                  0.20
      2       -384.49014503          0.00162358           0.22
               o DIIS                                        0.00
               o Diag                                        0.01
               o Post process                                0.00
               o Fock build                                  0.21
      3       -384.49270001          0.00031026           0.22
               o DIIS                                        0.00
               o Diag                                        0.01
               o Post process                                0.00
               o Fock build                                  0.20
      4       -384.49281530          0.00009202           0.22
               o DIIS                                        0.00
               o Diag                                        0.03
               o Post process                                0.02
               o Fock build                                  0.20
      5       -384.49283229          0.00003345           0.26
               o DIIS                                        0.00
               o Diag                                        0.01
               o Post process                                0.00
               o Fock build                                  0.16
      6       -384.49283517          0.00001995           0.17
               o DIIS                                        0.00
               o Diag                                        0.01
               o Post process                                0.00
               o Fock build                                  0.16
      7       -384.49283651          0.00000740           0.18
               o DIIS                                        0.00
               o Diag                                        0.01
               o Post process                                0.00
               o Fock build                                  0.22
      8       -384.49283677          0.00000361           0.23
               o DIIS                                        0.00
               o Diag                                        0.01
               o Post process                                0.00
               o Fock build                                  0.25
      9       -384.49283681          0.00000162           0.27
               o DIIS                                        0.00
               o Diag                                        0.01
               o Post process                                0.00
               o Fock build                                  0.23
     10       -384.49283681          0.00000077           0.25
               o DIIS                                        0.00
               o Diag                                        0.01
               o Post process                                0.00
               o Fock build                                  0.20
     11       -384.49283682          0.00000034           0.21
               o DIIS                                        0.00
               o Diag                                        0.01
               o Post process                                0.00
               o Fock build                                  0.20
     12       -384.49283682          0.00000011           0.22
               o DIIS                                        0.00
               o Diag                                        0.01
               o Post process                                0.00
               o Fock build                                  0.29
     13       -384.49283682          0.00000006           0.30
               o DIIS                                        0.00
               o Diag                                        0.01
               o Post process                                0.00
               o Fock build                                  0.32
     14       -384.49283682          0.00000002           0.34
               o DIIS                                        0.00
               o Diag                                        0.01
               o Post process                                0.00
               o Fock build                                  0.15
     15       -384.49283682          0.00000001           0.17
               o DIIS                                        0.00
               o Diag                                        0.01
               o Post process                                0.00
               o Fock build                                  0.20
     16       -384.49283682          0.00000001           0.22
  
    * SCF iteration converged.

    * Permanent dipole moment:
           (   -0.036688,    -0.461244,     0.393364) a.u.

  ---------------------------
      CASSCF calculation     
  ---------------------------

 
    ==== Active orbitals : ===== 
         Orbital 32
         Orbital 33
         Orbital 34
         Orbital 35
         Orbital 36
         Orbital 37
    ============================ 

    * nstate   :      4
    * nclosed  :     31
    * nact     :      6
    * nvirt    :     69
  === CASSCF iteration (/home/miaoxin/software/bagel-1.2.2/obj/share/3-21g.json) ===

    * Using the second-order algorithm

      0  0      -384.52721374     3.55e-03      0.34
      0  1      -384.29652405     0.00e+00      0.34
      0  2      -384.25842127     0.00e+00      0.34
      0  3      -384.22272078     0.00e+00      0.34

         res : 7.45e-02   lamb: 1.00e+00   eps : -1.76e-02   step: 3.05e-01    0.33
         res : 2.69e-02   lamb: 1.00e+00   eps : -2.01e-02   step: 3.71e-01    0.25
         res : 9.79e-03   lamb: 1.00e+00   eps : -2.04e-02   step: 3.72e-01    0.21
         res : 2.74e-03   lamb: 1.00e+00   eps : -2.04e-02   step: 3.72e-01    0.21
         res : 8.58e-04   lamb: 1.00e+00   eps : -2.04e-02   step: 3.73e-01    0.26
         res : 2.52e-04   lamb: 1.00e+00   eps : -2.04e-02   step: 3.73e-01    0.25
         res : 7.84e-05   lamb: 1.00e+00   eps : -2.04e-02   step: 3.73e-01    0.21
         res : 2.94e-05   lamb: 1.00e+00   eps : -2.04e-02   step: 3.73e-01    0.21

      1  0      -384.53877391     1.96e-03      2.92
      1  1      -384.31084652     0.00e+00      2.92
      1  2      -384.27688249     0.00e+00      2.92
      1  3      -384.23825314     0.00e+00      2.92

         res : 6.58e-02   lamb: 1.00e+00   eps : -8.28e-03   step: 2.00e-01    0.21
         res : 1.92e-02   lamb: 1.00e+00   eps : -9.70e-03   step: 2.74e-01    0.31
         res : 1.13e-02   lamb: 1.00e+00   eps : -9.94e-03   step: 2.90e-01    0.21
         res : 3.84e-03   lamb: 1.00e+00   eps : -9.97e-03   step: 2.94e-01    0.20
         res : 1.25e-03   lamb: 1.00e+00   eps : -9.98e-03   step: 2.98e-01    0.24
         res : 3.82e-04   lamb: 1.00e+00   eps : -9.98e-03   step: 2.98e-01    0.25
         res : 1.27e-04   lamb: 1.00e+00   eps : -9.98e-03   step: 2.98e-01    0.26
         res : 3.73e-05   lamb: 1.00e+00   eps : -9.98e-03   step: 2.98e-01    0.21
         res : 1.32e-05   lamb: 1.00e+00   eps : -9.98e-03   step: 2.98e-01    0.20

      2  0      -384.54671072     2.14e-03      3.12
      2  1      -384.31885208     0.00e+00      3.12
      2  2      -384.29292787     0.00e+00      3.12
      2  3      -384.25626947     0.00e+00      3.12

         res : 9.08e-02   lamb: 1.00e+00   eps : -1.59e-02   step: 3.33e-01    0.25
         res : 2.31e-02   lamb: 1.00e+00   eps : -1.79e-02   step: 4.15e-01    0.30
         res : 1.13e-02   lamb: 1.00e+00   eps : -1.81e-02   step: 4.23e-01    0.20
         res : 2.86e-03   lamb: 1.00e+00   eps : -1.81e-02   step: 4.23e-01    0.21
         res : 8.36e-04   lamb: 1.00e+00   eps : -1.81e-02   step: 4.23e-01    0.21
         res : 3.03e-04   lamb: 1.00e+00   eps : -1.81e-02   step: 4.23e-01    0.20
         res : 8.03e-05   lamb: 1.00e+00   eps : -1.81e-02   step: 4.23e-01    0.20
         res : 2.64e-05   lamb: 1.00e+00   eps : -1.81e-02   step: 4.23e-01    0.20

      3  0      -384.55673362     9.96e-04      2.67
      3  1      -384.34024418     0.00e+00      2.67
      3  2      -384.30744644     0.00e+00      2.67
      3  3      -384.28094140     0.00e+00      2.67

         res : 4.54e-02   lamb: 1.00e+00   eps : -6.79e-03   step: 1.98e-01    0.19
         res : 1.19e-02   lamb: 1.00e+00   eps : -7.25e-03   step: 2.15e-01    0.24
         res : 5.08e-03   lamb: 1.00e+00   eps : -7.32e-03   step: 2.14e-01    0.29
         res : 1.77e-03   lamb: 1.00e+00   eps : -7.32e-03   step: 2.14e-01    0.26
         res : 4.92e-04   lamb: 1.00e+00   eps : -7.32e-03   step: 2.14e-01    0.20
         res : 1.63e-04   lamb: 1.00e+00   eps : -7.32e-03   step: 2.14e-01    0.25
         res : 4.82e-05   lamb: 1.00e+00   eps : -7.32e-03   step: 2.14e-01    0.30
         res : 1.81e-05   lamb: 1.00e+00   eps : -7.32e-03   step: 2.15e-01    0.20

      4  0      -384.56165080     3.82e-04      2.81
      4  1      -384.34208260     0.00e+00      2.81
      4  2      -384.31025816     0.00e+00      2.81
      4  3      -384.29023360     0.00e+00      2.81

         res : 1.65e-02   lamb: 1.00e+00   eps : -4.41e-04   step: 3.98e-02    0.19
         res : 3.58e-03   lamb: 1.00e+00   eps : -5.05e-04   step: 4.93e-02    0.20
         res : 1.21e-03   lamb: 1.00e+00   eps : -5.14e-04   step: 4.87e-02    0.33
         res : 4.13e-04   lamb: 1.00e+00   eps : -5.14e-04   step: 4.86e-02    0.25
         res : 1.30e-04   lamb: 1.00e+00   eps : -5.14e-04   step: 4.86e-02    0.20
         res : 5.19e-05   lamb: 1.00e+00   eps : -5.14e-04   step: 4.86e-02    0.21
         res : 1.62e-05   lamb: 1.00e+00   eps : -5.14e-04   step: 4.86e-02    0.25
         res : 7.14e-06   lamb: 1.00e+00   eps : -5.14e-04   step: 4.86e-02    0.25
         res : 2.24e-06   lamb: 1.00e+00   eps : -5.14e-04   step: 4.86e-02    0.21

      5  0      -384.56258051     1.55e-04      3.24
      5  1      -384.34149883     0.00e+00      3.24
      5  2      -384.30931523     0.00e+00      3.24
      5  3      -384.29213035     0.00e+00      3.24

         res : 4.94e-03   lamb: 1.00e+00   eps : -3.42e-05   step: 7.98e-03    0.21
         res : 1.18e-03   lamb: 1.00e+00   eps : -4.17e-05   step: 1.20e-02    0.25
         res : 4.57e-04   lamb: 1.00e+00   eps : -4.25e-05   step: 1.19e-02    0.29
         res : 1.38e-04   lamb: 1.00e+00   eps : -4.25e-05   step: 1.19e-02    0.21
         res : 4.25e-05   lamb: 1.00e+00   eps : -4.25e-05   step: 1.19e-02    0.20
         res : 1.64e-05   lamb: 1.00e+00   eps : -4.25e-05   step: 1.19e-02    0.24
         res : 6.12e-06   lamb: 1.00e+00   eps : -4.25e-05   step: 1.19e-02    0.29
         res : 2.11e-06   lamb: 1.00e+00   eps : -4.25e-05   step: 1.19e-02    0.21
         res : 5.10e-07   lamb: 1.00e+00   eps : -4.25e-05   step: 1.19e-02    0.21

      6  0      -384.56285338     6.11e-05      3.18
      6  1      -384.34146207     0.00e+00      3.18
      6  2      -384.30866168     0.00e+00      3.18
      6  3      -384.29266036     0.00e+00      3.18

         res : 1.53e-03   lamb: 1.00e+00   eps : -3.79e-06   step: 2.09e-03    0.25
         res : 4.24e-04   lamb: 1.00e+00   eps : -4.66e-06   step: 3.40e-03    0.28
         res : 1.73e-04   lamb: 1.00e+00   eps : -4.74e-06   step: 3.45e-03    0.20
         res : 4.66e-05   lamb: 1.00e+00   eps : -4.75e-06   step: 3.45e-03    0.21
         res : 1.39e-05   lamb: 1.00e+00   eps : -4.75e-06   step: 3.45e-03    0.25
         res : 5.45e-06   lamb: 1.00e+00   eps : -4.75e-06   step: 3.45e-03    0.25
         res : 2.16e-06   lamb: 1.00e+00   eps : -4.75e-06   step: 3.45e-03    0.26
         res : 6.79e-07   lamb: 1.00e+00   eps : -4.75e-06   step: 3.45e-03    0.21
         res : 1.54e-07   lamb: 1.00e+00   eps : -4.75e-06   step: 3.45e-03    0.24

      7  0      -384.56294863     2.33e-05      3.15
      7  1      -384.34149488     0.00e+00      3.15
      7  2      -384.30837389     0.00e+00      3.15
      7  3      -384.29283292     0.00e+00      3.15

         res : 5.19e-04   lamb: 1.00e+00   eps : -4.83e-07   step: 6.60e-04    0.23
         res : 1.56e-04   lamb: 1.00e+00   eps : -5.91e-07   step: 1.10e-03    0.24
         res : 6.43e-05   lamb: 1.00e+00   eps : -6.01e-07   step: 1.13e-03    0.21
         res : 1.71e-05   lamb: 1.00e+00   eps : -6.02e-07   step: 1.13e-03    0.21
         res : 5.00e-06   lamb: 1.00e+00   eps : -6.02e-07   step: 1.13e-03    0.33
         res : 1.86e-06   lamb: 1.00e+00   eps : -6.02e-07   step: 1.13e-03    0.25
         res : 7.79e-07   lamb: 1.00e+00   eps : -6.02e-07   step: 1.13e-03    0.20
         res : 2.47e-07   lamb: 1.00e+00   eps : -6.02e-07   step: 1.13e-03    0.20
         res : 5.38e-08   lamb: 1.00e+00   eps : -6.02e-07   step: 1.13e-03    0.24

      8  0      -384.56298337     8.76e-06      3.02
      8  1      -384.34151609     0.00e+00      3.02
      8  2      -384.30825990     0.00e+00      3.02
      8  3      -384.29289260     0.00e+00      3.02

         res : 1.84e-04   lamb: 1.00e+00   eps : -6.46e-08   step: 2.28e-04    0.32
         res : 5.77e-05   lamb: 1.00e+00   eps : -7.87e-08   step: 3.80e-04    0.21
         res : 2.39e-05   lamb: 1.00e+00   eps : -7.99e-08   step: 3.94e-04    0.22
         res : 6.37e-06   lamb: 1.00e+00   eps : -8.00e-08   step: 3.95e-04    0.21
         res : 1.85e-06   lamb: 1.00e+00   eps : -8.00e-08   step: 3.95e-04    0.25
         res : 6.57e-07   lamb: 1.00e+00   eps : -8.00e-08   step: 3.95e-04    0.24
         res : 2.85e-07   lamb: 1.00e+00   eps : -8.00e-08   step: 3.95e-04    0.21
         res : 9.22e-08   lamb: 1.00e+00   eps : -8.00e-08   step: 3.95e-04    0.20
         res : 2.00e-08   lamb: 1.00e+00   eps : -8.00e-08   step: 3.95e-04    0.33

      9  0      -384.56299618     3.27e-06      3.17
      9  1      -384.34152573     0.00e+00      3.17
      9  2      -384.30821642     0.00e+00      3.17
      9  3      -384.29291386     0.00e+00      3.17

         res : 6.68e-05   lamb: 1.00e+00   eps : -8.78e-09   step: 8.16e-05    0.23
         res : 2.14e-05   lamb: 1.00e+00   eps : -1.07e-08   step: 1.36e-04    0.21
         res : 8.86e-06   lamb: 1.00e+00   eps : -1.08e-08   step: 1.42e-04    0.25
         res : 2.38e-06   lamb: 1.00e+00   eps : -1.08e-08   step: 1.42e-04    0.26
         res : 6.93e-07   lamb: 1.00e+00   eps : -1.08e-08   step: 1.42e-04    0.29
         res : 2.37e-07   lamb: 1.00e+00   eps : -1.08e-08   step: 1.42e-04    0.21
         res : 1.05e-07   lamb: 1.00e+00   eps : -1.08e-08   step: 1.42e-04    0.20
         res : 3.45e-08   lamb: 1.00e+00   eps : -1.08e-08   step: 1.42e-04    0.32
         res : 7.56e-09   lamb: 1.00e+00   eps : -1.08e-08   step: 1.42e-04    0.24

     10  0      -384.56300092     1.22e-06      3.24
     10  1      -384.34152965     0.00e+00      3.24
     10  2      -384.30820009     0.00e+00      3.24
     10  3      -384.29292155     0.00e+00      3.24

         res : 2.44e-05   lamb: 1.00e+00   eps : -1.20e-09   step: 2.97e-05    0.21
         res : 7.92e-06   lamb: 1.00e+00   eps : -1.45e-09   step: 4.95e-05    0.20
         res : 3.29e-06   lamb: 1.00e+00   eps : -1.47e-09   step: 5.17e-05    0.32
         res : 8.90e-07   lamb: 1.00e+00   eps : -1.48e-09   step: 5.19e-05    0.24
         res : 2.59e-07   lamb: 1.00e+00   eps : -1.48e-09   step: 5.19e-05    0.20
         res : 8.67e-08   lamb: 1.00e+00   eps : -1.48e-09   step: 5.20e-05    0.20
         res : 3.87e-08   lamb: 1.00e+00   eps : -1.48e-09   step: 5.20e-05    0.28
         res : 1.29e-08   lamb: 1.00e+00   eps : -1.48e-09   step: 5.20e-05    0.29
         res : 2.85e-09   lamb: 1.00e+00   eps : -1.48e-09   step: 5.20e-05    0.20

     11  0      -384.56300267     4.53e-07      3.21
     11  1      -384.34153118     0.00e+00      3.21
     11  2      -384.30819401     0.00e+00      3.21
     11  3      -384.29292436     0.00e+00      3.21

         res : 8.98e-06   lamb: 1.00e+00   eps : -1.64e-10   step: 1.09e-05    0.19
         res : 2.93e-06   lamb: 1.00e+00   eps : -1.99e-10   step: 1.82e-05    0.22
         res : 1.22e-06   lamb: 1.00e+00   eps : -2.02e-10   step: 1.90e-05    0.29
         res : 3.31e-07   lamb: 1.00e+00   eps : -2.02e-10   step: 1.91e-05    0.21
         res : 9.67e-08   lamb: 1.00e+00   eps : -2.02e-10   step: 1.91e-05    0.20
         res : 3.19e-08   lamb: 1.00e+00   eps : -2.02e-10   step: 1.91e-05    0.23
         res : 1.43e-08   lamb: 1.00e+00   eps : -2.02e-10   step: 1.91e-05    0.24
         res : 4.81e-09   lamb: 1.00e+00   eps : -2.02e-10   step: 1.91e-05    0.24

     12  0      -384.56300332     1.68e-07      2.82
     12  1      -384.34153177     0.00e+00      2.82
     12  2      -384.30819174     0.00e+00      2.82
     12  3      -384.29292539     0.00e+00      2.82

         res : 3.31e-06   lamb: 1.00e+00   eps : -2.25e-11   step: 4.02e-06    0.20
         res : 1.09e-06   lamb: 1.00e+00   eps : -2.72e-11   step: 6.68e-06    0.25
         res : 4.53e-07   lamb: 1.00e+00   eps : -2.76e-11   step: 7.00e-06    0.24
         res : 1.23e-07   lamb: 1.00e+00   eps : -2.76e-11   step: 7.03e-06    0.24
         res : 3.60e-08   lamb: 1.00e+00   eps : -2.76e-11   step: 7.03e-06    0.20
         res : 1.18e-08   lamb: 1.00e+00   eps : -2.76e-11   step: 7.04e-06    0.20
         res : 5.31e-09   lamb: 1.00e+00   eps : -2.76e-11   step: 7.04e-06    0.24
         res : 1.79e-09   lamb: 1.00e+00   eps : -2.76e-11   step: 7.04e-06    0.25

     13  0      -384.56300356     6.23e-08      2.71
     13  1      -384.34153199     0.00e+00      2.71
     13  2      -384.30819090     0.00e+00      2.71
     13  3      -384.29292577     0.00e+00      2.71

         res : 1.22e-06   lamb: 1.00e+00   eps : -3.08e-12   step: 1.48e-06    0.24
         res : 4.02e-07   lamb: 1.00e+00   eps : -3.72e-12   step: 2.47e-06    0.20
         res : 1.68e-07   lamb: 1.00e+00   eps : -3.78e-12   step: 2.59e-06    0.24
         res : 4.57e-08   lamb: 1.00e+00   eps : -3.78e-12   step: 2.60e-06    0.24
         res : 1.34e-08   lamb: 1.00e+00   eps : -3.78e-12   step: 2.60e-06    0.24
         res : 4.34e-09   lamb: 1.00e+00   eps : -3.78e-12   step: 2.60e-06    0.21

     14  0      -384.56300365     2.31e-08      2.53
     14  1      -384.34153207     0.00e+00      2.53
     14  2      -384.30819059     0.00e+00      2.53
     14  3      -384.29292591     0.00e+00      2.53

         res : 4.52e-07   lamb: 1.00e+00   eps : -4.23e-13   step: 5.49e-07    0.20
         res : 1.49e-07   lamb: 1.00e+00   eps : -5.10e-13   step: 9.11e-07    0.24
         res : 6.24e-08   lamb: 1.00e+00   eps : -5.18e-13   step: 9.56e-07    0.30
         res : 1.70e-08   lamb: 1.00e+00   eps : -5.18e-13   step: 9.60e-07    0.20
         res : 4.99e-09   lamb: 1.00e+00   eps : -5.18e-13   step: 9.60e-07    0.20

     15  0      -384.56300368     8.55e-09      2.27
     15  1      -384.34153210     0.00e+00      2.27
     15  2      -384.30819048     0.00e+00      2.27
     15  3      -384.29292596     0.00e+00      2.27

    * Second-order optimization converged. *   

    * Integral transformation done. Elapsed time: 0.18

     guess   0:   closed 111...               open ......              
     guess   1:   closed 11....               open ..11..              
     guess   2:   closed 1.1...               open .1..1.              
     guess   3:   closed .11...               open 1..1..              

  === FCI iteration ===

      0  0      -384.49286172     9.98e-03      0.00
      0  1      -384.23997530     9.51e-03      0.00
      0  2      -384.15028638     1.15e-02      0.00
      0  3      -384.08240134     8.49e-03      0.00

      1  0      -384.55673887     3.91e-03      0.00
      1  1      -384.29820142     4.21e-03      0.00
      1  2      -384.26743660     7.89e-03      0.00
      1  3      -384.13994394     4.68e-03      0.00

      2  0      -384.56269010     9.92e-04      0.00
      2  1      -384.31724074     5.37e-03      0.00
      2  2      -384.30471660     3.27e-03      0.00
      2  3      -384.15191489     1.88e-03      0.00

      3  0      -384.56299562     1.67e-04      0.00
      3  1      -384.33877809     2.52e-03      0.00
      3  2      -384.30796306     6.76e-04      0.00
      3  3      -384.15356032     6.35e-04      0.00

      4  0      -384.56300337     3.01e-05      0.00
      4  1      -384.34143975     4.38e-04      0.00
      4  2      -384.30816041     2.04e-04      0.00
      4  3      -384.15391001     4.89e-04      0.00

      5  0      -384.56300367     6.09e-06      0.03
      5  1      -384.34152762     8.39e-05      0.00
      5  2      -384.30818196     5.38e-05      0.00
      5  3      -384.17149070     4.59e-03      0.00

      6  0      -384.56300368     1.13e-06      0.03
      6  1      -384.34153188     1.89e-05      0.00
      6  2      -384.30818449     3.06e-05      0.00
      6  3      -384.19231571     4.69e-03      0.00

      7  0      -384.56300368     1.77e-07      0.00
      7  1      -384.34153209     4.13e-06      0.00
      7  2      -384.30818848     4.87e-05      0.00
      7  3      -384.28489247     3.70e-03      0.00

      8  0      -384.56300368     3.15e-08      0.01
      8  1      -384.34153210     1.08e-06      0.00
      8  2      -384.30819034     1.49e-05      0.00
      8  3      -384.29252085     7.89e-04      0.00

      9  0      -384.56300368     7.98e-09      0.01
      9  1      -384.34153210     3.36e-07      0.00
      9  2      -384.30819047     3.93e-06      0.00
      9  3      -384.29289766     2.13e-04      0.00

     10  0      -384.56300368     2.24e-09      0.01
     10  1      -384.34153210     1.07e-07      0.00
     10  2      -384.30819048     9.62e-07      0.00
     10  3      -384.29292432     5.06e-05      0.00

     11  0      -384.56300368     4.61e-10      0.01
     11  1      -384.34153210     3.28e-08      0.00
     11  2      -384.30819048     2.34e-07      0.00
     11  3      -384.29292586     1.21e-05      0.00

     12  0 *    -384.56300368     4.88e-11      0.01
     12  1      -384.34153210     5.62e-09      0.00
     12  2      -384.30819048     4.78e-08      0.00
     12  3      -384.29292595     2.52e-06      0.00

     13  0 *    -384.56300368     3.32e-11      0.01
     13  1      -384.34153210     1.33e-09      0.00
     13  2      -384.30819048     1.01e-08      0.00
     13  3      -384.29292596     7.42e-07      0.00

     14  0 *    -384.56300368     3.21e-11      0.01
     14  1      -384.34153210     2.65e-10      0.00
     14  2      -384.30819048     1.69e-09      0.00
     14  3      -384.29292596     1.36e-07      0.00

     15  0 *    -384.56300368     3.10e-11      0.01
     15  1 *    -384.34153210     6.55e-11      0.00
     15  2      -384.30819048     3.60e-10      0.00
     15  3      -384.29292596     3.32e-08      0.00

     16  0 *    -384.56300368     3.08e-11      0.01
     16  1 *    -384.34153210     5.82e-11      0.00
     16  2 *    -384.30819048     7.47e-11      0.00
     16  3      -384.29292596     7.24e-09      0.00

     17  0 *    -384.56300368     2.98e-11      0.01
     17  1 *    -384.34153210     5.54e-11      0.00
     17  2 *    -384.30819048     2.81e-11      0.00
     17  3      -384.29292596     1.27e-09      0.00

     18  0 *    -384.56300368     2.81e-11      0.05
     18  1 *    -384.34153210     5.55e-11      0.00
     18  2 *    -384.30819048     2.30e-11      0.00
     18  3      -384.29292596     2.18e-10      0.00

     19  0 *    -384.56300368     2.69e-11      0.01
     19  1 *    -384.34153210     5.41e-11      0.00
     19  2 *    -384.30819048     2.31e-11      0.00
     19  3      -384.29292596     1.21e-10      0.00
    - linear dependency detected:    1 /   67    min eigenvalue:     4.8855e-10    max eigenvalue:     4.8855e-10
    * Using canonical orthogonalization due to linear dependency


     20  0      -384.56300368     1.41e-09      0.02
     20  1      -384.34153210     2.52e-09      0.00
     20  2      -384.30819048     1.79e-08      0.00
     20  3      -384.29292596     5.58e-07      0.00
    - linear dependency detected:    1 /   71    min eigenvalue:     9.0394e-13    max eigenvalue:     9.0394e-13
    * Using canonical orthogonalization due to linear dependency


     21  0      -384.56300368     1.62e-10      0.04
     21  1      -384.34153210     3.11e-10      0.00
     21  2      -384.30819048     2.25e-09      0.00
     21  3      -384.29292596     7.02e-08      0.00
    - linear dependency detected:    1 /   75    min eigenvalue:     7.9270e-15    max eigenvalue:     7.9270e-15
    * Using canonical orthogonalization due to linear dependency


     22  0 *    -384.56300368     2.47e-11      0.03
     22  1 *    -384.34153210     5.58e-11      0.00
     22  2      -384.30819048     4.16e-10      0.00
     22  3      -384.29292596     1.32e-08      0.00
    - linear dependency detected:    1 /   77    min eigenvalue:     5.9337e-16    max eigenvalue:     5.9337e-16
    * Using canonical orthogonalization due to linear dependency


     23  0 *    -384.56300368     3.94e-12      0.02
     23  1 *    -384.34153210     9.88e-12      0.00
     23  2 *    -384.30819048     7.33e-11      0.00
     23  3      -384.29292596     2.36e-09      0.00
    - linear dependency detected:    1 /   78    min eigenvalue:    -8.0128e-16    max eigenvalue:    -8.0128e-16
    * Using canonical orthogonalization due to linear dependency


     24  0 *    -384.56300368     1.48e-12      0.04
     24  1 *    -384.34153210     2.20e-12      0.00
     24  2 *    -384.30819048     1.19e-11      0.00
     24  3      -384.29292596     4.04e-10      0.00
    - linear dependency detected:    1 /   79    min eigenvalue:     3.0343e-16    max eigenvalue:     3.0343e-16
    * Using canonical orthogonalization due to linear dependency


     25  0 *    -384.56300368     1.45e-12      0.03
     25  1 *    -384.34153210     1.53e-12      0.00
     25  2 *    -384.30819048     2.38e-12      0.00
     25  3 *    -384.29292596     7.19e-11      0.00

     * ci vector, state   0, <S^2> = 0.0000
       222...    -0.8725646026
       22ba..    -0.2416441967
       22ab..    -0.2416441967
       2.2.2.     0.2053733700
       22.2..     0.1098623882
       a2bb.a    -0.0975247253
       b2aa.b    -0.0975247253
       .22..2     0.0830131235
       .222..     0.0663556806
       22...2     0.0618500162
       2.ab2.     0.0571810401
       2.ba2.     0.0571810401
       b2ba.a     0.0529293920
       a2ab.b     0.0529293920

     * ci vector, state   1, <S^2> = -0.0000
       22.2..    -0.3980405813
       b22a..     0.3975407713
       a22b..     0.3975407713
       22a..b     0.3386324843
       22b..a     0.3386324843
       .222..     0.2110574151
       22...2     0.1860167252
       .22..2    -0.1413464063
       a2ba.b    -0.1336083350
       b2ab.a    -0.1336083350
       b2a2..     0.1054502284
       a2b2..     0.1054502284
       222...     0.1001461952
       b2aa.b    -0.0962781401
       a2bb.a    -0.0962781401
       2..22.     0.0938798366
       b.2a2.     0.0937026538
       a.2b2.     0.0937026538
       b22..a     0.0855645092
       a22..b     0.0855645092
       2.a.2b     0.0798275995
       2.b.2a     0.0798275995
       22.b.a     0.0750829783
       22.a.b     0.0750829783
       22ba..    -0.0620026478
       22ab..    -0.0620026478
       a2.b.2     0.0606456591
       b2.a.2     0.0606456591
       .2a2.b     0.0561387445
       .2b2.a     0.0561387445
       b2.2.a    -0.0501967373
       a2.2.b    -0.0501967373

     * ci vector, state   2, <S^2> = -0.0000
       22ba..     0.5987099417
       22ab..     0.5987099417
       222...    -0.3680813867
       2.ba2.    -0.1408383340
       2.ab2.    -0.1408383340
       22.2..    -0.0891380253
       a2bb.a     0.0857665348
       b2aa.b     0.0857665348
       2.2.2.     0.0832711930
       a2b2..    -0.0798925746
       b2a2..    -0.0798925746
       .222..     0.0737697104
       .2ba.2    -0.0656417843
       .2ab.2    -0.0656417843
       22.b.a    -0.0642944777
       22.a.b    -0.0642944777
       b22a..     0.0624211457
       a22b..     0.0624211457
       b2ba.a    -0.0594734635
       a2ab.b    -0.0594734635
       22a..b     0.0559861146
       22b..a     0.0559861146
       22...2     0.0507862324

     * ci vector, state   3, <S^2> = -0.0000
       2abba.    -0.5412321480
       2baab.    -0.5412321480
       2bbaa.     0.2709211264
       2aabb.     0.2709211264
       2abab.    -0.2703110216
       2baba.    -0.2703110216
       ab2.ba     0.1210266979
       ba2.ab     0.1210266979
       .abba2     0.0730789546
       .baab2     0.0730789546
       ababba     0.0631314618
       babaab     0.0631314618
       bb2.aa    -0.0605372740
       aa2.bb    -0.0605372739
       ba2.ba     0.0604894240
       ab2.ab     0.0604894240
       baabab     0.0581868194
       abbaba     0.0581868194

    * METHOD: CASSCF                              49.98

  Number of auxiliary basis functions:      884

  Since a DF basis is specified, we compute 2- and 3-index integrals:
    o Being stored without compression. Storage requirement is 0.645 GB
       - 3-index ints prep                         0.00
       - 3-index ints                              0.22
       - 2-index ints                              0.03
       - computing inverse                         0.30
        elapsed time:        0.55 sec.


  Number of basis functions:      302
  Number of electrons      :       68


    * METHOD: MOLECULE                             0.91

  ---------------------------
      CASSCF calculation     
  ---------------------------

 
    ==== Active orbitals : ===== 
         Orbital 32
         Orbital 33
         Orbital 34
         Orbital 35
         Orbital 36
         Orbital 37
    ============================ 

    * nstate   :      4
    * nclosed  :     31
    * nact     :      6
    * nvirt    :    265
  === CASSCF iteration (/home/miaoxin/software/bagel-1.2.2/obj/share/aug-cc-pVDZ.json) ===

    * Using the second-order algorithm

      0  0      -386.52009267     2.44e-02      0.68
      0  1      -386.30229864     0.00e+00      0.68
      0  2      -386.26717467     0.00e+00      0.68
      0  3      -386.25517210     0.00e+00      0.68

         res : 7.53e-01   lamb: 1.00e+00   eps : -3.83e-01   step: 2.12e-01    0.33
         res : 2.99e-01   lamb: 1.00e+00   eps : -4.31e-01   step: 2.32e-01    0.35
         res : 1.63e-01   lamb: 1.00e+00   eps : -4.40e-01   step: 2.41e-01    0.27
         res : 7.62e-02   lamb: 1.00e+00   eps : -4.42e-01   step: 2.47e-01    0.27
         res : 3.78e-02   lamb: 1.00e+00   eps : -4.43e-01   step: 2.50e-01    0.35
         res : 2.38e-02   lamb: 1.00e+00   eps : -4.43e-01   step: 2.51e-01    0.31
         res : 1.24e-02   lamb: 1.00e+00   eps : -4.43e-01   step: 2.51e-01    0.27
         res : 6.02e-03   lamb: 1.00e+00   eps : -4.43e-01   step: 2.51e-01    0.38
         res : 3.54e-03   lamb: 1.00e+00   eps : -4.43e-01   step: 2.51e-01    0.31
         res : 1.86e-03   lamb: 1.00e+00   eps : -4.43e-01   step: 2.51e-01    0.27
         res : 9.40e-04   lamb: 1.00e+00   eps : -4.43e-01   step: 2.51e-01    0.31
         res : 5.77e-04   lamb: 1.00e+00   eps : -4.43e-01   step: 2.51e-01    0.35
         res : 3.10e-04   lamb: 1.00e+00   eps : -4.43e-01   step: 2.51e-01    0.28
         res : 1.66e-04   lamb: 1.00e+00   eps : -4.43e-01   step: 2.51e-01    0.37
         res : 1.03e-04   lamb: 1.00e+00   eps : -4.43e-01   step: 2.51e-01    0.37
         res : 5.57e-05   lamb: 1.00e+00   eps : -4.43e-01   step: 2.51e-01    0.30
         res : 3.20e-05   lamb: 1.00e+00   eps : -4.43e-01   step: 2.51e-01    0.35
         res : 1.92e-05   lamb: 1.00e+00   eps : -4.43e-01   step: 2.51e-01    0.33

      1  0      -386.75279633     1.16e-03      8.30
      1  1      -386.53780093     0.00e+00      8.30
      1  2      -386.50883724     0.00e+00      8.30
      1  3      -386.48776559     0.00e+00      8.30

         res : 6.93e-02   lamb: 1.00e+00   eps : -4.38e-03   step: 6.60e-02    0.41
         res : 4.58e-02   lamb: 1.00e+00   eps : -5.74e-03   step: 8.94e-02    0.26
         res : 3.11e-02   lamb: 1.00e+00   eps : -6.33e-03   step: 1.02e-01    0.26
         res : 2.39e-02   lamb: 1.00e+00   eps : -6.62e-03   step: 1.10e-01    0.34
         res : 1.78e-02   lamb: 1.00e+00   eps : -6.80e-03   step: 1.16e-01    0.32
         res : 1.36e-02   lamb: 1.00e+00   eps : -6.89e-03   step: 1.20e-01    0.29
         res : 9.88e-03   lamb: 1.00e+00   eps : -6.94e-03   step: 1.23e-01    0.32
         res : 7.03e-03   lamb: 1.00e+00   eps : -6.97e-03   step: 1.24e-01    0.32
         res : 5.01e-03   lamb: 1.00e+00   eps : -6.98e-03   step: 1.25e-01    0.26
         res : 3.65e-03   lamb: 1.00e+00   eps : -6.99e-03   step: 1.25e-01    0.26
         res : 2.91e-03   lamb: 1.00e+00   eps : -6.99e-03   step: 1.26e-01    0.37
         res : 2.24e-03   lamb: 1.00e+00   eps : -7.00e-03   step: 1.26e-01    0.26
         res : 1.69e-03   lamb: 1.00e+00   eps : -7.00e-03   step: 1.26e-01    0.32
         res : 1.21e-03   lamb: 1.00e+00   eps : -7.00e-03   step: 1.26e-01    0.40
         res : 8.65e-04   lamb: 1.00e+00   eps : -7.00e-03   step: 1.26e-01    0.27
         res : 6.02e-04   lamb: 1.00e+00   eps : -7.00e-03   step: 1.26e-01    0.31
         res : 4.08e-04   lamb: 1.00e+00   eps : -7.00e-03   step: 1.26e-01    0.40
         res : 2.70e-04   lamb: 1.00e+00   eps : -7.00e-03   step: 1.26e-01    0.28
         res : 1.89e-04   lamb: 1.00e+00   eps : -7.00e-03   step: 1.26e-01    0.39
         res : 1.31e-04   lamb: 1.00e+00   eps : -7.00e-03   step: 1.26e-01    0.36
         res : 9.84e-05   lamb: 1.00e+00   eps : -7.00e-03   step: 1.26e-01    0.30
         res : 6.91e-05   lamb: 1.00e+00   eps : -7.00e-03   step: 1.26e-01    0.35
         res : 4.81e-05   lamb: 1.00e+00   eps : -7.00e-03   step: 1.26e-01    0.40
         res : 3.43e-05   lamb: 1.00e+00   eps : -7.00e-03   step: 1.26e-01    0.30
         res : 2.28e-05   lamb: 1.00e+00   eps : -7.00e-03   step: 1.26e-01    0.51
         res : 1.57e-05   lamb: 1.00e+00   eps : -7.00e-03   step: 1.26e-01    0.29
         res : 1.11e-05   lamb: 1.00e+00   eps : -7.00e-03   step: 1.26e-01    0.34

      2  0      -386.75291677     5.53e-05     11.67
      2  1      -386.54107787     0.00e+00     11.67
      2  2      -386.51666416     0.00e+00     11.67
      2  3      -386.49089908     0.00e+00     11.67

         res : 3.13e-03   lamb: 1.00e+00   eps : -1.39e-05   step: 4.85e-03    0.28
         res : 2.09e-03   lamb: 1.00e+00   eps : -1.82e-05   step: 7.23e-03    0.48
         res : 1.66e-03   lamb: 1.00e+00   eps : -1.99e-05   step: 8.18e-03    0.28
         res : 1.35e-03   lamb: 1.00e+00   eps : -2.10e-05   step: 8.81e-03    0.32
         res : 1.08e-03   lamb: 1.00e+00   eps : -2.17e-05   step: 9.27e-03    0.36
         res : 8.25e-04   lamb: 1.00e+00   eps : -2.22e-05   step: 9.68e-03    0.28
         res : 5.42e-04   lamb: 1.00e+00   eps : -2.24e-05   step: 9.90e-03    0.28
         res : 3.94e-04   lamb: 1.00e+00   eps : -2.25e-05   step: 9.98e-03    0.35
         res : 2.93e-04   lamb: 1.00e+00   eps : -2.26e-05   step: 1.00e-02    0.31
         res : 2.22e-04   lamb: 1.00e+00   eps : -2.26e-05   step: 1.00e-02    0.30
         res : 1.69e-04   lamb: 1.00e+00   eps : -2.26e-05   step: 1.00e-02    0.47
         res : 1.27e-04   lamb: 1.00e+00   eps : -2.26e-05   step: 1.00e-02    0.30
         res : 9.56e-05   lamb: 1.00e+00   eps : -2.26e-05   step: 1.00e-02    0.41
         res : 7.17e-05   lamb: 1.00e+00   eps : -2.26e-05   step: 1.00e-02    0.36
         res : 5.28e-05   lamb: 1.00e+00   eps : -2.26e-05   step: 1.00e-02    0.29
         res : 3.90e-05   lamb: 1.00e+00   eps : -2.26e-05   step: 1.00e-02    0.28
         res : 2.74e-05   lamb: 1.00e+00   eps : -2.26e-05   step: 1.01e-02    0.42
         res : 1.89e-05   lamb: 1.00e+00   eps : -2.26e-05   step: 1.01e-02    0.29
         res : 1.32e-05   lamb: 1.00e+00   eps : -2.26e-05   step: 1.01e-02    0.33
         res : 9.16e-06   lamb: 1.00e+00   eps : -2.26e-05   step: 1.01e-02    0.37
         res : 6.13e-06   lamb: 1.00e+00   eps : -2.26e-05   step: 1.01e-02    0.29
         res : 4.48e-06   lamb: 1.00e+00   eps : -2.26e-05   step: 1.01e-02    0.28
         res : 3.20e-06   lamb: 1.00e+00   eps : -2.26e-05   step: 1.01e-02    0.40
         res : 2.32e-06   lamb: 1.00e+00   eps : -2.26e-05   step: 1.01e-02    0.29
         res : 1.62e-06   lamb: 1.00e+00   eps : -2.26e-05   step: 1.01e-02    0.45
         res : 1.11e-06   lamb: 1.00e+00   eps : -2.26e-05   step: 1.01e-02    0.32
         res : 7.81e-07   lamb: 1.00e+00   eps : -2.26e-05   step: 1.01e-02    0.29

      3  0      -386.75271910     1.12e-05     11.68
      3  1      -386.54103345     0.00e+00     11.68
      3  2      -386.51714065     0.00e+00     11.68
      3  3      -386.49071617     0.00e+00     11.68

         res : 6.17e-04   lamb: 1.00e+00   eps : -6.20e-07   step: 1.03e-03    0.28
         res : 2.93e-04   lamb: 1.00e+00   eps : -7.62e-07   step: 1.48e-03    0.36
         res : 2.01e-04   lamb: 1.00e+00   eps : -7.91e-07   step: 1.56e-03    0.33
         res : 1.36e-04   lamb: 1.00e+00   eps : -8.04e-07   step: 1.59e-03    0.27
         res : 1.17e-04   lamb: 1.00e+00   eps : -8.12e-07   step: 1.61e-03    0.28
         res : 9.52e-05   lamb: 1.00e+00   eps : -8.17e-07   step: 1.65e-03    0.42
         res : 6.70e-05   lamb: 1.00e+00   eps : -8.20e-07   step: 1.67e-03    0.30
         res : 4.36e-05   lamb: 1.00e+00   eps : -8.21e-07   step: 1.67e-03    0.51
         res : 3.18e-05   lamb: 1.00e+00   eps : -8.22e-07   step: 1.68e-03    0.38
         res : 2.30e-05   lamb: 1.00e+00   eps : -8.22e-07   step: 1.68e-03    0.33
         res : 1.75e-05   lamb: 1.00e+00   eps : -8.23e-07   step: 1.68e-03    0.40
         res : 1.36e-05   lamb: 1.00e+00   eps : -8.23e-07   step: 1.68e-03    0.29
         res : 1.07e-05   lamb: 1.00e+00   eps : -8.23e-07   step: 1.68e-03    0.39
         res : 7.67e-06   lamb: 1.00e+00   eps : -8.23e-07   step: 1.68e-03    0.44
         res : 5.82e-06   lamb: 1.00e+00   eps : -8.23e-07   step: 1.68e-03    0.29
         res : 4.58e-06   lamb: 1.00e+00   eps : -8.23e-07   step: 1.68e-03    0.32
         res : 3.47e-06   lamb: 1.00e+00   eps : -8.23e-07   step: 1.68e-03    0.36
         res : 2.49e-06   lamb: 1.00e+00   eps : -8.23e-07   step: 1.68e-03    0.29
         res : 1.78e-06   lamb: 1.00e+00   eps : -8.23e-07   step: 1.68e-03    0.33
         res : 1.18e-06   lamb: 1.00e+00   eps : -8.23e-07   step: 1.68e-03    0.31
         res : 7.72e-07   lamb: 1.00e+00   eps : -8.23e-07   step: 1.68e-03    0.29
         res : 5.30e-07   lamb: 1.00e+00   eps : -8.23e-07   step: 1.68e-03    0.43
         res : 3.82e-07   lamb: 1.00e+00   eps : -8.23e-07   step: 1.68e-03    0.34
         res : 2.91e-07   lamb: 1.00e+00   eps : -8.23e-07   step: 1.68e-03    0.29
         res : 2.00e-07   lamb: 1.00e+00   eps : -8.23e-07   step: 1.68e-03    0.37
         res : 1.38e-07   lamb: 1.00e+00   eps : -8.23e-07   step: 1.68e-03    0.33

      4  0      -386.75268782     4.60e-06     11.64
      4  1      -386.54101216     0.00e+00     11.64
      4  2      -386.51724626     0.00e+00     11.64
      4  3      -386.49066529     0.00e+00     11.64

         res : 1.95e-04   lamb: 1.00e+00   eps : -7.20e-08   step: 2.81e-04    0.46
         res : 9.59e-05   lamb: 1.00e+00   eps : -8.60e-08   step: 4.18e-04    0.27
         res : 5.74e-05   lamb: 1.00e+00   eps : -8.84e-08   step: 4.43e-04    0.39
         res : 3.79e-05   lamb: 1.00e+00   eps : -8.93e-08   step: 4.51e-04    0.34
         res : 2.94e-05   lamb: 1.00e+00   eps : -8.98e-08   step: 4.55e-04    0.30
         res : 2.52e-05   lamb: 1.00e+00   eps : -9.01e-08   step: 4.60e-04    0.32
         res : 1.84e-05   lamb: 1.00e+00   eps : -9.03e-08   step: 4.65e-04    0.40
         res : 1.25e-05   lamb: 1.00e+00   eps : -9.04e-08   step: 4.67e-04    0.30
         res : 9.19e-06   lamb: 1.00e+00   eps : -9.04e-08   step: 4.67e-04    0.35
         res : 6.96e-06   lamb: 1.00e+00   eps : -9.04e-08   step: 4.68e-04    0.31
         res : 5.10e-06   lamb: 1.00e+00   eps : -9.05e-08   step: 4.68e-04    0.28
         res : 4.08e-06   lamb: 1.00e+00   eps : -9.05e-08   step: 4.69e-04    0.31
         res : 3.21e-06   lamb: 1.00e+00   eps : -9.05e-08   step: 4.69e-04    0.39
         res : 2.24e-06   lamb: 1.00e+00   eps : -9.05e-08   step: 4.69e-04    0.29
         res : 1.60e-06   lamb: 1.00e+00   eps : -9.05e-08   step: 4.69e-04    0.32
         res : 1.19e-06   lamb: 1.00e+00   eps : -9.05e-08   step: 4.69e-04    0.34
         res : 9.03e-07   lamb: 1.00e+00   eps : -9.05e-08   step: 4.69e-04    0.29
         res : 6.81e-07   lamb: 1.00e+00   eps : -9.05e-08   step: 4.69e-04    0.28
         res : 4.94e-07   lamb: 1.00e+00   eps : -9.05e-08   step: 4.69e-04    0.43
         res : 3.29e-07   lamb: 1.00e+00   eps : -9.05e-08   step: 4.69e-04    0.30
         res : 2.11e-07   lamb: 1.00e+00   eps : -9.05e-08   step: 4.69e-04    0.38
         res : 1.43e-07   lamb: 1.00e+00   eps : -9.05e-08   step: 4.69e-04    0.39
         res : 1.00e-07   lamb: 1.00e+00   eps : -9.05e-08   step: 4.69e-04    0.30
         res : 7.52e-08   lamb: 1.00e+00   eps : -9.05e-08   step: 4.69e-04    0.33
         res : 5.36e-08   lamb: 1.00e+00   eps : -9.05e-08   step: 4.69e-04    0.37
         res : 3.85e-08   lamb: 1.00e+00   eps : -9.05e-08   step: 4.69e-04    0.30

      5  0      -386.75267727     1.89e-06     11.33
      5  1      -386.54100295     0.00e+00     11.33
      5  2      -386.51728253     0.00e+00     11.33
      5  3      -386.49064903     0.00e+00     11.33

         res : 7.20e-05   lamb: 1.00e+00   eps : -1.07e-08   step: 9.80e-05    0.32
         res : 3.65e-05   lamb: 1.00e+00   eps : -1.25e-08   step: 1.44e-04    0.29
         res : 2.06e-05   lamb: 1.00e+00   eps : -1.29e-08   step: 1.54e-04    0.50
         res : 1.36e-05   lamb: 1.00e+00   eps : -1.30e-08   step: 1.57e-04    0.31
         res : 1.01e-05   lamb: 1.00e+00   eps : -1.30e-08   step: 1.58e-04    0.42
         res : 8.59e-06   lamb: 1.00e+00   eps : -1.31e-08   step: 1.59e-04    0.41
         res : 6.37e-06   lamb: 1.00e+00   eps : -1.31e-08   step: 1.60e-04    0.29
         res : 4.43e-06   lamb: 1.00e+00   eps : -1.31e-08   step: 1.61e-04    0.33
         res : 3.33e-06   lamb: 1.00e+00   eps : -1.31e-08   step: 1.61e-04    0.36
         res : 2.56e-06   lamb: 1.00e+00   eps : -1.31e-08   step: 1.61e-04    0.29
         res : 1.86e-06   lamb: 1.00e+00   eps : -1.31e-08   step: 1.62e-04    0.42
         res : 1.50e-06   lamb: 1.00e+00   eps : -1.31e-08   step: 1.62e-04    0.34
         res : 1.21e-06   lamb: 1.00e+00   eps : -1.31e-08   step: 1.62e-04    0.29
         res : 8.30e-07   lamb: 1.00e+00   eps : -1.31e-08   step: 1.62e-04    0.46
         res : 5.69e-07   lamb: 1.00e+00   eps : -1.31e-08   step: 1.62e-04    0.30
         res : 4.02e-07   lamb: 1.00e+00   eps : -1.31e-08   step: 1.62e-04    0.34
         res : 2.97e-07   lamb: 1.00e+00   eps : -1.31e-08   step: 1.62e-04    0.27
         res : 2.29e-07   lamb: 1.00e+00   eps : -1.31e-08   step: 1.62e-04    0.34
         res : 1.73e-07   lamb: 1.00e+00   eps : -1.31e-08   step: 1.62e-04    0.29
         res : 1.19e-07   lamb: 1.00e+00   eps : -1.31e-08   step: 1.62e-04    0.35
         res : 7.60e-08   lamb: 1.00e+00   eps : -1.31e-08   step: 1.62e-04    0.33
         res : 5.11e-08   lamb: 1.00e+00   eps : -1.31e-08   step: 1.62e-04    0.29
         res : 3.50e-08   lamb: 1.00e+00   eps : -1.31e-08   step: 1.62e-04    0.47
         res : 2.54e-08   lamb: 1.00e+00   eps : -1.31e-08   step: 1.62e-04    0.30
         res : 1.82e-08   lamb: 1.00e+00   eps : -1.31e-08   step: 1.62e-04    0.35
         res : 1.30e-08   lamb: 1.00e+00   eps : -1.31e-08   step: 1.62e-04    0.41

      6  0      -386.75267321     7.68e-07     11.77
      6  1      -386.54099935     0.00e+00     11.77
      6  2      -386.51729620     0.00e+00     11.77
      6  3      -386.49064306     0.00e+00     11.77

         res : 2.87e-05   lamb: 1.00e+00   eps : -1.72e-09   step: 3.82e-05    0.39
         res : 1.46e-05   lamb: 1.00e+00   eps : -2.02e-09   step: 5.59e-05    0.30
         res : 8.13e-06   lamb: 1.00e+00   eps : -2.06e-09   step: 5.97e-05    0.43
         res : 5.38e-06   lamb: 1.00e+00   eps : -2.08e-09   step: 6.10e-05    0.33
         res : 3.98e-06   lamb: 1.00e+00   eps : -2.09e-09   step: 6.15e-05    0.28
         res : 3.33e-06   lamb: 1.00e+00   eps : -2.10e-09   step: 6.19e-05    0.42
         res : 2.46e-06   lamb: 1.00e+00   eps : -2.10e-09   step: 6.22e-05    0.28
         res : 1.73e-06   lamb: 1.00e+00   eps : -2.10e-09   step: 6.24e-05    0.29
         res : 1.31e-06   lamb: 1.00e+00   eps : -2.10e-09   step: 6.24e-05    0.41
         res : 1.01e-06   lamb: 1.00e+00   eps : -2.10e-09   step: 6.25e-05    0.32
         res : 7.36e-07   lamb: 1.00e+00   eps : -2.10e-09   step: 6.25e-05    0.29
         res : 6.04e-07   lamb: 1.00e+00   eps : -2.10e-09   step: 6.26e-05    0.39
         res : 4.90e-07   lamb: 1.00e+00   eps : -2.10e-09   step: 6.27e-05    0.33
         res : 3.34e-07   lamb: 1.00e+00   eps : -2.10e-09   step: 6.27e-05    0.29
         res : 2.23e-07   lamb: 1.00e+00   eps : -2.10e-09   step: 6.27e-05    0.48
         res : 1.52e-07   lamb: 1.00e+00   eps : -2.10e-09   step: 6.27e-05    0.29
         res : 1.10e-07   lamb: 1.00e+00   eps : -2.10e-09   step: 6.27e-05    0.34
         res : 8.45e-08   lamb: 1.00e+00   eps : -2.10e-09   step: 6.27e-05    0.44
         res : 6.54e-08   lamb: 1.00e+00   eps : -2.10e-09   step: 6.27e-05    0.29
         res : 4.63e-08   lamb: 1.00e+00   eps : -2.10e-09   step: 6.27e-05    0.28
         res : 3.02e-08   lamb: 1.00e+00   eps : -2.10e-09   step: 6.27e-05    0.40
         res : 2.04e-08   lamb: 1.00e+00   eps : -2.10e-09   step: 6.27e-05    0.29
         res : 1.39e-08   lamb: 1.00e+00   eps : -2.10e-09   step: 6.27e-05    0.38
         res : 9.92e-09   lamb: 1.00e+00   eps : -2.10e-09   step: 6.27e-05    0.38
         res : 7.07e-09   lamb: 1.00e+00   eps : -2.10e-09   step: 6.27e-05    0.30
         res : 5.00e-09   lamb: 1.00e+00   eps : -2.10e-09   step: 6.27e-05    0.41

      7  0      -386.75267159     3.14e-07     11.62
      7  1      -386.54099798     0.00e+00     11.62
      7  2      -386.51730154     0.00e+00     11.62
      7  3      -386.49064071     0.00e+00     11.62

         res : 1.17e-05   lamb: 1.00e+00   eps : -2.88e-10   step: 1.55e-05    0.33
         res : 6.00e-06   lamb: 1.00e+00   eps : -3.36e-10   step: 2.27e-05    0.39
         res : 3.32e-06   lamb: 1.00e+00   eps : -3.44e-10   step: 2.43e-05    0.28
         res : 2.20e-06   lamb: 1.00e+00   eps : -3.47e-10   step: 2.48e-05    0.38
         res : 1.64e-06   lamb: 1.00e+00   eps : -3.48e-10   step: 2.50e-05    0.34
         res : 1.35e-06   lamb: 1.00e+00   eps : -3.49e-10   step: 2.52e-05    0.28
         res : 9.90e-07   lamb: 1.00e+00   eps : -3.50e-10   step: 2.53e-05    0.37
         res : 7.01e-07   lamb: 1.00e+00   eps : -3.50e-10   step: 2.53e-05    0.43
         res : 5.30e-07   lamb: 1.00e+00   eps : -3.50e-10   step: 2.53e-05    0.29
         res : 4.10e-07   lamb: 1.00e+00   eps : -3.50e-10   step: 2.54e-05    0.40
         res : 3.01e-07   lamb: 1.00e+00   eps : -3.50e-10   step: 2.54e-05    0.33
         res : 2.49e-07   lamb: 1.00e+00   eps : -3.50e-10   step: 2.54e-05    0.29
         res : 2.03e-07   lamb: 1.00e+00   eps : -3.50e-10   step: 2.54e-05    0.33
         res : 1.37e-07   lamb: 1.00e+00   eps : -3.50e-10   step: 2.54e-05    0.34
         res : 9.06e-08   lamb: 1.00e+00   eps : -3.50e-10   step: 2.55e-05    0.29
         res : 6.06e-08   lamb: 1.00e+00   eps : -3.50e-10   step: 2.55e-05    0.48
         res : 4.30e-08   lamb: 1.00e+00   eps : -3.50e-10   step: 2.55e-05    0.30
         res : 3.29e-08   lamb: 1.00e+00   eps : -3.50e-10   step: 2.55e-05    0.35
         res : 2.57e-08   lamb: 1.00e+00   eps : -3.50e-10   step: 2.55e-05    0.38
         res : 1.86e-08   lamb: 1.00e+00   eps : -3.50e-10   step: 2.55e-05    0.29
         res : 1.23e-08   lamb: 1.00e+00   eps : -3.50e-10   step: 2.55e-05    0.31
         res : 8.39e-09   lamb: 1.00e+00   eps : -3.50e-10   step: 2.55e-05    0.42
         res : 5.74e-09   lamb: 1.00e+00   eps : -3.50e-10   step: 2.55e-05    0.30
         res : 4.08e-09   lamb: 1.00e+00   eps : -3.50e-10   step: 2.55e-05    0.33

      8  0      -386.75267094     1.29e-07     10.84
      8  1      -386.54099745     0.00e+00     10.84
      8  2      -386.51730367     0.00e+00     10.84
      8  3      -386.49063977     0.00e+00     10.84

         res : 4.84e-06   lamb: 1.00e+00   eps : -4.86e-11   step: 6.41e-06    0.35
         res : 2.48e-06   lamb: 1.00e+00   eps : -5.68e-11   step: 9.37e-06    0.39
         res : 1.37e-06   lamb: 1.00e+00   eps : -5.82e-11   step: 1.00e-05    0.28
         res : 9.11e-07   lamb: 1.00e+00   eps : -5.87e-11   step: 1.02e-05    0.33
         res : 6.78e-07   lamb: 1.00e+00   eps : -5.90e-11   step: 1.03e-05    0.37
         res : 5.57e-07   lamb: 1.00e+00   eps : -5.91e-11   step: 1.04e-05    0.29
         res : 4.06e-07   lamb: 1.00e+00   eps : -5.92e-11   step: 1.04e-05    0.27
         res : 2.88e-07   lamb: 1.00e+00   eps : -5.93e-11   step: 1.04e-05    0.37
         res : 2.18e-07   lamb: 1.00e+00   eps : -5.93e-11   step: 1.05e-05    0.28
         res : 1.68e-07   lamb: 1.00e+00   eps : -5.93e-11   step: 1.05e-05    0.39
         res : 1.24e-07   lamb: 1.00e+00   eps : -5.93e-11   step: 1.05e-05    0.33
         res : 1.04e-07   lamb: 1.00e+00   eps : -5.93e-11   step: 1.05e-05    0.29
         res : 8.42e-08   lamb: 1.00e+00   eps : -5.93e-11   step: 1.05e-05    0.29
         res : 5.68e-08   lamb: 1.00e+00   eps : -5.93e-11   step: 1.05e-05    0.46
         res : 3.73e-08   lamb: 1.00e+00   eps : -5.93e-11   step: 1.05e-05    0.29
         res : 2.47e-08   lamb: 1.00e+00   eps : -5.93e-11   step: 1.05e-05    0.29
         res : 1.73e-08   lamb: 1.00e+00   eps : -5.93e-11   step: 1.05e-05    0.38
         res : 1.31e-08   lamb: 1.00e+00   eps : -5.93e-11   step: 1.05e-05    0.29
         res : 1.03e-08   lamb: 1.00e+00   eps : -5.93e-11   step: 1.05e-05    0.38
         res : 7.52e-09   lamb: 1.00e+00   eps : -5.93e-11   step: 1.05e-05    0.33
         res : 5.04e-09   lamb: 1.00e+00   eps : -5.93e-11   step: 1.05e-05    0.29
         res : 3.48e-09   lamb: 1.00e+00   eps : -5.93e-11   step: 1.05e-05    0.37

      9  0      -386.75267067     5.29e-08     10.14
      9  1      -386.54099725     0.00e+00     10.14
      9  2      -386.51730453     0.00e+00     10.14
      9  3      -386.49063938     0.00e+00     10.14

         res : 2.01e-06   lamb: 1.00e+00   eps : -8.26e-12   step: 2.66e-06    0.29
         res : 1.02e-06   lamb: 1.00e+00   eps : -9.67e-12   step: 3.89e-06    0.45
         res : 5.68e-07   lamb: 1.00e+00   eps : -9.91e-12   step: 4.15e-06    0.30
         res : 3.77e-07   lamb: 1.00e+00   eps : -1.00e-11   step: 4.24e-06    0.34
         res : 2.82e-07   lamb: 1.00e+00   eps : -1.00e-11   step: 4.28e-06    0.42
         res : 2.30e-07   lamb: 1.00e+00   eps : -1.01e-11   step: 4.31e-06    0.28
         res : 1.67e-07   lamb: 1.00e+00   eps : -1.01e-11   step: 4.33e-06    0.30
         res : 1.19e-07   lamb: 1.00e+00   eps : -1.01e-11   step: 4.33e-06    0.42
         res : 8.97e-08   lamb: 1.00e+00   eps : -1.01e-11   step: 4.34e-06    0.29
         res : 6.93e-08   lamb: 1.00e+00   eps : -1.01e-11   step: 4.34e-06    0.32
         res : 5.15e-08   lamb: 1.00e+00   eps : -1.01e-11   step: 4.34e-06    0.31
         res : 4.30e-08   lamb: 1.00e+00   eps : -1.01e-11   step: 4.35e-06    0.29
         res : 3.50e-08   lamb: 1.00e+00   eps : -1.01e-11   step: 4.35e-06    0.34
         res : 2.36e-08   lamb: 1.00e+00   eps : -1.01e-11   step: 4.35e-06    0.43
         res : 1.54e-08   lamb: 1.00e+00   eps : -1.01e-11   step: 4.35e-06    0.30
         res : 1.02e-08   lamb: 1.00e+00   eps : -1.01e-11   step: 4.35e-06    0.39
         res : 7.07e-09   lamb: 1.00e+00   eps : -1.01e-11   step: 4.35e-06    0.39
         res : 5.32e-09   lamb: 1.00e+00   eps : -1.01e-11   step: 4.35e-06    0.29
         res : 4.16e-09   lamb: 1.00e+00   eps : -1.01e-11   step: 4.35e-06    0.32

     10  0      -386.75267056     2.18e-08      8.99
     10  1      -386.54099717     0.00e+00      8.99
     10  2      -386.51730488     0.00e+00      8.99
     10  3      -386.49063922     0.00e+00      8.99

         res : 8.31e-07   lamb: 1.00e+00   eps : -1.41e-12   step: 1.10e-06    0.33
         res : 4.24e-07   lamb: 1.00e+00   eps : -1.65e-12   step: 1.61e-06    0.46
         res : 2.35e-07   lamb: 1.00e+00   eps : -1.69e-12   step: 1.72e-06    0.29
         res : 1.56e-07   lamb: 1.00e+00   eps : -1.71e-12   step: 1.76e-06    0.38
         res : 1.17e-07   lamb: 1.00e+00   eps : -1.71e-12   step: 1.78e-06    0.33
         res : 9.54e-08   lamb: 1.00e+00   eps : -1.72e-12   step: 1.79e-06    0.28
         res : 6.89e-08   lamb: 1.00e+00   eps : -1.72e-12   step: 1.79e-06    0.40
         res : 4.91e-08   lamb: 1.00e+00   eps : -1.72e-12   step: 1.80e-06    0.34
         res : 3.70e-08   lamb: 1.00e+00   eps : -1.72e-12   step: 1.80e-06    0.29
         res : 2.87e-08   lamb: 1.00e+00   eps : -1.72e-12   step: 1.80e-06    0.41
         res : 2.14e-08   lamb: 1.00e+00   eps : -1.72e-12   step: 1.80e-06    0.33
         res : 1.80e-08   lamb: 1.00e+00   eps : -1.72e-12   step: 1.80e-06    0.29
         res : 1.46e-08   lamb: 1.00e+00   eps : -1.72e-12   step: 1.81e-06    0.40
         res : 9.80e-09   lamb: 1.00e+00   eps : -1.72e-12   step: 1.81e-06    0.34
         res : 6.40e-09   lamb: 1.00e+00   eps : -1.72e-12   step: 1.81e-06    0.29
         res : 4.20e-09   lamb: 1.00e+00   eps : -1.72e-12   step: 1.81e-06    0.42

     11  0      -386.75267051     8.98e-09      8.16
     11  1      -386.54099714     0.00e+00      8.16
     11  2      -386.51730502     0.00e+00      8.16
     11  3      -386.49063915     0.00e+00      8.16

    * Second-order optimization converged. *   

    * Integral transformation done. Elapsed time: 0.51

     guess   0:   closed 111...               open ......              
     guess   1:   closed 11....               open ..11..              
     guess   2:   closed 1.1...               open .1..1.              
     guess   3:   closed .11...               open 1..1..              

  === FCI iteration ===

      0  0      -386.68898249     9.42e-03      0.01
      0  1      -386.45463978     9.09e-03      0.00
      0  2      -386.36746086     1.08e-02      0.00
      0  3      -386.29811099     7.92e-03      0.00

      1  0      -386.74721102     3.60e-03      0.00
      1  1      -386.50871683     3.96e-03      0.00
      1  2      -386.47595429     7.32e-03      0.00
      1  3      -386.34824957     4.20e-03      0.00

      2  0      -386.75241118     8.86e-04      0.00
      2  1      -386.52264606     4.01e-03      0.00
      2  2      -386.51223576     4.02e-03      0.00
      2  3      -386.35820642     1.69e-03      0.00

      3  0      -386.75266379     1.51e-04      0.00
      3  1      -386.53875580     2.21e-03      0.00
      3  2      -386.51706414     7.17e-04      0.00
      3  3      -386.35964365     6.05e-04      0.00

      4  0      -386.75267024     2.73e-05      0.00
      4  1      -386.54092680     3.77e-04      0.00
      4  2      -386.51728536     1.84e-04      0.00
      4  3      -386.36036137     1.40e-03      0.00

      5  0      -386.75267050     5.10e-06      0.00
      5  1      -386.54099390     6.93e-05      0.00
      5  2      -386.51730250     4.56e-05      0.00
      5  3      -386.38481104     2.55e-03      0.00

      6  0      -386.75267051     8.09e-07      0.01
      6  1      -386.54099697     1.62e-05      0.00
      6  2      -386.51730400     1.56e-05      0.00
      6  3      -386.39021566     1.70e-03      0.00

      7  0      -386.75267051     1.15e-07      0.01
      7  1      -386.54099712     4.64e-06      0.00
      7  2      -386.51730459     1.85e-05      0.00
      7  3      -386.46508998     5.66e-03      0.00

      8  0      -386.75267051     2.48e-08      0.01
      8  1      -386.54099714     1.39e-06      0.00
      8  2      -386.51730497     8.42e-06      0.00
      8  3      -386.48844637     1.68e-03      0.00

      9  0      -386.75267051     7.93e-09      0.01
      9  1      -386.54099714     4.06e-07      0.00
      9  2      -386.51730502     2.21e-06      0.00
      9  3      -386.49051934     4.36e-04      0.00

     10  0      -386.75267051     1.96e-09      0.01
     10  1      -386.54099714     1.46e-07      0.00
     10  2      -386.51730502     5.18e-07      0.00
     10  3      -386.49063166     9.83e-05      0.00

     11  0      -386.75267051     3.15e-10      0.01
     11  1      -386.54099714     2.88e-08      0.00
     11  2      -386.51730502     1.41e-07      0.00
     11  3      -386.49063848     2.84e-05      0.00

     12  0 *    -386.75267051     4.58e-11      0.01
     12  1      -386.54099714     5.42e-09      0.00
     12  2      -386.51730502     4.09e-08      0.00
     12  3      -386.49063908     9.05e-06      0.00

     13  0 *    -386.75267051     2.32e-11      0.01
     13  1      -386.54099714     1.24e-09      0.00
     13  2      -386.51730502     1.04e-08      0.00
     13  3      -386.49063915     2.66e-06      0.00

     14  0 *    -386.75267051     2.15e-11      0.01
     14  1      -386.54099714     2.92e-10      0.00
     14  2      -386.51730502     2.47e-09      0.00
     14  3      -386.49063915     6.80e-07      0.00

     15  0 *    -386.75267051     1.96e-11      0.01
     15  1 *    -386.54099714     5.71e-11      0.00
     15  2      -386.51730502     5.13e-10      0.00
     15  3      -386.49063915     1.50e-07      0.00

     16  0 *    -386.75267051     1.90e-11      0.01
     16  1 *    -386.54099714     3.57e-11      0.00
     16  2 *    -386.51730502     8.64e-11      0.00
     16  3      -386.49063915     2.73e-08      0.00

     17  0 *    -386.75267051     1.90e-11      0.01
     17  1 *    -386.54099714     3.43e-11      0.00
     17  2 *    -386.51730502     1.73e-11      0.00
     17  3      -386.49063915     4.95e-09      0.00

     18  0 *    -386.75267051     1.84e-11      0.01
     18  1 *    -386.54099714     3.44e-11      0.00
     18  2 *    -386.51730502     1.18e-11      0.00
     18  3      -386.49063915     9.53e-10      0.00

     19  0 *    -386.75267051     1.83e-11      0.01
     19  1 *    -386.54099714     3.38e-11      0.00
     19  2 *    -386.51730502     1.18e-11      0.00
     19  3      -386.49063915     2.64e-10      0.00

     20  0 *    -386.75267051     1.83e-11      0.01
     20  1 *    -386.54099714     3.39e-11      0.00
     20  2 *    -386.51730502     1.16e-11      0.00
     20  3 *    -386.49063915     6.99e-11      0.00

     * ci vector, state   0, <S^2> = -0.0000
       222...     0.8856898639
       22ba..    -0.2255873795
       22ab..    -0.2255873795
       2.2.2.    -0.1994211019
       22.2..    -0.1129199595
       a2bb.a    -0.0931249451
       b2aa.b    -0.0931249451
       .22..2    -0.0812852350
       .222..    -0.0663342671
       22...2    -0.0614276159
       a2ab.b     0.0524912229
       b2ba.a     0.0524912229
       2.ba2.     0.0510769738
       2.ab2.     0.0510769738

     * ci vector, state   1, <S^2> = -0.0000
       22.2..    -0.4124914392
       a22b..     0.4077143394
       b22a..     0.4077143394
       22b..a    -0.3184525952
       22a..b    -0.3184525952
       .222..     0.2118672635
       22...2     0.1739347360
       .22..2    -0.1339923559
       a2ba.b     0.1311605999
       b2ab.a     0.1311605999
       222...     0.1064434280
       22ba..     0.1039232394
       22ab..     0.1039232394
       b2a2..    -0.1004628249
       a2b2..    -0.1004628249
       a2bb.a     0.0946427733
       b2aa.b     0.0946427733
       2..22.     0.0930571617
       a.2b2.     0.0919296549
       b.2a2.     0.0919296549
       b22..a     0.0847305893
       a22..b     0.0847305893
       22.b.a     0.0786583096
       22.a.b     0.0786583096
       2.b.2a    -0.0717563102
       2.a.2b    -0.0717563102
       a2.b.2     0.0594304861
       b2.a.2     0.0594304861

     * ci vector, state   2, <S^2> = 0.0000
       22ab..     0.6041149747
       22ba..     0.6041149747
       222...     0.3375735698
       2.ab2.    -0.1357811617
       2.ba2.    -0.1357811617
       22.2..     0.1092480853
       a22b..    -0.0920465674
       b22a..    -0.0920465674
       a2b2..    -0.0857391779
       b2a2..    -0.0857391779
       .222..    -0.0827709264
       b2aa.b     0.0745735422
       a2bb.a     0.0745735422
       2.2.2.    -0.0733440748
       22a..b     0.0714533166
       22b..a     0.0714533166
       .2ab.2    -0.0627860492
       .2ba.2    -0.0627860492
       a2ab.b    -0.0586245233
       b2ba.a    -0.0586245233
       22...2    -0.0548909818
       22.a.b     0.0537320022
       22.b.a     0.0537320022

     * ci vector, state   3, <S^2> = -0.0000
       2baab.    -0.5453053901
       2abba.    -0.5453053901
       2bbaa.     0.2729304912
       2aabb.     0.2729304912
       2baba.    -0.2723748989
       2abab.    -0.2723748988
       ab2.ba    -0.1133812923
       ba2.ab    -0.1133812923
       .baab2     0.0698020490
       .abba2     0.0698020490
       bb2.aa     0.0567086683
       aa2.bb     0.0567086683
       ab2.ab    -0.0566726240
       ba2.ba    -0.0566726240
       abbaba     0.0556348559
       baabab     0.0556348559
       babaab     0.0555079141
       ababba     0.0555079141

    * METHOD: CASSCF                             119.34

  === SMITH program ===

    * freezing 10 orbitals
    * SS-SR internal contraction is used

    * Approximate memory requirement for SMITH calulation per MPI process:
      o Storage requirement for T-amplitude, lambda, and residual is 0.14 GB
      o Storage requirement for MO integrals is 0.02 GB
       - MO integral evaluation                    5.07

  ++ State-averaged Fock matrix over basis states ++

                         0                   1                   2                   3
     0       -1.7043515814       -0.0322175456       -0.0709042159        0.0000525131
     1       -0.0322175456       -1.2768435092       -0.0653410243       -0.0001867367
     2       -0.0709042159       -0.0653410243       -1.4768515588       -0.0049723946
     3        0.0000525131       -0.0001867367       -0.0049723946       -1.0672377887


  ++ Extended multi-state CASPT2 (XMS-CASPT2) rotation matrix ++

                         0                   1                   2                   3
     0       -0.9493824437       -0.3131055044       -0.0252201935        0.0013640358
     1       -0.1099132227        0.2559251616        0.9604233373        0.0028996932
     2       -0.2942573356        0.9145144915       -0.2773285630       -0.0128348496
     3       -0.0021632317        0.0114236383       -0.0063105544        0.9999124951


  ++ Reference energies in XMS basis ++

                         0                   1                   2                   3
     0     -386.7297323982       -0.0692982197       -0.0031341191        0.0002546680
     1       -0.0692982197     -386.5419273896       -0.0076839444        0.0003875341
     2       -0.0031341191       -0.0076839444     -386.5393075815       -0.0002261458
     3        0.0002546680        0.0003875341       -0.0002261458     -386.4906444556

    * Calculating and saving rdm4f

    - linear dependency detected:    1 /   72    min eigenvalue:     6.0449e-16    max eigenvalue:     6.0449e-16
    - linear dependency detected:    1 /   72    min eigenvalue:     1.0443e-15    max eigenvalue:     1.0443e-15
    - linear dependency detected:    1 /   72    min eigenvalue:    -1.7091e-15    max eigenvalue:    -1.7091e-15
    - linear dependency detected:    1 /   72    min eigenvalue:     8.7565e-16    max eigenvalue:     8.7565e-16
    - linear dependency detected:   24 /  216    min eigenvalue:    -4.9786e-17    max eigenvalue:     9.9004e-10
    - linear dependency detected:   17 /  216    min eigenvalue:    -2.1620e-15    max eigenvalue:     8.5247e-10
    - linear dependency detected:   17 /  216    min eigenvalue:    -4.1873e-15    max eigenvalue:     9.9452e-10
    - linear dependency detected:   18 /  216    min eigenvalue:    -1.7348e-15    max eigenvalue:     6.0535e-10
    - linear dependency detected:   22 /  216    min eigenvalue:    -2.0905e-15    max eigenvalue:     7.4736e-10
    - linear dependency detected:   15 /  216    min eigenvalue:    -6.9947e-16    max eigenvalue:     7.2776e-10
    - linear dependency detected:   17 /  216    min eigenvalue:    -6.9789e-16    max eigenvalue:     9.9325e-10
    - linear dependency detected:   18 /  216    min eigenvalue:    -1.2152e-15    max eigenvalue:     9.3330e-10
       - RDM + denominator evaluation              2.05

    * Zeroth order energy : state  0       -1.7300578777
    * Zeroth order energy : state  1       -1.4709235114
    * Zeroth order energy : state  2       -1.2571286160
    * Zeroth order energy : state  3       -1.0671744331

    * CASPT2 iteration is performed using redundant basis

      ---- iteration ----

        0    -1.10812961     0.00103060      3.52
        1    -1.10868328     0.00006130      3.71
        2    -1.10868586     0.00000462      3.58
        3    -1.10868588     0.00000047      3.54

        0    -1.13035163     0.00099283      3.97
        1    -1.13098792     0.00006119      3.56
        2    -1.13099170     0.00000531      3.51
        3    -1.13099174     0.00000054      3.70

        0    -1.09497171     0.00088739      3.85
        1    -1.09546959     0.00005420      3.61
        2    -1.09547251     0.00000464      3.53
        3    -1.09547254     0.00000050      3.51

        0    -1.08482488     0.00086493      3.86
        1    -1.08530435     0.00006244      3.59
        2    -1.08530810     0.00000648      3.53
        3    -1.08530816     0.00000082      3.50

      -------------------

       - CASPT2 energy evaluation                 60.25

    * CASPT2 energy : state  0     -388.0065494056
        w/o shift correction       -387.8384182773
        reference weight              0.7483560919

    * CASPT2 energy : state  1     -387.8523155518
        w/o shift correction       -387.6729191282
        reference weight              0.7359473536

    * CASPT2 energy : state  2     -387.8041553997
        w/o shift correction       -387.6347801231
        reference weight              0.7469651442

    * CASPT2 energy : state  3     -387.7416156709
        w/o shift correction       -387.5759526140
        reference weight              0.7511307633


    * MS-CASPT2 Heff
           -388.0065494056       -0.0431790450        0.0013067475        0.0001961009
             -0.0431790450     -387.8523155518       -0.0122425805        0.0003976306
              0.0013067475       -0.0122425805     -387.8041553997       -0.0002158879
              0.0001961009        0.0003976306       -0.0002158879     -387.7416156709


    * MS-CASPT2 rotation matrix
             -0.9674237166       -0.2447328954       -0.0647854827        0.0000613239
             -0.2530151380        0.9259989175        0.2801661083        0.0040368906
             -0.0085791519        0.2874465928       -0.9577488557       -0.0042407481
              0.0010443565       -0.0025042027       -0.0051886876        0.9999828578


    * XMS-CASPT2 rotation matrix
              0.9978933169       -0.0648431185       -0.0020678168        0.0001487724
              0.0333431289        0.5399489584       -0.8410370601       -0.0001468684
              0.0556513547        0.8391688695        0.5409572795       -0.0079847991
              0.0003008125        0.0067897597        0.0041963549        0.9999680991

    * MS-CASPT2 energy : state  0     -388.0178308594
    * MS-CASPT2 energy : state  1     -387.8447051229
    * MS-CASPT2 energy : state  2     -387.8004869075
    * MS-CASPT2 energy : state  3     -387.7416131381



    * METHOD: SMITH                               88.10


  
  ===============================================================

