--------------------------------------------------
JOB FRONT-END 483107 on wux54
SLURM ENVIRONMENT
--------------------------------------------------
SLURM_JOB_ID                   = 483107              
SLURM_ARRAY_JOB_ID             = N/A                 
SLURM_ARRAY_TASK_ID            = N/A                 
SLURM_JOB_NAME                 = qchem               
SLURM_JOB_PARTITION            = wux5x               
SLURM_JOB_NUM_NODES            = 1                   
SLURM_JOB_CPUS_PER_NODE        = 8                   
SLURM_NTASKS                   = 8                   
SLURM_NTASKS_PER_NODE          = N/A                 
--------------------------------------------------
--------------------------------------------------
PBS ENVIRONMENT
--------------------------------------------------
PBS_JOBID                      = 483107              
PBS_ARRAYID                    = N/A                 
PBS_JOBNAME                    = qchem               
PBS_QUEUE                      = wux5x               
PBS_NUM_NODES                  = 1                   
PBS_NUM_PPN                    = 1                   
PBS_NP                         = 8                   
PBS_NODEFILE                   = /tmp/483107/nodes   
--------------------------------------------------
Load qchem (6.3) environment
Starting time: Wed Jun 17 06:29:18 PM CEST 2026
Jobname:291
TEST:8
job-483107.err
job-483107.out
/home/buehlerm/calculation/BN_Naphthalene/NBO_Calc/QCHEM/CC_DEWAR
Running time:  0 days; 0 hours; 1 minutes; 4 seconds.
End time: Wed Jun 17 06:30:22 PM CEST 2026
