    * Using parallel algorithm in FCI.
    * Parallel algorithm will be used.
  ---------------------------
        FCI calculation      
  ---------------------------

 Constructing space of all determinants that can formed by removing 1 electron from 6 alpha and 6 beta electrons.

 Space is made up of 4 determinants.
  o forming links
    * Integral transformation done. Elapsed time: 0.09

       - jop, kop                                  0.00
       - denom                                     0.02
     guess   0:   closed 111111......         open ............        
     guess   1:   closed 11111.......         open .....11.....        

  === FCI iteration ===

      0  0      -386.61917704     3.73e-04      0.60
      0  1      -386.49781699     3.72e-04      0.00

      1  0      -386.73045590     1.87e-04      0.61
      1  1      -386.60790521     1.94e-04      0.00

      2  0      -386.75250588     9.12e-05      0.61
      2  1      -386.63304256     1.01e-04      0.00

      3  0      -386.75695107     3.91e-05      0.61
      3  1      -386.63923744     5.44e-05      0.00

      4  0      -386.75765988     1.58e-05      0.62
      4  1      -386.64108048     3.22e-05      0.00

      5  0      -386.75776988     6.88e-06      0.61
      5  1      -386.64177137     2.05e-05      0.00

      6  0      -386.75779255     3.44e-06      0.61
      6  1      -386.64202638     1.21e-05      0.00

      7  0      -386.75779837     1.91e-06      0.61
      7  1      -386.64211039     6.71e-06      0.00

      8  0      -386.75780013     9.85e-07      0.62
      8  1      -386.64213965     4.27e-06      0.00

      9  0      -386.75780061     5.20e-07      0.61
      9  1      -386.64215312     3.08e-06      0.00

     10  0      -386.75780075     2.63e-07      0.62
     10  1      -386.64215969     2.07e-06      0.00

     11  0      -386.75780078     1.19e-07      0.61
     11  1      -386.64216248     1.30e-06      0.00

     12  0      -386.75780079     5.57e-08      0.62
     12  1      -386.64216357     8.09e-07      0.00

     13  0      -386.75780079     2.70e-08      0.62
     13  1      -386.64216398     4.84e-07      0.00

     14  0      -386.75780079     1.31e-08      0.62
     14  1      -386.64216411     2.66e-07      0.00

     15  0      -386.75780079     6.41e-09      0.63
     15  1      -386.64216414     1.44e-07      0.00

     16  0      -386.75780079     3.11e-09      0.63
     16  1      -386.64216415     8.33e-08      0.00

     17  0      -386.75780079     1.57e-09      0.63
     17  1      -386.64216416     5.23e-08      0.00

     18  0      -386.75780079     8.11e-10      0.63
     18  1      -386.64216416     3.28e-08      0.00

     19  0      -386.75780079     4.01e-10      0.63
     19  1      -386.64216416     1.94e-08      0.00
    ** throwing out 2 trial vectors **

     20  0      -386.75780079     1.88e-10      0.64
     20  1      -386.64216416     1.08e-08      0.00
    ** throwing out 2 trial vectors **

     21  0 *    -386.75780079     8.22e-11      0.55
     21  1      -386.64216416     5.83e-09      0.00
    ** throwing out 1 trial vectors **

     22  0 *    -386.75780079     6.46e-11      0.34
     22  1      -386.64216416     3.08e-09      0.00
    ** throwing out 1 trial vectors **

     23  0 *    -386.75780079     6.15e-11      0.34
     23  1      -386.64216416     1.66e-09      0.00
    ** throwing out 1 trial vectors **

     24  0 *    -386.75780079     6.08e-11      0.34
     24  1      -386.64216416     9.46e-10      0.00
    ** throwing out 1 trial vectors **

     25  0 *    -386.75780079     6.08e-11      0.34
     25  1      -386.64216416     5.62e-10      0.00
    ** throwing out 1 trial vectors **

     26  0 *    -386.75780079     6.08e-11      0.34
     26  1      -386.64216416     3.23e-10      0.00
    ** throwing out 1 trial vectors **

     27  0 *    -386.75780079     6.08e-11      0.34
     27  1      -386.64216416     1.85e-10      0.00
    ** throwing out 1 trial vectors **

     28  0 *    -386.75780079     6.08e-11      0.33
     28  1      -386.64216416     1.07e-10      0.00
    ** throwing out 1 trial vectors **

     29  0 *    -386.75780079     6.08e-11      0.24
     29  1 *    -386.64216416     6.01e-11      0.00

     * ci vector   0, <S^2> = -0.0000, E =     -386.75780079
       222222......     0.8014368124
       22222ba.....     0.2870426343
       22222ab.....     0.2870426343
       22222..2....    -0.0757836454
       2222.2.2....    -0.0742215739
       222.22..2...    -0.0674525852
       222b2aa.b...    -0.0550088511
       222a2bb.a...    -0.0550088511
       22.222...2..    -0.0522362782
       22.222.2....    -0.0518790859
       22a2b2.b.a..     0.0511891907
       22b2a2.a.b..     0.0511891907

     * ci vector   1, <S^2> = 0.0000, E =     -386.64216416
       22222ba.....    -0.5525895010
       22222ab.....    -0.5525895010
       222222......     0.3898007612
       2222baab....     0.0800527835
       2222abba....     0.0800527835
       22222..2....    -0.0795799542
       2a222b2.....     0.0707847430
       2b222a2.....     0.0707847430
       222b2aa.b...     0.0659743812
       222a2bb.a...     0.0659743812
       2222.ba2....     0.0630305075
       2222.ab2....     0.0630305075
       2222bbaa....    -0.0607197499
       2222aabb....    -0.0607197499
       222.2ba.2...     0.0535239828
       222.2ab.2...     0.0535239828
       - FCI and RDMs                             17.73
    * Integral transformation done. Elapsed time: 0.08

       - jop, kop                                  0.00
       - denom                                     0.02
     guess   0:   closed 111111......         open ............        
     guess   1:   closed 11111.......         open .....11.....        

  === FCI iteration ===

      0  0      -386.63764315     3.73e-04      0.60
      0  1      -386.51686681     3.72e-04      0.00

      1  0      -386.74891234     1.88e-04      0.61
      1  1      -386.62634608     1.94e-04      0.00

      2  0      -386.77114329     9.17e-05      0.61
      2  1      -386.65141157     1.01e-04      0.00

      3  0      -386.77563508     3.94e-05      0.61
      3  1      -386.65758379     5.46e-05      0.00

      4  0      -386.77635610     1.61e-05      0.61
      4  1      -386.65942888     3.23e-05      0.00

      5  0      -386.77646945     6.98e-06      0.61
      5  1      -386.66011641     2.05e-05      0.00

      6  0      -386.77649252     3.47e-06      0.61
      6  1      -386.66037084     1.22e-05      0.00

      7  0      -386.77649830     1.89e-06      0.61
      7  1      -386.66045676     6.84e-06      0.00

      8  0      -386.77650001     9.67e-07      0.61
      8  1      -386.66048795     4.47e-06      0.00

      9  0      -386.77650048     5.14e-07      0.62
      9  1      -386.66050322     3.32e-06      0.00

     10  0      -386.77650062     2.65e-07      0.61
     10  1      -386.66051087     2.24e-06      0.00

     11  0      -386.77650065     1.23e-07      0.62
     11  1      -386.66051405     1.38e-06      0.00

     12  0      -386.77650066     5.78e-08      0.62
     12  1      -386.66051526     8.40e-07      0.00

     13  0      -386.77650066     2.80e-08      0.63
     13  1      -386.66051569     4.94e-07      0.00

     14  0      -386.77650066     1.37e-08      0.63
     14  1      -386.66051583     2.65e-07      0.00

     15  0      -386.77650066     6.70e-09      0.63
     15  1      -386.66051587     1.41e-07      0.00

     16  0      -386.77650066     3.22e-09      0.62
     16  1      -386.66051588     8.03e-08      0.00

     17  0      -386.77650066     1.63e-09      0.63
     17  1      -386.66051588     5.02e-08      0.00

     18  0      -386.77650066     8.41e-10      0.62
     18  1      -386.66051588     3.15e-08      0.00

     19  0      -386.77650066     4.18e-10      0.63
     19  1      -386.66051588     1.90e-08      0.00
    ** throwing out 2 trial vectors **

     20  0      -386.77650066     1.99e-10      0.64
     20  1      -386.66051588     1.09e-08      0.00
    ** throwing out 2 trial vectors **

     21  0 *    -386.77650066     8.85e-11      0.54
     21  1      -386.66051588     5.98e-09      0.00
    ** throwing out 1 trial vectors **

     22  0 *    -386.77650066     6.97e-11      0.34
     22  1      -386.66051588     3.17e-09      0.00
    ** throwing out 1 trial vectors **

     23  0 *    -386.77650066     6.62e-11      0.33
     23  1      -386.66051588     1.70e-09      0.00
    ** throwing out 1 trial vectors **

     24  0 *    -386.77650066     6.54e-11      0.34
     24  1      -386.66051588     9.50e-10      0.00
    ** throwing out 1 trial vectors **

     25  0 *    -386.77650066     6.54e-11      0.34
     25  1      -386.66051588     5.50e-10      0.00
    ** throwing out 1 trial vectors **

     26  0 *    -386.77650066     6.54e-11      0.34
     26  1      -386.66051588     3.14e-10      0.00
    ** throwing out 1 trial vectors **

     27  0 *    -386.77650066     6.54e-11      0.34
     27  1      -386.66051588     1.79e-10      0.00
    ** throwing out 1 trial vectors **

     28  0 *    -386.77650066     6.54e-11      0.34
     28  1      -386.66051588     1.05e-10      0.00
    ** throwing out 1 trial vectors **

     29  0 *    -386.77650066     6.53e-11      0.24
     29  1 *    -386.66051588     6.06e-11      0.00

     * ci vector   0, <S^2> = -0.0000, E =     -386.77650066
       222222......     0.8124594473
       22222ab.....    -0.2696727814
       22222ba.....    -0.2696727814
       22222..2....    -0.0773120414
       2222.2.2....    -0.0727834718
       222.22..2...    -0.0675599019
       222a2bb.a...    -0.0539091743
       222b2aa.b...    -0.0539091743
       22.222.2....    -0.0520127050
       22.222...2..    -0.0519756254
       22a2b2.b.a..     0.0500446158
       22b2a2.a.b..     0.0500446158

     * ci vector   1, <S^2> = -0.0000, E =     -386.66051588
       22222ab.....    -0.5612335118
       22222ba.....    -0.5612335118
       222222......    -0.3675645522
       2222abba....    -0.0798761593
       2222baab....    -0.0798761593
       22222..2....     0.0787160983
       2b222a2.....     0.0670551895
       2a222b2.....     0.0670551895
       222a2bb.a...    -0.0654510604
       222b2aa.b...    -0.0654510604
       2222.ab2....     0.0620803516
       2222.ba2....     0.0620803516
       2222aabb....     0.0593204470
       2222bbaa....     0.0593204470
       222.2ab.2...     0.0533389684
       222.2ba.2...     0.0533389684
       - FCI and RDMs                             17.67
    * Integral transformation done. Elapsed time: 0.08

       - jop, kop                                  0.00
       - denom                                     0.02
     guess   0:   closed 111111......         open ............        
     guess   1:   closed 11111.......         open .....11.....        

  === FCI iteration ===

      0  0      -386.63756501     3.73e-04      0.59
      0  1      -386.51696982     3.72e-04      0.00

      1  0      -386.74880018     1.88e-04      0.60
      1  1      -386.62635271     1.94e-04      0.00

      2  0      -386.77114328     9.20e-05      0.60
      2  1      -386.65145311     1.01e-04      0.00

      3  0      -386.77567294     3.96e-05      0.60
      3  1      -386.65762903     5.46e-05      0.00

      4  0      -386.77640155     1.62e-05      0.59
      4  1      -386.65946972     3.22e-05      0.00

      5  0      -386.77651639     7.01e-06      0.59
      5  1      -386.66015191     2.04e-05      0.00

      6  0      -386.77653956     3.47e-06      0.59
      6  1      -386.66040404     1.22e-05      0.00

      7  0      -386.77654530     1.88e-06      0.59
      7  1      -386.66048955     6.84e-06      0.00

      8  0      -386.77654700     9.58e-07      0.63
      8  1      -386.66052073     4.48e-06      0.00

      9  0      -386.77654746     5.10e-07      0.67
      9  1      -386.66053616     3.36e-06      0.00

     10  0      -386.77654760     2.65e-07      0.67
     10  1      -386.66054395     2.26e-06      0.00

     11  0      -386.77654763     1.24e-07      0.67
     11  1      -386.66054719     1.38e-06      0.00

     12  0      -386.77654764     5.84e-08      0.67
     12  1      -386.66054840     8.44e-07      0.00

     13  0      -386.77654764     2.83e-08      0.67
     13  1      -386.66054883     4.98e-07      0.00

     14  0      -386.77654764     1.39e-08      0.67
     14  1      -386.66054897     2.69e-07      0.00

     15  0      -386.77654764     6.79e-09      0.68
     15  1      -386.66054901     1.43e-07      0.00

     16  0      -386.77654764     3.25e-09      0.68
     16  1      -386.66054902     8.14e-08      0.00

     17  0      -386.77654764     1.65e-09      0.67
     17  1      -386.66054902     5.10e-08      0.00

     18  0      -386.77654764     8.49e-10      0.64
     18  1      -386.66054902     3.19e-08      0.00

     19  0      -386.77654764     4.21e-10      0.64
     19  1      -386.66054902     1.89e-08      0.00
    ** throwing out 2 trial vectors **

     20  0      -386.77654764     1.99e-10      0.64
     20  1      -386.66054903     1.06e-08      0.00
    ** throwing out 2 trial vectors **

     21  0 *    -386.77654764     8.76e-11      0.54
     21  1      -386.66054903     5.65e-09      0.00
    ** throwing out 1 trial vectors **

     22  0 *    -386.77654764     7.13e-11      0.33
     22  1      -386.66054903     2.92e-09      0.00
    ** throwing out 1 trial vectors **

     23  0 *    -386.77654764     6.78e-11      0.34
     23  1      -386.66054903     1.54e-09      0.00
    ** throwing out 1 trial vectors **

     24  0 *    -386.77654764     6.73e-11      0.34
     24  1      -386.66054903     8.55e-10      0.00
    ** throwing out 1 trial vectors **

     25  0 *    -386.77654764     6.72e-11      0.33
     25  1      -386.66054903     4.92e-10      0.00
    ** throwing out 1 trial vectors **

     26  0 *    -386.77654764     6.73e-11      0.34
     26  1      -386.66054903     2.79e-10      0.00
    ** throwing out 1 trial vectors **

     27  0 *    -386.77654764     6.73e-11      0.33
     27  1      -386.66054903     1.61e-10      0.00
    ** throwing out 1 trial vectors **

     28  0 *    -386.77654764     6.73e-11      0.24
     28  1 *    -386.66054903     9.47e-11      0.00

     * ci vector   0, <S^2> = 0.0000, E =     -386.77654764
       222222......    -0.8151622840
       22222ba.....     0.2647223189
       22222ab.....     0.2647223189
       22222..2....     0.0780782588
       2222.2.2....     0.0719490765
       222.22..2...     0.0674639488
       222b2aa.b...     0.0533236627
       222a2bb.a...     0.0533236627
       22.222.2....     0.0517431149
       22.222...2..     0.0516780073

     * ci vector   1, <S^2> = 0.0000, E =     -386.66054903
       22222ba.....    -0.5635836274
       22222ab.....    -0.5635836274
       222222......    -0.3608630757
       2222baab....     0.0797753071
       2222abba....     0.0797753071
       22222..2....     0.0785161460
       222b2aa.b...    -0.0652983570
       222a2bb.a...    -0.0652983570
       2a222b2.....     0.0652642023
       2b222a2.....     0.0652642023
       2222.ba2....     0.0615624463
       2222.ab2....     0.0615624463
       2222bbaa....    -0.0589216643
       2222aabb....    -0.0589216643
       222.2ba.2...     0.0531410963
       222.2ab.2...     0.0531410963
       - FCI and RDMs                             17.70
    * Integral transformation done. Elapsed time: 0.08

       - jop, kop                                  0.00
       - denom                                     0.02
     guess   0:   closed 111111......         open ............        
     guess   1:   closed 11111.......         open .....11.....        

  === FCI iteration ===

      0  0      -386.63748286     3.73e-04      0.59
      0  1      -386.51697148     3.72e-04      0.00

      1  0      -386.74872280     1.88e-04      0.60
      1  1      -386.62633545     1.94e-04      0.00

      2  0      -386.77111508     9.21e-05      0.60
      2  1      -386.65146153     1.01e-04      0.00

      3  0      -386.77566089     3.97e-05      0.61
      3  1      -386.65764316     5.47e-05      0.00

      4  0      -386.77639320     1.62e-05      0.60
      4  1      -386.65948425     3.22e-05      0.00

      5  0      -386.77650886     7.03e-06      0.61
      5  1      -386.66016462     2.04e-05      0.00

      6  0      -386.77653213     3.48e-06      0.61
      6  1      -386.66041632     1.22e-05      0.00

      7  0      -386.77653790     1.88e-06      0.61
      7  1      -386.66050199     6.85e-06      0.00

      8  0      -386.77653960     9.58e-07      0.61
      8  1      -386.66053334     4.50e-06      0.00

      9  0      -386.77654006     5.10e-07      0.61
      9  1      -386.66054895     3.38e-06      0.00

     10  0      -386.77654020     2.65e-07      0.61
     10  1      -386.66055684     2.28e-06      0.00

     11  0      -386.77654023     1.25e-07      0.62
     11  1      -386.66056011     1.39e-06      0.00

     12  0      -386.77654024     5.88e-08      0.62
     12  1      -386.66056133     8.49e-07      0.00

     13  0      -386.77654024     2.85e-08      0.62
     13  1      -386.66056176     5.02e-07      0.00

     14  0      -386.77654024     1.40e-08      0.62
     14  1      -386.66056190     2.72e-07      0.00

     15  0      -386.77654024     6.86e-09      0.62
     15  1      -386.66056194     1.45e-07      0.00

     16  0      -386.77654024     3.28e-09      0.62
     16  1      -386.66056195     8.34e-08      0.00

     17  0      -386.77654024     1.67e-09      0.62
     17  1      -386.66056196     5.28e-08      0.00

     18  0      -386.77654024     8.59e-10      0.63
     18  1      -386.66056196     3.34e-08      0.00

     19  0      -386.77654024     4.26e-10      0.62
     19  1      -386.66056196     1.99e-08      0.00
    ** throwing out 2 trial vectors **

     20  0      -386.77654024     2.02e-10      0.63
     20  1      -386.66056196     1.12e-08      0.00
    ** throwing out 2 trial vectors **

     21  0 *    -386.77654024     8.86e-11      0.54
     21  1      -386.66056196     6.01e-09      0.00
    ** throwing out 1 trial vectors **

     22  0 *    -386.77654024     7.21e-11      0.33
     22  1      -386.66056196     3.16e-09      0.00
    ** throwing out 1 trial vectors **

     23  0 *    -386.77654024     6.86e-11      0.33
     23  1      -386.66056196     1.68e-09      0.00
    ** throwing out 1 trial vectors **

     24  0 *    -386.77654024     6.81e-11      0.33
     24  1      -386.66056196     9.37e-10      0.00
    ** throwing out 1 trial vectors **

     25  0 *    -386.77654024     6.80e-11      0.33
     25  1      -386.66056196     5.40e-10      0.00
    ** throwing out 1 trial vectors **

     26  0 *    -386.77654024     6.80e-11      0.34
     26  1      -386.66056196     3.07e-10      0.00
    ** throwing out 1 trial vectors **

     27  0 *    -386.77654024     6.81e-11      0.33
     27  1      -386.66056196     1.75e-10      0.00
    ** throwing out 1 trial vectors **

     28  0 *    -386.77654024     6.81e-11      0.33
     28  1      -386.66056196     1.03e-10      0.00
    ** throwing out 1 trial vectors **

     29  0 *    -386.77654024     6.79e-11      0.24
     29  1 *    -386.66056196     6.08e-11      0.00

     * ci vector   0, <S^2> = -0.0000, E =     -386.77654024
       222222......    -0.8161557250
       22222ba.....     0.2628434062
       22222ab.....     0.2628434062
       22222..2....     0.0785525235
       2222.2.2....     0.0714737667
       222.22..2...     0.0673879770
       222b2aa.b...     0.0530643135
       222a2bb.a...     0.0530643135
       22.222.2....     0.0516040132
       22.222...2..     0.0513347599

     * ci vector   1, <S^2> = 0.0000, E =     -386.66056196
       22222ba.....    -0.5644283027
       22222ab.....    -0.5644283026
       222222......    -0.3584630254
       2222baab....    -0.0797762715
       2222abba....    -0.0797762715
       22222..2....     0.0785878949
       222b2aa.b...    -0.0652143312
       222a2bb.a...    -0.0652143312
       2a222b2.....    -0.0645099839
       2b222a2.....    -0.0645099839
       2222.ba2....     0.0612927498
       2222.ab2....     0.0612927498
       2222bbaa....     0.0588360850
       2222aabb....     0.0588360850
       222.2ba.2...     0.0530287551
       222.2ab.2...     0.0530287550
       - FCI and RDMs                             17.55
    * Integral transformation done. Elapsed time: 0.08

       - jop, kop                                  0.00
       - denom                                     0.02
     guess   0:   closed 111111......         open ............        
     guess   1:   closed 11111.......         open .....11.....        

  === FCI iteration ===

      0  0      -386.63744595     3.73e-04      0.60
      0  1      -386.51695805     3.72e-04      0.00

      1  0      -386.74868834     1.88e-04      0.61
      1  1      -386.62632429     1.94e-04      0.00

      2  0      -386.77109711     9.22e-05      0.61
      2  1      -386.65146730     1.01e-04      0.00

      3  0      -386.77564846     3.97e-05      0.61
      3  1      -386.65765384     5.47e-05      0.00

      4  0      -386.77638216     1.63e-05      0.61
      4  1      -386.65949615     3.22e-05      0.00

      5  0      -386.77649814     7.04e-06      0.61
      5  1      -386.66017612     2.04e-05      0.00

      6  0      -386.77652146     3.48e-06      0.61
      6  1      -386.66042775     1.22e-05      0.00

      7  0      -386.77652723     1.88e-06      0.61
      7  1      -386.66051347     6.86e-06      0.00

      8  0      -386.77652893     9.58e-07      0.61
      8  1      -386.66054486     4.50e-06      0.00

      9  0      -386.77652939     5.09e-07      0.62
      9  1      -386.66056051     3.39e-06      0.00

     10  0      -386.77652953     2.66e-07      0.62
     10  1      -386.66056843     2.29e-06      0.00

     11  0      -386.77652956     1.25e-07      0.62
     11  1      -386.66057171     1.39e-06      0.00

     12  0      -386.77652957     5.90e-08      0.62
     12  1      -386.66057293     8.50e-07      0.00

     13  0      -386.77652957     2.86e-08      0.62
     13  1      -386.66057337     5.04e-07      0.00

     14  0      -386.77652957     1.41e-08      0.62
     14  1      -386.66057351     2.74e-07      0.00

     15  0      -386.77652957     6.89e-09      0.63
     15  1      -386.66057354     1.47e-07      0.00

     16  0      -386.77652957     3.29e-09      0.63
     16  1      -386.66057356     8.44e-08      0.00

     17  0      -386.77652957     1.68e-09      0.63
     17  1      -386.66057356     5.35e-08      0.00

     18  0      -386.77652957     8.64e-10      0.63
     18  1      -386.66057356     3.38e-08      0.00

     19  0      -386.77652957     4.29e-10      0.63
     19  1      -386.66057356     2.01e-08      0.00
    ** throwing out 2 trial vectors **

     20  0      -386.77652957     2.03e-10      0.64
     20  1      -386.66057356     1.13e-08      0.00
    ** throwing out 2 trial vectors **

     21  0 *    -386.77652957     8.94e-11      0.54
     21  1      -386.66057356     6.06e-09      0.00
    ** throwing out 1 trial vectors **

     22  0 *    -386.77652957     7.25e-11      0.34
     22  1      -386.66057356     3.18e-09      0.00
    ** throwing out 1 trial vectors **

     23  0 *    -386.77652957     6.92e-11      0.33
     23  1      -386.66057356     1.69e-09      0.00
    ** throwing out 1 trial vectors **

     24  0 *    -386.77652957     6.87e-11      0.34
     24  1      -386.66057356     9.41e-10      0.00
    ** throwing out 1 trial vectors **

     25  0 *    -386.77652957     6.86e-11      0.34
     25  1      -386.66057356     5.39e-10      0.00
    ** throwing out 1 trial vectors **

     26  0 *    -386.77652957     6.86e-11      0.34
     26  1      -386.66057356     3.06e-10      0.00
    ** throwing out 1 trial vectors **

     27  0 *    -386.77652957     6.86e-11      0.33
     27  1      -386.66057356     1.74e-10      0.00
    ** throwing out 1 trial vectors **

     28  0 *    -386.77652957     6.86e-11      0.33
     28  1      -386.66057356     1.03e-10      0.00
    ** throwing out 1 trial vectors **

     29  0 *    -386.77652957     6.85e-11      0.24
     29  1 *    -386.66057356     6.07e-11      0.00

     * ci vector   0, <S^2> = 0.0000, E =     -386.77652957
       222222......    -0.8165122486
       22222ab.....     0.2621729267
       22222ba.....     0.2621729267
       22222..2....     0.0787872847
       2222.2.2....     0.0712461903
       222.22..2...     0.0673615653
       222a2bb.a...     0.0529628134
       222b2aa.b...     0.0529628134
       22.222.2....     0.0515345296
       22.222...2..     0.0511786240

     * ci vector   1, <S^2> = -0.0000, E =     -386.66057356
       22222ba.....    -0.5647030727
       22222ab.....    -0.5647030727
       222222......    -0.3576263179
       2222baab....    -0.0797731569
       2222abba....    -0.0797731569
       22222..2....     0.0786683068
       222b2aa.b...    -0.0651763093
       222a2bb.a...    -0.0651763093
       2a222b2.....    -0.0643012497
       2b222a2.....    -0.0643012497
       2222.ba2....     0.0611688731
       2222.ab2....     0.0611688731
       2222bbaa....     0.0587862880
       2222aabb....     0.0587862880
       222.2ba.2...     0.0529852374
       222.2ab.2...     0.0529852374
       - FCI and RDMs                             17.72
    * Integral transformation done. Elapsed time: 0.08

       - jop, kop                                  0.00
       - denom                                     0.02
     guess   0:   closed 111111......         open ............        
     guess   1:   closed 11111.......         open .....11.....        

  === FCI iteration ===

      0  0      -386.63742713     3.73e-04      0.60
      0  1      -386.51694861     3.72e-04      0.00

      1  0      -386.74867088     1.88e-04      0.61
      1  1      -386.62631924     1.94e-04      0.00

      2  0      -386.77108653     9.22e-05      0.61
      2  1      -386.65147165     1.01e-04      0.00

      3  0      -386.77564028     3.98e-05      0.61
      3  1      -386.65766082     5.47e-05      0.00

      4  0      -386.77637464     1.63e-05      0.61
      4  1      -386.65950379     3.22e-05      0.00

      5  0      -386.77649078     7.05e-06      0.61
      5  1      -386.66018364     2.04e-05      0.00

      6  0      -386.77651412     3.49e-06      0.61
      6  1      -386.66043524     1.22e-05      0.00

      7  0      -386.77651990     1.88e-06      0.62
      7  1      -386.66052098     6.86e-06      0.00

      8  0      -386.77652160     9.58e-07      0.62
      8  1      -386.66055238     4.50e-06      0.00

      9  0      -386.77652206     5.09e-07      0.62
      9  1      -386.66056804     3.39e-06      0.00

     10  0      -386.77652220     2.66e-07      0.62
     10  1      -386.66057597     2.29e-06      0.00

     11  0      -386.77652223     1.25e-07      0.63
     11  1      -386.66057925     1.40e-06      0.00

     12  0      -386.77652224     5.91e-08      0.62
     12  1      -386.66058048     8.51e-07      0.00

     13  0      -386.77652224     2.86e-08      0.63
     13  1      -386.66058091     5.04e-07      0.00

     14  0      -386.77652224     1.41e-08      0.62
     14  1      -386.66058105     2.75e-07      0.00

     15  0      -386.77652224     6.91e-09      0.63
     15  1      -386.66058109     1.47e-07      0.00

     16  0      -386.77652224     3.30e-09      0.63
     16  1      -386.66058110     8.48e-08      0.00

     17  0      -386.77652224     1.68e-09      0.63
     17  1      -386.66058110     5.37e-08      0.00

     18  0      -386.77652224     8.67e-10      0.63
     18  1      -386.66058111     3.39e-08      0.00

     19  0      -386.77652224     4.30e-10      0.63
     19  1      -386.66058111     2.01e-08      0.00
    ** throwing out 2 trial vectors **

     20  0      -386.77652224     2.04e-10      0.64
     20  1      -386.66058111     1.13e-08      0.00
    ** throwing out 2 trial vectors **

     21  0 *    -386.77652224     8.97e-11      0.55
     21  1      -386.66058111     6.08e-09      0.00
    ** throwing out 1 trial vectors **

     22  0 *    -386.77652224     7.28e-11      0.33
     22  1      -386.66058111     3.19e-09      0.00
    ** throwing out 1 trial vectors **

     23  0 *    -386.77652224     6.94e-11      0.34
     23  1      -386.66058111     1.70e-09      0.00
    ** throwing out 1 trial vectors **

     24  0 *    -386.77652224     6.89e-11      0.33
     24  1      -386.66058111     9.39e-10      0.00
    ** throwing out 1 trial vectors **

     25  0 *    -386.77652224     6.88e-11      0.34
     25  1      -386.66058111     5.38e-10      0.00
    ** throwing out 1 trial vectors **

     26  0 *    -386.77652224     6.88e-11      0.34
     26  1      -386.66058111     3.05e-10      0.00
    ** throwing out 1 trial vectors **

     27  0 *    -386.77652224     6.89e-11      0.34
     27  1      -386.66058111     1.74e-10      0.00
    ** throwing out 1 trial vectors **

     28  0 *    -386.77652224     6.89e-11      0.34
     28  1      -386.66058111     1.03e-10      0.00
    ** throwing out 1 trial vectors **

     29  0 *    -386.77652224     6.87e-11      0.24
     29  1 *    -386.66058111     6.04e-11      0.00

     * ci vector   0, <S^2> = 0.0000, E =     -386.77652224
       222222......     0.8166679866
       22222ab.....    -0.2618822024
       22222ba.....    -0.2618822024
       22222..2....    -0.0789014608
       2222.2.2....    -0.0711348526
       222.22..2...    -0.0673559999
       222a2bb.a...     0.0529189032
       222b2aa.b...     0.0529189032
       22.222.2....    -0.0515034155
       22.222...2..    -0.0510998989

     * ci vector   1, <S^2> = -0.0000, E =     -386.66058111
       22222ba.....     0.5648157761
       22222ab.....     0.5648157761
       222222......     0.3572649643
       2222abba....     0.0797704884
       2222baab....     0.0797704884
       22222..2....    -0.0787166415
       222b2aa.b...    -0.0651596240
       222a2bb.a...    -0.0651596240
       2a222b2.....     0.0642377760
       2b222a2.....     0.0642377760
       2222.ba2....    -0.0611085024
       2222.ab2....    -0.0611085024
       2222bbaa....    -0.0587549793
       2222aabb....    -0.0587549793
       222.2ba.2...    -0.0529691642
       222.2ab.2...    -0.0529691642
       - FCI and RDMs                             17.72
    * Integral transformation done. Elapsed time: 0.08

       - jop, kop                                  0.00
       - denom                                     0.02
     guess   0:   closed 111111......         open ............        
     guess   1:   closed 11111.......         open .....11.....        

  === FCI iteration ===

      0  0      -386.63741716     3.73e-04      0.60
      0  1      -386.51694305     3.72e-04      0.00

      1  0      -386.74866163     1.88e-04      0.60
      1  1      -386.62631715     1.94e-04      0.00

      2  0      -386.77108051     9.22e-05      0.60
      2  1      -386.65147457     1.01e-04      0.00

      3  0      -386.77563544     3.98e-05      0.61
      3  1      -386.65766504     5.47e-05      0.00

      4  0      -386.77637015     1.63e-05      0.61
      4  1      -386.65950829     3.22e-05      0.00

      5  0      -386.77648637     7.05e-06      0.61
      5  1      -386.66018809     2.04e-05      0.00

      6  0      -386.77650972     3.49e-06      0.61
      6  1      -386.66043968     1.22e-05      0.00

      7  0      -386.77651550     1.88e-06      0.62
      7  1      -386.66052542     6.86e-06      0.00

      8  0      -386.77651720     9.58e-07      0.62
      8  1      -386.66055682     4.50e-06      0.00

      9  0      -386.77651766     5.09e-07      0.61
      9  1      -386.66057249     3.39e-06      0.00

     10  0      -386.77651780     2.66e-07      0.61
     10  1      -386.66058042     2.29e-06      0.00

     11  0      -386.77651783     1.26e-07      0.62
     11  1      -386.66058370     1.40e-06      0.00

     12  0      -386.77651784     5.91e-08      0.62
     12  1      -386.66058493     8.51e-07      0.00

     13  0      -386.77651784     2.86e-08      0.62
     13  1      -386.66058536     5.05e-07      0.00

     14  0      -386.77651784     1.41e-08      0.62
     14  1      -386.66058550     2.75e-07      0.00

     15  0      -386.77651784     6.91e-09      0.63
     15  1      -386.66058554     1.48e-07      0.00

     16  0      -386.77651784     3.30e-09      0.62
     16  1      -386.66058555     8.50e-08      0.00

     17  0      -386.77651784     1.68e-09      0.62
     17  1      -386.66058556     5.38e-08      0.00

     18  0      -386.77651784     8.68e-10      0.62
     18  1      -386.66058556     3.39e-08      0.00

     19  0      -386.77651784     4.31e-10      0.62
     19  1      -386.66058556     2.01e-08      0.00
    ** throwing out 2 trial vectors **

     20  0      -386.77651784     2.04e-10      0.63
     20  1      -386.66058556     1.13e-08      0.00
    ** throwing out 2 trial vectors **

     21  0 *    -386.77651784     8.98e-11      0.53
     21  1      -386.66058556     6.08e-09      0.00
    ** throwing out 1 trial vectors **

     22  0 *    -386.77651784     7.29e-11      0.33
     22  1      -386.66058556     3.20e-09      0.00
    ** throwing out 1 trial vectors **

     23  0 *    -386.77651784     6.96e-11      0.33
     23  1      -386.66058556     1.70e-09      0.00
    ** throwing out 1 trial vectors **

     24  0 *    -386.77651784     6.91e-11      0.34
     24  1      -386.66058556     9.39e-10      0.00
    ** throwing out 1 trial vectors **

     25  0 *    -386.77651784     6.90e-11      0.35
     25  1      -386.66058556     5.38e-10      0.00
    ** throwing out 1 trial vectors **

     26  0 *    -386.77651784     6.90e-11      0.35
     26  1      -386.66058556     3.05e-10      0.00
    ** throwing out 1 trial vectors **

     27  0 *    -386.77651784     6.90e-11      0.34
     27  1      -386.66058556     1.74e-10      0.00
    ** throwing out 1 trial vectors **

     28  0 *    -386.77651784     6.90e-11      0.34
     28  1      -386.66058556     1.02e-10      0.00
    ** throwing out 1 trial vectors **

     29  0 *    -386.77651784     6.89e-11      0.24
     29  1 *    -386.66058556     6.03e-11      0.00

     * ci vector   0, <S^2> = 0.0000, E =     -386.77651784
       222222......     0.8167420618
       22222ab.....     0.2617443959
       22222ba.....     0.2617443959
       22222..2....    -0.0789571179
       2222.2.2....    -0.0710791536
       222.22..2...    -0.0673559970
       222a2bb.a...     0.0528985366
       222b2aa.b...     0.0528985366
       22.222.2....    -0.0514896714
       22.222...2..    -0.0510582827

     * ci vector   1, <S^2> = 0.0000, E =     -386.66058556
       22222ab.....    -0.5648677661
       22222ba.....    -0.5648677661
       222222......     0.3570931930
       2222abba....     0.0797684639
       2222baab....     0.0797684639
       22222..2....    -0.0787416750
       222a2bb.a...    -0.0651519090
       222b2aa.b...    -0.0651519090
       2b222a2.....    -0.0642181264
       2a222b2.....    -0.0642181264
       2222.ab2....     0.0610778875
       2222.ba2....     0.0610778875
       2222aabb....    -0.0587364085
       2222bbaa....    -0.0587364085
       222.2ab.2...     0.0529629215
       222.2ba.2...     0.0529629215
       - FCI and RDMs                             17.76
    * Integral transformation done. Elapsed time: 0.09

       - jop, kop                                  0.00
       - denom                                     0.02
     guess   0:   closed 111111......         open ............        
     guess   1:   closed 11111.......         open .....11.....        

  === FCI iteration ===

      0  0      -386.63741182     3.73e-04      0.65
      0  1      -386.51693998     3.72e-04      0.00

      1  0      -386.74865667     1.88e-04      0.63
      1  1      -386.62631636     1.94e-04      0.00

      2  0      -386.77107714     9.22e-05      0.63
      2  1      -386.65147641     1.01e-04      0.00

      3  0      -386.77563268     3.98e-05      0.64
      3  1      -386.65766749     5.47e-05      0.00

      4  0      -386.77636758     1.63e-05      0.64
      4  1      -386.65951086     3.22e-05      0.00

      5  0      -386.77648384     7.05e-06      0.64
      5  1      -386.66019063     2.04e-05      0.00

      6  0      -386.77650721     3.49e-06      0.62
      6  1      -386.66044221     1.22e-05      0.00

      7  0      -386.77651299     1.88e-06      0.61
      7  1      -386.66052794     6.86e-06      0.00

      8  0      -386.77651469     9.58e-07      0.62
      8  1      -386.66055935     4.50e-06      0.00

      9  0      -386.77651515     5.09e-07      0.62
      9  1      -386.66057502     3.39e-06      0.00

     10  0      -386.77651528     2.66e-07      0.62
     10  1      -386.66058295     2.29e-06      0.00

     11  0      -386.77651532     1.26e-07      0.62
     11  1      -386.66058624     1.40e-06      0.00

     12  0      -386.77651532     5.91e-08      0.62
     12  1      -386.66058746     8.51e-07      0.00

     13  0      -386.77651532     2.86e-08      0.62
     13  1      -386.66058790     5.05e-07      0.00

     14  0      -386.77651532     1.41e-08      0.62
     14  1      -386.66058803     2.75e-07      0.00

     15  0      -386.77651532     6.92e-09      0.62
     15  1      -386.66058807     1.48e-07      0.00

     16  0      -386.77651532     3.30e-09      0.62
     16  1      -386.66058808     8.51e-08      0.00

     17  0      -386.77651532     1.68e-09      0.63
     17  1      -386.66058809     5.39e-08      0.00

     18  0      -386.77651532     8.68e-10      0.63
     18  1      -386.66058809     3.40e-08      0.00

     19  0      -386.77651532     4.31e-10      0.63
     19  1      -386.66058809     2.01e-08      0.00
    ** throwing out 2 trial vectors **

     20  0      -386.77651532     2.04e-10      0.64
     20  1      -386.66058809     1.13e-08      0.00
    ** throwing out 2 trial vectors **

     21  0 *    -386.77651532     8.99e-11      0.54
     21  1      -386.66058809     6.09e-09      0.00
    ** throwing out 1 trial vectors **

     22  0 *    -386.77651532     7.30e-11      0.33
     22  1      -386.66058809     3.20e-09      0.00
    ** throwing out 1 trial vectors **

     23  0 *    -386.77651532     6.96e-11      0.33
     23  1      -386.66058809     1.70e-09      0.00
    ** throwing out 1 trial vectors **

     24  0 *    -386.77651532     6.91e-11      0.33
     24  1      -386.66058809     9.39e-10      0.00
    ** throwing out 1 trial vectors **

     25  0 *    -386.77651532     6.90e-11      0.33
     25  1      -386.66058809     5.37e-10      0.00
    ** throwing out 1 trial vectors **

     26  0 *    -386.77651532     6.90e-11      0.33
     26  1      -386.66058809     3.04e-10      0.00
    ** throwing out 1 trial vectors **

     27  0 *    -386.77651532     6.91e-11      0.33
     27  1      -386.66058809     1.74e-10      0.00
    ** throwing out 1 trial vectors **

     28  0 *    -386.77651532     6.91e-11      0.33
     28  1      -386.66058809     1.02e-10      0.00
    ** throwing out 1 trial vectors **

     29  0 *    -386.77651532     6.90e-11      0.23
     29  1 *    -386.66058809     6.02e-11      0.00

     * ci vector   0, <S^2> = -0.0000, E =     -386.77651532
       222222......     0.8167789145
       22222ab.....     0.2616759312
       22222ba.....     0.2616759312
       22222..2....    -0.0789845004
       2222.2.2....    -0.0710508206
       222.22..2...    -0.0673570030
       222a2bb.a...     0.0528886129
       222b2aa.b...     0.0528886129
       22.222.2....    -0.0514835635
       22.222...2..    -0.0510359113

     * ci vector   1, <S^2> = 0.0000, E =     -386.66058809
       22222ba.....    -0.5648933397
       22222ab.....    -0.5648933397
       222222......     0.3570075226
       2222baab....     0.0797669813
       2222abba....     0.0797669813
       22222..2....    -0.0787539520
       222b2aa.b...    -0.0651481169
       222a2bb.a...    -0.0651481169
       2a222b2.....     0.0642123812
       2b222a2.....     0.0642123812
       2222.ba2....     0.0610619988
       2222.ab2....     0.0610619988
       2222bbaa....    -0.0587257555
       2222aabb....    -0.0587257555
       222.2ba.2...     0.0529603391
       222.2ab.2...     0.0529603391
       - FCI and RDMs                             17.84
    * Integral transformation done. Elapsed time: 0.08

       - jop, kop                                  0.00
       - denom                                     0.02
     guess   0:   closed 111111......         open ............        
     guess   1:   closed 11111.......         open .....11.....        

  === FCI iteration ===

      0  0      -386.63740894     3.73e-04      0.60
      0  1      -386.51693832     3.72e-04      0.00

      1  0      -386.74865399     1.88e-04      0.60
      1  1      -386.62631609     1.94e-04      0.00

      2  0      -386.77107528     9.22e-05      0.60
      2  1      -386.65147751     1.01e-04      0.00

      3  0      -386.77563114     3.98e-05      0.60
      3  1      -386.65766888     5.47e-05      0.00

      4  0      -386.77636614     1.63e-05      0.61
      4  1      -386.65951230     3.22e-05      0.00

      5  0      -386.77648243     7.05e-06      0.60
      5  1      -386.66019205     2.04e-05      0.00

      6  0      -386.77650579     3.49e-06      0.61
      6  1      -386.66044362     1.22e-05      0.00

      7  0      -386.77651157     1.88e-06      0.61
      7  1      -386.66052936     6.86e-06      0.00

      8  0      -386.77651328     9.58e-07      0.61
      8  1      -386.66056076     4.51e-06      0.00

      9  0      -386.77651374     5.09e-07      0.60
      9  1      -386.66057643     3.39e-06      0.00

     10  0      -386.77651387     2.66e-07      0.61
     10  1      -386.66058437     2.29e-06      0.00

     11  0      -386.77651390     1.26e-07      0.63
     11  1      -386.66058765     1.40e-06      0.00

     12  0      -386.77651391     5.91e-08      0.62
     12  1      -386.66058888     8.51e-07      0.00

     13  0      -386.77651391     2.86e-08      0.62
     13  1      -386.66058931     5.05e-07      0.00

     14  0      -386.77651391     1.41e-08      0.62
     14  1      -386.66058945     2.76e-07      0.00

     15  0      -386.77651391     6.92e-09      0.62
     15  1      -386.66058949     1.48e-07      0.00

     16  0      -386.77651391     3.31e-09      0.62
     16  1      -386.66058950     8.51e-08      0.00

     17  0      -386.77651391     1.68e-09      0.63
     17  1      -386.66058950     5.39e-08      0.00

     18  0      -386.77651391     8.69e-10      0.64
     18  1      -386.66058951     3.40e-08      0.00

     19  0      -386.77651391     4.31e-10      0.63
     19  1      -386.66058951     2.02e-08      0.00
    ** throwing out 2 trial vectors **

     20  0      -386.77651391     2.04e-10      0.65
     20  1      -386.66058951     1.13e-08      0.00
    ** throwing out 2 trial vectors **

     21  0 *    -386.77651391     8.99e-11      0.54
     21  1      -386.66058951     6.09e-09      0.00
    ** throwing out 1 trial vectors **

     22  0 *    -386.77651391     7.30e-11      0.34
     22  1      -386.66058951     3.20e-09      0.00
    ** throwing out 1 trial vectors **

     23  0 *    -386.77651391     6.97e-11      0.34
     23  1      -386.66058951     1.70e-09      0.00
    ** throwing out 1 trial vectors **

     24  0 *    -386.77651391     6.92e-11      0.34
     24  1      -386.66058951     9.38e-10      0.00
    ** throwing out 1 trial vectors **

     25  0 *    -386.77651391     6.91e-11      0.34
     25  1      -386.66058951     5.37e-10      0.00
    ** throwing out 1 trial vectors **

     26  0 *    -386.77651391     6.91e-11      0.34
     26  1      -386.66058951     3.04e-10      0.00
    ** throwing out 1 trial vectors **

     27  0 *    -386.77651391     6.91e-11      0.34
     27  1      -386.66058951     1.73e-10      0.00
    ** throwing out 1 trial vectors **

     28  0 *    -386.77651391     6.91e-11      0.34
     28  1      -386.66058951     1.02e-10      0.00
    ** throwing out 1 trial vectors **

     29  0 *    -386.77651391     6.90e-11      0.24
     29  1 *    -386.66058951     6.02e-11      0.00

     * ci vector   0, <S^2> = -0.0000, E =     -386.77651391
       222222......     0.8167977693
       22222ba.....     0.2616409331
       22222ab.....     0.2616409331
       22222..2....    -0.0789981135
       2222.2.2....    -0.0710362333
       222.22..2...    -0.0673578925
       222b2aa.b...     0.0528836127
       222a2bb.a...     0.0528836127
       22.222.2....    -0.0514808336
       22.222...2..    -0.0510238122

     * ci vector   1, <S^2> = -0.0000, E =     -386.66058951
       22222ba.....    -0.5649064054
       22222ab.....    -0.5649064054
       222222......     0.3569635910
       2222baab....     0.0797659505
       2222abba....     0.0797659505
       22222..2....    -0.0787598424
       222b2aa.b...    -0.0651461523
       222a2bb.a...    -0.0651461523
       2a222b2.....     0.0642110224
       2b222a2.....     0.0642110224
       2222.ba2....     0.0610536407
       2222.ab2....     0.0610536407
       2222bbaa....    -0.0587197440
       2222aabb....    -0.0587197440
       222.2ba.2...     0.0529592051
       222.2ab.2...     0.0529592051
       - FCI and RDMs                             17.64
    * Integral transformation done. Elapsed time: 0.08

       - jop, kop                                  0.00
       - denom                                     0.02
     guess   0:   closed 111111......         open ............        
     guess   1:   closed 11111.......         open .....11.....        

  === FCI iteration ===

      0  0      -386.63740739     3.73e-04      0.60
      0  1      -386.51693745     3.72e-04      0.00

      1  0      -386.74865255     1.88e-04      0.61
      1  1      -386.62631603     1.94e-04      0.00

      2  0      -386.77107425     9.22e-05      0.61
      2  1      -386.65147816     1.01e-04      0.00

      3  0      -386.77563028     3.98e-05      0.62
      3  1      -386.65766967     5.47e-05      0.00

      4  0      -386.77636534     1.63e-05      0.61
      4  1      -386.65951310     3.22e-05      0.00

      5  0      -386.77648164     7.05e-06      0.61
      5  1      -386.66019284     2.04e-05      0.00

      6  0      -386.77650501     3.49e-06      0.61
      6  1      -386.66044441     1.22e-05      0.00

      7  0      -386.77651079     1.88e-06      0.62
      7  1      -386.66053014     6.86e-06      0.00

      8  0      -386.77651249     9.58e-07      0.62
      8  1      -386.66056155     4.51e-06      0.00

      9  0      -386.77651295     5.09e-07      0.62
      9  1      -386.66057721     3.40e-06      0.00

     10  0      -386.77651309     2.66e-07      0.62
     10  1      -386.66058515     2.29e-06      0.00

     11  0      -386.77651312     1.26e-07      0.62
     11  1      -386.66058844     1.40e-06      0.00

     12  0      -386.77651313     5.91e-08      0.62
     12  1      -386.66058966     8.51e-07      0.00

     13  0      -386.77651313     2.86e-08      0.62
     13  1      -386.66059010     5.05e-07      0.00

     14  0      -386.77651313     1.41e-08      0.62
     14  1      -386.66059023     2.76e-07      0.00

     15  0      -386.77651313     6.92e-09      0.63
     15  1      -386.66059027     1.48e-07      0.00

     16  0      -386.77651313     3.31e-09      0.63
     16  1      -386.66059028     8.52e-08      0.00

     17  0      -386.77651313     1.68e-09      0.63
     17  1      -386.66059029     5.39e-08      0.00

     18  0      -386.77651313     8.69e-10      0.63
     18  1      -386.66059029     3.40e-08      0.00

     19  0      -386.77651313     4.31e-10      0.63
     19  1      -386.66059029     2.02e-08      0.00
    ** throwing out 2 trial vectors **

     20  0      -386.77651313     2.04e-10      0.64
     20  1      -386.66059029     1.13e-08      0.00
    ** throwing out 2 trial vectors **

     21  0 *    -386.77651313     8.99e-11      0.54
     21  1      -386.66059029     6.09e-09      0.00
    ** throwing out 1 trial vectors **

     22  0 *    -386.77651313     7.30e-11      0.34
     22  1      -386.66059029     3.20e-09      0.00
    ** throwing out 1 trial vectors **

     23  0 *    -386.77651313     6.97e-11      0.33
     23  1      -386.66059029     1.70e-09      0.00
    ** throwing out 1 trial vectors **

     24  0 *    -386.77651313     6.92e-11      0.34
     24  1      -386.66059029     9.38e-10      0.00
    ** throwing out 1 trial vectors **

     25  0 *    -386.77651313     6.91e-11      0.34
     25  1      -386.66059029     5.37e-10      0.00
    ** throwing out 1 trial vectors **

     26  0 *    -386.77651313     6.91e-11      0.34
     26  1      -386.66059029     3.04e-10      0.00
    ** throwing out 1 trial vectors **

     27  0 *    -386.77651313     6.92e-11      0.34
     27  1      -386.66059029     1.73e-10      0.00
    ** throwing out 1 trial vectors **

     28  0 *    -386.77651313     6.91e-11      0.34
     28  1      -386.66059029     1.02e-10      0.00
    ** throwing out 1 trial vectors **

     29  0 *    -386.77651313     6.90e-11      0.24
     29  1 *    -386.66059029     6.02e-11      0.00

     * ci vector   0, <S^2> = 0.0000, E =     -386.77651313
       222222......    -0.8168075933
       22222ab.....    -0.2616227138
       22222ba.....    -0.2616227138
       22222..2....     0.0790049469
       2222.2.2....     0.0710286559
       222.22..2...     0.0673584946
       222a2bb.a...     0.0528810377
       222b2aa.b...     0.0528810377
       22.222.2....     0.0514796108
       22.222...2..     0.0510172528

     * ci vector   1, <S^2> = -0.0000, E =     -386.66059029
       22222ab.....     0.5649132360
       22222ba.....     0.5649132360
       222222......    -0.3569406712
       2222abba....    -0.0797652700
       2222baab....    -0.0797652700
       22222..2....     0.0787626438
       222a2bb.a...    -0.0651450949
       222b2aa.b...    -0.0651450949
       2b222a2.....    -0.0642109430
       2a222b2.....    -0.0642109430
       2222.ab2....    -0.0610492073
       2222.ba2....    -0.0610492073
       2222aabb....     0.0587163838
       2222bbaa....     0.0587163838
       222.2ab.2...    -0.0529586803
       222.2ba.2...    -0.0529586803
       - FCI and RDMs                             17.72
    * Integral transformation done. Elapsed time: 0.08

       - jop, kop                                  0.00
       - denom                                     0.02
     guess   0:   closed 111111......         open ............        
     guess   1:   closed 11111.......         open .....11.....        

  === FCI iteration ===

      0  0      -386.63740655     3.73e-04      0.60
      0  1      -386.51693700     3.72e-04      0.00

      1  0      -386.74865176     1.88e-04      0.61
      1  1      -386.62631604     1.94e-04      0.00

      2  0      -386.77107369     9.22e-05      0.61
      2  1      -386.65147853     1.01e-04      0.00

      3  0      -386.77562981     3.98e-05      0.61
      3  1      -386.65767011     5.47e-05      0.00

      4  0      -386.77636490     1.63e-05      0.61
      4  1      -386.65951354     3.22e-05      0.00

      5  0      -386.77648121     7.05e-06      0.61
      5  1      -386.66019327     2.04e-05      0.00

      6  0      -386.77650458     3.49e-06      0.61
      6  1      -386.66044484     1.22e-05      0.00

      7  0      -386.77651036     1.88e-06      0.62
      7  1      -386.66053057     6.86e-06      0.00

      8  0      -386.77651206     9.58e-07      0.62
      8  1      -386.66056198     4.51e-06      0.00

      9  0      -386.77651252     5.09e-07      0.62
      9  1      -386.66057765     3.40e-06      0.00

     10  0      -386.77651266     2.66e-07      0.61
     10  1      -386.66058559     2.29e-06      0.00

     11  0      -386.77651269     1.26e-07      0.62
     11  1      -386.66058887     1.40e-06      0.00

     12  0      -386.77651270     5.91e-08      0.62
     12  1      -386.66059009     8.51e-07      0.00

     13  0      -386.77651270     2.86e-08      0.63
     13  1      -386.66059053     5.05e-07      0.00

     14  0      -386.77651270     1.41e-08      0.63
     14  1      -386.66059067     2.76e-07      0.00

     15  0      -386.77651270     6.92e-09      0.62
     15  1      -386.66059070     1.48e-07      0.00

     16  0      -386.77651270     3.31e-09      0.63
     16  1      -386.66059072     8.52e-08      0.00

     17  0      -386.77651270     1.68e-09      0.62
     17  1      -386.66059072     5.39e-08      0.00

     18  0      -386.77651270     8.69e-10      0.63
     18  1      -386.66059072     3.40e-08      0.00

     19  0      -386.77651270     4.31e-10      0.63
     19  1      -386.66059072     2.02e-08      0.00
    ** throwing out 2 trial vectors **

     20  0      -386.77651270     2.04e-10      0.64
     20  1      -386.66059072     1.13e-08      0.00
    ** throwing out 2 trial vectors **

     21  0 *    -386.77651270     9.00e-11      0.54
     21  1      -386.66059072     6.09e-09      0.00
    ** throwing out 1 trial vectors **

     22  0 *    -386.77651270     7.30e-11      0.33
     22  1      -386.66059072     3.20e-09      0.00
    ** throwing out 1 trial vectors **

     23  0 *    -386.77651270     6.97e-11      0.34
     23  1      -386.66059072     1.70e-09      0.00
    ** throwing out 1 trial vectors **

     24  0 *    -386.77651270     6.92e-11      0.33
     24  1      -386.66059072     9.38e-10      0.00
    ** throwing out 1 trial vectors **

     25  0 *    -386.77651270     6.91e-11      0.34
     25  1      -386.66059072     5.37e-10      0.00
    ** throwing out 1 trial vectors **

     26  0 *    -386.77651270     6.91e-11      0.34
     26  1      -386.66059072     3.04e-10      0.00
    ** throwing out 1 trial vectors **

     27  0 *    -386.77651270     6.92e-11      0.34
     27  1      -386.66059072     1.73e-10      0.00
    ** throwing out 1 trial vectors **

     28  0 *    -386.77651270     6.91e-11      0.33
     28  1      -386.66059072     1.02e-10      0.00
    ** throwing out 1 trial vectors **

     29  0 *    -386.77651270     6.90e-11      0.24
     29  1 *    -386.66059072     6.02e-11      0.00

     * ci vector   0, <S^2> = 0.0000, E =     -386.77651270
       222222......     0.8168127747
       22222ab.....     0.2616131146
       22222ba.....     0.2616131146
       22222..2....    -0.0790084064
       2222.2.2....    -0.0710246930
       222.22..2...    -0.0673588633
       222a2bb.a...    -0.0528796926
       222b2aa.b...    -0.0528796926
       22.222.2....    -0.0514790643
       22.222...2..    -0.0510136929

     * ci vector   1, <S^2> = -0.0000, E =     -386.66059072
       22222ab.....     0.5649168578
       22222ba.....     0.5649168578
       222222......    -0.3569285787
       2222abba....    -0.0797648394
       2222baab....    -0.0797648394
       22222..2....     0.0787639719
       222a2bb.a...    -0.0651445119
       222b2aa.b...    -0.0651445119
       2b222a2.....    -0.0642111550
       2a222b2.....    -0.0642111550
       2222.ab2....    -0.0610468431
       2222.ba2....    -0.0610468431
       2222aabb....     0.0587145171
       2222bbaa....     0.0587145171
       222.2ab.2...    -0.0529584264
       222.2ba.2...    -0.0529584264
       - FCI and RDMs                             17.68
    * Integral transformation done. Elapsed time: 0.08

       - jop, kop                                  0.00
       - denom                                     0.02
     guess   0:   closed 111111......         open ............        
     guess   1:   closed 11111.......         open .....11.....        

  === FCI iteration ===

      0  0      -386.63740610     3.73e-04      0.60
      0  1      -386.51693676     3.72e-04      0.00

      1  0      -386.74865134     1.88e-04      0.59
      1  1      -386.62631606     1.94e-04      0.00

      2  0      -386.77107339     9.22e-05      0.60
      2  1      -386.65147875     1.01e-04      0.00

      3  0      -386.77562955     3.98e-05      0.60
      3  1      -386.65767035     5.47e-05      0.00

      4  0      -386.77636466     1.63e-05      0.63
      4  1      -386.65951379     3.22e-05      0.00

      5  0      -386.77648097     7.05e-06      0.64
      5  1      -386.66019351     2.04e-05      0.00

      6  0      -386.77650434     3.49e-06      0.63
      6  1      -386.66044508     1.22e-05      0.00

      7  0      -386.77651012     1.88e-06      0.63
      7  1      -386.66053081     6.86e-06      0.00

      8  0      -386.77651182     9.58e-07      0.64
      8  1      -386.66056222     4.50e-06      0.00

      9  0      -386.77651228     5.09e-07      0.64
      9  1      -386.66057788     3.40e-06      0.00

     10  0      -386.77651242     2.66e-07      0.64
     10  1      -386.66058582     2.29e-06      0.00

     11  0      -386.77651245     1.26e-07      0.64
     11  1      -386.66058911     1.40e-06      0.00

     12  0      -386.77651246     5.91e-08      0.64
     12  1      -386.66059033     8.51e-07      0.00

     13  0      -386.77651246     2.86e-08      0.63
     13  1      -386.66059077     5.05e-07      0.00

     14  0      -386.77651246     1.41e-08      0.62
     14  1      -386.66059090     2.76e-07      0.00

     15  0      -386.77651246     6.92e-09      0.62
     15  1      -386.66059094     1.48e-07      0.00

     16  0      -386.77651246     3.31e-09      0.62
     16  1      -386.66059095     8.52e-08      0.00

     17  0      -386.77651246     1.68e-09      0.64
     17  1      -386.66059096     5.39e-08      0.00

     18  0      -386.77651246     8.69e-10      0.65
     18  1      -386.66059096     3.40e-08      0.00

     19  0      -386.77651246     4.31e-10      0.65
     19  1      -386.66059096     2.02e-08      0.00
    ** throwing out 2 trial vectors **

     20  0      -386.77651246     2.04e-10      0.66
     20  1      -386.66059096     1.13e-08      0.00
    ** throwing out 2 trial vectors **

     21  0 *    -386.77651246     9.00e-11      0.56
     21  1      -386.66059096     6.09e-09      0.00
    ** throwing out 1 trial vectors **

     22  0 *    -386.77651246     7.30e-11      0.35
     22  1      -386.66059096     3.20e-09      0.00
    ** throwing out 1 trial vectors **

     23  0 *    -386.77651246     6.97e-11      0.35
     23  1      -386.66059096     1.70e-09      0.00
    ** throwing out 1 trial vectors **

     24  0 *    -386.77651246     6.92e-11      0.35
     24  1      -386.66059096     9.38e-10      0.00
    ** throwing out 1 trial vectors **

     25  0 *    -386.77651246     6.91e-11      0.35
     25  1      -386.66059096     5.37e-10      0.00
    ** throwing out 1 trial vectors **

     26  0 *    -386.77651246     6.91e-11      0.34
     26  1      -386.66059096     3.04e-10      0.00
    ** throwing out 1 trial vectors **

     27  0 *    -386.77651246     6.92e-11      0.35
     27  1      -386.66059096     1.73e-10      0.00
    ** throwing out 1 trial vectors **

     28  0 *    -386.77651246     6.91e-11      0.35
     28  1      -386.66059096     1.02e-10      0.00
    ** throwing out 1 trial vectors **

     29  0 *    -386.77651246     6.90e-11      0.24
     29  1 *    -386.66059096     6.02e-11      0.00

     * ci vector   0, <S^2> = 0.0000, E =     -386.77651246
       222222......    -0.8168155296
       22222ab.....    -0.2616080164
       22222ba.....    -0.2616080164
       22222..2....     0.0790101704
       2222.2.2....     0.0710226095
       222.22..2...     0.0673590781
       222a2bb.a...     0.0528789834
       222b2aa.b...     0.0528789834
       22.222.2....     0.0514788217
       22.222...2..     0.0510117597

     * ci vector   1, <S^2> = -0.0000, E =     -386.66059096
       22222ab.....     0.5649187949
       22222ba.....     0.5649187947
       222222......    -0.3569221512
       2222abba....    -0.0797645757
       2222baab....    -0.0797645757
       22222..2....     0.0787646011
       222a2bb.a...    -0.0651441858
       222b2aa.b...    -0.0651441858
       2b222a2.....    -0.0642113720
       2a222b2.....    -0.0642113719
       2222.ab2....    -0.0610455778
       2222.ba2....    -0.0610455778
       2222aabb....     0.0587134846
       2222bbaa....     0.0587134846
       222.2ab.2...    -0.0529582993
       222.2ba.2...    -0.0529582993
       - FCI and RDMs                             18.03
    * Integral transformation done. Elapsed time: 0.08

       - jop, kop                                  0.00
       - denom                                     0.02
     guess   0:   closed 111111......         open ............        
     guess   1:   closed 11111.......         open .....11.....        

  === FCI iteration ===

      0  0      -386.63740585     3.73e-04      0.59
      0  1      -386.51693664     3.72e-04      0.00

      1  0      -386.74865111     1.88e-04      0.60
      1  1      -386.62631608     1.94e-04      0.00

      2  0      -386.77107322     9.22e-05      0.61
      2  1      -386.65147887     1.01e-04      0.00

      3  0      -386.77562941     3.98e-05      0.60
      3  1      -386.65767049     5.47e-05      0.00

      4  0      -386.77636453     1.63e-05      0.61
      4  1      -386.65951392     3.22e-05      0.00

      5  0      -386.77648084     7.05e-06      0.61
      5  1      -386.66019364     2.04e-05      0.00

      6  0      -386.77650421     3.49e-06      0.61
      6  1      -386.66044521     1.22e-05      0.00

      7  0      -386.77650999     1.88e-06      0.61
      7  1      -386.66053094     6.86e-06      0.00

      8  0      -386.77651169     9.58e-07      0.61
      8  1      -386.66056235     4.50e-06      0.00

      9  0      -386.77651215     5.09e-07      0.61
      9  1      -386.66057801     3.40e-06      0.00

     10  0      -386.77651229     2.66e-07      0.61
     10  1      -386.66058595     2.29e-06      0.00

     11  0      -386.77651232     1.26e-07      0.61
     11  1      -386.66058924     1.40e-06      0.00

     12  0      -386.77651233     5.91e-08      0.62
     12  1      -386.66059046     8.51e-07      0.00

     13  0      -386.77651233     2.86e-08      0.62
     13  1      -386.66059090     5.05e-07      0.00

     14  0      -386.77651233     1.41e-08      0.62
     14  1      -386.66059103     2.76e-07      0.00

     15  0      -386.77651233     6.92e-09      0.62
     15  1      -386.66059107     1.48e-07      0.00

     16  0      -386.77651233     3.31e-09      0.62
     16  1      -386.66059108     8.52e-08      0.00

     17  0      -386.77651233     1.68e-09      0.63
     17  1      -386.66059109     5.39e-08      0.00

     18  0      -386.77651233     8.69e-10      0.62
     18  1      -386.66059109     3.40e-08      0.00

     19  0      -386.77651233     4.31e-10      0.62
     19  1      -386.66059109     2.02e-08      0.00
    ** throwing out 2 trial vectors **

     20  0      -386.77651233     2.04e-10      0.63
     20  1      -386.66059109     1.13e-08      0.00
    ** throwing out 2 trial vectors **

     21  0 *    -386.77651233     9.00e-11      0.53
     21  1      -386.66059109     6.09e-09      0.00
    ** throwing out 1 trial vectors **

     22  0 *    -386.77651233     7.30e-11      0.33
     22  1      -386.66059109     3.20e-09      0.00
    ** throwing out 1 trial vectors **

     23  0 *    -386.77651233     6.97e-11      0.33
     23  1      -386.66059109     1.70e-09      0.00
    ** throwing out 1 trial vectors **

     24  0 *    -386.77651233     6.92e-11      0.34
     24  1      -386.66059109     9.38e-10      0.00
    ** throwing out 1 trial vectors **

     25  0 *    -386.77651233     6.91e-11      0.34
     25  1      -386.66059109     5.37e-10      0.00
    ** throwing out 1 trial vectors **

     26  0 *    -386.77651233     6.91e-11      0.33
     26  1      -386.66059109     3.04e-10      0.00
    ** throwing out 1 trial vectors **

     27  0 *    -386.77651233     6.92e-11      0.34
     27  1      -386.66059109     1.73e-10      0.00
    ** throwing out 1 trial vectors **

     28  0 *    -386.77651233     6.91e-11      0.34
     28  1      -386.66059109     1.02e-10      0.00
    ** throwing out 1 trial vectors **

     29  0 *    -386.77651233     6.90e-11      0.24
     29  1 *    -386.66059109     6.02e-11      0.00

     * ci vector   0, <S^2> = 0.0000, E =     -386.77651233
       222222......    -0.8168170031
       22222ab.....    -0.2616052932
       22222ba.....    -0.2616052932
       22222..2....     0.0790110755
       2222.2.2....     0.0710215094
       222.22..2...     0.0673591999
       222a2bb.a...    -0.0528786072
       222b2aa.b...    -0.0528786072
       22.222.2....     0.0514787152
       22.222...2..     0.0510107095

     * ci vector   1, <S^2> = -0.0000, E =     -386.66059109
       22222ab.....     0.5649198367
       22222ba.....     0.5649198364
       222222......    -0.3569187168
       2222abba....    -0.0797644180
       2222baab....    -0.0797644180
       22222..2....     0.0787648992
       222a2bb.a...     0.0651440023
       222b2aa.b...     0.0651440023
       2b222a2.....    -0.0642115318
       2a222b2.....    -0.0642115318
       2222.ab2....    -0.0610448988
       2222.ba2....    -0.0610448987
       2222aabb....     0.0587129152
       2222bbaa....     0.0587129152
       222.2ab.2...    -0.0529582340
       222.2ba.2...    -0.0529582339
       - FCI and RDMs                             17.58
    * Integral transformation done. Elapsed time: 0.08

       - jop, kop                                  0.00
       - denom                                     0.02
     guess   0:   closed 111111......         open ............        
     guess   1:   closed 11111.......         open .....11.....        

  === FCI iteration ===

      0  0      -386.63740572     3.73e-04      0.60
      0  1      -386.51693658     3.72e-04      0.00

      1  0      -386.74865099     1.88e-04      0.61
      1  1      -386.62631609     1.94e-04      0.00

      2  0      -386.77107313     9.22e-05      0.61
      2  1      -386.65147894     1.01e-04      0.00

      3  0      -386.77562934     3.98e-05      0.61
      3  1      -386.65767056     5.47e-05      0.00

      4  0      -386.77636445     1.63e-05      0.61
      4  1      -386.65951400     3.22e-05      0.00

      5  0      -386.77648077     7.05e-06      0.61
      5  1      -386.66019372     2.04e-05      0.00

      6  0      -386.77650414     3.49e-06      0.61
      6  1      -386.66044528     1.22e-05      0.00

      7  0      -386.77650992     1.88e-06      0.62
      7  1      -386.66053101     6.86e-06      0.00

      8  0      -386.77651162     9.58e-07      0.62
      8  1      -386.66056242     4.50e-06      0.00

      9  0      -386.77651208     5.09e-07      0.62
      9  1      -386.66057809     3.40e-06      0.00

     10  0      -386.77651222     2.66e-07      0.62
     10  1      -386.66058603     2.29e-06      0.00

     11  0      -386.77651225     1.26e-07      0.62
     11  1      -386.66058931     1.40e-06      0.00

     12  0      -386.77651226     5.91e-08      0.63
     12  1      -386.66059053     8.51e-07      0.00

     13  0      -386.77651226     2.86e-08      0.62
     13  1      -386.66059097     5.05e-07      0.00

     14  0      -386.77651226     1.41e-08      0.63
     14  1      -386.66059111     2.76e-07      0.00

     15  0      -386.77651226     6.92e-09      0.63
     15  1      -386.66059114     1.48e-07      0.00

     16  0      -386.77651226     3.31e-09      0.63
     16  1      -386.66059116     8.52e-08      0.00

     17  0      -386.77651226     1.68e-09      0.63
     17  1      -386.66059116     5.39e-08      0.00

     18  0      -386.77651226     8.69e-10      0.63
     18  1      -386.66059116     3.40e-08      0.00

     19  0      -386.77651226     4.31e-10      0.63
     19  1      -386.66059116     2.02e-08      0.00
    ** throwing out 2 trial vectors **

     20  0      -386.77651226     2.04e-10      0.64
     20  1      -386.66059116     1.13e-08      0.00
    ** throwing out 2 trial vectors **

     21  0 *    -386.77651226     9.00e-11      0.54
     21  1      -386.66059116     6.09e-09      0.00
    ** throwing out 1 trial vectors **

     22  0 *    -386.77651226     7.30e-11      0.34
     22  1      -386.66059116     3.20e-09      0.00
    ** throwing out 1 trial vectors **

     23  0 *    -386.77651226     6.97e-11      0.34
     23  1      -386.66059116     1.70e-09      0.00
    ** throwing out 1 trial vectors **

     24  0 *    -386.77651226     6.92e-11      0.34
     24  1      -386.66059116     9.38e-10      0.00
    ** throwing out 1 trial vectors **

     25  0 *    -386.77651226     6.91e-11      0.33
     25  1      -386.66059116     5.37e-10      0.00
    ** throwing out 1 trial vectors **

     26  0 *    -386.77651226     6.91e-11      0.34
     26  1      -386.66059116     3.04e-10      0.00
    ** throwing out 1 trial vectors **

     27  0 *    -386.77651226     6.92e-11      0.34
     27  1      -386.66059116     1.73e-10      0.00
    ** throwing out 1 trial vectors **

     28  0 *    -386.77651226     6.92e-11      0.33
     28  1      -386.66059116     1.02e-10      0.00
    ** throwing out 1 trial vectors **

     29  0 *    -386.77651226     6.90e-11      0.24
     29  1 *    -386.66059116     6.02e-11      0.00

     * ci vector   0, <S^2> = 0.0000, E =     -386.77651226
       222222......    -0.8168177942
       22222ab.....    -0.2616038329
       22222ba.....    -0.2616038329
       22222..2....     0.0790115424
       2222.2.2....     0.0710209265
       222.22..2...     0.0673592678
       222a2bb.a...    -0.0528784066
       222b2aa.b...    -0.0528784066
       22.222.2....     0.0514786693
       22.222...2..     0.0510101389

     * ci vector   1, <S^2> = 0.0000, E =     -386.66059116
       22222ba.....     0.5649203989
       22222ab.....     0.5649203989
       222222......    -0.3569168748
       2222baab....    -0.0797643254
       2222abba....    -0.0797643254
       22222..2....     0.0787650404
       222b2aa.b...     0.0651438989
       222a2bb.a...     0.0651438989
       2a222b2.....    -0.0642116364
       2b222a2.....    -0.0642116364
       2222.ba2....    -0.0610445336
       2222.ab2....    -0.0610445336
       2222bbaa....     0.0587126020
       2222aabb....     0.0587126020
       222.2ba.2...    -0.0529581997
       222.2ab.2...    -0.0529581997
       - FCI and RDMs                             17.75
    * Integral transformation done. Elapsed time: 0.08

       - jop, kop                                  0.00
       - denom                                     0.02
     guess   0:   closed 111111......         open ............        
     guess   1:   closed 11111.......         open .....11.....        

  === FCI iteration ===

      0  0      -386.63740565     3.73e-04      0.60
      0  1      -386.51693654     3.72e-04      0.00

      1  0      -386.74865092     1.88e-04      0.61
      1  1      -386.62631611     1.94e-04      0.00

      2  0      -386.77107308     9.22e-05      0.61
      2  1      -386.65147897     1.01e-04      0.00

      3  0      -386.77562929     3.98e-05      0.61
      3  1      -386.65767060     5.47e-05      0.00

      4  0      -386.77636441     1.63e-05      0.61
      4  1      -386.65951404     3.22e-05      0.00

      5  0      -386.77648073     7.05e-06      0.61
      5  1      -386.66019376     2.04e-05      0.00

      6  0      -386.77650410     3.49e-06      0.61
      6  1      -386.66044532     1.22e-05      0.00

      7  0      -386.77650988     1.88e-06      0.61
      7  1      -386.66053105     6.86e-06      0.00

      8  0      -386.77651158     9.58e-07      0.61
      8  1      -386.66056246     4.50e-06      0.00

      9  0      -386.77651204     5.09e-07      0.62
      9  1      -386.66057812     3.40e-06      0.00

     10  0      -386.77651218     2.66e-07      0.62
     10  1      -386.66058606     2.29e-06      0.00

     11  0      -386.77651221     1.26e-07      0.62
     11  1      -386.66058935     1.40e-06      0.00

     12  0      -386.77651222     5.91e-08      0.62
     12  1      -386.66059057     8.51e-07      0.00

     13  0      -386.77651222     2.86e-08      0.62
     13  1      -386.66059101     5.05e-07      0.00

     14  0      -386.77651222     1.41e-08      0.63
     14  1      -386.66059114     2.76e-07      0.00

     15  0      -386.77651222     6.92e-09      0.63
     15  1      -386.66059118     1.48e-07      0.00

     16  0      -386.77651222     3.31e-09      0.63
     16  1      -386.66059120     8.52e-08      0.00

     17  0      -386.77651222     1.68e-09      0.63
     17  1      -386.66059120     5.39e-08      0.00

     18  0      -386.77651222     8.69e-10      0.63
     18  1      -386.66059120     3.40e-08      0.00

     19  0      -386.77651222     4.31e-10      0.63
     19  1      -386.66059120     2.02e-08      0.00
    ** throwing out 2 trial vectors **

     20  0      -386.77651222     2.04e-10      0.64
     20  1      -386.66059120     1.13e-08      0.00
    ** throwing out 2 trial vectors **

     21  0 *    -386.77651222     9.00e-11      0.54
     21  1      -386.66059120     6.09e-09      0.00
    ** throwing out 1 trial vectors **

     22  0 *    -386.77651222     7.30e-11      0.34
     22  1      -386.66059120     3.20e-09      0.00
    ** throwing out 1 trial vectors **

     23  0 *    -386.77651222     6.97e-11      0.34
     23  1      -386.66059120     1.70e-09      0.00
    ** throwing out 1 trial vectors **

     24  0 *    -386.77651222     6.92e-11      0.34
     24  1      -386.66059120     9.38e-10      0.00
    ** throwing out 1 trial vectors **

     25  0 *    -386.77651222     6.91e-11      0.34
     25  1      -386.66059120     5.37e-10      0.00
    ** throwing out 1 trial vectors **

     26  0 *    -386.77651222     6.91e-11      0.33
     26  1      -386.66059120     3.04e-10      0.00
    ** throwing out 1 trial vectors **

     27  0 *    -386.77651222     6.92e-11      0.33
     27  1      -386.66059120     1.73e-10      0.00
    ** throwing out 1 trial vectors **

     28  0 *    -386.77651222     6.92e-11      0.34
     28  1      -386.66059120     1.02e-10      0.00
    ** throwing out 1 trial vectors **

     29  0 *    -386.77651222     6.90e-11      0.24
     29  1 *    -386.66059120     6.02e-11      0.00

     * ci vector   0, <S^2> = -0.0000, E =     -386.77651222
       222222......    -0.8168182196
       22222ab.....    -0.2616030483
       22222ba.....    -0.2616030483
       22222..2....     0.0790117844
       2222.2.2....     0.0710206167
       222.22..2...     0.0673593052
       222a2bb.a...    -0.0528782995
       222b2aa.b...    -0.0528782995
       22.222.2....     0.0514786500
       22.222...2..     0.0510098287

     * ci vector   1, <S^2> = -0.0000, E =     -386.66059120
       22222ab.....     0.5649207029
       22222ba.....     0.5649207028
       222222......    -0.3569158852
       2222abba....    -0.0797642719
       2222baab....    -0.0797642719
       22222..2....     0.0787651073
       222a2bb.a...     0.0651438405
       222b2aa.b...     0.0651438405
       2b222a2.....    -0.0642117006
       2a222b2.....    -0.0642117006
       2222.ab2....    -0.0610443370
       2222.ba2....    -0.0610443370
       2222aabb....     0.0587124301
       2222bbaa....     0.0587124301
       222.2ab.2...    -0.0529581815
       222.2ba.2...    -0.0529581815
       - FCI and RDMs                             17.70
