    * Using parallel algorithm in FCI.
    * Parallel algorithm will be used.
  ---------------------------
        FCI calculation      
  ---------------------------

 Constructing space of all determinants that can formed by removing 1 electron from 6 alpha and 6 beta electrons.

 Space is made up of 4 determinants.
  o forming links
    * Integral transformation done. Elapsed time: 0.09

       - jop, kop                                  0.00
       - denom                                     0.02
     guess   0:   closed 111111......         open ............        
     guess   1:   closed 11111.......         open .....11.....        

  === FCI iteration ===

      0  0      -386.76369718     3.75e-04      0.61
      0  1      -386.51727769     3.99e-04      0.00

      1  0      -386.87590637     1.89e-04      0.60
      1  1      -386.64966367     2.46e-04      0.00

      2  0      -386.89814446     9.57e-05      0.61
      2  1      -386.69648804     1.61e-04      0.00

      3  0      -386.90290604     4.48e-05      0.60
      3  1      -386.71653942     1.12e-04      0.00

      4  0      -386.90376103     2.05e-05      0.62
      4  1      -386.72533347     7.32e-05      0.00

      5  0      -386.90392896     9.33e-06      0.63
      5  1      -386.72879610     4.76e-05      0.00

      6  0      -386.90396139     4.22e-06      0.63
      6  1      -386.73020345     3.13e-05      0.00

      7  0      -386.90396802     1.95e-06      0.61
      7  1      -386.73079557     2.12e-05      0.00

      8  0      -386.90396948     9.92e-07      0.61
      8  1      -386.73107673     1.55e-05      0.00

      9  0      -386.90396987     5.12e-07      0.61
      9  1      -386.73121955     1.15e-05      0.00

     10  0      -386.90396998     2.48e-07      0.62
     10  1      -386.73129591     7.81e-06      0.00

     11  0      -386.90397000     1.15e-07      0.61
     11  1      -386.73132811     4.92e-06      0.00

     12  0      -386.90397001     5.35e-08      0.62
     12  1      -386.73134127     3.10e-06      0.00

     13  0      -386.90397001     2.50e-08      0.63
     13  1      -386.73134622     1.87e-06      0.00

     14  0      -386.90397001     1.15e-08      0.62
     14  1      -386.73134793     1.08e-06      0.00

     15  0      -386.90397001     5.41e-09      0.63
     15  1      -386.73134848     6.16e-07      0.00

     16  0      -386.90397001     2.43e-09      0.63
     16  1      -386.73134867     3.67e-07      0.00

     17  0      -386.90397001     1.04e-09      0.62
     17  1      -386.73134874     2.23e-07      0.00

     18  0      -386.90397001     4.62e-10      0.62
     18  1      -386.73134877     1.48e-07      0.00

     19  0      -386.90397001     2.19e-10      0.63
     19  1      -386.73134878     1.04e-07      0.00
    ** throwing out 2 trial vectors **

     20  0      -386.90397001     1.08e-10      0.64
     20  1      -386.73134879     7.87e-08      0.00
    ** throwing out 2 trial vectors **

     21  0 *    -386.90397001     5.01e-11      0.54
     21  1      -386.73134879     6.59e-08      0.00
    ** throwing out 1 trial vectors **

     22  0 *    -386.90397001     4.83e-11      0.33
     22  1      -386.73134880     5.71e-08      0.00
    ** throwing out 1 trial vectors **

     23  0 *    -386.90397001     4.73e-11      0.34
     23  1      -386.73134880     4.82e-08      0.00
    ** throwing out 1 trial vectors **

     24  0 *    -386.90397001     4.69e-11      0.33
     24  1      -386.73134880     3.79e-08      0.00
    ** throwing out 1 trial vectors **

     25  0 *    -386.90397001     4.67e-11      0.34
     25  1      -386.73134880     2.81e-08      0.00
    ** throwing out 1 trial vectors **

     26  0 *    -386.90397001     4.65e-11      0.33
     26  1      -386.73134880     1.85e-08      0.00
    ** throwing out 1 trial vectors **

     27  0 *    -386.90397001     4.64e-11      0.34
     27  1      -386.73134880     1.12e-08      0.00
    ** throwing out 1 trial vectors **

     28  0 *    -386.90397001     4.63e-11      0.33
     28  1      -386.73134880     6.70e-09      0.00
    ** throwing out 1 trial vectors **

     29  0 *    -386.90397001     4.62e-11      0.34
     29  1      -386.73134880     4.01e-09      0.00
    ** throwing out 1 trial vectors **

     30  0 *    -386.90397001     4.59e-11      0.34
     30  1      -386.73134880     2.36e-09      0.00
    ** throwing out 1 trial vectors **

     31  0 *    -386.90397001     4.58e-11      0.34
     31  1      -386.73134880     1.39e-09      0.00
    ** throwing out 1 trial vectors **

     32  0 *    -386.90397001     4.59e-11      0.34
     32  1      -386.73134880     8.09e-10      0.00
    ** throwing out 1 trial vectors **

     33  0 *    -386.90397001     4.59e-11      0.34
     33  1      -386.73134880     4.65e-10      0.00
    ** throwing out 1 trial vectors **

     34  0 *    -386.90397001     4.59e-11      0.34
     34  1      -386.73134880     2.67e-10      0.00
    ** throwing out 1 trial vectors **

     35  0 *    -386.90397001     4.58e-11      0.33
     35  1      -386.73134880     1.54e-10      0.00
    ** throwing out 1 trial vectors **

     36  0 *    -386.90397001     4.56e-11      0.24
     36  1 *    -386.73134880     9.30e-11      0.00

     * ci vector   0, <S^2> = -0.0000, E =     -386.90397001
       222222......    -0.8999403498
       2222.22.....     0.0816180960
       22222..2....     0.0743471413
       .22222.....2     0.0643125832
       22222.2.....     0.0627666273
       2222bbaa....     0.0611482123
       2222aabb....     0.0611482123
       222.22.2....     0.0551762917
       2222baba....     0.0528471687
       2222abab....     0.0528471687

     * ci vector   1, <S^2> = 0.0000, E =     -386.73134880
       22222ba.....     0.4411955680
       22222ab.....     0.4411955680
       2222a2.b....    -0.3659918711
       2222b2.a....    -0.3659918711
       22222a.b....     0.1356862985
       22222b.a....     0.1356862985
       2222a2b.....     0.1310970426
       2222b2a.....     0.1310970426
       22a22bab....     0.0585511898
       22b22aba....     0.0585511898
       22b222..a...     0.0557400548
       22a222..b...     0.0557400548
       22a22bba....     0.0552313709
       22b22aab....     0.0552313709
       222b22...a..    -0.0550725110
       222a22...b..    -0.0550725110
       22a2b2.2....     0.0541434358
       22b2a2.2....     0.0541434358
       22b2a22.....    -0.0528271704
       22a2b22.....    -0.0528271704
       - FCI and RDMs                             20.05
    * Integral transformation done. Elapsed time: 0.08

       - jop, kop                                  0.00
       - denom                                     0.02
     guess   0:   closed 111111......         open ............        
     guess   1:   closed 11111.......         open .....11.....        

  === FCI iteration ===

      0  0      -386.79298957     3.74e-04      0.59
      0  1      -386.54777529     4.00e-04      0.00

      1  0      -386.90513498     1.88e-04      0.61
      1  1      -386.68028055     2.46e-04      0.00

      2  0      -386.92728199     9.56e-05      0.60
      2  1      -386.72687628     1.60e-04      0.00

      3  0      -386.93203711     4.47e-05      0.60
      3  1      -386.74647668     1.11e-04      0.00

      4  0      -386.93288995     2.05e-05      0.60
      4  1      -386.75493294     7.13e-05      0.00

      5  0      -386.93305851     9.35e-06      0.60
      5  1      -386.75819659     4.60e-05      0.00

      6  0      -386.93309129     4.22e-06      0.60
      6  1      -386.75950412     2.99e-05      0.00

      7  0      -386.93309800     1.96e-06      0.60
      7  1      -386.76004805     2.02e-05      0.00

      8  0      -386.93309948     1.01e-06      0.63
      8  1      -386.76030826     1.47e-05      0.00

      9  0      -386.93309989     5.25e-07      0.64
      9  1      -386.76044015     1.11e-05      0.00

     10  0      -386.93310001     2.55e-07      0.64
     10  1      -386.76050992     7.51e-06      0.00

     11  0      -386.93310003     1.18e-07      0.64
     11  1      -386.76053985     4.80e-06      0.00

     12  0      -386.93310004     5.43e-08      0.64
     12  1      -386.76055260     3.12e-06      0.00

     13  0      -386.93310004     2.53e-08      0.66
     13  1      -386.76055786     1.98e-06      0.00

     14  0      -386.93310004     1.16e-08      0.67
     14  1      -386.76055994     1.25e-06      0.00

     15  0      -386.93310004     5.37e-09      0.67
     15  1      -386.76056080     8.46e-07      0.00

     16  0      -386.93310004     2.42e-09      0.65
     16  1      -386.76056125     6.52e-07      0.00

     17  0      -386.93310004     1.06e-09      0.65
     17  1      -386.76056156     5.76e-07      0.00

     18  0      -386.93310004     4.85e-10      0.63
     18  1      -386.76056183     5.46e-07      0.00

     19  0      -386.93310004     2.32e-10      0.62
     19  1      -386.76056204     4.57e-07      0.00
    ** throwing out 2 trial vectors **

     20  0      -386.93310004     1.09e-10      0.64
     20  1      -386.76056217     3.29e-07      0.00
    ** throwing out 2 trial vectors **

     21  0 *    -386.93310004     4.76e-11      0.54
     21  1      -386.76056224     2.24e-07      0.00
    ** throwing out 1 trial vectors **

     22  0 *    -386.93310004     4.55e-11      0.34
     22  1      -386.76056226     1.50e-07      0.00
    ** throwing out 1 trial vectors **

     23  0 *    -386.93310004     4.50e-11      0.34
     23  1      -386.76056228     9.69e-08      0.00
    ** throwing out 1 trial vectors **

     24  0 *    -386.93310004     4.50e-11      0.33
     24  1      -386.76056228     6.26e-08      0.00
    ** throwing out 1 trial vectors **

     25  0 *    -386.93310004     4.51e-11      0.34
     25  1      -386.76056229     4.00e-08      0.00
    ** throwing out 1 trial vectors **

     26  0 *    -386.93310004     4.51e-11      0.33
     26  1      -386.76056229     2.42e-08      0.00
    ** throwing out 1 trial vectors **

     27  0 *    -386.93310004     4.51e-11      0.33
     27  1      -386.76056229     1.40e-08      0.00
    ** throwing out 1 trial vectors **

     28  0 *    -386.93310004     4.51e-11      0.33
     28  1      -386.76056229     8.09e-09      0.00
    ** throwing out 1 trial vectors **

     29  0 *    -386.93310004     4.50e-11      0.33
     29  1      -386.76056229     4.70e-09      0.00
    ** throwing out 1 trial vectors **

     30  0 *    -386.93310004     4.49e-11      0.33
     30  1      -386.76056229     2.76e-09      0.00
    ** throwing out 1 trial vectors **

     31  0 *    -386.93310004     4.49e-11      0.33
     31  1      -386.76056229     1.61e-09      0.00
    ** throwing out 1 trial vectors **

     32  0 *    -386.93310004     4.49e-11      0.33
     32  1      -386.76056229     9.32e-10      0.00
    ** throwing out 1 trial vectors **

     33  0 *    -386.93310004     4.49e-11      0.33
     33  1      -386.76056229     5.28e-10      0.00
    ** throwing out 1 trial vectors **

     34  0 *    -386.93310004     4.49e-11      0.34
     34  1      -386.76056229     2.98e-10      0.00
    ** throwing out 1 trial vectors **

     35  0 *    -386.93310004     4.48e-11      0.33
     35  1      -386.76056229     1.69e-10      0.00
    ** throwing out 1 trial vectors **

     36  0 *    -386.93310004     4.48e-11      0.24
     36  1 *    -386.76056229     9.90e-11      0.00

     * ci vector   0, <S^2> = 0.0000, E =     -386.93310004
       222222......    -0.8993473798
       2222.22.....     0.0818277656
       22222..2....     0.0760493658
       .22222.....2     0.0642239210
       22222.2.....     0.0624714082
       2222bbaa....    -0.0611651273
       2222aabb....    -0.0611651273
       222.22.2....     0.0576251644
       2222abab....    -0.0537751590
       2222baba....    -0.0537751590
       22222...2...     0.0508297548

     * ci vector   1, <S^2> = -0.0000, E =     -386.76056229
       22222ba.....    -0.4493857532
       22222ab.....    -0.4493857532
       2222b2.a....    -0.3688383744
       2222a2.b....    -0.3688383744
       2222a2b.....    -0.1163454803
       2222b2a.....    -0.1163454803
       22222a.b....     0.1109455690
       22222b.a....     0.1109455690
       22b222..a...    -0.0551836681
       22a222..b...    -0.0551836681
       222b22...a..    -0.0545253644
       222a22...b..    -0.0545253644
       22a22bab....    -0.0532523906
       22b22aba....    -0.0532523906
       2222aba..b..     0.0510568781
       2222bab..a..     0.0510568781
       2222abb..a..     0.0508934925
       2222baa..b..     0.0508934925
       22a22bba....    -0.0504064686
       22b22aab....    -0.0504064686
       - FCI and RDMs                             20.20
    * Integral transformation done. Elapsed time: 0.08

       - jop, kop                                  0.00
       - denom                                     0.02
     guess   0:   closed 111111......         open ............        
     guess   1:   closed 11111.......         open .....11.....        

  === FCI iteration ===

      0  0      -386.79291763     3.74e-04      0.59
      0  1      -386.54782527     4.00e-04      0.00

      1  0      -386.90510337     1.88e-04      0.60
      1  1      -386.68070130     2.47e-04      0.00

      2  0      -386.92728312     9.56e-05      0.60
      2  1      -386.72741642     1.60e-04      0.00

      3  0      -386.93204980     4.46e-05      0.60
      3  1      -386.74686338     1.10e-04      0.00

      4  0      -386.93290221     2.04e-05      0.61
      4  1      -386.75516810     7.06e-05      0.00

      5  0      -386.93306956     9.35e-06      0.60
      5  1      -386.75835499     4.54e-05      0.00

      6  0      -386.93310238     4.23e-06      0.61
      6  1      -386.75963204     2.96e-05      0.00

      7  0      -386.93310912     1.96e-06      0.61
      7  1      -386.76016140     1.99e-05      0.00

      8  0      -386.93311061     1.01e-06      0.61
      8  1      -386.76041359     1.45e-05      0.00

      9  0      -386.93311103     5.31e-07      0.61
      9  1      -386.76054139     1.09e-05      0.00

     10  0      -386.93311114     2.59e-07      0.61
     10  1      -386.76060995     7.46e-06      0.00

     11  0      -386.93311117     1.21e-07      0.62
     11  1      -386.76063986     4.79e-06      0.00

     12  0      -386.93311118     5.60e-08      0.61
     12  1      -386.76065286     3.15e-06      0.00

     13  0      -386.93311118     2.62e-08      0.62
     13  1      -386.76065843     2.05e-06      0.00

     14  0      -386.93311118     1.19e-08      0.63
     14  1      -386.76066080     1.36e-06      0.00

     15  0      -386.93311118     5.54e-09      0.62
     15  1      -386.76066191     9.88e-07      0.00

     16  0      -386.93311118     2.51e-09      0.63
     16  1      -386.76066258     8.23e-07      0.00

     17  0      -386.93311118     1.10e-09      0.62
     17  1      -386.76066310     7.59e-07      0.00

     18  0      -386.93311118     4.98e-10      0.61
     18  1      -386.76066355     6.94e-07      0.00

     19  0      -386.93311118     2.35e-10      0.65
     19  1      -386.76066386     5.36e-07      0.00
    ** throwing out 2 trial vectors **

     20  0      -386.93311118     1.11e-10      0.66
     20  1      -386.76066403     3.59e-07      0.00
    ** throwing out 2 trial vectors **

     21  0 *    -386.93311118     4.86e-11      0.54
     21  1      -386.76066410     2.34e-07      0.00
    ** throwing out 1 trial vectors **

     22  0 *    -386.93311118     4.71e-11      0.33
     22  1      -386.76066413     1.52e-07      0.00
    ** throwing out 1 trial vectors **

     23  0 *    -386.93311118     4.69e-11      0.33
     23  1      -386.76066415     9.68e-08      0.00
    ** throwing out 1 trial vectors **

     24  0 *    -386.93311118     4.69e-11      0.33
     24  1      -386.76066415     6.19e-08      0.00
    ** throwing out 1 trial vectors **

     25  0 *    -386.93311118     4.69e-11      0.33
     25  1      -386.76066415     3.97e-08      0.00
    ** throwing out 1 trial vectors **

     26  0 *    -386.93311118     4.69e-11      0.33
     26  1      -386.76066415     2.43e-08      0.00
    ** throwing out 1 trial vectors **

     27  0 *    -386.93311118     4.70e-11      0.33
     27  1      -386.76066415     1.43e-08      0.00
    ** throwing out 1 trial vectors **

     28  0 *    -386.93311118     4.70e-11      0.33
     28  1      -386.76066415     8.36e-09      0.00
    ** throwing out 1 trial vectors **

     29  0 *    -386.93311118     4.69e-11      0.33
     29  1      -386.76066415     4.86e-09      0.00
    ** throwing out 1 trial vectors **

     30  0 *    -386.93311118     4.67e-11      0.33
     30  1      -386.76066415     2.84e-09      0.00
    ** throwing out 1 trial vectors **

     31  0 *    -386.93311118     4.67e-11      0.34
     31  1      -386.76066415     1.66e-09      0.00
    ** throwing out 1 trial vectors **

     32  0 *    -386.93311118     4.67e-11      0.34
     32  1      -386.76066415     9.66e-10      0.00
    ** throwing out 1 trial vectors **

     33  0 *    -386.93311118     4.67e-11      0.34
     33  1      -386.76066415     5.54e-10      0.00
    ** throwing out 1 trial vectors **

     34  0 *    -386.93311118     4.67e-11      0.34
     34  1      -386.76066415     3.20e-10      0.00
    ** throwing out 1 trial vectors **

     35  0 *    -386.93311118     4.66e-11      0.34
     35  1      -386.76066415     1.87e-10      0.00
    ** throwing out 1 trial vectors **

     36  0 *    -386.93311118     4.66e-11      0.34
     36  1      -386.76066415     1.15e-10      0.00
    ** throwing out 1 trial vectors **

     37  0 *    -386.93311118     4.67e-11      0.24
     37  1 *    -386.76066415     7.20e-11      0.00

     * ci vector   0, <S^2> = -0.0000, E =     -386.93311118
       222222......     0.8992881921
       2222.22.....    -0.0830477453
       22222..2....    -0.0757669361
       .22222.....2    -0.0642204197
       22222.2.....    -0.0626019583
       2222bbaa....     0.0612566612
       2222aabb....     0.0612566612
       222.22.2....    -0.0577685980
       2222abab....     0.0541819972
       2222baba....     0.0541819972
       22222...2...    -0.0510734501

     * ci vector   1, <S^2> = 0.0000, E =     -386.76066415
       22222ba.....    -0.4530006352
       22222ab.....    -0.4530006352
       2222a2.b....    -0.3682447028
       2222b2.a....    -0.3682447028
       2222a2b.....    -0.1081704191
       2222b2a.....    -0.1081704190
       22222a.b....     0.1054328516
       22222b.a....     0.1054328515
       22a22bab....     0.0552664451
       22b22aba....     0.0552664451
       22b222..a...     0.0547012629
       22a222..b...     0.0547012629
       222b22...a..    -0.0538931941
       222a22...b..    -0.0538931941
       22a22bba....     0.0527529981
       22b22aab....     0.0527529981
       22b2a22.....     0.0513799232
       22a2b22.....     0.0513799232
       - FCI and RDMs                             20.29
    * Integral transformation done. Elapsed time: 0.08

       - jop, kop                                  0.00
       - denom                                     0.02
     guess   0:   closed 111111......         open ............        
     guess   1:   closed 11111.......         open .....11.....        

  === FCI iteration ===

      0  0      -386.79291023     3.74e-04      0.60
      0  1      -386.54794714     4.01e-04      0.00

      1  0      -386.90510074     1.88e-04      0.61
      1  1      -386.68098972     2.47e-04      0.00

      2  0      -386.92728192     9.56e-05      0.61
      2  1      -386.72772766     1.60e-04      0.00

      3  0      -386.93205339     4.46e-05      0.61
      3  1      -386.74705397     1.09e-04      0.00

      4  0      -386.93290630     2.04e-05      0.61
      4  1      -386.75525572     7.01e-05      0.00

      5  0      -386.93307334     9.36e-06      0.61
      5  1      -386.75839089     4.50e-05      0.00

      6  0      -386.93310623     4.23e-06      0.61
      6  1      -386.75964618     2.93e-05      0.00

      7  0      -386.93311299     1.97e-06      0.61
      7  1      -386.76016534     1.97e-05      0.00

      8  0      -386.93311449     1.02e-06      0.61
      8  1      -386.76041287     1.43e-05      0.00

      9  0      -386.93311491     5.34e-07      0.62
      9  1      -386.76053854     1.08e-05      0.00

     10  0      -386.93311503     2.62e-07      0.62
     10  1      -386.76060645     7.44e-06      0.00

     11  0      -386.93311506     1.22e-07      0.62
     11  1      -386.76063653     4.82e-06      0.00

     12  0      -386.93311506     5.67e-08      0.62
     12  1      -386.76064995     3.23e-06      0.00

     13  0      -386.93311506     2.65e-08      0.62
     13  1      -386.76065600     2.17e-06      0.00

     14  0      -386.93311506     1.21e-08      0.62
     14  1      -386.76065880     1.51e-06      0.00

     15  0      -386.93311506     5.60e-09      0.62
     15  1      -386.76066027     1.17e-06      0.00

     16  0      -386.93311506     2.54e-09      0.63
     16  1      -386.76066126     1.02e-06      0.00

     17  0      -386.93311506     1.11e-09      0.63
     17  1      -386.76066205     9.42e-07      0.00

     18  0      -386.93311506     5.00e-10      0.63
     18  1      -386.76066271     8.15e-07      0.00

     19  0      -386.93311506     2.34e-10      0.63
     19  1      -386.76066311     5.90e-07      0.00
    ** throwing out 2 trial vectors **

     20  0      -386.93311506     1.11e-10      0.63
     20  1      -386.76066330     3.77e-07      0.00
    ** throwing out 2 trial vectors **

     21  0 *    -386.93311506     4.89e-11      0.53
     21  1      -386.76066338     2.40e-07      0.00
    ** throwing out 1 trial vectors **

     22  0 *    -386.93311506     4.78e-11      0.33
     22  1      -386.76066341     1.54e-07      0.00
    ** throwing out 1 trial vectors **

     23  0 *    -386.93311506     4.76e-11      0.35
     23  1      -386.76066343     9.71e-08      0.00
    ** throwing out 1 trial vectors **

     24  0 *    -386.93311506     4.76e-11      0.35
     24  1      -386.76066343     6.19e-08      0.00
    ** throwing out 1 trial vectors **

     25  0 *    -386.93311506     4.77e-11      0.35
     25  1      -386.76066344     3.97e-08      0.00
    ** throwing out 1 trial vectors **

     26  0 *    -386.93311506     4.77e-11      0.35
     26  1      -386.76066344     2.42e-08      0.00
    ** throwing out 1 trial vectors **

     27  0 *    -386.93311506     4.77e-11      0.34
     27  1      -386.76066344     1.43e-08      0.00
    ** throwing out 1 trial vectors **

     28  0 *    -386.93311506     4.77e-11      0.33
     28  1      -386.76066344     8.33e-09      0.00
    ** throwing out 1 trial vectors **

     29  0 *    -386.93311506     4.76e-11      0.33
     29  1      -386.76066344     4.81e-09      0.00
    ** throwing out 1 trial vectors **

     30  0 *    -386.93311506     4.74e-11      0.34
     30  1      -386.76066344     2.79e-09      0.00
    ** throwing out 1 trial vectors **

     31  0 *    -386.93311506     4.74e-11      0.34
     31  1      -386.76066344     1.63e-09      0.00
    ** throwing out 1 trial vectors **

     32  0 *    -386.93311506     4.74e-11      0.34
     32  1      -386.76066344     9.47e-10      0.00
    ** throwing out 1 trial vectors **

     33  0 *    -386.93311506     4.74e-11      0.34
     33  1      -386.76066344     5.47e-10      0.00
    ** throwing out 1 trial vectors **

     34  0 *    -386.93311506     4.74e-11      0.33
     34  1      -386.76066344     3.21e-10      0.00
    ** throwing out 1 trial vectors **

     35  0 *    -386.93311506     4.74e-11      0.33
     35  1      -386.76066344     1.91e-10      0.00
    ** throwing out 1 trial vectors **

     36  0 *    -386.93311506     4.73e-11      0.33
     36  1      -386.76066344     1.19e-10      0.00
    ** throwing out 1 trial vectors **

     37  0 *    -386.93311506     4.73e-11      0.24
     37  1 *    -386.76066344     7.68e-11      0.00

     * ci vector   0, <S^2> = 0.0000, E =     -386.93311506
       222222......     0.8992097565
       2222.22.....    -0.0835958005
       22222..2....    -0.0758440366
       .22222.....2    -0.0642103272
       22222.2.....    -0.0625878239
       2222bbaa....     0.0613113544
       2222aabb....     0.0613113544
       222.22.2....    -0.0580310161
       2222abab....     0.0544300735
       2222baba....     0.0544300735
       22222...2...    -0.0510501755

     * ci vector   1, <S^2> = -0.0000, E =     -386.76066344
       22222ba.....     0.4552626647
       22222ab.....     0.4552626646
       2222a2.b....     0.3684633370
       2222b2.a....     0.3684633370
       2222a2b.....     0.1025464199
       2222b2a.....     0.1025464198
       22222a.b....    -0.1002041368
       22222b.a....    -0.1002041368
       22a22bab....     0.0554008909
       22b22aba....     0.0554008909
       22b222..a...     0.0543669293
       22a222..b...     0.0543669293
       222b22...a..     0.0535132348
       222a22...b..     0.0535132347
       22a22bba....     0.0531835533
       22b22aab....     0.0531835533
       22b2a22.....     0.0521049444
       22a2b22.....     0.0521049444
       - FCI and RDMs                             20.39
    * Integral transformation done. Elapsed time: 0.08

       - jop, kop                                  0.00
       - denom                                     0.02
     guess   0:   closed 111111......         open ............        
     guess   1:   closed 11111.......         open .....11.....        

  === FCI iteration ===

      0  0      -386.79291291     3.74e-04      0.60
      0  1      -386.54802844     4.01e-04      0.00

      1  0      -386.90510276     1.88e-04      0.61
      1  1      -386.68114068     2.47e-04      0.00

      2  0      -386.92728304     9.57e-05      0.61
      2  1      -386.72787716     1.60e-04      0.00

      3  0      -386.93205628     4.46e-05      0.61
      3  1      -386.74714366     1.09e-04      0.00

      4  0      -386.93290929     2.04e-05      0.60
      4  1      -386.75529496     6.99e-05      0.00

      5  0      -386.93307617     9.36e-06      0.61
      5  1      -386.75840556     4.48e-05      0.00

      6  0      -386.93310909     4.23e-06      0.61
      6  1      -386.75965036     2.91e-05      0.00

      7  0      -386.93311585     1.97e-06      0.61
      7  1      -386.76016482     1.96e-05      0.00

      8  0      -386.93311736     1.02e-06      0.61
      8  1      -386.76041027     1.43e-05      0.00

      9  0      -386.93311779     5.36e-07      0.61
      9  1      -386.76053504     1.08e-05      0.00

     10  0      -386.93311790     2.63e-07      0.61
     10  1      -386.76060274     7.44e-06      0.00

     11  0      -386.93311793     1.23e-07      0.62
     11  1      -386.76063296     4.85e-06      0.00

     12  0      -386.93311794     5.70e-08      0.62
     12  1      -386.76064662     3.27e-06      0.00

     13  0      -386.93311794     2.67e-08      0.62
     13  1      -386.76065293     2.23e-06      0.00

     14  0      -386.93311794     1.21e-08      0.62
     14  1      -386.76065596     1.59e-06      0.00

     15  0      -386.93311794     5.62e-09      0.62
     15  1      -386.76065762     1.26e-06      0.00

     16  0      -386.93311794     2.54e-09      0.63
     16  1      -386.76065878     1.11e-06      0.00

     17  0      -386.93311794     1.12e-09      0.63
     17  1      -386.76065972     1.02e-06      0.00

     18  0      -386.93311794     5.00e-10      0.63
     18  1      -386.76066047     8.59e-07      0.00

     19  0      -386.93311794     2.34e-10      0.63
     19  1      -386.76066090     6.07e-07      0.00
    ** throwing out 2 trial vectors **

     20  0      -386.93311794     1.11e-10      0.64
     20  1      -386.76066110     3.82e-07      0.00
    ** throwing out 2 trial vectors **

     21  0 *    -386.93311794     4.90e-11      0.54
     21  1      -386.76066118     2.41e-07      0.00
    ** throwing out 1 trial vectors **

     22  0 *    -386.93311794     4.80e-11      0.35
     22  1      -386.76066122     1.54e-07      0.00
    ** throwing out 1 trial vectors **

     23  0 *    -386.93311794     4.79e-11      0.35
     23  1      -386.76066123     9.71e-08      0.00
    ** throwing out 1 trial vectors **

     24  0 *    -386.93311794     4.79e-11      0.35
     24  1      -386.76066124     6.18e-08      0.00
    ** throwing out 1 trial vectors **

     25  0 *    -386.93311794     4.79e-11      0.35
     25  1      -386.76066124     3.96e-08      0.00
    ** throwing out 1 trial vectors **

     26  0 *    -386.93311794     4.79e-11      0.34
     26  1      -386.76066124     2.42e-08      0.00
    ** throwing out 1 trial vectors **

     27  0 *    -386.93311794     4.79e-11      0.33
     27  1      -386.76066124     1.43e-08      0.00
    ** throwing out 1 trial vectors **

     28  0 *    -386.93311794     4.79e-11      0.33
     28  1      -386.76066124     8.41e-09      0.00
    ** throwing out 1 trial vectors **

     29  0 *    -386.93311794     4.79e-11      0.33
     29  1      -386.76066124     4.88e-09      0.00
    ** throwing out 1 trial vectors **

     30  0 *    -386.93311794     4.76e-11      0.33
     30  1      -386.76066124     2.85e-09      0.00
    ** throwing out 1 trial vectors **

     31  0 *    -386.93311794     4.76e-11      0.34
     31  1      -386.76066124     1.67e-09      0.00
    ** throwing out 1 trial vectors **

     32  0 *    -386.93311794     4.76e-11      0.34
     32  1      -386.76066124     9.75e-10      0.00
    ** throwing out 1 trial vectors **

     33  0 *    -386.93311794     4.76e-11      0.34
     33  1      -386.76066124     5.63e-10      0.00
    ** throwing out 1 trial vectors **

     34  0 *    -386.93311794     4.76e-11      0.33
     34  1      -386.76066124     3.28e-10      0.00
    ** throwing out 1 trial vectors **

     35  0 *    -386.93311794     4.76e-11      0.34
     35  1      -386.76066124     1.95e-10      0.00
    ** throwing out 1 trial vectors **

     36  0 *    -386.93311794     4.76e-11      0.33
     36  1      -386.76066124     1.21e-10      0.00
    ** throwing out 1 trial vectors **

     37  0 *    -386.93311794     4.76e-11      0.24
     37  1 *    -386.76066124     7.73e-11      0.00

     * ci vector   0, <S^2> = 0.0000, E =     -386.93311794
       222222......     0.8991728155
       2222.22.....    -0.0838290753
       22222..2....    -0.0759072959
       .22222.....2    -0.0642059042
       22222.2.....    -0.0625621984
       2222bbaa....     0.0613380332
       2222aabb....     0.0613380332
       222.22.2....    -0.0581166026
       2222baba....     0.0545447232
       2222abab....     0.0545447232
       22222...2...    -0.0509653462

     * ci vector   1, <S^2> = -0.0000, E =     -386.76066124
       22222ab.....     0.4563235317
       22222ba.....     0.4563235317
       2222b2.a....     0.3684996323
       2222a2.b....     0.3684996323
       2222b2a.....     0.0999544867
       2222a2b.....     0.0999544867
       22222b.a....    -0.0977442630
       22222a.b....    -0.0977442630
       22b22aba....     0.0553830148
       22a22bab....     0.0553830148
       22a222..b...     0.0542060578
       22b222..a...     0.0542060578
       222a22...b..     0.0533389517
       222b22...a..     0.0533389517
       22b22aab....     0.0533240993
       22a22bba....     0.0533240993
       22a2b22.....     0.0523964501
       22b2a22.....     0.0523964501
       - FCI and RDMs                             20.38
    * Integral transformation done. Elapsed time: 0.08

       - jop, kop                                  0.00
       - denom                                     0.02
     guess   0:   closed 111111......         open ............        
     guess   1:   closed 11111.......         open .....11.....        

  === FCI iteration ===

      0  0      -386.79291604     3.74e-04      0.60
      0  1      -386.54807616     4.01e-04      0.00

      1  0      -386.90510484     1.88e-04      0.60
      1  1      -386.68121757     2.48e-04      0.00

      2  0      -386.92728413     9.57e-05      0.60
      2  1      -386.72794965     1.60e-04      0.00

      3  0      -386.93205811     4.46e-05      0.61
      3  1      -386.74718643     1.09e-04      0.00

      4  0      -386.93291114     2.04e-05      0.60
      4  1      -386.75531323     6.97e-05      0.00

      5  0      -386.93307794     9.36e-06      0.61
      5  1      -386.75841200     4.47e-05      0.00

      6  0      -386.93311087     4.23e-06      0.61
      6  1      -386.75965171     2.91e-05      0.00

      7  0      -386.93311764     1.97e-06      0.61
      7  1      -386.76016390     1.95e-05      0.00

      8  0      -386.93311915     1.02e-06      0.60
      8  1      -386.76040838     1.42e-05      0.00

      9  0      -386.93311957     5.37e-07      0.60
      9  1      -386.76053275     1.08e-05      0.00

     10  0      -386.93311969     2.63e-07      0.60
     10  1      -386.76060035     7.44e-06      0.00

     11  0      -386.93311972     1.23e-07      0.60
     11  1      -386.76063065     4.86e-06      0.00

     12  0      -386.93311972     5.71e-08      0.63
     12  1      -386.76064443     3.30e-06      0.00

     13  0      -386.93311973     2.67e-08      0.64
     13  1      -386.76065087     2.27e-06      0.00

     14  0      -386.93311973     1.22e-08      0.64
     14  1      -386.76065402     1.63e-06      0.00

     15  0      -386.93311973     5.62e-09      0.65
     15  1      -386.76065578     1.31e-06      0.00

     16  0      -386.93311973     2.55e-09      0.65
     16  1      -386.76065703     1.15e-06      0.00

     17  0      -386.93311973     1.12e-09      0.65
     17  1      -386.76065803     1.05e-06      0.00

     18  0      -386.93311973     5.01e-10      0.65
     18  1      -386.76065882     8.78e-07      0.00

     19  0      -386.93311973     2.34e-10      0.65
     19  1      -386.76065927     6.14e-07      0.00
    ** throwing out 2 trial vectors **

     20  0      -386.93311973     1.11e-10      0.68
     20  1      -386.76065948     3.84e-07      0.00
    ** throwing out 2 trial vectors **

     21  0 *    -386.93311973     4.90e-11      0.57
     21  1      -386.76065956     2.42e-07      0.00
    ** throwing out 1 trial vectors **

     22  0 *    -386.93311973     4.81e-11      0.35
     22  1      -386.76065959     1.54e-07      0.00
    ** throwing out 1 trial vectors **

     23  0 *    -386.93311973     4.80e-11      0.33
     23  1      -386.76065961     9.71e-08      0.00
    ** throwing out 1 trial vectors **

     24  0 *    -386.93311973     4.80e-11      0.33
     24  1      -386.76065961     6.17e-08      0.00
    ** throwing out 1 trial vectors **

     25  0 *    -386.93311973     4.80e-11      0.33
     25  1      -386.76065961     3.96e-08      0.00
    ** throwing out 1 trial vectors **

     26  0 *    -386.93311973     4.80e-11      0.33
     26  1      -386.76065961     2.42e-08      0.00
    ** throwing out 1 trial vectors **

     27  0 *    -386.93311973     4.80e-11      0.33
     27  1      -386.76065961     1.43e-08      0.00
    ** throwing out 1 trial vectors **

     28  0 *    -386.93311973     4.80e-11      0.33
     28  1      -386.76065961     8.36e-09      0.00
    ** throwing out 1 trial vectors **

     29  0 *    -386.93311973     4.79e-11      0.33
     29  1      -386.76065961     4.83e-09      0.00
    ** throwing out 1 trial vectors **

     30  0 *    -386.93311973     4.77e-11      0.33
     30  1      -386.76065961     2.80e-09      0.00
    ** throwing out 1 trial vectors **

     31  0 *    -386.93311973     4.77e-11      0.33
     31  1      -386.76065961     1.63e-09      0.00
    ** throwing out 1 trial vectors **

     32  0 *    -386.93311973     4.77e-11      0.33
     32  1      -386.76065961     9.52e-10      0.00
    ** throwing out 1 trial vectors **

     33  0 *    -386.93311973     4.77e-11      0.33
     33  1      -386.76065961     5.51e-10      0.00
    ** throwing out 1 trial vectors **

     34  0 *    -386.93311973     4.76e-11      0.33
     34  1      -386.76065961     3.24e-10      0.00
    ** throwing out 1 trial vectors **

     35  0 *    -386.93311973     4.76e-11      0.34
     35  1      -386.76065961     1.94e-10      0.00
    ** throwing out 1 trial vectors **

     36  0 *    -386.93311973     4.76e-11      0.33
     36  1      -386.76065961     1.23e-10      0.00
    ** throwing out 1 trial vectors **

     37  0 *    -386.93311973     4.76e-11      0.23
     37  1 *    -386.76065961     7.87e-11      0.00

     * ci vector   0, <S^2> = 0.0000, E =     -386.93311973
       222222......     0.8991554344
       2222.22.....    -0.0839282951
       22222..2....    -0.0759473965
       .22222.....2    -0.0642038448
       22222.2.....    -0.0625503441
       2222bbaa....     0.0613508573
       2222aabb....     0.0613508573
       222.22.2....    -0.0581613983
       2222baba....     0.0545982086
       2222abab....     0.0545982086
       22222...2...    -0.0509216397

     * ci vector   1, <S^2> = 0.0000, E =     -386.76065961
       22222ab.....    -0.4568299641
       22222ba.....    -0.4568299641
       2222b2.a....    -0.3684956901
       2222a2.b....    -0.3684956901
       2222b2a.....    -0.0987478670
       2222a2b.....    -0.0987478670
       22222b.a....     0.0965696591
       22222a.b....     0.0965696590
       22b22aba....     0.0553396729
       22a22bab....     0.0553396729
       22a222..b...     0.0541273871
       22b222..a...     0.0541273871
       22b22aab....     0.0533556627
       22a22bba....     0.0533556627
       222a22...b..     0.0532540085
       222b22...a..     0.0532540085
       22a2b22.....     0.0525006111
       22b2a22.....     0.0525006111
       - FCI and RDMs                             20.48
    * Integral transformation done. Elapsed time: 0.08

       - jop, kop                                  0.00
       - denom                                     0.02
     guess   0:   closed 111111......         open ............        
     guess   1:   closed 11111.......         open .....11.....        

  === FCI iteration ===

      0  0      -386.79291814     3.74e-04      0.59
      0  1      -386.54810235     4.01e-04      0.00

      1  0      -386.90510622     1.88e-04      0.60
      1  1      -386.68125657     2.48e-04      0.00

      2  0      -386.92728486     9.57e-05      0.60
      2  1      -386.72798535     1.60e-04      0.00

      3  0      -386.93205916     4.46e-05      0.60
      3  1      -386.74720728     1.09e-04      0.00

      4  0      -386.93291219     2.04e-05      0.60
      4  1      -386.75532204     6.97e-05      0.00

      5  0      -386.93307895     9.36e-06      0.61
      5  1      -386.75841499     4.47e-05      0.00

      6  0      -386.93311189     4.23e-06      0.60
      6  1      -386.75965218     2.91e-05      0.00

      7  0      -386.93311866     1.97e-06      0.61
      7  1      -386.76016325     1.95e-05      0.00

      8  0      -386.93312017     1.02e-06      0.61
      8  1      -386.76040726     1.42e-05      0.00

      9  0      -386.93312059     5.37e-07      0.61
      9  1      -386.76053144     1.08e-05      0.00

     10  0      -386.93312071     2.64e-07      0.61
     10  1      -386.76059899     7.44e-06      0.00

     11  0      -386.93312074     1.23e-07      0.62
     11  1      -386.76062933     4.86e-06      0.00

     12  0      -386.93312075     5.72e-08      0.61
     12  1      -386.76064317     3.31e-06      0.00

     13  0      -386.93312075     2.67e-08      0.62
     13  1      -386.76064968     2.28e-06      0.00

     14  0      -386.93312075     1.22e-08      0.62
     14  1      -386.76065288     1.65e-06      0.00

     15  0      -386.93312075     5.63e-09      0.62
     15  1      -386.76065470     1.33e-06      0.00

     16  0      -386.93312075     2.55e-09      0.64
     16  1      -386.76065599     1.17e-06      0.00

     17  0      -386.93312075     1.12e-09      0.65
     17  1      -386.76065703     1.07e-06      0.00

     18  0      -386.93312075     5.01e-10      0.63
     18  1      -386.76065783     8.87e-07      0.00

     19  0      -386.93312075     2.34e-10      0.62
     19  1      -386.76065829     6.17e-07      0.00
    ** throwing out 2 trial vectors **

     20  0      -386.93312075     1.11e-10      0.63
     20  1      -386.76065849     3.85e-07      0.00
    ** throwing out 2 trial vectors **

     21  0 *    -386.93312075     4.91e-11      0.54
     21  1      -386.76065858     2.42e-07      0.00
    ** throwing out 1 trial vectors **

     22  0 *    -386.93312075     4.81e-11      0.33
     22  1      -386.76065861     1.55e-07      0.00
    ** throwing out 1 trial vectors **

     23  0 *    -386.93312075     4.80e-11      0.33
     23  1      -386.76065862     9.71e-08      0.00
    ** throwing out 1 trial vectors **

     24  0 *    -386.93312075     4.80e-11      0.34
     24  1      -386.76065863     6.17e-08      0.00
    ** throwing out 1 trial vectors **

     25  0 *    -386.93312075     4.81e-11      0.34
     25  1      -386.76065863     3.96e-08      0.00
    ** throwing out 1 trial vectors **

     26  0 *    -386.93312075     4.81e-11      0.34
     26  1      -386.76065863     2.41e-08      0.00
    ** throwing out 1 trial vectors **

     27  0 *    -386.93312075     4.81e-11      0.33
     27  1      -386.76065863     1.42e-08      0.00
    ** throwing out 1 trial vectors **

     28  0 *    -386.93312075     4.81e-11      0.33
     28  1      -386.76065863     8.29e-09      0.00
    ** throwing out 1 trial vectors **

     29  0 *    -386.93312075     4.80e-11      0.33
     29  1      -386.76065863     4.79e-09      0.00
    ** throwing out 1 trial vectors **

     30  0 *    -386.93312075     4.77e-11      0.33
     30  1      -386.76065863     2.76e-09      0.00
    ** throwing out 1 trial vectors **

     31  0 *    -386.93312075     4.77e-11      0.34
     31  1      -386.76065863     1.61e-09      0.00
    ** throwing out 1 trial vectors **

     32  0 *    -386.93312075     4.77e-11      0.33
     32  1      -386.76065863     9.42e-10      0.00
    ** throwing out 1 trial vectors **

     33  0 *    -386.93312075     4.77e-11      0.33
     33  1      -386.76065863     5.46e-10      0.00
    ** throwing out 1 trial vectors **

     34  0 *    -386.93312075     4.77e-11      0.34
     34  1      -386.76065863     3.21e-10      0.00
    ** throwing out 1 trial vectors **

     35  0 *    -386.93312075     4.77e-11      0.33
     35  1      -386.76065863     1.92e-10      0.00
    ** throwing out 1 trial vectors **

     36  0 *    -386.93312075     4.76e-11      0.33
     36  1      -386.76065863     1.21e-10      0.00
    ** throwing out 1 trial vectors **

     37  0 *    -386.93312075     4.76e-11      0.24
     37  1 *    -386.76065863     7.75e-11      0.00

     * ci vector   0, <S^2> = 0.0000, E =     -386.93312075
       222222......     0.8991471011
       2222.22.....    -0.0839714252
       22222..2....    -0.0759707970
       .22222.....2    -0.0642028488
       22222.2.....    -0.0625451453
       2222aabb....     0.0613570355
       2222bbaa....     0.0613570355
       222.22.2....    -0.0581855836
       2222abab....     0.0546237159
       2222baba....     0.0546237159
       22222...2...    -0.0509012082

     * ci vector   1, <S^2> = -0.0000, E =     -386.76065863
       22222ba.....    -0.4570765097
       22222ab.....    -0.4570765097
       2222a2.b....    -0.3684877494
       2222b2.a....    -0.3684877494
       2222a2b.....    -0.0981726505
       2222b2a.....    -0.0981726505
       22222a.b....     0.0959965886
       22222b.a....     0.0959965886
       22a22bab....    -0.0553047165
       22b22aba....    -0.0553047165
       22b222..a...    -0.0540883643
       22a222..b...    -0.0540883643
       22a22bba....    -0.0533562896
       22b22aab....    -0.0533562896
       222b22...a..    -0.0532118735
       222a22...b..    -0.0532118735
       22b2a22.....    -0.0525364345
       22a2b22.....    -0.0525364345
       - FCI and RDMs                             20.25
    * Integral transformation done. Elapsed time: 0.08

       - jop, kop                                  0.00
       - denom                                     0.02
     guess   0:   closed 111111......         open ............        
     guess   1:   closed 11111.......         open .....11.....        

  === FCI iteration ===

      0  0      -386.79291935     3.74e-04      0.60
      0  1      -386.54811626     4.01e-04      0.00

      1  0      -386.90510703     1.88e-04      0.60
      1  1      -386.68127634     2.48e-04      0.00

      2  0      -386.92728529     9.57e-05      0.60
      2  1      -386.72800310     1.60e-04      0.00

      3  0      -386.93205973     4.46e-05      0.61
      3  1      -386.74721758     1.09e-04      0.00

      4  0      -386.93291276     2.04e-05      0.61
      4  1      -386.75532636     6.97e-05      0.00

      5  0      -386.93307950     9.36e-06      0.61
      5  1      -386.75841643     4.46e-05      0.00

      6  0      -386.93311244     4.23e-06      0.61
      6  1      -386.75965236     2.90e-05      0.00

      7  0      -386.93311921     1.97e-06      0.60
      7  1      -386.76016287     1.95e-05      0.00

      8  0      -386.93312073     1.02e-06      0.63
      8  1      -386.76040665     1.42e-05      0.00

      9  0      -386.93312115     5.37e-07      0.64
      9  1      -386.76053073     1.08e-05      0.00

     10  0      -386.93312127     2.64e-07      0.64
     10  1      -386.76059826     7.44e-06      0.00

     11  0      -386.93312130     1.23e-07      0.62
     11  1      -386.76062861     4.86e-06      0.00

     12  0      -386.93312130     5.72e-08      0.62
     12  1      -386.76064249     3.31e-06      0.00

     13  0      -386.93312130     2.68e-08      0.62
     13  1      -386.76064902     2.29e-06      0.00

     14  0      -386.93312130     1.22e-08      0.62
     14  1      -386.76065226     1.66e-06      0.00

     15  0      -386.93312130     5.63e-09      0.63
     15  1      -386.76065410     1.34e-06      0.00

     16  0      -386.93312130     2.55e-09      0.63
     16  1      -386.76065541     1.18e-06      0.00

     17  0      -386.93312130     1.12e-09      0.63
     17  1      -386.76065647     1.07e-06      0.00

     18  0      -386.93312130     5.01e-10      0.63
     18  1      -386.76065728     8.91e-07      0.00

     19  0      -386.93312130     2.34e-10      0.63
     19  1      -386.76065774     6.19e-07      0.00
    ** throwing out 2 trial vectors **

     20  0      -386.93312130     1.11e-10      0.63
     20  1      -386.76065795     3.85e-07      0.00
    ** throwing out 2 trial vectors **

     21  0 *    -386.93312130     4.91e-11      0.54
     21  1      -386.76065803     2.42e-07      0.00
    ** throwing out 1 trial vectors **

     22  0 *    -386.93312130     4.81e-11      0.33
     22  1      -386.76065806     1.55e-07      0.00
    ** throwing out 1 trial vectors **

     23  0 *    -386.93312130     4.80e-11      0.33
     23  1      -386.76065808     9.71e-08      0.00
    ** throwing out 1 trial vectors **

     24  0 *    -386.93312130     4.81e-11      0.33
     24  1      -386.76065808     6.17e-08      0.00
    ** throwing out 1 trial vectors **

     25  0 *    -386.93312130     4.81e-11      0.33
     25  1      -386.76065809     3.96e-08      0.00
    ** throwing out 1 trial vectors **

     26  0 *    -386.93312130     4.81e-11      0.33
     26  1      -386.76065809     2.41e-08      0.00
    ** throwing out 1 trial vectors **

     27  0 *    -386.93312130     4.81e-11      0.33
     27  1      -386.76065809     1.42e-08      0.00
    ** throwing out 1 trial vectors **

     28  0 *    -386.93312130     4.81e-11      0.34
     28  1      -386.76065809     8.29e-09      0.00
    ** throwing out 1 trial vectors **

     29  0 *    -386.93312130     4.80e-11      0.34
     29  1      -386.76065809     4.78e-09      0.00
    ** throwing out 1 trial vectors **

     30  0 *    -386.93312130     4.78e-11      0.34
     30  1      -386.76065809     2.76e-09      0.00
    ** throwing out 1 trial vectors **

     31  0 *    -386.93312130     4.78e-11      0.33
     31  1      -386.76065809     1.61e-09      0.00
    ** throwing out 1 trial vectors **

     32  0 *    -386.93312130     4.78e-11      0.33
     32  1      -386.76065809     9.42e-10      0.00
    ** throwing out 1 trial vectors **

     33  0 *    -386.93312130     4.78e-11      0.33
     33  1      -386.76065809     5.46e-10      0.00
    ** throwing out 1 trial vectors **

     34  0 *    -386.93312130     4.77e-11      0.33
     34  1      -386.76065809     3.21e-10      0.00
    ** throwing out 1 trial vectors **

     35  0 *    -386.93312130     4.77e-11      0.33
     35  1      -386.76065809     1.92e-10      0.00
    ** throwing out 1 trial vectors **

     36  0 *    -386.93312130     4.76e-11      0.33
     36  1      -386.76065809     1.21e-10      0.00
    ** throwing out 1 trial vectors **

     37  0 *    -386.93312130     4.76e-11      0.24
     37  1 *    -386.76065809     7.76e-11      0.00

     * ci vector   0, <S^2> = 0.0000, E =     -386.93312130
       222222......    -0.8991430546
       2222.22.....     0.0839906626
       22222..2....     0.0759837548
       .22222.....2     0.0642023593
       22222.2.....     0.0625428662
       2222aabb....     0.0613600335
       2222bbaa....     0.0613600335
       222.22.2....     0.0581984681
       2222abab....     0.0546360805
       2222baba....     0.0546360805
       22222...2...     0.0508916855

     * ci vector   1, <S^2> = 0.0000, E =     -386.76065809
       22222ab.....     0.4571980141
       22222ba.....     0.4571980140
       2222b2.a....    -0.3684821288
       2222a2.b....    -0.3684821288
       2222b2a.....     0.0978935918
       2222a2b.....     0.0978935917
       22222b.a....     0.0957133907
       22222a.b....     0.0957133906
       22b22aba....    -0.0552822886
       22a22bab....    -0.0552822886
       22a222..b...     0.0540688740
       22b222..a...     0.0540688740
       22b22aab....    -0.0533509837
       22a22bba....    -0.0533509837
       222a22...b..     0.0531908361
       222b22...a..     0.0531908360
       22a2b22.....     0.0525483878
       22b2a22.....     0.0525483878
       - FCI and RDMs                             20.34
    * Integral transformation done. Elapsed time: 0.08

       - jop, kop                                  0.00
       - denom                                     0.02
     guess   0:   closed 111111......         open ............        
     guess   1:   closed 11111.......         open .....11.....        

  === FCI iteration ===

      0  0      -386.79292002     3.74e-04      0.60
      0  1      -386.54812352     4.01e-04      0.00

      1  0      -386.90510748     1.88e-04      0.60
      1  1      -386.68128634     2.48e-04      0.00

      2  0      -386.92728553     9.57e-05      0.60
      2  1      -386.72801196     1.60e-04      0.00

      3  0      -386.93206003     4.46e-05      0.60
      3  1      -386.74722271     1.09e-04      0.00

      4  0      -386.93291306     2.04e-05      0.61
      4  1      -386.75532851     6.96e-05      0.00

      5  0      -386.93307979     9.36e-06      0.61
      5  1      -386.75841714     4.46e-05      0.00

      6  0      -386.93311274     4.23e-06      0.61
      6  1      -386.75965243     2.90e-05      0.00

      7  0      -386.93311951     1.97e-06      0.61
      7  1      -386.76016266     1.95e-05      0.00

      8  0      -386.93312102     1.02e-06      0.62
      8  1      -386.76040633     1.42e-05      0.00

      9  0      -386.93312144     5.38e-07      0.61
      9  1      -386.76053036     1.08e-05      0.00

     10  0      -386.93312156     2.64e-07      0.61
     10  1      -386.76059788     7.44e-06      0.00

     11  0      -386.93312159     1.23e-07      0.62
     11  1      -386.76062824     4.87e-06      0.00

     12  0      -386.93312160     5.72e-08      0.62
     12  1      -386.76064213     3.31e-06      0.00

     13  0      -386.93312160     2.68e-08      0.61
     13  1      -386.76064868     2.29e-06      0.00

     14  0      -386.93312160     1.22e-08      0.62
     14  1      -386.76065193     1.67e-06      0.00

     15  0      -386.93312160     5.63e-09      0.62
     15  1      -386.76065379     1.34e-06      0.00

     16  0      -386.93312160     2.55e-09      0.63
     16  1      -386.76065510     1.19e-06      0.00

     17  0      -386.93312160     1.12e-09      0.63
     17  1      -386.76065617     1.08e-06      0.00

     18  0      -386.93312160     5.01e-10      0.63
     18  1      -386.76065699     8.93e-07      0.00

     19  0      -386.93312160     2.34e-10      0.63
     19  1      -386.76065745     6.19e-07      0.00
    ** throwing out 2 trial vectors **

     20  0      -386.93312160     1.11e-10      0.64
     20  1      -386.76065766     3.85e-07      0.00
    ** throwing out 2 trial vectors **

     21  0 *    -386.93312160     4.91e-11      0.55
     21  1      -386.76065774     2.42e-07      0.00
    ** throwing out 1 trial vectors **

     22  0 *    -386.93312160     4.82e-11      0.33
     22  1      -386.76065777     1.55e-07      0.00
    ** throwing out 1 trial vectors **

     23  0 *    -386.93312160     4.80e-11      0.33
     23  1      -386.76065779     9.71e-08      0.00
    ** throwing out 1 trial vectors **

     24  0 *    -386.93312160     4.81e-11      0.34
     24  1      -386.76065779     6.17e-08      0.00
    ** throwing out 1 trial vectors **

     25  0 *    -386.93312160     4.81e-11      0.34
     25  1      -386.76065779     3.96e-08      0.00
    ** throwing out 1 trial vectors **

     26  0 *    -386.93312160     4.81e-11      0.34
     26  1      -386.76065780     2.41e-08      0.00
    ** throwing out 1 trial vectors **

     27  0 *    -386.93312160     4.81e-11      0.34
     27  1      -386.76065780     1.42e-08      0.00
    ** throwing out 1 trial vectors **

     28  0 *    -386.93312160     4.81e-11      0.34
     28  1      -386.76065780     8.29e-09      0.00
    ** throwing out 1 trial vectors **

     29  0 *    -386.93312160     4.80e-11      0.34
     29  1      -386.76065780     4.78e-09      0.00
    ** throwing out 1 trial vectors **

     30  0 *    -386.93312160     4.78e-11      0.33
     30  1      -386.76065780     2.76e-09      0.00
    ** throwing out 1 trial vectors **

     31  0 *    -386.93312160     4.78e-11      0.34
     31  1      -386.76065780     1.61e-09      0.00
    ** throwing out 1 trial vectors **

     32  0 *    -386.93312160     4.78e-11      0.34
     32  1      -386.76065780     9.42e-10      0.00
    ** throwing out 1 trial vectors **

     33  0 *    -386.93312160     4.78e-11      0.33
     33  1      -386.76065780     5.46e-10      0.00
    ** throwing out 1 trial vectors **

     34  0 *    -386.93312160     4.77e-11      0.33
     34  1      -386.76065780     3.21e-10      0.00
    ** throwing out 1 trial vectors **

     35  0 *    -386.93312160     4.77e-11      0.34
     35  1      -386.76065780     1.92e-10      0.00
    ** throwing out 1 trial vectors **

     36  0 *    -386.93312160     4.77e-11      0.33
     36  1      -386.76065780     1.21e-10      0.00
    ** throwing out 1 trial vectors **

     37  0 *    -386.93312160     4.76e-11      0.23
     37  1 *    -386.76065780     7.76e-11      0.00

     * ci vector   0, <S^2> = 0.0000, E =     -386.93312160
       222222......    -0.8991410718
       2222.22.....     0.0839994579
       22222..2....     0.0759906968
       .22222.....2     0.0642021168
       22222.2.....     0.0625418571
       2222aabb....     0.0613614997
       2222bbaa....     0.0613614997
       222.22.2....     0.0582052261
       2222abab....     0.0546421415
       2222baba....     0.0546421415
       22222...2...     0.0508871863

     * ci vector   1, <S^2> = 0.0000, E =     -386.76065780
       22222ab.....     0.4572583351
       22222ba.....     0.4572583350
       2222b2.a....    -0.3684788386
       2222a2.b....    -0.3684788386
       2222b2a.....     0.0977566229
       2222a2b.....     0.0977566229
       22222b.a....     0.0955724509
       22222a.b....     0.0955724508
       22b22aba....     0.0552692587
       22a22bab....     0.0552692587
       22a222..b...    -0.0540591052
       22b222..a...    -0.0540591052
       22b22aab....     0.0533462886
       22a22bba....     0.0533462886
       222a22...b..    -0.0531802995
       222b22...a..    -0.0531802995
       22a2b22.....    -0.0525522274
       22b2a22.....    -0.0525522274
       - FCI and RDMs                             20.30
    * Integral transformation done. Elapsed time: 0.08

       - jop, kop                                  0.00
       - denom                                     0.02
     guess   0:   closed 111111......         open ............        
     guess   1:   closed 11111.......         open .....11.....        

  === FCI iteration ===

      0  0      -386.79292037     3.74e-04      0.62
      0  1      -386.54812727     4.01e-04      0.00

      1  0      -386.90510771     1.88e-04      0.63
      1  1      -386.68129139     2.48e-04      0.00

      2  0      -386.92728566     9.57e-05      0.63
      2  1      -386.72801640     1.60e-04      0.00

      3  0      -386.93206018     4.46e-05      0.63
      3  1      -386.74722528     1.09e-04      0.00

      4  0      -386.93291322     2.04e-05      0.63
      4  1      -386.75532958     6.96e-05      0.00

      5  0      -386.93307995     9.36e-06      0.62
      5  1      -386.75841749     4.46e-05      0.00

      6  0      -386.93311289     4.23e-06      0.61
      6  1      -386.75965246     2.90e-05      0.00

      7  0      -386.93311966     1.97e-06      0.61
      7  1      -386.76016255     1.95e-05      0.00

      8  0      -386.93312117     1.02e-06      0.61
      8  1      -386.76040616     1.42e-05      0.00

      9  0      -386.93312160     5.38e-07      0.62
      9  1      -386.76053017     1.08e-05      0.00

     10  0      -386.93312172     2.64e-07      0.62
     10  1      -386.76059768     7.44e-06      0.00

     11  0      -386.93312174     1.23e-07      0.62
     11  1      -386.76062805     4.87e-06      0.00

     12  0      -386.93312175     5.72e-08      0.62
     12  1      -386.76064194     3.32e-06      0.00

     13  0      -386.93312175     2.68e-08      0.62
     13  1      -386.76064850     2.29e-06      0.00

     14  0      -386.93312175     1.22e-08      0.62
     14  1      -386.76065176     1.67e-06      0.00

     15  0      -386.93312175     5.63e-09      0.63
     15  1      -386.76065362     1.35e-06      0.00

     16  0      -386.93312175     2.55e-09      0.62
     16  1      -386.76065495     1.19e-06      0.00

     17  0      -386.93312175     1.12e-09      0.62
     17  1      -386.76065601     1.08e-06      0.00

     18  0      -386.93312175     5.01e-10      0.63
     18  1      -386.76065684     8.94e-07      0.00

     19  0      -386.93312175     2.34e-10      0.63
     19  1      -386.76065730     6.20e-07      0.00
    ** throwing out 2 trial vectors **

     20  0      -386.93312175     1.11e-10      0.63
     20  1      -386.76065750     3.85e-07      0.00
    ** throwing out 2 trial vectors **

     21  0 *    -386.93312175     4.91e-11      0.54
     21  1      -386.76065759     2.42e-07      0.00
    ** throwing out 1 trial vectors **

     22  0 *    -386.93312175     4.82e-11      0.33
     22  1      -386.76065762     1.55e-07      0.00
    ** throwing out 1 trial vectors **

     23  0 *    -386.93312175     4.80e-11      0.33
     23  1      -386.76065763     9.71e-08      0.00
    ** throwing out 1 trial vectors **

     24  0 *    -386.93312175     4.81e-11      0.34
     24  1      -386.76065764     6.17e-08      0.00
    ** throwing out 1 trial vectors **

     25  0 *    -386.93312175     4.81e-11      0.34
     25  1      -386.76065764     3.96e-08      0.00
    ** throwing out 1 trial vectors **

     26  0 *    -386.93312175     4.81e-11      0.34
     26  1      -386.76065764     2.41e-08      0.00
    ** throwing out 1 trial vectors **

     27  0 *    -386.93312175     4.81e-11      0.34
     27  1      -386.76065764     1.42e-08      0.00
    ** throwing out 1 trial vectors **

     28  0 *    -386.93312175     4.81e-11      0.33
     28  1      -386.76065764     8.29e-09      0.00
    ** throwing out 1 trial vectors **

     29  0 *    -386.93312175     4.80e-11      0.33
     29  1      -386.76065764     4.78e-09      0.00
    ** throwing out 1 trial vectors **

     30  0 *    -386.93312175     4.78e-11      0.33
     30  1      -386.76065764     2.76e-09      0.00
    ** throwing out 1 trial vectors **

     31  0 *    -386.93312175     4.78e-11      0.33
     31  1      -386.76065764     1.61e-09      0.00
    ** throwing out 1 trial vectors **

     32  0 *    -386.93312175     4.78e-11      0.33
     32  1      -386.76065764     9.42e-10      0.00
    ** throwing out 1 trial vectors **

     33  0 *    -386.93312175     4.78e-11      0.33
     33  1      -386.76065764     5.46e-10      0.00
    ** throwing out 1 trial vectors **

     34  0 *    -386.93312175     4.77e-11      0.33
     34  1      -386.76065764     3.21e-10      0.00
    ** throwing out 1 trial vectors **

     35  0 *    -386.93312175     4.77e-11      0.33
     35  1      -386.76065764     1.92e-10      0.00
    ** throwing out 1 trial vectors **

     36  0 *    -386.93312175     4.77e-11      0.33
     36  1      -386.76065764     1.21e-10      0.00
    ** throwing out 1 trial vectors **

     37  0 *    -386.93312175     4.77e-11      0.23
     37  1 *    -386.76065764     7.78e-11      0.00

     * ci vector   0, <S^2> = 0.0000, E =     -386.93312175
       222222......     0.8991400935
       2222.22.....    -0.0840035672
       22222..2....    -0.0759943390
       .22222.....2    -0.0642019961
       22222.2.....    -0.0625414042
       2222aabb....    -0.0613622219
       2222bbaa....    -0.0613622219
       222.22.2....    -0.0582087276
       2222abab....    -0.0546451356
       2222baba....    -0.0546451356
       22222...2...    -0.0508850284

     * ci vector   1, <S^2> = 0.0000, E =     -386.76065764
       22222ba.....     0.4572884175
       22222ab.....     0.4572884175
       2222a2.b....    -0.3684770460
       2222b2.a....    -0.3684770460
       2222a2b.....     0.0976888705
       2222b2a.....     0.0976888704
       22222a.b....     0.0955020249
       22222b.a....     0.0955020248
       22a22bab....    -0.0552620789
       22b22aba....    -0.0552620789
       22b222..a...     0.0540541994
       22a222..b...     0.0540541994
       22a22bba....    -0.0533432033
       22b22aab....    -0.0533432033
       222b22...a..     0.0531750127
       222a22...b..     0.0531750127
       22b2a22.....     0.0525533866
       22a2b22.....     0.0525533866
       - FCI and RDMs                             20.45
    * Integral transformation done. Elapsed time: 0.08

       - jop, kop                                  0.00
       - denom                                     0.02
     guess   0:   closed 111111......         open ............        
     guess   1:   closed 11111.......         open .....11.....        

  === FCI iteration ===

      0  0      -386.79292055     3.74e-04      0.60
      0  1      -386.54812918     4.01e-04      0.00

      1  0      -386.90510783     1.88e-04      0.60
      1  1      -386.68129394     2.48e-04      0.00

      2  0      -386.92728572     9.57e-05      0.61
      2  1      -386.72801863     1.60e-04      0.00

      3  0      -386.93206027     4.46e-05      0.61
      3  1      -386.74722656     1.09e-04      0.00

      4  0      -386.93291330     2.04e-05      0.61
      4  1      -386.75533012     6.96e-05      0.00

      5  0      -386.93308002     9.36e-06      0.60
      5  1      -386.75841766     4.46e-05      0.00

      6  0      -386.93311297     4.23e-06      0.61
      6  1      -386.75965247     2.90e-05      0.00

      7  0      -386.93311974     1.97e-06      0.61
      7  1      -386.76016250     1.95e-05      0.00

      8  0      -386.93312125     1.02e-06      0.62
      8  1      -386.76040607     1.42e-05      0.00

      9  0      -386.93312168     5.38e-07      0.61
      9  1      -386.76053007     1.08e-05      0.00

     10  0      -386.93312179     2.64e-07      0.61
     10  1      -386.76059758     7.44e-06      0.00

     11  0      -386.93312182     1.23e-07      0.62
     11  1      -386.76062795     4.87e-06      0.00

     12  0      -386.93312183     5.72e-08      0.62
     12  1      -386.76064184     3.32e-06      0.00

     13  0      -386.93312183     2.68e-08      0.62
     13  1      -386.76064841     2.30e-06      0.00

     14  0      -386.93312183     1.22e-08      0.62
     14  1      -386.76065167     1.67e-06      0.00

     15  0      -386.93312183     5.63e-09      0.63
     15  1      -386.76065354     1.35e-06      0.00

     16  0      -386.93312183     2.55e-09      0.62
     16  1      -386.76065486     1.19e-06      0.00

     17  0      -386.93312183     1.12e-09      0.63
     17  1      -386.76065593     1.08e-06      0.00

     18  0      -386.93312183     5.01e-10      0.63
     18  1      -386.76065676     8.94e-07      0.00

     19  0      -386.93312183     2.34e-10      0.63
     19  1      -386.76065722     6.20e-07      0.00
    ** throwing out 2 trial vectors **

     20  0      -386.93312183     1.11e-10      0.64
     20  1      -386.76065743     3.85e-07      0.00
    ** throwing out 2 trial vectors **

     21  0 *    -386.93312183     4.91e-11      0.54
     21  1      -386.76065751     2.42e-07      0.00
    ** throwing out 1 trial vectors **

     22  0 *    -386.93312183     4.82e-11      0.34
     22  1      -386.76065754     1.55e-07      0.00
    ** throwing out 1 trial vectors **

     23  0 *    -386.93312183     4.81e-11      0.33
     23  1      -386.76065756     9.72e-08      0.00
    ** throwing out 1 trial vectors **

     24  0 *    -386.93312183     4.81e-11      0.33
     24  1      -386.76065756     6.17e-08      0.00
    ** throwing out 1 trial vectors **

     25  0 *    -386.93312183     4.81e-11      0.33
     25  1      -386.76065756     3.96e-08      0.00
    ** throwing out 1 trial vectors **

     26  0 *    -386.93312183     4.81e-11      0.33
     26  1      -386.76065757     2.41e-08      0.00
    ** throwing out 1 trial vectors **

     27  0 *    -386.93312183     4.81e-11      0.33
     27  1      -386.76065757     1.42e-08      0.00
    ** throwing out 1 trial vectors **

     28  0 *    -386.93312183     4.81e-11      0.33
     28  1      -386.76065757     8.29e-09      0.00
    ** throwing out 1 trial vectors **

     29  0 *    -386.93312183     4.80e-11      0.33
     29  1      -386.76065757     4.78e-09      0.00
    ** throwing out 1 trial vectors **

     30  0 *    -386.93312183     4.78e-11      0.33
     30  1      -386.76065757     2.76e-09      0.00
    ** throwing out 1 trial vectors **

     31  0 *    -386.93312183     4.78e-11      0.33
     31  1      -386.76065757     1.61e-09      0.00
    ** throwing out 1 trial vectors **

     32  0 *    -386.93312183     4.78e-11      0.33
     32  1      -386.76065757     9.42e-10      0.00
    ** throwing out 1 trial vectors **

     33  0 *    -386.93312183     4.78e-11      0.33
     33  1      -386.76065757     5.46e-10      0.00
    ** throwing out 1 trial vectors **

     34  0 *    -386.93312183     4.77e-11      0.33
     34  1      -386.76065757     3.21e-10      0.00
    ** throwing out 1 trial vectors **

     35  0 *    -386.93312183     4.77e-11      0.33
     35  1      -386.76065757     1.92e-10      0.00
    ** throwing out 1 trial vectors **

     36  0 *    -386.93312183     4.77e-11      0.33
     36  1      -386.76065757     1.21e-10      0.00
    ** throwing out 1 trial vectors **

     37  0 *    -386.93312183     4.77e-11      0.24
     37  1 *    -386.76065757     7.78e-11      0.00

     * ci vector   0, <S^2> = 0.0000, E =     -386.93312183
       222222......     0.8991396082
       2222.22.....    -0.0840055224
       22222..2....    -0.0759962241
       .22222.....2    -0.0642019359
       22222.2.....    -0.0625411978
       2222bbaa....    -0.0613625797
       2222aabb....    -0.0613625797
       222.22.2....    -0.0582105260
       2222abab....    -0.0546466228
       2222baba....    -0.0546466228
       22222...2...    -0.0508839798

     * ci vector   1, <S^2> = -0.0000, E =     -386.76065757
       22222ab.....     0.4573034629
       22222ba.....     0.4573034629
       2222b2.a....    -0.3684761027
       2222a2.b....    -0.3684761027
       2222b2a.....     0.0976551792
       2222a2b.....     0.0976551791
       22222b.a....     0.0954667488
       22222a.b....     0.0954667488
       22b22aba....    -0.0552582444
       22a22bab....    -0.0552582444
       22a222..b...     0.0540517334
       22b222..a...     0.0540517333
       22b22aab....    -0.0533413942
       22a22bba....    -0.0533413942
       222a22...b..    -0.0531723575
       222b22...a..    -0.0531723575
       22a2b22.....     0.0525536967
       22b2a22.....     0.0525536967
       - FCI and RDMs                             20.38
    * Integral transformation done. Elapsed time: 0.08

       - jop, kop                                  0.00
       - denom                                     0.02
     guess   0:   closed 111111......         open ............        
     guess   1:   closed 11111.......         open .....11.....        

  === FCI iteration ===

      0  0      -386.79292064     3.74e-04      0.62
      0  1      -386.54813016     4.01e-04      0.00

      1  0      -386.90510790     1.88e-04      0.63
      1  1      -386.68129523     2.48e-04      0.00

      2  0      -386.92728575     9.57e-05      0.63
      2  1      -386.72801975     1.60e-04      0.00

      3  0      -386.93206031     4.46e-05      0.63
      3  1      -386.74722721     1.09e-04      0.00

      4  0      -386.93291334     2.04e-05      0.63
      4  1      -386.75533039     6.96e-05      0.00

      5  0      -386.93308006     9.36e-06      0.61
      5  1      -386.75841775     4.46e-05      0.00

      6  0      -386.93311301     4.23e-06      0.61
      6  1      -386.75965248     2.90e-05      0.00

      7  0      -386.93311978     1.97e-06      0.61
      7  1      -386.76016247     1.95e-05      0.00

      8  0      -386.93312129     1.02e-06      0.62
      8  1      -386.76040603     1.42e-05      0.00

      9  0      -386.93312172     5.38e-07      0.62
      9  1      -386.76053002     1.08e-05      0.00

     10  0      -386.93312183     2.64e-07      0.62
     10  1      -386.76059753     7.44e-06      0.00

     11  0      -386.93312186     1.23e-07      0.62
     11  1      -386.76062790     4.87e-06      0.00

     12  0      -386.93312187     5.72e-08      0.62
     12  1      -386.76064180     3.32e-06      0.00

     13  0      -386.93312187     2.68e-08      0.62
     13  1      -386.76064836     2.30e-06      0.00

     14  0      -386.93312187     1.22e-08      0.62
     14  1      -386.76065163     1.67e-06      0.00

     15  0      -386.93312187     5.63e-09      0.62
     15  1      -386.76065349     1.35e-06      0.00

     16  0      -386.93312187     2.55e-09      0.62
     16  1      -386.76065482     1.19e-06      0.00

     17  0      -386.93312187     1.12e-09      0.63
     17  1      -386.76065589     1.08e-06      0.00

     18  0      -386.93312187     5.01e-10      0.62
     18  1      -386.76065672     8.94e-07      0.00

     19  0      -386.93312187     2.34e-10      0.63
     19  1      -386.76065718     6.20e-07      0.00
    ** throwing out 2 trial vectors **

     20  0      -386.93312187     1.11e-10      0.64
     20  1      -386.76065739     3.86e-07      0.00
    ** throwing out 2 trial vectors **

     21  0 *    -386.93312187     4.91e-11      0.54
     21  1      -386.76065747     2.42e-07      0.00
    ** throwing out 1 trial vectors **

     22  0 *    -386.93312187     4.82e-11      0.33
     22  1      -386.76065750     1.55e-07      0.00
    ** throwing out 1 trial vectors **

     23  0 *    -386.93312187     4.81e-11      0.33
     23  1      -386.76065752     9.72e-08      0.00
    ** throwing out 1 trial vectors **

     24  0 *    -386.93312187     4.81e-11      0.34
     24  1      -386.76065752     6.17e-08      0.00
    ** throwing out 1 trial vectors **

     25  0 *    -386.93312187     4.81e-11      0.34
     25  1      -386.76065752     3.96e-08      0.00
    ** throwing out 1 trial vectors **

     26  0 *    -386.93312187     4.81e-11      0.33
     26  1      -386.76065753     2.41e-08      0.00
    ** throwing out 1 trial vectors **

     27  0 *    -386.93312187     4.81e-11      0.33
     27  1      -386.76065753     1.42e-08      0.00
    ** throwing out 1 trial vectors **

     28  0 *    -386.93312187     4.81e-11      0.34
     28  1      -386.76065753     8.29e-09      0.00
    ** throwing out 1 trial vectors **

     29  0 *    -386.93312187     4.80e-11      0.33
     29  1      -386.76065753     4.78e-09      0.00
    ** throwing out 1 trial vectors **

     30  0 *    -386.93312187     4.78e-11      0.33
     30  1      -386.76065753     2.76e-09      0.00
    ** throwing out 1 trial vectors **

     31  0 *    -386.93312187     4.78e-11      0.33
     31  1      -386.76065753     1.61e-09      0.00
    ** throwing out 1 trial vectors **

     32  0 *    -386.93312187     4.78e-11      0.34
     32  1      -386.76065753     9.42e-10      0.00
    ** throwing out 1 trial vectors **

     33  0 *    -386.93312187     4.78e-11      0.34
     33  1      -386.76065753     5.46e-10      0.00
    ** throwing out 1 trial vectors **

     34  0 *    -386.93312187     4.77e-11      0.33
     34  1      -386.76065753     3.21e-10      0.00
    ** throwing out 1 trial vectors **

     35  0 *    -386.93312187     4.77e-11      0.33
     35  1      -386.76065753     1.92e-10      0.00
    ** throwing out 1 trial vectors **

     36  0 *    -386.93312187     4.77e-11      0.33
     36  1      -386.76065753     1.21e-10      0.00
    ** throwing out 1 trial vectors **

     37  0 *    -386.93312187     4.77e-11      0.24
     37  1 *    -386.76065753     7.78e-11      0.00

     * ci vector   0, <S^2> = 0.0000, E =     -386.93312187
       222222......     0.8991393666
       2222.22.....    -0.0840064659
       22222..2....    -0.0759971911
       .22222.....2    -0.0642019058
       22222.2.....    -0.0625411021
       2222bbaa....    -0.0613627577
       2222aabb....    -0.0613627577
       222.22.2....    -0.0582114440
       2222abab....    -0.0546473642
       2222baba....    -0.0546473642
       22222...2...    -0.0508834656

     * ci vector   1, <S^2> = 0.0000, E =     -386.76065753
       22222ab.....     0.4573110017
       22222ba.....     0.4573110016
       2222b2.a....    -0.3684756149
       2222a2.b....    -0.3684756148
       2222b2a.....     0.0976383666
       2222a2b.....     0.0976383666
       22222b.a....     0.0954490533
       22222a.b....     0.0954490532
       22b22aba....    -0.0552562361
       22a22bab....    -0.0552562361
       22a222..b...     0.0540504930
       22b222..a...     0.0540504930
       22b22aab....    -0.0533403926
       22a22bba....    -0.0533403926
       222a22...b..     0.0531710229
       222b22...a..     0.0531710229
       22a2b22.....     0.0525537559
       22b2a22.....     0.0525537559
       - FCI and RDMs                             20.45
    * Integral transformation done. Elapsed time: 0.08

       - jop, kop                                  0.00
       - denom                                     0.02
     guess   0:   closed 111111......         open ............        
     guess   1:   closed 11111.......         open .....11.....        

  === FCI iteration ===

      0  0      -386.79292069     3.74e-04      0.60
      0  1      -386.54813065     4.01e-04      0.00

      1  0      -386.90510793     1.88e-04      0.60
      1  1      -386.68129588     2.48e-04      0.00

      2  0      -386.92728577     9.57e-05      0.61
      2  1      -386.72802031     1.60e-04      0.00

      3  0      -386.93206033     4.46e-05      0.61
      3  1      -386.74722753     1.09e-04      0.00

      4  0      -386.93291336     2.04e-05      0.61
      4  1      -386.75533052     6.96e-05      0.00

      5  0      -386.93308008     9.36e-06      0.61
      5  1      -386.75841779     4.46e-05      0.00

      6  0      -386.93311303     4.23e-06      0.61
      6  1      -386.75965248     2.90e-05      0.00

      7  0      -386.93311980     1.97e-06      0.61
      7  1      -386.76016245     1.95e-05      0.00

      8  0      -386.93312131     1.02e-06      0.61
      8  1      -386.76040601     1.42e-05      0.00

      9  0      -386.93312174     5.38e-07      0.61
      9  1      -386.76053000     1.08e-05      0.00

     10  0      -386.93312185     2.64e-07      0.62
     10  1      -386.76059750     7.44e-06      0.00

     11  0      -386.93312188     1.23e-07      0.62
     11  1      -386.76062787     4.87e-06      0.00

     12  0      -386.93312189     5.72e-08      0.62
     12  1      -386.76064177     3.32e-06      0.00

     13  0      -386.93312189     2.68e-08      0.62
     13  1      -386.76064834     2.30e-06      0.00

     14  0      -386.93312189     1.22e-08      0.62
     14  1      -386.76065161     1.67e-06      0.00

     15  0      -386.93312189     5.63e-09      0.62
     15  1      -386.76065347     1.35e-06      0.00

     16  0      -386.93312189     2.55e-09      0.62
     16  1      -386.76065480     1.19e-06      0.00

     17  0      -386.93312189     1.12e-09      0.62
     17  1      -386.76065587     1.08e-06      0.00

     18  0      -386.93312189     5.01e-10      0.65
     18  1      -386.76065670     8.95e-07      0.00

     19  0      -386.93312189     2.34e-10      0.66
     19  1      -386.76065716     6.20e-07      0.00
    ** throwing out 2 trial vectors **

     20  0      -386.93312189     1.11e-10      0.66
     20  1      -386.76065737     3.86e-07      0.00
    ** throwing out 2 trial vectors **

     21  0 *    -386.93312189     4.91e-11      0.56
     21  1      -386.76065745     2.42e-07      0.00
    ** throwing out 1 trial vectors **

     22  0 *    -386.93312189     4.82e-11      0.35
     22  1      -386.76065748     1.55e-07      0.00
    ** throwing out 1 trial vectors **

     23  0 *    -386.93312189     4.81e-11      0.35
     23  1      -386.76065750     9.72e-08      0.00
    ** throwing out 1 trial vectors **

     24  0 *    -386.93312189     4.81e-11      0.35
     24  1      -386.76065750     6.17e-08      0.00
    ** throwing out 1 trial vectors **

     25  0 *    -386.93312189     4.81e-11      0.35
     25  1      -386.76065750     3.96e-08      0.00
    ** throwing out 1 trial vectors **

     26  0 *    -386.93312189     4.81e-11      0.34
     26  1      -386.76065750     2.41e-08      0.00
    ** throwing out 1 trial vectors **

     27  0 *    -386.93312189     4.81e-11      0.33
     27  1      -386.76065751     1.42e-08      0.00
    ** throwing out 1 trial vectors **

     28  0 *    -386.93312189     4.81e-11      0.34
     28  1      -386.76065751     8.29e-09      0.00
    ** throwing out 1 trial vectors **

     29  0 *    -386.93312189     4.80e-11      0.34
     29  1      -386.76065751     4.78e-09      0.00
    ** throwing out 1 trial vectors **

     30  0 *    -386.93312189     4.78e-11      0.34
     30  1      -386.76065751     2.76e-09      0.00
    ** throwing out 1 trial vectors **

     31  0 *    -386.93312189     4.78e-11      0.34
     31  1      -386.76065751     1.61e-09      0.00
    ** throwing out 1 trial vectors **

     32  0 *    -386.93312189     4.78e-11      0.33
     32  1      -386.76065751     9.42e-10      0.00
    ** throwing out 1 trial vectors **

     33  0 *    -386.93312189     4.78e-11      0.33
     33  1      -386.76065751     5.46e-10      0.00
    ** throwing out 1 trial vectors **

     34  0 *    -386.93312189     4.77e-11      0.33
     34  1      -386.76065751     3.21e-10      0.00
    ** throwing out 1 trial vectors **

     35  0 *    -386.93312189     4.77e-11      0.34
     35  1      -386.76065751     1.92e-10      0.00
    ** throwing out 1 trial vectors **

     36  0 *    -386.93312189     4.77e-11      0.33
     36  1      -386.76065751     1.21e-10      0.00
    ** throwing out 1 trial vectors **

     37  0 *    -386.93312189     4.77e-11      0.24
     37  1 *    -386.76065751     7.78e-11      0.00

     * ci vector   0, <S^2> = 0.0000, E =     -386.93312189
       222222......    -0.8991392459
       2222.22.....     0.0840069264
       22222..2....     0.0759976843
       .22222.....2     0.0642018906
       22222.2.....     0.0625410571
       2222bbaa....     0.0613628465
       2222aabb....     0.0613628465
       222.22.2....     0.0582119107
       2222abab....     0.0546477349
       2222baba....     0.0546477349
       22222...2...     0.0508832114

     * ci vector   1, <S^2> = 0.0000, E =     -386.76065751
       22222ab.....    -0.4573147842
       22222ba.....    -0.4573147842
       2222b2.a....     0.3684753649
       2222a2.b....     0.3684753649
       2222b2a.....    -0.0976299557
       2222a2b.....    -0.0976299556
       22222b.a....    -0.0954401680
       22222a.b....    -0.0954401679
       22b22aba....     0.0552551976
       22a22bab....     0.0552551976
       22a222..b...    -0.0540498691
       22b222..a...    -0.0540498691
       22b22aab....     0.0533398563
       22a22bba....     0.0533398563
       222a22...b..     0.0531703520
       222b22...a..     0.0531703520
       22a2b22.....    -0.0525537514
       22b2a22.....    -0.0525537513
       - FCI and RDMs                             20.46
    * Integral transformation done. Elapsed time: 0.08

       - jop, kop                                  0.00
       - denom                                     0.02
     guess   0:   closed 111111......         open ............        
     guess   1:   closed 11111.......         open .....11.....        

  === FCI iteration ===

      0  0      -386.79292072     3.74e-04      0.60
      0  1      -386.54813090     4.01e-04      0.00

      1  0      -386.90510794     1.88e-04      0.61
      1  1      -386.68129620     2.48e-04      0.00

      2  0      -386.92728578     9.57e-05      0.60
      2  1      -386.72802059     1.60e-04      0.00

      3  0      -386.93206034     4.46e-05      0.60
      3  1      -386.74722769     1.09e-04      0.00

      4  0      -386.93291337     2.04e-05      0.61
      4  1      -386.75533059     6.96e-05      0.00

      5  0      -386.93308009     9.36e-06      0.61
      5  1      -386.75841781     4.46e-05      0.00

      6  0      -386.93311304     4.23e-06      0.61
      6  1      -386.75965248     2.90e-05      0.00

      7  0      -386.93311981     1.97e-06      0.61
      7  1      -386.76016244     1.95e-05      0.00

      8  0      -386.93312132     1.02e-06      0.61
      8  1      -386.76040599     1.42e-05      0.00

      9  0      -386.93312175     5.38e-07      0.61
      9  1      -386.76052998     1.08e-05      0.00

     10  0      -386.93312186     2.64e-07      0.61
     10  1      -386.76059749     7.44e-06      0.00

     11  0      -386.93312189     1.23e-07      0.62
     11  1      -386.76062786     4.87e-06      0.00

     12  0      -386.93312190     5.72e-08      0.62
     12  1      -386.76064176     3.32e-06      0.00

     13  0      -386.93312190     2.68e-08      0.62
     13  1      -386.76064833     2.30e-06      0.00

     14  0      -386.93312190     1.22e-08      0.62
     14  1      -386.76065159     1.67e-06      0.00

     15  0      -386.93312190     5.63e-09      0.62
     15  1      -386.76065346     1.35e-06      0.00

     16  0      -386.93312190     2.55e-09      0.62
     16  1      -386.76065479     1.19e-06      0.00

     17  0      -386.93312190     1.12e-09      0.63
     17  1      -386.76065586     1.08e-06      0.00

     18  0      -386.93312190     5.01e-10      0.62
     18  1      -386.76065669     8.95e-07      0.00

     19  0      -386.93312190     2.34e-10      0.63
     19  1      -386.76065715     6.20e-07      0.00
    ** throwing out 2 trial vectors **

     20  0      -386.93312190     1.11e-10      0.64
     20  1      -386.76065736     3.86e-07      0.00
    ** throwing out 2 trial vectors **

     21  0 *    -386.93312190     4.91e-11      0.54
     21  1      -386.76065744     2.42e-07      0.00
    ** throwing out 1 trial vectors **

     22  0 *    -386.93312190     4.82e-11      0.33
     22  1      -386.76065747     1.55e-07      0.00
    ** throwing out 1 trial vectors **

     23  0 *    -386.93312190     4.81e-11      0.33
     23  1      -386.76065749     9.72e-08      0.00
    ** throwing out 1 trial vectors **

     24  0 *    -386.93312190     4.81e-11      0.34
     24  1      -386.76065749     6.17e-08      0.00
    ** throwing out 1 trial vectors **

     25  0 *    -386.93312190     4.81e-11      0.34
     25  1      -386.76065749     3.96e-08      0.00
    ** throwing out 1 trial vectors **

     26  0 *    -386.93312190     4.81e-11      0.34
     26  1      -386.76065749     2.41e-08      0.00
    ** throwing out 1 trial vectors **

     27  0 *    -386.93312190     4.81e-11      0.34
     27  1      -386.76065749     1.42e-08      0.00
    ** throwing out 1 trial vectors **

     28  0 *    -386.93312190     4.81e-11      0.34
     28  1      -386.76065749     8.29e-09      0.00
    ** throwing out 1 trial vectors **

     29  0 *    -386.93312190     4.80e-11      0.34
     29  1      -386.76065749     4.78e-09      0.00
    ** throwing out 1 trial vectors **

     30  0 *    -386.93312190     4.78e-11      0.34
     30  1      -386.76065749     2.76e-09      0.00
    ** throwing out 1 trial vectors **

     31  0 *    -386.93312190     4.78e-11      0.34
     31  1      -386.76065749     1.61e-09      0.00
    ** throwing out 1 trial vectors **

     32  0 *    -386.93312190     4.78e-11      0.33
     32  1      -386.76065749     9.42e-10      0.00
    ** throwing out 1 trial vectors **

     33  0 *    -386.93312190     4.78e-11      0.34
     33  1      -386.76065749     5.46e-10      0.00
    ** throwing out 1 trial vectors **

     34  0 *    -386.93312190     4.77e-11      0.33
     34  1      -386.76065749     3.21e-10      0.00
    ** throwing out 1 trial vectors **

     35  0 *    -386.93312190     4.77e-11      0.34
     35  1      -386.76065749     1.92e-10      0.00
    ** throwing out 1 trial vectors **

     36  0 *    -386.93312190     4.77e-11      0.34
     36  1      -386.76065749     1.21e-10      0.00
    ** throwing out 1 trial vectors **

     37  0 *    -386.93312190     4.77e-11      0.24
     37  1 *    -386.76065749     7.78e-11      0.00

     * ci vector   0, <S^2> = 0.0000, E =     -386.93312190
       222222......     0.8991391855
       2222.22.....    -0.0840071529
       22222..2....    -0.0759979347
       .22222.....2    -0.0642018831
       22222.2.....    -0.0625410356
       2222bbaa....    -0.0613628910
       2222aabb....    -0.0613628910
       222.22.2....    -0.0582121471
       2222baba....    -0.0546479205
       2222abab....    -0.0546479205
       22222...2...    -0.0508830851

     * ci vector   1, <S^2> = -0.0000, E =     -386.76065749
       22222ba.....     0.4573166838
       22222ab.....     0.4573166837
       2222a2.b....    -0.3684752377
       2222b2.a....    -0.3684752377
       2222a2b.....     0.0976257404
       2222b2a.....     0.0976257403
       22222a.b....     0.0954357034
       22222b.a....     0.0954357034
       22a22bab....    -0.0552546650
       22b22aba....    -0.0552546650
       22b222..a...     0.0540495552
       22a222..b...     0.0540495552
       22a22bba....    -0.0533395749
       22b22aab....    -0.0533395749
       222b22...a..     0.0531700146
       222a22...b..     0.0531700145
       22b2a22.....     0.0525537369
       22a2b22.....     0.0525537369
       - FCI and RDMs                             20.32
